22:29:39 [INFO] Batch: 20 teams, level=njcaa_d1, assoc=njcaa
22:29:39 [INFO] 
[1/20] Albany Technical College
22:29:39 [INFO] Scraping team: Albany Technical College (albanytechnicalcollege)
22:29:52 [INFO] HTTP Request: GET https://njcaastats.prestosports.com/sports/mbkb/2025-26/div1/teams/albanytechnicalcollege?view=roster "HTTP/1.1 200 OK"
22:29:52 [INFO]   Roster: 15 players
22:30:15 [INFO] HTTP Request: GET https://njcaastats.prestosports.com/sports/mbkb/2025-26/div1/teams/albanytechnicalcollege?view=gamelog "HTTP/1.1 200 OK"
22:30:15 [INFO]   Games: 27 with box scores
22:30:27 [INFO] HTTP Request: GET https://njcaastats.prestosports.com/sports/mbkb/2025-26/div1/boxscores/20251031_x5s1.xml "HTTP/1.1 200 OK"
22:30:41 [INFO] HTTP Request: GET https://njcaastats.prestosports.com/sports/mbkb/2025-26/div1/boxscores/20251101_ttd3.xml "HTTP/1.1 200 OK"
22:30:52 [INFO] HTTP Request: GET https://njcaastats.prestosports.com/sports/mbkb/2025-26/div1/boxscores/20251105_4swz.xml "HTTP/1.1 200 OK"
22:31:02 [INFO] HTTP Request: GET https://njcaastats.prestosports.com/sports/mbkb/2025-26/div1/boxscores/20251108_tp0k.xml "HTTP/1.1 200 OK"
22:31:13 [INFO] HTTP Request: GET https://njcaastats.prestosports.com/sports/mbkb/2025-26/div1/boxscores/20251112_np67.xml "HTTP/1.1 200 OK"
22:31:26 [INFO] HTTP Request: GET https://njcaastats.prestosports.com/sports/mbkb/2025-26/div1/boxscores/20251115_g0ca.xml "HTTP/1.1 200 OK"
22:31:37 [INFO] HTTP Request: GET https://njcaastats.prestosports.com/sports/mbkb/2025-26/div1/boxscores/20251121_zyrh.xml "HTTP/1.1 200 OK"
22:31:48 [INFO] HTTP Request: GET https://njcaastats.prestosports.com/sports/mbkb/2025-26/div1/boxscores/20251122_bild.xml "HTTP/1.1 200 OK"
22:32:01 [INFO] HTTP Request: GET https://njcaastats.prestosports.com/sports/mbkb/2025-26/div1/boxscores/20251124_zvnd.xml "HTTP/1.1 200 OK"
22:32:12 [INFO] HTTP Request: GET https://njcaastats.prestosports.com/sports/mbkb/2025-26/div1/boxscores/20251206_9vgh.xml "HTTP/1.1 200 OK"
22:32:25 [INFO] HTTP Request: GET https://njcaastats.prestosports.com/sports/mbkb/2025-26/div1/boxscores/20251208_wioa.xml "HTTP/1.1 200 OK"
22:32:36 [INFO] HTTP Request: GET https://njcaastats.prestosports.com/sports/mbkb/2025-26/div1/boxscores/20251212_qdde.xml "HTTP/1.1 200 OK"
22:32:47 [INFO] HTTP Request: GET https://njcaastats.prestosports.com/sports/mbkb/2025-26/div1/boxscores/20251213_0v4g.xml "HTTP/1.1 200 OK"
22:32:59 [INFO] HTTP Request: GET https://njcaastats.prestosports.com/sports/mbkb/2025-26/div1/boxscores/20251217_eqtc.xml "HTTP/1.1 200 OK"
22:33:13 [INFO] HTTP Request: GET https://njcaastats.prestosports.com/sports/mbkb/2025-26/div1/boxscores/20260107_hxzb.xml "HTTP/1.1 200 OK"
22:33:25 [INFO] HTTP Request: GET https://njcaastats.prestosports.com/sports/mbkb/2025-26/div1/boxscores/20260110_gsqp.xml "HTTP/1.1 200 OK"
22:33:38 [INFO] HTTP Request: GET https://njcaastats.prestosports.com/sports/mbkb/2025-26/div1/boxscores/20260114_2m81.xml "HTTP/1.1 200 OK"
22:33:49 [INFO] HTTP Request: GET https://njcaastats.prestosports.com/sports/mbkb/2025-26/div1/boxscores/20260117_l7a1.xml "HTTP/1.1 200 OK"
22:34:01 [INFO] HTTP Request: GET https://njcaastats.prestosports.com/sports/mbkb/2025-26/div1/boxscores/20260121_2ixs.xml "HTTP/1.1 200 OK"
22:34:14 [INFO] HTTP Request: GET https://njcaastats.prestosports.com/sports/mbkb/2025-26/div1/boxscores/20260128_9f7n.xml "HTTP/1.1 200 OK"
22:34:25 [INFO] HTTP Request: GET https://njcaastats.prestosports.com/sports/mbkb/2025-26/div1/boxscores/20260207_6fxn.xml "HTTP/1.1 200 OK"
22:34:36 [INFO] HTTP Request: GET https://njcaastats.prestosports.com/sports/mbkb/2025-26/div1/boxscores/20260209_9jp5.xml "HTTP/1.1 200 OK"
22:34:48 [INFO] HTTP Request: GET https://njcaastats.prestosports.com/sports/mbkb/2025-26/div1/boxscores/20260211_95xz.xml "HTTP/1.1 200 OK"
22:34:59 [INFO] HTTP Request: GET https://njcaastats.prestosports.com/sports/mbkb/2025-26/div1/boxscores/20260214_j238.xml "HTTP/1.1 200 OK"
22:35:11 [INFO] HTTP Request: GET https://njcaastats.prestosports.com/sports/mbkb/2025-26/div1/boxscores/20260218_54sy.xml "HTTP/1.1 200 OK"
22:35:22 [INFO] HTTP Request: GET https://njcaastats.prestosports.com/sports/mbkb/2025-26/div1/boxscores/20260221_d3sa.xml "HTTP/1.1 200 OK"
22:35:33 [INFO] HTTP Request: GET https://njcaastats.prestosports.com/sports/mbkb/2025-26/div1/boxscores/20260223_4oqg.xml "HTTP/1.1 200 OK"
22:35:33 [INFO]   Loaded: 27 games, 577 player-game-stat rows
22:35:33 [INFO] 
[2/20] Allegany College of Maryland
22:35:33 [INFO] Scraping team: Allegany College of Maryland (alleganycollegeofmaryland)
22:35:58 [INFO] HTTP Request: GET https://njcaastats.prestosports.com/sports/mbkb/2025-26/div1/teams/alleganycollegeofmaryland?view=roster "HTTP/1.1 200 OK"
22:35:58 [INFO]   Roster: 16 players
22:36:25 [INFO] HTTP Request: GET https://njcaastats.prestosports.com/sports/mbkb/2025-26/div1/teams/alleganycollegeofmaryland?view=gamelog "HTTP/1.1 200 OK"
22:36:25 [INFO]   Games: 28 with box scores
22:36:36 [INFO] HTTP Request: GET https://njcaastats.prestosports.com/sports/mbkb/2025-26/div1/boxscores/20251108_dajl.xml "HTTP/1.1 200 OK"
22:36:47 [INFO] HTTP Request: GET https://njcaastats.prestosports.com/sports/mbkb/2025-26/div1/boxscores/20251109_28ly.xml "HTTP/1.1 200 OK"
22:36:58 [INFO] HTTP Request: GET https://njcaastats.prestosports.com/sports/mbkb/2025-26/div1/boxscores/20251115_iojn.xml "HTTP/1.1 200 OK"
22:37:09 [INFO] HTTP Request: GET https://njcaastats.prestosports.com/sports/mbkb/2025-26/div1/boxscores/20251116_qzoe.xml "HTTP/1.1 200 OK"
22:37:20 [INFO] HTTP Request: GET https://njcaastats.prestosports.com/sports/mbkb/2025-26/div1/boxscores/20251118_vwvh.xml "HTTP/1.1 200 OK"
22:37:31 [INFO] HTTP Request: GET https://njcaastats.prestosports.com/sports/mbkb/2025-26/div1/boxscores/20251122_gh84.xml "HTTP/1.1 200 OK"
22:37:42 [INFO] HTTP Request: GET https://njcaastats.prestosports.com/sports/mbkb/2025-26/div1/boxscores/20251129_mfxx.xml "HTTP/1.1 200 OK"
22:37:53 [INFO] HTTP Request: GET https://njcaastats.prestosports.com/sports/mbkb/2025-26/div1/boxscores/20251130_99g3.xml "HTTP/1.1 200 OK"
22:38:06 [INFO] HTTP Request: GET https://njcaastats.prestosports.com/sports/mbkb/2025-26/div1/boxscores/20251203_np0a.xml "HTTP/1.1 200 OK"
22:38:17 [INFO] HTTP Request: GET https://njcaastats.prestosports.com/sports/mbkb/2025-26/div1/boxscores/20251206_egyl.xml "HTTP/1.1 200 OK"
22:38:28 [INFO] HTTP Request: GET https://njcaastats.prestosports.com/sports/mbkb/2025-26/div1/boxscores/20251208_iheb.xml "HTTP/1.1 200 OK"
22:38:39 [INFO] HTTP Request: GET https://njcaastats.prestosports.com/sports/mbkb/2025-26/div1/boxscores/20251210_stmc.xml "HTTP/1.1 200 OK"
22:38:51 [INFO] HTTP Request: GET https://njcaastats.prestosports.com/sports/mbkb/2025-26/div1/boxscores/20260107_9zq0.xml "HTTP/1.1 200 OK"
22:39:02 [INFO] HTTP Request: GET https://njcaastats.prestosports.com/sports/mbkb/2025-26/div1/boxscores/20260110_h3z7.xml "HTTP/1.1 200 OK"
22:39:14 [INFO] HTTP Request: GET https://njcaastats.prestosports.com/sports/mbkb/2025-26/div1/boxscores/20260114_dfe2.xml "HTTP/1.1 200 OK"
22:39:25 [INFO] HTTP Request: GET https://njcaastats.prestosports.com/sports/mbkb/2025-26/div1/boxscores/20260117_c0r6.xml "HTTP/1.1 200 OK"
22:39:36 [INFO] HTTP Request: GET https://njcaastats.prestosports.com/sports/mbkb/2025-26/div1/boxscores/20260119_bm6g.xml "HTTP/1.1 200 OK"
22:39:47 [INFO] HTTP Request: GET https://njcaastats.prestosports.com/sports/mbkb/2025-26/div1/boxscores/20260121_7qkx.xml "HTTP/1.1 200 OK"
22:39:58 [INFO] HTTP Request: GET https://njcaastats.prestosports.com/sports/mbkb/2025-26/div1/boxscores/20260131_j0de.xml "HTTP/1.1 200 OK"
22:40:09 [INFO] HTTP Request: GET https://njcaastats.prestosports.com/sports/mbkb/2025-26/div1/boxscores/20260202_0myv.xml "HTTP/1.1 200 OK"
22:40:20 [INFO] HTTP Request: GET https://njcaastats.prestosports.com/sports/mbkb/2025-26/div1/boxscores/20260204_5o2h.xml "HTTP/1.1 200 OK"
22:40:31 [INFO] HTTP Request: GET https://njcaastats.prestosports.com/sports/mbkb/2025-26/div1/boxscores/20260207_o44h.xml "HTTP/1.1 200 OK"
22:40:42 [INFO] HTTP Request: GET https://njcaastats.prestosports.com/sports/mbkb/2025-26/div1/boxscores/20260211_yuyu.xml "HTTP/1.1 200 OK"
22:40:53 [INFO] HTTP Request: GET https://njcaastats.prestosports.com/sports/mbkb/2025-26/div1/boxscores/20260212_m79t.xml "HTTP/1.1 200 OK"
22:41:04 [INFO] HTTP Request: GET https://njcaastats.prestosports.com/sports/mbkb/2025-26/div1/boxscores/20260216_2gik.xml "HTTP/1.1 200 OK"
22:41:15 [INFO] HTTP Request: GET https://njcaastats.prestosports.com/sports/mbkb/2025-26/div1/boxscores/20260218_9qe1.xml "HTTP/1.1 200 OK"
22:41:26 [INFO] HTTP Request: GET https://njcaastats.prestosports.com/sports/mbkb/2025-26/div1/boxscores/20260221_9593.xml "HTTP/1.1 200 OK"
22:41:37 [INFO] HTTP Request: GET https://njcaastats.prestosports.com/sports/mbkb/2025-26/div1/boxscores/20260223_2n27.xml "HTTP/1.1 200 OK"
22:41:37 [INFO]   Loaded: 28 games, 662 player-game-stat rows
22:41:37 [INFO] 
[3/20] Andrew College
22:41:37 [INFO] Scraping team: Andrew College (andrewcollege)
22:41:57 [INFO] HTTP Request: GET https://njcaastats.prestosports.com/sports/mbkb/2025-26/div1/teams/andrewcollege?view=roster "HTTP/1.1 200 OK"
22:41:58 [INFO]   Roster: 24 players
22:42:17 [INFO] HTTP Request: GET https://njcaastats.prestosports.com/sports/mbkb/2025-26/div1/teams/andrewcollege?view=gamelog "HTTP/1.1 200 OK"
22:42:18 [INFO]   Games: 26 with box scores
22:42:28 [INFO] HTTP Request: GET https://njcaastats.prestosports.com/sports/mbkb/2025-26/div1/boxscores/20251031_o6p5.xml "HTTP/1.1 200 OK"
22:42:40 [INFO] HTTP Request: GET https://njcaastats.prestosports.com/sports/mbkb/2025-26/div1/boxscores/20251101_4y9x.xml "HTTP/1.1 200 OK"
22:42:51 [INFO] HTTP Request: GET https://njcaastats.prestosports.com/sports/mbkb/2025-26/div1/boxscores/20251104_2wly.xml "HTTP/1.1 200 OK"
22:43:02 [INFO] HTTP Request: GET https://njcaastats.prestosports.com/sports/mbkb/2025-26/div1/boxscores/20251107_iqj4.xml "HTTP/1.1 200 OK"
22:43:13 [INFO] HTTP Request: GET https://njcaastats.prestosports.com/sports/mbkb/2025-26/div1/boxscores/20251110_02a3.xml "HTTP/1.1 200 OK"
22:43:24 [INFO] HTTP Request: GET https://njcaastats.prestosports.com/sports/mbkb/2025-26/div1/boxscores/20251112_osuz.xml "HTTP/1.1 200 OK"
22:43:35 [INFO] HTTP Request: GET https://njcaastats.prestosports.com/sports/mbkb/2025-26/div1/boxscores/20251115_n2wi.xml "HTTP/1.1 200 OK"
22:43:46 [INFO] HTTP Request: GET https://njcaastats.prestosports.com/sports/mbkb/2025-26/div1/boxscores/20251118_di4g.xml "HTTP/1.1 200 OK"
22:43:57 [INFO] HTTP Request: GET https://njcaastats.prestosports.com/sports/mbkb/2025-26/div1/boxscores/20251120_iy64.xml "HTTP/1.1 200 OK"
22:44:08 [INFO] HTTP Request: GET https://njcaastats.prestosports.com/sports/mbkb/2025-26/div1/boxscores/20251122_v7uq.xml "HTTP/1.1 200 OK"
22:44:19 [INFO] HTTP Request: GET https://njcaastats.prestosports.com/sports/mbkb/2025-26/div1/boxscores/20251206_bq38.xml "HTTP/1.1 200 OK"
22:44:30 [INFO] HTTP Request: GET https://njcaastats.prestosports.com/sports/mbkb/2025-26/div1/boxscores/20251209_ddv3.xml "HTTP/1.1 200 OK"
22:44:40 [INFO] HTTP Request: GET https://njcaastats.prestosports.com/sports/mbkb/2025-26/div1/boxscores/20251215_l1bc.xml "HTTP/1.1 200 OK"
22:44:51 [INFO] HTTP Request: GET https://njcaastats.prestosports.com/sports/mbkb/2025-26/div1/boxscores/20260107_hxzb.xml "HTTP/1.1 200 OK"
22:45:02 [INFO] HTTP Request: GET https://njcaastats.prestosports.com/sports/mbkb/2025-26/div1/boxscores/20260110_rz97.xml "HTTP/1.1 200 OK"
22:45:13 [INFO] HTTP Request: GET https://njcaastats.prestosports.com/sports/mbkb/2025-26/div1/boxscores/20260112_4mrf.xml "HTTP/1.1 200 OK"
22:45:24 [INFO] HTTP Request: GET https://njcaastats.prestosports.com/sports/mbkb/2025-26/div1/boxscores/20260117_uy4s.xml "HTTP/1.1 200 OK"
22:45:35 [INFO] HTTP Request: GET https://njcaastats.prestosports.com/sports/mbkb/2025-26/div1/boxscores/20260121_h9p7.xml "HTTP/1.1 200 OK"
22:45:46 [INFO] HTTP Request: GET https://njcaastats.prestosports.com/sports/mbkb/2025-26/div1/boxscores/20260124_uucv.xml "HTTP/1.1 200 OK"
22:45:57 [INFO] HTTP Request: GET https://njcaastats.prestosports.com/sports/mbkb/2025-26/div1/boxscores/20260128_vw5z.xml "HTTP/1.1 200 OK"
22:46:08 [INFO] HTTP Request: GET https://njcaastats.prestosports.com/sports/mbkb/2025-26/div1/boxscores/20260204_m2w6.xml "HTTP/1.1 200 OK"
22:46:19 [INFO] HTTP Request: GET https://njcaastats.prestosports.com/sports/mbkb/2025-26/div1/boxscores/20260207_q9rm.xml "HTTP/1.1 200 OK"
22:46:30 [INFO] HTTP Request: GET https://njcaastats.prestosports.com/sports/mbkb/2025-26/div1/boxscores/20260211_95xz.xml "HTTP/1.1 200 OK"
22:46:41 [INFO] HTTP Request: GET https://njcaastats.prestosports.com/sports/mbkb/2025-26/div1/boxscores/20260214_flgp.xml "HTTP/1.1 200 OK"
22:46:52 [INFO] HTTP Request: GET https://njcaastats.prestosports.com/sports/mbkb/2025-26/div1/boxscores/20260216_tnfq.xml "HTTP/1.1 200 OK"
22:47:03 [INFO] HTTP Request: GET https://njcaastats.prestosports.com/sports/mbkb/2025-26/div1/boxscores/20260221_jv52.xml "HTTP/1.1 200 OK"
22:47:03 [INFO]   Loaded: 26 games, 699 player-game-stat rows
22:47:03 [INFO] 
[4/20] Angelina College
22:47:03 [INFO] Scraping team: Angelina College (angelinacollege)
22:47:25 [INFO] HTTP Request: GET https://njcaastats.prestosports.com/sports/mbkb/2025-26/div1/teams/angelinacollege?view=roster "HTTP/1.1 200 OK"
22:47:25 [INFO]   Roster: 14 players
22:47:49 [INFO] HTTP Request: GET https://njcaastats.prestosports.com/sports/mbkb/2025-26/div1/teams/angelinacollege?view=gamelog "HTTP/1.1 200 OK"
22:47:49 [INFO]   Games: 26 with box scores
22:47:59 [INFO] HTTP Request: GET https://njcaastats.prestosports.com/sports/mbkb/2025-26/div1/boxscores/20251103_zmcb.xml "HTTP/1.1 200 OK"
22:48:11 [INFO] HTTP Request: GET https://njcaastats.prestosports.com/sports/mbkb/2025-26/div1/boxscores/20251111_msl8.xml "HTTP/1.1 200 OK"
22:48:22 [INFO] HTTP Request: GET https://njcaastats.prestosports.com/sports/mbkb/2025-26/div1/boxscores/20251114_iwox.xml "HTTP/1.1 200 OK"
22:48:33 [INFO] HTTP Request: GET https://njcaastats.prestosports.com/sports/mbkb/2025-26/div1/boxscores/20251115_vfso.xml "HTTP/1.1 200 OK"
22:48:43 [INFO] HTTP Request: GET https://njcaastats.prestosports.com/sports/mbkb/2025-26/div1/boxscores/20251117_q0ce.xml "HTTP/1.1 200 OK"
22:48:54 [INFO] HTTP Request: GET https://njcaastats.prestosports.com/sports/mbkb/2025-26/div1/boxscores/20251121_y7om.xml "HTTP/1.1 200 OK"
22:49:05 [INFO] HTTP Request: GET https://njcaastats.prestosports.com/sports/mbkb/2025-26/div1/boxscores/20251124_fezu.xml "HTTP/1.1 200 OK"
22:49:17 [INFO] HTTP Request: GET https://njcaastats.prestosports.com/sports/mbkb/2025-26/div1/boxscores/20251203_pbj9.xml "HTTP/1.1 200 OK"
22:49:28 [INFO] HTTP Request: GET https://njcaastats.prestosports.com/sports/mbkb/2025-26/div1/boxscores/20251206_4gml.xml "HTTP/1.1 200 OK"
22:49:39 [INFO] HTTP Request: GET https://njcaastats.prestosports.com/sports/mbkb/2025-26/div1/boxscores/20251210_5myb.xml "HTTP/1.1 200 OK"
22:49:50 [INFO] HTTP Request: GET https://njcaastats.prestosports.com/sports/mbkb/2025-26/div1/boxscores/20251213_9rxn.xml "HTTP/1.1 200 OK"
22:50:01 [INFO] HTTP Request: GET https://njcaastats.prestosports.com/sports/mbkb/2025-26/div1/boxscores/20251230_oh8r.xml "HTTP/1.1 200 OK"
22:50:11 [INFO] HTTP Request: GET https://njcaastats.prestosports.com/sports/mbkb/2025-26/div1/boxscores/20260103_11p8.xml "HTTP/1.1 200 OK"
22:50:22 [INFO] HTTP Request: GET https://njcaastats.prestosports.com/sports/mbkb/2025-26/div1/boxscores/20260107_erwi.xml "HTTP/1.1 200 OK"
22:50:33 [INFO] HTTP Request: GET https://njcaastats.prestosports.com/sports/mbkb/2025-26/div1/boxscores/20260110_gi6w.xml "HTTP/1.1 200 OK"
22:50:44 [INFO] HTTP Request: GET https://njcaastats.prestosports.com/sports/mbkb/2025-26/div1/boxscores/20260114_b6g5.xml "HTTP/1.1 200 OK"
22:50:55 [INFO] HTTP Request: GET https://njcaastats.prestosports.com/sports/mbkb/2025-26/div1/boxscores/20260117_nwkc.xml "HTTP/1.1 200 OK"
22:51:06 [INFO] HTTP Request: GET https://njcaastats.prestosports.com/sports/mbkb/2025-26/div1/boxscores/20260121_h2hn.xml "HTTP/1.1 200 OK"
22:51:17 [INFO] HTTP Request: GET https://njcaastats.prestosports.com/sports/mbkb/2025-26/div1/boxscores/20260129_ca5x.xml "HTTP/1.1 200 OK"
22:51:28 [INFO] HTTP Request: GET https://njcaastats.prestosports.com/sports/mbkb/2025-26/div1/boxscores/20260131_0qol.xml "HTTP/1.1 200 OK"
22:51:39 [INFO] HTTP Request: GET https://njcaastats.prestosports.com/sports/mbkb/2025-26/div1/boxscores/20260204_6qxi.xml "HTTP/1.1 200 OK"
22:51:50 [INFO] HTTP Request: GET https://njcaastats.prestosports.com/sports/mbkb/2025-26/div1/boxscores/20260207_n520.xml "HTTP/1.1 200 OK"
22:52:01 [INFO] HTTP Request: GET https://njcaastats.prestosports.com/sports/mbkb/2025-26/div1/boxscores/20260211_8ckn.xml "HTTP/1.1 200 OK"
22:52:12 [INFO] HTTP Request: GET https://njcaastats.prestosports.com/sports/mbkb/2025-26/div1/boxscores/20260214_0w22.xml "HTTP/1.1 200 OK"
22:52:25 [INFO] HTTP Request: GET https://njcaastats.prestosports.com/sports/mbkb/2025-26/div1/boxscores/20260218_eq79.xml "HTTP/1.1 200 OK"
22:52:36 [INFO] HTTP Request: GET https://njcaastats.prestosports.com/sports/mbkb/2025-26/div1/boxscores/20260221_mi28.xml "HTTP/1.1 200 OK"
22:52:36 [INFO]   Loaded: 26 games, 587 player-game-stat rows
22:52:36 [INFO] 
[5/20] Arizona Western College
22:52:36 [INFO] Scraping team: Arizona Western College (arizonawesterncollege)
22:52:58 [INFO] HTTP Request: GET https://njcaastats.prestosports.com/sports/mbkb/2025-26/div1/teams/arizonawesterncollege?view=roster "HTTP/1.1 200 OK"
22:52:58 [INFO]   Roster: 14 players
22:53:20 [INFO] HTTP Request: GET https://njcaastats.prestosports.com/sports/mbkb/2025-26/div1/teams/arizonawesterncollege?view=gamelog "HTTP/1.1 200 OK"
22:53:21 [INFO]   Games: 28 with box scores
22:53:33 [INFO] HTTP Request: GET https://njcaastats.prestosports.com/sports/mbkb/2025-26/div1/boxscores/20251031_9r27.xml "HTTP/1.1 200 OK"
22:53:44 [INFO] HTTP Request: GET https://njcaastats.prestosports.com/sports/mbkb/2025-26/div1/boxscores/20251101_ck90.xml "HTTP/1.1 200 OK"
22:53:57 [INFO] HTTP Request: GET https://njcaastats.prestosports.com/sports/mbkb/2025-26/div1/boxscores/20251105_8dte.xml "HTTP/1.1 200 OK"
22:54:08 [INFO] HTTP Request: GET https://njcaastats.prestosports.com/sports/mbkb/2025-26/div1/boxscores/20251107_1euj.xml "HTTP/1.1 200 OK"
22:54:19 [INFO] HTTP Request: GET https://njcaastats.prestosports.com/sports/mbkb/2025-26/div1/boxscores/20251108_03wj.xml "HTTP/1.1 200 OK"
22:54:30 [INFO] HTTP Request: GET https://njcaastats.prestosports.com/sports/mbkb/2025-26/div1/boxscores/20251112_r06z.xml "HTTP/1.1 200 OK"
22:54:41 [INFO] HTTP Request: GET https://njcaastats.prestosports.com/sports/mbkb/2025-26/div1/boxscores/20251113_6evj.xml "HTTP/1.1 200 OK"
22:54:52 [INFO] HTTP Request: GET https://njcaastats.prestosports.com/sports/mbkb/2025-26/div1/boxscores/20251117_51q9.xml "HTTP/1.1 200 OK"
22:55:03 [INFO] HTTP Request: GET https://njcaastats.prestosports.com/sports/mbkb/2025-26/div1/boxscores/20251125_oiwz.xml "HTTP/1.1 200 OK"
22:55:14 [INFO] HTTP Request: GET https://njcaastats.prestosports.com/sports/mbkb/2025-26/div1/boxscores/20251126_mfu8.xml "HTTP/1.1 200 OK"
22:55:25 [INFO] HTTP Request: GET https://njcaastats.prestosports.com/sports/mbkb/2025-26/div1/boxscores/20251205_yzst.xml "HTTP/1.1 200 OK"
22:55:36 [INFO] HTTP Request: GET https://njcaastats.prestosports.com/sports/mbkb/2025-26/div1/boxscores/20251206_m735.xml "HTTP/1.1 200 OK"
22:55:47 [INFO] HTTP Request: GET https://njcaastats.prestosports.com/sports/mbkb/2025-26/div1/boxscores/20251215_fhtu.xml "HTTP/1.1 200 OK"
22:55:58 [INFO] HTTP Request: GET https://njcaastats.prestosports.com/sports/mbkb/2025-26/div1/boxscores/20251217_2vib.xml "HTTP/1.1 200 OK"
22:56:08 [INFO] HTTP Request: GET https://njcaastats.prestosports.com/sports/mbkb/2025-26/div1/boxscores/20251219_oh91.xml "HTTP/1.1 200 OK"
22:56:20 [INFO] HTTP Request: GET https://njcaastats.prestosports.com/sports/mbkb/2025-26/div1/boxscores/20260110_xtuh.xml "HTTP/1.1 200 OK"
22:56:31 [INFO] HTTP Request: GET https://njcaastats.prestosports.com/sports/mbkb/2025-26/div1/boxscores/20260114_1x3w.xml "HTTP/1.1 200 OK"
22:56:42 [INFO] HTTP Request: GET https://njcaastats.prestosports.com/sports/mbkb/2025-26/div1/boxscores/20260117_albb.xml "HTTP/1.1 200 OK"
22:56:53 [INFO] HTTP Request: GET https://njcaastats.prestosports.com/sports/mbkb/2025-26/div1/boxscores/20260121_tdyj.xml "HTTP/1.1 200 OK"
22:57:04 [INFO] HTTP Request: GET https://njcaastats.prestosports.com/sports/mbkb/2025-26/div1/boxscores/20260124_xmpj.xml "HTTP/1.1 200 OK"
22:57:16 [INFO] HTTP Request: GET https://njcaastats.prestosports.com/sports/mbkb/2025-26/div1/boxscores/20260128_lnx0.xml "HTTP/1.1 200 OK"
22:57:27 [INFO] HTTP Request: GET https://njcaastats.prestosports.com/sports/mbkb/2025-26/div1/boxscores/20260131_akbm.xml "HTTP/1.1 200 OK"
22:57:38 [INFO] HTTP Request: GET https://njcaastats.prestosports.com/sports/mbkb/2025-26/div1/boxscores/20260204_p6ew.xml "HTTP/1.1 200 OK"
22:57:49 [INFO] HTTP Request: GET https://njcaastats.prestosports.com/sports/mbkb/2025-26/div1/boxscores/20260207_i7ws.xml "HTTP/1.1 200 OK"
22:58:00 [INFO] HTTP Request: GET https://njcaastats.prestosports.com/sports/mbkb/2025-26/div1/boxscores/20260211_bzq4.xml "HTTP/1.1 200 OK"
22:58:11 [INFO] HTTP Request: GET https://njcaastats.prestosports.com/sports/mbkb/2025-26/div1/boxscores/20260214_dn90.xml "HTTP/1.1 200 OK"
22:58:23 [INFO] HTTP Request: GET https://njcaastats.prestosports.com/sports/mbkb/2025-26/div1/boxscores/20260218_805k.xml "HTTP/1.1 200 OK"
22:58:33 [INFO] HTTP Request: GET https://njcaastats.prestosports.com/sports/mbkb/2025-26/div1/boxscores/20260221_dqj1.xml "HTTP/1.1 200 OK"
22:58:34 [INFO]   Loaded: 28 games, 664 player-game-stat rows
22:58:34 [INFO] 
[6/20] Baltimore City CC
22:58:34 [INFO] Scraping team: Baltimore City CC (baltimorecitycommunitycollege)
22:59:02 [INFO] HTTP Request: GET https://njcaastats.prestosports.com/sports/mbkb/2025-26/div1/teams/baltimorecitycommunitycollege?view=roster "HTTP/1.1 200 OK"
22:59:02 [INFO]   Roster: 16 players
22:59:22 [INFO] HTTP Request: GET https://njcaastats.prestosports.com/sports/mbkb/2025-26/div1/teams/baltimorecitycommunitycollege?view=gamelog "HTTP/1.1 200 OK"
22:59:22 [INFO]   Games: 27 with box scores
22:59:33 [INFO] HTTP Request: GET https://njcaastats.prestosports.com/sports/mbkb/2025-26/div1/boxscores/20251101_2kzk.xml "HTTP/1.1 200 OK"
22:59:44 [INFO] HTTP Request: GET https://njcaastats.prestosports.com/sports/mbkb/2025-26/div1/boxscores/20251105_khbb.xml "HTTP/1.1 200 OK"
22:59:55 [INFO] HTTP Request: GET https://njcaastats.prestosports.com/sports/mbkb/2025-26/div1/boxscores/20251112_7sx4.xml "HTTP/1.1 200 OK"
23:00:06 [INFO] HTTP Request: GET https://njcaastats.prestosports.com/sports/mbkb/2025-26/div1/boxscores/20251115_6745.xml "HTTP/1.1 200 OK"
23:00:17 [INFO] HTTP Request: GET https://njcaastats.prestosports.com/sports/mbkb/2025-26/div1/boxscores/20251125_u1n1.xml "HTTP/1.1 200 OK"
23:00:28 [INFO] HTTP Request: GET https://njcaastats.prestosports.com/sports/mbkb/2025-26/div1/boxscores/20251203_3t3t.xml "HTTP/1.1 200 OK"
23:00:39 [INFO] HTTP Request: GET https://njcaastats.prestosports.com/sports/mbkb/2025-26/div1/boxscores/20251205_z27h.xml "HTTP/1.1 200 OK"
23:00:50 [INFO] HTTP Request: GET https://njcaastats.prestosports.com/sports/mbkb/2025-26/div1/boxscores/20251206_wudr.xml "HTTP/1.1 200 OK"
23:01:01 [INFO] HTTP Request: GET https://njcaastats.prestosports.com/sports/mbkb/2025-26/div1/boxscores/20251210_dcp8.xml "HTTP/1.1 200 OK"
23:01:12 [INFO] HTTP Request: GET https://njcaastats.prestosports.com/sports/mbkb/2025-26/div1/boxscores/20251212_6c7h.xml "HTTP/1.1 200 OK"
23:01:23 [INFO] HTTP Request: GET https://njcaastats.prestosports.com/sports/mbkb/2025-26/div1/boxscores/20251217_encw.xml "HTTP/1.1 200 OK"
23:01:35 [INFO] HTTP Request: GET https://njcaastats.prestosports.com/sports/mbkb/2025-26/div1/boxscores/20251220_rbil.xml "HTTP/1.1 200 OK"
23:01:47 [INFO] HTTP Request: GET https://njcaastats.prestosports.com/sports/mbkb/2025-26/div1/boxscores/20251221_t05o.xml "HTTP/1.1 200 OK"
23:02:00 [INFO] HTTP Request: GET https://njcaastats.prestosports.com/sports/mbkb/2025-26/div1/boxscores/20260110_s6t4.xml "HTTP/1.1 200 OK"
23:02:11 [INFO] HTTP Request: GET https://njcaastats.prestosports.com/sports/mbkb/2025-26/div1/boxscores/20260112_6nrx.xml "HTTP/1.1 200 OK"
23:02:23 [INFO] HTTP Request: GET https://njcaastats.prestosports.com/sports/mbkb/2025-26/div1/boxscores/20260116_wtgr.xml "HTTP/1.1 200 OK"
23:02:34 [INFO] HTTP Request: GET https://njcaastats.prestosports.com/sports/mbkb/2025-26/div1/boxscores/20260117_lket.xml "HTTP/1.1 200 OK"
23:02:46 [INFO] HTTP Request: GET https://njcaastats.prestosports.com/sports/mbkb/2025-26/div1/boxscores/20260119_bm6g.xml "HTTP/1.1 200 OK"
23:02:57 [INFO] HTTP Request: GET https://njcaastats.prestosports.com/sports/mbkb/2025-26/div1/boxscores/20260122_yfv3.xml "HTTP/1.1 200 OK"
23:03:08 [INFO] HTTP Request: GET https://njcaastats.prestosports.com/sports/mbkb/2025-26/div1/boxscores/20260130_fkpo.xml "HTTP/1.1 200 OK"
23:03:19 [INFO] HTTP Request: GET https://njcaastats.prestosports.com/sports/mbkb/2025-26/div1/boxscores/20260204_gh7b.xml "HTTP/1.1 200 OK"
23:03:30 [INFO] HTTP Request: GET https://njcaastats.prestosports.com/sports/mbkb/2025-26/div1/boxscores/20260207_sbxx.xml "HTTP/1.1 200 OK"
23:03:41 [INFO] HTTP Request: GET https://njcaastats.prestosports.com/sports/mbkb/2025-26/div1/boxscores/20260208_azad.xml "HTTP/1.1 200 OK"
23:03:52 [INFO] HTTP Request: GET https://njcaastats.prestosports.com/sports/mbkb/2025-26/div1/boxscores/20260211_5so4.xml "HTTP/1.1 200 OK"
23:04:03 [INFO] HTTP Request: GET https://njcaastats.prestosports.com/sports/mbkb/2025-26/div1/boxscores/20260214_3i47.xml "HTTP/1.1 200 OK"
23:04:14 [INFO] HTTP Request: GET https://njcaastats.prestosports.com/sports/mbkb/2025-26/div1/boxscores/20260218_viqa.xml "HTTP/1.1 200 OK"
23:04:25 [INFO] HTTP Request: GET https://njcaastats.prestosports.com/sports/mbkb/2025-26/div1/boxscores/20260221_4lpd.xml "HTTP/1.1 200 OK"
23:04:25 [INFO]   Loaded: 27 games, 716 player-game-stat rows
23:04:25 [INFO] 
[7/20] Barton CC
23:04:25 [INFO] Scraping team: Barton CC (bartoncommunitycollege)
23:04:45 [INFO] HTTP Request: GET https://njcaastats.prestosports.com/sports/mbkb/2025-26/div1/teams/bartoncommunitycollege?view=roster "HTTP/1.1 200 OK"
23:04:45 [INFO]   Roster: 15 players
23:05:06 [INFO] HTTP Request: GET https://njcaastats.prestosports.com/sports/mbkb/2025-26/div1/teams/bartoncommunitycollege?view=gamelog "HTTP/1.1 200 OK"
23:05:06 [INFO]   Games: 28 with box scores
23:05:16 [INFO] HTTP Request: GET https://njcaastats.prestosports.com/sports/mbkb/2025-26/div1/boxscores/20251031_9r27.xml "HTTP/1.1 200 OK"
23:05:27 [INFO] HTTP Request: GET https://njcaastats.prestosports.com/sports/mbkb/2025-26/div1/boxscores/20251101_m5mm.xml "HTTP/1.1 200 OK"
23:05:38 [INFO] HTTP Request: GET https://njcaastats.prestosports.com/sports/mbkb/2025-26/div1/boxscores/20251105_gpkm.xml "HTTP/1.1 200 OK"
23:05:49 [INFO] HTTP Request: GET https://njcaastats.prestosports.com/sports/mbkb/2025-26/div1/boxscores/20251111_mtbf.xml "HTTP/1.1 200 OK"
23:06:00 [INFO] HTTP Request: GET https://njcaastats.prestosports.com/sports/mbkb/2025-26/div1/boxscores/20251114_omdn.xml "HTTP/1.1 200 OK"
23:06:11 [INFO] HTTP Request: GET https://njcaastats.prestosports.com/sports/mbkb/2025-26/div1/boxscores/20251115_3xij.xml "HTTP/1.1 200 OK"
23:06:22 [INFO] HTTP Request: GET https://njcaastats.prestosports.com/sports/mbkb/2025-26/div1/boxscores/20251119_42cq.xml "HTTP/1.1 200 OK"
23:06:33 [INFO] HTTP Request: GET https://njcaastats.prestosports.com/sports/mbkb/2025-26/div1/boxscores/20251122_6tul.xml "HTTP/1.1 200 OK"
23:06:44 [INFO] HTTP Request: GET https://njcaastats.prestosports.com/sports/mbkb/2025-26/div1/boxscores/20251125_zc8v.xml "HTTP/1.1 200 OK"
23:06:55 [INFO] HTTP Request: GET https://njcaastats.prestosports.com/sports/mbkb/2025-26/div1/boxscores/20251129_ta15.xml "HTTP/1.1 200 OK"
23:07:06 [INFO] HTTP Request: GET https://njcaastats.prestosports.com/sports/mbkb/2025-26/div1/boxscores/20251203_ik2z.xml "HTTP/1.1 200 OK"
23:07:17 [INFO] HTTP Request: GET https://njcaastats.prestosports.com/sports/mbkb/2025-26/div1/boxscores/20251206_43ss.xml "HTTP/1.1 200 OK"
23:07:28 [INFO] HTTP Request: GET https://njcaastats.prestosports.com/sports/mbkb/2025-26/div1/boxscores/20251209_ytab.xml "HTTP/1.1 200 OK"
23:07:39 [INFO] HTTP Request: GET https://njcaastats.prestosports.com/sports/mbkb/2025-26/div1/boxscores/20251213_1dbz.xml "HTTP/1.1 200 OK"
23:07:50 [INFO] HTTP Request: GET https://njcaastats.prestosports.com/sports/mbkb/2025-26/div1/boxscores/20260103_qi64.xml "HTTP/1.1 200 OK"
23:08:01 [INFO] HTTP Request: GET https://njcaastats.prestosports.com/sports/mbkb/2025-26/div1/boxscores/20260107_zw9b.xml "HTTP/1.1 200 OK"
23:08:12 [INFO] HTTP Request: GET https://njcaastats.prestosports.com/sports/mbkb/2025-26/div1/boxscores/20260110_4218.xml "HTTP/1.1 200 OK"
23:08:23 [INFO] HTTP Request: GET https://njcaastats.prestosports.com/sports/mbkb/2025-26/div1/boxscores/20260117_1ymz.xml "HTTP/1.1 200 OK"
23:08:34 [INFO] HTTP Request: GET https://njcaastats.prestosports.com/sports/mbkb/2025-26/div1/boxscores/20260121_6bjn.xml "HTTP/1.1 200 OK"
23:08:45 [INFO] HTTP Request: GET https://njcaastats.prestosports.com/sports/mbkb/2025-26/div1/boxscores/20260126_j5gw.xml "HTTP/1.1 200 OK"
23:08:56 [INFO] HTTP Request: GET https://njcaastats.prestosports.com/sports/mbkb/2025-26/div1/boxscores/20260128_erle.xml "HTTP/1.1 200 OK"
23:09:07 [INFO] HTTP Request: GET https://njcaastats.prestosports.com/sports/mbkb/2025-26/div1/boxscores/20260131_plkt.xml "HTTP/1.1 200 OK"
23:09:18 [INFO] HTTP Request: GET https://njcaastats.prestosports.com/sports/mbkb/2025-26/div1/boxscores/20260204_e5so.xml "HTTP/1.1 200 OK"
23:09:29 [INFO] HTTP Request: GET https://njcaastats.prestosports.com/sports/mbkb/2025-26/div1/boxscores/20260207_3dob.xml "HTTP/1.1 200 OK"
23:09:40 [INFO] HTTP Request: GET https://njcaastats.prestosports.com/sports/mbkb/2025-26/div1/boxscores/20260211_gmzn.xml "HTTP/1.1 200 OK"
23:09:51 [INFO] HTTP Request: GET https://njcaastats.prestosports.com/sports/mbkb/2025-26/div1/boxscores/20260214_58pj.xml "HTTP/1.1 200 OK"
23:10:02 [INFO] HTTP Request: GET https://njcaastats.prestosports.com/sports/mbkb/2025-26/div1/boxscores/20260218_4zgd.xml "HTTP/1.1 200 OK"
23:10:13 [INFO] HTTP Request: GET https://njcaastats.prestosports.com/sports/mbkb/2025-26/div1/boxscores/20260221_awtd.xml "HTTP/1.1 200 OK"
23:10:14 [INFO]   Loaded: 28 games, 658 player-game-stat rows
23:10:14 [INFO] 
[8/20] Baton Rouge CC
23:10:14 [INFO] Scraping team: Baton Rouge CC (batonrougecommunitycollege)
23:10:33 [INFO] HTTP Request: GET https://njcaastats.prestosports.com/sports/mbkb/2025-26/div1/teams/batonrougecommunitycollege?view=roster "HTTP/1.1 200 OK"
23:10:34 [INFO]   Roster: 21 players
23:10:55 [INFO] HTTP Request: GET https://njcaastats.prestosports.com/sports/mbkb/2025-26/div1/teams/batonrougecommunitycollege?view=gamelog "HTTP/1.1 200 OK"
23:10:55 [INFO]   Games: 28 with box scores
23:11:06 [INFO] HTTP Request: GET https://njcaastats.prestosports.com/sports/mbkb/2025-26/div1/boxscores/20251031_hn26.xml "HTTP/1.1 200 OK"
23:11:17 [INFO] HTTP Request: GET https://njcaastats.prestosports.com/sports/mbkb/2025-26/div1/boxscores/20251101_b0e7.xml "HTTP/1.1 200 OK"
23:11:28 [INFO] HTTP Request: GET https://njcaastats.prestosports.com/sports/mbkb/2025-26/div1/boxscores/20251103_7pr7.xml "HTTP/1.1 200 OK"
23:11:39 [INFO] HTTP Request: GET https://njcaastats.prestosports.com/sports/mbkb/2025-26/div1/boxscores/20251108_xuux.xml "HTTP/1.1 200 OK"
23:11:50 [INFO] HTTP Request: GET https://njcaastats.prestosports.com/sports/mbkb/2025-26/div1/boxscores/20251113_jzm5.xml "HTTP/1.1 200 OK"
23:12:01 [INFO] HTTP Request: GET https://njcaastats.prestosports.com/sports/mbkb/2025-26/div1/boxscores/20251117_0dae.xml "HTTP/1.1 200 OK"
23:12:12 [INFO] HTTP Request: GET https://njcaastats.prestosports.com/sports/mbkb/2025-26/div1/boxscores/20251118_j1a9.xml "HTTP/1.1 200 OK"
23:12:23 [INFO] HTTP Request: GET https://njcaastats.prestosports.com/sports/mbkb/2025-26/div1/boxscores/20251121_y7om.xml "HTTP/1.1 200 OK"
23:12:34 [INFO] HTTP Request: GET https://njcaastats.prestosports.com/sports/mbkb/2025-26/div1/boxscores/20251122_xyey.xml "HTTP/1.1 200 OK"
23:12:45 [INFO] HTTP Request: GET https://njcaastats.prestosports.com/sports/mbkb/2025-26/div1/boxscores/20251124_7uuz.xml "HTTP/1.1 200 OK"
23:12:56 [INFO] HTTP Request: GET https://njcaastats.prestosports.com/sports/mbkb/2025-26/div1/boxscores/20251125_dqoe.xml "HTTP/1.1 200 OK"
23:13:07 [INFO] HTTP Request: GET https://njcaastats.prestosports.com/sports/mbkb/2025-26/div1/boxscores/20251203_p2yl.xml "HTTP/1.1 200 OK"
23:13:18 [INFO] HTTP Request: GET https://njcaastats.prestosports.com/sports/mbkb/2025-26/div1/boxscores/20251206_36kf.xml "HTTP/1.1 200 OK"
23:13:29 [INFO] HTTP Request: GET https://njcaastats.prestosports.com/sports/mbkb/2025-26/div1/boxscores/20251210_l27m.xml "HTTP/1.1 200 OK"
23:13:40 [INFO] HTTP Request: GET https://njcaastats.prestosports.com/sports/mbkb/2025-26/div1/boxscores/20251230_oh8r.xml "HTTP/1.1 200 OK"
23:13:51 [INFO] HTTP Request: GET https://njcaastats.prestosports.com/sports/mbkb/2025-26/div1/boxscores/20260103_wt6u.xml "HTTP/1.1 200 OK"
23:14:02 [INFO] HTTP Request: GET https://njcaastats.prestosports.com/sports/mbkb/2025-26/div1/boxscores/20260106_6nyd.xml "HTTP/1.1 200 OK"
23:14:13 [INFO] HTTP Request: GET https://njcaastats.prestosports.com/sports/mbkb/2025-26/div1/boxscores/20260108_hsoi.xml "HTTP/1.1 200 OK"
23:14:24 [INFO] HTTP Request: GET https://njcaastats.prestosports.com/sports/mbkb/2025-26/div1/boxscores/20260114_68yd.xml "HTTP/1.1 200 OK"
23:14:35 [INFO] HTTP Request: GET https://njcaastats.prestosports.com/sports/mbkb/2025-26/div1/boxscores/20260121_skaw.xml "HTTP/1.1 200 OK"
23:14:46 [INFO] HTTP Request: GET https://njcaastats.prestosports.com/sports/mbkb/2025-26/div1/boxscores/20260131_u39f.xml "HTTP/1.1 200 OK"
23:14:57 [INFO] HTTP Request: GET https://njcaastats.prestosports.com/sports/mbkb/2025-26/div1/boxscores/20260202_43ud.xml "HTTP/1.1 200 OK"
23:15:08 [INFO] HTTP Request: GET https://njcaastats.prestosports.com/sports/mbkb/2025-26/div1/boxscores/20260204_7rpv.xml "HTTP/1.1 200 OK"
23:15:19 [INFO] HTTP Request: GET https://njcaastats.prestosports.com/sports/mbkb/2025-26/div1/boxscores/20260207_09tm.xml "HTTP/1.1 200 OK"
23:15:30 [INFO] HTTP Request: GET https://njcaastats.prestosports.com/sports/mbkb/2025-26/div1/boxscores/20260211_k53r.xml "HTTP/1.1 200 OK"
23:15:41 [INFO] HTTP Request: GET https://njcaastats.prestosports.com/sports/mbkb/2025-26/div1/boxscores/20260214_4tnp.xml "HTTP/1.1 200 OK"
23:15:52 [INFO] HTTP Request: GET https://njcaastats.prestosports.com/sports/mbkb/2025-26/div1/boxscores/20260218_m9p9.xml "HTTP/1.1 200 OK"
23:16:03 [INFO] HTTP Request: GET https://njcaastats.prestosports.com/sports/mbkb/2025-26/div1/boxscores/20260221_nb18.xml "HTTP/1.1 200 OK"
23:16:03 [INFO]   Loaded: 28 games, 668 player-game-stat rows
23:16:03 [INFO] 
[9/20] Bishop State CC
23:16:03 [INFO] Scraping team: Bishop State CC (bishopstatecommunitycollege)
23:16:26 [INFO] HTTP Request: GET https://njcaastats.prestosports.com/sports/mbkb/2025-26/div1/teams/bishopstatecommunitycollege?view=roster "HTTP/1.1 200 OK"
23:16:27 [INFO]   Roster: 18 players
23:16:48 [INFO] HTTP Request: GET https://njcaastats.prestosports.com/sports/mbkb/2025-26/div1/teams/bishopstatecommunitycollege?view=gamelog "HTTP/1.1 200 OK"
23:16:48 [INFO]   Games: 27 with box scores
23:16:59 [INFO] HTTP Request: GET https://njcaastats.prestosports.com/sports/mbkb/2025-26/div1/boxscores/20251102_5qln.xml "HTTP/1.1 200 OK"
23:17:10 [INFO] HTTP Request: GET https://njcaastats.prestosports.com/sports/mbkb/2025-26/div1/boxscores/20251104_s1lt.xml "HTTP/1.1 200 OK"
23:17:21 [INFO] HTTP Request: GET https://njcaastats.prestosports.com/sports/mbkb/2025-26/div1/boxscores/20251109_rdid.xml "HTTP/1.1 200 OK"
23:17:32 [INFO] HTTP Request: GET https://njcaastats.prestosports.com/sports/mbkb/2025-26/div1/boxscores/20251110_g90p.xml "HTTP/1.1 200 OK"
23:17:43 [INFO] HTTP Request: GET https://njcaastats.prestosports.com/sports/mbkb/2025-26/div1/boxscores/20251113_86eb.xml "HTTP/1.1 200 OK"
23:17:54 [INFO] HTTP Request: GET https://njcaastats.prestosports.com/sports/mbkb/2025-26/div1/boxscores/20251117_0yuz.xml "HTTP/1.1 200 OK"
23:18:05 [INFO] HTTP Request: GET https://njcaastats.prestosports.com/sports/mbkb/2025-26/div1/boxscores/20251120_1zx1.xml "HTTP/1.1 200 OK"
23:18:16 [INFO] HTTP Request: GET https://njcaastats.prestosports.com/sports/mbkb/2025-26/div1/boxscores/20251121_reme.xml "HTTP/1.1 200 OK"
23:18:27 [INFO] HTTP Request: GET https://njcaastats.prestosports.com/sports/mbkb/2025-26/div1/boxscores/20251201_e8ac.xml "HTTP/1.1 200 OK"
23:18:38 [INFO] HTTP Request: GET https://njcaastats.prestosports.com/sports/mbkb/2025-26/div1/boxscores/20251204_8xgj.xml "HTTP/1.1 200 OK"
23:18:49 [INFO] HTTP Request: GET https://njcaastats.prestosports.com/sports/mbkb/2025-26/div1/boxscores/20251208_ddwu.xml "HTTP/1.1 200 OK"
23:18:59 [INFO] HTTP Request: GET https://njcaastats.prestosports.com/sports/mbkb/2025-26/div1/boxscores/20251211_lxh1.xml "HTTP/1.1 200 OK"
23:19:10 [INFO] HTTP Request: GET https://njcaastats.prestosports.com/sports/mbkb/2025-26/div1/boxscores/20251218_3z73.xml "HTTP/1.1 200 OK"
23:19:22 [INFO] HTTP Request: GET https://njcaastats.prestosports.com/sports/mbkb/2025-26/div1/boxscores/20251219_vb9r.xml "HTTP/1.1 200 OK"
23:19:33 [INFO] HTTP Request: GET https://njcaastats.prestosports.com/sports/mbkb/2025-26/div1/boxscores/20260105_giez.xml "HTTP/1.1 200 OK"
23:19:44 [INFO] HTTP Request: GET https://njcaastats.prestosports.com/sports/mbkb/2025-26/div1/boxscores/20260109_a1a8.xml "HTTP/1.1 200 OK"
23:19:54 [INFO] HTTP Request: GET https://njcaastats.prestosports.com/sports/mbkb/2025-26/div1/boxscores/20260115_4jv1.xml "HTTP/1.1 200 OK"
23:20:06 [INFO] HTTP Request: GET https://njcaastats.prestosports.com/sports/mbkb/2025-26/div1/boxscores/20260118_qy3u.xml "HTTP/1.1 200 OK"
23:20:16 [INFO] HTTP Request: GET https://njcaastats.prestosports.com/sports/mbkb/2025-26/div1/boxscores/20260124_39e8.xml "HTTP/1.1 200 OK"
23:20:28 [INFO] HTTP Request: GET https://njcaastats.prestosports.com/sports/mbkb/2025-26/div1/boxscores/20260126_hdwo.xml "HTTP/1.1 200 OK"
23:20:39 [INFO] HTTP Request: GET https://njcaastats.prestosports.com/sports/mbkb/2025-26/div1/boxscores/20260129_ra2p.xml "HTTP/1.1 200 OK"
23:20:50 [INFO] HTTP Request: GET https://njcaastats.prestosports.com/sports/mbkb/2025-26/div1/boxscores/20260202_y7sr.xml "HTTP/1.1 200 OK"
23:21:01 [INFO] HTTP Request: GET https://njcaastats.prestosports.com/sports/mbkb/2025-26/div1/boxscores/20260205_tr6t.xml "HTTP/1.1 200 OK"
23:21:12 [INFO] HTTP Request: GET https://njcaastats.prestosports.com/sports/mbkb/2025-26/div1/boxscores/20260212_u7mc.xml "HTTP/1.1 200 OK"
23:21:23 [INFO] HTTP Request: GET https://njcaastats.prestosports.com/sports/mbkb/2025-26/div1/boxscores/20260215_e0a1.xml "HTTP/1.1 200 OK"
23:21:35 [INFO] HTTP Request: GET https://njcaastats.prestosports.com/sports/mbkb/2025-26/div1/boxscores/20260219_fb1m.xml "HTTP/1.1 200 OK"
23:21:46 [INFO] HTTP Request: GET https://njcaastats.prestosports.com/sports/mbkb/2025-26/div1/boxscores/20260223_r32l.xml "HTTP/1.1 200 OK"
23:21:46 [INFO]   Loaded: 27 games, 610 player-game-stat rows
23:21:46 [INFO] 
[10/20] Blinn College
23:21:46 [INFO] Scraping team: Blinn College (blinncollege)
23:22:06 [INFO] HTTP Request: GET https://njcaastats.prestosports.com/sports/mbkb/2025-26/div1/teams/blinncollege?view=roster "HTTP/1.1 200 OK"
23:22:07 [INFO]   Roster: 16 players
23:22:28 [INFO] HTTP Request: GET https://njcaastats.prestosports.com/sports/mbkb/2025-26/div1/teams/blinncollege?view=gamelog "HTTP/1.1 200 OK"
23:22:28 [INFO]   Games: 27 with box scores
23:22:39 [INFO] HTTP Request: GET https://njcaastats.prestosports.com/sports/mbkb/2025-26/div1/boxscores/20251103_7ztx.xml "HTTP/1.1 200 OK"
23:22:50 [INFO] HTTP Request: GET https://njcaastats.prestosports.com/sports/mbkb/2025-26/div1/boxscores/20251106_b65k.xml "HTTP/1.1 200 OK"
23:23:01 [INFO] HTTP Request: GET https://njcaastats.prestosports.com/sports/mbkb/2025-26/div1/boxscores/20251110_uv8p.xml "HTTP/1.1 200 OK"
23:23:12 [INFO] HTTP Request: GET https://njcaastats.prestosports.com/sports/mbkb/2025-26/div1/boxscores/20251114_jo0q.xml "HTTP/1.1 200 OK"
23:23:23 [INFO] HTTP Request: GET https://njcaastats.prestosports.com/sports/mbkb/2025-26/div1/boxscores/20251115_dm3y.xml "HTTP/1.1 200 OK"
23:23:34 [INFO] HTTP Request: GET https://njcaastats.prestosports.com/sports/mbkb/2025-26/div1/boxscores/20251120_rr4e.xml "HTTP/1.1 200 OK"
23:23:45 [INFO] HTTP Request: GET https://njcaastats.prestosports.com/sports/mbkb/2025-26/div1/boxscores/20251121_oao8.xml "HTTP/1.1 200 OK"
23:23:56 [INFO] HTTP Request: GET https://njcaastats.prestosports.com/sports/mbkb/2025-26/div1/boxscores/20251122_rswn.xml "HTTP/1.1 200 OK"
23:24:07 [INFO] HTTP Request: GET https://njcaastats.prestosports.com/sports/mbkb/2025-26/div1/boxscores/20251203_kbrb.xml "HTTP/1.1 200 OK"
23:24:18 [INFO] HTTP Request: GET https://njcaastats.prestosports.com/sports/mbkb/2025-26/div1/boxscores/20251206_9j3s.xml "HTTP/1.1 200 OK"
23:24:29 [INFO] HTTP Request: GET https://njcaastats.prestosports.com/sports/mbkb/2025-26/div1/boxscores/20251210_fpjx.xml "HTTP/1.1 200 OK"
23:24:40 [INFO] HTTP Request: GET https://njcaastats.prestosports.com/sports/mbkb/2025-26/div1/boxscores/20251213_c0pa.xml "HTTP/1.1 200 OK"
23:24:51 [INFO] HTTP Request: GET https://njcaastats.prestosports.com/sports/mbkb/2025-26/div1/boxscores/20260103_y2io.xml "HTTP/1.1 200 OK"
23:25:02 [INFO] HTTP Request: GET https://njcaastats.prestosports.com/sports/mbkb/2025-26/div1/boxscores/20260107_p6xk.xml "HTTP/1.1 200 OK"
23:25:13 [INFO] HTTP Request: GET https://njcaastats.prestosports.com/sports/mbkb/2025-26/div1/boxscores/20260110_7bx6.xml "HTTP/1.1 200 OK"
23:25:24 [INFO] HTTP Request: GET https://njcaastats.prestosports.com/sports/mbkb/2025-26/div1/boxscores/20260114_b6g5.xml "HTTP/1.1 200 OK"
23:25:35 [INFO] HTTP Request: GET https://njcaastats.prestosports.com/sports/mbkb/2025-26/div1/boxscores/20260121_ytiz.xml "HTTP/1.1 200 OK"
23:25:46 [INFO] HTTP Request: GET https://njcaastats.prestosports.com/sports/mbkb/2025-26/div1/boxscores/20260123_780o.xml "HTTP/1.1 200 OK"
23:25:57 [INFO] HTTP Request: GET https://njcaastats.prestosports.com/sports/mbkb/2025-26/div1/boxscores/20260128_gkf5.xml "HTTP/1.1 200 OK"
23:26:08 [INFO] HTTP Request: GET https://njcaastats.prestosports.com/sports/mbkb/2025-26/div1/boxscores/20260131_sog9.xml "HTTP/1.1 200 OK"
23:26:19 [INFO] HTTP Request: GET https://njcaastats.prestosports.com/sports/mbkb/2025-26/div1/boxscores/20260202_yfmx.xml "HTTP/1.1 200 OK"
23:26:30 [INFO] HTTP Request: GET https://njcaastats.prestosports.com/sports/mbkb/2025-26/div1/boxscores/20260204_o0lj.xml "HTTP/1.1 200 OK"
23:26:41 [INFO] HTTP Request: GET https://njcaastats.prestosports.com/sports/mbkb/2025-26/div1/boxscores/20260207_jy14.xml "HTTP/1.1 200 OK"
23:26:52 [INFO] HTTP Request: GET https://njcaastats.prestosports.com/sports/mbkb/2025-26/div1/boxscores/20260211_8ckn.xml "HTTP/1.1 200 OK"
23:27:03 [INFO] HTTP Request: GET https://njcaastats.prestosports.com/sports/mbkb/2025-26/div1/boxscores/20260214_n4bf.xml "HTTP/1.1 200 OK"
23:27:14 [INFO] HTTP Request: GET https://njcaastats.prestosports.com/sports/mbkb/2025-26/div1/boxscores/20260218_29vt.xml "HTTP/1.1 200 OK"
23:27:25 [INFO] HTTP Request: GET https://njcaastats.prestosports.com/sports/mbkb/2025-26/div1/boxscores/20260221_1gx0.xml "HTTP/1.1 200 OK"
23:27:25 [INFO]   Loaded: 27 games, 642 player-game-stat rows
23:27:25 [INFO] 
[11/20] Bossier Parish CC
23:27:25 [INFO] Scraping team: Bossier Parish CC (bossierparishcommunitycollege)
23:27:44 [INFO] HTTP Request: GET https://njcaastats.prestosports.com/sports/mbkb/2025-26/div1/teams/bossierparishcommunitycollege?view=roster "HTTP/1.1 200 OK"
23:27:45 [INFO]   Roster: 15 players
23:28:05 [INFO] HTTP Request: GET https://njcaastats.prestosports.com/sports/mbkb/2025-26/div1/teams/bossierparishcommunitycollege?view=gamelog "HTTP/1.1 200 OK"
23:28:06 [INFO]   Games: 26 with box scores
23:28:16 [INFO] HTTP Request: GET https://njcaastats.prestosports.com/sports/mbkb/2025-26/div1/boxscores/20251103_k3gx.xml "HTTP/1.1 200 OK"
23:28:27 [INFO] HTTP Request: GET https://njcaastats.prestosports.com/sports/mbkb/2025-26/div1/boxscores/20251104_l85b.xml "HTTP/1.1 200 OK"
23:28:38 [INFO] HTTP Request: GET https://njcaastats.prestosports.com/sports/mbkb/2025-26/div1/boxscores/20251112_np7u.xml "HTTP/1.1 200 OK"
23:28:49 [INFO] HTTP Request: GET https://njcaastats.prestosports.com/sports/mbkb/2025-26/div1/boxscores/20251115_r3gc.xml "HTTP/1.1 200 OK"
23:29:00 [INFO] HTTP Request: GET https://njcaastats.prestosports.com/sports/mbkb/2025-26/div1/boxscores/20251118_cizh.xml "HTTP/1.1 200 OK"
23:29:11 [INFO] HTTP Request: GET https://njcaastats.prestosports.com/sports/mbkb/2025-26/div1/boxscores/20251121_94zn.xml "HTTP/1.1 200 OK"
23:29:22 [INFO] HTTP Request: GET https://njcaastats.prestosports.com/sports/mbkb/2025-26/div1/boxscores/20251124_7uuz.xml "HTTP/1.1 200 OK"
23:29:33 [INFO] HTTP Request: GET https://njcaastats.prestosports.com/sports/mbkb/2025-26/div1/boxscores/20251125_hrd3.xml "HTTP/1.1 200 OK"
23:29:44 [INFO] HTTP Request: GET https://njcaastats.prestosports.com/sports/mbkb/2025-26/div1/boxscores/20251203_nblq.xml "HTTP/1.1 200 OK"
23:29:55 [INFO] HTTP Request: GET https://njcaastats.prestosports.com/sports/mbkb/2025-26/div1/boxscores/20251206_y8vf.xml "HTTP/1.1 200 OK"
23:30:06 [INFO] HTTP Request: GET https://njcaastats.prestosports.com/sports/mbkb/2025-26/div1/boxscores/20251209_uirs.xml "HTTP/1.1 200 OK"
23:30:17 [INFO] HTTP Request: GET https://njcaastats.prestosports.com/sports/mbkb/2025-26/div1/boxscores/20251213_9rxn.xml "HTTP/1.1 200 OK"
23:30:28 [INFO] HTTP Request: GET https://njcaastats.prestosports.com/sports/mbkb/2025-26/div1/boxscores/20260103_xzbs.xml "HTTP/1.1 200 OK"
23:30:39 [INFO] HTTP Request: GET https://njcaastats.prestosports.com/sports/mbkb/2025-26/div1/boxscores/20260107_wpdp.xml "HTTP/1.1 200 OK"
23:30:50 [INFO] HTTP Request: GET https://njcaastats.prestosports.com/sports/mbkb/2025-26/div1/boxscores/20260110_njw0.xml "HTTP/1.1 200 OK"
23:31:01 [INFO] HTTP Request: GET https://njcaastats.prestosports.com/sports/mbkb/2025-26/div1/boxscores/20260114_5cgo.xml "HTTP/1.1 200 OK"
23:31:12 [INFO] HTTP Request: GET https://njcaastats.prestosports.com/sports/mbkb/2025-26/div1/boxscores/20260121_pepu.xml "HTTP/1.1 200 OK"
23:31:23 [INFO] HTTP Request: GET https://njcaastats.prestosports.com/sports/mbkb/2025-26/div1/boxscores/20260129_8q0a.xml "HTTP/1.1 200 OK"
23:31:34 [INFO] HTTP Request: GET https://njcaastats.prestosports.com/sports/mbkb/2025-26/div1/boxscores/20260131_8ias.xml "HTTP/1.1 200 OK"
23:31:45 [INFO] HTTP Request: GET https://njcaastats.prestosports.com/sports/mbkb/2025-26/div1/boxscores/20260202_yfmx.xml "HTTP/1.1 200 OK"
23:31:56 [INFO] HTTP Request: GET https://njcaastats.prestosports.com/sports/mbkb/2025-26/div1/boxscores/20260204_oo6b.xml "HTTP/1.1 200 OK"
23:32:07 [INFO] HTTP Request: GET https://njcaastats.prestosports.com/sports/mbkb/2025-26/div1/boxscores/20260207_elid.xml "HTTP/1.1 200 OK"
23:32:18 [INFO] HTTP Request: GET https://njcaastats.prestosports.com/sports/mbkb/2025-26/div1/boxscores/20260211_bqk8.xml "HTTP/1.1 200 OK"
23:32:29 [INFO] HTTP Request: GET https://njcaastats.prestosports.com/sports/mbkb/2025-26/div1/boxscores/20260214_wsm4.xml "HTTP/1.1 200 OK"
23:32:39 [INFO] HTTP Request: GET https://njcaastats.prestosports.com/sports/mbkb/2025-26/div1/boxscores/20260218_xewb.xml "HTTP/1.1 200 OK"
23:32:51 [INFO] HTTP Request: GET https://njcaastats.prestosports.com/sports/mbkb/2025-26/div1/boxscores/20260221_mi28.xml "HTTP/1.1 200 OK"
23:32:51 [INFO]   Loaded: 26 games, 608 player-game-stat rows
23:32:51 [INFO] 
[12/20] Brunswick CC
23:32:51 [INFO] Scraping team: Brunswick CC (brunswickcommunitycollege)
23:33:11 [INFO] HTTP Request: GET https://njcaastats.prestosports.com/sports/mbkb/2025-26/div1/teams/brunswickcommunitycollege?view=roster "HTTP/1.1 200 OK"
23:33:11 [INFO]   Roster: 18 players
23:33:30 [INFO] HTTP Request: GET https://njcaastats.prestosports.com/sports/mbkb/2025-26/div1/teams/brunswickcommunitycollege?view=gamelog "HTTP/1.1 200 OK"
23:33:31 [INFO]   Games: 25 with box scores
23:33:42 [INFO] HTTP Request: GET https://njcaastats.prestosports.com/sports/mbkb/2025-26/div1/boxscores/20251105_na9l.xml "HTTP/1.1 200 OK"
23:33:53 [INFO] HTTP Request: GET https://njcaastats.prestosports.com/sports/mbkb/2025-26/div1/boxscores/20251107_txzf.xml "HTTP/1.1 200 OK"
23:34:03 [INFO] HTTP Request: GET https://njcaastats.prestosports.com/sports/mbkb/2025-26/div1/boxscores/20251108_0f5t.xml "HTTP/1.1 200 OK"
23:34:14 [INFO] HTTP Request: GET https://njcaastats.prestosports.com/sports/mbkb/2025-26/div1/boxscores/20251116_g220.xml "HTTP/1.1 200 OK"
23:34:25 [INFO] HTTP Request: GET https://njcaastats.prestosports.com/sports/mbkb/2025-26/div1/boxscores/20251122_mc52.xml "HTTP/1.1 200 OK"
23:34:36 [INFO] HTTP Request: GET https://njcaastats.prestosports.com/sports/mbkb/2025-26/div1/boxscores/20251123_xe6a.xml "HTTP/1.1 200 OK"
23:34:47 [INFO] HTTP Request: GET https://njcaastats.prestosports.com/sports/mbkb/2025-26/div1/boxscores/20251204_qt2a.xml "HTTP/1.1 200 OK"
23:34:58 [INFO] HTTP Request: GET https://njcaastats.prestosports.com/sports/mbkb/2025-26/div1/boxscores/20251206_nra0.xml "HTTP/1.1 200 OK"
23:35:09 [INFO] HTTP Request: GET https://njcaastats.prestosports.com/sports/mbkb/2025-26/div1/boxscores/20251207_opyi.xml "HTTP/1.1 200 OK"
23:35:20 [INFO] HTTP Request: GET https://njcaastats.prestosports.com/sports/mbkb/2025-26/div1/boxscores/20251213_i4gz.xml "HTTP/1.1 200 OK"
23:35:31 [INFO] HTTP Request: GET https://njcaastats.prestosports.com/sports/mbkb/2025-26/div1/boxscores/20251214_vnn2.xml "HTTP/1.1 200 OK"
23:35:42 [INFO] HTTP Request: GET https://njcaastats.prestosports.com/sports/mbkb/2025-26/div1/boxscores/20251219_ezmp.xml "HTTP/1.1 200 OK"
23:35:53 [INFO] HTTP Request: GET https://njcaastats.prestosports.com/sports/mbkb/2025-26/div1/boxscores/20251220_6dvw.xml "HTTP/1.1 200 OK"
23:36:04 [INFO] HTTP Request: GET https://njcaastats.prestosports.com/sports/mbkb/2025-26/div1/boxscores/20260103_qr04.xml "HTTP/1.1 200 OK"
23:36:15 [INFO] HTTP Request: GET https://njcaastats.prestosports.com/sports/mbkb/2025-26/div1/boxscores/20260104_wsm0.xml "HTTP/1.1 200 OK"
23:36:26 [INFO] HTTP Request: GET https://njcaastats.prestosports.com/sports/mbkb/2025-26/div1/boxscores/20260108_vywp.xml "HTTP/1.1 200 OK"
23:36:37 [INFO] HTTP Request: GET https://njcaastats.prestosports.com/sports/mbkb/2025-26/div1/boxscores/20260111_kd3d.xml "HTTP/1.1 200 OK"
23:36:48 [INFO] HTTP Request: GET https://njcaastats.prestosports.com/sports/mbkb/2025-26/div1/boxscores/20260117_dx4h.xml "HTTP/1.1 200 OK"
23:36:59 [INFO] HTTP Request: GET https://njcaastats.prestosports.com/sports/mbkb/2025-26/div1/boxscores/20260130_ojrl.xml "HTTP/1.1 200 OK"
23:37:10 [INFO] HTTP Request: GET https://njcaastats.prestosports.com/sports/mbkb/2025-26/div1/boxscores/20260205_72ha.xml "HTTP/1.1 200 OK"
23:37:21 [INFO] HTTP Request: GET https://njcaastats.prestosports.com/sports/mbkb/2025-26/div1/boxscores/20260207_sjex.xml "HTTP/1.1 200 OK"
23:37:32 [INFO] HTTP Request: GET https://njcaastats.prestosports.com/sports/mbkb/2025-26/div1/boxscores/20260211_fs2o.xml "HTTP/1.1 200 OK"
23:37:43 [INFO] HTTP Request: GET https://njcaastats.prestosports.com/sports/mbkb/2025-26/div1/boxscores/20260214_tmb7.xml "HTTP/1.1 200 OK"
23:37:54 [INFO] HTTP Request: GET https://njcaastats.prestosports.com/sports/mbkb/2025-26/div1/boxscores/20260218_b7bk.xml "HTTP/1.1 200 OK"
23:38:05 [INFO] HTTP Request: GET https://njcaastats.prestosports.com/sports/mbkb/2025-26/div1/boxscores/20260222_0y92.xml "HTTP/1.1 200 OK"
23:38:05 [INFO]   Loaded: 25 games, 601 player-game-stat rows
23:38:05 [INFO] 
[13/20] Butler CC - KS
23:38:05 [INFO] Scraping team: Butler CC - KS (butlercommunitycollegeks)
23:38:25 [INFO] HTTP Request: GET https://njcaastats.prestosports.com/sports/mbkb/2025-26/div1/teams/butlercommunitycollegeks?view=roster "HTTP/1.1 200 OK"
23:38:26 [INFO]   Roster: 15 players
23:38:46 [INFO] HTTP Request: GET https://njcaastats.prestosports.com/sports/mbkb/2025-26/div1/teams/butlercommunitycollegeks?view=gamelog "HTTP/1.1 200 OK"
23:38:46 [INFO]   Games: 27 with box scores
23:38:57 [INFO] HTTP Request: GET https://njcaastats.prestosports.com/sports/mbkb/2025-26/div1/boxscores/20251103_jmhv.xml "HTTP/1.1 200 OK"
23:39:08 [INFO] HTTP Request: GET https://njcaastats.prestosports.com/sports/mbkb/2025-26/div1/boxscores/20251104_vuxt.xml "HTTP/1.1 200 OK"
23:39:19 [INFO] HTTP Request: GET https://njcaastats.prestosports.com/sports/mbkb/2025-26/div1/boxscores/20251107_29ch.xml "HTTP/1.1 200 OK"
23:39:30 [INFO] HTTP Request: GET https://njcaastats.prestosports.com/sports/mbkb/2025-26/div1/boxscores/20251108_4ky3.xml "HTTP/1.1 200 OK"
23:39:41 [INFO] HTTP Request: GET https://njcaastats.prestosports.com/sports/mbkb/2025-26/div1/boxscores/20251110_tjiq.xml "HTTP/1.1 200 OK"
23:39:52 [INFO] HTTP Request: GET https://njcaastats.prestosports.com/sports/mbkb/2025-26/div1/boxscores/20251115_nx6k.xml "HTTP/1.1 200 OK"
23:40:03 [INFO] HTTP Request: GET https://njcaastats.prestosports.com/sports/mbkb/2025-26/div1/boxscores/20251119_cyf1.xml "HTTP/1.1 200 OK"
23:40:14 [INFO] HTTP Request: GET https://njcaastats.prestosports.com/sports/mbkb/2025-26/div1/boxscores/20251122_c9nd.xml "HTTP/1.1 200 OK"
23:40:25 [INFO] HTTP Request: GET https://njcaastats.prestosports.com/sports/mbkb/2025-26/div1/boxscores/20251125_65ea.xml "HTTP/1.1 200 OK"
23:40:36 [INFO] HTTP Request: GET https://njcaastats.prestosports.com/sports/mbkb/2025-26/div1/boxscores/20251129_q79s.xml "HTTP/1.1 200 OK"
23:40:47 [INFO] HTTP Request: GET https://njcaastats.prestosports.com/sports/mbkb/2025-26/div1/boxscores/20251203_4riv.xml "HTTP/1.1 200 OK"
23:40:58 [INFO] HTTP Request: GET https://njcaastats.prestosports.com/sports/mbkb/2025-26/div1/boxscores/20251210_0r9y.xml "HTTP/1.1 200 OK"
23:41:09 [INFO] HTTP Request: GET https://njcaastats.prestosports.com/sports/mbkb/2025-26/div1/boxscores/20251213_jbtq.xml "HTTP/1.1 200 OK"
23:41:20 [INFO] HTTP Request: GET https://njcaastats.prestosports.com/sports/mbkb/2025-26/div1/boxscores/20260103_qi64.xml "HTTP/1.1 200 OK"
23:41:31 [INFO] HTTP Request: GET https://njcaastats.prestosports.com/sports/mbkb/2025-26/div1/boxscores/20260107_8csm.xml "HTTP/1.1 200 OK"
23:41:42 [INFO] HTTP Request: GET https://njcaastats.prestosports.com/sports/mbkb/2025-26/div1/boxscores/20260110_4th6.xml "HTTP/1.1 200 OK"
23:41:53 [INFO] HTTP Request: GET https://njcaastats.prestosports.com/sports/mbkb/2025-26/div1/boxscores/20260114_ymzc.xml "HTTP/1.1 200 OK"
23:42:04 [INFO] HTTP Request: GET https://njcaastats.prestosports.com/sports/mbkb/2025-26/div1/boxscores/20260117_fqor.xml "HTTP/1.1 200 OK"
23:42:15 [INFO] HTTP Request: GET https://njcaastats.prestosports.com/sports/mbkb/2025-26/div1/boxscores/20260121_ascc.xml "HTTP/1.1 200 OK"
23:42:26 [INFO] HTTP Request: GET https://njcaastats.prestosports.com/sports/mbkb/2025-26/div1/boxscores/20260126_oz7m.xml "HTTP/1.1 200 OK"
23:42:37 [INFO] HTTP Request: GET https://njcaastats.prestosports.com/sports/mbkb/2025-26/div1/boxscores/20260128_pjlh.xml "HTTP/1.1 200 OK"
23:42:48 [INFO] HTTP Request: GET https://njcaastats.prestosports.com/sports/mbkb/2025-26/div1/boxscores/20260131_0r0r.xml "HTTP/1.1 200 OK"
23:42:59 [INFO] HTTP Request: GET https://njcaastats.prestosports.com/sports/mbkb/2025-26/div1/boxscores/20260204_mirn.xml "HTTP/1.1 200 OK"
23:43:10 [INFO] HTTP Request: GET https://njcaastats.prestosports.com/sports/mbkb/2025-26/div1/boxscores/20260211_ruqg.xml "HTTP/1.1 200 OK"
23:43:21 [INFO] HTTP Request: GET https://njcaastats.prestosports.com/sports/mbkb/2025-26/div1/boxscores/20260214_h4kx.xml "HTTP/1.1 200 OK"
23:43:32 [INFO] HTTP Request: GET https://njcaastats.prestosports.com/sports/mbkb/2025-26/div1/boxscores/20260218_4zgd.xml "HTTP/1.1 200 OK"
23:43:44 [INFO] HTTP Request: GET https://njcaastats.prestosports.com/sports/mbkb/2025-26/div1/boxscores/20260221_zu83.xml "HTTP/1.1 200 OK"
23:43:45 [INFO]   Loaded: 27 games, 681 player-game-stat rows
23:43:45 [INFO] 
[14/20] Caldwell CC & Technical Institute
23:43:45 [INFO] Scraping team: Caldwell CC & Technical Institute (caldwellcommunitycollegetechnicali)
23:44:06 [INFO] HTTP Request: GET https://njcaastats.prestosports.com/sports/mbkb/2025-26/div1/teams/caldwellcommunitycollegetechnicali?view=roster "HTTP/1.1 200 OK"
23:44:06 [INFO]   Roster: 14 players
23:44:27 [INFO] HTTP Request: GET https://njcaastats.prestosports.com/sports/mbkb/2025-26/div1/teams/caldwellcommunitycollegetechnicali?view=gamelog "HTTP/1.1 200 OK"
23:44:27 [INFO]   Games: 25 with box scores
23:44:38 [INFO] HTTP Request: GET https://njcaastats.prestosports.com/sports/mbkb/2025-26/div1/boxscores/20251101_cfup.xml "HTTP/1.1 200 OK"
23:44:49 [INFO] HTTP Request: GET https://njcaastats.prestosports.com/sports/mbkb/2025-26/div1/boxscores/20251107_6mhv.xml "HTTP/1.1 200 OK"
23:45:00 [INFO] HTTP Request: GET https://njcaastats.prestosports.com/sports/mbkb/2025-26/div1/boxscores/20251108_k5po.xml "HTTP/1.1 200 OK"
23:45:10 [INFO] HTTP Request: GET https://njcaastats.prestosports.com/sports/mbkb/2025-26/div1/boxscores/20251112_js7h.xml "HTTP/1.1 200 OK"
23:45:21 [INFO] HTTP Request: GET https://njcaastats.prestosports.com/sports/mbkb/2025-26/div1/boxscores/20251119_3vz5.xml "HTTP/1.1 200 OK"
23:45:32 [INFO] HTTP Request: GET https://njcaastats.prestosports.com/sports/mbkb/2025-26/div1/boxscores/20251125_3g54.xml "HTTP/1.1 200 OK"
23:45:43 [INFO] HTTP Request: GET https://njcaastats.prestosports.com/sports/mbkb/2025-26/div1/boxscores/20251129_zfvw.xml "HTTP/1.1 200 OK"
23:45:54 [INFO] HTTP Request: GET https://njcaastats.prestosports.com/sports/mbkb/2025-26/div1/boxscores/20251130_9aij.xml "HTTP/1.1 200 OK"
23:46:05 [INFO] HTTP Request: GET https://njcaastats.prestosports.com/sports/mbkb/2025-26/div1/boxscores/20251206_6f8q.xml "HTTP/1.1 200 OK"
23:46:16 [INFO] HTTP Request: GET https://njcaastats.prestosports.com/sports/mbkb/2025-26/div1/boxscores/20251212_axvb.xml "HTTP/1.1 200 OK"
23:46:28 [INFO] HTTP Request: GET https://njcaastats.prestosports.com/sports/mbkb/2025-26/div1/boxscores/20251213_epnt.xml "HTTP/1.1 200 OK"
23:46:39 [INFO] HTTP Request: GET https://njcaastats.prestosports.com/sports/mbkb/2025-26/div1/boxscores/20251218_347z.xml "HTTP/1.1 200 OK"
23:46:50 [INFO] HTTP Request: GET https://njcaastats.prestosports.com/sports/mbkb/2025-26/div1/boxscores/20251220_bkce.xml "HTTP/1.1 200 OK"
23:47:01 [INFO] HTTP Request: GET https://njcaastats.prestosports.com/sports/mbkb/2025-26/div1/boxscores/20251230_ggrf.xml "HTTP/1.1 200 OK"
23:47:12 [INFO] HTTP Request: GET https://njcaastats.prestosports.com/sports/mbkb/2025-26/div1/boxscores/20260103_47yb.xml "HTTP/1.1 200 OK"
23:47:23 [INFO] HTTP Request: GET https://njcaastats.prestosports.com/sports/mbkb/2025-26/div1/boxscores/20260107_3t7l.xml "HTTP/1.1 200 OK"
23:47:34 [INFO] HTTP Request: GET https://njcaastats.prestosports.com/sports/mbkb/2025-26/div1/boxscores/20260110_x4w9.xml "HTTP/1.1 200 OK"
23:47:45 [INFO] HTTP Request: GET https://njcaastats.prestosports.com/sports/mbkb/2025-26/div1/boxscores/20260117_zpzc.xml "HTTP/1.1 200 OK"
23:47:56 [INFO] HTTP Request: GET https://njcaastats.prestosports.com/sports/mbkb/2025-26/div1/boxscores/20260121_o25e.xml "HTTP/1.1 200 OK"
23:48:07 [INFO] HTTP Request: GET https://njcaastats.prestosports.com/sports/mbkb/2025-26/div1/boxscores/20260123_mee6.xml "HTTP/1.1 200 OK"
23:48:18 [INFO] HTTP Request: GET https://njcaastats.prestosports.com/sports/mbkb/2025-26/div1/boxscores/20260207_ntqy.xml "HTTP/1.1 200 OK"
23:48:29 [INFO] HTTP Request: GET https://njcaastats.prestosports.com/sports/mbkb/2025-26/div1/boxscores/20260213_vwsu.xml "HTTP/1.1 200 OK"
23:48:40 [INFO] HTTP Request: GET https://njcaastats.prestosports.com/sports/mbkb/2025-26/div1/boxscores/20260214_tmb7.xml "HTTP/1.1 200 OK"
23:48:51 [INFO] HTTP Request: GET https://njcaastats.prestosports.com/sports/mbkb/2025-26/div1/boxscores/20260220_qxqd.xml "HTTP/1.1 200 OK"
23:49:02 [INFO] HTTP Request: GET https://njcaastats.prestosports.com/sports/mbkb/2025-26/div1/boxscores/20260221_gc6s.xml "HTTP/1.1 200 OK"
23:49:02 [INFO]   Loaded: 25 games, 621 player-game-stat rows
23:49:02 [INFO] 
[15/20] Calhoun CC
23:49:02 [INFO] Scraping team: Calhoun CC (calhouncommunitycollege)
23:49:23 [INFO] HTTP Request: GET https://njcaastats.prestosports.com/sports/mbkb/2025-26/div1/teams/calhouncommunitycollege?view=roster "HTTP/1.1 200 OK"
23:49:23 [INFO]   Roster: 15 players
23:49:43 [INFO] HTTP Request: GET https://njcaastats.prestosports.com/sports/mbkb/2025-26/div1/teams/calhouncommunitycollege?view=gamelog "HTTP/1.1 200 OK"
23:49:43 [INFO]   Games: 27 with box scores
23:49:54 [INFO] HTTP Request: GET https://njcaastats.prestosports.com/sports/mbkb/2025-26/div1/boxscores/20251031_qih1.xml "HTTP/1.1 200 OK"
23:50:05 [INFO] HTTP Request: GET https://njcaastats.prestosports.com/sports/mbkb/2025-26/div1/boxscores/20251101_16z4.xml "HTTP/1.1 200 OK"
23:50:16 [INFO] HTTP Request: GET https://njcaastats.prestosports.com/sports/mbkb/2025-26/div1/boxscores/20251104_ssmm.xml "HTTP/1.1 200 OK"
23:50:27 [INFO] HTTP Request: GET https://njcaastats.prestosports.com/sports/mbkb/2025-26/div1/boxscores/20251106_58nx.xml "HTTP/1.1 200 OK"
23:50:38 [INFO] HTTP Request: GET https://njcaastats.prestosports.com/sports/mbkb/2025-26/div1/boxscores/20251113_xiur.xml "HTTP/1.1 200 OK"
23:50:49 [INFO] HTTP Request: GET https://njcaastats.prestosports.com/sports/mbkb/2025-26/div1/boxscores/20251115_4ytu.xml "HTTP/1.1 200 OK"
23:51:00 [INFO] HTTP Request: GET https://njcaastats.prestosports.com/sports/mbkb/2025-26/div1/boxscores/20251122_gukg.xml "HTTP/1.1 200 OK"
23:51:11 [INFO] HTTP Request: GET https://njcaastats.prestosports.com/sports/mbkb/2025-26/div1/boxscores/20251125_12m7.xml "HTTP/1.1 200 OK"
23:51:23 [INFO] HTTP Request: GET https://njcaastats.prestosports.com/sports/mbkb/2025-26/div1/boxscores/20251202_bil3.xml "HTTP/1.1 200 OK"
23:51:33 [INFO] HTTP Request: GET https://njcaastats.prestosports.com/sports/mbkb/2025-26/div1/boxscores/20251204_dswp.xml "HTTP/1.1 200 OK"
23:51:44 [INFO] HTTP Request: GET https://njcaastats.prestosports.com/sports/mbkb/2025-26/div1/boxscores/20251208_9x1k.xml "HTTP/1.1 200 OK"
23:51:55 [INFO] HTTP Request: GET https://njcaastats.prestosports.com/sports/mbkb/2025-26/div1/boxscores/20251213_b9my.xml "HTTP/1.1 200 OK"
23:52:07 [INFO] HTTP Request: GET https://njcaastats.prestosports.com/sports/mbkb/2025-26/div1/boxscores/20251216_0naq.xml "HTTP/1.1 200 OK"
23:52:18 [INFO] HTTP Request: GET https://njcaastats.prestosports.com/sports/mbkb/2025-26/div1/boxscores/20251230_d9aw.xml "HTTP/1.1 200 OK"
23:52:29 [INFO] HTTP Request: GET https://njcaastats.prestosports.com/sports/mbkb/2025-26/div1/boxscores/20251231_a0wi.xml "HTTP/1.1 200 OK"
23:52:40 [INFO] HTTP Request: GET https://njcaastats.prestosports.com/sports/mbkb/2025-26/div1/boxscores/20260103_qbd5.xml "HTTP/1.1 200 OK"
23:52:51 [INFO] HTTP Request: GET https://njcaastats.prestosports.com/sports/mbkb/2025-26/div1/boxscores/20260115_mgkx.xml "HTTP/1.1 200 OK"
23:53:02 [INFO] HTTP Request: GET https://njcaastats.prestosports.com/sports/mbkb/2025-26/div1/boxscores/20260119_mc36.xml "HTTP/1.1 200 OK"
23:53:13 [INFO] HTTP Request: GET https://njcaastats.prestosports.com/sports/mbkb/2025-26/div1/boxscores/20260122_nbff.xml "HTTP/1.1 200 OK"
23:53:24 [INFO] HTTP Request: GET https://njcaastats.prestosports.com/sports/mbkb/2025-26/div1/boxscores/20260129_2f4k.xml "HTTP/1.1 200 OK"
23:53:36 [INFO] HTTP Request: GET https://njcaastats.prestosports.com/sports/mbkb/2025-26/div1/boxscores/20260202_cq0n.xml "HTTP/1.1 200 OK"
23:53:46 [INFO] HTTP Request: GET https://njcaastats.prestosports.com/sports/mbkb/2025-26/div1/boxscores/20260205_tr6t.xml "HTTP/1.1 200 OK"
23:53:57 [INFO] HTTP Request: GET https://njcaastats.prestosports.com/sports/mbkb/2025-26/div1/boxscores/20260209_7xbp.xml "HTTP/1.1 200 OK"
23:54:08 [INFO] HTTP Request: GET https://njcaastats.prestosports.com/sports/mbkb/2025-26/div1/boxscores/20260212_3qf1.xml "HTTP/1.1 200 OK"
23:54:19 [INFO] HTTP Request: GET https://njcaastats.prestosports.com/sports/mbkb/2025-26/div1/boxscores/20260216_w0zn.xml "HTTP/1.1 200 OK"
23:54:30 [INFO] HTTP Request: GET https://njcaastats.prestosports.com/sports/mbkb/2025-26/div1/boxscores/20260219_k0t8.xml "HTTP/1.1 200 OK"
23:54:41 [INFO] HTTP Request: GET https://njcaastats.prestosports.com/sports/mbkb/2025-26/div1/boxscores/20260223_oujy.xml "HTTP/1.1 200 OK"
23:54:41 [INFO]   Loaded: 27 games, 695 player-game-stat rows
23:54:41 [INFO] 
[16/20] Cape Fear CC
23:54:41 [INFO] Scraping team: Cape Fear CC (capefearcommunitycollege)
23:55:02 [INFO] HTTP Request: GET https://njcaastats.prestosports.com/sports/mbkb/2025-26/div1/teams/capefearcommunitycollege?view=roster "HTTP/1.1 200 OK"
23:55:02 [INFO]   Roster: 13 players
23:55:21 [INFO] HTTP Request: GET https://njcaastats.prestosports.com/sports/mbkb/2025-26/div1/teams/capefearcommunitycollege?view=gamelog "HTTP/1.1 200 OK"
23:55:21 [INFO]   Games: 20 with box scores
23:55:32 [INFO] HTTP Request: GET https://njcaastats.prestosports.com/sports/mbkb/2025-26/div1/boxscores/20251031_jiyz.xml "HTTP/1.1 200 OK"
23:55:43 [INFO] HTTP Request: GET https://njcaastats.prestosports.com/sports/mbkb/2025-26/div1/boxscores/20251101_4ntb.xml "HTTP/1.1 200 OK"
23:55:54 [INFO] HTTP Request: GET https://njcaastats.prestosports.com/sports/mbkb/2025-26/div1/boxscores/20251104_rqks.xml "HTTP/1.1 200 OK"
23:56:05 [INFO] HTTP Request: GET https://njcaastats.prestosports.com/sports/mbkb/2025-26/div1/boxscores/20251115_rq8l.xml "HTTP/1.1 200 OK"
23:56:16 [INFO] HTTP Request: GET https://njcaastats.prestosports.com/sports/mbkb/2025-26/div1/boxscores/20251120_n1a9.xml "HTTP/1.1 200 OK"
23:56:27 [INFO] HTTP Request: GET https://njcaastats.prestosports.com/sports/mbkb/2025-26/div1/boxscores/20251206_3mjp.xml "HTTP/1.1 200 OK"
23:56:38 [INFO] HTTP Request: GET https://njcaastats.prestosports.com/sports/mbkb/2025-26/div1/boxscores/20251212_ze0o.xml "HTTP/1.1 200 OK"
23:56:49 [INFO] HTTP Request: GET https://njcaastats.prestosports.com/sports/mbkb/2025-26/div1/boxscores/20251214_d59k.xml "HTTP/1.1 200 OK"
23:57:00 [INFO] HTTP Request: GET https://njcaastats.prestosports.com/sports/mbkb/2025-26/div1/boxscores/20260103_ttjk.xml "HTTP/1.1 200 OK"
23:57:11 [INFO] HTTP Request: GET https://njcaastats.prestosports.com/sports/mbkb/2025-26/div1/boxscores/20260107_bypi.xml "HTTP/1.1 200 OK"
23:57:23 [INFO] HTTP Request: GET https://njcaastats.prestosports.com/sports/mbkb/2025-26/div1/boxscores/20260110_l61a.xml "HTTP/1.1 200 OK"
23:57:34 [INFO] HTTP Request: GET https://njcaastats.prestosports.com/sports/mbkb/2025-26/div1/boxscores/20260117_zpzc.xml "HTTP/1.1 200 OK"
23:57:45 [INFO] HTTP Request: GET https://njcaastats.prestosports.com/sports/mbkb/2025-26/div1/boxscores/20260121_m3w1.xml "HTTP/1.1 200 OK"
23:57:56 [INFO] HTTP Request: GET https://njcaastats.prestosports.com/sports/mbkb/2025-26/div1/boxscores/20260123_esps.xml "HTTP/1.1 200 OK"
23:58:07 [INFO] HTTP Request: GET https://njcaastats.prestosports.com/sports/mbkb/2025-26/div1/boxscores/20260129_e6d1.xml "HTTP/1.1 200 OK"
23:58:18 [INFO] HTTP Request: GET https://njcaastats.prestosports.com/sports/mbkb/2025-26/div1/boxscores/20260205_72ha.xml "HTTP/1.1 200 OK"
23:58:29 [INFO] HTTP Request: GET https://njcaastats.prestosports.com/sports/mbkb/2025-26/div1/boxscores/20260210_qehq.xml "HTTP/1.1 200 OK"
23:58:40 [INFO] HTTP Request: GET https://njcaastats.prestosports.com/sports/mbkb/2025-26/div1/boxscores/20260213_vwsu.xml "HTTP/1.1 200 OK"
23:58:51 [INFO] HTTP Request: GET https://njcaastats.prestosports.com/sports/mbkb/2025-26/div1/boxscores/20260218_8d2e.xml "HTTP/1.1 200 OK"
23:59:02 [INFO] HTTP Request: GET https://njcaastats.prestosports.com/sports/mbkb/2025-26/div1/boxscores/20260221_t0ci.xml "HTTP/1.1 200 OK"
23:59:02 [INFO]   Loaded: 20 games, 422 player-game-stat rows
23:59:02 [INFO] 
[17/20] Casper College
23:59:02 [INFO] Scraping team: Casper College (caspercollege)
23:59:21 [INFO] HTTP Request: GET https://njcaastats.prestosports.com/sports/mbkb/2025-26/div1/teams/caspercollege?view=roster "HTTP/1.1 200 OK"
23:59:22 [INFO]   Roster: 12 players
23:59:43 [INFO] HTTP Request: GET https://njcaastats.prestosports.com/sports/mbkb/2025-26/div1/teams/caspercollege?view=gamelog "HTTP/1.1 200 OK"
23:59:43 [INFO]   Games: 28 with box scores
23:59:54 [INFO] HTTP Request: GET https://njcaastats.prestosports.com/sports/mbkb/2025-26/div1/boxscores/20251101_russ.xml "HTTP/1.1 200 OK"
00:00:05 [INFO] HTTP Request: GET https://njcaastats.prestosports.com/sports/mbkb/2025-26/div1/boxscores/20251106_3bgb.xml "HTTP/1.1 200 OK"
00:00:16 [INFO] HTTP Request: GET https://njcaastats.prestosports.com/sports/mbkb/2025-26/div1/boxscores/20251107_sbxv.xml "HTTP/1.1 200 OK"
00:00:27 [INFO] HTTP Request: GET https://njcaastats.prestosports.com/sports/mbkb/2025-26/div1/boxscores/20251108_6kvr.xml "HTTP/1.1 200 OK"
00:00:38 [INFO] HTTP Request: GET https://njcaastats.prestosports.com/sports/mbkb/2025-26/div1/boxscores/20251114_ce5c.xml "HTTP/1.1 200 OK"
00:00:49 [INFO] HTTP Request: GET https://njcaastats.prestosports.com/sports/mbkb/2025-26/div1/boxscores/20251115_ix09.xml "HTTP/1.1 200 OK"
00:01:00 [INFO] HTTP Request: GET https://njcaastats.prestosports.com/sports/mbkb/2025-26/div1/boxscores/20251120_vypd.xml "HTTP/1.1 200 OK"
00:01:11 [INFO] HTTP Request: GET https://njcaastats.prestosports.com/sports/mbkb/2025-26/div1/boxscores/20251121_zog5.xml "HTTP/1.1 200 OK"
00:01:22 [INFO] HTTP Request: GET https://njcaastats.prestosports.com/sports/mbkb/2025-26/div1/boxscores/20251122_r1hq.xml "HTTP/1.1 200 OK"
00:01:33 [INFO] HTTP Request: GET https://njcaastats.prestosports.com/sports/mbkb/2025-26/div1/boxscores/20251128_ewjt.xml "HTTP/1.1 200 OK"
00:01:44 [INFO] HTTP Request: GET https://njcaastats.prestosports.com/sports/mbkb/2025-26/div1/boxscores/20251129_8t7z.xml "HTTP/1.1 200 OK"
00:01:55 [INFO] HTTP Request: GET https://njcaastats.prestosports.com/sports/mbkb/2025-26/div1/boxscores/20251205_puh2.xml "HTTP/1.1 200 OK"
00:02:06 [INFO] HTTP Request: GET https://njcaastats.prestosports.com/sports/mbkb/2025-26/div1/boxscores/20251206_cw5d.xml "HTTP/1.1 200 OK"
00:02:17 [INFO] HTTP Request: GET https://njcaastats.prestosports.com/sports/mbkb/2025-26/div1/boxscores/20251212_77jb.xml "HTTP/1.1 200 OK"
00:02:28 [INFO] HTTP Request: GET https://njcaastats.prestosports.com/sports/mbkb/2025-26/div1/boxscores/20251213_y1ds.xml "HTTP/1.1 200 OK"
00:02:39 [INFO] HTTP Request: GET https://njcaastats.prestosports.com/sports/mbkb/2025-26/div1/boxscores/20260107_z5d5.xml "HTTP/1.1 200 OK"
00:02:50 [INFO] HTTP Request: GET https://njcaastats.prestosports.com/sports/mbkb/2025-26/div1/boxscores/20260108_w8h8.xml "HTTP/1.1 200 OK"
00:03:01 [INFO] HTTP Request: GET https://njcaastats.prestosports.com/sports/mbkb/2025-26/div1/boxscores/20260114_zo38.xml "HTTP/1.1 200 OK"
00:03:12 [INFO] HTTP Request: GET https://njcaastats.prestosports.com/sports/mbkb/2025-26/div1/boxscores/20260117_0txw.xml "HTTP/1.1 200 OK"
00:03:23 [INFO] HTTP Request: GET https://njcaastats.prestosports.com/sports/mbkb/2025-26/div1/boxscores/20260124_e1qt.xml "HTTP/1.1 200 OK"
00:03:34 [INFO] HTTP Request: GET https://njcaastats.prestosports.com/sports/mbkb/2025-26/div1/boxscores/20260128_o7cy.xml "HTTP/1.1 200 OK"
00:03:45 [INFO] HTTP Request: GET https://njcaastats.prestosports.com/sports/mbkb/2025-26/div1/boxscores/20260131_ovzc.xml "HTTP/1.1 200 OK"
00:03:56 [INFO] HTTP Request: GET https://njcaastats.prestosports.com/sports/mbkb/2025-26/div1/boxscores/20260204_zr0w.xml "HTTP/1.1 200 OK"
00:04:07 [INFO] HTTP Request: GET https://njcaastats.prestosports.com/sports/mbkb/2025-26/div1/boxscores/20260207_425d.xml "HTTP/1.1 200 OK"
00:04:18 [INFO] HTTP Request: GET https://njcaastats.prestosports.com/sports/mbkb/2025-26/div1/boxscores/20260211_a1o7.xml "HTTP/1.1 200 OK"
00:04:30 [INFO] HTTP Request: GET https://njcaastats.prestosports.com/sports/mbkb/2025-26/div1/boxscores/20260214_up8a.xml "HTTP/1.1 200 OK"
00:04:40 [INFO] HTTP Request: GET https://njcaastats.prestosports.com/sports/mbkb/2025-26/div1/boxscores/20260218_nog0.xml "HTTP/1.1 200 OK"
00:04:51 [INFO] HTTP Request: GET https://njcaastats.prestosports.com/sports/mbkb/2025-26/div1/boxscores/20260221_6hrv.xml "HTTP/1.1 200 OK"
00:04:51 [INFO]   Loaded: 28 games, 584 player-game-stat rows
00:04:51 [INFO] 
[18/20] Central Arizona College
00:04:51 [INFO] Scraping team: Central Arizona College (centralarizonacollege)
00:05:12 [INFO] HTTP Request: GET https://njcaastats.prestosports.com/sports/mbkb/2025-26/div1/teams/centralarizonacollege?view=roster "HTTP/1.1 200 OK"
00:05:12 [INFO]   Roster: 14 players
00:05:32 [INFO] HTTP Request: GET https://njcaastats.prestosports.com/sports/mbkb/2025-26/div1/teams/centralarizonacollege?view=gamelog "HTTP/1.1 200 OK"
00:05:33 [INFO]   Games: 28 with box scores
00:05:43 [INFO] HTTP Request: GET https://njcaastats.prestosports.com/sports/mbkb/2025-26/div1/boxscores/20251101_f96k.xml "HTTP/1.1 200 OK"
00:05:54 [INFO] HTTP Request: GET https://njcaastats.prestosports.com/sports/mbkb/2025-26/div1/boxscores/20251104_kwm0.xml "HTTP/1.1 200 OK"
00:06:05 [INFO] HTTP Request: GET https://njcaastats.prestosports.com/sports/mbkb/2025-26/div1/boxscores/20251114_1hq9.xml "HTTP/1.1 200 OK"
00:06:16 [INFO] HTTP Request: GET https://njcaastats.prestosports.com/sports/mbkb/2025-26/div1/boxscores/20251115_jlew.xml "HTTP/1.1 200 OK"
00:06:27 [INFO] HTTP Request: GET https://njcaastats.prestosports.com/sports/mbkb/2025-26/div1/boxscores/20251120_42j7.xml "HTTP/1.1 200 OK"
00:06:38 [INFO] HTTP Request: GET https://njcaastats.prestosports.com/sports/mbkb/2025-26/div1/boxscores/20251121_8hh8.xml "HTTP/1.1 200 OK"
00:06:49 [INFO] HTTP Request: GET https://njcaastats.prestosports.com/sports/mbkb/2025-26/div1/boxscores/20251122_r1hq.xml "HTTP/1.1 200 OK"
00:07:00 [INFO] HTTP Request: GET https://njcaastats.prestosports.com/sports/mbkb/2025-26/div1/boxscores/20251125_fcck.xml "HTTP/1.1 200 OK"
00:07:11 [INFO] HTTP Request: GET https://njcaastats.prestosports.com/sports/mbkb/2025-26/div1/boxscores/20251206_g267.xml "HTTP/1.1 200 OK"
00:07:24 [INFO] HTTP Request: GET https://njcaastats.prestosports.com/sports/mbkb/2025-26/div1/boxscores/20251212_26p4.xml "HTTP/1.1 200 OK"
00:07:35 [INFO] HTTP Request: GET https://njcaastats.prestosports.com/sports/mbkb/2025-26/div1/boxscores/20251213_obyg.xml "HTTP/1.1 200 OK"
00:07:46 [INFO] HTTP Request: GET https://njcaastats.prestosports.com/sports/mbkb/2025-26/div1/boxscores/20251216_djd5.xml "HTTP/1.1 200 OK"
00:07:56 [INFO] HTTP Request: GET https://njcaastats.prestosports.com/sports/mbkb/2025-26/div1/boxscores/20251217_0q0p.xml "HTTP/1.1 200 OK"
00:08:07 [INFO] HTTP Request: GET https://njcaastats.prestosports.com/sports/mbkb/2025-26/div1/boxscores/20251218_no9j.xml "HTTP/1.1 200 OK"
00:08:18 [INFO] HTTP Request: GET https://njcaastats.prestosports.com/sports/mbkb/2025-26/div1/boxscores/20260103_cyvw.xml "HTTP/1.1 200 OK"
00:08:29 [INFO] HTTP Request: GET https://njcaastats.prestosports.com/sports/mbkb/2025-26/div1/boxscores/20260110_xtuh.xml "HTTP/1.1 200 OK"
00:08:40 [INFO] HTTP Request: GET https://njcaastats.prestosports.com/sports/mbkb/2025-26/div1/boxscores/20260114_8rne.xml "HTTP/1.1 200 OK"
00:08:53 [INFO] HTTP Request: GET https://njcaastats.prestosports.com/sports/mbkb/2025-26/div1/boxscores/20260117_ro51.xml "HTTP/1.1 200 OK"
00:09:04 [INFO] HTTP Request: GET https://njcaastats.prestosports.com/sports/mbkb/2025-26/div1/boxscores/20260121_dyxc.xml "HTTP/1.1 200 OK"
00:09:15 [INFO] HTTP Request: GET https://njcaastats.prestosports.com/sports/mbkb/2025-26/div1/boxscores/20260124_8nxm.xml "HTTP/1.1 200 OK"
00:09:26 [INFO] HTTP Request: GET https://njcaastats.prestosports.com/sports/mbkb/2025-26/div1/boxscores/20260128_lnx0.xml "HTTP/1.1 200 OK"
00:09:37 [INFO] HTTP Request: GET https://njcaastats.prestosports.com/sports/mbkb/2025-26/div1/boxscores/20260131_4awf.xml "HTTP/1.1 200 OK"
00:09:48 [INFO] HTTP Request: GET https://njcaastats.prestosports.com/sports/mbkb/2025-26/div1/boxscores/20260204_5hb1.xml "HTTP/1.1 200 OK"
00:09:59 [INFO] HTTP Request: GET https://njcaastats.prestosports.com/sports/mbkb/2025-26/div1/boxscores/20260207_gki6.xml "HTTP/1.1 200 OK"
00:10:10 [INFO] HTTP Request: GET https://njcaastats.prestosports.com/sports/mbkb/2025-26/div1/boxscores/20260211_f5dh.xml "HTTP/1.1 200 OK"
00:10:21 [INFO] HTTP Request: GET https://njcaastats.prestosports.com/sports/mbkb/2025-26/div1/boxscores/20260214_dn90.xml "HTTP/1.1 200 OK"
00:10:32 [INFO] HTTP Request: GET https://njcaastats.prestosports.com/sports/mbkb/2025-26/div1/boxscores/20260218_qs57.xml "HTTP/1.1 200 OK"
00:10:43 [INFO] HTTP Request: GET https://njcaastats.prestosports.com/sports/mbkb/2025-26/div1/boxscores/20260221_6hgy.xml "HTTP/1.1 200 OK"
00:10:44 [INFO]   Loaded: 28 games, 629 player-game-stat rows
00:10:44 [INFO] 
[19/20] Central Georgia Technical College
00:10:44 [INFO] Scraping team: Central Georgia Technical College (centralgeorgiatechnicalcollege)
00:11:03 [INFO] HTTP Request: GET https://njcaastats.prestosports.com/sports/mbkb/2025-26/div1/teams/centralgeorgiatechnicalcollege?view=roster "HTTP/1.1 200 OK"
00:11:03 [INFO]   Roster: 14 players
00:11:25 [INFO] HTTP Request: GET https://njcaastats.prestosports.com/sports/mbkb/2025-26/div1/teams/centralgeorgiatechnicalcollege?view=gamelog "HTTP/1.1 200 OK"
00:11:26 [INFO]   Games: 23 with box scores
00:11:36 [INFO] HTTP Request: GET https://njcaastats.prestosports.com/sports/mbkb/2025-26/div1/boxscores/20251031_dbfj.xml "HTTP/1.1 200 OK"
00:11:47 [INFO] HTTP Request: GET https://njcaastats.prestosports.com/sports/mbkb/2025-26/div1/boxscores/20251105_d937.xml "HTTP/1.1 200 OK"
00:11:59 [INFO] HTTP Request: GET https://njcaastats.prestosports.com/sports/mbkb/2025-26/div1/boxscores/20251108_b760.xml "HTTP/1.1 200 OK"
00:12:10 [INFO] HTTP Request: GET https://njcaastats.prestosports.com/sports/mbkb/2025-26/div1/boxscores/20251118_xqld.xml "HTTP/1.1 200 OK"
00:12:21 [INFO] HTTP Request: GET https://njcaastats.prestosports.com/sports/mbkb/2025-26/div1/boxscores/20251128_o21o.xml "HTTP/1.1 200 OK"
00:12:32 [INFO] HTTP Request: GET https://njcaastats.prestosports.com/sports/mbkb/2025-26/div1/boxscores/20251129_weoy.xml "HTTP/1.1 200 OK"
00:12:43 [INFO] HTTP Request: GET https://njcaastats.prestosports.com/sports/mbkb/2025-26/div1/boxscores/20251130_36pe.xml "HTTP/1.1 200 OK"
00:12:54 [INFO] HTTP Request: GET https://njcaastats.prestosports.com/sports/mbkb/2025-26/div1/boxscores/20251203_tyds.xml "HTTP/1.1 200 OK"
00:13:05 [INFO] HTTP Request: GET https://njcaastats.prestosports.com/sports/mbkb/2025-26/div1/boxscores/20251206_odj5.xml "HTTP/1.1 200 OK"
00:13:16 [INFO] HTTP Request: GET https://njcaastats.prestosports.com/sports/mbkb/2025-26/div1/boxscores/20251213_9gir.xml "HTTP/1.1 200 OK"
00:13:27 [INFO] HTTP Request: GET https://njcaastats.prestosports.com/sports/mbkb/2025-26/div1/boxscores/20260103_g2fj.xml "HTTP/1.1 200 OK"
00:13:38 [INFO] HTTP Request: GET https://njcaastats.prestosports.com/sports/mbkb/2025-26/div1/boxscores/20260107_4qvs.xml "HTTP/1.1 200 OK"
00:13:49 [INFO] HTTP Request: GET https://njcaastats.prestosports.com/sports/mbkb/2025-26/div1/boxscores/20260110_yn1q.xml "HTTP/1.1 200 OK"
00:14:00 [INFO] HTTP Request: GET https://njcaastats.prestosports.com/sports/mbkb/2025-26/div1/boxscores/20260114_0hfj.xml "HTTP/1.1 200 OK"
00:14:11 [INFO] HTTP Request: GET https://njcaastats.prestosports.com/sports/mbkb/2025-26/div1/boxscores/20260117_xm0e.xml "HTTP/1.1 200 OK"
00:14:22 [INFO] HTTP Request: GET https://njcaastats.prestosports.com/sports/mbkb/2025-26/div1/boxscores/20260121_h9p7.xml "HTTP/1.1 200 OK"
00:14:33 [INFO] HTTP Request: GET https://njcaastats.prestosports.com/sports/mbkb/2025-26/div1/boxscores/20260124_qkxu.xml "HTTP/1.1 200 OK"
00:14:44 [INFO] HTTP Request: GET https://njcaastats.prestosports.com/sports/mbkb/2025-26/div1/boxscores/20260128_9f7n.xml "HTTP/1.1 200 OK"
00:14:55 [INFO] HTTP Request: GET https://njcaastats.prestosports.com/sports/mbkb/2025-26/div1/boxscores/20260204_ved9.xml "HTTP/1.1 200 OK"
00:15:06 [INFO] HTTP Request: GET https://njcaastats.prestosports.com/sports/mbkb/2025-26/div1/boxscores/20260207_2xnw.xml "HTTP/1.1 200 OK"
00:15:17 [INFO] HTTP Request: GET https://njcaastats.prestosports.com/sports/mbkb/2025-26/div1/boxscores/20260211_o0h8.xml "HTTP/1.1 200 OK"
00:15:28 [INFO] HTTP Request: GET https://njcaastats.prestosports.com/sports/mbkb/2025-26/div1/boxscores/20260218_fqmt.xml "HTTP/1.1 200 OK"
00:15:39 [INFO] HTTP Request: GET https://njcaastats.prestosports.com/sports/mbkb/2025-26/div1/boxscores/20260221_4kh0.xml "HTTP/1.1 200 OK"
00:15:39 [INFO]   Loaded: 23 games, 559 player-game-stat rows
00:15:39 [INFO] 
[20/20] Central Wyoming College
00:15:39 [INFO] Scraping team: Central Wyoming College (centralwyomingcollege)
00:16:00 [INFO] HTTP Request: GET https://njcaastats.prestosports.com/sports/mbkb/2025-26/div1/teams/centralwyomingcollege?view=roster "HTTP/1.1 200 OK"
00:16:00 [INFO]   Roster: 13 players
00:16:22 [INFO] HTTP Request: GET https://njcaastats.prestosports.com/sports/mbkb/2025-26/div1/teams/centralwyomingcollege?view=gamelog "HTTP/1.1 200 OK"
00:16:22 [INFO]   Games: 25 with box scores
00:16:33 [INFO] HTTP Request: GET https://njcaastats.prestosports.com/sports/mbkb/2025-26/div1/boxscores/20251031_o5e8.xml "HTTP/1.1 200 OK"
00:16:44 [INFO] HTTP Request: GET https://njcaastats.prestosports.com/sports/mbkb/2025-26/div1/boxscores/20251101_ke9e.xml "HTTP/1.1 200 OK"
00:16:55 [INFO] HTTP Request: GET https://njcaastats.prestosports.com/sports/mbkb/2025-26/div1/boxscores/20251104_96wo.xml "HTTP/1.1 200 OK"
00:17:06 [INFO] HTTP Request: GET https://njcaastats.prestosports.com/sports/mbkb/2025-26/div1/boxscores/20251107_1laz.xml "HTTP/1.1 200 OK"
00:17:17 [INFO] HTTP Request: GET https://njcaastats.prestosports.com/sports/mbkb/2025-26/div1/boxscores/20251114_amou.xml "HTTP/1.1 200 OK"
00:17:28 [INFO] HTTP Request: GET https://njcaastats.prestosports.com/sports/mbkb/2025-26/div1/boxscores/20251115_r4vo.xml "HTTP/1.1 200 OK"
00:17:39 [INFO] HTTP Request: GET https://njcaastats.prestosports.com/sports/mbkb/2025-26/div1/boxscores/20251121_l2aw.xml "HTTP/1.1 200 OK"
00:17:50 [INFO] HTTP Request: GET https://njcaastats.prestosports.com/sports/mbkb/2025-26/div1/boxscores/20251122_jkdr.xml "HTTP/1.1 200 OK"
00:18:01 [INFO] HTTP Request: GET https://njcaastats.prestosports.com/sports/mbkb/2025-26/div1/boxscores/20251128_j5y0.xml "HTTP/1.1 200 OK"
00:18:12 [INFO] HTTP Request: GET https://njcaastats.prestosports.com/sports/mbkb/2025-26/div1/boxscores/20251129_1x5p.xml "HTTP/1.1 200 OK"
00:18:24 [INFO] HTTP Request: GET https://njcaastats.prestosports.com/sports/mbkb/2025-26/div1/boxscores/20251205_n80r.xml "HTTP/1.1 200 OK"
00:18:35 [INFO] HTTP Request: GET https://njcaastats.prestosports.com/sports/mbkb/2025-26/div1/boxscores/20251206_pgs0.xml "HTTP/1.1 200 OK"
00:18:46 [INFO] HTTP Request: GET https://njcaastats.prestosports.com/sports/mbkb/2025-26/div1/boxscores/20251212_b4du.xml "HTTP/1.1 200 OK"
00:18:57 [INFO] HTTP Request: GET https://njcaastats.prestosports.com/sports/mbkb/2025-26/div1/boxscores/20251213_u4ig.xml "HTTP/1.1 200 OK"
00:19:08 [INFO] HTTP Request: GET https://njcaastats.prestosports.com/sports/mbkb/2025-26/div1/boxscores/20260109_w0vi.xml "HTTP/1.1 200 OK"
00:19:19 [INFO] HTTP Request: GET https://njcaastats.prestosports.com/sports/mbkb/2025-26/div1/boxscores/20260114_zo38.xml "HTTP/1.1 200 OK"
00:19:30 [INFO] HTTP Request: GET https://njcaastats.prestosports.com/sports/mbkb/2025-26/div1/boxscores/20260117_8isx.xml "HTTP/1.1 200 OK"
00:19:41 [INFO] HTTP Request: GET https://njcaastats.prestosports.com/sports/mbkb/2025-26/div1/boxscores/20260121_idtj.xml "HTTP/1.1 200 OK"
00:19:52 [INFO] HTTP Request: GET https://njcaastats.prestosports.com/sports/mbkb/2025-26/div1/boxscores/20260124_d9xg.xml "HTTP/1.1 200 OK"
00:20:03 [INFO] HTTP Request: GET https://njcaastats.prestosports.com/sports/mbkb/2025-26/div1/boxscores/20260131_n9fg.xml "HTTP/1.1 200 OK"
00:20:14 [INFO] HTTP Request: GET https://njcaastats.prestosports.com/sports/mbkb/2025-26/div1/boxscores/20260204_q7up.xml "HTTP/1.1 200 OK"
00:20:25 [INFO] HTTP Request: GET https://njcaastats.prestosports.com/sports/mbkb/2025-26/div1/boxscores/20260207_425d.xml "HTTP/1.1 200 OK"
00:20:36 [INFO] HTTP Request: GET https://njcaastats.prestosports.com/sports/mbkb/2025-26/div1/boxscores/20260211_ui28.xml "HTTP/1.1 200 OK"
00:20:47 [INFO] HTTP Request: GET https://njcaastats.prestosports.com/sports/mbkb/2025-26/div1/boxscores/20260214_u7k9.xml "HTTP/1.1 200 OK"
00:20:58 [INFO] HTTP Request: GET https://njcaastats.prestosports.com/sports/mbkb/2025-26/div1/boxscores/20260218_ig9o.xml "HTTP/1.1 200 OK"
00:20:58 [INFO]   Loaded: 25 games, 553 player-game-stat rows
00:20:58 [INFO] 
============================================================
00:20:58 [INFO]   BATCH COMPLETE: 20 teams, 526 games, 12436 PGS rows
00:20:58 [INFO] ============================================================

============================================================
  BATCH (njcaa_d1) — FINAL SUMMARY
============================================================
  Total teams discovered & scraped: 396
  Total players in database:        4359
  Total games with box scores:      825
  Total player_game_stats rows:     20073
  Total team_game_stats rows:       1001
  Total HTTP requests:              999
  Failed URLs (in scrape_log):      0
============================================================
