16:44:42 [INFO] Batch: 15 teams, level=cccaa, assoc=cccaa
16:44:42 [INFO] 
[1/15] San Francisco
16:44:42 [INFO] Scraping team: San Francisco (sanfrancisco)
16:44:44 [INFO] HTTP Request: GET https://cccaa.prestosports.com/sports/mbkb/2025-26/teams/sanfrancisco?view=roster "HTTP/1.1 200 OK"
16:44:44 [INFO]   Roster: 0 players
16:44:56 [INFO] HTTP Request: GET https://cccaa.prestosports.com/sports/mbkb/2025-26/teams/sanfrancisco?view=gamelog "HTTP/1.1 200 OK"
16:44:56 [INFO]   Games: 28 with box scores
16:45:07 [INFO] HTTP Request: GET https://cccaa.prestosports.com/sports/mbkb/2025-26/boxscores/20251101_ba23.xml "HTTP/1.1 200 OK"
16:45:18 [INFO] HTTP Request: GET https://cccaa.prestosports.com/sports/mbkb/2025-26/boxscores/20251102_yrzd.xml "HTTP/1.1 200 OK"
16:45:30 [INFO] HTTP Request: GET https://cccaa.prestosports.com/sports/mbkb/2025-26/boxscores/20251107_2yzi.xml "HTTP/1.1 200 OK"
16:45:41 [INFO] HTTP Request: GET https://cccaa.prestosports.com/sports/mbkb/2025-26/boxscores/20251114_pyik.xml "HTTP/1.1 200 OK"
16:45:53 [INFO] HTTP Request: GET https://cccaa.prestosports.com/sports/mbkb/2025-26/boxscores/20251115_329t.xml "HTTP/1.1 200 OK"
16:46:04 [INFO] HTTP Request: GET https://cccaa.prestosports.com/sports/mbkb/2025-26/boxscores/20251116_zn9e.xml "HTTP/1.1 200 OK"
16:46:15 [INFO] HTTP Request: GET https://cccaa.prestosports.com/sports/mbkb/2025-26/boxscores/20251121_uxyg.xml "HTTP/1.1 200 OK"
16:46:27 [INFO] HTTP Request: GET https://cccaa.prestosports.com/sports/mbkb/2025-26/boxscores/20251205_p1be.xml "HTTP/1.1 200 OK"
16:46:39 [INFO] HTTP Request: GET https://cccaa.prestosports.com/sports/mbkb/2025-26/boxscores/20251211_xeny.xml "HTTP/1.1 200 OK"
16:46:50 [INFO] HTTP Request: GET https://cccaa.prestosports.com/sports/mbkb/2025-26/boxscores/20251212_fx1r.xml "HTTP/1.1 200 OK"
16:47:01 [INFO] HTTP Request: GET https://cccaa.prestosports.com/sports/mbkb/2025-26/boxscores/20251213_aijd.xml "HTTP/1.1 200 OK"
16:47:12 [INFO] HTTP Request: GET https://cccaa.prestosports.com/sports/mbkb/2025-26/boxscores/20251218_mkys.xml "HTTP/1.1 200 OK"
16:47:23 [INFO] HTTP Request: GET https://cccaa.prestosports.com/sports/mbkb/2025-26/boxscores/20251219_oo66.xml "HTTP/1.1 200 OK"
16:47:34 [INFO] HTTP Request: GET https://cccaa.prestosports.com/sports/mbkb/2025-26/boxscores/20251220_dcez.xml "HTTP/1.1 200 OK"
16:47:46 [INFO] HTTP Request: GET https://cccaa.prestosports.com/sports/mbkb/2025-26/boxscores/20260107_c42l.xml "HTTP/1.1 200 OK"
16:47:57 [INFO] HTTP Request: GET https://cccaa.prestosports.com/sports/mbkb/2025-26/boxscores/20260109_jgtp.xml "HTTP/1.1 200 OK"
16:48:08 [INFO] HTTP Request: GET https://cccaa.prestosports.com/sports/mbkb/2025-26/boxscores/20260114_8frq.xml "HTTP/1.1 200 OK"
16:48:20 [INFO] HTTP Request: GET https://cccaa.prestosports.com/sports/mbkb/2025-26/boxscores/20260116_a7qg.xml "HTTP/1.1 200 OK"
16:48:31 [INFO] HTTP Request: GET https://cccaa.prestosports.com/sports/mbkb/2025-26/boxscores/20260121_pi4s.xml "HTTP/1.1 200 OK"
16:48:42 [INFO] HTTP Request: GET https://cccaa.prestosports.com/sports/mbkb/2025-26/boxscores/20260123_j6hk.xml "HTTP/1.1 200 OK"
16:48:54 [INFO] HTTP Request: GET https://cccaa.prestosports.com/sports/mbkb/2025-26/boxscores/20260128_37nq.xml "HTTP/1.1 200 OK"
16:49:05 [INFO] HTTP Request: GET https://cccaa.prestosports.com/sports/mbkb/2025-26/boxscores/20260130_et03.xml "HTTP/1.1 200 OK"
16:49:16 [INFO] HTTP Request: GET https://cccaa.prestosports.com/sports/mbkb/2025-26/boxscores/20260204_93hx.xml "HTTP/1.1 200 OK"
16:49:27 [INFO] HTTP Request: GET https://cccaa.prestosports.com/sports/mbkb/2025-26/boxscores/20260206_6gy0.xml "HTTP/1.1 200 OK"
16:49:38 [INFO] HTTP Request: GET https://cccaa.prestosports.com/sports/mbkb/2025-26/boxscores/20260211_k127.xml "HTTP/1.1 200 OK"
16:49:50 [INFO] HTTP Request: GET https://cccaa.prestosports.com/sports/mbkb/2025-26/boxscores/20260213_rlfz.xml "HTTP/1.1 200 OK"
16:50:01 [INFO] HTTP Request: GET https://cccaa.prestosports.com/sports/mbkb/2025-26/boxscores/20260218_m682.xml "HTTP/1.1 200 OK"
16:50:12 [INFO] HTTP Request: GET https://cccaa.prestosports.com/sports/mbkb/2025-26/boxscores/20260220_3gsh.xml "HTTP/1.1 200 OK"
16:50:12 [INFO]   Loaded: 28 games, 678 player-game-stat rows
16:50:12 [INFO] 
[2/15] Las Positas
16:50:12 [INFO] Scraping team: Las Positas (laspositas)
16:50:24 [INFO] HTTP Request: GET https://cccaa.prestosports.com/sports/mbkb/2025-26/teams/laspositas?view=roster "HTTP/1.1 200 OK"
16:50:25 [INFO]   Roster: 0 players
16:50:36 [INFO] HTTP Request: GET https://cccaa.prestosports.com/sports/mbkb/2025-26/teams/laspositas?view=gamelog "HTTP/1.1 200 OK"
16:50:37 [INFO]   Games: 28 with box scores
16:50:48 [INFO] HTTP Request: GET https://cccaa.prestosports.com/sports/mbkb/2025-26/boxscores/20251106_cdf1.xml "HTTP/1.1 200 OK"
16:50:59 [INFO] HTTP Request: GET https://cccaa.prestosports.com/sports/mbkb/2025-26/boxscores/20251107_m4cw.xml "HTTP/1.1 200 OK"
16:51:10 [INFO] HTTP Request: GET https://cccaa.prestosports.com/sports/mbkb/2025-26/boxscores/20251108_wduy.xml "HTTP/1.1 200 OK"
16:51:22 [INFO] HTTP Request: GET https://cccaa.prestosports.com/sports/mbkb/2025-26/boxscores/20251113_00n9.xml "HTTP/1.1 200 OK"
16:51:33 [INFO] HTTP Request: GET https://cccaa.prestosports.com/sports/mbkb/2025-26/boxscores/20251115_r2tm.xml "HTTP/1.1 200 OK"
16:51:44 [INFO] HTTP Request: GET https://cccaa.prestosports.com/sports/mbkb/2025-26/boxscores/20251121_7sb9.xml "HTTP/1.1 200 OK"
16:51:56 [INFO] HTTP Request: GET https://cccaa.prestosports.com/sports/mbkb/2025-26/boxscores/20251122_vd7v.xml "HTTP/1.1 200 OK"
16:52:07 [INFO] HTTP Request: GET https://cccaa.prestosports.com/sports/mbkb/2025-26/boxscores/20251204_g6hx.xml "HTTP/1.1 200 OK"
16:52:19 [INFO] HTTP Request: GET https://cccaa.prestosports.com/sports/mbkb/2025-26/boxscores/20251205_r3u0.xml "HTTP/1.1 200 OK"
16:52:30 [INFO] HTTP Request: GET https://cccaa.prestosports.com/sports/mbkb/2025-26/boxscores/20251206_oulu.xml "HTTP/1.1 200 OK"
16:52:41 [INFO] HTTP Request: GET https://cccaa.prestosports.com/sports/mbkb/2025-26/boxscores/20251212_8yas.xml "HTTP/1.1 200 OK"
16:52:53 [INFO] HTTP Request: GET https://cccaa.prestosports.com/sports/mbkb/2025-26/boxscores/20251217_ld0c.xml "HTTP/1.1 200 OK"
16:53:04 [INFO] HTTP Request: GET https://cccaa.prestosports.com/sports/mbkb/2025-26/boxscores/20251219_i3j3.xml "HTTP/1.1 200 OK"
16:53:15 [INFO] HTTP Request: GET https://cccaa.prestosports.com/sports/mbkb/2025-26/boxscores/20260103_pp2s.xml "HTTP/1.1 200 OK"
16:53:27 [INFO] HTTP Request: GET https://cccaa.prestosports.com/sports/mbkb/2025-26/boxscores/20260107_wn6z.xml "HTTP/1.1 200 OK"
16:53:38 [INFO] HTTP Request: GET https://cccaa.prestosports.com/sports/mbkb/2025-26/boxscores/20260109_ownk.xml "HTTP/1.1 200 OK"
16:53:49 [INFO] HTTP Request: GET https://cccaa.prestosports.com/sports/mbkb/2025-26/boxscores/20260114_594c.xml "HTTP/1.1 200 OK"
16:54:01 [INFO] HTTP Request: GET https://cccaa.prestosports.com/sports/mbkb/2025-26/boxscores/20260116_3lae.xml "HTTP/1.1 200 OK"
16:54:12 [INFO] HTTP Request: GET https://cccaa.prestosports.com/sports/mbkb/2025-26/boxscores/20260121_ipgu.xml "HTTP/1.1 200 OK"
16:54:23 [INFO] HTTP Request: GET https://cccaa.prestosports.com/sports/mbkb/2025-26/boxscores/20260123_ecnl.xml "HTTP/1.1 200 OK"
16:54:35 [INFO] HTTP Request: GET https://cccaa.prestosports.com/sports/mbkb/2025-26/boxscores/20260128_37nq.xml "HTTP/1.1 200 OK"
16:54:46 [INFO] HTTP Request: GET https://cccaa.prestosports.com/sports/mbkb/2025-26/boxscores/20260130_9105.xml "HTTP/1.1 200 OK"
16:54:57 [INFO] HTTP Request: GET https://cccaa.prestosports.com/sports/mbkb/2025-26/boxscores/20260204_3nxy.xml "HTTP/1.1 200 OK"
16:55:09 [INFO] HTTP Request: GET https://cccaa.prestosports.com/sports/mbkb/2025-26/boxscores/20260206_mw1u.xml "HTTP/1.1 200 OK"
16:55:20 [INFO] HTTP Request: GET https://cccaa.prestosports.com/sports/mbkb/2025-26/boxscores/20260211_rnj4.xml "HTTP/1.1 200 OK"
16:55:31 [INFO] HTTP Request: GET https://cccaa.prestosports.com/sports/mbkb/2025-26/boxscores/20260213_ld9v.xml "HTTP/1.1 200 OK"
16:55:42 [INFO] HTTP Request: GET https://cccaa.prestosports.com/sports/mbkb/2025-26/boxscores/20260218_be4l.xml "HTTP/1.1 200 OK"
16:55:54 [INFO] HTTP Request: GET https://cccaa.prestosports.com/sports/mbkb/2025-26/boxscores/20260220_3gsh.xml "HTTP/1.1 200 OK"
16:55:54 [INFO]   Loaded: 28 games, 684 player-game-stat rows
16:55:54 [INFO] 
[3/15] Skyline
16:55:54 [INFO] Scraping team: Skyline (skyline)
16:56:06 [INFO] HTTP Request: GET https://cccaa.prestosports.com/sports/mbkb/2025-26/teams/skyline?view=roster "HTTP/1.1 200 OK"
16:56:06 [INFO]   Roster: 0 players
16:56:18 [INFO] HTTP Request: GET https://cccaa.prestosports.com/sports/mbkb/2025-26/teams/skyline?view=gamelog "HTTP/1.1 200 OK"
16:56:18 [INFO]   Games: 28 with box scores
16:56:29 [INFO] HTTP Request: GET https://cccaa.prestosports.com/sports/mbkb/2025-26/boxscores/20251101_65kh.xml "HTTP/1.1 200 OK"
16:56:40 [INFO] HTTP Request: GET https://cccaa.prestosports.com/sports/mbkb/2025-26/boxscores/20251105_ociz.xml "HTTP/1.1 200 OK"
16:56:51 [INFO] HTTP Request: GET https://cccaa.prestosports.com/sports/mbkb/2025-26/boxscores/20251107_esuu.xml "HTTP/1.1 200 OK"
16:57:03 [INFO] HTTP Request: GET https://cccaa.prestosports.com/sports/mbkb/2025-26/boxscores/20251113_a9gj.xml "HTTP/1.1 200 OK"
16:57:14 [INFO] HTTP Request: GET https://cccaa.prestosports.com/sports/mbkb/2025-26/boxscores/20251115_d1sn.xml "HTTP/1.1 200 OK"
16:57:26 [INFO] HTTP Request: GET https://cccaa.prestosports.com/sports/mbkb/2025-26/boxscores/20251122_d3an.xml "HTTP/1.1 200 OK"
16:57:37 [INFO] HTTP Request: GET https://cccaa.prestosports.com/sports/mbkb/2025-26/boxscores/20251126_kx75.xml "HTTP/1.1 200 OK"
16:57:48 [INFO] HTTP Request: GET https://cccaa.prestosports.com/sports/mbkb/2025-26/boxscores/20251204_q6a4.xml "HTTP/1.1 200 OK"
16:58:00 [INFO] HTTP Request: GET https://cccaa.prestosports.com/sports/mbkb/2025-26/boxscores/20251206_lgsj.xml "HTTP/1.1 200 OK"
16:58:11 [INFO] HTTP Request: GET https://cccaa.prestosports.com/sports/mbkb/2025-26/boxscores/20251213_btz9.xml "HTTP/1.1 200 OK"
16:58:22 [INFO] HTTP Request: GET https://cccaa.prestosports.com/sports/mbkb/2025-26/boxscores/20251218_no9m.xml "HTTP/1.1 200 OK"
16:58:33 [INFO] HTTP Request: GET https://cccaa.prestosports.com/sports/mbkb/2025-26/boxscores/20251220_knz3.xml "HTTP/1.1 200 OK"
16:58:45 [INFO] HTTP Request: GET https://cccaa.prestosports.com/sports/mbkb/2025-26/boxscores/20251231_68bc.xml "HTTP/1.1 200 OK"
16:58:56 [INFO] HTTP Request: GET https://cccaa.prestosports.com/sports/mbkb/2025-26/boxscores/20260103_h025.xml "HTTP/1.1 200 OK"
16:59:08 [INFO] HTTP Request: GET https://cccaa.prestosports.com/sports/mbkb/2025-26/boxscores/20260107_vyg5.xml "HTTP/1.1 200 OK"
16:59:19 [INFO] HTTP Request: GET https://cccaa.prestosports.com/sports/mbkb/2025-26/boxscores/20260109_b57e.xml "HTTP/1.1 200 OK"
16:59:30 [INFO] HTTP Request: GET https://cccaa.prestosports.com/sports/mbkb/2025-26/boxscores/20260114_r0fx.xml "HTTP/1.1 200 OK"
16:59:41 [INFO] HTTP Request: GET https://cccaa.prestosports.com/sports/mbkb/2025-26/boxscores/20260116_3lae.xml "HTTP/1.1 200 OK"
16:59:52 [INFO] HTTP Request: GET https://cccaa.prestosports.com/sports/mbkb/2025-26/boxscores/20260121_engt.xml "HTTP/1.1 200 OK"
17:00:04 [INFO] HTTP Request: GET https://cccaa.prestosports.com/sports/mbkb/2025-26/boxscores/20260123_j6hk.xml "HTTP/1.1 200 OK"
17:00:15 [INFO] HTTP Request: GET https://cccaa.prestosports.com/sports/mbkb/2025-26/boxscores/20260128_l8i7.xml "HTTP/1.1 200 OK"
17:00:26 [INFO] HTTP Request: GET https://cccaa.prestosports.com/sports/mbkb/2025-26/boxscores/20260130_kxbv.xml "HTTP/1.1 200 OK"
17:00:37 [INFO] HTTP Request: GET https://cccaa.prestosports.com/sports/mbkb/2025-26/boxscores/20260204_l2fi.xml "HTTP/1.1 200 OK"
17:00:49 [INFO] HTTP Request: GET https://cccaa.prestosports.com/sports/mbkb/2025-26/boxscores/20260206_ozh0.xml "HTTP/1.1 200 OK"
17:01:00 [INFO] HTTP Request: GET https://cccaa.prestosports.com/sports/mbkb/2025-26/boxscores/20260211_rnj4.xml "HTTP/1.1 200 OK"
17:01:11 [INFO] HTTP Request: GET https://cccaa.prestosports.com/sports/mbkb/2025-26/boxscores/20260213_5d6k.xml "HTTP/1.1 200 OK"
17:01:23 [INFO] HTTP Request: GET https://cccaa.prestosports.com/sports/mbkb/2025-26/boxscores/20260218_m682.xml "HTTP/1.1 200 OK"
17:01:34 [INFO] HTTP Request: GET https://cccaa.prestosports.com/sports/mbkb/2025-26/boxscores/20260220_49kb.xml "HTTP/1.1 200 OK"
17:01:34 [INFO]   Loaded: 28 games, 610 player-game-stat rows
17:01:34 [INFO] 
[4/15] Chabot
17:01:34 [INFO] Scraping team: Chabot (chabot)
17:01:46 [INFO] HTTP Request: GET https://cccaa.prestosports.com/sports/mbkb/2025-26/teams/chabot?view=roster "HTTP/1.1 200 OK"
17:01:46 [INFO]   Roster: 0 players
17:01:58 [INFO] HTTP Request: GET https://cccaa.prestosports.com/sports/mbkb/2025-26/teams/chabot?view=gamelog "HTTP/1.1 200 OK"
17:01:58 [INFO]   Games: 28 with box scores
17:02:09 [INFO] HTTP Request: GET https://cccaa.prestosports.com/sports/mbkb/2025-26/boxscores/20251106_3nwe.xml "HTTP/1.1 200 OK"
17:02:20 [INFO] HTTP Request: GET https://cccaa.prestosports.com/sports/mbkb/2025-26/boxscores/20251107_lh88.xml "HTTP/1.1 200 OK"
17:02:31 [INFO] HTTP Request: GET https://cccaa.prestosports.com/sports/mbkb/2025-26/boxscores/20251108_q1dp.xml "HTTP/1.1 200 OK"
17:02:42 [INFO] HTTP Request: GET https://cccaa.prestosports.com/sports/mbkb/2025-26/boxscores/20251111_lk3e.xml "HTTP/1.1 200 OK"
17:02:53 [INFO] HTTP Request: GET https://cccaa.prestosports.com/sports/mbkb/2025-26/boxscores/20251113_7rz4.xml "HTTP/1.1 200 OK"
17:03:04 [INFO] HTTP Request: GET https://cccaa.prestosports.com/sports/mbkb/2025-26/boxscores/20251114_lekf.xml "HTTP/1.1 200 OK"
17:03:15 [INFO] HTTP Request: GET https://cccaa.prestosports.com/sports/mbkb/2025-26/boxscores/20251118_wykg.xml "HTTP/1.1 200 OK"
17:03:27 [INFO] HTTP Request: GET https://cccaa.prestosports.com/sports/mbkb/2025-26/boxscores/20251121_du8o.xml "HTTP/1.1 200 OK"
17:03:38 [INFO] HTTP Request: GET https://cccaa.prestosports.com/sports/mbkb/2025-26/boxscores/20251203_1jvg.xml "HTTP/1.1 200 OK"
17:03:49 [INFO] HTTP Request: GET https://cccaa.prestosports.com/sports/mbkb/2025-26/boxscores/20251206_3xg0.xml "HTTP/1.1 200 OK"
17:04:00 [INFO] HTTP Request: GET https://cccaa.prestosports.com/sports/mbkb/2025-26/boxscores/20251212_m21v.xml "HTTP/1.1 200 OK"
17:04:12 [INFO] HTTP Request: GET https://cccaa.prestosports.com/sports/mbkb/2025-26/boxscores/20251217_fg8l.xml "HTTP/1.1 200 OK"
17:04:23 [INFO] HTTP Request: GET https://cccaa.prestosports.com/sports/mbkb/2025-26/boxscores/20251219_lene.xml "HTTP/1.1 200 OK"
17:04:34 [INFO] HTTP Request: GET https://cccaa.prestosports.com/sports/mbkb/2025-26/boxscores/20260103_8ii1.xml "HTTP/1.1 200 OK"
17:04:45 [INFO] HTTP Request: GET https://cccaa.prestosports.com/sports/mbkb/2025-26/boxscores/20260107_vyg5.xml "HTTP/1.1 200 OK"
17:04:57 [INFO] HTTP Request: GET https://cccaa.prestosports.com/sports/mbkb/2025-26/boxscores/20260109_npgp.xml "HTTP/1.1 200 OK"
17:05:08 [INFO] HTTP Request: GET https://cccaa.prestosports.com/sports/mbkb/2025-26/boxscores/20260114_594c.xml "HTTP/1.1 200 OK"
17:05:19 [INFO] HTTP Request: GET https://cccaa.prestosports.com/sports/mbkb/2025-26/boxscores/20260116_v3pl.xml "HTTP/1.1 200 OK"
17:05:30 [INFO] HTTP Request: GET https://cccaa.prestosports.com/sports/mbkb/2025-26/boxscores/20260121_pi4s.xml "HTTP/1.1 200 OK"
17:05:41 [INFO] HTTP Request: GET https://cccaa.prestosports.com/sports/mbkb/2025-26/boxscores/20260123_z6xt.xml "HTTP/1.1 200 OK"
17:05:53 [INFO] HTTP Request: GET https://cccaa.prestosports.com/sports/mbkb/2025-26/boxscores/20260128_80w7.xml "HTTP/1.1 200 OK"
17:06:04 [INFO] HTTP Request: GET https://cccaa.prestosports.com/sports/mbkb/2025-26/boxscores/20260130_kxbv.xml "HTTP/1.1 200 OK"
17:06:15 [INFO] HTTP Request: GET https://cccaa.prestosports.com/sports/mbkb/2025-26/boxscores/20260204_2uod.xml "HTTP/1.1 200 OK"
17:06:27 [INFO] HTTP Request: GET https://cccaa.prestosports.com/sports/mbkb/2025-26/boxscores/20260206_mw1u.xml "HTTP/1.1 200 OK"
17:06:38 [INFO] HTTP Request: GET https://cccaa.prestosports.com/sports/mbkb/2025-26/boxscores/20260211_pngo.xml "HTTP/1.1 200 OK"
17:06:50 [INFO] HTTP Request: GET https://cccaa.prestosports.com/sports/mbkb/2025-26/boxscores/20260213_rlfz.xml "HTTP/1.1 200 OK"
17:07:01 [INFO] HTTP Request: GET https://cccaa.prestosports.com/sports/mbkb/2025-26/boxscores/20260218_vuo2.xml "HTTP/1.1 200 OK"
17:07:12 [INFO] HTTP Request: GET https://cccaa.prestosports.com/sports/mbkb/2025-26/boxscores/20260220_9lh1.xml "HTTP/1.1 200 OK"
17:07:12 [INFO]   Loaded: 28 games, 624 player-game-stat rows
17:07:12 [INFO] 
[5/15] Ohlone
17:07:12 [INFO] Scraping team: Ohlone (ohlone)
17:07:24 [INFO] HTTP Request: GET https://cccaa.prestosports.com/sports/mbkb/2025-26/teams/ohlone?view=roster "HTTP/1.1 200 OK"
17:07:24 [INFO]   Roster: 0 players
17:07:36 [INFO] HTTP Request: GET https://cccaa.prestosports.com/sports/mbkb/2025-26/teams/ohlone?view=gamelog "HTTP/1.1 200 OK"
17:07:36 [INFO]   Games: 28 with box scores
17:07:47 [INFO] HTTP Request: GET https://cccaa.prestosports.com/sports/mbkb/2025-26/boxscores/20251031_68r2.xml "HTTP/1.1 200 OK"
17:07:58 [INFO] HTTP Request: GET https://cccaa.prestosports.com/sports/mbkb/2025-26/boxscores/20251101_puel.xml "HTTP/1.1 200 OK"
17:08:10 [INFO] HTTP Request: GET https://cccaa.prestosports.com/sports/mbkb/2025-26/boxscores/20251107_jok2.xml "HTTP/1.1 200 OK"
17:08:21 [INFO] HTTP Request: GET https://cccaa.prestosports.com/sports/mbkb/2025-26/boxscores/20251111_nyos.xml "HTTP/1.1 200 OK"
17:08:32 [INFO] HTTP Request: GET https://cccaa.prestosports.com/sports/mbkb/2025-26/boxscores/20251114_d50p.xml "HTTP/1.1 200 OK"
17:08:43 [INFO] HTTP Request: GET https://cccaa.prestosports.com/sports/mbkb/2025-26/boxscores/20251119_5lww.xml "HTTP/1.1 200 OK"
17:08:55 [INFO] HTTP Request: GET https://cccaa.prestosports.com/sports/mbkb/2025-26/boxscores/20251122_42o1.xml "HTTP/1.1 200 OK"
17:09:06 [INFO] HTTP Request: GET https://cccaa.prestosports.com/sports/mbkb/2025-26/boxscores/20251126_48a8.xml "HTTP/1.1 200 OK"
17:09:17 [INFO] HTTP Request: GET https://cccaa.prestosports.com/sports/mbkb/2025-26/boxscores/20251206_fkkm.xml "HTTP/1.1 200 OK"
17:09:28 [INFO] HTTP Request: GET https://cccaa.prestosports.com/sports/mbkb/2025-26/boxscores/20251211_a69v.xml "HTTP/1.1 200 OK"
17:09:40 [INFO] HTTP Request: GET https://cccaa.prestosports.com/sports/mbkb/2025-26/boxscores/20251213_x4x9.xml "HTTP/1.1 200 OK"
17:09:51 [INFO] HTTP Request: GET https://cccaa.prestosports.com/sports/mbkb/2025-26/boxscores/20251219_sd2u.xml "HTTP/1.1 200 OK"
17:10:02 [INFO] HTTP Request: GET https://cccaa.prestosports.com/sports/mbkb/2025-26/boxscores/20251230_enqh.xml "HTTP/1.1 200 OK"
17:10:13 [INFO] HTTP Request: GET https://cccaa.prestosports.com/sports/mbkb/2025-26/boxscores/20251231_8rnf.xml "HTTP/1.1 200 OK"
17:10:24 [INFO] HTTP Request: GET https://cccaa.prestosports.com/sports/mbkb/2025-26/boxscores/20260107_c0m1.xml "HTTP/1.1 200 OK"
17:10:35 [INFO] HTTP Request: GET https://cccaa.prestosports.com/sports/mbkb/2025-26/boxscores/20260109_b57e.xml "HTTP/1.1 200 OK"
17:10:47 [INFO] HTTP Request: GET https://cccaa.prestosports.com/sports/mbkb/2025-26/boxscores/20260114_8frq.xml "HTTP/1.1 200 OK"
17:10:59 [INFO] HTTP Request: GET https://cccaa.prestosports.com/sports/mbkb/2025-26/boxscores/20260116_ken0.xml "HTTP/1.1 200 OK"
17:11:10 [INFO] HTTP Request: GET https://cccaa.prestosports.com/sports/mbkb/2025-26/boxscores/20260121_ipgu.xml "HTTP/1.1 200 OK"
17:11:21 [INFO] HTTP Request: GET https://cccaa.prestosports.com/sports/mbkb/2025-26/boxscores/20260123_x564.xml "HTTP/1.1 200 OK"
17:11:32 [INFO] HTTP Request: GET https://cccaa.prestosports.com/sports/mbkb/2025-26/boxscores/20260128_80w7.xml "HTTP/1.1 200 OK"
17:11:43 [INFO] HTTP Request: GET https://cccaa.prestosports.com/sports/mbkb/2025-26/boxscores/20260130_bpbn.xml "HTTP/1.1 200 OK"
17:11:55 [INFO] HTTP Request: GET https://cccaa.prestosports.com/sports/mbkb/2025-26/boxscores/20260204_l2fi.xml "HTTP/1.1 200 OK"
17:12:06 [INFO] HTTP Request: GET https://cccaa.prestosports.com/sports/mbkb/2025-26/boxscores/20260206_6gy0.xml "HTTP/1.1 200 OK"
17:12:17 [INFO] HTTP Request: GET https://cccaa.prestosports.com/sports/mbkb/2025-26/boxscores/20260211_338u.xml "HTTP/1.1 200 OK"
17:12:29 [INFO] HTTP Request: GET https://cccaa.prestosports.com/sports/mbkb/2025-26/boxscores/20260213_ld9v.xml "HTTP/1.1 200 OK"
17:12:41 [INFO] HTTP Request: GET https://cccaa.prestosports.com/sports/mbkb/2025-26/boxscores/20260218_ue98.xml "HTTP/1.1 200 OK"
17:12:52 [INFO] HTTP Request: GET https://cccaa.prestosports.com/sports/mbkb/2025-26/boxscores/20260220_9lh1.xml "HTTP/1.1 200 OK"
17:12:52 [INFO]   Loaded: 28 games, 659 player-game-stat rows
17:12:52 [INFO] 
[6/15] Cañada
17:12:52 [INFO] Scraping team: Cañada (canada)
17:13:04 [INFO] HTTP Request: GET https://cccaa.prestosports.com/sports/mbkb/2025-26/teams/canada?view=roster "HTTP/1.1 200 OK"
17:13:04 [INFO]   Roster: 0 players
17:13:16 [INFO] HTTP Request: GET https://cccaa.prestosports.com/sports/mbkb/2025-26/teams/canada?view=gamelog "HTTP/1.1 200 OK"
17:13:16 [INFO]   Games: 28 with box scores
17:13:28 [INFO] HTTP Request: GET https://cccaa.prestosports.com/sports/mbkb/2025-26/boxscores/20251030_eu7v.xml "HTTP/1.1 200 OK"
17:13:39 [INFO] HTTP Request: GET https://cccaa.prestosports.com/sports/mbkb/2025-26/boxscores/20251105_qhe9.xml "HTTP/1.1 200 OK"
17:13:50 [INFO] HTTP Request: GET https://cccaa.prestosports.com/sports/mbkb/2025-26/boxscores/20251107_vnam.xml "HTTP/1.1 200 OK"
17:14:01 [INFO] HTTP Request: GET https://cccaa.prestosports.com/sports/mbkb/2025-26/boxscores/20251112_ls85.xml "HTTP/1.1 200 OK"
17:14:13 [INFO] HTTP Request: GET https://cccaa.prestosports.com/sports/mbkb/2025-26/boxscores/20251114_2zae.xml "HTTP/1.1 200 OK"
17:14:24 [INFO] HTTP Request: GET https://cccaa.prestosports.com/sports/mbkb/2025-26/boxscores/20251119_9i7a.xml "HTTP/1.1 200 OK"
17:14:35 [INFO] HTTP Request: GET https://cccaa.prestosports.com/sports/mbkb/2025-26/boxscores/20251121_813s.xml "HTTP/1.1 200 OK"
17:14:46 [INFO] HTTP Request: GET https://cccaa.prestosports.com/sports/mbkb/2025-26/boxscores/20251206_agd0.xml "HTTP/1.1 200 OK"
17:14:58 [INFO] HTTP Request: GET https://cccaa.prestosports.com/sports/mbkb/2025-26/boxscores/20251211_t6wr.xml "HTTP/1.1 200 OK"
17:15:09 [INFO] HTTP Request: GET https://cccaa.prestosports.com/sports/mbkb/2025-26/boxscores/20251213_jong.xml "HTTP/1.1 200 OK"
17:15:20 [INFO] HTTP Request: GET https://cccaa.prestosports.com/sports/mbkb/2025-26/boxscores/20251217_k6t6.xml "HTTP/1.1 200 OK"
17:15:32 [INFO] HTTP Request: GET https://cccaa.prestosports.com/sports/mbkb/2025-26/boxscores/20251220_5ho5.xml "HTTP/1.1 200 OK"
17:15:43 [INFO] HTTP Request: GET https://cccaa.prestosports.com/sports/mbkb/2025-26/boxscores/20251230_1xkd.xml "HTTP/1.1 200 OK"
17:15:54 [INFO] HTTP Request: GET https://cccaa.prestosports.com/sports/mbkb/2025-26/boxscores/20260102_09qi.xml "HTTP/1.1 200 OK"
17:16:06 [INFO] HTTP Request: GET https://cccaa.prestosports.com/sports/mbkb/2025-26/boxscores/20260107_wn6z.xml "HTTP/1.1 200 OK"
17:16:17 [INFO] HTTP Request: GET https://cccaa.prestosports.com/sports/mbkb/2025-26/boxscores/20260109_jgtp.xml "HTTP/1.1 200 OK"
17:16:28 [INFO] HTTP Request: GET https://cccaa.prestosports.com/sports/mbkb/2025-26/boxscores/20260114_8s2n.xml "HTTP/1.1 200 OK"
17:16:40 [INFO] HTTP Request: GET https://cccaa.prestosports.com/sports/mbkb/2025-26/boxscores/20260116_v3pl.xml "HTTP/1.1 200 OK"
17:16:51 [INFO] HTTP Request: GET https://cccaa.prestosports.com/sports/mbkb/2025-26/boxscores/20260121_engt.xml "HTTP/1.1 200 OK"
17:17:02 [INFO] HTTP Request: GET https://cccaa.prestosports.com/sports/mbkb/2025-26/boxscores/20260123_x564.xml "HTTP/1.1 200 OK"
17:17:14 [INFO] HTTP Request: GET https://cccaa.prestosports.com/sports/mbkb/2025-26/boxscores/20260128_39kr.xml "HTTP/1.1 200 OK"
17:17:25 [INFO] HTTP Request: GET https://cccaa.prestosports.com/sports/mbkb/2025-26/boxscores/20260130_9105.xml "HTTP/1.1 200 OK"
17:17:37 [INFO] HTTP Request: GET https://cccaa.prestosports.com/sports/mbkb/2025-26/boxscores/20260204_93hx.xml "HTTP/1.1 200 OK"
17:17:48 [INFO] HTTP Request: GET https://cccaa.prestosports.com/sports/mbkb/2025-26/boxscores/20260206_8ha1.xml "HTTP/1.1 200 OK"
17:17:59 [INFO] HTTP Request: GET https://cccaa.prestosports.com/sports/mbkb/2025-26/boxscores/20260211_pngo.xml "HTTP/1.1 200 OK"
17:18:11 [INFO] HTTP Request: GET https://cccaa.prestosports.com/sports/mbkb/2025-26/boxscores/20260213_5d6k.xml "HTTP/1.1 200 OK"
17:18:22 [INFO] HTTP Request: GET https://cccaa.prestosports.com/sports/mbkb/2025-26/boxscores/20260218_ue98.xml "HTTP/1.1 200 OK"
17:18:33 [INFO] HTTP Request: GET https://cccaa.prestosports.com/sports/mbkb/2025-26/boxscores/20260220_pref.xml "HTTP/1.1 200 OK"
17:18:33 [INFO]   Loaded: 28 games, 608 player-game-stat rows
17:18:33 [INFO] 
[7/15] San Mateo
17:18:33 [INFO] Scraping team: San Mateo (sanmateo)
17:18:45 [INFO] HTTP Request: GET https://cccaa.prestosports.com/sports/mbkb/2025-26/teams/sanmateo?view=roster "HTTP/1.1 200 OK"
17:18:45 [INFO]   Roster: 0 players
17:18:57 [INFO] HTTP Request: GET https://cccaa.prestosports.com/sports/mbkb/2025-26/teams/sanmateo?view=gamelog "HTTP/1.1 200 OK"
17:18:57 [INFO]   Games: 28 with box scores
17:19:08 [INFO] HTTP Request: GET https://cccaa.prestosports.com/sports/mbkb/2025-26/boxscores/20251031_aalc.xml "HTTP/1.1 200 OK"
17:19:19 [INFO] HTTP Request: GET https://cccaa.prestosports.com/sports/mbkb/2025-26/boxscores/20251101_hk1k.xml "HTTP/1.1 200 OK"
17:19:31 [INFO] HTTP Request: GET https://cccaa.prestosports.com/sports/mbkb/2025-26/boxscores/20251107_x16a.xml "HTTP/1.1 200 OK"
17:19:42 [INFO] HTTP Request: GET https://cccaa.prestosports.com/sports/mbkb/2025-26/boxscores/20251113_lutz.xml "HTTP/1.1 200 OK"
17:19:53 [INFO] HTTP Request: GET https://cccaa.prestosports.com/sports/mbkb/2025-26/boxscores/20251114_5hj2.xml "HTTP/1.1 200 OK"
17:20:05 [INFO] HTTP Request: GET https://cccaa.prestosports.com/sports/mbkb/2025-26/boxscores/20251120_bjbq.xml "HTTP/1.1 200 OK"
17:20:16 [INFO] HTTP Request: GET https://cccaa.prestosports.com/sports/mbkb/2025-26/boxscores/20251125_f9sj.xml "HTTP/1.1 200 OK"
17:20:27 [INFO] HTTP Request: GET https://cccaa.prestosports.com/sports/mbkb/2025-26/boxscores/20251202_q0a9.xml "HTTP/1.1 200 OK"
17:20:38 [INFO] HTTP Request: GET https://cccaa.prestosports.com/sports/mbkb/2025-26/boxscores/20251216_3p0a.xml "HTTP/1.1 200 OK"
17:20:49 [INFO] HTTP Request: GET https://cccaa.prestosports.com/sports/mbkb/2025-26/boxscores/20251218_icqq.xml "HTTP/1.1 200 OK"
17:21:01 [INFO] HTTP Request: GET https://cccaa.prestosports.com/sports/mbkb/2025-26/boxscores/20251219_06ro.xml "HTTP/1.1 200 OK"
17:21:13 [INFO] HTTP Request: GET https://cccaa.prestosports.com/sports/mbkb/2025-26/boxscores/20251220_irck.xml "HTTP/1.1 200 OK"
17:21:24 [INFO] HTTP Request: GET https://cccaa.prestosports.com/sports/mbkb/2025-26/boxscores/20251230_p4cl.xml "HTTP/1.1 200 OK"
17:21:35 [INFO] HTTP Request: GET https://cccaa.prestosports.com/sports/mbkb/2025-26/boxscores/20251231_21ht.xml "HTTP/1.1 200 OK"
17:21:47 [INFO] HTTP Request: GET https://cccaa.prestosports.com/sports/mbkb/2025-26/boxscores/20260107_c0m1.xml "HTTP/1.1 200 OK"
17:21:58 [INFO] HTTP Request: GET https://cccaa.prestosports.com/sports/mbkb/2025-26/boxscores/20260109_npgp.xml "HTTP/1.1 200 OK"
17:22:09 [INFO] HTTP Request: GET https://cccaa.prestosports.com/sports/mbkb/2025-26/boxscores/20260114_r0fx.xml "HTTP/1.1 200 OK"
17:22:20 [INFO] HTTP Request: GET https://cccaa.prestosports.com/sports/mbkb/2025-26/boxscores/20260116_a7qg.xml "HTTP/1.1 200 OK"
17:22:31 [INFO] HTTP Request: GET https://cccaa.prestosports.com/sports/mbkb/2025-26/boxscores/20260121_kbhe.xml "HTTP/1.1 200 OK"
17:22:43 [INFO] HTTP Request: GET https://cccaa.prestosports.com/sports/mbkb/2025-26/boxscores/20260123_ecnl.xml "HTTP/1.1 200 OK"
17:22:54 [INFO] HTTP Request: GET https://cccaa.prestosports.com/sports/mbkb/2025-26/boxscores/20260128_39kr.xml "HTTP/1.1 200 OK"
17:23:06 [INFO] HTTP Request: GET https://cccaa.prestosports.com/sports/mbkb/2025-26/boxscores/20260130_bpbn.xml "HTTP/1.1 200 OK"
17:23:17 [INFO] HTTP Request: GET https://cccaa.prestosports.com/sports/mbkb/2025-26/boxscores/20260204_2uod.xml "HTTP/1.1 200 OK"
17:23:29 [INFO] HTTP Request: GET https://cccaa.prestosports.com/sports/mbkb/2025-26/boxscores/20260206_ozh0.xml "HTTP/1.1 200 OK"
17:23:40 [INFO] HTTP Request: GET https://cccaa.prestosports.com/sports/mbkb/2025-26/boxscores/20260211_k127.xml "HTTP/1.1 200 OK"
17:23:51 [INFO] HTTP Request: GET https://cccaa.prestosports.com/sports/mbkb/2025-26/boxscores/20260213_sfp5.xml "HTTP/1.1 200 OK"
17:24:02 [INFO] HTTP Request: GET https://cccaa.prestosports.com/sports/mbkb/2025-26/boxscores/20260218_be4l.xml "HTTP/1.1 200 OK"
17:24:14 [INFO] HTTP Request: GET https://cccaa.prestosports.com/sports/mbkb/2025-26/boxscores/20260220_pref.xml "HTTP/1.1 200 OK"
17:24:14 [INFO]   Loaded: 28 games, 656 player-game-stat rows
17:24:14 [INFO] 
[8/15] De Anza
17:24:14 [INFO] Scraping team: De Anza (deanza)
17:24:26 [INFO] HTTP Request: GET https://cccaa.prestosports.com/sports/mbkb/2025-26/teams/deanza?view=roster "HTTP/1.1 200 OK"
17:24:26 [INFO]   Roster: 0 players
17:24:38 [INFO] HTTP Request: GET https://cccaa.prestosports.com/sports/mbkb/2025-26/teams/deanza?view=gamelog "HTTP/1.1 200 OK"
17:24:38 [INFO]   Games: 28 with box scores
17:24:50 [INFO] HTTP Request: GET https://cccaa.prestosports.com/sports/mbkb/2025-26/boxscores/20251101_7r42.xml "HTTP/1.1 200 OK"
17:25:01 [INFO] HTTP Request: GET https://cccaa.prestosports.com/sports/mbkb/2025-26/boxscores/20251104_xl3t.xml "HTTP/1.1 200 OK"
17:25:12 [INFO] HTTP Request: GET https://cccaa.prestosports.com/sports/mbkb/2025-26/boxscores/20251108_qsch.xml "HTTP/1.1 200 OK"
17:25:24 [INFO] HTTP Request: GET https://cccaa.prestosports.com/sports/mbkb/2025-26/boxscores/20251115_vrr7.xml "HTTP/1.1 200 OK"
17:25:35 [INFO] HTTP Request: GET https://cccaa.prestosports.com/sports/mbkb/2025-26/boxscores/20251121_rhcl.xml "HTTP/1.1 200 OK"
17:25:47 [INFO] HTTP Request: GET https://cccaa.prestosports.com/sports/mbkb/2025-26/boxscores/20251122_erll.xml "HTTP/1.1 200 OK"
17:25:58 [INFO] HTTP Request: GET https://cccaa.prestosports.com/sports/mbkb/2025-26/boxscores/20251126_j5r8.xml "HTTP/1.1 200 OK"
17:26:09 [INFO] HTTP Request: GET https://cccaa.prestosports.com/sports/mbkb/2025-26/boxscores/20251205_9qwj.xml "HTTP/1.1 200 OK"
17:26:21 [INFO] HTTP Request: GET https://cccaa.prestosports.com/sports/mbkb/2025-26/boxscores/20251206_ek3f.xml "HTTP/1.1 200 OK"
17:26:32 [INFO] HTTP Request: GET https://cccaa.prestosports.com/sports/mbkb/2025-26/boxscores/20251207_dtuf.xml "HTTP/1.1 200 OK"
17:26:43 [INFO] HTTP Request: GET https://cccaa.prestosports.com/sports/mbkb/2025-26/boxscores/20251212_jyjq.xml "HTTP/1.1 200 OK"
17:26:55 [INFO] HTTP Request: GET https://cccaa.prestosports.com/sports/mbkb/2025-26/boxscores/20251220_3n6y.xml "HTTP/1.1 200 OK"
17:27:06 [INFO] HTTP Request: GET https://cccaa.prestosports.com/sports/mbkb/2025-26/boxscores/20251223_m0yj.xml "HTTP/1.1 200 OK"
17:27:17 [INFO] HTTP Request: GET https://cccaa.prestosports.com/sports/mbkb/2025-26/boxscores/20260102_f91n.xml "HTTP/1.1 200 OK"
17:27:29 [INFO] HTTP Request: GET https://cccaa.prestosports.com/sports/mbkb/2025-26/boxscores/20260107_c42l.xml "HTTP/1.1 200 OK"
17:27:40 [INFO] HTTP Request: GET https://cccaa.prestosports.com/sports/mbkb/2025-26/boxscores/20260109_ownk.xml "HTTP/1.1 200 OK"
17:27:51 [INFO] HTTP Request: GET https://cccaa.prestosports.com/sports/mbkb/2025-26/boxscores/20260114_8s2n.xml "HTTP/1.1 200 OK"
17:28:03 [INFO] HTTP Request: GET https://cccaa.prestosports.com/sports/mbkb/2025-26/boxscores/20260116_ken0.xml "HTTP/1.1 200 OK"
17:28:14 [INFO] HTTP Request: GET https://cccaa.prestosports.com/sports/mbkb/2025-26/boxscores/20260121_kbhe.xml "HTTP/1.1 200 OK"
17:28:25 [INFO] HTTP Request: GET https://cccaa.prestosports.com/sports/mbkb/2025-26/boxscores/20260123_z6xt.xml "HTTP/1.1 200 OK"
17:28:37 [INFO] HTTP Request: GET https://cccaa.prestosports.com/sports/mbkb/2025-26/boxscores/20260128_l8i7.xml "HTTP/1.1 200 OK"
17:28:48 [INFO] HTTP Request: GET https://cccaa.prestosports.com/sports/mbkb/2025-26/boxscores/20260130_et03.xml "HTTP/1.1 200 OK"
17:28:59 [INFO] HTTP Request: GET https://cccaa.prestosports.com/sports/mbkb/2025-26/boxscores/20260204_3nxy.xml "HTTP/1.1 200 OK"
17:29:10 [INFO] HTTP Request: GET https://cccaa.prestosports.com/sports/mbkb/2025-26/boxscores/20260206_8ha1.xml "HTTP/1.1 200 OK"
17:29:21 [INFO] HTTP Request: GET https://cccaa.prestosports.com/sports/mbkb/2025-26/boxscores/20260211_338u.xml "HTTP/1.1 200 OK"
17:29:33 [INFO] HTTP Request: GET https://cccaa.prestosports.com/sports/mbkb/2025-26/boxscores/20260213_sfp5.xml "HTTP/1.1 200 OK"
17:29:44 [INFO] HTTP Request: GET https://cccaa.prestosports.com/sports/mbkb/2025-26/boxscores/20260218_vuo2.xml "HTTP/1.1 200 OK"
17:29:55 [INFO] HTTP Request: GET https://cccaa.prestosports.com/sports/mbkb/2025-26/boxscores/20260220_49kb.xml "HTTP/1.1 200 OK"
17:29:55 [INFO]   Loaded: 28 games, 709 player-game-stat rows
17:29:55 [INFO] 
[9/15] West Valley
17:29:55 [INFO] Scraping team: West Valley (westvalley)
17:30:07 [INFO] HTTP Request: GET https://cccaa.prestosports.com/sports/mbkb/2025-26/teams/westvalley?view=roster "HTTP/1.1 200 OK"
17:30:07 [INFO]   Roster: 0 players
17:30:19 [INFO] HTTP Request: GET https://cccaa.prestosports.com/sports/mbkb/2025-26/teams/westvalley?view=gamelog "HTTP/1.1 200 OK"
17:30:19 [INFO]   Games: 28 with box scores
17:30:30 [INFO] HTTP Request: GET https://cccaa.prestosports.com/sports/mbkb/2025-26/boxscores/20251031_qg9m.xml "HTTP/1.1 200 OK"
17:30:41 [INFO] HTTP Request: GET https://cccaa.prestosports.com/sports/mbkb/2025-26/boxscores/20251106_bd3c.xml "HTTP/1.1 200 OK"
17:30:52 [INFO] HTTP Request: GET https://cccaa.prestosports.com/sports/mbkb/2025-26/boxscores/20251107_08oa.xml "HTTP/1.1 200 OK"
17:31:04 [INFO] HTTP Request: GET https://cccaa.prestosports.com/sports/mbkb/2025-26/boxscores/20251112_k7gm.xml "HTTP/1.1 200 OK"
17:31:15 [INFO] HTTP Request: GET https://cccaa.prestosports.com/sports/mbkb/2025-26/boxscores/20251114_6e5z.xml "HTTP/1.1 200 OK"
17:31:26 [INFO] HTTP Request: GET https://cccaa.prestosports.com/sports/mbkb/2025-26/boxscores/20251121_uxyg.xml "HTTP/1.1 200 OK"
17:31:38 [INFO] HTTP Request: GET https://cccaa.prestosports.com/sports/mbkb/2025-26/boxscores/20251125_80ch.xml "HTTP/1.1 200 OK"
17:31:49 [INFO] HTTP Request: GET https://cccaa.prestosports.com/sports/mbkb/2025-26/boxscores/20251205_naio.xml "HTTP/1.1 200 OK"
17:32:00 [INFO] HTTP Request: GET https://cccaa.prestosports.com/sports/mbkb/2025-26/boxscores/20251210_goqk.xml "HTTP/1.1 200 OK"
17:32:12 [INFO] HTTP Request: GET https://cccaa.prestosports.com/sports/mbkb/2025-26/boxscores/20251212_8yas.xml "HTTP/1.1 200 OK"
17:32:23 [INFO] HTTP Request: GET https://cccaa.prestosports.com/sports/mbkb/2025-26/boxscores/20251218_mkys.xml "HTTP/1.1 200 OK"
17:32:34 [INFO] HTTP Request: GET https://cccaa.prestosports.com/sports/mbkb/2025-26/boxscores/20251219_xll5.xml "HTTP/1.1 200 OK"
17:32:45 [INFO] HTTP Request: GET https://cccaa.prestosports.com/sports/mbkb/2025-26/boxscores/20251220_irck.xml "HTTP/1.1 200 OK"
17:32:57 [INFO] HTTP Request: GET https://cccaa.prestosports.com/sports/mbkb/2025-26/boxscores/20260102_f27p.xml "HTTP/1.1 200 OK"
17:33:08 [INFO] HTTP Request: GET https://cccaa.prestosports.com/sports/mbkb/2025-26/boxscores/20260103_wubf.xml "HTTP/1.1 200 OK"
17:33:20 [INFO] HTTP Request: GET https://cccaa.prestosports.com/sports/mbkb/2025-26/boxscores/20260107_8rlj.xml "HTTP/1.1 200 OK"
17:33:31 [INFO] HTTP Request: GET https://cccaa.prestosports.com/sports/mbkb/2025-26/boxscores/20260109_eice.xml "HTTP/1.1 200 OK"
17:33:42 [INFO] HTTP Request: GET https://cccaa.prestosports.com/sports/mbkb/2025-26/boxscores/20260116_tuck.xml "HTTP/1.1 200 OK"
17:33:54 [INFO] HTTP Request: GET https://cccaa.prestosports.com/sports/mbkb/2025-26/boxscores/20260121_5hit.xml "HTTP/1.1 200 OK"
17:34:05 [INFO] HTTP Request: GET https://cccaa.prestosports.com/sports/mbkb/2025-26/boxscores/20260123_elks.xml "HTTP/1.1 200 OK"
17:34:17 [INFO] HTTP Request: GET https://cccaa.prestosports.com/sports/mbkb/2025-26/boxscores/20260128_g8ey.xml "HTTP/1.1 200 OK"
17:34:28 [INFO] HTTP Request: GET https://cccaa.prestosports.com/sports/mbkb/2025-26/boxscores/20260130_uid3.xml "HTTP/1.1 200 OK"
17:34:39 [INFO] HTTP Request: GET https://cccaa.prestosports.com/sports/mbkb/2025-26/boxscores/20260204_2obe.xml "HTTP/1.1 200 OK"
17:34:50 [INFO] HTTP Request: GET https://cccaa.prestosports.com/sports/mbkb/2025-26/boxscores/20260209_cfn2.xml "HTTP/1.1 200 OK"
17:35:01 [INFO] HTTP Request: GET https://cccaa.prestosports.com/sports/mbkb/2025-26/boxscores/20260211_lfnj.xml "HTTP/1.1 200 OK"
17:35:12 [INFO] HTTP Request: GET https://cccaa.prestosports.com/sports/mbkb/2025-26/boxscores/20260213_54jk.xml "HTTP/1.1 200 OK"
17:35:24 [INFO] HTTP Request: GET https://cccaa.prestosports.com/sports/mbkb/2025-26/boxscores/20260218_jw9s.xml "HTTP/1.1 200 OK"
17:35:35 [INFO] HTTP Request: GET https://cccaa.prestosports.com/sports/mbkb/2025-26/boxscores/20260220_ey2x.xml "HTTP/1.1 200 OK"
17:35:35 [INFO]   Loaded: 28 games, 672 player-game-stat rows
17:35:35 [INFO] 
[10/15] San Jose
17:35:35 [INFO] Scraping team: San Jose (sanjose)
17:35:47 [INFO] HTTP Request: GET https://cccaa.prestosports.com/sports/mbkb/2025-26/teams/sanjose?view=roster "HTTP/1.1 200 OK"
17:35:47 [INFO]   Roster: 0 players
17:35:59 [INFO] HTTP Request: GET https://cccaa.prestosports.com/sports/mbkb/2025-26/teams/sanjose?view=gamelog "HTTP/1.1 200 OK"
17:35:59 [INFO]   Games: 28 with box scores
17:36:10 [INFO] HTTP Request: GET https://cccaa.prestosports.com/sports/mbkb/2025-26/boxscores/20251101_62jr.xml "HTTP/1.1 200 OK"
17:36:21 [INFO] HTTP Request: GET https://cccaa.prestosports.com/sports/mbkb/2025-26/boxscores/20251106_j6jn.xml "HTTP/1.1 200 OK"
17:36:32 [INFO] HTTP Request: GET https://cccaa.prestosports.com/sports/mbkb/2025-26/boxscores/20251107_715n.xml "HTTP/1.1 200 OK"
17:36:43 [INFO] HTTP Request: GET https://cccaa.prestosports.com/sports/mbkb/2025-26/boxscores/20251108_r28v.xml "HTTP/1.1 200 OK"
17:36:54 [INFO] HTTP Request: GET https://cccaa.prestosports.com/sports/mbkb/2025-26/boxscores/20251118_92hk.xml "HTTP/1.1 200 OK"
17:37:06 [INFO] HTTP Request: GET https://cccaa.prestosports.com/sports/mbkb/2025-26/boxscores/20251121_sdbx.xml "HTTP/1.1 200 OK"
17:37:17 [INFO] HTTP Request: GET https://cccaa.prestosports.com/sports/mbkb/2025-26/boxscores/20251122_ccpc.xml "HTTP/1.1 200 OK"
17:37:29 [INFO] HTTP Request: GET https://cccaa.prestosports.com/sports/mbkb/2025-26/boxscores/20251123_lop8.xml "HTTP/1.1 200 OK"
17:37:40 [INFO] HTTP Request: GET https://cccaa.prestosports.com/sports/mbkb/2025-26/boxscores/20251202_9jpm.xml "HTTP/1.1 200 OK"
17:37:51 [INFO] HTTP Request: GET https://cccaa.prestosports.com/sports/mbkb/2025-26/boxscores/20251205_hxip.xml "HTTP/1.1 200 OK"
17:38:02 [INFO] HTTP Request: GET https://cccaa.prestosports.com/sports/mbkb/2025-26/boxscores/20251211_iaoe.xml "HTTP/1.1 200 OK"
17:38:14 [INFO] HTTP Request: GET https://cccaa.prestosports.com/sports/mbkb/2025-26/boxscores/20251212_4b3y.xml "HTTP/1.1 200 OK"
17:38:25 [INFO] HTTP Request: GET https://cccaa.prestosports.com/sports/mbkb/2025-26/boxscores/20251213_mnxq.xml "HTTP/1.1 200 OK"
17:38:37 [INFO] HTTP Request: GET https://cccaa.prestosports.com/sports/mbkb/2025-26/boxscores/20251217_fg8l.xml "HTTP/1.1 200 OK"
17:38:48 [INFO] HTTP Request: GET https://cccaa.prestosports.com/sports/mbkb/2025-26/boxscores/20251220_3n6y.xml "HTTP/1.1 200 OK"
17:38:59 [INFO] HTTP Request: GET https://cccaa.prestosports.com/sports/mbkb/2025-26/boxscores/20260103_pp2s.xml "HTTP/1.1 200 OK"
17:39:10 [INFO] HTTP Request: GET https://cccaa.prestosports.com/sports/mbkb/2025-26/boxscores/20260107_8264.xml "HTTP/1.1 200 OK"
17:39:21 [INFO] HTTP Request: GET https://cccaa.prestosports.com/sports/mbkb/2025-26/boxscores/20260109_eice.xml "HTTP/1.1 200 OK"
17:39:32 [INFO] HTTP Request: GET https://cccaa.prestosports.com/sports/mbkb/2025-26/boxscores/20260114_xyxr.xml "HTTP/1.1 200 OK"
17:39:44 [INFO] HTTP Request: GET https://cccaa.prestosports.com/sports/mbkb/2025-26/boxscores/20260116_kg51.xml "HTTP/1.1 200 OK"
17:39:55 [INFO] HTTP Request: GET https://cccaa.prestosports.com/sports/mbkb/2025-26/boxscores/20260121_ctju.xml "HTTP/1.1 200 OK"
17:40:07 [INFO] HTTP Request: GET https://cccaa.prestosports.com/sports/mbkb/2025-26/boxscores/20260128_5u5j.xml "HTTP/1.1 200 OK"
17:40:18 [INFO] HTTP Request: GET https://cccaa.prestosports.com/sports/mbkb/2025-26/boxscores/20260130_s7ov.xml "HTTP/1.1 200 OK"
17:40:29 [INFO] HTTP Request: GET https://cccaa.prestosports.com/sports/mbkb/2025-26/boxscores/20260204_2obe.xml "HTTP/1.1 200 OK"
17:40:41 [INFO] HTTP Request: GET https://cccaa.prestosports.com/sports/mbkb/2025-26/boxscores/20260206_lnuz.xml "HTTP/1.1 200 OK"
17:40:52 [INFO] HTTP Request: GET https://cccaa.prestosports.com/sports/mbkb/2025-26/boxscores/20260211_6ic0.xml "HTTP/1.1 200 OK"
17:41:03 [INFO] HTTP Request: GET https://cccaa.prestosports.com/sports/mbkb/2025-26/boxscores/20260213_92f5.xml "HTTP/1.1 200 OK"
17:41:14 [INFO] HTTP Request: GET https://cccaa.prestosports.com/sports/mbkb/2025-26/boxscores/20260220_jx6i.xml "HTTP/1.1 200 OK"
17:41:15 [INFO]   Loaded: 28 games, 629 player-game-stat rows
17:41:15 [INFO] 
[11/15] Cabrillo
17:41:15 [INFO] Scraping team: Cabrillo (cabrillo)
17:41:26 [INFO] HTTP Request: GET https://cccaa.prestosports.com/sports/mbkb/2025-26/teams/cabrillo?view=roster "HTTP/1.1 200 OK"
17:41:27 [INFO]   Roster: 0 players
17:41:38 [INFO] HTTP Request: GET https://cccaa.prestosports.com/sports/mbkb/2025-26/teams/cabrillo?view=gamelog "HTTP/1.1 200 OK"
17:41:39 [INFO]   Games: 28 with box scores
17:41:50 [INFO] HTTP Request: GET https://cccaa.prestosports.com/sports/mbkb/2025-26/boxscores/20251101_alj4.xml "HTTP/1.1 200 OK"
17:42:01 [INFO] HTTP Request: GET https://cccaa.prestosports.com/sports/mbkb/2025-26/boxscores/20251102_gjmu.xml "HTTP/1.1 200 OK"
17:42:12 [INFO] HTTP Request: GET https://cccaa.prestosports.com/sports/mbkb/2025-26/boxscores/20251108_iaso.xml "HTTP/1.1 200 OK"
17:42:23 [INFO] HTTP Request: GET https://cccaa.prestosports.com/sports/mbkb/2025-26/boxscores/20251116_lzno.xml "HTTP/1.1 200 OK"
17:42:34 [INFO] HTTP Request: GET https://cccaa.prestosports.com/sports/mbkb/2025-26/boxscores/20251120_gzkh.xml "HTTP/1.1 200 OK"
17:42:45 [INFO] HTTP Request: GET https://cccaa.prestosports.com/sports/mbkb/2025-26/boxscores/20251121_i8f5.xml "HTTP/1.1 200 OK"
17:42:57 [INFO] HTTP Request: GET https://cccaa.prestosports.com/sports/mbkb/2025-26/boxscores/20251122_1knv.xml "HTTP/1.1 200 OK"
17:43:08 [INFO] HTTP Request: GET https://cccaa.prestosports.com/sports/mbkb/2025-26/boxscores/20251126_oei3.xml "HTTP/1.1 200 OK"
17:43:19 [INFO] HTTP Request: GET https://cccaa.prestosports.com/sports/mbkb/2025-26/boxscores/20251205_tm2y.xml "HTTP/1.1 200 OK"
17:43:31 [INFO] HTTP Request: GET https://cccaa.prestosports.com/sports/mbkb/2025-26/boxscores/20251206_a1pi.xml "HTTP/1.1 200 OK"
17:43:42 [INFO] HTTP Request: GET https://cccaa.prestosports.com/sports/mbkb/2025-26/boxscores/20251207_n31l.xml "HTTP/1.1 200 OK"
17:43:53 [INFO] HTTP Request: GET https://cccaa.prestosports.com/sports/mbkb/2025-26/boxscores/20251212_m21v.xml "HTTP/1.1 200 OK"
17:44:04 [INFO] HTTP Request: GET https://cccaa.prestosports.com/sports/mbkb/2025-26/boxscores/20251219_py2o.xml "HTTP/1.1 200 OK"
17:44:15 [INFO] HTTP Request: GET https://cccaa.prestosports.com/sports/mbkb/2025-26/boxscores/20251220_juz4.xml "HTTP/1.1 200 OK"
17:44:27 [INFO] HTTP Request: GET https://cccaa.prestosports.com/sports/mbkb/2025-26/boxscores/20251231_68bc.xml "HTTP/1.1 200 OK"
17:44:38 [INFO] HTTP Request: GET https://cccaa.prestosports.com/sports/mbkb/2025-26/boxscores/20260102_09qi.xml "HTTP/1.1 200 OK"
17:44:49 [INFO] HTTP Request: GET https://cccaa.prestosports.com/sports/mbkb/2025-26/boxscores/20260107_1uw0.xml "HTTP/1.1 200 OK"
17:45:00 [INFO] HTTP Request: GET https://cccaa.prestosports.com/sports/mbkb/2025-26/boxscores/20260114_neds.xml "HTTP/1.1 200 OK"
17:45:12 [INFO] HTTP Request: GET https://cccaa.prestosports.com/sports/mbkb/2025-26/boxscores/20260116_rv5q.xml "HTTP/1.1 200 OK"
17:45:22 [INFO] HTTP Request: GET https://cccaa.prestosports.com/sports/mbkb/2025-26/boxscores/20260121_ctju.xml "HTTP/1.1 200 OK"
17:45:34 [INFO] HTTP Request: GET https://cccaa.prestosports.com/sports/mbkb/2025-26/boxscores/20260123_elks.xml "HTTP/1.1 200 OK"
17:45:45 [INFO] HTTP Request: GET https://cccaa.prestosports.com/sports/mbkb/2025-26/boxscores/20260128_sjw4.xml "HTTP/1.1 200 OK"
17:45:56 [INFO] HTTP Request: GET https://cccaa.prestosports.com/sports/mbkb/2025-26/boxscores/20260130_4aeh.xml "HTTP/1.1 200 OK"
17:46:08 [INFO] HTTP Request: GET https://cccaa.prestosports.com/sports/mbkb/2025-26/boxscores/20260206_569r.xml "HTTP/1.1 200 OK"
17:46:19 [INFO] HTTP Request: GET https://cccaa.prestosports.com/sports/mbkb/2025-26/boxscores/20260211_2sfx.xml "HTTP/1.1 200 OK"
17:46:30 [INFO] HTTP Request: GET https://cccaa.prestosports.com/sports/mbkb/2025-26/boxscores/20260213_92f5.xml "HTTP/1.1 200 OK"
17:46:42 [INFO] HTTP Request: GET https://cccaa.prestosports.com/sports/mbkb/2025-26/boxscores/20260218_jw9s.xml "HTTP/1.1 200 OK"
17:46:53 [INFO] HTTP Request: GET https://cccaa.prestosports.com/sports/mbkb/2025-26/boxscores/20260220_ajpy.xml "HTTP/1.1 200 OK"
17:46:53 [INFO]   Loaded: 28 games, 653 player-game-stat rows
17:46:53 [INFO] 
[12/15] Foothill
17:46:53 [INFO] Scraping team: Foothill (foothill)
17:47:05 [INFO] HTTP Request: GET https://cccaa.prestosports.com/sports/mbkb/2025-26/teams/foothill?view=roster "HTTP/1.1 200 OK"
17:47:05 [INFO]   Roster: 0 players
17:47:18 [INFO] HTTP Request: GET https://cccaa.prestosports.com/sports/mbkb/2025-26/teams/foothill?view=gamelog "HTTP/1.1 200 OK"
17:47:18 [INFO]   Games: 28 with box scores
17:47:29 [INFO] HTTP Request: GET https://cccaa.prestosports.com/sports/mbkb/2025-26/boxscores/20251104_q1dk.xml "HTTP/1.1 200 OK"
17:47:40 [INFO] HTTP Request: GET https://cccaa.prestosports.com/sports/mbkb/2025-26/boxscores/20251106_zsnh.xml "HTTP/1.1 200 OK"
17:47:51 [INFO] HTTP Request: GET https://cccaa.prestosports.com/sports/mbkb/2025-26/boxscores/20251107_shdt.xml "HTTP/1.1 200 OK"
17:48:02 [INFO] HTTP Request: GET https://cccaa.prestosports.com/sports/mbkb/2025-26/boxscores/20251108_664r.xml "HTTP/1.1 200 OK"
17:48:14 [INFO] HTTP Request: GET https://cccaa.prestosports.com/sports/mbkb/2025-26/boxscores/20251112_u1bs.xml "HTTP/1.1 200 OK"
17:48:26 [INFO] HTTP Request: GET https://cccaa.prestosports.com/sports/mbkb/2025-26/boxscores/20251115_d1sn.xml "HTTP/1.1 200 OK"
17:48:37 [INFO] HTTP Request: GET https://cccaa.prestosports.com/sports/mbkb/2025-26/boxscores/20251120_vh1w.xml "HTTP/1.1 200 OK"
17:48:48 [INFO] HTTP Request: GET https://cccaa.prestosports.com/sports/mbkb/2025-26/boxscores/20251121_au52.xml "HTTP/1.1 200 OK"
17:49:00 [INFO] HTTP Request: GET https://cccaa.prestosports.com/sports/mbkb/2025-26/boxscores/20251122_zyh2.xml "HTTP/1.1 200 OK"
17:49:11 [INFO] HTTP Request: GET https://cccaa.prestosports.com/sports/mbkb/2025-26/boxscores/20251205_rj9f.xml "HTTP/1.1 200 OK"
17:49:25 [INFO] HTTP Request: GET https://cccaa.prestosports.com/sports/mbkb/2025-26/boxscores/20251206_l1hc.xml "HTTP/1.1 200 OK"
17:49:36 [INFO] HTTP Request: GET https://cccaa.prestosports.com/sports/mbkb/2025-26/boxscores/20251207_0t52.xml "HTTP/1.1 200 OK"
17:49:47 [INFO] HTTP Request: GET https://cccaa.prestosports.com/sports/mbkb/2025-26/boxscores/20251210_s7uv.xml "HTTP/1.1 200 OK"
17:49:59 [INFO] HTTP Request: GET https://cccaa.prestosports.com/sports/mbkb/2025-26/boxscores/20251213_x4x9.xml "HTTP/1.1 200 OK"
17:50:10 [INFO] HTTP Request: GET https://cccaa.prestosports.com/sports/mbkb/2025-26/boxscores/20251219_x85r.xml "HTTP/1.1 200 OK"
17:50:22 [INFO] HTTP Request: GET https://cccaa.prestosports.com/sports/mbkb/2025-26/boxscores/20251220_mcuy.xml "HTTP/1.1 200 OK"
17:50:33 [INFO] HTTP Request: GET https://cccaa.prestosports.com/sports/mbkb/2025-26/boxscores/20260107_8rlj.xml "HTTP/1.1 200 OK"
17:50:44 [INFO] HTTP Request: GET https://cccaa.prestosports.com/sports/mbkb/2025-26/boxscores/20260109_udm2.xml "HTTP/1.1 200 OK"
17:50:56 [INFO] HTTP Request: GET https://cccaa.prestosports.com/sports/mbkb/2025-26/boxscores/20260114_xyxr.xml "HTTP/1.1 200 OK"
17:51:07 [INFO] HTTP Request: GET https://cccaa.prestosports.com/sports/mbkb/2025-26/boxscores/20260121_130b.xml "HTTP/1.1 200 OK"
17:51:18 [INFO] HTTP Request: GET https://cccaa.prestosports.com/sports/mbkb/2025-26/boxscores/20260123_xmou.xml "HTTP/1.1 200 OK"
17:51:30 [INFO] HTTP Request: GET https://cccaa.prestosports.com/sports/mbkb/2025-26/boxscores/20260128_sjw4.xml "HTTP/1.1 200 OK"
17:51:41 [INFO] HTTP Request: GET https://cccaa.prestosports.com/sports/mbkb/2025-26/boxscores/20260130_uid3.xml "HTTP/1.1 200 OK"
17:51:52 [INFO] HTTP Request: GET https://cccaa.prestosports.com/sports/mbkb/2025-26/boxscores/20260204_iv92.xml "HTTP/1.1 200 OK"
17:52:04 [INFO] HTTP Request: GET https://cccaa.prestosports.com/sports/mbkb/2025-26/boxscores/20260206_lnuz.xml "HTTP/1.1 200 OK"
17:52:15 [INFO] HTTP Request: GET https://cccaa.prestosports.com/sports/mbkb/2025-26/boxscores/20260213_7xp0.xml "HTTP/1.1 200 OK"
17:52:26 [INFO] HTTP Request: GET https://cccaa.prestosports.com/sports/mbkb/2025-26/boxscores/20260218_7xl9.xml "HTTP/1.1 200 OK"
17:52:38 [INFO] HTTP Request: GET https://cccaa.prestosports.com/sports/mbkb/2025-26/boxscores/20260220_ajpy.xml "HTTP/1.1 200 OK"
17:52:38 [INFO]   Loaded: 28 games, 669 player-game-stat rows
17:52:38 [INFO] 
[13/15] Hartnell
17:52:38 [INFO] Scraping team: Hartnell (hartnell)
17:52:50 [INFO] HTTP Request: GET https://cccaa.prestosports.com/sports/mbkb/2025-26/teams/hartnell?view=roster "HTTP/1.1 200 OK"
17:52:50 [INFO]   Roster: 0 players
17:53:02 [INFO] HTTP Request: GET https://cccaa.prestosports.com/sports/mbkb/2025-26/teams/hartnell?view=gamelog "HTTP/1.1 200 OK"
17:53:02 [INFO]   Games: 28 with box scores
17:53:14 [INFO] HTTP Request: GET https://cccaa.prestosports.com/sports/mbkb/2025-26/boxscores/20251101_4jhz.xml "HTTP/1.1 200 OK"
17:53:25 [INFO] HTTP Request: GET https://cccaa.prestosports.com/sports/mbkb/2025-26/boxscores/20251104_5n13.xml "HTTP/1.1 200 OK"
17:53:37 [INFO] HTTP Request: GET https://cccaa.prestosports.com/sports/mbkb/2025-26/boxscores/20251107_takp.xml "HTTP/1.1 200 OK"
17:53:48 [INFO] HTTP Request: GET https://cccaa.prestosports.com/sports/mbkb/2025-26/boxscores/20251111_nyos.xml "HTTP/1.1 200 OK"
17:53:59 [INFO] HTTP Request: GET https://cccaa.prestosports.com/sports/mbkb/2025-26/boxscores/20251112_ls85.xml "HTTP/1.1 200 OK"
17:54:11 [INFO] HTTP Request: GET https://cccaa.prestosports.com/sports/mbkb/2025-26/boxscores/20251115_pual.xml "HTTP/1.1 200 OK"
17:54:22 [INFO] HTTP Request: GET https://cccaa.prestosports.com/sports/mbkb/2025-26/boxscores/20251121_rhcl.xml "HTTP/1.1 200 OK"
17:54:33 [INFO] HTTP Request: GET https://cccaa.prestosports.com/sports/mbkb/2025-26/boxscores/20251122_vd7v.xml "HTTP/1.1 200 OK"
17:54:45 [INFO] HTTP Request: GET https://cccaa.prestosports.com/sports/mbkb/2025-26/boxscores/20251204_ka80.xml "HTTP/1.1 200 OK"
17:54:56 [INFO] HTTP Request: GET https://cccaa.prestosports.com/sports/mbkb/2025-26/boxscores/20251205_4dc4.xml "HTTP/1.1 200 OK"
17:55:08 [INFO] HTTP Request: GET https://cccaa.prestosports.com/sports/mbkb/2025-26/boxscores/20251206_9wr0.xml "HTTP/1.1 200 OK"
17:55:19 [INFO] HTTP Request: GET https://cccaa.prestosports.com/sports/mbkb/2025-26/boxscores/20251209_2w5f.xml "HTTP/1.1 200 OK"
17:55:31 [INFO] HTTP Request: GET https://cccaa.prestosports.com/sports/mbkb/2025-26/boxscores/20251211_0846.xml "HTTP/1.1 200 OK"
17:55:42 [INFO] HTTP Request: GET https://cccaa.prestosports.com/sports/mbkb/2025-26/boxscores/20251212_q913.xml "HTTP/1.1 200 OK"
17:55:53 [INFO] HTTP Request: GET https://cccaa.prestosports.com/sports/mbkb/2025-26/boxscores/20251213_9aj1.xml "HTTP/1.1 200 OK"
17:56:05 [INFO] HTTP Request: GET https://cccaa.prestosports.com/sports/mbkb/2025-26/boxscores/20260102_ybqs.xml "HTTP/1.1 200 OK"
17:56:16 [INFO] HTTP Request: GET https://cccaa.prestosports.com/sports/mbkb/2025-26/boxscores/20260109_yu7x.xml "HTTP/1.1 200 OK"
17:56:27 [INFO] HTTP Request: GET https://cccaa.prestosports.com/sports/mbkb/2025-26/boxscores/20260114_neds.xml "HTTP/1.1 200 OK"
17:56:39 [INFO] HTTP Request: GET https://cccaa.prestosports.com/sports/mbkb/2025-26/boxscores/20260116_tuck.xml "HTTP/1.1 200 OK"
17:56:50 [INFO] HTTP Request: GET https://cccaa.prestosports.com/sports/mbkb/2025-26/boxscores/20260121_130b.xml "HTTP/1.1 200 OK"
17:57:02 [INFO] HTTP Request: GET https://cccaa.prestosports.com/sports/mbkb/2025-26/boxscores/20260123_bm3d.xml "HTTP/1.1 200 OK"
17:57:13 [INFO] HTTP Request: GET https://cccaa.prestosports.com/sports/mbkb/2025-26/boxscores/20260128_5u5j.xml "HTTP/1.1 200 OK"
17:57:24 [INFO] HTTP Request: GET https://cccaa.prestosports.com/sports/mbkb/2025-26/boxscores/20260204_ylkk.xml "HTTP/1.1 200 OK"
17:57:35 [INFO] HTTP Request: GET https://cccaa.prestosports.com/sports/mbkb/2025-26/boxscores/20260206_569r.xml "HTTP/1.1 200 OK"
17:57:47 [INFO] HTTP Request: GET https://cccaa.prestosports.com/sports/mbkb/2025-26/boxscores/20260211_lfnj.xml "HTTP/1.1 200 OK"
17:57:59 [INFO] HTTP Request: GET https://cccaa.prestosports.com/sports/mbkb/2025-26/boxscores/20260213_7xp0.xml "HTTP/1.1 200 OK"
17:58:10 [INFO] HTTP Request: GET https://cccaa.prestosports.com/sports/mbkb/2025-26/boxscores/20260218_cy5v.xml "HTTP/1.1 200 OK"
17:58:21 [INFO] HTTP Request: GET https://cccaa.prestosports.com/sports/mbkb/2025-26/boxscores/20260220_jx6i.xml "HTTP/1.1 200 OK"
17:58:21 [INFO]   Loaded: 28 games, 673 player-game-stat rows
17:58:21 [INFO] 
[14/15] Gavilan
17:58:21 [INFO] Scraping team: Gavilan (gavilan)
17:58:33 [INFO] HTTP Request: GET https://cccaa.prestosports.com/sports/mbkb/2025-26/teams/gavilan?view=roster "HTTP/1.1 200 OK"
17:58:33 [INFO]   Roster: 0 players
17:58:45 [INFO] HTTP Request: GET https://cccaa.prestosports.com/sports/mbkb/2025-26/teams/gavilan?view=gamelog "HTTP/1.1 200 OK"
17:58:45 [INFO]   Games: 28 with box scores
17:58:57 [INFO] HTTP Request: GET https://cccaa.prestosports.com/sports/mbkb/2025-26/boxscores/20251101_jsu8.xml "HTTP/1.1 200 OK"
17:59:08 [INFO] HTTP Request: GET https://cccaa.prestosports.com/sports/mbkb/2025-26/boxscores/20251102_vem5.xml "HTTP/1.1 200 OK"
17:59:19 [INFO] HTTP Request: GET https://cccaa.prestosports.com/sports/mbkb/2025-26/boxscores/20251106_sal4.xml "HTTP/1.1 200 OK"
17:59:30 [INFO] HTTP Request: GET https://cccaa.prestosports.com/sports/mbkb/2025-26/boxscores/20251108_ys0w.xml "HTTP/1.1 200 OK"
17:59:42 [INFO] HTTP Request: GET https://cccaa.prestosports.com/sports/mbkb/2025-26/boxscores/20251113_j0dc.xml "HTTP/1.1 200 OK"
17:59:53 [INFO] HTTP Request: GET https://cccaa.prestosports.com/sports/mbkb/2025-26/boxscores/20251115_fkz0.xml "HTTP/1.1 200 OK"
18:00:04 [INFO] HTTP Request: GET https://cccaa.prestosports.com/sports/mbkb/2025-26/boxscores/20251120_bjbq.xml "HTTP/1.1 200 OK"
18:00:15 [INFO] HTTP Request: GET https://cccaa.prestosports.com/sports/mbkb/2025-26/boxscores/20251122_lh7p.xml "HTTP/1.1 200 OK"
18:00:27 [INFO] HTTP Request: GET https://cccaa.prestosports.com/sports/mbkb/2025-26/boxscores/20251126_m3z1.xml "HTTP/1.1 200 OK"
18:00:38 [INFO] HTTP Request: GET https://cccaa.prestosports.com/sports/mbkb/2025-26/boxscores/20251204_q6a4.xml "HTTP/1.1 200 OK"
18:00:50 [INFO] HTTP Request: GET https://cccaa.prestosports.com/sports/mbkb/2025-26/boxscores/20251206_agd0.xml "HTTP/1.1 200 OK"
18:01:01 [INFO] HTTP Request: GET https://cccaa.prestosports.com/sports/mbkb/2025-26/boxscores/20251211_a69v.xml "HTTP/1.1 200 OK"
18:01:12 [INFO] HTTP Request: GET https://cccaa.prestosports.com/sports/mbkb/2025-26/boxscores/20251213_ijtp.xml "HTTP/1.1 200 OK"
18:01:23 [INFO] HTTP Request: GET https://cccaa.prestosports.com/sports/mbkb/2025-26/boxscores/20251219_oqpa.xml "HTTP/1.1 200 OK"
18:01:34 [INFO] HTTP Request: GET https://cccaa.prestosports.com/sports/mbkb/2025-26/boxscores/20251220_73kb.xml "HTTP/1.1 200 OK"
18:01:46 [INFO] HTTP Request: GET https://cccaa.prestosports.com/sports/mbkb/2025-26/boxscores/20260102_ybem.xml "HTTP/1.1 200 OK"
18:01:57 [INFO] HTTP Request: GET https://cccaa.prestosports.com/sports/mbkb/2025-26/boxscores/20260107_8264.xml "HTTP/1.1 200 OK"
18:02:09 [INFO] HTTP Request: GET https://cccaa.prestosports.com/sports/mbkb/2025-26/boxscores/20260109_udm2.xml "HTTP/1.1 200 OK"
18:02:20 [INFO] HTTP Request: GET https://cccaa.prestosports.com/sports/mbkb/2025-26/boxscores/20260114_qvgi.xml "HTTP/1.1 200 OK"
18:02:31 [INFO] HTTP Request: GET https://cccaa.prestosports.com/sports/mbkb/2025-26/boxscores/20260116_rv5q.xml "HTTP/1.1 200 OK"
18:02:43 [INFO] HTTP Request: GET https://cccaa.prestosports.com/sports/mbkb/2025-26/boxscores/20260123_bm3d.xml "HTTP/1.1 200 OK"
18:02:54 [INFO] HTTP Request: GET https://cccaa.prestosports.com/sports/mbkb/2025-26/boxscores/20260128_g8ey.xml "HTTP/1.1 200 OK"
18:03:05 [INFO] HTTP Request: GET https://cccaa.prestosports.com/sports/mbkb/2025-26/boxscores/20260130_s7ov.xml "HTTP/1.1 200 OK"
18:03:16 [INFO] HTTP Request: GET https://cccaa.prestosports.com/sports/mbkb/2025-26/boxscores/20260204_iv92.xml "HTTP/1.1 200 OK"
18:03:27 [INFO] HTTP Request: GET https://cccaa.prestosports.com/sports/mbkb/2025-26/boxscores/20260206_xiuc.xml "HTTP/1.1 200 OK"
18:03:39 [INFO] HTTP Request: GET https://cccaa.prestosports.com/sports/mbkb/2025-26/boxscores/20260211_2sfx.xml "HTTP/1.1 200 OK"
18:03:51 [INFO] HTTP Request: GET https://cccaa.prestosports.com/sports/mbkb/2025-26/boxscores/20260218_cy5v.xml "HTTP/1.1 200 OK"
18:04:02 [INFO] HTTP Request: GET https://cccaa.prestosports.com/sports/mbkb/2025-26/boxscores/20260220_ey2x.xml "HTTP/1.1 200 OK"
18:04:02 [INFO]   Loaded: 28 games, 616 player-game-stat rows
18:04:02 [INFO] 
[15/15] Monterey Peninsula
18:04:02 [INFO] Scraping team: Monterey Peninsula (montereypeninsula)
18:04:14 [INFO] HTTP Request: GET https://cccaa.prestosports.com/sports/mbkb/2025-26/teams/montereypeninsula?view=roster "HTTP/1.1 200 OK"
18:04:14 [INFO]   Roster: 0 players
18:04:26 [INFO] HTTP Request: GET https://cccaa.prestosports.com/sports/mbkb/2025-26/teams/montereypeninsula?view=gamelog "HTTP/1.1 200 OK"
18:04:26 [INFO]   Games: 28 with box scores
18:04:37 [INFO] HTTP Request: GET https://cccaa.prestosports.com/sports/mbkb/2025-26/boxscores/20251101_901d.xml "HTTP/1.1 200 OK"
18:04:48 [INFO] HTTP Request: GET https://cccaa.prestosports.com/sports/mbkb/2025-26/boxscores/20251102_xoui.xml "HTTP/1.1 200 OK"
18:04:59 [INFO] HTTP Request: GET https://cccaa.prestosports.com/sports/mbkb/2025-26/boxscores/20251106_hwiv.xml "HTTP/1.1 200 OK"
18:05:11 [INFO] HTTP Request: GET https://cccaa.prestosports.com/sports/mbkb/2025-26/boxscores/20251108_kezu.xml "HTTP/1.1 200 OK"
18:05:22 [INFO] HTTP Request: GET https://cccaa.prestosports.com/sports/mbkb/2025-26/boxscores/20251111_lk3e.xml "HTTP/1.1 200 OK"
18:05:34 [INFO] HTTP Request: GET https://cccaa.prestosports.com/sports/mbkb/2025-26/boxscores/20251114_2zae.xml "HTTP/1.1 200 OK"
18:05:45 [INFO] HTTP Request: GET https://cccaa.prestosports.com/sports/mbkb/2025-26/boxscores/20251121_7sb9.xml "HTTP/1.1 200 OK"
18:05:56 [INFO] HTTP Request: GET https://cccaa.prestosports.com/sports/mbkb/2025-26/boxscores/20251122_erll.xml "HTTP/1.1 200 OK"
18:06:07 [INFO] HTTP Request: GET https://cccaa.prestosports.com/sports/mbkb/2025-26/boxscores/20251204_byx0.xml "HTTP/1.1 200 OK"
18:06:19 [INFO] HTTP Request: GET https://cccaa.prestosports.com/sports/mbkb/2025-26/boxscores/20251205_uu6r.xml "HTTP/1.1 200 OK"
18:06:30 [INFO] HTTP Request: GET https://cccaa.prestosports.com/sports/mbkb/2025-26/boxscores/20251206_z4jz.xml "HTTP/1.1 200 OK"
18:06:41 [INFO] HTTP Request: GET https://cccaa.prestosports.com/sports/mbkb/2025-26/boxscores/20251211_bopo.xml "HTTP/1.1 200 OK"
18:06:53 [INFO] HTTP Request: GET https://cccaa.prestosports.com/sports/mbkb/2025-26/boxscores/20251212_ywpm.xml "HTTP/1.1 200 OK"
18:07:04 [INFO] HTTP Request: GET https://cccaa.prestosports.com/sports/mbkb/2025-26/boxscores/20251213_6uf0.xml "HTTP/1.1 200 OK"
18:07:15 [INFO] HTTP Request: GET https://cccaa.prestosports.com/sports/mbkb/2025-26/boxscores/20251216_3p0a.xml "HTTP/1.1 200 OK"
18:07:26 [INFO] HTTP Request: GET https://cccaa.prestosports.com/sports/mbkb/2025-26/boxscores/20260102_f91n.xml "HTTP/1.1 200 OK"
18:07:38 [INFO] HTTP Request: GET https://cccaa.prestosports.com/sports/mbkb/2025-26/boxscores/20260107_1uw0.xml "HTTP/1.1 200 OK"
18:07:49 [INFO] HTTP Request: GET https://cccaa.prestosports.com/sports/mbkb/2025-26/boxscores/20260109_yu7x.xml "HTTP/1.1 200 OK"
18:08:01 [INFO] HTTP Request: GET https://cccaa.prestosports.com/sports/mbkb/2025-26/boxscores/20260114_qvgi.xml "HTTP/1.1 200 OK"
18:08:12 [INFO] HTTP Request: GET https://cccaa.prestosports.com/sports/mbkb/2025-26/boxscores/20260116_kg51.xml "HTTP/1.1 200 OK"
18:08:24 [INFO] HTTP Request: GET https://cccaa.prestosports.com/sports/mbkb/2025-26/boxscores/20260121_5hit.xml "HTTP/1.1 200 OK"
18:08:35 [INFO] HTTP Request: GET https://cccaa.prestosports.com/sports/mbkb/2025-26/boxscores/20260123_xmou.xml "HTTP/1.1 200 OK"
18:08:47 [INFO] HTTP Request: GET https://cccaa.prestosports.com/sports/mbkb/2025-26/boxscores/20260130_4aeh.xml "HTTP/1.1 200 OK"
18:08:58 [INFO] HTTP Request: GET https://cccaa.prestosports.com/sports/mbkb/2025-26/boxscores/20260204_ylkk.xml "HTTP/1.1 200 OK"
18:09:09 [INFO] HTTP Request: GET https://cccaa.prestosports.com/sports/mbkb/2025-26/boxscores/20260206_xiuc.xml "HTTP/1.1 200 OK"
18:09:21 [INFO] HTTP Request: GET https://cccaa.prestosports.com/sports/mbkb/2025-26/boxscores/20260211_6ic0.xml "HTTP/1.1 200 OK"
18:09:32 [INFO] HTTP Request: GET https://cccaa.prestosports.com/sports/mbkb/2025-26/boxscores/20260213_54jk.xml "HTTP/1.1 200 OK"
18:09:43 [INFO] HTTP Request: GET https://cccaa.prestosports.com/sports/mbkb/2025-26/boxscores/20260218_7xl9.xml "HTTP/1.1 200 OK"
18:09:43 [INFO]   Loaded: 28 games, 693 player-game-stat rows
18:09:43 [INFO] 
============================================================
18:09:43 [INFO]   BATCH COMPLETE: 15 teams, 420 games, 9833 PGS rows
18:09:43 [INFO] ============================================================

============================================================
  BATCH (cccaa) — FINAL SUMMARY
============================================================
  Total teams discovered & scraped: 1983
  Total players in database:        21715
  Total games with box scores:      8380
  Total player_game_stats rows:     200371
  Total team_game_stats rows:       7551
  Total HTTP requests:              8509
  Failed URLs (in scrape_log):      52
============================================================
