19:40:14 [INFO] 
============================================================
19:40:14 [INFO]   STARTING CCCAA (3C2A)
19:40:14 [INFO] ============================================================
19:40:14 [INFO] Discovering CCCAA teams from https://cccaa.prestosports.com/sports/mbkb/2025-26/leaders
19:40:16 [INFO] HTTP Request: GET https://cccaa.prestosports.com/sports/mbkb/2025-26/leaders "HTTP/1.1 200 OK"
19:40:16 [INFO] Found 102 teams in CCCAA
19:40:16 [INFO] 
[1/102] Los Medanos
19:40:16 [INFO] Scraping team: Los Medanos (losmedanos)
19:40:28 [INFO] HTTP Request: GET https://cccaa.prestosports.com/sports/mbkb/2025-26/teams/losmedanos?view=roster "HTTP/1.1 200 OK"
19:40:28 [INFO]   Roster: 0 players
19:40:40 [INFO] HTTP Request: GET https://cccaa.prestosports.com/sports/mbkb/2025-26/teams/losmedanos?view=gamelog "HTTP/1.1 200 OK"
19:40:40 [INFO]   Games: 28 with box scores
19:40:51 [INFO] HTTP Request: GET https://cccaa.prestosports.com/sports/mbkb/2025-26/boxscores/20251101_hjzh.xml "HTTP/1.1 200 OK"
19:41:02 [INFO] HTTP Request: GET https://cccaa.prestosports.com/sports/mbkb/2025-26/boxscores/20251102_xoui.xml "HTTP/1.1 200 OK"
19:41:14 [INFO] HTTP Request: GET https://cccaa.prestosports.com/sports/mbkb/2025-26/boxscores/20251106_u9ht.xml "HTTP/1.1 200 OK"
19:41:25 [INFO] HTTP Request: GET https://cccaa.prestosports.com/sports/mbkb/2025-26/boxscores/20251107_vifp.xml "HTTP/1.1 200 OK"
19:41:36 [INFO] HTTP Request: GET https://cccaa.prestosports.com/sports/mbkb/2025-26/boxscores/20251108_thbq.xml "HTTP/1.1 200 OK"
19:41:47 [INFO] HTTP Request: GET https://cccaa.prestosports.com/sports/mbkb/2025-26/boxscores/20251113_a9gj.xml "HTTP/1.1 200 OK"
19:41:59 [INFO] HTTP Request: GET https://cccaa.prestosports.com/sports/mbkb/2025-26/boxscores/20251120_hpxa.xml "HTTP/1.1 200 OK"
19:42:10 [INFO] HTTP Request: GET https://cccaa.prestosports.com/sports/mbkb/2025-26/boxscores/20251121_13j6.xml "HTTP/1.1 200 OK"
19:42:21 [INFO] HTTP Request: GET https://cccaa.prestosports.com/sports/mbkb/2025-26/boxscores/20251122_opqt.xml "HTTP/1.1 200 OK"
19:42:33 [INFO] HTTP Request: GET https://cccaa.prestosports.com/sports/mbkb/2025-26/boxscores/20251203_qmaa.xml "HTTP/1.1 200 OK"
19:42:44 [INFO] HTTP Request: GET https://cccaa.prestosports.com/sports/mbkb/2025-26/boxscores/20251209_uboo.xml "HTTP/1.1 200 OK"
19:42:55 [INFO] HTTP Request: GET https://cccaa.prestosports.com/sports/mbkb/2025-26/boxscores/20251216_mg9y.xml "HTTP/1.1 200 OK"
19:43:06 [INFO] HTTP Request: GET https://cccaa.prestosports.com/sports/mbkb/2025-26/boxscores/20251219_sd2u.xml "HTTP/1.1 200 OK"
19:43:18 [INFO] HTTP Request: GET https://cccaa.prestosports.com/sports/mbkb/2025-26/boxscores/20251230_k64s.xml "HTTP/1.1 200 OK"
19:43:29 [INFO] HTTP Request: GET https://cccaa.prestosports.com/sports/mbkb/2025-26/boxscores/20260102_deqd.xml "HTTP/1.1 200 OK"
19:43:40 [INFO] HTTP Request: GET https://cccaa.prestosports.com/sports/mbkb/2025-26/boxscores/20260106_owkl.xml "HTTP/1.1 200 OK"
19:43:51 [INFO] HTTP Request: GET https://cccaa.prestosports.com/sports/mbkb/2025-26/boxscores/20260110_ulo7.xml "HTTP/1.1 200 OK"
19:44:03 [INFO] HTTP Request: GET https://cccaa.prestosports.com/sports/mbkb/2025-26/boxscores/20260114_sd3v.xml "HTTP/1.1 200 OK"
19:44:14 [INFO] HTTP Request: GET https://cccaa.prestosports.com/sports/mbkb/2025-26/boxscores/20260116_i5ku.xml "HTTP/1.1 200 OK"
19:44:25 [INFO] HTTP Request: GET https://cccaa.prestosports.com/sports/mbkb/2025-26/boxscores/20260121_7j6w.xml "HTTP/1.1 200 OK"
19:44:36 [INFO] HTTP Request: GET https://cccaa.prestosports.com/sports/mbkb/2025-26/boxscores/20260123_stnx.xml "HTTP/1.1 200 OK"
19:44:48 [INFO] HTTP Request: GET https://cccaa.prestosports.com/sports/mbkb/2025-26/boxscores/20260128_1vfv.xml "HTTP/1.1 200 OK"
19:44:59 [INFO] HTTP Request: GET https://cccaa.prestosports.com/sports/mbkb/2025-26/boxscores/20260130_6ftu.xml "HTTP/1.1 200 OK"
19:45:10 [INFO] HTTP Request: GET https://cccaa.prestosports.com/sports/mbkb/2025-26/boxscores/20260204_zx2d.xml "HTTP/1.1 200 OK"
19:45:22 [INFO] HTTP Request: GET https://cccaa.prestosports.com/sports/mbkb/2025-26/boxscores/20260211_h7y7.xml "HTTP/1.1 200 OK"
19:45:33 [INFO] HTTP Request: GET https://cccaa.prestosports.com/sports/mbkb/2025-26/boxscores/20260213_sowy.xml "HTTP/1.1 200 OK"
19:45:45 [INFO] HTTP Request: GET https://cccaa.prestosports.com/sports/mbkb/2025-26/boxscores/20260217_cngb.xml "HTTP/1.1 200 OK"
19:45:57 [INFO] HTTP Request: GET https://cccaa.prestosports.com/sports/mbkb/2025-26/boxscores/20260219_jobt.xml "HTTP/1.1 200 OK"
19:45:57 [INFO]   Loaded: 28 games, 633 player-game-stat rows
19:45:57 [INFO] 
[2/102] Southwestern
19:45:57 [INFO] Scraping team: Southwestern (southwestern)
19:46:10 [INFO] HTTP Request: GET https://cccaa.prestosports.com/sports/mbkb/2025-26/teams/southwestern?view=roster "HTTP/1.1 200 OK"
19:46:10 [INFO]   Roster: 0 players
19:46:22 [INFO] HTTP Request: GET https://cccaa.prestosports.com/sports/mbkb/2025-26/teams/southwestern?view=gamelog "HTTP/1.1 200 OK"
19:46:22 [INFO]   Games: 28 with box scores
19:46:33 [INFO] HTTP Request: GET https://cccaa.prestosports.com/sports/mbkb/2025-26/boxscores/20251030_2zoy.xml "HTTP/1.1 200 OK"
19:46:44 [INFO] HTTP Request: GET https://cccaa.prestosports.com/sports/mbkb/2025-26/boxscores/20251104_0cyz.xml "HTTP/1.1 200 OK"
19:46:56 [INFO] HTTP Request: GET https://cccaa.prestosports.com/sports/mbkb/2025-26/boxscores/20251106_bybd.xml "HTTP/1.1 200 OK"
19:47:07 [INFO] HTTP Request: GET https://cccaa.prestosports.com/sports/mbkb/2025-26/boxscores/20251108_zzft.xml "HTTP/1.1 200 OK"
19:47:18 [INFO] HTTP Request: GET https://cccaa.prestosports.com/sports/mbkb/2025-26/boxscores/20251110_5du4.xml "HTTP/1.1 200 OK"
19:47:30 [INFO] HTTP Request: GET https://cccaa.prestosports.com/sports/mbkb/2025-26/boxscores/20251119_umkg.xml "HTTP/1.1 200 OK"
19:47:42 [INFO] HTTP Request: GET https://cccaa.prestosports.com/sports/mbkb/2025-26/boxscores/20251121_ynl6.xml "HTTP/1.1 200 OK"
19:47:53 [INFO] HTTP Request: GET https://cccaa.prestosports.com/sports/mbkb/2025-26/boxscores/20251203_dl9r.xml "HTTP/1.1 200 OK"
19:48:05 [INFO] HTTP Request: GET https://cccaa.prestosports.com/sports/mbkb/2025-26/boxscores/20251205_3p3a.xml "HTTP/1.1 200 OK"
19:48:16 [INFO] HTTP Request: GET https://cccaa.prestosports.com/sports/mbkb/2025-26/boxscores/20251206_kluu.xml "HTTP/1.1 200 OK"
19:48:28 [INFO] HTTP Request: GET https://cccaa.prestosports.com/sports/mbkb/2025-26/boxscores/20251212_j09e.xml "HTTP/1.1 200 OK"
19:48:40 [INFO] HTTP Request: GET https://cccaa.prestosports.com/sports/mbkb/2025-26/boxscores/20251217_swfz.xml "HTTP/1.1 200 OK"
19:48:51 [INFO] HTTP Request: GET https://cccaa.prestosports.com/sports/mbkb/2025-26/boxscores/20251219_it5c.xml "HTTP/1.1 200 OK"
19:49:03 [INFO] HTTP Request: GET https://cccaa.prestosports.com/sports/mbkb/2025-26/boxscores/20251223_nk33.xml "HTTP/1.1 200 OK"
19:49:14 [INFO] HTTP Request: GET https://cccaa.prestosports.com/sports/mbkb/2025-26/boxscores/20260103_5icn.xml "HTTP/1.1 200 OK"
19:49:26 [INFO] HTTP Request: GET https://cccaa.prestosports.com/sports/mbkb/2025-26/boxscores/20260109_ubep.xml "HTTP/1.1 200 OK"
19:49:37 [INFO] HTTP Request: GET https://cccaa.prestosports.com/sports/mbkb/2025-26/boxscores/20260114_ecg6.xml "HTTP/1.1 200 OK"
19:49:48 [INFO] HTTP Request: GET https://cccaa.prestosports.com/sports/mbkb/2025-26/boxscores/20260116_xq6v.xml "HTTP/1.1 200 OK"
19:50:00 [INFO] HTTP Request: GET https://cccaa.prestosports.com/sports/mbkb/2025-26/boxscores/20260121_98x8.xml "HTTP/1.1 200 OK"
19:50:11 [INFO] HTTP Request: GET https://cccaa.prestosports.com/sports/mbkb/2025-26/boxscores/20260123_h9f6.xml "HTTP/1.1 200 OK"
19:50:22 [INFO] HTTP Request: GET https://cccaa.prestosports.com/sports/mbkb/2025-26/boxscores/20260126_qusi.xml "HTTP/1.1 200 OK"
19:50:33 [INFO] HTTP Request: GET https://cccaa.prestosports.com/sports/mbkb/2025-26/boxscores/20260128_czmx.xml "HTTP/1.1 200 OK"
19:50:44 [INFO] HTTP Request: GET https://cccaa.prestosports.com/sports/mbkb/2025-26/boxscores/20260130_4cvg.xml "HTTP/1.1 200 OK"
19:50:56 [INFO] HTTP Request: GET https://cccaa.prestosports.com/sports/mbkb/2025-26/boxscores/20260206_eeyf.xml "HTTP/1.1 200 OK"
19:51:08 [INFO] HTTP Request: GET https://cccaa.prestosports.com/sports/mbkb/2025-26/boxscores/20260211_twbw.xml "HTTP/1.1 200 OK"
19:51:19 [INFO] HTTP Request: GET https://cccaa.prestosports.com/sports/mbkb/2025-26/boxscores/20260213_wc4b.xml "HTTP/1.1 200 OK"
19:51:30 [INFO] HTTP Request: GET https://cccaa.prestosports.com/sports/mbkb/2025-26/boxscores/20260218_zm4x.xml "HTTP/1.1 200 OK"
19:51:42 [INFO] HTTP Request: GET https://cccaa.prestosports.com/sports/mbkb/2025-26/boxscores/20260220_mjuf.xml "HTTP/1.1 200 OK"
19:51:42 [INFO]   Loaded: 28 games, 778 player-game-stat rows
19:51:42 [INFO] 
[3/102] Sierra
19:51:42 [INFO] Scraping team: Sierra (sierra)
19:51:54 [INFO] HTTP Request: GET https://cccaa.prestosports.com/sports/mbkb/2025-26/teams/sierra?view=roster "HTTP/1.1 200 OK"
19:51:54 [INFO]   Roster: 0 players
19:52:06 [INFO] HTTP Request: GET https://cccaa.prestosports.com/sports/mbkb/2025-26/teams/sierra?view=gamelog "HTTP/1.1 200 OK"
19:52:06 [INFO]   Games: 28 with box scores
19:52:17 [INFO] HTTP Request: GET https://cccaa.prestosports.com/sports/mbkb/2025-26/boxscores/20251031_7on3.xml "HTTP/1.1 200 OK"
19:52:29 [INFO] HTTP Request: GET https://cccaa.prestosports.com/sports/mbkb/2025-26/boxscores/20251031_ngfg.xml "HTTP/1.1 200 OK"
19:52:40 [INFO] HTTP Request: GET https://cccaa.prestosports.com/sports/mbkb/2025-26/boxscores/20251113_v6uu.xml "HTTP/1.1 200 OK"
19:52:52 [INFO] HTTP Request: GET https://cccaa.prestosports.com/sports/mbkb/2025-26/boxscores/20251119_vv5l.xml "HTTP/1.1 200 OK"
19:53:03 [INFO] HTTP Request: GET https://cccaa.prestosports.com/sports/mbkb/2025-26/boxscores/20251122_ln9y.xml "HTTP/1.1 200 OK"
19:53:15 [INFO] HTTP Request: GET https://cccaa.prestosports.com/sports/mbkb/2025-26/boxscores/20251126_j5r8.xml "HTTP/1.1 200 OK"
19:53:26 [INFO] HTTP Request: GET https://cccaa.prestosports.com/sports/mbkb/2025-26/boxscores/20251204_xd63.xml "HTTP/1.1 200 OK"
19:53:37 [INFO] HTTP Request: GET https://cccaa.prestosports.com/sports/mbkb/2025-26/boxscores/20251205_sxf8.xml "HTTP/1.1 200 OK"
19:53:49 [INFO] HTTP Request: GET https://cccaa.prestosports.com/sports/mbkb/2025-26/boxscores/20251206_8n4t.xml "HTTP/1.1 200 OK"
19:54:00 [INFO] HTTP Request: GET https://cccaa.prestosports.com/sports/mbkb/2025-26/boxscores/20251218_icqq.xml "HTTP/1.1 200 OK"
19:54:12 [INFO] HTTP Request: GET https://cccaa.prestosports.com/sports/mbkb/2025-26/boxscores/20251219_oo66.xml "HTTP/1.1 200 OK"
19:54:24 [INFO] HTTP Request: GET https://cccaa.prestosports.com/sports/mbkb/2025-26/boxscores/20251220_rjqm.xml "HTTP/1.1 200 OK"
19:54:35 [INFO] HTTP Request: GET https://cccaa.prestosports.com/sports/mbkb/2025-26/boxscores/20251230_2s2r.xml "HTTP/1.1 200 OK"
19:54:46 [INFO] HTTP Request: GET https://cccaa.prestosports.com/sports/mbkb/2025-26/boxscores/20260102_70jd.xml "HTTP/1.1 200 OK"
19:54:57 [INFO] HTTP Request: GET https://cccaa.prestosports.com/sports/mbkb/2025-26/boxscores/20260106_i6jf.xml "HTTP/1.1 200 OK"
19:55:08 [INFO] HTTP Request: GET https://cccaa.prestosports.com/sports/mbkb/2025-26/boxscores/20260108_cuyv.xml "HTTP/1.1 200 OK"
19:55:20 [INFO] HTTP Request: GET https://cccaa.prestosports.com/sports/mbkb/2025-26/boxscores/20260110_aamc.xml "HTTP/1.1 200 OK"
19:55:31 [INFO] HTTP Request: GET https://cccaa.prestosports.com/sports/mbkb/2025-26/boxscores/20260113_ctoo.xml "HTTP/1.1 200 OK"
19:55:43 [INFO] HTTP Request: GET https://cccaa.prestosports.com/sports/mbkb/2025-26/boxscores/20260116_qv1o.xml "HTTP/1.1 200 OK"
19:55:54 [INFO] HTTP Request: GET https://cccaa.prestosports.com/sports/mbkb/2025-26/boxscores/20260120_etxv.xml "HTTP/1.1 200 OK"
19:56:05 [INFO] HTTP Request: GET https://cccaa.prestosports.com/sports/mbkb/2025-26/boxscores/20260127_2xvt.xml "HTTP/1.1 200 OK"
19:56:16 [INFO] HTTP Request: GET https://cccaa.prestosports.com/sports/mbkb/2025-26/boxscores/20260130_vzpx.xml "HTTP/1.1 200 OK"
19:56:28 [INFO] HTTP Request: GET https://cccaa.prestosports.com/sports/mbkb/2025-26/boxscores/20260203_i1ss.xml "HTTP/1.1 200 OK"
19:56:39 [INFO] HTTP Request: GET https://cccaa.prestosports.com/sports/mbkb/2025-26/boxscores/20260206_l7z0.xml "HTTP/1.1 200 OK"
19:56:50 [INFO] HTTP Request: GET https://cccaa.prestosports.com/sports/mbkb/2025-26/boxscores/20260210_ezh5.xml "HTTP/1.1 200 OK"
19:57:01 [INFO] HTTP Request: GET https://cccaa.prestosports.com/sports/mbkb/2025-26/boxscores/20260212_r7f1.xml "HTTP/1.1 200 OK"
19:57:13 [INFO] HTTP Request: GET https://cccaa.prestosports.com/sports/mbkb/2025-26/boxscores/20260217_8gu0.xml "HTTP/1.1 200 OK"
19:57:24 [INFO] HTTP Request: GET https://cccaa.prestosports.com/sports/mbkb/2025-26/boxscores/20260220_p2un.xml "HTTP/1.1 200 OK"
19:57:24 [INFO]   Loaded: 28 games, 648 player-game-stat rows
19:57:24 [INFO] 
[4/102] Lemoore
19:57:24 [INFO] Scraping team: Lemoore (lemoore)
19:57:36 [INFO] HTTP Request: GET https://cccaa.prestosports.com/sports/mbkb/2025-26/teams/lemoore?view=roster "HTTP/1.1 200 OK"
19:57:36 [INFO]   Roster: 0 players
19:57:48 [INFO] HTTP Request: GET https://cccaa.prestosports.com/sports/mbkb/2025-26/teams/lemoore?view=gamelog "HTTP/1.1 200 OK"
19:57:48 [INFO]   Games: 28 with box scores
19:57:59 [INFO] HTTP Request: GET https://cccaa.prestosports.com/sports/mbkb/2025-26/boxscores/20251107_46at.xml "HTTP/1.1 200 OK"
19:58:11 [INFO] HTTP Request: GET https://cccaa.prestosports.com/sports/mbkb/2025-26/boxscores/20251108_s3do.xml "HTTP/1.1 200 OK"
19:58:22 [INFO] HTTP Request: GET https://cccaa.prestosports.com/sports/mbkb/2025-26/boxscores/20251112_k7gm.xml "HTTP/1.1 200 OK"
19:58:33 [INFO] HTTP Request: GET https://cccaa.prestosports.com/sports/mbkb/2025-26/boxscores/20251120_92f9.xml "HTTP/1.1 200 OK"
19:58:44 [INFO] HTTP Request: GET https://cccaa.prestosports.com/sports/mbkb/2025-26/boxscores/20251121_s591.xml "HTTP/1.1 200 OK"
19:58:56 [INFO] HTTP Request: GET https://cccaa.prestosports.com/sports/mbkb/2025-26/boxscores/20251122_nr9i.xml "HTTP/1.1 200 OK"
19:59:07 [INFO] HTTP Request: GET https://cccaa.prestosports.com/sports/mbkb/2025-26/boxscores/20251210_s7uv.xml "HTTP/1.1 200 OK"
19:59:19 [INFO] HTTP Request: GET https://cccaa.prestosports.com/sports/mbkb/2025-26/boxscores/20251211_iaoe.xml "HTTP/1.1 200 OK"
19:59:30 [INFO] HTTP Request: GET https://cccaa.prestosports.com/sports/mbkb/2025-26/boxscores/20251212_q913.xml "HTTP/1.1 200 OK"
19:59:41 [INFO] HTTP Request: GET https://cccaa.prestosports.com/sports/mbkb/2025-26/boxscores/20251213_6uf0.xml "HTTP/1.1 200 OK"
19:59:52 [INFO] HTTP Request: GET https://cccaa.prestosports.com/sports/mbkb/2025-26/boxscores/20251218_no9m.xml "HTTP/1.1 200 OK"
20:00:03 [INFO] HTTP Request: GET https://cccaa.prestosports.com/sports/mbkb/2025-26/boxscores/20251219_bhk7.xml "HTTP/1.1 200 OK"
20:00:15 [INFO] HTTP Request: GET https://cccaa.prestosports.com/sports/mbkb/2025-26/boxscores/20251220_vooy.xml "HTTP/1.1 200 OK"
20:00:26 [INFO] HTTP Request: GET https://cccaa.prestosports.com/sports/mbkb/2025-26/boxscores/20260103_4qqv.xml "HTTP/1.1 200 OK"
20:00:37 [INFO] HTTP Request: GET https://cccaa.prestosports.com/sports/mbkb/2025-26/boxscores/20260107_j6of.xml "HTTP/1.1 200 OK"
20:00:49 [INFO] HTTP Request: GET https://cccaa.prestosports.com/sports/mbkb/2025-26/boxscores/20260110_0mpb.xml "HTTP/1.1 200 OK"
20:01:00 [INFO] HTTP Request: GET https://cccaa.prestosports.com/sports/mbkb/2025-26/boxscores/20260114_u5b9.xml "HTTP/1.1 200 OK"
20:01:11 [INFO] HTTP Request: GET https://cccaa.prestosports.com/sports/mbkb/2025-26/boxscores/20260117_pblf.xml "HTTP/1.1 200 OK"
20:01:23 [INFO] HTTP Request: GET https://cccaa.prestosports.com/sports/mbkb/2025-26/boxscores/20260121_l4zl.xml "HTTP/1.1 200 OK"
20:01:34 [INFO] HTTP Request: GET https://cccaa.prestosports.com/sports/mbkb/2025-26/boxscores/20260124_ffoz.xml "HTTP/1.1 200 OK"
20:01:46 [INFO] HTTP Request: GET https://cccaa.prestosports.com/sports/mbkb/2025-26/boxscores/20260128_tl3w.xml "HTTP/1.1 200 OK"
20:01:57 [INFO] HTTP Request: GET https://cccaa.prestosports.com/sports/mbkb/2025-26/boxscores/20260131_1jgx.xml "HTTP/1.1 200 OK"
20:02:08 [INFO] HTTP Request: GET https://cccaa.prestosports.com/sports/mbkb/2025-26/boxscores/20260204_nr5h.xml "HTTP/1.1 200 OK"
20:02:20 [INFO] HTTP Request: GET https://cccaa.prestosports.com/sports/mbkb/2025-26/boxscores/20260207_1l66.xml "HTTP/1.1 200 OK"
20:02:32 [INFO] HTTP Request: GET https://cccaa.prestosports.com/sports/mbkb/2025-26/boxscores/20260211_dbeh.xml "HTTP/1.1 200 OK"
20:02:43 [INFO] HTTP Request: GET https://cccaa.prestosports.com/sports/mbkb/2025-26/boxscores/20260214_rwqk.xml "HTTP/1.1 200 OK"
20:02:54 [INFO] HTTP Request: GET https://cccaa.prestosports.com/sports/mbkb/2025-26/boxscores/20260217_o8vv.xml "HTTP/1.1 200 OK"
20:03:05 [INFO] HTTP Request: GET https://cccaa.prestosports.com/sports/mbkb/2025-26/boxscores/20260220_muu8.xml "HTTP/1.1 200 OK"
20:03:05 [INFO]   Loaded: 28 games, 644 player-game-stat rows
20:03:05 [INFO] 
[5/102] Ventura
20:03:05 [INFO] Scraping team: Ventura (ventura)
20:03:17 [INFO] HTTP Request: GET https://cccaa.prestosports.com/sports/mbkb/2025-26/teams/ventura?view=roster "HTTP/1.1 200 OK"
20:03:18 [INFO]   Roster: 0 players
20:03:29 [INFO] HTTP Request: GET https://cccaa.prestosports.com/sports/mbkb/2025-26/teams/ventura?view=gamelog "HTTP/1.1 200 OK"
20:03:30 [INFO]   Games: 28 with box scores
20:03:41 [INFO] HTTP Request: GET https://cccaa.prestosports.com/sports/mbkb/2025-26/boxscores/20251030_2dnb.xml "HTTP/1.1 200 OK"
20:03:52 [INFO] HTTP Request: GET https://cccaa.prestosports.com/sports/mbkb/2025-26/boxscores/20251031_f9gc.xml "HTTP/1.1 200 OK"
20:04:03 [INFO] HTTP Request: GET https://cccaa.prestosports.com/sports/mbkb/2025-26/boxscores/20251106_04ig.xml "HTTP/1.1 200 OK"
20:04:14 [INFO] HTTP Request: GET https://cccaa.prestosports.com/sports/mbkb/2025-26/boxscores/20251107_5zyi.xml "HTTP/1.1 200 OK"
20:04:25 [INFO] HTTP Request: GET https://cccaa.prestosports.com/sports/mbkb/2025-26/boxscores/20251118_9cws.xml "HTTP/1.1 200 OK"
20:04:37 [INFO] HTTP Request: GET https://cccaa.prestosports.com/sports/mbkb/2025-26/boxscores/20251121_abeu.xml "HTTP/1.1 200 OK"
20:04:48 [INFO] HTTP Request: GET https://cccaa.prestosports.com/sports/mbkb/2025-26/boxscores/20251122_nr9i.xml "HTTP/1.1 200 OK"
20:05:00 [INFO] HTTP Request: GET https://cccaa.prestosports.com/sports/mbkb/2025-26/boxscores/20251126_y5f4.xml "HTTP/1.1 200 OK"
20:05:11 [INFO] HTTP Request: GET https://cccaa.prestosports.com/sports/mbkb/2025-26/boxscores/20251203_oc8w.xml "HTTP/1.1 200 OK"
20:05:23 [INFO] HTTP Request: GET https://cccaa.prestosports.com/sports/mbkb/2025-26/boxscores/20251204_9usm.xml "HTTP/1.1 200 OK"
20:05:34 [INFO] HTTP Request: GET https://cccaa.prestosports.com/sports/mbkb/2025-26/boxscores/20251206_bxqc.xml "HTTP/1.1 200 OK"
20:05:46 [INFO] HTTP Request: GET https://cccaa.prestosports.com/sports/mbkb/2025-26/boxscores/20251211_f5v2.xml "HTTP/1.1 200 OK"
20:05:58 [INFO] HTTP Request: GET https://cccaa.prestosports.com/sports/mbkb/2025-26/boxscores/20251217_sz39.xml "HTTP/1.1 200 OK"
20:06:09 [INFO] HTTP Request: GET https://cccaa.prestosports.com/sports/mbkb/2025-26/boxscores/20251219_c8tr.xml "HTTP/1.1 200 OK"
20:06:20 [INFO] HTTP Request: GET https://cccaa.prestosports.com/sports/mbkb/2025-26/boxscores/20251230_sz8a.xml "HTTP/1.1 200 OK"
20:06:32 [INFO] HTTP Request: GET https://cccaa.prestosports.com/sports/mbkb/2025-26/boxscores/20260103_oyhd.xml "HTTP/1.1 200 OK"
20:06:43 [INFO] HTTP Request: GET https://cccaa.prestosports.com/sports/mbkb/2025-26/boxscores/20260107_3gaw.xml "HTTP/1.1 200 OK"
20:06:55 [INFO] HTTP Request: GET https://cccaa.prestosports.com/sports/mbkb/2025-26/boxscores/20260110_kjzf.xml "HTTP/1.1 200 OK"
20:07:06 [INFO] HTTP Request: GET https://cccaa.prestosports.com/sports/mbkb/2025-26/boxscores/20260114_nabs.xml "HTTP/1.1 200 OK"
20:07:17 [INFO] HTTP Request: GET https://cccaa.prestosports.com/sports/mbkb/2025-26/boxscores/20260121_idgl.xml "HTTP/1.1 200 OK"
20:07:29 [INFO] HTTP Request: GET https://cccaa.prestosports.com/sports/mbkb/2025-26/boxscores/20260124_6nlj.xml "HTTP/1.1 200 OK"
20:07:40 [INFO] HTTP Request: GET https://cccaa.prestosports.com/sports/mbkb/2025-26/boxscores/20260128_xcy3.xml "HTTP/1.1 200 OK"
20:07:51 [INFO] HTTP Request: GET https://cccaa.prestosports.com/sports/mbkb/2025-26/boxscores/20260131_m34m.xml "HTTP/1.1 200 OK"
20:08:03 [INFO] HTTP Request: GET https://cccaa.prestosports.com/sports/mbkb/2025-26/boxscores/20260204_7iv0.xml "HTTP/1.1 200 OK"
20:08:14 [INFO] HTTP Request: GET https://cccaa.prestosports.com/sports/mbkb/2025-26/boxscores/20260207_fjbg.xml "HTTP/1.1 200 OK"
20:08:25 [INFO] HTTP Request: GET https://cccaa.prestosports.com/sports/mbkb/2025-26/boxscores/20260214_quqz.xml "HTTP/1.1 200 OK"
20:08:37 [INFO] HTTP Request: GET https://cccaa.prestosports.com/sports/mbkb/2025-26/boxscores/20260218_l4dd.xml "HTTP/1.1 200 OK"
20:08:48 [INFO] HTTP Request: GET https://cccaa.prestosports.com/sports/mbkb/2025-26/boxscores/20260220_l7pe.xml "HTTP/1.1 200 OK"
20:08:48 [INFO]   Loaded: 28 games, 630 player-game-stat rows
20:08:48 [INFO] 
[6/102] Columbia
20:08:48 [INFO] Scraping team: Columbia (columbia)
20:09:00 [INFO] HTTP Request: GET https://cccaa.prestosports.com/sports/mbkb/2025-26/teams/columbia?view=roster "HTTP/1.1 200 OK"
20:09:00 [INFO]   Roster: 0 players
20:09:13 [INFO] HTTP Request: GET https://cccaa.prestosports.com/sports/mbkb/2025-26/teams/columbia?view=gamelog "HTTP/1.1 200 OK"
20:09:13 [INFO]   Games: 28 with box scores
20:09:24 [INFO] HTTP Request: GET https://cccaa.prestosports.com/sports/mbkb/2025-26/boxscores/20251106_vd5x.xml "HTTP/1.1 200 OK"
20:09:35 [INFO] HTTP Request: GET https://cccaa.prestosports.com/sports/mbkb/2025-26/boxscores/20251107_fcoi.xml "HTTP/1.1 200 OK"
20:09:46 [INFO] HTTP Request: GET https://cccaa.prestosports.com/sports/mbkb/2025-26/boxscores/20251108_wges.xml "HTTP/1.1 200 OK"
20:09:58 [INFO] HTTP Request: GET https://cccaa.prestosports.com/sports/mbkb/2025-26/boxscores/20251115_5wpt.xml "HTTP/1.1 200 OK"
20:10:09 [INFO] HTTP Request: GET https://cccaa.prestosports.com/sports/mbkb/2025-26/boxscores/20251116_womp.xml "HTTP/1.1 200 OK"
20:10:20 [INFO] HTTP Request: GET https://cccaa.prestosports.com/sports/mbkb/2025-26/boxscores/20251126_oei3.xml "HTTP/1.1 200 OK"
20:10:31 [INFO] HTTP Request: GET https://cccaa.prestosports.com/sports/mbkb/2025-26/boxscores/20251129_y4g6.xml "HTTP/1.1 200 OK"
20:10:43 [INFO] HTTP Request: GET https://cccaa.prestosports.com/sports/mbkb/2025-26/boxscores/20251130_oea7.xml "HTTP/1.1 200 OK"
20:10:54 [INFO] HTTP Request: GET https://cccaa.prestosports.com/sports/mbkb/2025-26/boxscores/20251205_rj9f.xml "HTTP/1.1 200 OK"
20:11:05 [INFO] HTTP Request: GET https://cccaa.prestosports.com/sports/mbkb/2025-26/boxscores/20251206_s0hp.xml "HTTP/1.1 200 OK"
20:11:17 [INFO] HTTP Request: GET https://cccaa.prestosports.com/sports/mbkb/2025-26/boxscores/20251207_o65n.xml "HTTP/1.1 200 OK"
20:11:28 [INFO] HTTP Request: GET https://cccaa.prestosports.com/sports/mbkb/2025-26/boxscores/20251213_r1xn.xml "HTTP/1.1 200 OK"
20:11:39 [INFO] HTTP Request: GET https://cccaa.prestosports.com/sports/mbkb/2025-26/boxscores/20251220_rrkv.xml "HTTP/1.1 200 OK"
20:11:50 [INFO] HTTP Request: GET https://cccaa.prestosports.com/sports/mbkb/2025-26/boxscores/20260102_ybem.xml "HTTP/1.1 200 OK"
20:12:01 [INFO] HTTP Request: GET https://cccaa.prestosports.com/sports/mbkb/2025-26/boxscores/20260107_6u27.xml "HTTP/1.1 200 OK"
20:12:13 [INFO] HTTP Request: GET https://cccaa.prestosports.com/sports/mbkb/2025-26/boxscores/20260110_kfps.xml "HTTP/1.1 200 OK"
20:12:24 [INFO] HTTP Request: GET https://cccaa.prestosports.com/sports/mbkb/2025-26/boxscores/20260114_ea8u.xml "HTTP/1.1 200 OK"
20:12:36 [INFO] HTTP Request: GET https://cccaa.prestosports.com/sports/mbkb/2025-26/boxscores/20260117_pblf.xml "HTTP/1.1 200 OK"
20:12:47 [INFO] HTTP Request: GET https://cccaa.prestosports.com/sports/mbkb/2025-26/boxscores/20260121_6x88.xml "HTTP/1.1 200 OK"
20:12:58 [INFO] HTTP Request: GET https://cccaa.prestosports.com/sports/mbkb/2025-26/boxscores/20260124_jyhg.xml "HTTP/1.1 200 OK"
20:13:10 [INFO] HTTP Request: GET https://cccaa.prestosports.com/sports/mbkb/2025-26/boxscores/20260128_xxdw.xml "HTTP/1.1 200 OK"
20:13:21 [INFO] HTTP Request: GET https://cccaa.prestosports.com/sports/mbkb/2025-26/boxscores/20260131_oc2y.xml "HTTP/1.1 200 OK"
20:13:33 [INFO] HTTP Request: GET https://cccaa.prestosports.com/sports/mbkb/2025-26/boxscores/20260204_oee0.xml "HTTP/1.1 200 OK"
20:13:44 [INFO] HTTP Request: GET https://cccaa.prestosports.com/sports/mbkb/2025-26/boxscores/20260207_gdxh.xml "HTTP/1.1 200 OK"
20:13:55 [INFO] HTTP Request: GET https://cccaa.prestosports.com/sports/mbkb/2025-26/boxscores/20260211_dbeh.xml "HTTP/1.1 200 OK"
20:14:06 [INFO] HTTP Request: GET https://cccaa.prestosports.com/sports/mbkb/2025-26/boxscores/20260214_8chm.xml "HTTP/1.1 200 OK"
20:14:18 [INFO] HTTP Request: GET https://cccaa.prestosports.com/sports/mbkb/2025-26/boxscores/20260217_5jn9.xml "HTTP/1.1 200 OK"
20:14:29 [INFO] HTTP Request: GET https://cccaa.prestosports.com/sports/mbkb/2025-26/boxscores/20260220_pxnz.xml "HTTP/1.1 200 OK"
20:14:29 [INFO]   Loaded: 28 games, 604 player-game-stat rows
20:14:29 [INFO] 
[7/102] Marin
20:14:29 [INFO] Scraping team: Marin (marin)
20:14:42 [INFO] HTTP Request: GET https://cccaa.prestosports.com/sports/mbkb/2025-26/teams/marin?view=roster "HTTP/1.1 200 OK"
20:14:42 [INFO]   Roster: 0 players
20:14:55 [INFO] HTTP Request: GET https://cccaa.prestosports.com/sports/mbkb/2025-26/teams/marin?view=gamelog "HTTP/1.1 200 OK"
20:14:55 [INFO]   Games: 28 with box scores
20:15:06 [INFO] HTTP Request: GET https://cccaa.prestosports.com/sports/mbkb/2025-26/boxscores/20251101_n9yl.xml "HTTP/1.1 200 OK"
20:15:17 [INFO] HTTP Request: GET https://cccaa.prestosports.com/sports/mbkb/2025-26/boxscores/20251102_mm6e.xml "HTTP/1.1 200 OK"
20:15:29 [INFO] HTTP Request: GET https://cccaa.prestosports.com/sports/mbkb/2025-26/boxscores/20251107_takp.xml "HTTP/1.1 200 OK"
20:15:40 [INFO] HTTP Request: GET https://cccaa.prestosports.com/sports/mbkb/2025-26/boxscores/20251108_qsch.xml "HTTP/1.1 200 OK"
20:15:51 [INFO] HTTP Request: GET https://cccaa.prestosports.com/sports/mbkb/2025-26/boxscores/20251115_fkz0.xml "HTTP/1.1 200 OK"
20:16:02 [INFO] HTTP Request: GET https://cccaa.prestosports.com/sports/mbkb/2025-26/boxscores/20251122_d3an.xml "HTTP/1.1 200 OK"
20:16:14 [INFO] HTTP Request: GET https://cccaa.prestosports.com/sports/mbkb/2025-26/boxscores/20251125_80ch.xml "HTTP/1.1 200 OK"
20:16:25 [INFO] HTTP Request: GET https://cccaa.prestosports.com/sports/mbkb/2025-26/boxscores/20251126_chhr.xml "HTTP/1.1 200 OK"
20:16:36 [INFO] HTTP Request: GET https://cccaa.prestosports.com/sports/mbkb/2025-26/boxscores/20251129_n2e8.xml "HTTP/1.1 200 OK"
20:16:47 [INFO] HTTP Request: GET https://cccaa.prestosports.com/sports/mbkb/2025-26/boxscores/20251203_1jvg.xml "HTTP/1.1 200 OK"
20:16:59 [INFO] HTTP Request: GET https://cccaa.prestosports.com/sports/mbkb/2025-26/boxscores/20251206_fkkm.xml "HTTP/1.1 200 OK"
20:17:10 [INFO] HTTP Request: GET https://cccaa.prestosports.com/sports/mbkb/2025-26/boxscores/20251218_bzxh.xml "HTTP/1.1 200 OK"
20:17:21 [INFO] HTTP Request: GET https://cccaa.prestosports.com/sports/mbkb/2025-26/boxscores/20251227_5698.xml "HTTP/1.1 200 OK"
20:17:33 [INFO] HTTP Request: GET https://cccaa.prestosports.com/sports/mbkb/2025-26/boxscores/20251230_1xkd.xml "HTTP/1.1 200 OK"
20:17:44 [INFO] HTTP Request: GET https://cccaa.prestosports.com/sports/mbkb/2025-26/boxscores/20260106_owkl.xml "HTTP/1.1 200 OK"
20:17:55 [INFO] HTTP Request: GET https://cccaa.prestosports.com/sports/mbkb/2025-26/boxscores/20260108_5bp6.xml "HTTP/1.1 200 OK"
20:18:07 [INFO] HTTP Request: GET https://cccaa.prestosports.com/sports/mbkb/2025-26/boxscores/20260110_msz6.xml "HTTP/1.1 200 OK"
20:18:18 [INFO] HTTP Request: GET https://cccaa.prestosports.com/sports/mbkb/2025-26/boxscores/20260114_o8dl.xml "HTTP/1.1 200 OK"
20:18:29 [INFO] HTTP Request: GET https://cccaa.prestosports.com/sports/mbkb/2025-26/boxscores/20260116_xkrr.xml "HTTP/1.1 200 OK"
20:18:40 [INFO] HTTP Request: GET https://cccaa.prestosports.com/sports/mbkb/2025-26/boxscores/20260121_3icm.xml "HTTP/1.1 200 OK"
20:18:51 [INFO] HTTP Request: GET https://cccaa.prestosports.com/sports/mbkb/2025-26/boxscores/20260123_ecuc.xml "HTTP/1.1 200 OK"
20:19:02 [INFO] HTTP Request: GET https://cccaa.prestosports.com/sports/mbkb/2025-26/boxscores/20260128_h0yi.xml "HTTP/1.1 200 OK"
20:19:14 [INFO] HTTP Request: GET https://cccaa.prestosports.com/sports/mbkb/2025-26/boxscores/20260204_zx2d.xml "HTTP/1.1 200 OK"
20:19:25 [INFO] HTTP Request: GET https://cccaa.prestosports.com/sports/mbkb/2025-26/boxscores/20260206_xabi.xml "HTTP/1.1 200 OK"
20:19:36 [INFO] HTTP Request: GET https://cccaa.prestosports.com/sports/mbkb/2025-26/boxscores/20260211_ve0r.xml "HTTP/1.1 200 OK"
20:19:48 [INFO] HTTP Request: GET https://cccaa.prestosports.com/sports/mbkb/2025-26/boxscores/20260213_079w.xml "HTTP/1.1 200 OK"
20:19:59 [INFO] HTTP Request: GET https://cccaa.prestosports.com/sports/mbkb/2025-26/boxscores/20260217_2gd7.xml "HTTP/1.1 200 OK"
20:20:10 [INFO] HTTP Request: GET https://cccaa.prestosports.com/sports/mbkb/2025-26/boxscores/20260219_kpz0.xml "HTTP/1.1 200 OK"
20:20:10 [INFO]   Loaded: 28 games, 646 player-game-stat rows
20:20:10 [INFO] 
[8/102] Mendocino
20:20:10 [INFO] Scraping team: Mendocino (mendocino)
20:20:23 [INFO] HTTP Request: GET https://cccaa.prestosports.com/sports/mbkb/2025-26/teams/mendocino?view=roster "HTTP/1.1 200 OK"
20:20:23 [INFO]   Roster: 0 players
20:20:34 [INFO] HTTP Request: GET https://cccaa.prestosports.com/sports/mbkb/2025-26/teams/mendocino?view=gamelog "HTTP/1.1 200 OK"
20:20:35 [INFO]   Games: 28 with box scores
20:20:46 [INFO] HTTP Request: GET https://cccaa.prestosports.com/sports/mbkb/2025-26/boxscores/20251101_yg8e.xml "HTTP/1.1 200 OK"
20:20:57 [INFO] HTTP Request: GET https://cccaa.prestosports.com/sports/mbkb/2025-26/boxscores/20251102_hjw9.xml "HTTP/1.1 200 OK"
20:21:08 [INFO] HTTP Request: GET https://cccaa.prestosports.com/sports/mbkb/2025-26/boxscores/20251107_yohp.xml "HTTP/1.1 200 OK"
20:21:20 [INFO] HTTP Request: GET https://cccaa.prestosports.com/sports/mbkb/2025-26/boxscores/20251108_kqn5.xml "HTTP/1.1 200 OK"
20:21:31 [INFO] HTTP Request: GET https://cccaa.prestosports.com/sports/mbkb/2025-26/boxscores/20251113_ofyz.xml "HTTP/1.1 200 OK"
20:21:42 [INFO] HTTP Request: GET https://cccaa.prestosports.com/sports/mbkb/2025-26/boxscores/20251114_5hj2.xml "HTTP/1.1 200 OK"
20:21:54 [INFO] HTTP Request: GET https://cccaa.prestosports.com/sports/mbkb/2025-26/boxscores/20251120_35br.xml "HTTP/1.1 200 OK"
20:22:05 [INFO] HTTP Request: GET https://cccaa.prestosports.com/sports/mbkb/2025-26/boxscores/20251121_au52.xml "HTTP/1.1 200 OK"
20:22:16 [INFO] HTTP Request: GET https://cccaa.prestosports.com/sports/mbkb/2025-26/boxscores/20251122_c64t.xml "HTTP/1.1 200 OK"
20:22:27 [INFO] HTTP Request: GET https://cccaa.prestosports.com/sports/mbkb/2025-26/boxscores/20251205_jxii.xml "HTTP/1.1 200 OK"
20:22:44 [INFO] HTTP Request: GET https://cccaa.prestosports.com/sports/mbkb/2025-26/boxscores/20251206_elf3.xml "HTTP/1.1 200 OK"
20:22:56 [INFO] HTTP Request: GET https://cccaa.prestosports.com/sports/mbkb/2025-26/boxscores/20251212_ht29.xml "HTTP/1.1 200 OK"
20:23:11 [INFO] HTTP Request: GET https://cccaa.prestosports.com/sports/mbkb/2025-26/boxscores/20251218_i8j7.xml "HTTP/1.1 200 OK"
20:23:23 [INFO] HTTP Request: GET https://cccaa.prestosports.com/sports/mbkb/2025-26/boxscores/20251230_f6zl.xml "HTTP/1.1 200 OK"
20:23:36 [INFO] HTTP Request: GET https://cccaa.prestosports.com/sports/mbkb/2025-26/boxscores/20260102_ykko.xml "HTTP/1.1 200 OK"
20:23:48 [INFO] HTTP Request: GET https://cccaa.prestosports.com/sports/mbkb/2025-26/boxscores/20260106_clck.xml "HTTP/1.1 200 OK"
20:24:03 [INFO] HTTP Request: GET https://cccaa.prestosports.com/sports/mbkb/2025-26/boxscores/20260108_jx1t.xml "HTTP/1.1 200 OK"
20:24:20 [INFO] HTTP Request: GET https://cccaa.prestosports.com/sports/mbkb/2025-26/boxscores/20260110_msz6.xml "HTTP/1.1 200 OK"
20:24:35 [INFO] HTTP Request: GET https://cccaa.prestosports.com/sports/mbkb/2025-26/boxscores/20260114_sd3v.xml "HTTP/1.1 200 OK"
20:24:49 [INFO] HTTP Request: GET https://cccaa.prestosports.com/sports/mbkb/2025-26/boxscores/20260116_0se9.xml "HTTP/1.1 200 OK"
20:25:07 [INFO] HTTP Request: GET https://cccaa.prestosports.com/sports/mbkb/2025-26/boxscores/20260123_b4xo.xml "HTTP/1.1 200 OK"
20:25:29 [INFO] HTTP Request: GET https://cccaa.prestosports.com/sports/mbkb/2025-26/boxscores/20260128_i929.xml "HTTP/1.1 200 OK"
20:25:43 [INFO] HTTP Request: GET https://cccaa.prestosports.com/sports/mbkb/2025-26/boxscores/20260130_nu1o.xml "HTTP/1.1 200 OK"
20:26:01 [INFO] HTTP Request: GET https://cccaa.prestosports.com/sports/mbkb/2025-26/boxscores/20260204_h8rn.xml "HTTP/1.1 200 OK"
20:26:16 [INFO] HTTP Request: GET https://cccaa.prestosports.com/sports/mbkb/2025-26/boxscores/20260206_waeq.xml "HTTP/1.1 200 OK"
20:26:31 [INFO] HTTP Request: GET https://cccaa.prestosports.com/sports/mbkb/2025-26/boxscores/20260211_ve0r.xml "HTTP/1.1 200 OK"
20:26:43 [INFO] HTTP Request: GET https://cccaa.prestosports.com/sports/mbkb/2025-26/boxscores/20260213_sowy.xml "HTTP/1.1 200 OK"
20:26:57 [INFO] HTTP Request: GET https://cccaa.prestosports.com/sports/mbkb/2025-26/boxscores/20260217_mxi4.xml "HTTP/1.1 200 OK"
20:26:57 [INFO]   Loaded: 28 games, 630 player-game-stat rows
20:26:57 [INFO] 
[9/102] Ohlone
20:26:57 [INFO] Scraping team: Ohlone (ohlone)
20:27:09 [INFO] HTTP Request: GET https://cccaa.prestosports.com/sports/mbkb/2025-26/teams/ohlone?view=roster "HTTP/1.1 200 OK"
20:27:09 [INFO]   Roster: 0 players
20:27:25 [INFO] HTTP Request: GET https://cccaa.prestosports.com/sports/mbkb/2025-26/teams/ohlone?view=gamelog "HTTP/1.1 200 OK"
20:27:25 [INFO]   Games: 27 with box scores
20:27:38 [INFO] HTTP Request: GET https://cccaa.prestosports.com/sports/mbkb/2025-26/boxscores/20251031_68r2.xml "HTTP/1.1 200 OK"
20:27:52 [INFO] HTTP Request: GET https://cccaa.prestosports.com/sports/mbkb/2025-26/boxscores/20251101_puel.xml "HTTP/1.1 200 OK"
20:28:04 [INFO] HTTP Request: GET https://cccaa.prestosports.com/sports/mbkb/2025-26/boxscores/20251107_jok2.xml "HTTP/1.1 200 OK"
20:28:19 [INFO] HTTP Request: GET https://cccaa.prestosports.com/sports/mbkb/2025-26/boxscores/20251111_nyos.xml "HTTP/1.1 200 OK"
20:28:50 [INFO] HTTP Request: GET https://cccaa.prestosports.com/sports/mbkb/2025-26/boxscores/20251114_d50p.xml "HTTP/1.1 200 OK"
20:29:12 [INFO] HTTP Request: GET https://cccaa.prestosports.com/sports/mbkb/2025-26/boxscores/20251119_5lww.xml "HTTP/1.1 200 OK"
20:29:26 [INFO] HTTP Request: GET https://cccaa.prestosports.com/sports/mbkb/2025-26/boxscores/20251122_42o1.xml "HTTP/1.1 200 OK"
20:29:39 [INFO] HTTP Request: GET https://cccaa.prestosports.com/sports/mbkb/2025-26/boxscores/20251126_48a8.xml "HTTP/1.1 200 OK"
20:29:54 [INFO] HTTP Request: GET https://cccaa.prestosports.com/sports/mbkb/2025-26/boxscores/20251206_fkkm.xml "HTTP/1.1 200 OK"
20:30:13 [INFO] HTTP Request: GET https://cccaa.prestosports.com/sports/mbkb/2025-26/boxscores/20251211_a69v.xml "HTTP/1.1 200 OK"
20:30:31 [INFO] HTTP Request: GET https://cccaa.prestosports.com/sports/mbkb/2025-26/boxscores/20251213_x4x9.xml "HTTP/1.1 200 OK"
20:30:44 [INFO] HTTP Request: GET https://cccaa.prestosports.com/sports/mbkb/2025-26/boxscores/20251219_sd2u.xml "HTTP/1.1 200 OK"
20:31:03 [INFO] HTTP Request: GET https://cccaa.prestosports.com/sports/mbkb/2025-26/boxscores/20251230_enqh.xml "HTTP/1.1 200 OK"
20:31:17 [INFO] HTTP Request: GET https://cccaa.prestosports.com/sports/mbkb/2025-26/boxscores/20251231_8rnf.xml "HTTP/1.1 200 OK"
20:31:29 [INFO] HTTP Request: GET https://cccaa.prestosports.com/sports/mbkb/2025-26/boxscores/20260107_c0m1.xml "HTTP/1.1 200 OK"
20:31:40 [INFO] HTTP Request: GET https://cccaa.prestosports.com/sports/mbkb/2025-26/boxscores/20260109_b57e.xml "HTTP/1.1 200 OK"
20:31:51 [INFO] HTTP Request: GET https://cccaa.prestosports.com/sports/mbkb/2025-26/boxscores/20260114_8frq.xml "HTTP/1.1 200 OK"
20:32:02 [INFO] HTTP Request: GET https://cccaa.prestosports.com/sports/mbkb/2025-26/boxscores/20260116_ken0.xml "HTTP/1.1 200 OK"
20:32:14 [INFO] HTTP Request: GET https://cccaa.prestosports.com/sports/mbkb/2025-26/boxscores/20260121_ipgu.xml "HTTP/1.1 200 OK"
20:32:25 [INFO] HTTP Request: GET https://cccaa.prestosports.com/sports/mbkb/2025-26/boxscores/20260123_x564.xml "HTTP/1.1 200 OK"
20:32:36 [INFO] HTTP Request: GET https://cccaa.prestosports.com/sports/mbkb/2025-26/boxscores/20260128_80w7.xml "HTTP/1.1 200 OK"
20:32:48 [INFO] HTTP Request: GET https://cccaa.prestosports.com/sports/mbkb/2025-26/boxscores/20260130_bpbn.xml "HTTP/1.1 200 OK"
20:32:59 [INFO] HTTP Request: GET https://cccaa.prestosports.com/sports/mbkb/2025-26/boxscores/20260204_l2fi.xml "HTTP/1.1 200 OK"
20:33:11 [INFO] HTTP Request: GET https://cccaa.prestosports.com/sports/mbkb/2025-26/boxscores/20260206_6gy0.xml "HTTP/1.1 200 OK"
20:33:22 [INFO] HTTP Request: GET https://cccaa.prestosports.com/sports/mbkb/2025-26/boxscores/20260211_338u.xml "HTTP/1.1 200 OK"
20:33:33 [INFO] HTTP Request: GET https://cccaa.prestosports.com/sports/mbkb/2025-26/boxscores/20260213_ld9v.xml "HTTP/1.1 200 OK"
20:33:45 [INFO] HTTP Request: GET https://cccaa.prestosports.com/sports/mbkb/2025-26/boxscores/20260218_ue98.xml "HTTP/1.1 200 OK"
20:33:45 [INFO]   Loaded: 27 games, 635 player-game-stat rows
20:33:45 [INFO] 
[10/102] Los Angeles City
20:33:45 [INFO] Scraping team: Los Angeles City (losangelescity)
20:33:56 [INFO] HTTP Request: GET https://cccaa.prestosports.com/sports/mbkb/2025-26/teams/losangelescity?view=roster "HTTP/1.1 200 OK"
20:33:57 [INFO]   Roster: 0 players
20:34:09 [INFO] HTTP Request: GET https://cccaa.prestosports.com/sports/mbkb/2025-26/teams/losangelescity?view=gamelog "HTTP/1.1 200 OK"
20:34:09 [INFO]   Games: 28 with box scores
20:34:20 [INFO] HTTP Request: GET https://cccaa.prestosports.com/sports/mbkb/2025-26/boxscores/20251101_supw.xml "HTTP/1.1 200 OK"
20:34:32 [INFO] HTTP Request: GET https://cccaa.prestosports.com/sports/mbkb/2025-26/boxscores/20251102_9a4t.xml "HTTP/1.1 200 OK"
20:34:44 [INFO] HTTP Request: GET https://cccaa.prestosports.com/sports/mbkb/2025-26/boxscores/20251105_2sqe.xml "HTTP/1.1 200 OK"
20:34:55 [INFO] HTTP Request: GET https://cccaa.prestosports.com/sports/mbkb/2025-26/boxscores/20251112_qrq9.xml "HTTP/1.1 200 OK"
20:35:06 [INFO] HTTP Request: GET https://cccaa.prestosports.com/sports/mbkb/2025-26/boxscores/20251115_pwcj.xml "HTTP/1.1 200 OK"
20:35:18 [INFO] HTTP Request: GET https://cccaa.prestosports.com/sports/mbkb/2025-26/boxscores/20251119_sefu.xml "HTTP/1.1 200 OK"
20:35:29 [INFO] HTTP Request: GET https://cccaa.prestosports.com/sports/mbkb/2025-26/boxscores/20251121_g0qk.xml "HTTP/1.1 200 OK"
20:35:40 [INFO] HTTP Request: GET https://cccaa.prestosports.com/sports/mbkb/2025-26/boxscores/20251203_3jfy.xml "HTTP/1.1 200 OK"
20:35:52 [INFO] HTTP Request: GET https://cccaa.prestosports.com/sports/mbkb/2025-26/boxscores/20251205_j44b.xml "HTTP/1.1 200 OK"
20:36:03 [INFO] HTTP Request: GET https://cccaa.prestosports.com/sports/mbkb/2025-26/boxscores/20251206_vpx6.xml "HTTP/1.1 200 OK"
20:36:14 [INFO] HTTP Request: GET https://cccaa.prestosports.com/sports/mbkb/2025-26/boxscores/20251210_inno.xml "HTTP/1.1 200 OK"
20:36:26 [INFO] HTTP Request: GET https://cccaa.prestosports.com/sports/mbkb/2025-26/boxscores/20251212_mikv.xml "HTTP/1.1 200 OK"
20:36:38 [INFO] HTTP Request: GET https://cccaa.prestosports.com/sports/mbkb/2025-26/boxscores/20251217_cvyg.xml "HTTP/1.1 200 OK"
20:36:50 [INFO] HTTP Request: GET https://cccaa.prestosports.com/sports/mbkb/2025-26/boxscores/20251230_ojiq.xml "HTTP/1.1 200 OK"
20:37:01 [INFO] HTTP Request: GET https://cccaa.prestosports.com/sports/mbkb/2025-26/boxscores/20260102_7z5k.xml "HTTP/1.1 200 OK"
20:37:13 [INFO] HTTP Request: GET https://cccaa.prestosports.com/sports/mbkb/2025-26/boxscores/20260107_o555.xml "HTTP/1.1 200 OK"
20:37:24 [INFO] HTTP Request: GET https://cccaa.prestosports.com/sports/mbkb/2025-26/boxscores/20260109_kvf5.xml "HTTP/1.1 200 OK"
20:37:35 [INFO] HTTP Request: GET https://cccaa.prestosports.com/sports/mbkb/2025-26/boxscores/20260114_lsbb.xml "HTTP/1.1 200 OK"
20:37:47 [INFO] HTTP Request: GET https://cccaa.prestosports.com/sports/mbkb/2025-26/boxscores/20260121_t4q1.xml "HTTP/1.1 200 OK"
20:37:58 [INFO] HTTP Request: GET https://cccaa.prestosports.com/sports/mbkb/2025-26/boxscores/20260123_yklo.xml "HTTP/1.1 200 OK"
20:38:10 [INFO] HTTP Request: GET https://cccaa.prestosports.com/sports/mbkb/2025-26/boxscores/20260128_3htc.xml "HTTP/1.1 200 OK"
20:38:21 [INFO] HTTP Request: GET https://cccaa.prestosports.com/sports/mbkb/2025-26/boxscores/20260130_vzq8.xml "HTTP/1.1 200 OK"
20:38:33 [INFO] HTTP Request: GET https://cccaa.prestosports.com/sports/mbkb/2025-26/boxscores/20260204_tsbl.xml "HTTP/1.1 200 OK"
20:46:04 [ERROR] Request failed: https://cccaa.prestosports.com/sports/mbkb/2025-26/boxscores/20260206_zcoh.xml — [Errno 8] nodename nor servname provided, or not known
20:46:15 [INFO] HTTP Request: GET https://cccaa.prestosports.com/sports/mbkb/2025-26/boxscores/20260211_ov5i.xml "HTTP/1.1 200 OK"
20:46:27 [INFO] HTTP Request: GET https://cccaa.prestosports.com/sports/mbkb/2025-26/boxscores/20260213_qj5m.xml "HTTP/1.1 200 OK"
21:10:28 [INFO] HTTP Request: GET https://cccaa.prestosports.com/sports/mbkb/2025-26/boxscores/20260218_i1ma.xml "HTTP/1.1 200 OK"
21:10:39 [INFO] HTTP Request: GET https://cccaa.prestosports.com/sports/mbkb/2025-26/boxscores/20260220_3mgy.xml "HTTP/1.1 200 OK"
21:10:40 [INFO]   Loaded: 27 games, 675 player-game-stat rows
21:10:40 [INFO] 
[11/102] East Los Angeles
21:10:40 [INFO] Scraping team: East Los Angeles (eastlosangeles)
21:10:52 [INFO] HTTP Request: GET https://cccaa.prestosports.com/sports/mbkb/2025-26/teams/eastlosangeles?view=roster "HTTP/1.1 200 OK"
21:10:52 [INFO]   Roster: 0 players
21:11:04 [INFO] HTTP Request: GET https://cccaa.prestosports.com/sports/mbkb/2025-26/teams/eastlosangeles?view=gamelog "HTTP/1.1 200 OK"
21:11:05 [INFO]   Games: 27 with box scores
21:28:51 [ERROR] Request failed: https://cccaa.prestosports.com/sports/mbkb/2025-26/boxscores/20251101_95eo.xml — [Errno 8] nodename nor servname provided, or not known
22:02:35 [ERROR] Request failed: https://cccaa.prestosports.com/sports/mbkb/2025-26/boxscores/20251105_i57p.xml — [Errno 8] nodename nor servname provided, or not known
22:18:44 [ERROR] Request failed: https://cccaa.prestosports.com/sports/mbkb/2025-26/boxscores/20251114_jxsd.xml — [Errno 8] nodename nor servname provided, or not known
22:27:05 [INFO] HTTP Request: GET https://cccaa.prestosports.com/sports/mbkb/2025-26/boxscores/20251115_329t.xml "HTTP/1.1 200 OK"
22:27:16 [INFO] HTTP Request: GET https://cccaa.prestosports.com/sports/mbkb/2025-26/boxscores/20251116_d86y.xml "HTTP/1.1 200 OK"
22:27:28 [INFO] HTTP Request: GET https://cccaa.prestosports.com/sports/mbkb/2025-26/boxscores/20251121_yyaw.xml "HTTP/1.1 200 OK"
22:27:40 [INFO] HTTP Request: GET https://cccaa.prestosports.com/sports/mbkb/2025-26/boxscores/20251203_kcjz.xml "HTTP/1.1 200 OK"
22:27:51 [INFO] HTTP Request: GET https://cccaa.prestosports.com/sports/mbkb/2025-26/boxscores/20251206_mmw7.xml "HTTP/1.1 200 OK"
22:28:02 [INFO] HTTP Request: GET https://cccaa.prestosports.com/sports/mbkb/2025-26/boxscores/20251212_csos.xml "HTTP/1.1 200 OK"
22:28:14 [INFO] HTTP Request: GET https://cccaa.prestosports.com/sports/mbkb/2025-26/boxscores/20251217_pnh0.xml "HTTP/1.1 200 OK"
22:28:25 [INFO] HTTP Request: GET https://cccaa.prestosports.com/sports/mbkb/2025-26/boxscores/20251219_qene.xml "HTTP/1.1 200 OK"
22:28:36 [INFO] HTTP Request: GET https://cccaa.prestosports.com/sports/mbkb/2025-26/boxscores/20251229_z78z.xml "HTTP/1.1 200 OK"
22:28:48 [INFO] HTTP Request: GET https://cccaa.prestosports.com/sports/mbkb/2025-26/boxscores/20251230_l1ql.xml "HTTP/1.1 200 OK"
22:28:59 [INFO] HTTP Request: GET https://cccaa.prestosports.com/sports/mbkb/2025-26/boxscores/20260107_kgiy.xml "HTTP/1.1 200 OK"
22:29:10 [INFO] HTTP Request: GET https://cccaa.prestosports.com/sports/mbkb/2025-26/boxscores/20260109_ao4l.xml "HTTP/1.1 200 OK"
22:29:21 [INFO] HTTP Request: GET https://cccaa.prestosports.com/sports/mbkb/2025-26/boxscores/20260114_mmhm.xml "HTTP/1.1 200 OK"
22:29:33 [INFO] HTTP Request: GET https://cccaa.prestosports.com/sports/mbkb/2025-26/boxscores/20260121_r5kj.xml "HTTP/1.1 200 OK"
22:29:44 [INFO] HTTP Request: GET https://cccaa.prestosports.com/sports/mbkb/2025-26/boxscores/20260123_yklo.xml "HTTP/1.1 200 OK"
22:29:55 [INFO] HTTP Request: GET https://cccaa.prestosports.com/sports/mbkb/2025-26/boxscores/20260128_cfah.xml "HTTP/1.1 200 OK"
22:30:07 [INFO] HTTP Request: GET https://cccaa.prestosports.com/sports/mbkb/2025-26/boxscores/20260130_hoig.xml "HTTP/1.1 200 OK"
22:30:18 [INFO] HTTP Request: GET https://cccaa.prestosports.com/sports/mbkb/2025-26/boxscores/20260204_0h2i.xml "HTTP/1.1 200 OK"
22:30:30 [INFO] HTTP Request: GET https://cccaa.prestosports.com/sports/mbkb/2025-26/boxscores/20260206_zl5k.xml "HTTP/1.1 200 OK"
22:30:42 [INFO] HTTP Request: GET https://cccaa.prestosports.com/sports/mbkb/2025-26/boxscores/20260209_cfn2.xml "HTTP/1.1 200 OK"
22:30:53 [INFO] HTTP Request: GET https://cccaa.prestosports.com/sports/mbkb/2025-26/boxscores/20260211_ov5i.xml "HTTP/1.1 200 OK"
22:31:04 [INFO] HTTP Request: GET https://cccaa.prestosports.com/sports/mbkb/2025-26/boxscores/20260213_fbm5.xml "HTTP/1.1 200 OK"
22:31:15 [INFO] HTTP Request: GET https://cccaa.prestosports.com/sports/mbkb/2025-26/boxscores/20260218_z0bs.xml "HTTP/1.1 200 OK"
22:31:26 [INFO] HTTP Request: GET https://cccaa.prestosports.com/sports/mbkb/2025-26/boxscores/20260220_gqzy.xml "HTTP/1.1 200 OK"
22:31:27 [INFO]   Loaded: 24 games, 601 player-game-stat rows
22:31:27 [INFO] 
[12/102] Las Positas
22:31:27 [INFO] Scraping team: Las Positas (laspositas)
22:31:39 [INFO] HTTP Request: GET https://cccaa.prestosports.com/sports/mbkb/2025-26/teams/laspositas?view=roster "HTTP/1.1 200 OK"
22:31:39 [INFO]   Roster: 0 players
22:31:51 [INFO] HTTP Request: GET https://cccaa.prestosports.com/sports/mbkb/2025-26/teams/laspositas?view=gamelog "HTTP/1.1 200 OK"
22:31:51 [INFO]   Games: 27 with box scores
22:32:02 [INFO] HTTP Request: GET https://cccaa.prestosports.com/sports/mbkb/2025-26/boxscores/20251106_cdf1.xml "HTTP/1.1 200 OK"
22:32:13 [INFO] HTTP Request: GET https://cccaa.prestosports.com/sports/mbkb/2025-26/boxscores/20251107_m4cw.xml "HTTP/1.1 200 OK"
22:32:24 [INFO] HTTP Request: GET https://cccaa.prestosports.com/sports/mbkb/2025-26/boxscores/20251108_wduy.xml "HTTP/1.1 200 OK"
22:32:36 [INFO] HTTP Request: GET https://cccaa.prestosports.com/sports/mbkb/2025-26/boxscores/20251113_00n9.xml "HTTP/1.1 200 OK"
22:32:47 [INFO] HTTP Request: GET https://cccaa.prestosports.com/sports/mbkb/2025-26/boxscores/20251115_r2tm.xml "HTTP/1.1 200 OK"
22:32:59 [INFO] HTTP Request: GET https://cccaa.prestosports.com/sports/mbkb/2025-26/boxscores/20251121_7sb9.xml "HTTP/1.1 200 OK"
22:33:10 [INFO] HTTP Request: GET https://cccaa.prestosports.com/sports/mbkb/2025-26/boxscores/20251122_vd7v.xml "HTTP/1.1 200 OK"
22:33:22 [INFO] HTTP Request: GET https://cccaa.prestosports.com/sports/mbkb/2025-26/boxscores/20251204_g6hx.xml "HTTP/1.1 200 OK"
22:33:33 [INFO] HTTP Request: GET https://cccaa.prestosports.com/sports/mbkb/2025-26/boxscores/20251205_r3u0.xml "HTTP/1.1 200 OK"
22:33:44 [INFO] HTTP Request: GET https://cccaa.prestosports.com/sports/mbkb/2025-26/boxscores/20251206_oulu.xml "HTTP/1.1 200 OK"
22:33:56 [INFO] HTTP Request: GET https://cccaa.prestosports.com/sports/mbkb/2025-26/boxscores/20251212_8yas.xml "HTTP/1.1 200 OK"
22:34:07 [INFO] HTTP Request: GET https://cccaa.prestosports.com/sports/mbkb/2025-26/boxscores/20251217_ld0c.xml "HTTP/1.1 200 OK"
22:34:18 [INFO] HTTP Request: GET https://cccaa.prestosports.com/sports/mbkb/2025-26/boxscores/20251219_i3j3.xml "HTTP/1.1 200 OK"
22:34:30 [INFO] HTTP Request: GET https://cccaa.prestosports.com/sports/mbkb/2025-26/boxscores/20260103_pp2s.xml "HTTP/1.1 200 OK"
22:34:41 [INFO] HTTP Request: GET https://cccaa.prestosports.com/sports/mbkb/2025-26/boxscores/20260107_wn6z.xml "HTTP/1.1 200 OK"
22:34:53 [INFO] HTTP Request: GET https://cccaa.prestosports.com/sports/mbkb/2025-26/boxscores/20260109_ownk.xml "HTTP/1.1 200 OK"
22:35:04 [INFO] HTTP Request: GET https://cccaa.prestosports.com/sports/mbkb/2025-26/boxscores/20260114_594c.xml "HTTP/1.1 200 OK"
22:35:15 [INFO] HTTP Request: GET https://cccaa.prestosports.com/sports/mbkb/2025-26/boxscores/20260116_3lae.xml "HTTP/1.1 200 OK"
22:35:26 [INFO] HTTP Request: GET https://cccaa.prestosports.com/sports/mbkb/2025-26/boxscores/20260121_ipgu.xml "HTTP/1.1 200 OK"
22:35:38 [INFO] HTTP Request: GET https://cccaa.prestosports.com/sports/mbkb/2025-26/boxscores/20260123_ecnl.xml "HTTP/1.1 200 OK"
22:35:49 [INFO] HTTP Request: GET https://cccaa.prestosports.com/sports/mbkb/2025-26/boxscores/20260128_37nq.xml "HTTP/1.1 200 OK"
22:36:00 [INFO] HTTP Request: GET https://cccaa.prestosports.com/sports/mbkb/2025-26/boxscores/20260130_9105.xml "HTTP/1.1 200 OK"
22:36:11 [INFO] HTTP Request: GET https://cccaa.prestosports.com/sports/mbkb/2025-26/boxscores/20260204_3nxy.xml "HTTP/1.1 200 OK"
22:36:23 [INFO] HTTP Request: GET https://cccaa.prestosports.com/sports/mbkb/2025-26/boxscores/20260206_mw1u.xml "HTTP/1.1 200 OK"
22:36:34 [INFO] HTTP Request: GET https://cccaa.prestosports.com/sports/mbkb/2025-26/boxscores/20260211_rnj4.xml "HTTP/1.1 200 OK"
22:36:45 [INFO] HTTP Request: GET https://cccaa.prestosports.com/sports/mbkb/2025-26/boxscores/20260213_ld9v.xml "HTTP/1.1 200 OK"
22:36:57 [INFO] HTTP Request: GET https://cccaa.prestosports.com/sports/mbkb/2025-26/boxscores/20260220_3gsh.xml "HTTP/1.1 200 OK"
22:36:57 [INFO]   Loaded: 27 games, 646 player-game-stat rows
22:36:57 [INFO] 
[13/102] San Francisco
22:36:57 [INFO] Scraping team: San Francisco (sanfrancisco)
22:37:09 [INFO] HTTP Request: GET https://cccaa.prestosports.com/sports/mbkb/2025-26/teams/sanfrancisco?view=roster "HTTP/1.1 200 OK"
22:37:09 [INFO]   Roster: 0 players
22:37:21 [INFO] HTTP Request: GET https://cccaa.prestosports.com/sports/mbkb/2025-26/teams/sanfrancisco?view=gamelog "HTTP/1.1 200 OK"
22:37:21 [INFO]   Games: 28 with box scores
22:37:32 [INFO] HTTP Request: GET https://cccaa.prestosports.com/sports/mbkb/2025-26/boxscores/20251101_ba23.xml "HTTP/1.1 200 OK"
22:37:44 [INFO] HTTP Request: GET https://cccaa.prestosports.com/sports/mbkb/2025-26/boxscores/20251102_yrzd.xml "HTTP/1.1 200 OK"
22:37:55 [INFO] HTTP Request: GET https://cccaa.prestosports.com/sports/mbkb/2025-26/boxscores/20251107_2yzi.xml "HTTP/1.1 200 OK"
22:38:07 [INFO] HTTP Request: GET https://cccaa.prestosports.com/sports/mbkb/2025-26/boxscores/20251114_pyik.xml "HTTP/1.1 200 OK"
22:38:18 [INFO] HTTP Request: GET https://cccaa.prestosports.com/sports/mbkb/2025-26/boxscores/20251115_329t.xml "HTTP/1.1 200 OK"
22:38:29 [INFO] HTTP Request: GET https://cccaa.prestosports.com/sports/mbkb/2025-26/boxscores/20251116_zn9e.xml "HTTP/1.1 200 OK"
22:38:41 [INFO] HTTP Request: GET https://cccaa.prestosports.com/sports/mbkb/2025-26/boxscores/20251121_uxyg.xml "HTTP/1.1 200 OK"
22:38:52 [INFO] HTTP Request: GET https://cccaa.prestosports.com/sports/mbkb/2025-26/boxscores/20251205_p1be.xml "HTTP/1.1 200 OK"
22:39:04 [INFO] HTTP Request: GET https://cccaa.prestosports.com/sports/mbkb/2025-26/boxscores/20251211_xeny.xml "HTTP/1.1 200 OK"
22:39:15 [INFO] HTTP Request: GET https://cccaa.prestosports.com/sports/mbkb/2025-26/boxscores/20251212_fx1r.xml "HTTP/1.1 200 OK"
22:39:26 [INFO] HTTP Request: GET https://cccaa.prestosports.com/sports/mbkb/2025-26/boxscores/20251213_aijd.xml "HTTP/1.1 200 OK"
22:39:37 [INFO] HTTP Request: GET https://cccaa.prestosports.com/sports/mbkb/2025-26/boxscores/20251218_mkys.xml "HTTP/1.1 200 OK"
22:39:49 [INFO] HTTP Request: GET https://cccaa.prestosports.com/sports/mbkb/2025-26/boxscores/20251219_oo66.xml "HTTP/1.1 200 OK"
22:40:00 [INFO] HTTP Request: GET https://cccaa.prestosports.com/sports/mbkb/2025-26/boxscores/20251220_dcez.xml "HTTP/1.1 200 OK"
22:40:11 [INFO] HTTP Request: GET https://cccaa.prestosports.com/sports/mbkb/2025-26/boxscores/20260107_c42l.xml "HTTP/1.1 200 OK"
22:40:22 [INFO] HTTP Request: GET https://cccaa.prestosports.com/sports/mbkb/2025-26/boxscores/20260109_jgtp.xml "HTTP/1.1 200 OK"
22:40:34 [INFO] HTTP Request: GET https://cccaa.prestosports.com/sports/mbkb/2025-26/boxscores/20260114_8frq.xml "HTTP/1.1 200 OK"
22:40:45 [INFO] HTTP Request: GET https://cccaa.prestosports.com/sports/mbkb/2025-26/boxscores/20260116_a7qg.xml "HTTP/1.1 200 OK"
22:40:56 [INFO] HTTP Request: GET https://cccaa.prestosports.com/sports/mbkb/2025-26/boxscores/20260121_pi4s.xml "HTTP/1.1 200 OK"
22:41:07 [INFO] HTTP Request: GET https://cccaa.prestosports.com/sports/mbkb/2025-26/boxscores/20260123_j6hk.xml "HTTP/1.1 200 OK"
22:41:18 [INFO] HTTP Request: GET https://cccaa.prestosports.com/sports/mbkb/2025-26/boxscores/20260128_37nq.xml "HTTP/1.1 200 OK"
22:41:30 [INFO] HTTP Request: GET https://cccaa.prestosports.com/sports/mbkb/2025-26/boxscores/20260130_et03.xml "HTTP/1.1 200 OK"
22:41:41 [INFO] HTTP Request: GET https://cccaa.prestosports.com/sports/mbkb/2025-26/boxscores/20260204_93hx.xml "HTTP/1.1 200 OK"
22:41:52 [INFO] HTTP Request: GET https://cccaa.prestosports.com/sports/mbkb/2025-26/boxscores/20260206_6gy0.xml "HTTP/1.1 200 OK"
22:42:04 [INFO] HTTP Request: GET https://cccaa.prestosports.com/sports/mbkb/2025-26/boxscores/20260211_k127.xml "HTTP/1.1 200 OK"
22:42:15 [INFO] HTTP Request: GET https://cccaa.prestosports.com/sports/mbkb/2025-26/boxscores/20260213_rlfz.xml "HTTP/1.1 200 OK"
22:42:26 [INFO] HTTP Request: GET https://cccaa.prestosports.com/sports/mbkb/2025-26/boxscores/20260218_m682.xml "HTTP/1.1 200 OK"
22:42:37 [INFO] HTTP Request: GET https://cccaa.prestosports.com/sports/mbkb/2025-26/boxscores/20260220_3gsh.xml "HTTP/1.1 200 OK"
22:42:37 [INFO]   Loaded: 28 games, 658 player-game-stat rows
22:42:37 [INFO] 
[14/102] Citrus
22:42:37 [INFO] Scraping team: Citrus (citrus)
22:42:49 [INFO] HTTP Request: GET https://cccaa.prestosports.com/sports/mbkb/2025-26/teams/citrus?view=roster "HTTP/1.1 200 OK"
22:42:49 [INFO]   Roster: 0 players
22:43:01 [INFO] HTTP Request: GET https://cccaa.prestosports.com/sports/mbkb/2025-26/teams/citrus?view=gamelog "HTTP/1.1 200 OK"
22:43:01 [INFO]   Games: 28 with box scores
22:43:12 [INFO] HTTP Request: GET https://cccaa.prestosports.com/sports/mbkb/2025-26/boxscores/20251031_lysq.xml "HTTP/1.1 200 OK"
22:43:24 [INFO] HTTP Request: GET https://cccaa.prestosports.com/sports/mbkb/2025-26/boxscores/20251104_i8an.xml "HTTP/1.1 200 OK"
22:43:35 [INFO] HTTP Request: GET https://cccaa.prestosports.com/sports/mbkb/2025-26/boxscores/20251107_kos7.xml "HTTP/1.1 200 OK"
22:43:46 [INFO] HTTP Request: GET https://cccaa.prestosports.com/sports/mbkb/2025-26/boxscores/20251114_bu6b.xml "HTTP/1.1 200 OK"
22:43:57 [INFO] HTTP Request: GET https://cccaa.prestosports.com/sports/mbkb/2025-26/boxscores/20251118_g1eq.xml "HTTP/1.1 200 OK"
22:44:09 [INFO] HTTP Request: GET https://cccaa.prestosports.com/sports/mbkb/2025-26/boxscores/20251121_o1gv.xml "HTTP/1.1 200 OK"
22:44:21 [INFO] HTTP Request: GET https://cccaa.prestosports.com/sports/mbkb/2025-26/boxscores/20251125_ng6o.xml "HTTP/1.1 200 OK"
22:44:32 [INFO] HTTP Request: GET https://cccaa.prestosports.com/sports/mbkb/2025-26/boxscores/20251205_3p3a.xml "HTTP/1.1 200 OK"
22:44:44 [INFO] HTTP Request: GET https://cccaa.prestosports.com/sports/mbkb/2025-26/boxscores/20251206_uczk.xml "HTTP/1.1 200 OK"
22:44:56 [INFO] HTTP Request: GET https://cccaa.prestosports.com/sports/mbkb/2025-26/boxscores/20251209_9tpe.xml "HTTP/1.1 200 OK"
22:45:07 [INFO] HTTP Request: GET https://cccaa.prestosports.com/sports/mbkb/2025-26/boxscores/20251212_csos.xml "HTTP/1.1 200 OK"
22:45:18 [INFO] HTTP Request: GET https://cccaa.prestosports.com/sports/mbkb/2025-26/boxscores/20251216_6nj0.xml "HTTP/1.1 200 OK"
22:45:30 [INFO] HTTP Request: GET https://cccaa.prestosports.com/sports/mbkb/2025-26/boxscores/20251219_dbcz.xml "HTTP/1.1 200 OK"
22:45:41 [INFO] HTTP Request: GET https://cccaa.prestosports.com/sports/mbkb/2025-26/boxscores/20260102_2k9q.xml "HTTP/1.1 200 OK"
22:45:52 [INFO] HTTP Request: GET https://cccaa.prestosports.com/sports/mbkb/2025-26/boxscores/20260107_8ups.xml "HTTP/1.1 200 OK"
22:46:04 [INFO] HTTP Request: GET https://cccaa.prestosports.com/sports/mbkb/2025-26/boxscores/20260110_5zv3.xml "HTTP/1.1 200 OK"
23:18:43 [ERROR] Request failed: https://cccaa.prestosports.com/sports/mbkb/2025-26/boxscores/20260114_octm.xml — [Errno 8] nodename nor servname provided, or not known
23:36:19 [ERROR] Request failed: https://cccaa.prestosports.com/sports/mbkb/2025-26/boxscores/20260117_tm5i.xml — [Errno 8] nodename nor servname provided, or not known
23:48:26 [INFO] HTTP Request: GET https://cccaa.prestosports.com/sports/mbkb/2025-26/boxscores/20260121_lkvf.xml "HTTP/1.1 200 OK"
23:48:37 [INFO] HTTP Request: GET https://cccaa.prestosports.com/sports/mbkb/2025-26/boxscores/20260124_whie.xml "HTTP/1.1 200 OK"
23:48:49 [INFO] HTTP Request: GET https://cccaa.prestosports.com/sports/mbkb/2025-26/boxscores/20260128_10f3.xml "HTTP/1.1 200 OK"
23:49:00 [INFO] HTTP Request: GET https://cccaa.prestosports.com/sports/mbkb/2025-26/boxscores/20260131_1sab.xml "HTTP/1.1 200 OK"
23:49:11 [INFO] HTTP Request: GET https://cccaa.prestosports.com/sports/mbkb/2025-26/boxscores/20260204_cbgf.xml "HTTP/1.1 200 OK"
23:49:23 [INFO] HTTP Request: GET https://cccaa.prestosports.com/sports/mbkb/2025-26/boxscores/20260207_p3vw.xml "HTTP/1.1 200 OK"
23:49:35 [INFO] HTTP Request: GET https://cccaa.prestosports.com/sports/mbkb/2025-26/boxscores/20260211_xcfq.xml "HTTP/1.1 200 OK"
23:49:46 [INFO] HTTP Request: GET https://cccaa.prestosports.com/sports/mbkb/2025-26/boxscores/20260214_is3k.xml "HTTP/1.1 200 OK"
00:07:40 [ERROR] Request failed: https://cccaa.prestosports.com/sports/mbkb/2025-26/boxscores/20260218_g778.xml — [Errno 8] nodename nor servname provided, or not known
00:23:53 [ERROR] Request failed: https://cccaa.prestosports.com/sports/mbkb/2025-26/boxscores/20260220_jp9m.xml — [Errno 8] nodename nor servname provided, or not known
00:23:53 [INFO]   Loaded: 24 games, 614 player-game-stat rows
00:23:53 [INFO] 
[15/102] Santa Rosa
00:23:53 [INFO] Scraping team: Santa Rosa (santarosa)
00:56:15 [ERROR] Request failed: https://cccaa.prestosports.com/sports/mbkb/2025-26/teams/santarosa?view=roster — [Errno 8] nodename nor servname provided, or not known
00:56:15 [INFO]   Roster: 0 players
01:11:52 [ERROR] Request failed: https://cccaa.prestosports.com/sports/mbkb/2025-26/teams/santarosa?view=gamelog — [Errno 8] nodename nor servname provided, or not known
01:11:52 [INFO]   Games: 0 with box scores
01:11:52 [INFO]   Loaded: 0 games, 0 player-game-stat rows
01:11:52 [INFO] 
[16/102] Cabrillo
01:11:52 [INFO] Scraping team: Cabrillo (cabrillo)
01:30:41 [ERROR] Request failed: https://cccaa.prestosports.com/sports/mbkb/2025-26/teams/cabrillo?view=roster — [Errno 8] nodename nor servname provided, or not known
01:30:41 [INFO]   Roster: 0 players
01:30:53 [INFO] HTTP Request: GET https://cccaa.prestosports.com/sports/mbkb/2025-26/teams/cabrillo?view=gamelog "HTTP/1.1 200 OK"
01:30:53 [INFO]   Games: 28 with box scores
01:31:04 [INFO] HTTP Request: GET https://cccaa.prestosports.com/sports/mbkb/2025-26/boxscores/20251101_alj4.xml "HTTP/1.1 200 OK"
01:31:15 [INFO] HTTP Request: GET https://cccaa.prestosports.com/sports/mbkb/2025-26/boxscores/20251102_gjmu.xml "HTTP/1.1 200 OK"
01:31:27 [INFO] HTTP Request: GET https://cccaa.prestosports.com/sports/mbkb/2025-26/boxscores/20251108_iaso.xml "HTTP/1.1 200 OK"
01:31:38 [INFO] HTTP Request: GET https://cccaa.prestosports.com/sports/mbkb/2025-26/boxscores/20251116_lzno.xml "HTTP/1.1 200 OK"
01:31:49 [INFO] HTTP Request: GET https://cccaa.prestosports.com/sports/mbkb/2025-26/boxscores/20251120_gzkh.xml "HTTP/1.1 200 OK"
02:04:41 [ERROR] Request failed: https://cccaa.prestosports.com/sports/mbkb/2025-26/boxscores/20251121_i8f5.xml — [Errno 8] nodename nor servname provided, or not known
02:20:53 [ERROR] Request failed: https://cccaa.prestosports.com/sports/mbkb/2025-26/boxscores/20251122_1knv.xml — [Errno 8] nodename nor servname provided, or not known
02:56:18 [ERROR] Request failed: https://cccaa.prestosports.com/sports/mbkb/2025-26/boxscores/20251126_oei3.xml — [Errno 8] nodename nor servname provided, or not known
03:11:57 [ERROR] Request failed: https://cccaa.prestosports.com/sports/mbkb/2025-26/boxscores/20251205_tm2y.xml — [Errno 8] nodename nor servname provided, or not known
03:31:41 [ERROR] Request failed: https://cccaa.prestosports.com/sports/mbkb/2025-26/boxscores/20251206_a1pi.xml — [Errno 8] nodename nor servname provided, or not known
03:31:51 [ERROR] Request failed: https://cccaa.prestosports.com/sports/mbkb/2025-26/boxscores/20251207_n31l.xml — [Errno 8] nodename nor servname provided, or not known
03:32:01 [ERROR] Request failed: https://cccaa.prestosports.com/sports/mbkb/2025-26/boxscores/20251212_m21v.xml — [Errno 8] nodename nor servname provided, or not known
03:32:11 [ERROR] Request failed: https://cccaa.prestosports.com/sports/mbkb/2025-26/boxscores/20251219_py2o.xml — [Errno 8] nodename nor servname provided, or not known
03:32:22 [INFO] HTTP Request: GET https://cccaa.prestosports.com/sports/mbkb/2025-26/boxscores/20251220_juz4.xml "HTTP/1.1 200 OK"
03:49:35 [ERROR] Request failed: https://cccaa.prestosports.com/sports/mbkb/2025-26/boxscores/20251231_68bc.xml — [Errno 8] nodename nor servname provided, or not known
04:24:08 [ERROR] Request failed: https://cccaa.prestosports.com/sports/mbkb/2025-26/boxscores/20260102_09qi.xml — [Errno 8] nodename nor servname provided, or not known
04:41:29 [ERROR] Request failed: https://cccaa.prestosports.com/sports/mbkb/2025-26/boxscores/20260107_1uw0.xml — [Errno 8] nodename nor servname provided, or not known
05:13:44 [ERROR] Request failed: https://cccaa.prestosports.com/sports/mbkb/2025-26/boxscores/20260114_neds.xml — [Errno 8] nodename nor servname provided, or not known
05:23:29 [INFO] HTTP Request: GET https://cccaa.prestosports.com/sports/mbkb/2025-26/boxscores/20260116_rv5q.xml "HTTP/1.1 200 OK"
05:23:41 [INFO] HTTP Request: GET https://cccaa.prestosports.com/sports/mbkb/2025-26/boxscores/20260121_ctju.xml "HTTP/1.1 200 OK"
05:23:52 [INFO] HTTP Request: GET https://cccaa.prestosports.com/sports/mbkb/2025-26/boxscores/20260123_elks.xml "HTTP/1.1 200 OK"
05:24:04 [INFO] HTTP Request: GET https://cccaa.prestosports.com/sports/mbkb/2025-26/boxscores/20260128_sjw4.xml "HTTP/1.1 200 OK"
05:40:11 [ERROR] Request failed: https://cccaa.prestosports.com/sports/mbkb/2025-26/boxscores/20260130_4aeh.xml — [Errno 8] nodename nor servname provided, or not known
06:12:53 [ERROR] Request failed: https://cccaa.prestosports.com/sports/mbkb/2025-26/boxscores/20260206_569r.xml — [Errno 8] nodename nor servname provided, or not known
06:14:30 [ERROR] Request failed: https://cccaa.prestosports.com/sports/mbkb/2025-26/boxscores/20260211_2sfx.xml — [Errno 8] nodename nor servname provided, or not known
06:14:40 [ERROR] Request failed: https://cccaa.prestosports.com/sports/mbkb/2025-26/boxscores/20260213_92f5.xml — [Errno 8] nodename nor servname provided, or not known
06:14:50 [ERROR] Request failed: https://cccaa.prestosports.com/sports/mbkb/2025-26/boxscores/20260218_jw9s.xml — [Errno 8] nodename nor servname provided, or not known
06:15:01 [INFO] HTTP Request: GET https://cccaa.prestosports.com/sports/mbkb/2025-26/boxscores/20260220_ajpy.xml "HTTP/1.1 200 OK"
06:15:01 [INFO]   Loaded: 11 games, 267 player-game-stat rows
06:15:01 [INFO] 
[17/102] De Anza
06:15:01 [INFO] Scraping team: De Anza (deanza)
06:25:00 [ERROR] Request failed: https://cccaa.prestosports.com/sports/mbkb/2025-26/teams/deanza?view=roster — [Errno 54] Connection reset by peer
06:25:00 [INFO]   Roster: 0 players
06:25:12 [INFO] HTTP Request: GET https://cccaa.prestosports.com/sports/mbkb/2025-26/teams/deanza?view=gamelog "HTTP/1.1 200 OK"
06:25:12 [INFO]   Games: 26 with box scores
06:25:23 [INFO] HTTP Request: GET https://cccaa.prestosports.com/sports/mbkb/2025-26/boxscores/20251101_7r42.xml "HTTP/1.1 200 OK"
06:25:34 [INFO] HTTP Request: GET https://cccaa.prestosports.com/sports/mbkb/2025-26/boxscores/20251104_xl3t.xml "HTTP/1.1 200 OK"
06:25:45 [INFO] HTTP Request: GET https://cccaa.prestosports.com/sports/mbkb/2025-26/boxscores/20251108_qsch.xml "HTTP/1.1 200 OK"
06:25:56 [INFO] HTTP Request: GET https://cccaa.prestosports.com/sports/mbkb/2025-26/boxscores/20251115_vrr7.xml "HTTP/1.1 200 OK"
06:26:08 [INFO] HTTP Request: GET https://cccaa.prestosports.com/sports/mbkb/2025-26/boxscores/20251121_rhcl.xml "HTTP/1.1 200 OK"
06:26:19 [INFO] HTTP Request: GET https://cccaa.prestosports.com/sports/mbkb/2025-26/boxscores/20251122_erll.xml "HTTP/1.1 200 OK"
06:26:30 [INFO] HTTP Request: GET https://cccaa.prestosports.com/sports/mbkb/2025-26/boxscores/20251126_j5r8.xml "HTTP/1.1 200 OK"
06:26:41 [INFO] HTTP Request: GET https://cccaa.prestosports.com/sports/mbkb/2025-26/boxscores/20251205_9qwj.xml "HTTP/1.1 200 OK"
06:26:53 [INFO] HTTP Request: GET https://cccaa.prestosports.com/sports/mbkb/2025-26/boxscores/20251206_ek3f.xml "HTTP/1.1 200 OK"
06:27:04 [INFO] HTTP Request: GET https://cccaa.prestosports.com/sports/mbkb/2025-26/boxscores/20251207_dtuf.xml "HTTP/1.1 200 OK"
06:27:15 [INFO] HTTP Request: GET https://cccaa.prestosports.com/sports/mbkb/2025-26/boxscores/20251212_jyjq.xml "HTTP/1.1 200 OK"
06:27:27 [INFO] HTTP Request: GET https://cccaa.prestosports.com/sports/mbkb/2025-26/boxscores/20251220_3n6y.xml "HTTP/1.1 200 OK"
06:27:38 [INFO] HTTP Request: GET https://cccaa.prestosports.com/sports/mbkb/2025-26/boxscores/20251223_m0yj.xml "HTTP/1.1 200 OK"
06:27:49 [INFO] HTTP Request: GET https://cccaa.prestosports.com/sports/mbkb/2025-26/boxscores/20260102_f91n.xml "HTTP/1.1 200 OK"
06:28:00 [INFO] HTTP Request: GET https://cccaa.prestosports.com/sports/mbkb/2025-26/boxscores/20260107_c42l.xml "HTTP/1.1 200 OK"
06:28:11 [INFO] HTTP Request: GET https://cccaa.prestosports.com/sports/mbkb/2025-26/boxscores/20260109_ownk.xml "HTTP/1.1 200 OK"
06:28:22 [INFO] HTTP Request: GET https://cccaa.prestosports.com/sports/mbkb/2025-26/boxscores/20260114_8s2n.xml "HTTP/1.1 200 OK"
06:28:33 [INFO] HTTP Request: GET https://cccaa.prestosports.com/sports/mbkb/2025-26/boxscores/20260116_ken0.xml "HTTP/1.1 200 OK"
06:28:45 [INFO] HTTP Request: GET https://cccaa.prestosports.com/sports/mbkb/2025-26/boxscores/20260121_kbhe.xml "HTTP/1.1 200 OK"
06:28:56 [INFO] HTTP Request: GET https://cccaa.prestosports.com/sports/mbkb/2025-26/boxscores/20260123_z6xt.xml "HTTP/1.1 200 OK"
06:29:07 [INFO] HTTP Request: GET https://cccaa.prestosports.com/sports/mbkb/2025-26/boxscores/20260128_l8i7.xml "HTTP/1.1 200 OK"
06:29:18 [INFO] HTTP Request: GET https://cccaa.prestosports.com/sports/mbkb/2025-26/boxscores/20260130_et03.xml "HTTP/1.1 200 OK"
06:29:29 [INFO] HTTP Request: GET https://cccaa.prestosports.com/sports/mbkb/2025-26/boxscores/20260204_3nxy.xml "HTTP/1.1 200 OK"
06:29:40 [INFO] HTTP Request: GET https://cccaa.prestosports.com/sports/mbkb/2025-26/boxscores/20260206_8ha1.xml "HTTP/1.1 200 OK"
06:29:51 [INFO] HTTP Request: GET https://cccaa.prestosports.com/sports/mbkb/2025-26/boxscores/20260211_338u.xml "HTTP/1.1 200 OK"
06:30:03 [INFO] HTTP Request: GET https://cccaa.prestosports.com/sports/mbkb/2025-26/boxscores/20260213_sfp5.xml "HTTP/1.1 200 OK"
06:30:03 [INFO]   Loaded: 26 games, 660 player-game-stat rows
06:30:03 [INFO] 
[18/102] Compton
06:30:03 [INFO] Scraping team: Compton (compton)
06:30:16 [INFO] HTTP Request: GET https://cccaa.prestosports.com/sports/mbkb/2025-26/teams/compton?view=roster "HTTP/1.1 200 OK"
06:30:16 [INFO]   Roster: 0 players
06:30:28 [INFO] HTTP Request: GET https://cccaa.prestosports.com/sports/mbkb/2025-26/teams/compton?view=gamelog "HTTP/1.1 200 OK"
06:30:28 [INFO]   Games: 28 with box scores
06:30:39 [INFO] HTTP Request: GET https://cccaa.prestosports.com/sports/mbkb/2025-26/boxscores/20251031_qg9m.xml "HTTP/1.1 200 OK"
06:30:50 [INFO] HTTP Request: GET https://cccaa.prestosports.com/sports/mbkb/2025-26/boxscores/20251101_62jr.xml "HTTP/1.1 200 OK"
06:31:02 [INFO] HTTP Request: GET https://cccaa.prestosports.com/sports/mbkb/2025-26/boxscores/20251107_x7qe.xml "HTTP/1.1 200 OK"
06:31:13 [INFO] HTTP Request: GET https://cccaa.prestosports.com/sports/mbkb/2025-26/boxscores/20251111_amr0.xml "HTTP/1.1 200 OK"
06:31:24 [INFO] HTTP Request: GET https://cccaa.prestosports.com/sports/mbkb/2025-26/boxscores/20251114_acnm.xml "HTTP/1.1 200 OK"
06:31:36 [INFO] HTTP Request: GET https://cccaa.prestosports.com/sports/mbkb/2025-26/boxscores/20251115_a0ys.xml "HTTP/1.1 200 OK"
06:31:47 [INFO] HTTP Request: GET https://cccaa.prestosports.com/sports/mbkb/2025-26/boxscores/20251116_e4wa.xml "HTTP/1.1 200 OK"
06:31:58 [INFO] HTTP Request: GET https://cccaa.prestosports.com/sports/mbkb/2025-26/boxscores/20251121_yyaw.xml "HTTP/1.1 200 OK"
06:32:10 [INFO] HTTP Request: GET https://cccaa.prestosports.com/sports/mbkb/2025-26/boxscores/20251125_m3lx.xml "HTTP/1.1 200 OK"
06:32:21 [INFO] HTTP Request: GET https://cccaa.prestosports.com/sports/mbkb/2025-26/boxscores/20251204_rnss.xml "HTTP/1.1 200 OK"
06:32:33 [INFO] HTTP Request: GET https://cccaa.prestosports.com/sports/mbkb/2025-26/boxscores/20251205_69ii.xml "HTTP/1.1 200 OK"
06:32:44 [INFO] HTTP Request: GET https://cccaa.prestosports.com/sports/mbkb/2025-26/boxscores/20251206_itj2.xml "HTTP/1.1 200 OK"
06:32:55 [INFO] HTTP Request: GET https://cccaa.prestosports.com/sports/mbkb/2025-26/boxscores/20251212_j09e.xml "HTTP/1.1 200 OK"
06:33:07 [INFO] HTTP Request: GET https://cccaa.prestosports.com/sports/mbkb/2025-26/boxscores/20251217_sz39.xml "HTTP/1.1 200 OK"
06:33:18 [INFO] HTTP Request: GET https://cccaa.prestosports.com/sports/mbkb/2025-26/boxscores/20260102_7z5k.xml "HTTP/1.1 200 OK"
06:33:29 [INFO] HTTP Request: GET https://cccaa.prestosports.com/sports/mbkb/2025-26/boxscores/20260107_v6z3.xml "HTTP/1.1 200 OK"
06:33:40 [INFO] HTTP Request: GET https://cccaa.prestosports.com/sports/mbkb/2025-26/boxscores/20260109_i8yk.xml "HTTP/1.1 200 OK"
06:33:52 [INFO] HTTP Request: GET https://cccaa.prestosports.com/sports/mbkb/2025-26/boxscores/20260114_j4ta.xml "HTTP/1.1 200 OK"
06:34:03 [INFO] HTTP Request: GET https://cccaa.prestosports.com/sports/mbkb/2025-26/boxscores/20260121_q22h.xml "HTTP/1.1 200 OK"
06:34:15 [INFO] HTTP Request: GET https://cccaa.prestosports.com/sports/mbkb/2025-26/boxscores/20260123_niap.xml "HTTP/1.1 200 OK"
06:34:26 [INFO] HTTP Request: GET https://cccaa.prestosports.com/sports/mbkb/2025-26/boxscores/20260128_0al2.xml "HTTP/1.1 200 OK"
06:34:38 [INFO] HTTP Request: GET https://cccaa.prestosports.com/sports/mbkb/2025-26/boxscores/20260130_x90k.xml "HTTP/1.1 200 OK"
06:34:49 [INFO] HTTP Request: GET https://cccaa.prestosports.com/sports/mbkb/2025-26/boxscores/20260204_17bv.xml "HTTP/1.1 200 OK"
06:35:00 [INFO] HTTP Request: GET https://cccaa.prestosports.com/sports/mbkb/2025-26/boxscores/20260206_l1rm.xml "HTTP/1.1 200 OK"
06:35:12 [INFO] HTTP Request: GET https://cccaa.prestosports.com/sports/mbkb/2025-26/boxscores/20260211_mgyw.xml "HTTP/1.1 200 OK"
06:35:23 [INFO] HTTP Request: GET https://cccaa.prestosports.com/sports/mbkb/2025-26/boxscores/20260213_jfu0.xml "HTTP/1.1 200 OK"
06:35:34 [INFO] HTTP Request: GET https://cccaa.prestosports.com/sports/mbkb/2025-26/boxscores/20260218_bth8.xml "HTTP/1.1 200 OK"
06:35:45 [INFO] HTTP Request: GET https://cccaa.prestosports.com/sports/mbkb/2025-26/boxscores/20260220_g34b.xml "HTTP/1.1 200 OK"
06:35:46 [INFO]   Loaded: 28 games, 622 player-game-stat rows
06:35:46 [INFO] 
[19/102] Allan Hancock
06:35:46 [INFO] Scraping team: Allan Hancock (allanhancock)
06:35:58 [INFO] HTTP Request: GET https://cccaa.prestosports.com/sports/mbkb/2025-26/teams/allanhancock?view=roster "HTTP/1.1 200 OK"
06:35:58 [INFO]   Roster: 0 players
06:36:10 [INFO] HTTP Request: GET https://cccaa.prestosports.com/sports/mbkb/2025-26/teams/allanhancock?view=gamelog "HTTP/1.1 200 OK"
06:36:10 [INFO]   Games: 27 with box scores
06:36:21 [INFO] HTTP Request: GET https://cccaa.prestosports.com/sports/mbkb/2025-26/boxscores/20251104_5n13.xml "HTTP/1.1 200 OK"
06:36:32 [INFO] HTTP Request: GET https://cccaa.prestosports.com/sports/mbkb/2025-26/boxscores/20251107_4toe.xml "HTTP/1.1 200 OK"
06:36:44 [INFO] HTTP Request: GET https://cccaa.prestosports.com/sports/mbkb/2025-26/boxscores/20251108_kqn5.xml "HTTP/1.1 200 OK"
06:36:55 [INFO] HTTP Request: GET https://cccaa.prestosports.com/sports/mbkb/2025-26/boxscores/20251114_bu6b.xml "HTTP/1.1 200 OK"
06:37:06 [INFO] HTTP Request: GET https://cccaa.prestosports.com/sports/mbkb/2025-26/boxscores/20251121_sdbx.xml "HTTP/1.1 200 OK"
06:37:18 [INFO] HTTP Request: GET https://cccaa.prestosports.com/sports/mbkb/2025-26/boxscores/20251122_dof8.xml "HTTP/1.1 200 OK"
06:37:29 [INFO] HTTP Request: GET https://cccaa.prestosports.com/sports/mbkb/2025-26/boxscores/20251123_1q45.xml "HTTP/1.1 200 OK"
06:37:40 [INFO] HTTP Request: GET https://cccaa.prestosports.com/sports/mbkb/2025-26/boxscores/20251126_6pty.xml "HTTP/1.1 200 OK"
06:37:51 [INFO] HTTP Request: GET https://cccaa.prestosports.com/sports/mbkb/2025-26/boxscores/20251204_7gfp.xml "HTTP/1.1 200 OK"
06:38:03 [INFO] HTTP Request: GET https://cccaa.prestosports.com/sports/mbkb/2025-26/boxscores/20251206_n9wm.xml "HTTP/1.1 200 OK"
06:38:14 [INFO] HTTP Request: GET https://cccaa.prestosports.com/sports/mbkb/2025-26/boxscores/20251211_bopo.xml "HTTP/1.1 200 OK"
06:38:25 [INFO] HTTP Request: GET https://cccaa.prestosports.com/sports/mbkb/2025-26/boxscores/20251212_qmd6.xml "HTTP/1.1 200 OK"
06:38:36 [INFO] HTTP Request: GET https://cccaa.prestosports.com/sports/mbkb/2025-26/boxscores/20251213_9aj1.xml "HTTP/1.1 200 OK"
06:38:48 [INFO] HTTP Request: GET https://cccaa.prestosports.com/sports/mbkb/2025-26/boxscores/20251230_9bwr.xml "HTTP/1.1 200 OK"
06:38:59 [INFO] HTTP Request: GET https://cccaa.prestosports.com/sports/mbkb/2025-26/boxscores/20260103_4qqv.xml "HTTP/1.1 200 OK"
06:39:10 [INFO] HTTP Request: GET https://cccaa.prestosports.com/sports/mbkb/2025-26/boxscores/20260107_0ndi.xml "HTTP/1.1 200 OK"
06:39:22 [INFO] HTTP Request: GET https://cccaa.prestosports.com/sports/mbkb/2025-26/boxscores/20260110_490r.xml "HTTP/1.1 200 OK"
06:39:33 [INFO] HTTP Request: GET https://cccaa.prestosports.com/sports/mbkb/2025-26/boxscores/20260114_82iu.xml "HTTP/1.1 200 OK"
06:39:44 [INFO] HTTP Request: GET https://cccaa.prestosports.com/sports/mbkb/2025-26/boxscores/20260117_i358.xml "HTTP/1.1 200 OK"
06:39:56 [INFO] HTTP Request: GET https://cccaa.prestosports.com/sports/mbkb/2025-26/boxscores/20260121_s1i3.xml "HTTP/1.1 200 OK"
06:40:07 [INFO] HTTP Request: GET https://cccaa.prestosports.com/sports/mbkb/2025-26/boxscores/20260124_6nlj.xml "HTTP/1.1 200 OK"
06:41:49 [INFO] HTTP Request: GET https://cccaa.prestosports.com/sports/mbkb/2025-26/boxscores/20260131_lzde.xml "HTTP/1.1 200 OK"
06:42:00 [INFO] HTTP Request: GET https://cccaa.prestosports.com/sports/mbkb/2025-26/boxscores/20260204_sgwv.xml "HTTP/1.1 200 OK"
06:42:11 [INFO] HTTP Request: GET https://cccaa.prestosports.com/sports/mbkb/2025-26/boxscores/20260207_6bhp.xml "HTTP/1.1 200 OK"
06:42:23 [INFO] HTTP Request: GET https://cccaa.prestosports.com/sports/mbkb/2025-26/boxscores/20260211_g3z8.xml "HTTP/1.1 200 OK"
06:42:34 [INFO] HTTP Request: GET https://cccaa.prestosports.com/sports/mbkb/2025-26/boxscores/20260214_5w57.xml "HTTP/1.1 200 OK"
06:42:45 [INFO] HTTP Request: GET https://cccaa.prestosports.com/sports/mbkb/2025-26/boxscores/20260218_l4dd.xml "HTTP/1.1 200 OK"
06:42:46 [INFO]   Loaded: 27 games, 632 player-game-stat rows
06:42:46 [INFO] 
[20/102] Palo Verde
06:42:46 [INFO] Scraping team: Palo Verde (paloverde)
06:42:57 [INFO] HTTP Request: GET https://cccaa.prestosports.com/sports/mbkb/2025-26/teams/paloverde?view=roster "HTTP/1.1 200 OK"
06:42:57 [INFO]   Roster: 0 players
06:43:09 [INFO] HTTP Request: GET https://cccaa.prestosports.com/sports/mbkb/2025-26/teams/paloverde?view=gamelog "HTTP/1.1 200 OK"
06:43:09 [INFO]   Games: 26 with box scores
06:43:21 [INFO] HTTP Request: GET https://cccaa.prestosports.com/sports/mbkb/2025-26/boxscores/20251031_lx4n.xml "HTTP/1.1 200 OK"
06:43:32 [INFO] HTTP Request: GET https://cccaa.prestosports.com/sports/mbkb/2025-26/boxscores/20251101_7dgc.xml "HTTP/1.1 200 OK"
06:43:43 [INFO] HTTP Request: GET https://cccaa.prestosports.com/sports/mbkb/2025-26/boxscores/20251106_j6jn.xml "HTTP/1.1 200 OK"
06:43:54 [INFO] HTTP Request: GET https://cccaa.prestosports.com/sports/mbkb/2025-26/boxscores/20251107_7cyv.xml "HTTP/1.1 200 OK"
06:44:05 [INFO] HTTP Request: GET https://cccaa.prestosports.com/sports/mbkb/2025-26/boxscores/20251108_664r.xml "HTTP/1.1 200 OK"
06:44:17 [INFO] HTTP Request: GET https://cccaa.prestosports.com/sports/mbkb/2025-26/boxscores/20251117_3sr8.xml "HTTP/1.1 200 OK"
06:44:29 [INFO] HTTP Request: GET https://cccaa.prestosports.com/sports/mbkb/2025-26/boxscores/20251120_92f9.xml "HTTP/1.1 200 OK"
06:44:40 [INFO] HTTP Request: GET https://cccaa.prestosports.com/sports/mbkb/2025-26/boxscores/20251129_55ht.xml "HTTP/1.1 200 OK"
06:44:51 [INFO] HTTP Request: GET https://cccaa.prestosports.com/sports/mbkb/2025-26/boxscores/20251130_exdw.xml "HTTP/1.1 200 OK"
06:45:03 [INFO] HTTP Request: GET https://cccaa.prestosports.com/sports/mbkb/2025-26/boxscores/20251205_1vuk.xml "HTTP/1.1 200 OK"
06:45:14 [INFO] HTTP Request: GET https://cccaa.prestosports.com/sports/mbkb/2025-26/boxscores/20251206_byjy.xml "HTTP/1.1 200 OK"
06:45:26 [INFO] HTTP Request: GET https://cccaa.prestosports.com/sports/mbkb/2025-26/boxscores/20251212_q997.xml "HTTP/1.1 200 OK"
06:45:37 [INFO] HTTP Request: GET https://cccaa.prestosports.com/sports/mbkb/2025-26/boxscores/20251217_z999.xml "HTTP/1.1 200 OK"
06:45:48 [INFO] HTTP Request: GET https://cccaa.prestosports.com/sports/mbkb/2025-26/boxscores/20251220_rp41.xml "HTTP/1.1 200 OK"
06:45:59 [INFO] HTTP Request: GET https://cccaa.prestosports.com/sports/mbkb/2025-26/boxscores/20260103_yzlp.xml "HTTP/1.1 200 OK"
06:46:11 [INFO] HTTP Request: GET https://cccaa.prestosports.com/sports/mbkb/2025-26/boxscores/20260107_not0.xml "HTTP/1.1 200 OK"
06:46:22 [INFO] HTTP Request: GET https://cccaa.prestosports.com/sports/mbkb/2025-26/boxscores/20260114_by49.xml "HTTP/1.1 200 OK"
06:46:33 [INFO] HTTP Request: GET https://cccaa.prestosports.com/sports/mbkb/2025-26/boxscores/20260117_7p9l.xml "HTTP/1.1 200 OK"
06:46:44 [INFO] HTTP Request: GET https://cccaa.prestosports.com/sports/mbkb/2025-26/boxscores/20260121_6tnf.xml "HTTP/1.1 200 OK"
06:46:56 [INFO] HTTP Request: GET https://cccaa.prestosports.com/sports/mbkb/2025-26/boxscores/20260124_nash.xml "HTTP/1.1 200 OK"
06:47:07 [INFO] HTTP Request: GET https://cccaa.prestosports.com/sports/mbkb/2025-26/boxscores/20260128_5cqx.xml "HTTP/1.1 200 OK"
06:47:18 [INFO] HTTP Request: GET https://cccaa.prestosports.com/sports/mbkb/2025-26/boxscores/20260131_huww.xml "HTTP/1.1 200 OK"
06:47:29 [INFO] HTTP Request: GET https://cccaa.prestosports.com/sports/mbkb/2025-26/boxscores/20260204_jni7.xml "HTTP/1.1 200 OK"
06:47:40 [INFO] HTTP Request: GET https://cccaa.prestosports.com/sports/mbkb/2025-26/boxscores/20260207_hmx8.xml "HTTP/1.1 200 OK"
06:47:52 [INFO] HTTP Request: GET https://cccaa.prestosports.com/sports/mbkb/2025-26/boxscores/20260214_qft4.xml "HTTP/1.1 200 OK"
06:48:03 [INFO] HTTP Request: GET https://cccaa.prestosports.com/sports/mbkb/2025-26/boxscores/20260218_7cu9.xml "HTTP/1.1 200 OK"
06:48:04 [INFO]   Loaded: 26 games, 565 player-game-stat rows
06:48:04 [INFO] 
[21/102] Foothill
06:48:04 [INFO] Scraping team: Foothill (foothill)
06:48:16 [INFO] HTTP Request: GET https://cccaa.prestosports.com/sports/mbkb/2025-26/teams/foothill?view=roster "HTTP/1.1 200 OK"
06:48:16 [INFO]   Roster: 0 players
06:48:28 [INFO] HTTP Request: GET https://cccaa.prestosports.com/sports/mbkb/2025-26/teams/foothill?view=gamelog "HTTP/1.1 200 OK"
06:48:28 [INFO]   Games: 28 with box scores
06:48:39 [INFO] HTTP Request: GET https://cccaa.prestosports.com/sports/mbkb/2025-26/boxscores/20251104_q1dk.xml "HTTP/1.1 200 OK"
06:48:50 [INFO] HTTP Request: GET https://cccaa.prestosports.com/sports/mbkb/2025-26/boxscores/20251106_zsnh.xml "HTTP/1.1 200 OK"
06:49:01 [INFO] HTTP Request: GET https://cccaa.prestosports.com/sports/mbkb/2025-26/boxscores/20251107_shdt.xml "HTTP/1.1 200 OK"
06:49:13 [INFO] HTTP Request: GET https://cccaa.prestosports.com/sports/mbkb/2025-26/boxscores/20251108_664r.xml "HTTP/1.1 200 OK"
06:49:24 [INFO] HTTP Request: GET https://cccaa.prestosports.com/sports/mbkb/2025-26/boxscores/20251112_u1bs.xml "HTTP/1.1 200 OK"
06:49:35 [INFO] HTTP Request: GET https://cccaa.prestosports.com/sports/mbkb/2025-26/boxscores/20251115_d1sn.xml "HTTP/1.1 200 OK"
06:49:46 [INFO] HTTP Request: GET https://cccaa.prestosports.com/sports/mbkb/2025-26/boxscores/20251120_vh1w.xml "HTTP/1.1 200 OK"
06:49:57 [INFO] HTTP Request: GET https://cccaa.prestosports.com/sports/mbkb/2025-26/boxscores/20251121_au52.xml "HTTP/1.1 200 OK"
06:50:09 [INFO] HTTP Request: GET https://cccaa.prestosports.com/sports/mbkb/2025-26/boxscores/20251122_zyh2.xml "HTTP/1.1 200 OK"
06:50:20 [INFO] HTTP Request: GET https://cccaa.prestosports.com/sports/mbkb/2025-26/boxscores/20251205_rj9f.xml "HTTP/1.1 200 OK"
06:50:31 [INFO] HTTP Request: GET https://cccaa.prestosports.com/sports/mbkb/2025-26/boxscores/20251206_l1hc.xml "HTTP/1.1 200 OK"
06:50:42 [INFO] HTTP Request: GET https://cccaa.prestosports.com/sports/mbkb/2025-26/boxscores/20251207_0t52.xml "HTTP/1.1 200 OK"
06:50:53 [INFO] HTTP Request: GET https://cccaa.prestosports.com/sports/mbkb/2025-26/boxscores/20251210_s7uv.xml "HTTP/1.1 200 OK"
06:51:04 [INFO] HTTP Request: GET https://cccaa.prestosports.com/sports/mbkb/2025-26/boxscores/20251213_x4x9.xml "HTTP/1.1 200 OK"
06:51:15 [INFO] HTTP Request: GET https://cccaa.prestosports.com/sports/mbkb/2025-26/boxscores/20251219_x85r.xml "HTTP/1.1 200 OK"
06:51:26 [INFO] HTTP Request: GET https://cccaa.prestosports.com/sports/mbkb/2025-26/boxscores/20251220_mcuy.xml "HTTP/1.1 200 OK"
06:51:37 [INFO] HTTP Request: GET https://cccaa.prestosports.com/sports/mbkb/2025-26/boxscores/20260107_8rlj.xml "HTTP/1.1 200 OK"
06:51:49 [INFO] HTTP Request: GET https://cccaa.prestosports.com/sports/mbkb/2025-26/boxscores/20260109_udm2.xml "HTTP/1.1 200 OK"
06:52:00 [INFO] HTTP Request: GET https://cccaa.prestosports.com/sports/mbkb/2025-26/boxscores/20260114_xyxr.xml "HTTP/1.1 200 OK"
06:52:11 [INFO] HTTP Request: GET https://cccaa.prestosports.com/sports/mbkb/2025-26/boxscores/20260121_130b.xml "HTTP/1.1 200 OK"
06:52:23 [INFO] HTTP Request: GET https://cccaa.prestosports.com/sports/mbkb/2025-26/boxscores/20260123_xmou.xml "HTTP/1.1 200 OK"
06:52:33 [INFO] HTTP Request: GET https://cccaa.prestosports.com/sports/mbkb/2025-26/boxscores/20260128_sjw4.xml "HTTP/1.1 200 OK"
06:52:45 [INFO] HTTP Request: GET https://cccaa.prestosports.com/sports/mbkb/2025-26/boxscores/20260130_uid3.xml "HTTP/1.1 200 OK"
06:52:56 [INFO] HTTP Request: GET https://cccaa.prestosports.com/sports/mbkb/2025-26/boxscores/20260204_iv92.xml "HTTP/1.1 200 OK"
06:53:07 [INFO] HTTP Request: GET https://cccaa.prestosports.com/sports/mbkb/2025-26/boxscores/20260206_lnuz.xml "HTTP/1.1 200 OK"
06:53:19 [INFO] HTTP Request: GET https://cccaa.prestosports.com/sports/mbkb/2025-26/boxscores/20260213_7xp0.xml "HTTP/1.1 200 OK"
06:53:30 [INFO] HTTP Request: GET https://cccaa.prestosports.com/sports/mbkb/2025-26/boxscores/20260218_7xl9.xml "HTTP/1.1 200 OK"
06:53:41 [INFO] HTTP Request: GET https://cccaa.prestosports.com/sports/mbkb/2025-26/boxscores/20260220_ajpy.xml "HTTP/1.1 200 OK"
06:53:41 [INFO]   Loaded: 28 games, 669 player-game-stat rows
06:53:41 [INFO] 
[22/102] Feather River
06:53:41 [INFO] Scraping team: Feather River (featherriver)
06:53:53 [INFO] HTTP Request: GET https://cccaa.prestosports.com/sports/mbkb/2025-26/teams/featherriver?view=roster "HTTP/1.1 200 OK"
06:53:53 [INFO]   Roster: 0 players
06:54:05 [INFO] HTTP Request: GET https://cccaa.prestosports.com/sports/mbkb/2025-26/teams/featherriver?view=gamelog "HTTP/1.1 200 OK"
06:54:05 [INFO]   Games: 28 with box scores
06:54:16 [INFO] HTTP Request: GET https://cccaa.prestosports.com/sports/mbkb/2025-26/boxscores/20251101_tkqk.xml "HTTP/1.1 200 OK"
06:54:28 [INFO] HTTP Request: GET https://cccaa.prestosports.com/sports/mbkb/2025-26/boxscores/20251106_zsnh.xml "HTTP/1.1 200 OK"
06:54:39 [INFO] HTTP Request: GET https://cccaa.prestosports.com/sports/mbkb/2025-26/boxscores/20251107_7cyv.xml "HTTP/1.1 200 OK"
06:54:50 [INFO] HTTP Request: GET https://cccaa.prestosports.com/sports/mbkb/2025-26/boxscores/20251108_r28v.xml "HTTP/1.1 200 OK"
06:55:02 [INFO] HTTP Request: GET https://cccaa.prestosports.com/sports/mbkb/2025-26/boxscores/20251113_jpt0.xml "HTTP/1.1 200 OK"
06:55:13 [INFO] HTTP Request: GET https://cccaa.prestosports.com/sports/mbkb/2025-26/boxscores/20251115_5wpt.xml "HTTP/1.1 200 OK"
06:55:24 [INFO] HTTP Request: GET https://cccaa.prestosports.com/sports/mbkb/2025-26/boxscores/20251116_rb0z.xml "HTTP/1.1 200 OK"
06:55:35 [INFO] HTTP Request: GET https://cccaa.prestosports.com/sports/mbkb/2025-26/boxscores/20251120_b91d.xml "HTTP/1.1 200 OK"
06:55:47 [INFO] HTTP Request: GET https://cccaa.prestosports.com/sports/mbkb/2025-26/boxscores/20251121_38cn.xml "HTTP/1.1 200 OK"
06:55:58 [INFO] HTTP Request: GET https://cccaa.prestosports.com/sports/mbkb/2025-26/boxscores/20251122_dx4d.xml "HTTP/1.1 200 OK"
06:56:09 [INFO] HTTP Request: GET https://cccaa.prestosports.com/sports/mbkb/2025-26/boxscores/20251205_jxii.xml "HTTP/1.1 200 OK"
06:56:20 [INFO] HTTP Request: GET https://cccaa.prestosports.com/sports/mbkb/2025-26/boxscores/20251206_g9y3.xml "HTTP/1.1 200 OK"
06:56:31 [INFO] HTTP Request: GET https://cccaa.prestosports.com/sports/mbkb/2025-26/boxscores/20251212_jovd.xml "HTTP/1.1 200 OK"
06:56:42 [INFO] HTTP Request: GET https://cccaa.prestosports.com/sports/mbkb/2025-26/boxscores/20251213_dlxt.xml "HTTP/1.1 200 OK"
06:56:53 [INFO] HTTP Request: GET https://cccaa.prestosports.com/sports/mbkb/2025-26/boxscores/20251219_oqpa.xml "HTTP/1.1 200 OK"
06:57:05 [INFO] HTTP Request: GET https://cccaa.prestosports.com/sports/mbkb/2025-26/boxscores/20251220_juz4.xml "HTTP/1.1 200 OK"
06:57:16 [INFO] HTTP Request: GET https://cccaa.prestosports.com/sports/mbkb/2025-26/boxscores/20260102_f27p.xml "HTTP/1.1 200 OK"
06:57:27 [INFO] HTTP Request: GET https://cccaa.prestosports.com/sports/mbkb/2025-26/boxscores/20260103_8ii1.xml "HTTP/1.1 200 OK"
06:57:38 [INFO] HTTP Request: GET https://cccaa.prestosports.com/sports/mbkb/2025-26/boxscores/20260107_5nox.xml "HTTP/1.1 200 OK"
06:57:50 [INFO] HTTP Request: GET https://cccaa.prestosports.com/sports/mbkb/2025-26/boxscores/20260110_a23t.xml "HTTP/1.1 200 OK"
06:58:01 [INFO] HTTP Request: GET https://cccaa.prestosports.com/sports/mbkb/2025-26/boxscores/20260117_4y3u.xml "HTTP/1.1 200 OK"
06:58:12 [INFO] HTTP Request: GET https://cccaa.prestosports.com/sports/mbkb/2025-26/boxscores/20260122_oaus.xml "HTTP/1.1 200 OK"
06:58:23 [INFO] HTTP Request: GET https://cccaa.prestosports.com/sports/mbkb/2025-26/boxscores/20260124_txpq.xml "HTTP/1.1 200 OK"
06:58:34 [INFO] HTTP Request: GET https://cccaa.prestosports.com/sports/mbkb/2025-26/boxscores/20260131_h4wy.xml "HTTP/1.1 200 OK"
06:58:45 [INFO] HTTP Request: GET https://cccaa.prestosports.com/sports/mbkb/2025-26/boxscores/20260204_8u8s.xml "HTTP/1.1 200 OK"
06:58:56 [INFO] HTTP Request: GET https://cccaa.prestosports.com/sports/mbkb/2025-26/boxscores/20260207_zex0.xml "HTTP/1.1 200 OK"
06:59:08 [INFO] HTTP Request: GET https://cccaa.prestosports.com/sports/mbkb/2025-26/boxscores/20260211_stot.xml "HTTP/1.1 200 OK"
06:59:19 [INFO] HTTP Request: GET https://cccaa.prestosports.com/sports/mbkb/2025-26/boxscores/20260216_v34w.xml "HTTP/1.1 200 OK"
06:59:19 [INFO]   Loaded: 28 games, 662 player-game-stat rows
06:59:19 [INFO] 
[23/102] Diablo Valley
06:59:19 [INFO] Scraping team: Diablo Valley (diablovalley)
06:59:31 [INFO] HTTP Request: GET https://cccaa.prestosports.com/sports/mbkb/2025-26/teams/diablovalley?view=roster "HTTP/1.1 200 OK"
06:59:31 [INFO]   Roster: 0 players
06:59:43 [INFO] HTTP Request: GET https://cccaa.prestosports.com/sports/mbkb/2025-26/teams/diablovalley?view=gamelog "HTTP/1.1 200 OK"
06:59:43 [INFO]   Games: 28 with box scores
06:59:54 [INFO] HTTP Request: GET https://cccaa.prestosports.com/sports/mbkb/2025-26/boxscores/20251030_eu7v.xml "HTTP/1.1 200 OK"
07:00:05 [INFO] HTTP Request: GET https://cccaa.prestosports.com/sports/mbkb/2025-26/boxscores/20251112_ts0u.xml "HTTP/1.1 200 OK"
07:00:17 [INFO] HTTP Request: GET https://cccaa.prestosports.com/sports/mbkb/2025-26/boxscores/20251115_1yt4.xml "HTTP/1.1 200 OK"
07:00:28 [INFO] HTTP Request: GET https://cccaa.prestosports.com/sports/mbkb/2025-26/boxscores/20251116_65eu.xml "HTTP/1.1 200 OK"
07:00:39 [INFO] HTTP Request: GET https://cccaa.prestosports.com/sports/mbkb/2025-26/boxscores/20251118_92hk.xml "HTTP/1.1 200 OK"
07:00:50 [INFO] HTTP Request: GET https://cccaa.prestosports.com/sports/mbkb/2025-26/boxscores/20251121_6hrr.xml "HTTP/1.1 200 OK"
07:01:01 [INFO] HTTP Request: GET https://cccaa.prestosports.com/sports/mbkb/2025-26/boxscores/20251125_480f.xml "HTTP/1.1 200 OK"
07:01:13 [INFO] HTTP Request: GET https://cccaa.prestosports.com/sports/mbkb/2025-26/boxscores/20251129_n2e8.xml "HTTP/1.1 200 OK"
07:01:24 [INFO] HTTP Request: GET https://cccaa.prestosports.com/sports/mbkb/2025-26/boxscores/20251203_qmaa.xml "HTTP/1.1 200 OK"
07:01:35 [INFO] HTTP Request: GET https://cccaa.prestosports.com/sports/mbkb/2025-26/boxscores/20251206_lgsj.xml "HTTP/1.1 200 OK"
07:01:47 [INFO] HTTP Request: GET https://cccaa.prestosports.com/sports/mbkb/2025-26/boxscores/20251210_goqk.xml "HTTP/1.1 200 OK"
07:01:58 [INFO] HTTP Request: GET https://cccaa.prestosports.com/sports/mbkb/2025-26/boxscores/20251219_lene.xml "HTTP/1.1 200 OK"
07:02:09 [INFO] HTTP Request: GET https://cccaa.prestosports.com/sports/mbkb/2025-26/boxscores/20251223_3e43.xml "HTTP/1.1 200 OK"
07:02:21 [INFO] HTTP Request: GET https://cccaa.prestosports.com/sports/mbkb/2025-26/boxscores/20251230_2s2r.xml "HTTP/1.1 200 OK"
07:02:32 [INFO] HTTP Request: GET https://cccaa.prestosports.com/sports/mbkb/2025-26/boxscores/20260102_xmhh.xml "HTTP/1.1 200 OK"
07:02:43 [INFO] HTTP Request: GET https://cccaa.prestosports.com/sports/mbkb/2025-26/boxscores/20260108_uioh.xml "HTTP/1.1 200 OK"
07:02:54 [INFO] HTTP Request: GET https://cccaa.prestosports.com/sports/mbkb/2025-26/boxscores/20260110_o9u0.xml "HTTP/1.1 200 OK"
07:03:06 [INFO] HTTP Request: GET https://cccaa.prestosports.com/sports/mbkb/2025-26/boxscores/20260113_p12v.xml "HTTP/1.1 200 OK"
07:03:17 [INFO] HTTP Request: GET https://cccaa.prestosports.com/sports/mbkb/2025-26/boxscores/20260116_f63i.xml "HTTP/1.1 200 OK"
07:03:28 [INFO] HTTP Request: GET https://cccaa.prestosports.com/sports/mbkb/2025-26/boxscores/20260120_z5h6.xml "HTTP/1.1 200 OK"
07:03:40 [INFO] HTTP Request: GET https://cccaa.prestosports.com/sports/mbkb/2025-26/boxscores/20260123_6fis.xml "HTTP/1.1 200 OK"
07:03:51 [INFO] HTTP Request: GET https://cccaa.prestosports.com/sports/mbkb/2025-26/boxscores/20260127_2xvt.xml "HTTP/1.1 200 OK"
07:04:02 [INFO] HTTP Request: GET https://cccaa.prestosports.com/sports/mbkb/2025-26/boxscores/20260130_yykw.xml "HTTP/1.1 200 OK"
07:04:14 [INFO] HTTP Request: GET https://cccaa.prestosports.com/sports/mbkb/2025-26/boxscores/20260206_cdyy.xml "HTTP/1.1 200 OK"
07:04:25 [INFO] HTTP Request: GET https://cccaa.prestosports.com/sports/mbkb/2025-26/boxscores/20260210_6mtv.xml "HTTP/1.1 200 OK"
07:04:36 [INFO] HTTP Request: GET https://cccaa.prestosports.com/sports/mbkb/2025-26/boxscores/20260212_1qpc.xml "HTTP/1.1 200 OK"
07:04:47 [INFO] HTTP Request: GET https://cccaa.prestosports.com/sports/mbkb/2025-26/boxscores/20260217_042b.xml "HTTP/1.1 200 OK"
07:04:58 [INFO] HTTP Request: GET https://cccaa.prestosports.com/sports/mbkb/2025-26/boxscores/20260220_re51.xml "HTTP/1.1 200 OK"
07:04:59 [INFO]   Loaded: 28 games, 617 player-game-stat rows
07:04:59 [INFO] 
[24/102] Sequoias
07:04:59 [INFO] Scraping team: Sequoias (sequoias)
07:05:10 [INFO] HTTP Request: GET https://cccaa.prestosports.com/sports/mbkb/2025-26/teams/sequoias?view=roster "HTTP/1.1 200 OK"
07:05:11 [INFO]   Roster: 0 players
07:05:22 [INFO] HTTP Request: GET https://cccaa.prestosports.com/sports/mbkb/2025-26/teams/sequoias?view=gamelog "HTTP/1.1 200 OK"
07:05:22 [INFO]   Games: 28 with box scores
07:05:34 [INFO] HTTP Request: GET https://cccaa.prestosports.com/sports/mbkb/2025-26/boxscores/20251101_bgh5.xml "HTTP/1.1 200 OK"
07:05:45 [INFO] HTTP Request: GET https://cccaa.prestosports.com/sports/mbkb/2025-26/boxscores/20251107_4toe.xml "HTTP/1.1 200 OK"
07:05:56 [INFO] HTTP Request: GET https://cccaa.prestosports.com/sports/mbkb/2025-26/boxscores/20251108_djw7.xml "HTTP/1.1 200 OK"
07:06:08 [INFO] HTTP Request: GET https://cccaa.prestosports.com/sports/mbkb/2025-26/boxscores/20251115_jwts.xml "HTTP/1.1 200 OK"
07:06:19 [INFO] HTTP Request: GET https://cccaa.prestosports.com/sports/mbkb/2025-26/boxscores/20251121_1a5c.xml "HTTP/1.1 200 OK"
07:06:30 [INFO] HTTP Request: GET https://cccaa.prestosports.com/sports/mbkb/2025-26/boxscores/20251122_p137.xml "HTTP/1.1 200 OK"
07:06:42 [INFO] HTTP Request: GET https://cccaa.prestosports.com/sports/mbkb/2025-26/boxscores/20251129_0c2t.xml "HTTP/1.1 200 OK"
07:06:53 [INFO] HTTP Request: GET https://cccaa.prestosports.com/sports/mbkb/2025-26/boxscores/20251130_evpm.xml "HTTP/1.1 200 OK"
07:07:04 [INFO] HTTP Request: GET https://cccaa.prestosports.com/sports/mbkb/2025-26/boxscores/20251212_4b3y.xml "HTTP/1.1 200 OK"
07:07:15 [INFO] HTTP Request: GET https://cccaa.prestosports.com/sports/mbkb/2025-26/boxscores/20251213_6ryv.xml "HTTP/1.1 200 OK"
07:07:27 [INFO] HTTP Request: GET https://cccaa.prestosports.com/sports/mbkb/2025-26/boxscores/20251219_711r.xml "HTTP/1.1 200 OK"
07:07:38 [INFO] HTTP Request: GET https://cccaa.prestosports.com/sports/mbkb/2025-26/boxscores/20251220_fzxe.xml "HTTP/1.1 200 OK"
07:07:49 [INFO] HTTP Request: GET https://cccaa.prestosports.com/sports/mbkb/2025-26/boxscores/20251230_sz8a.xml "HTTP/1.1 200 OK"
07:08:00 [INFO] HTTP Request: GET https://cccaa.prestosports.com/sports/mbkb/2025-26/boxscores/20260102_2k9q.xml "HTTP/1.1 200 OK"
07:08:12 [INFO] HTTP Request: GET https://cccaa.prestosports.com/sports/mbkb/2025-26/boxscores/20260107_13zk.xml "HTTP/1.1 200 OK"
07:08:22 [INFO] HTTP Request: GET https://cccaa.prestosports.com/sports/mbkb/2025-26/boxscores/20260110_oh92.xml "HTTP/1.1 200 OK"
07:08:34 [INFO] HTTP Request: GET https://cccaa.prestosports.com/sports/mbkb/2025-26/boxscores/20260114_u5b9.xml "HTTP/1.1 200 OK"
07:08:45 [INFO] HTTP Request: GET https://cccaa.prestosports.com/sports/mbkb/2025-26/boxscores/20260117_myd1.xml "HTTP/1.1 200 OK"
07:08:56 [INFO] HTTP Request: GET https://cccaa.prestosports.com/sports/mbkb/2025-26/boxscores/20260121_llam.xml "HTTP/1.1 200 OK"
07:09:08 [INFO] HTTP Request: GET https://cccaa.prestosports.com/sports/mbkb/2025-26/boxscores/20260124_n6v4.xml "HTTP/1.1 200 OK"
07:09:19 [INFO] HTTP Request: GET https://cccaa.prestosports.com/sports/mbkb/2025-26/boxscores/20260128_xxdw.xml "HTTP/1.1 200 OK"
07:09:30 [INFO] HTTP Request: GET https://cccaa.prestosports.com/sports/mbkb/2025-26/boxscores/20260131_7ka0.xml "HTTP/1.1 200 OK"
07:09:42 [INFO] HTTP Request: GET https://cccaa.prestosports.com/sports/mbkb/2025-26/boxscores/20260204_0c73.xml "HTTP/1.1 200 OK"
07:09:53 [INFO] HTTP Request: GET https://cccaa.prestosports.com/sports/mbkb/2025-26/boxscores/20260207_1l66.xml "HTTP/1.1 200 OK"
07:10:04 [INFO] HTTP Request: GET https://cccaa.prestosports.com/sports/mbkb/2025-26/boxscores/20260211_7olx.xml "HTTP/1.1 200 OK"
07:10:16 [INFO] HTTP Request: GET https://cccaa.prestosports.com/sports/mbkb/2025-26/boxscores/20260214_9jaw.xml "HTTP/1.1 200 OK"
07:10:27 [INFO] HTTP Request: GET https://cccaa.prestosports.com/sports/mbkb/2025-26/boxscores/20260217_2kpn.xml "HTTP/1.1 200 OK"
07:10:38 [INFO] HTTP Request: GET https://cccaa.prestosports.com/sports/mbkb/2025-26/boxscores/20260220_pxnz.xml "HTTP/1.1 200 OK"
07:10:38 [INFO]   Loaded: 28 games, 562 player-game-stat rows
07:10:38 [INFO] 
[25/102] Santa Ana
07:10:38 [INFO] Scraping team: Santa Ana (santaana)
07:10:52 [INFO] HTTP Request: GET https://cccaa.prestosports.com/sports/mbkb/2025-26/teams/santaana?view=roster "HTTP/1.1 200 OK"
07:10:52 [INFO]   Roster: 0 players
07:11:04 [INFO] HTTP Request: GET https://cccaa.prestosports.com/sports/mbkb/2025-26/teams/santaana?view=gamelog "HTTP/1.1 200 OK"
07:11:04 [INFO]   Games: 28 with box scores
07:11:15 [INFO] HTTP Request: GET https://cccaa.prestosports.com/sports/mbkb/2025-26/boxscores/20251030_mzeu.xml "HTTP/1.1 200 OK"
07:11:26 [INFO] HTTP Request: GET https://cccaa.prestosports.com/sports/mbkb/2025-26/boxscores/20251101_8rxt.xml "HTTP/1.1 200 OK"
07:11:38 [INFO] HTTP Request: GET https://cccaa.prestosports.com/sports/mbkb/2025-26/boxscores/20251103_8ozt.xml "HTTP/1.1 200 OK"
07:11:49 [INFO] HTTP Request: GET https://cccaa.prestosports.com/sports/mbkb/2025-26/boxscores/20251105_yf55.xml "HTTP/1.1 200 OK"
07:12:01 [INFO] HTTP Request: GET https://cccaa.prestosports.com/sports/mbkb/2025-26/boxscores/20251107_hu9i.xml "HTTP/1.1 200 OK"
07:12:12 [INFO] HTTP Request: GET https://cccaa.prestosports.com/sports/mbkb/2025-26/boxscores/20251108_a3ao.xml "HTTP/1.1 200 OK"
