09:07:50 [INFO] Batch: 15 teams, level=cccaa, assoc=cccaa
09:07:50 [INFO] 
[1/15] Moorpark
09:07:50 [INFO] Scraping team: Moorpark (moorpark)
09:07:52 [INFO] HTTP Request: GET https://cccaa.prestosports.com/sports/mbkb/2025-26/teams/moorpark?view=roster "HTTP/1.1 200 OK"
09:07:53 [INFO]   Roster: 0 players
09:08:04 [INFO] HTTP Request: GET https://cccaa.prestosports.com/sports/mbkb/2025-26/teams/moorpark?view=gamelog "HTTP/1.1 200 OK"
09:08:05 [INFO]   Games: 29 with box scores
09:08:16 [INFO] HTTP Request: GET https://cccaa.prestosports.com/sports/mbkb/2025-26/boxscores/20251101_grdh.xml "HTTP/1.1 200 OK"
09:08:27 [INFO] HTTP Request: GET https://cccaa.prestosports.com/sports/mbkb/2025-26/boxscores/20251102_9a4t.xml "HTTP/1.1 200 OK"
09:08:38 [INFO] HTTP Request: GET https://cccaa.prestosports.com/sports/mbkb/2025-26/boxscores/20251110_5du4.xml "HTTP/1.1 200 OK"
09:08:49 [INFO] HTTP Request: GET https://cccaa.prestosports.com/sports/mbkb/2025-26/boxscores/20251114_rhj0.xml "HTTP/1.1 200 OK"
09:09:01 [INFO] HTTP Request: GET https://cccaa.prestosports.com/sports/mbkb/2025-26/boxscores/20251115_ysax.xml "HTTP/1.1 200 OK"
09:09:12 [INFO] HTTP Request: GET https://cccaa.prestosports.com/sports/mbkb/2025-26/boxscores/20251116_d86y.xml "HTTP/1.1 200 OK"
09:09:24 [INFO] HTTP Request: GET https://cccaa.prestosports.com/sports/mbkb/2025-26/boxscores/20251119_7mgi.xml "HTTP/1.1 200 OK"
09:09:35 [INFO] HTTP Request: GET https://cccaa.prestosports.com/sports/mbkb/2025-26/boxscores/20251125_xwom.xml "HTTP/1.1 200 OK"
09:09:47 [INFO] HTTP Request: GET https://cccaa.prestosports.com/sports/mbkb/2025-26/boxscores/20251205_5jie.xml "HTTP/1.1 200 OK"
09:09:58 [INFO] HTTP Request: GET https://cccaa.prestosports.com/sports/mbkb/2025-26/boxscores/20251206_zzx4.xml "HTTP/1.1 200 OK"
09:10:10 [INFO] HTTP Request: GET https://cccaa.prestosports.com/sports/mbkb/2025-26/boxscores/20251207_7x79.xml "HTTP/1.1 200 OK"
09:10:21 [INFO] HTTP Request: GET https://cccaa.prestosports.com/sports/mbkb/2025-26/boxscores/20251221_g1k3.xml "HTTP/1.1 200 OK"
09:10:32 [INFO] HTTP Request: GET https://cccaa.prestosports.com/sports/mbkb/2025-26/boxscores/20251222_pn7z.xml "HTTP/1.1 200 OK"
09:10:44 [INFO] HTTP Request: GET https://cccaa.prestosports.com/sports/mbkb/2025-26/boxscores/20251230_8jpf.xml "HTTP/1.1 200 OK"
09:10:55 [INFO] HTTP Request: GET https://cccaa.prestosports.com/sports/mbkb/2025-26/boxscores/20260102_ybqs.xml "HTTP/1.1 200 OK"
09:11:06 [INFO] HTTP Request: GET https://cccaa.prestosports.com/sports/mbkb/2025-26/boxscores/20260103_wubf.xml "HTTP/1.1 200 OK"
09:11:18 [INFO] HTTP Request: GET https://cccaa.prestosports.com/sports/mbkb/2025-26/boxscores/20260107_7ihd.xml "HTTP/1.1 200 OK"
09:11:30 [INFO] HTTP Request: GET https://cccaa.prestosports.com/sports/mbkb/2025-26/boxscores/20260110_kjzf.xml "HTTP/1.1 200 OK"
09:11:41 [INFO] HTTP Request: GET https://cccaa.prestosports.com/sports/mbkb/2025-26/boxscores/20260114_i6st.xml "HTTP/1.1 200 OK"
09:11:52 [INFO] HTTP Request: GET https://cccaa.prestosports.com/sports/mbkb/2025-26/boxscores/20260117_i358.xml "HTTP/1.1 200 OK"
09:12:03 [INFO] HTTP Request: GET https://cccaa.prestosports.com/sports/mbkb/2025-26/boxscores/20260124_12ii.xml "HTTP/1.1 200 OK"
09:12:15 [INFO] HTTP Request: GET https://cccaa.prestosports.com/sports/mbkb/2025-26/boxscores/20260128_uqhy.xml "HTTP/1.1 200 OK"
09:12:26 [INFO] HTTP Request: GET https://cccaa.prestosports.com/sports/mbkb/2025-26/boxscores/20260131_1h6k.xml "HTTP/1.1 200 OK"
09:12:38 [INFO] HTTP Request: GET https://cccaa.prestosports.com/sports/mbkb/2025-26/boxscores/20260204_7iv0.xml "HTTP/1.1 200 OK"
09:12:49 [INFO] HTTP Request: GET https://cccaa.prestosports.com/sports/mbkb/2025-26/boxscores/20260207_fets.xml "HTTP/1.1 200 OK"
09:13:00 [INFO] HTTP Request: GET https://cccaa.prestosports.com/sports/mbkb/2025-26/boxscores/20260211_g3z8.xml "HTTP/1.1 200 OK"
09:13:12 [INFO] HTTP Request: GET https://cccaa.prestosports.com/sports/mbkb/2025-26/boxscores/20260218_9xa6.xml "HTTP/1.1 200 OK"
09:13:23 [INFO] HTTP Request: GET https://cccaa.prestosports.com/sports/mbkb/2025-26/boxscores/20260220_w8ky.xml "HTTP/1.1 200 OK"
09:13:35 [INFO] HTTP Request: GET https://cccaa.prestosports.com/sports/mbkb/2025-26/boxscores/20260225_mgos.xml "HTTP/1.1 200 OK"
09:13:35 [INFO]   Loaded: 29 games, 795 player-game-stat rows
09:13:35 [INFO] 
[2/15] Allan Hancock
09:13:35 [INFO] Scraping team: Allan Hancock (allanhancock)
09:13:47 [INFO] HTTP Request: GET https://cccaa.prestosports.com/sports/mbkb/2025-26/teams/allanhancock?view=roster "HTTP/1.1 200 OK"
09:13:47 [INFO]   Roster: 0 players
09:13:59 [INFO] HTTP Request: GET https://cccaa.prestosports.com/sports/mbkb/2025-26/teams/allanhancock?view=gamelog "HTTP/1.1 200 OK"
09:13:59 [INFO]   Games: 28 with box scores
09:14:10 [INFO] HTTP Request: GET https://cccaa.prestosports.com/sports/mbkb/2025-26/boxscores/20251104_5n13.xml "HTTP/1.1 200 OK"
09:14:21 [INFO] HTTP Request: GET https://cccaa.prestosports.com/sports/mbkb/2025-26/boxscores/20251107_4toe.xml "HTTP/1.1 200 OK"
09:14:33 [INFO] HTTP Request: GET https://cccaa.prestosports.com/sports/mbkb/2025-26/boxscores/20251108_kqn5.xml "HTTP/1.1 200 OK"
09:14:44 [INFO] HTTP Request: GET https://cccaa.prestosports.com/sports/mbkb/2025-26/boxscores/20251114_bu6b.xml "HTTP/1.1 200 OK"
09:14:55 [INFO] HTTP Request: GET https://cccaa.prestosports.com/sports/mbkb/2025-26/boxscores/20251121_sdbx.xml "HTTP/1.1 200 OK"
09:15:07 [INFO] HTTP Request: GET https://cccaa.prestosports.com/sports/mbkb/2025-26/boxscores/20251122_dof8.xml "HTTP/1.1 200 OK"
09:15:18 [INFO] HTTP Request: GET https://cccaa.prestosports.com/sports/mbkb/2025-26/boxscores/20251123_1q45.xml "HTTP/1.1 200 OK"
09:15:30 [INFO] HTTP Request: GET https://cccaa.prestosports.com/sports/mbkb/2025-26/boxscores/20251126_6pty.xml "HTTP/1.1 200 OK"
09:15:41 [INFO] HTTP Request: GET https://cccaa.prestosports.com/sports/mbkb/2025-26/boxscores/20251204_7gfp.xml "HTTP/1.1 200 OK"
09:15:52 [INFO] HTTP Request: GET https://cccaa.prestosports.com/sports/mbkb/2025-26/boxscores/20251206_n9wm.xml "HTTP/1.1 200 OK"
09:16:04 [INFO] HTTP Request: GET https://cccaa.prestosports.com/sports/mbkb/2025-26/boxscores/20251211_bopo.xml "HTTP/1.1 200 OK"
09:16:15 [INFO] HTTP Request: GET https://cccaa.prestosports.com/sports/mbkb/2025-26/boxscores/20251212_qmd6.xml "HTTP/1.1 200 OK"
09:16:26 [INFO] HTTP Request: GET https://cccaa.prestosports.com/sports/mbkb/2025-26/boxscores/20251213_9aj1.xml "HTTP/1.1 200 OK"
09:16:38 [INFO] HTTP Request: GET https://cccaa.prestosports.com/sports/mbkb/2025-26/boxscores/20251230_9bwr.xml "HTTP/1.1 200 OK"
09:16:49 [INFO] HTTP Request: GET https://cccaa.prestosports.com/sports/mbkb/2025-26/boxscores/20260103_4qqv.xml "HTTP/1.1 200 OK"
09:17:00 [INFO] HTTP Request: GET https://cccaa.prestosports.com/sports/mbkb/2025-26/boxscores/20260107_0ndi.xml "HTTP/1.1 200 OK"
09:17:12 [INFO] HTTP Request: GET https://cccaa.prestosports.com/sports/mbkb/2025-26/boxscores/20260110_490r.xml "HTTP/1.1 200 OK"
09:17:23 [INFO] HTTP Request: GET https://cccaa.prestosports.com/sports/mbkb/2025-26/boxscores/20260114_82iu.xml "HTTP/1.1 200 OK"
09:17:35 [INFO] HTTP Request: GET https://cccaa.prestosports.com/sports/mbkb/2025-26/boxscores/20260117_i358.xml "HTTP/1.1 200 OK"
09:17:46 [INFO] HTTP Request: GET https://cccaa.prestosports.com/sports/mbkb/2025-26/boxscores/20260121_s1i3.xml "HTTP/1.1 200 OK"
09:17:58 [INFO] HTTP Request: GET https://cccaa.prestosports.com/sports/mbkb/2025-26/boxscores/20260124_6nlj.xml "HTTP/1.1 200 OK"
09:18:09 [INFO] HTTP Request: GET https://cccaa.prestosports.com/sports/mbkb/2025-26/boxscores/20260131_lzde.xml "HTTP/1.1 200 OK"
09:18:20 [INFO] HTTP Request: GET https://cccaa.prestosports.com/sports/mbkb/2025-26/boxscores/20260204_sgwv.xml "HTTP/1.1 200 OK"
09:18:32 [INFO] HTTP Request: GET https://cccaa.prestosports.com/sports/mbkb/2025-26/boxscores/20260207_6bhp.xml "HTTP/1.1 200 OK"
09:18:44 [INFO] HTTP Request: GET https://cccaa.prestosports.com/sports/mbkb/2025-26/boxscores/20260211_g3z8.xml "HTTP/1.1 200 OK"
09:18:55 [INFO] HTTP Request: GET https://cccaa.prestosports.com/sports/mbkb/2025-26/boxscores/20260214_5w57.xml "HTTP/1.1 200 OK"
09:19:06 [INFO] HTTP Request: GET https://cccaa.prestosports.com/sports/mbkb/2025-26/boxscores/20260218_l4dd.xml "HTTP/1.1 200 OK"
09:19:18 [INFO] HTTP Request: GET https://cccaa.prestosports.com/sports/mbkb/2025-26/boxscores/20260225_isg5.xml "HTTP/1.1 200 OK"
09:19:18 [INFO]   Loaded: 28 games, 653 player-game-stat rows
09:19:18 [INFO] 
[3/15] Cuesta
09:19:18 [INFO] Scraping team: Cuesta (cuesta)
09:19:30 [INFO] HTTP Request: GET https://cccaa.prestosports.com/sports/mbkb/2025-26/teams/cuesta?view=roster "HTTP/1.1 200 OK"
09:19:30 [INFO]   Roster: 0 players
09:19:42 [INFO] HTTP Request: GET https://cccaa.prestosports.com/sports/mbkb/2025-26/teams/cuesta?view=gamelog "HTTP/1.1 200 OK"
09:19:42 [INFO]   Games: 27 with box scores
09:19:53 [INFO] HTTP Request: GET https://cccaa.prestosports.com/sports/mbkb/2025-26/boxscores/20251104_xl3t.xml "HTTP/1.1 200 OK"
09:20:04 [INFO] HTTP Request: GET https://cccaa.prestosports.com/sports/mbkb/2025-26/boxscores/20251107_yohp.xml "HTTP/1.1 200 OK"
09:20:16 [INFO] HTTP Request: GET https://cccaa.prestosports.com/sports/mbkb/2025-26/boxscores/20251108_djw7.xml "HTTP/1.1 200 OK"
09:20:27 [INFO] HTTP Request: GET https://cccaa.prestosports.com/sports/mbkb/2025-26/boxscores/20251112_u1bs.xml "HTTP/1.1 200 OK"
09:20:38 [INFO] HTTP Request: GET https://cccaa.prestosports.com/sports/mbkb/2025-26/boxscores/20251113_lutz.xml "HTTP/1.1 200 OK"
09:20:49 [INFO] HTTP Request: GET https://cccaa.prestosports.com/sports/mbkb/2025-26/boxscores/20251114_doc3.xml "HTTP/1.1 200 OK"
09:21:00 [INFO] HTTP Request: GET https://cccaa.prestosports.com/sports/mbkb/2025-26/boxscores/20251203_abnc.xml "HTTP/1.1 200 OK"
09:21:12 [INFO] HTTP Request: GET https://cccaa.prestosports.com/sports/mbkb/2025-26/boxscores/20251206_3xg0.xml "HTTP/1.1 200 OK"
09:21:23 [INFO] HTTP Request: GET https://cccaa.prestosports.com/sports/mbkb/2025-26/boxscores/20251211_8uio.xml "HTTP/1.1 200 OK"
09:21:35 [INFO] HTTP Request: GET https://cccaa.prestosports.com/sports/mbkb/2025-26/boxscores/20251212_bj5s.xml "HTTP/1.1 200 OK"
09:21:46 [INFO] HTTP Request: GET https://cccaa.prestosports.com/sports/mbkb/2025-26/boxscores/20251213_m7o4.xml "HTTP/1.1 200 OK"
09:21:57 [INFO] HTTP Request: GET https://cccaa.prestosports.com/sports/mbkb/2025-26/boxscores/20251219_xc2l.xml "HTTP/1.1 200 OK"
09:22:09 [INFO] HTTP Request: GET https://cccaa.prestosports.com/sports/mbkb/2025-26/boxscores/20251220_mcuy.xml "HTTP/1.1 200 OK"
09:22:20 [INFO] HTTP Request: GET https://cccaa.prestosports.com/sports/mbkb/2025-26/boxscores/20251229_y5nq.xml "HTTP/1.1 200 OK"
09:22:31 [INFO] HTTP Request: GET https://cccaa.prestosports.com/sports/mbkb/2025-26/boxscores/20260103_dd53.xml "HTTP/1.1 200 OK"
09:22:42 [INFO] HTTP Request: GET https://cccaa.prestosports.com/sports/mbkb/2025-26/boxscores/20260110_490r.xml "HTTP/1.1 200 OK"
09:22:54 [INFO] HTTP Request: GET https://cccaa.prestosports.com/sports/mbkb/2025-26/boxscores/20260114_i6st.xml "HTTP/1.1 200 OK"
09:23:05 [INFO] HTTP Request: GET https://cccaa.prestosports.com/sports/mbkb/2025-26/boxscores/20260117_jfpm.xml "HTTP/1.1 200 OK"
09:23:16 [INFO] HTTP Request: GET https://cccaa.prestosports.com/sports/mbkb/2025-26/boxscores/20260121_idgl.xml "HTTP/1.1 200 OK"
09:23:28 [INFO] HTTP Request: GET https://cccaa.prestosports.com/sports/mbkb/2025-26/boxscores/20260124_39o5.xml "HTTP/1.1 200 OK"
09:23:39 [INFO] HTTP Request: GET https://cccaa.prestosports.com/sports/mbkb/2025-26/boxscores/20260128_6kpj.xml "HTTP/1.1 200 OK"
09:23:50 [INFO] HTTP Request: GET https://cccaa.prestosports.com/sports/mbkb/2025-26/boxscores/20260204_sgwv.xml "HTTP/1.1 200 OK"
09:24:01 [INFO] HTTP Request: GET https://cccaa.prestosports.com/sports/mbkb/2025-26/boxscores/20260207_fets.xml "HTTP/1.1 200 OK"
09:24:13 [INFO] HTTP Request: GET https://cccaa.prestosports.com/sports/mbkb/2025-26/boxscores/20260211_fc1g.xml "HTTP/1.1 200 OK"
09:24:24 [INFO] HTTP Request: GET https://cccaa.prestosports.com/sports/mbkb/2025-26/boxscores/20260214_quqz.xml "HTTP/1.1 200 OK"
09:24:35 [INFO] HTTP Request: GET https://cccaa.prestosports.com/sports/mbkb/2025-26/boxscores/20260218_vd0o.xml "HTTP/1.1 200 OK"
09:24:46 [INFO] HTTP Request: GET https://cccaa.prestosports.com/sports/mbkb/2025-26/boxscores/20260220_brom.xml "HTTP/1.1 200 OK"
09:24:47 [INFO]   Loaded: 27 games, 603 player-game-stat rows
09:24:47 [INFO] 
[4/15] Oxnard
09:24:47 [INFO] Scraping team: Oxnard (oxnard)
09:24:59 [INFO] HTTP Request: GET https://cccaa.prestosports.com/sports/mbkb/2025-26/teams/oxnard?view=roster "HTTP/1.1 200 OK"
09:24:59 [INFO]   Roster: 0 players
09:25:11 [INFO] HTTP Request: GET https://cccaa.prestosports.com/sports/mbkb/2025-26/teams/oxnard?view=gamelog "HTTP/1.1 200 OK"
09:25:12 [INFO]   Games: 27 with box scores
09:25:23 [INFO] HTTP Request: GET https://cccaa.prestosports.com/sports/mbkb/2025-26/boxscores/20251031_e79v.xml "HTTP/1.1 200 OK"
09:25:34 [INFO] HTTP Request: GET https://cccaa.prestosports.com/sports/mbkb/2025-26/boxscores/20251101_ucl1.xml "HTTP/1.1 200 OK"
09:25:45 [INFO] HTTP Request: GET https://cccaa.prestosports.com/sports/mbkb/2025-26/boxscores/20251106_cwty.xml "HTTP/1.1 200 OK"
09:25:57 [INFO] HTTP Request: GET https://cccaa.prestosports.com/sports/mbkb/2025-26/boxscores/20251107_1zdb.xml "HTTP/1.1 200 OK"
09:26:08 [INFO] HTTP Request: GET https://cccaa.prestosports.com/sports/mbkb/2025-26/boxscores/20251118_tcug.xml "HTTP/1.1 200 OK"
09:26:20 [INFO] HTTP Request: GET https://cccaa.prestosports.com/sports/mbkb/2025-26/boxscores/20251125_1it4.xml "HTTP/1.1 200 OK"
09:26:31 [INFO] HTTP Request: GET https://cccaa.prestosports.com/sports/mbkb/2025-26/boxscores/20251128_7qdm.xml "HTTP/1.1 200 OK"
09:26:43 [INFO] HTTP Request: GET https://cccaa.prestosports.com/sports/mbkb/2025-26/boxscores/20251129_h30w.xml "HTTP/1.1 200 OK"
09:26:54 [INFO] HTTP Request: GET https://cccaa.prestosports.com/sports/mbkb/2025-26/boxscores/20251204_avmi.xml "HTTP/1.1 200 OK"
09:27:05 [INFO] HTTP Request: GET https://cccaa.prestosports.com/sports/mbkb/2025-26/boxscores/20251206_vpx6.xml "HTTP/1.1 200 OK"
09:27:16 [INFO] HTTP Request: GET https://cccaa.prestosports.com/sports/mbkb/2025-26/boxscores/20251209_zcjz.xml "HTTP/1.1 200 OK"
09:27:28 [INFO] HTTP Request: GET https://cccaa.prestosports.com/sports/mbkb/2025-26/boxscores/20251211_o81k.xml "HTTP/1.1 200 OK"
09:27:39 [INFO] HTTP Request: GET https://cccaa.prestosports.com/sports/mbkb/2025-26/boxscores/20251212_stw2.xml "HTTP/1.1 200 OK"
09:27:50 [INFO] HTTP Request: GET https://cccaa.prestosports.com/sports/mbkb/2025-26/boxscores/20251213_m7o4.xml "HTTP/1.1 200 OK"
09:28:02 [INFO] HTTP Request: GET https://cccaa.prestosports.com/sports/mbkb/2025-26/boxscores/20251220_fh5b.xml "HTTP/1.1 200 OK"
09:28:14 [INFO] HTTP Request: GET https://cccaa.prestosports.com/sports/mbkb/2025-26/boxscores/20260107_0ndi.xml "HTTP/1.1 200 OK"
09:28:25 [INFO] HTTP Request: GET https://cccaa.prestosports.com/sports/mbkb/2025-26/boxscores/20260110_djpe.xml "HTTP/1.1 200 OK"
09:28:37 [INFO] HTTP Request: GET https://cccaa.prestosports.com/sports/mbkb/2025-26/boxscores/20260117_jfpm.xml "HTTP/1.1 200 OK"
09:28:48 [INFO] HTTP Request: GET https://cccaa.prestosports.com/sports/mbkb/2025-26/boxscores/20260121_oac7.xml "HTTP/1.1 200 OK"
09:28:59 [INFO] HTTP Request: GET https://cccaa.prestosports.com/sports/mbkb/2025-26/boxscores/20260124_12ii.xml "HTTP/1.1 200 OK"
09:29:11 [INFO] HTTP Request: GET https://cccaa.prestosports.com/sports/mbkb/2025-26/boxscores/20260128_xcy3.xml "HTTP/1.1 200 OK"
09:29:22 [INFO] HTTP Request: GET https://cccaa.prestosports.com/sports/mbkb/2025-26/boxscores/20260131_lzde.xml "HTTP/1.1 200 OK"
09:29:33 [INFO] HTTP Request: GET https://cccaa.prestosports.com/sports/mbkb/2025-26/boxscores/20260204_0a0u.xml "HTTP/1.1 200 OK"
09:29:44 [INFO] HTTP Request: GET https://cccaa.prestosports.com/sports/mbkb/2025-26/boxscores/20260211_fc1g.xml "HTTP/1.1 200 OK"
09:29:55 [INFO] HTTP Request: GET https://cccaa.prestosports.com/sports/mbkb/2025-26/boxscores/20260214_17f6.xml "HTTP/1.1 200 OK"
09:30:07 [INFO] HTTP Request: GET https://cccaa.prestosports.com/sports/mbkb/2025-26/boxscores/20260218_9xa6.xml "HTTP/1.1 200 OK"
09:30:18 [INFO] HTTP Request: GET https://cccaa.prestosports.com/sports/mbkb/2025-26/boxscores/20260220_l7pe.xml "HTTP/1.1 200 OK"
09:30:19 [INFO]   Loaded: 27 games, 615 player-game-stat rows
09:30:19 [INFO] 
[5/15] LA Pierce
09:30:19 [INFO] Scraping team: LA Pierce (lapierce)
09:30:31 [INFO] HTTP Request: GET https://cccaa.prestosports.com/sports/mbkb/2025-26/teams/lapierce?view=roster "HTTP/1.1 200 OK"
09:30:31 [INFO]   Roster: 0 players
09:30:43 [INFO] HTTP Request: GET https://cccaa.prestosports.com/sports/mbkb/2025-26/teams/lapierce?view=gamelog "HTTP/1.1 200 OK"
09:30:43 [INFO]   Games: 28 with box scores
09:30:54 [INFO] HTTP Request: GET https://cccaa.prestosports.com/sports/mbkb/2025-26/boxscores/20251108_m5yq.xml "HTTP/1.1 200 OK"
09:31:05 [INFO] HTTP Request: GET https://cccaa.prestosports.com/sports/mbkb/2025-26/boxscores/20251112_zeid.xml "HTTP/1.1 200 OK"
09:31:16 [INFO] HTTP Request: GET https://cccaa.prestosports.com/sports/mbkb/2025-26/boxscores/20251114_v5uy.xml "HTTP/1.1 200 OK"
09:31:28 [INFO] HTTP Request: GET https://cccaa.prestosports.com/sports/mbkb/2025-26/boxscores/20251115_hsph.xml "HTTP/1.1 200 OK"
09:31:39 [INFO] HTTP Request: GET https://cccaa.prestosports.com/sports/mbkb/2025-26/boxscores/20251119_sefu.xml "HTTP/1.1 200 OK"
09:31:51 [INFO] HTTP Request: GET https://cccaa.prestosports.com/sports/mbkb/2025-26/boxscores/20251203_yq22.xml "HTTP/1.1 200 OK"
09:32:02 [INFO] HTTP Request: GET https://cccaa.prestosports.com/sports/mbkb/2025-26/boxscores/20251205_1vuk.xml "HTTP/1.1 200 OK"
09:32:13 [INFO] HTTP Request: GET https://cccaa.prestosports.com/sports/mbkb/2025-26/boxscores/20251206_ios3.xml "HTTP/1.1 200 OK"
09:32:25 [INFO] HTTP Request: GET https://cccaa.prestosports.com/sports/mbkb/2025-26/boxscores/20251207_06hm.xml "HTTP/1.1 200 OK"
09:32:36 [INFO] HTTP Request: GET https://cccaa.prestosports.com/sports/mbkb/2025-26/boxscores/20251210_1o5j.xml "HTTP/1.1 200 OK"
09:32:48 [INFO] HTTP Request: GET https://cccaa.prestosports.com/sports/mbkb/2025-26/boxscores/20251212_f0y8.xml "HTTP/1.1 200 OK"
09:33:00 [INFO] HTTP Request: GET https://cccaa.prestosports.com/sports/mbkb/2025-26/boxscores/20251217_4ymj.xml "HTTP/1.1 200 OK"
09:33:11 [INFO] HTTP Request: GET https://cccaa.prestosports.com/sports/mbkb/2025-26/boxscores/20251219_6thj.xml "HTTP/1.1 200 OK"
09:33:23 [INFO] HTTP Request: GET https://cccaa.prestosports.com/sports/mbkb/2025-26/boxscores/20251220_jw4y.xml "HTTP/1.1 200 OK"
09:33:34 [INFO] HTTP Request: GET https://cccaa.prestosports.com/sports/mbkb/2025-26/boxscores/20251230_aykx.xml "HTTP/1.1 200 OK"
09:33:45 [INFO] HTTP Request: GET https://cccaa.prestosports.com/sports/mbkb/2025-26/boxscores/20260103_cahq.xml "HTTP/1.1 200 OK"
09:33:57 [INFO] HTTP Request: GET https://cccaa.prestosports.com/sports/mbkb/2025-26/boxscores/20260107_3gaw.xml "HTTP/1.1 200 OK"
09:34:08 [INFO] HTTP Request: GET https://cccaa.prestosports.com/sports/mbkb/2025-26/boxscores/20260114_82iu.xml "HTTP/1.1 200 OK"
09:34:20 [INFO] HTTP Request: GET https://cccaa.prestosports.com/sports/mbkb/2025-26/boxscores/20260117_99kg.xml "HTTP/1.1 200 OK"
09:34:32 [INFO] HTTP Request: GET https://cccaa.prestosports.com/sports/mbkb/2025-26/boxscores/20260121_oac7.xml "HTTP/1.1 200 OK"
09:34:43 [INFO] HTTP Request: GET https://cccaa.prestosports.com/sports/mbkb/2025-26/boxscores/20260124_39o5.xml "HTTP/1.1 200 OK"
09:34:54 [INFO] HTTP Request: GET https://cccaa.prestosports.com/sports/mbkb/2025-26/boxscores/20260128_uqhy.xml "HTTP/1.1 200 OK"
09:35:06 [INFO] HTTP Request: GET https://cccaa.prestosports.com/sports/mbkb/2025-26/boxscores/20260131_m34m.xml "HTTP/1.1 200 OK"
09:35:17 [INFO] HTTP Request: GET https://cccaa.prestosports.com/sports/mbkb/2025-26/boxscores/20260207_6bhp.xml "HTTP/1.1 200 OK"
09:35:28 [INFO] HTTP Request: GET https://cccaa.prestosports.com/sports/mbkb/2025-26/boxscores/20260211_z7g4.xml "HTTP/1.1 200 OK"
09:35:40 [INFO] HTTP Request: GET https://cccaa.prestosports.com/sports/mbkb/2025-26/boxscores/20260214_17f6.xml "HTTP/1.1 200 OK"
09:35:51 [INFO] HTTP Request: GET https://cccaa.prestosports.com/sports/mbkb/2025-26/boxscores/20260218_vd0o.xml "HTTP/1.1 200 OK"
09:36:02 [INFO] HTTP Request: GET https://cccaa.prestosports.com/sports/mbkb/2025-26/boxscores/20260220_w8ky.xml "HTTP/1.1 200 OK"
09:36:03 [INFO]   Loaded: 28 games, 719 player-game-stat rows
09:36:03 [INFO] 
[6/15] Ventura
09:36:03 [INFO] Scraping team: Ventura (ventura)
09:36:14 [INFO] HTTP Request: GET https://cccaa.prestosports.com/sports/mbkb/2025-26/teams/ventura?view=roster "HTTP/1.1 200 OK"
09:36:14 [INFO]   Roster: 0 players
09:36:26 [INFO] HTTP Request: GET https://cccaa.prestosports.com/sports/mbkb/2025-26/teams/ventura?view=gamelog "HTTP/1.1 200 OK"
09:36:27 [INFO]   Games: 28 with box scores
09:36:38 [INFO] HTTP Request: GET https://cccaa.prestosports.com/sports/mbkb/2025-26/boxscores/20251030_2dnb.xml "HTTP/1.1 200 OK"
09:36:49 [INFO] HTTP Request: GET https://cccaa.prestosports.com/sports/mbkb/2025-26/boxscores/20251031_f9gc.xml "HTTP/1.1 200 OK"
09:37:00 [INFO] HTTP Request: GET https://cccaa.prestosports.com/sports/mbkb/2025-26/boxscores/20251106_04ig.xml "HTTP/1.1 200 OK"
09:37:12 [INFO] HTTP Request: GET https://cccaa.prestosports.com/sports/mbkb/2025-26/boxscores/20251107_5zyi.xml "HTTP/1.1 200 OK"
09:37:23 [INFO] HTTP Request: GET https://cccaa.prestosports.com/sports/mbkb/2025-26/boxscores/20251118_9cws.xml "HTTP/1.1 200 OK"
09:37:34 [INFO] HTTP Request: GET https://cccaa.prestosports.com/sports/mbkb/2025-26/boxscores/20251121_abeu.xml "HTTP/1.1 200 OK"
09:37:46 [INFO] HTTP Request: GET https://cccaa.prestosports.com/sports/mbkb/2025-26/boxscores/20251122_nr9i.xml "HTTP/1.1 200 OK"
09:37:57 [INFO] HTTP Request: GET https://cccaa.prestosports.com/sports/mbkb/2025-26/boxscores/20251126_y5f4.xml "HTTP/1.1 200 OK"
09:38:09 [INFO] HTTP Request: GET https://cccaa.prestosports.com/sports/mbkb/2025-26/boxscores/20251203_oc8w.xml "HTTP/1.1 200 OK"
09:38:20 [INFO] HTTP Request: GET https://cccaa.prestosports.com/sports/mbkb/2025-26/boxscores/20251204_9usm.xml "HTTP/1.1 200 OK"
09:38:32 [INFO] HTTP Request: GET https://cccaa.prestosports.com/sports/mbkb/2025-26/boxscores/20251206_bxqc.xml "HTTP/1.1 200 OK"
09:38:43 [INFO] HTTP Request: GET https://cccaa.prestosports.com/sports/mbkb/2025-26/boxscores/20251211_f5v2.xml "HTTP/1.1 200 OK"
09:38:54 [INFO] HTTP Request: GET https://cccaa.prestosports.com/sports/mbkb/2025-26/boxscores/20251217_sz39.xml "HTTP/1.1 200 OK"
09:39:06 [INFO] HTTP Request: GET https://cccaa.prestosports.com/sports/mbkb/2025-26/boxscores/20251219_c8tr.xml "HTTP/1.1 200 OK"
09:39:17 [INFO] HTTP Request: GET https://cccaa.prestosports.com/sports/mbkb/2025-26/boxscores/20251230_sz8a.xml "HTTP/1.1 200 OK"
09:39:28 [INFO] HTTP Request: GET https://cccaa.prestosports.com/sports/mbkb/2025-26/boxscores/20260103_oyhd.xml "HTTP/1.1 200 OK"
09:39:40 [INFO] HTTP Request: GET https://cccaa.prestosports.com/sports/mbkb/2025-26/boxscores/20260107_3gaw.xml "HTTP/1.1 200 OK"
09:39:51 [INFO] HTTP Request: GET https://cccaa.prestosports.com/sports/mbkb/2025-26/boxscores/20260110_kjzf.xml "HTTP/1.1 200 OK"
09:40:02 [INFO] HTTP Request: GET https://cccaa.prestosports.com/sports/mbkb/2025-26/boxscores/20260114_nabs.xml "HTTP/1.1 200 OK"
09:40:14 [INFO] HTTP Request: GET https://cccaa.prestosports.com/sports/mbkb/2025-26/boxscores/20260121_idgl.xml "HTTP/1.1 200 OK"
09:40:25 [INFO] HTTP Request: GET https://cccaa.prestosports.com/sports/mbkb/2025-26/boxscores/20260124_6nlj.xml "HTTP/1.1 200 OK"
09:40:37 [INFO] HTTP Request: GET https://cccaa.prestosports.com/sports/mbkb/2025-26/boxscores/20260128_xcy3.xml "HTTP/1.1 200 OK"
09:40:48 [INFO] HTTP Request: GET https://cccaa.prestosports.com/sports/mbkb/2025-26/boxscores/20260131_m34m.xml "HTTP/1.1 200 OK"
09:40:59 [INFO] HTTP Request: GET https://cccaa.prestosports.com/sports/mbkb/2025-26/boxscores/20260204_7iv0.xml "HTTP/1.1 200 OK"
09:41:10 [INFO] HTTP Request: GET https://cccaa.prestosports.com/sports/mbkb/2025-26/boxscores/20260207_fjbg.xml "HTTP/1.1 200 OK"
09:41:22 [INFO] HTTP Request: GET https://cccaa.prestosports.com/sports/mbkb/2025-26/boxscores/20260214_quqz.xml "HTTP/1.1 200 OK"
09:41:33 [INFO] HTTP Request: GET https://cccaa.prestosports.com/sports/mbkb/2025-26/boxscores/20260218_l4dd.xml "HTTP/1.1 200 OK"
09:41:45 [INFO] HTTP Request: GET https://cccaa.prestosports.com/sports/mbkb/2025-26/boxscores/20260220_l7pe.xml "HTTP/1.1 200 OK"
09:41:45 [INFO]   Loaded: 28 games, 630 player-game-stat rows
09:41:45 [INFO] 
[7/15] Santa Barbara
09:41:45 [INFO] Scraping team: Santa Barbara (santabarbara)
09:41:57 [INFO] HTTP Request: GET https://cccaa.prestosports.com/sports/mbkb/2025-26/teams/santabarbara?view=roster "HTTP/1.1 200 OK"
09:41:57 [INFO]   Roster: 0 players
09:42:09 [INFO] HTTP Request: GET https://cccaa.prestosports.com/sports/mbkb/2025-26/teams/santabarbara?view=gamelog "HTTP/1.1 200 OK"
09:42:09 [INFO]   Games: 28 with box scores
09:42:21 [INFO] HTTP Request: GET https://cccaa.prestosports.com/sports/mbkb/2025-26/boxscores/20251031_npki.xml "HTTP/1.1 200 OK"
09:42:32 [INFO] HTTP Request: GET https://cccaa.prestosports.com/sports/mbkb/2025-26/boxscores/20251105_2sqe.xml "HTTP/1.1 200 OK"
09:42:43 [INFO] HTTP Request: GET https://cccaa.prestosports.com/sports/mbkb/2025-26/boxscores/20251107_ijsd.xml "HTTP/1.1 200 OK"
09:42:55 [INFO] HTTP Request: GET https://cccaa.prestosports.com/sports/mbkb/2025-26/boxscores/20251112_09bk.xml "HTTP/1.1 200 OK"
09:43:06 [INFO] HTTP Request: GET https://cccaa.prestosports.com/sports/mbkb/2025-26/boxscores/20251114_di9p.xml "HTTP/1.1 200 OK"
09:43:18 [INFO] HTTP Request: GET https://cccaa.prestosports.com/sports/mbkb/2025-26/boxscores/20251122_1roo.xml "HTTP/1.1 200 OK"
09:43:29 [INFO] HTTP Request: GET https://cccaa.prestosports.com/sports/mbkb/2025-26/boxscores/20251125_h7s3.xml "HTTP/1.1 200 OK"
09:43:40 [INFO] HTTP Request: GET https://cccaa.prestosports.com/sports/mbkb/2025-26/boxscores/20251204_byx0.xml "HTTP/1.1 200 OK"
09:43:52 [INFO] HTTP Request: GET https://cccaa.prestosports.com/sports/mbkb/2025-26/boxscores/20251205_u3fj.xml "HTTP/1.1 200 OK"
09:44:03 [INFO] HTTP Request: GET https://cccaa.prestosports.com/sports/mbkb/2025-26/boxscores/20251206_8n4t.xml "HTTP/1.1 200 OK"
09:44:14 [INFO] HTTP Request: GET https://cccaa.prestosports.com/sports/mbkb/2025-26/boxscores/20251211_46hl.xml "HTTP/1.1 200 OK"
09:44:26 [INFO] HTTP Request: GET https://cccaa.prestosports.com/sports/mbkb/2025-26/boxscores/20251212_kea1.xml "HTTP/1.1 200 OK"
09:44:37 [INFO] HTTP Request: GET https://cccaa.prestosports.com/sports/mbkb/2025-26/boxscores/20251213_llsr.xml "HTTP/1.1 200 OK"
09:44:49 [INFO] HTTP Request: GET https://cccaa.prestosports.com/sports/mbkb/2025-26/boxscores/20251220_coo2.xml "HTTP/1.1 200 OK"
09:45:00 [INFO] HTTP Request: GET https://cccaa.prestosports.com/sports/mbkb/2025-26/boxscores/20251229_whrw.xml "HTTP/1.1 200 OK"
09:45:12 [INFO] HTTP Request: GET https://cccaa.prestosports.com/sports/mbkb/2025-26/boxscores/20251230_7yy2.xml "HTTP/1.1 200 OK"
09:45:23 [INFO] HTTP Request: GET https://cccaa.prestosports.com/sports/mbkb/2025-26/boxscores/20260107_7ihd.xml "HTTP/1.1 200 OK"
09:45:35 [INFO] HTTP Request: GET https://cccaa.prestosports.com/sports/mbkb/2025-26/boxscores/20260110_djpe.xml "HTTP/1.1 200 OK"
09:45:46 [INFO] HTTP Request: GET https://cccaa.prestosports.com/sports/mbkb/2025-26/boxscores/20260114_nabs.xml "HTTP/1.1 200 OK"
09:45:57 [INFO] HTTP Request: GET https://cccaa.prestosports.com/sports/mbkb/2025-26/boxscores/20260117_99kg.xml "HTTP/1.1 200 OK"
09:46:09 [INFO] HTTP Request: GET https://cccaa.prestosports.com/sports/mbkb/2025-26/boxscores/20260121_s1i3.xml "HTTP/1.1 200 OK"
09:46:20 [INFO] HTTP Request: GET https://cccaa.prestosports.com/sports/mbkb/2025-26/boxscores/20260128_6kpj.xml "HTTP/1.1 200 OK"
09:46:32 [INFO] HTTP Request: GET https://cccaa.prestosports.com/sports/mbkb/2025-26/boxscores/20260131_1h6k.xml "HTTP/1.1 200 OK"
09:46:43 [INFO] HTTP Request: GET https://cccaa.prestosports.com/sports/mbkb/2025-26/boxscores/20260204_0a0u.xml "HTTP/1.1 200 OK"
09:46:54 [INFO] HTTP Request: GET https://cccaa.prestosports.com/sports/mbkb/2025-26/boxscores/20260207_fjbg.xml "HTTP/1.1 200 OK"
09:47:05 [INFO] HTTP Request: GET https://cccaa.prestosports.com/sports/mbkb/2025-26/boxscores/20260211_z7g4.xml "HTTP/1.1 200 OK"
09:47:17 [INFO] HTTP Request: GET https://cccaa.prestosports.com/sports/mbkb/2025-26/boxscores/20260214_5w57.xml "HTTP/1.1 200 OK"
09:47:28 [INFO] HTTP Request: GET https://cccaa.prestosports.com/sports/mbkb/2025-26/boxscores/20260220_brom.xml "HTTP/1.1 200 OK"
09:47:29 [INFO]   Loaded: 28 games, 761 player-game-stat rows
09:47:29 [INFO] 
[8/15] Citrus
09:47:29 [INFO] Scraping team: Citrus (citrus)
09:47:40 [INFO] HTTP Request: GET https://cccaa.prestosports.com/sports/mbkb/2025-26/teams/citrus?view=roster "HTTP/1.1 200 OK"
09:47:41 [INFO]   Roster: 0 players
09:47:53 [INFO] HTTP Request: GET https://cccaa.prestosports.com/sports/mbkb/2025-26/teams/citrus?view=gamelog "HTTP/1.1 200 OK"
09:47:53 [INFO]   Games: 28 with box scores
09:48:04 [INFO] HTTP Request: GET https://cccaa.prestosports.com/sports/mbkb/2025-26/boxscores/20251031_lysq.xml "HTTP/1.1 200 OK"
09:48:15 [INFO] HTTP Request: GET https://cccaa.prestosports.com/sports/mbkb/2025-26/boxscores/20251104_i8an.xml "HTTP/1.1 200 OK"
09:48:27 [INFO] HTTP Request: GET https://cccaa.prestosports.com/sports/mbkb/2025-26/boxscores/20251107_kos7.xml "HTTP/1.1 200 OK"
09:48:38 [INFO] HTTP Request: GET https://cccaa.prestosports.com/sports/mbkb/2025-26/boxscores/20251114_bu6b.xml "HTTP/1.1 200 OK"
09:48:50 [INFO] HTTP Request: GET https://cccaa.prestosports.com/sports/mbkb/2025-26/boxscores/20251118_g1eq.xml "HTTP/1.1 200 OK"
09:49:01 [INFO] HTTP Request: GET https://cccaa.prestosports.com/sports/mbkb/2025-26/boxscores/20251121_o1gv.xml "HTTP/1.1 200 OK"
09:49:13 [INFO] HTTP Request: GET https://cccaa.prestosports.com/sports/mbkb/2025-26/boxscores/20251125_ng6o.xml "HTTP/1.1 200 OK"
09:49:24 [INFO] HTTP Request: GET https://cccaa.prestosports.com/sports/mbkb/2025-26/boxscores/20251205_3p3a.xml "HTTP/1.1 200 OK"
09:49:36 [INFO] HTTP Request: GET https://cccaa.prestosports.com/sports/mbkb/2025-26/boxscores/20251206_uczk.xml "HTTP/1.1 200 OK"
09:49:47 [INFO] HTTP Request: GET https://cccaa.prestosports.com/sports/mbkb/2025-26/boxscores/20251209_9tpe.xml "HTTP/1.1 200 OK"
09:49:58 [INFO] HTTP Request: GET https://cccaa.prestosports.com/sports/mbkb/2025-26/boxscores/20251212_csos.xml "HTTP/1.1 200 OK"
09:50:09 [INFO] HTTP Request: GET https://cccaa.prestosports.com/sports/mbkb/2025-26/boxscores/20251216_6nj0.xml "HTTP/1.1 200 OK"
09:50:21 [INFO] HTTP Request: GET https://cccaa.prestosports.com/sports/mbkb/2025-26/boxscores/20251219_dbcz.xml "HTTP/1.1 200 OK"
09:50:32 [INFO] HTTP Request: GET https://cccaa.prestosports.com/sports/mbkb/2025-26/boxscores/20260102_2k9q.xml "HTTP/1.1 200 OK"
09:50:43 [INFO] HTTP Request: GET https://cccaa.prestosports.com/sports/mbkb/2025-26/boxscores/20260107_8ups.xml "HTTP/1.1 200 OK"
09:50:55 [INFO] HTTP Request: GET https://cccaa.prestosports.com/sports/mbkb/2025-26/boxscores/20260110_5zv3.xml "HTTP/1.1 200 OK"
09:51:06 [INFO] HTTP Request: GET https://cccaa.prestosports.com/sports/mbkb/2025-26/boxscores/20260114_octm.xml "HTTP/1.1 200 OK"
09:51:17 [INFO] HTTP Request: GET https://cccaa.prestosports.com/sports/mbkb/2025-26/boxscores/20260117_tm5i.xml "HTTP/1.1 200 OK"
09:51:29 [INFO] HTTP Request: GET https://cccaa.prestosports.com/sports/mbkb/2025-26/boxscores/20260121_lkvf.xml "HTTP/1.1 200 OK"
09:51:40 [INFO] HTTP Request: GET https://cccaa.prestosports.com/sports/mbkb/2025-26/boxscores/20260124_whie.xml "HTTP/1.1 200 OK"
09:51:51 [INFO] HTTP Request: GET https://cccaa.prestosports.com/sports/mbkb/2025-26/boxscores/20260128_10f3.xml "HTTP/1.1 200 OK"
09:52:03 [INFO] HTTP Request: GET https://cccaa.prestosports.com/sports/mbkb/2025-26/boxscores/20260131_1sab.xml "HTTP/1.1 200 OK"
09:52:14 [INFO] HTTP Request: GET https://cccaa.prestosports.com/sports/mbkb/2025-26/boxscores/20260204_cbgf.xml "HTTP/1.1 200 OK"
09:52:26 [INFO] HTTP Request: GET https://cccaa.prestosports.com/sports/mbkb/2025-26/boxscores/20260207_p3vw.xml "HTTP/1.1 200 OK"
09:52:37 [INFO] HTTP Request: GET https://cccaa.prestosports.com/sports/mbkb/2025-26/boxscores/20260211_xcfq.xml "HTTP/1.1 200 OK"
09:52:48 [INFO] HTTP Request: GET https://cccaa.prestosports.com/sports/mbkb/2025-26/boxscores/20260214_is3k.xml "HTTP/1.1 200 OK"
09:53:01 [INFO] HTTP Request: GET https://cccaa.prestosports.com/sports/mbkb/2025-26/boxscores/20260218_g778.xml "HTTP/1.1 200 OK"
09:53:12 [INFO] HTTP Request: GET https://cccaa.prestosports.com/sports/mbkb/2025-26/boxscores/20260220_jp9m.xml "HTTP/1.1 200 OK"
09:53:12 [INFO]   Loaded: 28 games, 725 player-game-stat rows
09:53:12 [INFO] 
[9/15] West LA
09:53:12 [INFO] Scraping team: West LA (westla)
09:53:24 [INFO] HTTP Request: GET https://cccaa.prestosports.com/sports/mbkb/2025-26/teams/westla?view=roster "HTTP/1.1 200 OK"
09:53:25 [INFO]   Roster: 0 players
09:53:36 [INFO] HTTP Request: GET https://cccaa.prestosports.com/sports/mbkb/2025-26/teams/westla?view=gamelog "HTTP/1.1 200 OK"
09:53:37 [INFO]   Games: 28 with box scores
09:53:48 [INFO] HTTP Request: GET https://cccaa.prestosports.com/sports/mbkb/2025-26/boxscores/20251030_zegl.xml "HTTP/1.1 200 OK"
09:53:59 [INFO] HTTP Request: GET https://cccaa.prestosports.com/sports/mbkb/2025-26/boxscores/20251031_7ehc.xml "HTTP/1.1 200 OK"
09:54:10 [INFO] HTTP Request: GET https://cccaa.prestosports.com/sports/mbkb/2025-26/boxscores/20251114_rhj0.xml "HTTP/1.1 200 OK"
09:54:22 [INFO] HTTP Request: GET https://cccaa.prestosports.com/sports/mbkb/2025-26/boxscores/20251115_a0ys.xml "HTTP/1.1 200 OK"
09:54:33 [INFO] HTTP Request: GET https://cccaa.prestosports.com/sports/mbkb/2025-26/boxscores/20251116_phz5.xml "HTTP/1.1 200 OK"
09:54:45 [INFO] HTTP Request: GET https://cccaa.prestosports.com/sports/mbkb/2025-26/boxscores/20251119_f4iy.xml "HTTP/1.1 200 OK"
09:54:56 [INFO] HTTP Request: GET https://cccaa.prestosports.com/sports/mbkb/2025-26/boxscores/20251125_4im9.xml "HTTP/1.1 200 OK"
09:55:08 [INFO] HTTP Request: GET https://cccaa.prestosports.com/sports/mbkb/2025-26/boxscores/20251204_sxm3.xml "HTTP/1.1 200 OK"
09:55:19 [INFO] HTTP Request: GET https://cccaa.prestosports.com/sports/mbkb/2025-26/boxscores/20251205_chfs.xml "HTTP/1.1 200 OK"
09:55:31 [INFO] HTTP Request: GET https://cccaa.prestosports.com/sports/mbkb/2025-26/boxscores/20251206_itj2.xml "HTTP/1.1 200 OK"
09:55:42 [INFO] HTTP Request: GET https://cccaa.prestosports.com/sports/mbkb/2025-26/boxscores/20251212_5bx5.xml "HTTP/1.1 200 OK"
09:55:53 [INFO] HTTP Request: GET https://cccaa.prestosports.com/sports/mbkb/2025-26/boxscores/20251213_8mx2.xml "HTTP/1.1 200 OK"
09:56:05 [INFO] HTTP Request: GET https://cccaa.prestosports.com/sports/mbkb/2025-26/boxscores/20251217_m4s0.xml "HTTP/1.1 200 OK"
09:56:16 [INFO] HTTP Request: GET https://cccaa.prestosports.com/sports/mbkb/2025-26/boxscores/20251230_a1eu.xml "HTTP/1.1 200 OK"
09:56:27 [INFO] HTTP Request: GET https://cccaa.prestosports.com/sports/mbkb/2025-26/boxscores/20260107_w34m.xml "HTTP/1.1 200 OK"
09:56:38 [INFO] HTTP Request: GET https://cccaa.prestosports.com/sports/mbkb/2025-26/boxscores/20260110_ev3m.xml "HTTP/1.1 200 OK"
09:56:49 [INFO] HTTP Request: GET https://cccaa.prestosports.com/sports/mbkb/2025-26/boxscores/20260114_atpl.xml "HTTP/1.1 200 OK"
09:57:01 [INFO] HTTP Request: GET https://cccaa.prestosports.com/sports/mbkb/2025-26/boxscores/20260117_s0mm.xml "HTTP/1.1 200 OK"
09:57:12 [INFO] HTTP Request: GET https://cccaa.prestosports.com/sports/mbkb/2025-26/boxscores/20260121_ul3h.xml "HTTP/1.1 200 OK"
09:57:24 [INFO] HTTP Request: GET https://cccaa.prestosports.com/sports/mbkb/2025-26/boxscores/20260124_whie.xml "HTTP/1.1 200 OK"
09:57:35 [INFO] HTTP Request: GET https://cccaa.prestosports.com/sports/mbkb/2025-26/boxscores/20260128_5djo.xml "HTTP/1.1 200 OK"
09:57:47 [INFO] HTTP Request: GET https://cccaa.prestosports.com/sports/mbkb/2025-26/boxscores/20260131_trz5.xml "HTTP/1.1 200 OK"
09:57:58 [INFO] HTTP Request: GET https://cccaa.prestosports.com/sports/mbkb/2025-26/boxscores/20260204_a7kz.xml "HTTP/1.1 200 OK"
09:58:10 [INFO] HTTP Request: GET https://cccaa.prestosports.com/sports/mbkb/2025-26/boxscores/20260207_55l2.xml "HTTP/1.1 200 OK"
09:58:21 [INFO] HTTP Request: GET https://cccaa.prestosports.com/sports/mbkb/2025-26/boxscores/20260211_5qin.xml "HTTP/1.1 200 OK"
09:58:33 [INFO] HTTP Request: GET https://cccaa.prestosports.com/sports/mbkb/2025-26/boxscores/20260214_f3tm.xml "HTTP/1.1 200 OK"
09:58:44 [INFO] HTTP Request: GET https://cccaa.prestosports.com/sports/mbkb/2025-26/boxscores/20260218_g778.xml "HTTP/1.1 200 OK"
09:58:56 [INFO] HTTP Request: GET https://cccaa.prestosports.com/sports/mbkb/2025-26/boxscores/20260220_26ai.xml "HTTP/1.1 200 OK"
09:58:56 [INFO]   Loaded: 28 games, 708 player-game-stat rows
09:58:56 [INFO] 
[10/15] Santa Monica
09:58:56 [INFO] Scraping team: Santa Monica (santamonica)
09:59:08 [INFO] HTTP Request: GET https://cccaa.prestosports.com/sports/mbkb/2025-26/teams/santamonica?view=roster "HTTP/1.1 200 OK"
09:59:08 [INFO]   Roster: 0 players
09:59:21 [INFO] HTTP Request: GET https://cccaa.prestosports.com/sports/mbkb/2025-26/teams/santamonica?view=gamelog "HTTP/1.1 200 OK"
09:59:22 [INFO]   Games: 28 with box scores
09:59:33 [INFO] HTTP Request: GET https://cccaa.prestosports.com/sports/mbkb/2025-26/boxscores/20251101_47oq.xml "HTTP/1.1 200 OK"
09:59:45 [INFO] HTTP Request: GET https://cccaa.prestosports.com/sports/mbkb/2025-26/boxscores/20251107_x7qe.xml "HTTP/1.1 200 OK"
09:59:56 [INFO] HTTP Request: GET https://cccaa.prestosports.com/sports/mbkb/2025-26/boxscores/20251108_8il7.xml "HTTP/1.1 200 OK"
10:00:07 [INFO] HTTP Request: GET https://cccaa.prestosports.com/sports/mbkb/2025-26/boxscores/20251112_09bk.xml "HTTP/1.1 200 OK"
10:00:19 [INFO] HTTP Request: GET https://cccaa.prestosports.com/sports/mbkb/2025-26/boxscores/20251114_jxsd.xml "HTTP/1.1 200 OK"
10:00:30 [INFO] HTTP Request: GET https://cccaa.prestosports.com/sports/mbkb/2025-26/boxscores/20251115_n5xf.xml "HTTP/1.1 200 OK"
10:00:41 [INFO] HTTP Request: GET https://cccaa.prestosports.com/sports/mbkb/2025-26/boxscores/20251116_e4wa.xml "HTTP/1.1 200 OK"
10:00:52 [INFO] HTTP Request: GET https://cccaa.prestosports.com/sports/mbkb/2025-26/boxscores/20251120_17hn.xml "HTTP/1.1 200 OK"
10:01:03 [INFO] HTTP Request: GET https://cccaa.prestosports.com/sports/mbkb/2025-26/boxscores/20251126_y5f4.xml "HTTP/1.1 200 OK"
10:01:15 [INFO] HTTP Request: GET https://cccaa.prestosports.com/sports/mbkb/2025-26/boxscores/20251205_3l6a.xml "HTTP/1.1 200 OK"
10:01:27 [INFO] HTTP Request: GET https://cccaa.prestosports.com/sports/mbkb/2025-26/boxscores/20251206_4h4i.xml "HTTP/1.1 200 OK"
10:01:38 [INFO] HTTP Request: GET https://cccaa.prestosports.com/sports/mbkb/2025-26/boxscores/20251210_1o5j.xml "HTTP/1.1 200 OK"
10:01:49 [INFO] HTTP Request: GET https://cccaa.prestosports.com/sports/mbkb/2025-26/boxscores/20251217_nb9o.xml "HTTP/1.1 200 OK"
10:02:00 [INFO] HTTP Request: GET https://cccaa.prestosports.com/sports/mbkb/2025-26/boxscores/20251219_5m7e.xml "HTTP/1.1 200 OK"
10:02:12 [INFO] HTTP Request: GET https://cccaa.prestosports.com/sports/mbkb/2025-26/boxscores/20260107_n7at.xml "HTTP/1.1 200 OK"
10:02:23 [INFO] HTTP Request: GET https://cccaa.prestosports.com/sports/mbkb/2025-26/boxscores/20260110_6p9y.xml "HTTP/1.1 200 OK"
10:02:34 [INFO] HTTP Request: GET https://cccaa.prestosports.com/sports/mbkb/2025-26/boxscores/20260114_a4an.xml "HTTP/1.1 200 OK"
10:02:46 [INFO] HTTP Request: GET https://cccaa.prestosports.com/sports/mbkb/2025-26/boxscores/20260117_tm5i.xml "HTTP/1.1 200 OK"
10:02:57 [INFO] HTTP Request: GET https://cccaa.prestosports.com/sports/mbkb/2025-26/boxscores/20260121_93g5.xml "HTTP/1.1 200 OK"
10:03:08 [INFO] HTTP Request: GET https://cccaa.prestosports.com/sports/mbkb/2025-26/boxscores/20260124_33bc.xml "HTTP/1.1 200 OK"
10:03:21 [INFO] HTTP Request: GET https://cccaa.prestosports.com/sports/mbkb/2025-26/boxscores/20260128_5djo.xml "HTTP/1.1 200 OK"
10:03:32 [INFO] HTTP Request: GET https://cccaa.prestosports.com/sports/mbkb/2025-26/boxscores/20260131_4lw1.xml "HTTP/1.1 200 OK"
10:03:43 [INFO] HTTP Request: GET https://cccaa.prestosports.com/sports/mbkb/2025-26/boxscores/20260204_8328.xml "HTTP/1.1 200 OK"
10:03:55 [INFO] HTTP Request: GET https://cccaa.prestosports.com/sports/mbkb/2025-26/boxscores/20260207_j0h0.xml "HTTP/1.1 200 OK"
10:04:06 [INFO] HTTP Request: GET https://cccaa.prestosports.com/sports/mbkb/2025-26/boxscores/20260211_xcfq.xml "HTTP/1.1 200 OK"
10:04:17 [INFO] HTTP Request: GET https://cccaa.prestosports.com/sports/mbkb/2025-26/boxscores/20260214_yftb.xml "HTTP/1.1 200 OK"
10:04:29 [INFO] HTTP Request: GET https://cccaa.prestosports.com/sports/mbkb/2025-26/boxscores/20260218_lexj.xml "HTTP/1.1 200 OK"
10:04:40 [INFO] HTTP Request: GET https://cccaa.prestosports.com/sports/mbkb/2025-26/boxscores/20260220_26ai.xml "HTTP/1.1 200 OK"
10:04:41 [INFO]   Loaded: 28 games, 626 player-game-stat rows
10:04:41 [INFO] 
[11/15] Antelope Valley
10:04:41 [INFO] Scraping team: Antelope Valley (antelopevalley)
10:04:53 [INFO] HTTP Request: GET https://cccaa.prestosports.com/sports/mbkb/2025-26/teams/antelopevalley?view=roster "HTTP/1.1 200 OK"
10:04:53 [INFO]   Roster: 0 players
10:05:04 [INFO] HTTP Request: GET https://cccaa.prestosports.com/sports/mbkb/2025-26/teams/antelopevalley?view=gamelog "HTTP/1.1 200 OK"
10:05:05 [INFO]   Games: 29 with box scores
10:05:16 [INFO] HTTP Request: GET https://cccaa.prestosports.com/sports/mbkb/2025-26/boxscores/20251031_7w57.xml "HTTP/1.1 200 OK"
10:05:27 [INFO] HTTP Request: GET https://cccaa.prestosports.com/sports/mbkb/2025-26/boxscores/20251101_tkqk.xml "HTTP/1.1 200 OK"
10:05:38 [INFO] HTTP Request: GET https://cccaa.prestosports.com/sports/mbkb/2025-26/boxscores/20251107_ijsd.xml "HTTP/1.1 200 OK"
10:05:49 [INFO] HTTP Request: GET https://cccaa.prestosports.com/sports/mbkb/2025-26/boxscores/20251113_f86a.xml "HTTP/1.1 200 OK"
10:06:01 [INFO] HTTP Request: GET https://cccaa.prestosports.com/sports/mbkb/2025-26/boxscores/20251114_6nai.xml "HTTP/1.1 200 OK"
10:06:12 [INFO] HTTP Request: GET https://cccaa.prestosports.com/sports/mbkb/2025-26/boxscores/20251121_ynl6.xml "HTTP/1.1 200 OK"
10:06:24 [INFO] HTTP Request: GET https://cccaa.prestosports.com/sports/mbkb/2025-26/boxscores/20251125_65oz.xml "HTTP/1.1 200 OK"
10:06:35 [INFO] HTTP Request: GET https://cccaa.prestosports.com/sports/mbkb/2025-26/boxscores/20251205_dztz.xml "HTTP/1.1 200 OK"
10:06:47 [INFO] HTTP Request: GET https://cccaa.prestosports.com/sports/mbkb/2025-26/boxscores/20251206_y530.xml "HTTP/1.1 200 OK"
10:06:58 [INFO] HTTP Request: GET https://cccaa.prestosports.com/sports/mbkb/2025-26/boxscores/20251207_6ji1.xml "HTTP/1.1 200 OK"
10:07:09 [INFO] HTTP Request: GET https://cccaa.prestosports.com/sports/mbkb/2025-26/boxscores/20251212_kdaq.xml "HTTP/1.1 200 OK"
10:07:20 [INFO] HTTP Request: GET https://cccaa.prestosports.com/sports/mbkb/2025-26/boxscores/20251219_y359.xml "HTTP/1.1 200 OK"
10:07:32 [INFO] HTTP Request: GET https://cccaa.prestosports.com/sports/mbkb/2025-26/boxscores/20251229_q1sj.xml "HTTP/1.1 200 OK"
10:07:43 [INFO] HTTP Request: GET https://cccaa.prestosports.com/sports/mbkb/2025-26/boxscores/20251230_l1ql.xml "HTTP/1.1 200 OK"
10:07:55 [INFO] HTTP Request: GET https://cccaa.prestosports.com/sports/mbkb/2025-26/boxscores/20260107_k08t.xml "HTTP/1.1 200 OK"
10:08:06 [INFO] HTTP Request: GET https://cccaa.prestosports.com/sports/mbkb/2025-26/boxscores/20260110_5zv3.xml "HTTP/1.1 200 OK"
10:08:17 [INFO] HTTP Request: GET https://cccaa.prestosports.com/sports/mbkb/2025-26/boxscores/20260114_2j2a.xml "HTTP/1.1 200 OK"
10:08:29 [INFO] HTTP Request: GET https://cccaa.prestosports.com/sports/mbkb/2025-26/boxscores/20260117_s0mm.xml "HTTP/1.1 200 OK"
10:08:41 [INFO] HTTP Request: GET https://cccaa.prestosports.com/sports/mbkb/2025-26/boxscores/20260121_93g5.xml "HTTP/1.1 200 OK"
10:08:52 [INFO] HTTP Request: GET https://cccaa.prestosports.com/sports/mbkb/2025-26/boxscores/20260124_4qkq.xml "HTTP/1.1 200 OK"
10:09:03 [INFO] HTTP Request: GET https://cccaa.prestosports.com/sports/mbkb/2025-26/boxscores/20260128_fpue.xml "HTTP/1.1 200 OK"
10:09:15 [INFO] HTTP Request: GET https://cccaa.prestosports.com/sports/mbkb/2025-26/boxscores/20260131_zqu3.xml "HTTP/1.1 200 OK"
10:09:26 [INFO] HTTP Request: GET https://cccaa.prestosports.com/sports/mbkb/2025-26/boxscores/20260204_cbgf.xml "HTTP/1.1 200 OK"
10:09:37 [INFO] HTTP Request: GET https://cccaa.prestosports.com/sports/mbkb/2025-26/boxscores/20260207_pgb3.xml "HTTP/1.1 200 OK"
10:09:48 [INFO] HTTP Request: GET https://cccaa.prestosports.com/sports/mbkb/2025-26/boxscores/20260211_5qin.xml "HTTP/1.1 200 OK"
10:10:00 [INFO] HTTP Request: GET https://cccaa.prestosports.com/sports/mbkb/2025-26/boxscores/20260214_yftb.xml "HTTP/1.1 200 OK"
10:10:11 [INFO] HTTP Request: GET https://cccaa.prestosports.com/sports/mbkb/2025-26/boxscores/20260218_ez3o.xml "HTTP/1.1 200 OK"
10:10:23 [INFO] HTTP Request: GET https://cccaa.prestosports.com/sports/mbkb/2025-26/boxscores/20260220_f75i.xml "HTTP/1.1 200 OK"
10:10:34 [INFO] HTTP Request: GET https://cccaa.prestosports.com/sports/mbkb/2025-26/boxscores/20260225_be1u.xml "HTTP/1.1 200 OK"
10:10:34 [INFO]   Loaded: 29 games, 694 player-game-stat rows
10:10:34 [INFO] 
[12/15] Canyons
10:10:34 [INFO] Scraping team: Canyons (canyons)
10:10:46 [INFO] HTTP Request: GET https://cccaa.prestosports.com/sports/mbkb/2025-26/teams/canyons?view=roster "HTTP/1.1 200 OK"
10:10:47 [INFO]   Roster: 0 players
10:10:58 [INFO] HTTP Request: GET https://cccaa.prestosports.com/sports/mbkb/2025-26/teams/canyons?view=gamelog "HTTP/1.1 200 OK"
10:10:58 [INFO]   Games: 29 with box scores
10:11:10 [INFO] HTTP Request: GET https://cccaa.prestosports.com/sports/mbkb/2025-26/boxscores/20251031_7ona.xml "HTTP/1.1 200 OK"
10:11:21 [INFO] HTTP Request: GET https://cccaa.prestosports.com/sports/mbkb/2025-26/boxscores/20251101_h53x.xml "HTTP/1.1 200 OK"
10:11:32 [INFO] HTTP Request: GET https://cccaa.prestosports.com/sports/mbkb/2025-26/boxscores/20251106_04ig.xml "HTTP/1.1 200 OK"
10:11:43 [INFO] HTTP Request: GET https://cccaa.prestosports.com/sports/mbkb/2025-26/boxscores/20251107_uc0d.xml "HTTP/1.1 200 OK"
10:11:55 [INFO] HTTP Request: GET https://cccaa.prestosports.com/sports/mbkb/2025-26/boxscores/20251115_33t7.xml "HTTP/1.1 200 OK"
10:12:06 [INFO] HTTP Request: GET https://cccaa.prestosports.com/sports/mbkb/2025-26/boxscores/20251119_ym31.xml "HTTP/1.1 200 OK"
10:12:17 [INFO] HTTP Request: GET https://cccaa.prestosports.com/sports/mbkb/2025-26/boxscores/20251121_15bv.xml "HTTP/1.1 200 OK"
10:12:29 [INFO] HTTP Request: GET https://cccaa.prestosports.com/sports/mbkb/2025-26/boxscores/20251206_o4s9.xml "HTTP/1.1 200 OK"
10:12:40 [INFO] HTTP Request: GET https://cccaa.prestosports.com/sports/mbkb/2025-26/boxscores/20251210_inno.xml "HTTP/1.1 200 OK"
10:12:52 [INFO] HTTP Request: GET https://cccaa.prestosports.com/sports/mbkb/2025-26/boxscores/20251213_zkfr.xml "HTTP/1.1 200 OK"
10:13:03 [INFO] HTTP Request: GET https://cccaa.prestosports.com/sports/mbkb/2025-26/boxscores/20251215_u8yo.xml "HTTP/1.1 200 OK"
10:13:15 [INFO] HTTP Request: GET https://cccaa.prestosports.com/sports/mbkb/2025-26/boxscores/20251229_whrw.xml "HTTP/1.1 200 OK"
10:13:26 [INFO] HTTP Request: GET https://cccaa.prestosports.com/sports/mbkb/2025-26/boxscores/20251230_psb5.xml "HTTP/1.1 200 OK"
10:13:37 [INFO] HTTP Request: GET https://cccaa.prestosports.com/sports/mbkb/2025-26/boxscores/20260103_cahq.xml "HTTP/1.1 200 OK"
10:13:48 [INFO] HTTP Request: GET https://cccaa.prestosports.com/sports/mbkb/2025-26/boxscores/20260107_k08t.xml "HTTP/1.1 200 OK"
10:14:00 [INFO] HTTP Request: GET https://cccaa.prestosports.com/sports/mbkb/2025-26/boxscores/20260110_0g7z.xml "HTTP/1.1 200 OK"
10:14:12 [INFO] HTTP Request: GET https://cccaa.prestosports.com/sports/mbkb/2025-26/boxscores/20260114_octm.xml "HTTP/1.1 200 OK"
10:14:23 [INFO] HTTP Request: GET https://cccaa.prestosports.com/sports/mbkb/2025-26/boxscores/20260117_ufag.xml "HTTP/1.1 200 OK"
10:14:35 [INFO] HTTP Request: GET https://cccaa.prestosports.com/sports/mbkb/2025-26/boxscores/20260121_ul3h.xml "HTTP/1.1 200 OK"
10:14:46 [INFO] HTTP Request: GET https://cccaa.prestosports.com/sports/mbkb/2025-26/boxscores/20260124_33bc.xml "HTTP/1.1 200 OK"
10:14:58 [INFO] HTTP Request: GET https://cccaa.prestosports.com/sports/mbkb/2025-26/boxscores/20260128_n2qo.xml "HTTP/1.1 200 OK"
10:15:09 [INFO] HTTP Request: GET https://cccaa.prestosports.com/sports/mbkb/2025-26/boxscores/20260131_zqu3.xml "HTTP/1.1 200 OK"
10:15:20 [INFO] HTTP Request: GET https://cccaa.prestosports.com/sports/mbkb/2025-26/boxscores/20260204_r8vz.xml "HTTP/1.1 200 OK"
10:15:32 [INFO] HTTP Request: GET https://cccaa.prestosports.com/sports/mbkb/2025-26/boxscores/20260207_p3vw.xml "HTTP/1.1 200 OK"
10:15:43 [INFO] HTTP Request: GET https://cccaa.prestosports.com/sports/mbkb/2025-26/boxscores/20260211_2ng3.xml "HTTP/1.1 200 OK"
10:15:54 [INFO] HTTP Request: GET https://cccaa.prestosports.com/sports/mbkb/2025-26/boxscores/20260214_f3tm.xml "HTTP/1.1 200 OK"
10:16:06 [INFO] HTTP Request: GET https://cccaa.prestosports.com/sports/mbkb/2025-26/boxscores/20260218_lexj.xml "HTTP/1.1 200 OK"
10:16:17 [INFO] HTTP Request: GET https://cccaa.prestosports.com/sports/mbkb/2025-26/boxscores/20260220_yord.xml "HTTP/1.1 200 OK"
10:16:29 [INFO] HTTP Request: GET https://cccaa.prestosports.com/sports/mbkb/2025-26/boxscores/20260225_288t.xml "HTTP/1.1 200 OK"
10:16:29 [INFO]   Loaded: 29 games, 729 player-game-stat rows
10:16:29 [INFO] 
[13/15] Glendale
10:16:29 [INFO] Scraping team: Glendale (glendale)
10:16:41 [INFO] HTTP Request: GET https://cccaa.prestosports.com/sports/mbkb/2025-26/teams/glendale?view=roster "HTTP/1.1 200 OK"
10:16:41 [INFO]   Roster: 0 players
10:16:54 [INFO] HTTP Request: GET https://cccaa.prestosports.com/sports/mbkb/2025-26/teams/glendale?view=gamelog "HTTP/1.1 200 OK"
10:16:54 [INFO]   Games: 28 with box scores
10:17:05 [INFO] HTTP Request: GET https://cccaa.prestosports.com/sports/mbkb/2025-26/boxscores/20251030_s4w3.xml "HTTP/1.1 200 OK"
10:17:16 [INFO] HTTP Request: GET https://cccaa.prestosports.com/sports/mbkb/2025-26/boxscores/20251101_8rxt.xml "HTTP/1.1 200 OK"
10:17:28 [INFO] HTTP Request: GET https://cccaa.prestosports.com/sports/mbkb/2025-26/boxscores/20251106_tv1q.xml "HTTP/1.1 200 OK"
10:17:39 [INFO] HTTP Request: GET https://cccaa.prestosports.com/sports/mbkb/2025-26/boxscores/20251108_4r8x.xml "HTTP/1.1 200 OK"
10:17:51 [INFO] HTTP Request: GET https://cccaa.prestosports.com/sports/mbkb/2025-26/boxscores/20251113_vwv8.xml "HTTP/1.1 200 OK"
10:18:03 [INFO] HTTP Request: GET https://cccaa.prestosports.com/sports/mbkb/2025-26/boxscores/20251115_1b3b.xml "HTTP/1.1 200 OK"
10:18:14 [INFO] HTTP Request: GET https://cccaa.prestosports.com/sports/mbkb/2025-26/boxscores/20251119_9bi5.xml "HTTP/1.1 200 OK"
10:18:25 [INFO] HTTP Request: GET https://cccaa.prestosports.com/sports/mbkb/2025-26/boxscores/20251122_u7td.xml "HTTP/1.1 200 OK"
10:18:37 [INFO] HTTP Request: GET https://cccaa.prestosports.com/sports/mbkb/2025-26/boxscores/20251203_3jfy.xml "HTTP/1.1 200 OK"
10:18:48 [INFO] HTTP Request: GET https://cccaa.prestosports.com/sports/mbkb/2025-26/boxscores/20251206_fhiq.xml "HTTP/1.1 200 OK"
10:18:59 [INFO] HTTP Request: GET https://cccaa.prestosports.com/sports/mbkb/2025-26/boxscores/20251209_9uyg.xml "HTTP/1.1 200 OK"
10:19:10 [INFO] HTTP Request: GET https://cccaa.prestosports.com/sports/mbkb/2025-26/boxscores/20251213_ehlo.xml "HTTP/1.1 200 OK"
10:19:22 [INFO] HTTP Request: GET https://cccaa.prestosports.com/sports/mbkb/2025-26/boxscores/20251217_4ymj.xml "HTTP/1.1 200 OK"
10:19:33 [INFO] HTTP Request: GET https://cccaa.prestosports.com/sports/mbkb/2025-26/boxscores/20251220_coo2.xml "HTTP/1.1 200 OK"
10:19:44 [INFO] HTTP Request: GET https://cccaa.prestosports.com/sports/mbkb/2025-26/boxscores/20260107_w34m.xml "HTTP/1.1 200 OK"
10:19:56 [INFO] HTTP Request: GET https://cccaa.prestosports.com/sports/mbkb/2025-26/boxscores/20260110_0g7z.xml "HTTP/1.1 200 OK"
10:20:07 [INFO] HTTP Request: GET https://cccaa.prestosports.com/sports/mbkb/2025-26/boxscores/20260114_a4an.xml "HTTP/1.1 200 OK"
10:20:18 [INFO] HTTP Request: GET https://cccaa.prestosports.com/sports/mbkb/2025-26/boxscores/20260117_uvu7.xml "HTTP/1.1 200 OK"
10:20:30 [INFO] HTTP Request: GET https://cccaa.prestosports.com/sports/mbkb/2025-26/boxscores/20260121_dwgw.xml "HTTP/1.1 200 OK"
10:20:41 [INFO] HTTP Request: GET https://cccaa.prestosports.com/sports/mbkb/2025-26/boxscores/20260124_4qkq.xml "HTTP/1.1 200 OK"
10:20:52 [INFO] HTTP Request: GET https://cccaa.prestosports.com/sports/mbkb/2025-26/boxscores/20260128_10f3.xml "HTTP/1.1 200 OK"
10:21:03 [INFO] HTTP Request: GET https://cccaa.prestosports.com/sports/mbkb/2025-26/boxscores/20260131_trz5.xml "HTTP/1.1 200 OK"
10:21:15 [INFO] HTTP Request: GET https://cccaa.prestosports.com/sports/mbkb/2025-26/boxscores/20260204_r8vz.xml "HTTP/1.1 200 OK"
10:21:26 [INFO] HTTP Request: GET https://cccaa.prestosports.com/sports/mbkb/2025-26/boxscores/20260207_j0h0.xml "HTTP/1.1 200 OK"
10:21:38 [INFO] HTTP Request: GET https://cccaa.prestosports.com/sports/mbkb/2025-26/boxscores/20260211_hi5m.xml "HTTP/1.1 200 OK"
10:21:49 [INFO] HTTP Request: GET https://cccaa.prestosports.com/sports/mbkb/2025-26/boxscores/20260214_mbif.xml "HTTP/1.1 200 OK"
10:22:00 [INFO] HTTP Request: GET https://cccaa.prestosports.com/sports/mbkb/2025-26/boxscores/20260218_ez3o.xml "HTTP/1.1 200 OK"
10:22:11 [INFO] HTTP Request: GET https://cccaa.prestosports.com/sports/mbkb/2025-26/boxscores/20260220_jp9m.xml "HTTP/1.1 200 OK"
10:22:12 [INFO]   Loaded: 28 games, 678 player-game-stat rows
10:22:12 [INFO] 
[14/15] Bakersfield
10:22:12 [INFO] Scraping team: Bakersfield (bakersfield)
10:22:24 [INFO] HTTP Request: GET https://cccaa.prestosports.com/sports/mbkb/2025-26/teams/bakersfield?view=roster "HTTP/1.1 200 OK"
10:22:24 [INFO]   Roster: 0 players
10:22:36 [INFO] HTTP Request: GET https://cccaa.prestosports.com/sports/mbkb/2025-26/teams/bakersfield?view=gamelog "HTTP/1.1 200 OK"
10:22:36 [INFO]   Games: 29 with box scores
10:22:47 [INFO] HTTP Request: GET https://cccaa.prestosports.com/sports/mbkb/2025-26/boxscores/20251101_jh6q.xml "HTTP/1.1 200 OK"
10:22:59 [INFO] HTTP Request: GET https://cccaa.prestosports.com/sports/mbkb/2025-26/boxscores/20251104_p7dq.xml "HTTP/1.1 200 OK"
10:23:10 [INFO] HTTP Request: GET https://cccaa.prestosports.com/sports/mbkb/2025-26/boxscores/20251108_pnpz.xml "HTTP/1.1 200 OK"
10:23:22 [INFO] HTTP Request: GET https://cccaa.prestosports.com/sports/mbkb/2025-26/boxscores/20251111_se2q.xml "HTTP/1.1 200 OK"
10:23:33 [INFO] HTTP Request: GET https://cccaa.prestosports.com/sports/mbkb/2025-26/boxscores/20251114_di9p.xml "HTTP/1.1 200 OK"
10:23:44 [INFO] HTTP Request: GET https://cccaa.prestosports.com/sports/mbkb/2025-26/boxscores/20251121_s591.xml "HTTP/1.1 200 OK"
10:23:56 [INFO] HTTP Request: GET https://cccaa.prestosports.com/sports/mbkb/2025-26/boxscores/20251122_p137.xml "HTTP/1.1 200 OK"
10:24:07 [INFO] HTTP Request: GET https://cccaa.prestosports.com/sports/mbkb/2025-26/boxscores/20251125_xwom.xml "HTTP/1.1 200 OK"
10:24:19 [INFO] HTTP Request: GET https://cccaa.prestosports.com/sports/mbkb/2025-26/boxscores/20251202_ybd1.xml "HTTP/1.1 200 OK"
10:24:30 [INFO] HTTP Request: GET https://cccaa.prestosports.com/sports/mbkb/2025-26/boxscores/20251204_7gfp.xml "HTTP/1.1 200 OK"
10:24:41 [INFO] HTTP Request: GET https://cccaa.prestosports.com/sports/mbkb/2025-26/boxscores/20251211_f5v2.xml "HTTP/1.1 200 OK"
10:24:53 [INFO] HTTP Request: GET https://cccaa.prestosports.com/sports/mbkb/2025-26/boxscores/20251217_n5oh.xml "HTTP/1.1 200 OK"
10:25:04 [INFO] HTTP Request: GET https://cccaa.prestosports.com/sports/mbkb/2025-26/boxscores/20251220_fh5b.xml "HTTP/1.1 200 OK"
10:25:16 [INFO] HTTP Request: GET https://cccaa.prestosports.com/sports/mbkb/2025-26/boxscores/20251230_aykx.xml "HTTP/1.1 200 OK"
10:25:27 [INFO] HTTP Request: GET https://cccaa.prestosports.com/sports/mbkb/2025-26/boxscores/20260107_n7at.xml "HTTP/1.1 200 OK"
10:25:38 [INFO] HTTP Request: GET https://cccaa.prestosports.com/sports/mbkb/2025-26/boxscores/20260110_ev3m.xml "HTTP/1.1 200 OK"
10:25:50 [INFO] HTTP Request: GET https://cccaa.prestosports.com/sports/mbkb/2025-26/boxscores/20260114_2j2a.xml "HTTP/1.1 200 OK"
10:26:01 [INFO] HTTP Request: GET https://cccaa.prestosports.com/sports/mbkb/2025-26/boxscores/20260117_uvu7.xml "HTTP/1.1 200 OK"
10:26:13 [INFO] HTTP Request: GET https://cccaa.prestosports.com/sports/mbkb/2025-26/boxscores/20260121_lkvf.xml "HTTP/1.1 200 OK"
10:26:25 [INFO] HTTP Request: GET https://cccaa.prestosports.com/sports/mbkb/2025-26/boxscores/20260124_raw4.xml "HTTP/1.1 200 OK"
10:26:36 [INFO] HTTP Request: GET https://cccaa.prestosports.com/sports/mbkb/2025-26/boxscores/20260128_n2qo.xml "HTTP/1.1 200 OK"
10:26:47 [INFO] HTTP Request: GET https://cccaa.prestosports.com/sports/mbkb/2025-26/boxscores/20260131_4lw1.xml "HTTP/1.1 200 OK"
10:26:58 [INFO] HTTP Request: GET https://cccaa.prestosports.com/sports/mbkb/2025-26/boxscores/20260204_a7kz.xml "HTTP/1.1 200 OK"
10:27:10 [INFO] HTTP Request: GET https://cccaa.prestosports.com/sports/mbkb/2025-26/boxscores/20260207_pgb3.xml "HTTP/1.1 200 OK"
10:27:21 [INFO] HTTP Request: GET https://cccaa.prestosports.com/sports/mbkb/2025-26/boxscores/20260211_hi5m.xml "HTTP/1.1 200 OK"
10:27:32 [INFO] HTTP Request: GET https://cccaa.prestosports.com/sports/mbkb/2025-26/boxscores/20260214_is3k.xml "HTTP/1.1 200 OK"
10:27:44 [INFO] HTTP Request: GET https://cccaa.prestosports.com/sports/mbkb/2025-26/boxscores/20260218_n3yq.xml "HTTP/1.1 200 OK"
10:27:55 [INFO] HTTP Request: GET https://cccaa.prestosports.com/sports/mbkb/2025-26/boxscores/20260220_yord.xml "HTTP/1.1 200 OK"
10:28:06 [INFO] HTTP Request: GET https://cccaa.prestosports.com/sports/mbkb/2025-26/boxscores/20260225_mzit.xml "HTTP/1.1 200 OK"
10:28:07 [INFO]   Loaded: 29 games, 711 player-game-stat rows
10:28:07 [INFO] 
[15/15] LA Valley
10:28:07 [INFO] Scraping team: LA Valley (lavalley)
10:28:18 [INFO] HTTP Request: GET https://cccaa.prestosports.com/sports/mbkb/2025-26/teams/lavalley?view=roster "HTTP/1.1 200 OK"
10:28:19 [INFO]   Roster: 0 players
10:28:31 [INFO] HTTP Request: GET https://cccaa.prestosports.com/sports/mbkb/2025-26/teams/lavalley?view=gamelog "HTTP/1.1 200 OK"
10:28:31 [INFO]   Games: 27 with box scores
10:28:42 [INFO] HTTP Request: GET https://cccaa.prestosports.com/sports/mbkb/2025-26/boxscores/20251101_grdh.xml "HTTP/1.1 200 OK"
10:28:54 [INFO] HTTP Request: GET https://cccaa.prestosports.com/sports/mbkb/2025-26/boxscores/20251102_clc4.xml "HTTP/1.1 200 OK"
10:29:05 [INFO] HTTP Request: GET https://cccaa.prestosports.com/sports/mbkb/2025-26/boxscores/20251107_ebik.xml "HTTP/1.1 200 OK"
10:29:17 [INFO] HTTP Request: GET https://cccaa.prestosports.com/sports/mbkb/2025-26/boxscores/20251122_q161.xml "HTTP/1.1 200 OK"
10:29:28 [INFO] HTTP Request: GET https://cccaa.prestosports.com/sports/mbkb/2025-26/boxscores/20251204_avmi.xml "HTTP/1.1 200 OK"
10:29:40 [INFO] HTTP Request: GET https://cccaa.prestosports.com/sports/mbkb/2025-26/boxscores/20251205_69ii.xml "HTTP/1.1 200 OK"
10:29:51 [INFO] HTTP Request: GET https://cccaa.prestosports.com/sports/mbkb/2025-26/boxscores/20251206_j7tb.xml "HTTP/1.1 200 OK"
10:30:02 [INFO] HTTP Request: GET https://cccaa.prestosports.com/sports/mbkb/2025-26/boxscores/20251211_8uio.xml "HTTP/1.1 200 OK"
10:30:14 [INFO] HTTP Request: GET https://cccaa.prestosports.com/sports/mbkb/2025-26/boxscores/20251212_bg33.xml "HTTP/1.1 200 OK"
10:30:25 [INFO] HTTP Request: GET https://cccaa.prestosports.com/sports/mbkb/2025-26/boxscores/20251213_e3ha.xml "HTTP/1.1 200 OK"
10:30:36 [INFO] HTTP Request: GET https://cccaa.prestosports.com/sports/mbkb/2025-26/boxscores/20251217_khfr.xml "HTTP/1.1 200 OK"
10:30:48 [INFO] HTTP Request: GET https://cccaa.prestosports.com/sports/mbkb/2025-26/boxscores/20251230_smj5.xml "HTTP/1.1 200 OK"
10:30:59 [INFO] HTTP Request: GET https://cccaa.prestosports.com/sports/mbkb/2025-26/boxscores/20260103_oyhd.xml "HTTP/1.1 200 OK"
10:31:11 [INFO] HTTP Request: GET https://cccaa.prestosports.com/sports/mbkb/2025-26/boxscores/20260107_8ups.xml "HTTP/1.1 200 OK"
10:31:22 [INFO] HTTP Request: GET https://cccaa.prestosports.com/sports/mbkb/2025-26/boxscores/20260110_6p9y.xml "HTTP/1.1 200 OK"
10:31:33 [INFO] HTTP Request: GET https://cccaa.prestosports.com/sports/mbkb/2025-26/boxscores/20260114_atpl.xml "HTTP/1.1 200 OK"
10:31:45 [INFO] HTTP Request: GET https://cccaa.prestosports.com/sports/mbkb/2025-26/boxscores/20260117_ufag.xml "HTTP/1.1 200 OK"
10:31:56 [INFO] HTTP Request: GET https://cccaa.prestosports.com/sports/mbkb/2025-26/boxscores/20260121_dwgw.xml "HTTP/1.1 200 OK"
10:32:07 [INFO] HTTP Request: GET https://cccaa.prestosports.com/sports/mbkb/2025-26/boxscores/20260124_raw4.xml "HTTP/1.1 200 OK"
10:32:19 [INFO] HTTP Request: GET https://cccaa.prestosports.com/sports/mbkb/2025-26/boxscores/20260128_fpue.xml "HTTP/1.1 200 OK"
10:32:30 [INFO] HTTP Request: GET https://cccaa.prestosports.com/sports/mbkb/2025-26/boxscores/20260131_1sab.xml "HTTP/1.1 200 OK"
10:32:42 [INFO] HTTP Request: GET https://cccaa.prestosports.com/sports/mbkb/2025-26/boxscores/20260204_8328.xml "HTTP/1.1 200 OK"
10:32:53 [INFO] HTTP Request: GET https://cccaa.prestosports.com/sports/mbkb/2025-26/boxscores/20260207_55l2.xml "HTTP/1.1 200 OK"
10:33:04 [INFO] HTTP Request: GET https://cccaa.prestosports.com/sports/mbkb/2025-26/boxscores/20260211_2ng3.xml "HTTP/1.1 200 OK"
10:33:16 [INFO] HTTP Request: GET https://cccaa.prestosports.com/sports/mbkb/2025-26/boxscores/20260214_mbif.xml "HTTP/1.1 200 OK"
10:33:27 [INFO] HTTP Request: GET https://cccaa.prestosports.com/sports/mbkb/2025-26/boxscores/20260218_n3yq.xml "HTTP/1.1 200 OK"
10:33:39 [INFO] HTTP Request: GET https://cccaa.prestosports.com/sports/mbkb/2025-26/boxscores/20260220_f75i.xml "HTTP/1.1 200 OK"
10:33:39 [INFO]   Loaded: 27 games, 640 player-game-stat rows
10:33:39 [INFO] 
============================================================
10:33:39 [INFO]   BATCH COMPLETE: 15 teams, 421 games, 10287 PGS rows
10:33:39 [INFO] ============================================================

============================================================
  BATCH (cccaa) — FINAL SUMMARY
============================================================
  Total teams discovered & scraped: 2492
  Total players in database:        26582
  Total games with box scores:      12715
  Total player_game_stats rows:     316151
  Total team_game_stats rows:       12928
  Total HTTP requests:              15438
  Failed URLs (in scrape_log):      170
============================================================
