13:26:10 [INFO] Weight scrape: 290/298 teams need weight for ncaa_d2
13:26:10 [INFO] 
[1/290] Adams St.
13:26:14 [INFO] HTTP Request: GET https://www.ncaa.com/schools/adams-st "HTTP/1.1 200 OK"
13:26:17 [INFO] HTTP Request: GET https://asugrizzlies.com/sports/mens-basketball/roster "HTTP/1.1 404 Not Found"
13:26:17 [INFO]   Roster page: HTTP 404 (https://asugrizzlies.com/sports/mens-basketball/roster)
13:26:17 [INFO] 
[2/290] Adelphi
13:26:17 [INFO] HTTP Request: GET https://www.ncaa.com/schools/adelphi "HTTP/1.1 200 OK"
13:26:20 [INFO] HTTP Request: GET https://aupanthers.com/sports/mens-basketball/roster "HTTP/1.1 200 OK"
13:26:20 [INFO]   Roster parsed (12 players) but no weight column/data
13:26:20 [INFO] 
[3/290] Alas. Anchorage
13:26:21 [INFO] HTTP Request: GET https://www.ncaa.com/schools/alas-anchorage "HTTP/1.1 200 OK"
13:26:24 [INFO] HTTP Request: GET https://goseawolves.com/sports/mens-basketball/roster "HTTP/1.1 200 OK"
13:26:25 [INFO]   https://goseawolves.com
13:26:25 [INFO]   Parsed: 16 players, Matched: 15, Wt: +15, Unmatched: 1
13:26:25 [INFO] 
[4/290] Alas. Fairbanks
13:26:25 [INFO] HTTP Request: GET https://www.ncaa.com/schools/alas-fairbanks "HTTP/1.1 200 OK"
13:26:28 [INFO] HTTP Request: GET https://alaskananooks.com/sports/mens-basketball/roster "HTTP/1.1 200 OK"
13:26:28 [INFO]   Roster parsed (14 players) but no weight column/data
13:26:28 [INFO] 
[5/290] Albany St. (GA)
13:26:29 [INFO] HTTP Request: GET https://www.ncaa.com/schools/albany-st-ga "HTTP/1.1 200 OK"
13:26:31 [INFO] HTTP Request: GET https://asugoldenrams.com/sports/mens-basketball/roster "HTTP/1.1 404 Not Found"
13:26:31 [INFO]   Roster page: HTTP 404 (https://asugoldenrams.com/sports/mens-basketball/roster)
13:26:31 [INFO] 
[6/290] Allen
13:26:33 [INFO] HTTP Request: GET https://www.ncaa.com/schools/allen "HTTP/1.1 200 OK"
13:26:35 [INFO]   Roster fetch error: [Errno 8] nodename nor servname provided, or not known
13:26:35 [INFO] 
[7/290] American Int'l
13:26:37 [INFO] HTTP Request: GET https://www.ncaa.com/schools/american-intl "HTTP/1.1 200 OK"
13:26:41 [INFO] HTTP Request: GET https://aicyellowjackets.com/sports/mens-basketball/roster "HTTP/1.1 200 OK"
13:26:41 [INFO]   Roster parsed (15 players) but no weight column/data
13:26:41 [INFO] 
[8/290] Anderson (SC)
13:26:42 [INFO] HTTP Request: GET https://www.ncaa.com/schools/anderson-sc "HTTP/1.1 200 OK"
13:26:45 [INFO] HTTP Request: GET https://autrojans.com/sports/mens-basketball/roster "HTTP/1.1 200 OK"
13:26:45 [INFO]   https://autrojans.com
13:26:45 [INFO]   Parsed: 13 players, Matched: 12, Wt: +7, Unmatched: 1
13:26:45 [INFO] 
[9/290] Angelo St.
13:26:46 [INFO] HTTP Request: GET https://www.ncaa.com/schools/angelo-st "HTTP/1.1 200 OK"
13:26:48 [INFO] HTTP Request: GET https://angelosports.com/sports/mens-basketball/roster "HTTP/1.1 200 OK"
13:26:48 [INFO]   https://angelosports.com
13:26:48 [INFO]   Parsed: 16 players, Matched: 12, Wt: +9, Unmatched: 4
13:26:48 [INFO] 
[10/290] Ark.-Fort Smith
13:26:50 [INFO] HTTP Request: GET https://www.ncaa.com/schools/ark-fort-smith "HTTP/1.1 200 OK"
13:26:53 [INFO] HTTP Request: GET https://uafortsmithlions.com/sports/mens-basketball/roster "HTTP/1.1 200 OK"
13:26:54 [INFO]   Roster parsed (18 players) but no weight column/data
13:26:54 [INFO] 
[11/290] Ark.-Monticello
13:26:55 [INFO] HTTP Request: GET https://www.ncaa.com/schools/ark-monticello "HTTP/1.1 200 OK"
13:26:56 [INFO] HTTP Request: GET https://uamsports.com/sports/mens-basketball/roster "HTTP/1.1 301 Moved Permanently"
13:26:58 [INFO] HTTP Request: GET https://www.uamsports.com/sports/mens-basketball/roster "HTTP/1.1 200 OK"
13:26:58 [INFO]   Roster parsed (14 players) but no weight column/data
13:26:58 [INFO] 
[12/290] Arkansas Tech
13:26:59 [INFO] HTTP Request: GET https://www.ncaa.com/schools/arkansas-tech "HTTP/1.1 200 OK"
13:27:01 [INFO] HTTP Request: GET https://arkansastechsports.com/sports/mens-basketball/roster "HTTP/1.1 200 OK"
13:27:01 [INFO]   Roster parsed (18 players) but no weight column/data
13:27:01 [INFO] 
[13/290] Ashland
13:27:03 [INFO] HTTP Request: GET https://www.ncaa.com/schools/ashland "HTTP/1.1 200 OK"
13:27:05 [INFO] HTTP Request: GET https://goashlandeagles.com/sports/mens-basketball/roster "HTTP/1.1 200 OK"
13:27:06 [INFO]   Roster parsed (19 players) but no weight column/data
13:27:06 [INFO] 
[14/290] Assumption
13:27:07 [INFO] HTTP Request: GET https://www.ncaa.com/schools/assumption "HTTP/1.1 200 OK"
13:27:10 [INFO] HTTP Request: GET https://assumptiongreyhounds.com/sports/mens-basketball/roster "HTTP/1.1 200 OK"
13:27:10 [INFO]   https://assumptiongreyhounds.com
13:27:10 [INFO]   Parsed: 18 players, Matched: 14, Wt: +14, Unmatched: 4
13:27:10 [INFO] 
[15/290] Augusta
13:27:11 [INFO] HTTP Request: GET https://www.ncaa.com/schools/gru-augusta "HTTP/1.1 200 OK"
13:27:13 [INFO] HTTP Request: GET https://augustajags.com/sports/mens-basketball/roster "HTTP/1.1 200 OK"
13:27:13 [INFO]   https://augustajags.com/landing/index
13:27:13 [INFO]   Parsed: 16 players, Matched: 15, Wt: +15, Unmatched: 1
13:27:13 [INFO] 
[16/290] Augustana (SD)
13:27:15 [INFO] HTTP Request: GET https://www.ncaa.com/schools/augustana-sd "HTTP/1.1 200 OK"
13:27:17 [INFO] HTTP Request: GET https://goaugie.com/sports/mens-basketball/roster "HTTP/1.1 200 OK"
13:27:17 [INFO]   https://goaugie.com
13:27:17 [INFO]   Parsed: 17 players, Matched: 10, Wt: +8, Unmatched: 7
13:27:17 [INFO] 
[17/290] AUM
13:27:19 [INFO] HTTP Request: GET https://www.ncaa.com/schools/aum "HTTP/1.1 404 Not Found"
13:27:19 [INFO]   No athletics URL found
13:27:19 [INFO] 
[18/290] Azusa Pacific
13:27:21 [INFO] HTTP Request: GET https://www.ncaa.com/schools/azusa-pacific "HTTP/1.1 200 OK"
13:27:23 [INFO] HTTP Request: GET https://apu.edu/sports/mens-basketball/roster "HTTP/1.1 301 Moved Permanently"
13:27:23 [INFO] HTTP Request: GET https://www.apu.edu/sports/mens-basketball/roster "HTTP/1.1 404 Not Found"
13:27:23 [INFO]   Roster page: HTTP 404 (https://apu.edu/sports/mens-basketball/roster)
13:27:23 [INFO] 
[19/290] Barry
13:27:25 [INFO] HTTP Request: GET https://www.ncaa.com/schools/barry "HTTP/1.1 200 OK"
13:27:29 [INFO] HTTP Request: GET https://gobarrybucs.com/sports/mens-basketball/roster "HTTP/1.1 200 OK"
13:27:30 [INFO]   https://gobarrybucs.com
13:27:30 [INFO]   Parsed: 19 players, Matched: 10, Wt: +10, Unmatched: 9
13:27:30 [INFO] 
[20/290] Barton
13:27:30 [INFO] HTTP Request: GET https://www.ncaa.com/schools/barton "HTTP/1.1 200 OK"
13:27:32 [INFO] HTTP Request: GET https://bartonbulldogs.com/sports/mens-basketball/roster "HTTP/1.1 200 OK"
13:27:33 [INFO]   Roster parsed (19 players) but no weight column/data
13:27:33 [INFO] 
[21/290] Belmont Abbey
13:27:34 [INFO] HTTP Request: GET https://www.ncaa.com/schools/belmont-abbey "HTTP/1.1 200 OK"
13:27:36 [INFO] HTTP Request: GET https://abbeyathletics.com/sports/mens-basketball/roster "HTTP/1.1 200 OK"
13:27:37 [INFO]   https://abbeyathletics.com
13:27:37 [INFO]   Parsed: 17 players, Matched: 3, Wt: +3, Unmatched: 14
13:27:37 [INFO] 
[22/290] Bemidji St.
13:27:38 [INFO] HTTP Request: GET https://www.ncaa.com/schools/bemidji-st "HTTP/1.1 200 OK"
13:27:40 [INFO] HTTP Request: GET https://bsubeavers.com/sports/mens-basketball/roster "HTTP/1.1 200 OK"
13:27:41 [INFO]   https://bsubeavers.com
13:27:41 [INFO]   Parsed: 13 players, Matched: 8, Wt: +8, Unmatched: 5
13:27:41 [INFO] 
[23/290] Benedict
13:27:42 [INFO] HTTP Request: GET https://www.ncaa.com/schools/benedict "HTTP/1.1 200 OK"
13:27:46 [INFO] HTTP Request: GET https://benedicttigers.com/sports/mens-basketball/roster "HTTP/1.1 200 OK"
13:27:46 [INFO]   Roster parsed (13 players) but no weight column/data
13:27:46 [INFO] 
[24/290] Bentley
13:27:46 [INFO] HTTP Request: GET https://www.ncaa.com/schools/bentley "HTTP/1.1 200 OK"
13:27:49 [INFO] HTTP Request: GET https://bentleyfalcons.com/sports/mens-basketball/roster "HTTP/1.1 200 OK"
13:27:49 [INFO]   https://bentleyfalcons.com
13:27:49 [INFO]   Parsed: 13 players, Matched: 12, Wt: +12, Unmatched: 1
13:27:49 [INFO] 
[25/290] Biola
13:27:50 [INFO] HTTP Request: GET https://www.ncaa.com/schools/biola "HTTP/1.1 200 OK"
13:27:53 [INFO] HTTP Request: GET https://athletics.biola.edu/sports/mens-basketball/roster "HTTP/1.1 200 OK"
13:27:53 [INFO]   https://athletics.biola.edu
13:27:53 [INFO]   Parsed: 16 players, Matched: 14, Wt: +13, Unmatched: 2
13:27:53 [INFO] 
[26/290] Black Hills St.
13:27:54 [INFO] HTTP Request: GET https://www.ncaa.com/schools/black-hills-st "HTTP/1.1 200 OK"
13:27:57 [INFO] HTTP Request: GET https://bhsuathletics.com/sports/mens-basketball/roster "HTTP/1.1 200 OK"
13:27:59 [INFO]   https://bhsuathletics.com/
13:27:59 [INFO]   Parsed: 14 players, Matched: 13, Wt: +13, Unmatched: 1
13:27:59 [INFO] 
[27/290] Bloomsburg
13:28:00 [INFO] HTTP Request: GET https://www.ncaa.com/schools/bloomsburg "HTTP/1.1 200 OK"
13:28:01 [INFO] HTTP Request: GET https://buhuskies.com/sports/mens-basketball/roster "HTTP/1.1 301 Moved Permanently"
13:28:03 [INFO] HTTP Request: GET https://bloomsburgathletics.com/sports/mens-basketball/roster "HTTP/1.1 200 OK"
13:28:03 [INFO]   https://buhuskies.com
13:28:03 [INFO]   Parsed: 15 players, Matched: 14, Wt: +14, Unmatched: 1
13:28:03 [INFO] 
[28/290] Bluefield St.
13:28:04 [INFO] HTTP Request: GET https://www.ncaa.com/schools/bluefield-st "HTTP/1.1 200 OK"
13:28:07 [INFO]   Roster fetch error: [Errno 8] nodename nor servname provided, or not known
13:28:07 [INFO] 
[29/290] Bowie St.
13:28:08 [INFO] HTTP Request: GET https://www.ncaa.com/schools/bowie-st "HTTP/1.1 200 OK"
13:28:10 [INFO] HTTP Request: GET https://bsubulldogs.com/sports/mens-basketball/roster "HTTP/1.1 200 OK"
13:28:11 [INFO]   https://bsubulldogs.com
13:28:11 [INFO]   Parsed: 15 players, Matched: 15, Wt: +15, Unmatched: 0
13:28:11 [INFO] 
[30/290] Cal Poly Humboldt
13:28:12 [INFO] HTTP Request: GET https://www.ncaa.com/schools/cal-poly-humboldt "HTTP/1.1 404 Not Found"
13:28:12 [INFO]   No athletics URL found
13:28:12 [INFO] 
[31/290] Cal Poly Pomona
13:28:14 [INFO] HTTP Request: GET https://www.ncaa.com/schools/cal-poly-pomona "HTTP/1.1 200 OK"
13:28:17 [INFO] HTTP Request: GET https://broncoathletics.com/sports/mens-basketball/roster "HTTP/1.1 200 OK"
13:28:17 [INFO]   Roster parsed (14 players) but no weight column/data
13:28:17 [INFO] 
[32/290] Cal St. Dom. Hills
13:28:18 [INFO] HTTP Request: GET https://www.ncaa.com/schools/cal-st-dom-hills "HTTP/1.1 200 OK"
13:28:20 [INFO] HTTP Request: GET https://gotoros.com/sports/mens-basketball/roster "HTTP/1.1 200 OK"
13:28:21 [INFO]   https://gotoros.com
13:28:21 [INFO]   Parsed: 14 players, Matched: 0, Wt: +0, Unmatched: 14
13:28:21 [INFO] 
[33/290] Cal St. East Bay
13:28:22 [INFO] HTTP Request: GET https://www.ncaa.com/schools/cal-st-east-bay "HTTP/1.1 200 OK"
13:28:26 [INFO] HTTP Request: GET https://eastbaypioneers.com/sports/mens-basketball/roster "HTTP/1.1 200 OK"
13:28:26 [INFO]   https://eastbaypioneers.com
13:28:26 [INFO]   Parsed: 17 players, Matched: 17, Wt: +17, Unmatched: 0
13:28:26 [INFO] 
[34/290] Cal St. Monterey Bay
13:28:26 [INFO] HTTP Request: GET https://www.ncaa.com/schools/cal-st-monterey-bay "HTTP/1.1 200 OK"
13:28:30 [INFO] HTTP Request: GET https://otterathletics.com/sports/mens-basketball/roster "HTTP/1.1 200 OK"
13:28:30 [INFO]   https://otterathletics.com
13:28:30 [INFO]   Parsed: 13 players, Matched: 11, Wt: +11, Unmatched: 2
13:28:30 [INFO] 
[35/290] Cal St. San Marcos
13:28:31 [INFO] HTTP Request: GET https://www.ncaa.com/schools/cal-st-san-marcos "HTTP/1.1 200 OK"
13:28:34 [INFO] HTTP Request: GET https://csusmcougars.com/sports/mens-basketball/roster "HTTP/1.1 200 OK"
13:28:34 [INFO]   https://csusmcougars.com
13:28:34 [INFO]   Parsed: 17 players, Matched: 11, Wt: +11, Unmatched: 6
13:28:34 [INFO] 
[36/290] Cal State LA
13:28:35 [INFO] HTTP Request: GET https://www.ncaa.com/schools/cal-state-la "HTTP/1.1 404 Not Found"
13:28:35 [INFO]   No athletics URL found
13:28:35 [INFO] 
[37/290] Caldwell
13:28:37 [INFO] HTTP Request: GET https://www.ncaa.com/schools/caldwell "HTTP/1.1 200 OK"
13:28:39 [INFO] HTTP Request: GET https://caldwellathletics.com/sports/mens-basketball/roster "HTTP/1.1 200 OK"
13:28:40 [INFO]   https://caldwellathletics.com
13:28:40 [INFO]   Parsed: 18 players, Matched: 16, Wt: +16, Unmatched: 2
13:28:40 [INFO] 
[38/290] California (PA)
13:28:41 [INFO] HTTP Request: GET https://www.ncaa.com/schools/california-pa "HTTP/1.1 200 OK"
13:28:44 [INFO] HTTP Request: GET https://calvulcans.com/sports/mens-basketball/roster "HTTP/1.1 200 OK"
13:28:45 [INFO]   https://calvulcans.com
13:28:45 [INFO]   Parsed: 18 players, Matched: 16, Wt: +15, Unmatched: 2
13:28:45 [INFO] 
[39/290] Cameron
13:28:45 [INFO] HTTP Request: GET https://www.ncaa.com/schools/cameron "HTTP/1.1 200 OK"
13:28:49 [INFO] HTTP Request: GET https://cameronaggies.com/sports/mens-basketball/roster "HTTP/1.1 200 OK"
13:28:49 [INFO]   Roster parsed (14 players) but no weight column/data
13:28:49 [INFO] 
[40/290] Carson-Newman
13:28:50 [INFO] HTTP Request: GET https://www.ncaa.com/schools/carson-newman "HTTP/1.1 200 OK"
13:28:52 [INFO] HTTP Request: GET https://cneagles.com/sports/mens-basketball/roster "HTTP/1.1 403 Forbidden"
13:28:52 [INFO]   Roster page: HTTP 403 (https://cneagles.com/sports/mens-basketball/roster)
13:28:52 [INFO] 
[41/290] Catawba
13:28:55 [INFO] HTTP Request: GET https://www.ncaa.com/schools/catawba "HTTP/1.1 200 OK"
13:28:55 [INFO]   Roster fetch error: [SSL: TLSV1_ALERT_PROTOCOL_VERSION] tlsv1 alert protocol ver
13:28:55 [INFO] 
[42/290] Cedarville
13:28:58 [INFO] HTTP Request: GET https://www.ncaa.com/schools/cedarville "HTTP/1.1 200 OK"
13:29:00 [INFO] HTTP Request: GET https://yellowjackets.cedarville.edu/sports/mens-basketball/roster "HTTP/1.1 200 OK"
13:29:00 [INFO]   https://yellowjackets.cedarville.edu
13:29:00 [INFO]   Parsed: 15 players, Matched: 10, Wt: +10, Unmatched: 5
13:29:00 [INFO] 
[43/290] Central Mo.
13:29:02 [INFO] HTTP Request: GET https://www.ncaa.com/schools/central-mo "HTTP/1.1 200 OK"
13:29:04 [INFO] HTTP Request: GET https://ucmathletics.com/sports/mens-basketball/roster "HTTP/1.1 200 OK"
13:29:04 [INFO]   https://ucmathletics.com/
13:29:04 [INFO]   Parsed: 13 players, Matched: 13, Wt: +13, Unmatched: 0
13:29:04 [INFO] 
[44/290] Central Okla.
13:29:06 [INFO] HTTP Request: GET https://www.ncaa.com/schools/central-okla "HTTP/1.1 200 OK"
13:29:09 [INFO] HTTP Request: GET https://bronchosports.com/sports/mens-basketball/roster "HTTP/1.1 200 OK"
13:29:09 [INFO]   Roster parsed (7 players) but no weight column/data
13:29:09 [INFO] 
[45/290] Central St. (OH)
13:29:10 [INFO] HTTP Request: GET https://www.ncaa.com/schools/central-st-oh "HTTP/1.1 200 OK"
13:29:12 [INFO] HTTP Request: GET https://maraudersports.com/sports/mens-basketball/roster "HTTP/1.1 200 OK"
13:29:12 [INFO]   Roster parsed (15 players) but no weight column/data
13:29:12 [INFO] 
[46/290] Central Wash.
13:29:14 [INFO] HTTP Request: GET https://www.ncaa.com/schools/central-wash "HTTP/1.1 200 OK"
13:29:16 [INFO] HTTP Request: GET https://wildcatsports.com/sports/mens-basketball/roster "HTTP/1.1 200 OK"
13:29:16 [INFO]   https://wildcatsports.com
13:29:16 [INFO]   Parsed: 17 players, Matched: 12, Wt: +12, Unmatched: 5
13:29:16 [INFO] 
[47/290] Chadron St.
13:29:18 [INFO] HTTP Request: GET https://www.ncaa.com/schools/chadron-st "HTTP/1.1 200 OK"
13:29:20 [INFO] HTTP Request: GET https://chadroneagles.com/sports/mens-basketball/roster "HTTP/1.1 404 Not Found"
13:29:20 [INFO]   Roster page: HTTP 404 (https://chadroneagles.com/sports/mens-basketball/roster)
13:29:20 [INFO] 
[48/290] Chaminade
13:29:22 [INFO] HTTP Request: GET https://www.ncaa.com/schools/chaminade "HTTP/1.1 200 OK"
13:29:26 [INFO] HTTP Request: GET https://goswords.com/sports/mens-basketball/roster "HTTP/1.1 404 Not Found"
13:29:26 [INFO]   Roster page: HTTP 404 (https://goswords.com/sports/mens-basketball/roster)
13:29:26 [INFO] 
[49/290] Charleston (WV)
13:29:26 [INFO] HTTP Request: GET https://www.ncaa.com/schools/charleston-wv "HTTP/1.1 200 OK"
13:29:31 [INFO] HTTP Request: GET https://ucgoldeneagles.com/sports/mens-basketball/roster "HTTP/1.1 200 OK"
13:29:31 [INFO]   Roster parsed (19 players) but no weight column/data
13:29:31 [INFO] 
[50/290] Chestnut Hill
13:29:31 [INFO] HTTP Request: GET https://www.ncaa.com/schools/chestnut-hill "HTTP/1.1 200 OK"
13:29:34 [INFO] HTTP Request: GET https://griffinathletics.com/sports/mens-basketball/roster "HTTP/1.1 200 OK"
13:29:35 [INFO]   https://griffinathletics.com
13:29:35 [INFO]   Parsed: 14 players, Matched: 10, Wt: +10, Unmatched: 4
13:29:35 [INFO] 
[51/290] Chico St.
13:29:36 [INFO] HTTP Request: GET https://www.ncaa.com/schools/chico-st "HTTP/1.1 200 OK"
13:29:41 [INFO] HTTP Request: GET https://chicowildcats.com/sports/mens-basketball/roster "HTTP/1.1 200 OK"
13:29:41 [INFO]   https://chicowildcats.com
13:29:41 [INFO]   Parsed: 15 players, Matched: 15, Wt: +15, Unmatched: 0
13:29:41 [INFO] 
[52/290] Chowan
13:29:41 [INFO] HTTP Request: GET https://www.ncaa.com/schools/chowan "HTTP/1.1 200 OK"
13:29:44 [INFO] HTTP Request: GET https://gocuhawks.com/sports/mens-basketball/roster "HTTP/1.1 200 OK"
13:29:45 [INFO]   Roster parsed (17 players) but no weight column/data
13:29:45 [INFO] 
[53/290] Christian Brothers
13:29:46 [INFO] HTTP Request: GET https://www.ncaa.com/schools/christian-bros "HTTP/1.1 200 OK"
13:29:49 [INFO] HTTP Request: GET https://gobucsgo.com/sports/mens-basketball/roster "HTTP/1.1 301 Moved Permanently"
13:29:50 [INFO] HTTP Request: GET https://cbubucs.com/sports/mens-basketball/roster "HTTP/1.1 200 OK"
13:29:50 [INFO]   https://gobucsgo.com
13:29:50 [INFO]   Parsed: 16 players, Matched: 11, Wt: +11, Unmatched: 5
13:29:50 [INFO] 
[54/290] Claflin
13:29:50 [INFO] HTTP Request: GET https://www.ncaa.com/schools/claflin "HTTP/1.1 200 OK"
13:29:59 [INFO] HTTP Request: GET https://athletics.claflin.edu/sports/mens-basketball/roster "HTTP/1.1 200 OK"
13:29:59 [INFO]   Roster parsed (17 players) but no weight column/data
13:29:59 [INFO] 
[55/290] Clarion
13:30:01 [INFO] HTTP Request: GET https://www.ncaa.com/schools/clarion "HTTP/1.1 200 OK"
13:30:02 [INFO] HTTP Request: GET https://clariongoldeneagles.com/sports/mens-basketball/roster "HTTP/1.1 200 OK"
13:30:03 [INFO]   https://clariongoldeneagles.com/
13:30:03 [INFO]   Parsed: 15 players, Matched: 13, Wt: +11, Unmatched: 2
13:30:03 [INFO] 
[56/290] Clark Atlanta
13:30:04 [INFO] HTTP Request: GET https://www.ncaa.com/schools/clark-atlanta "HTTP/1.1 200 OK"
13:30:06 [INFO] HTTP Request: GET https://clarkatlantasports.com/sports/mens-basketball/roster "HTTP/1.1 200 OK"
13:30:07 [INFO]   Roster parsed (15 players) but no weight column/data
13:30:07 [INFO] 
[57/290] Clayton St.
13:30:09 [INFO] HTTP Request: GET https://www.ncaa.com/schools/clayton-st "HTTP/1.1 200 OK"
13:30:11 [INFO] HTTP Request: GET https://claytonstatesports.com/sports/mens-basketball/roster "HTTP/1.1 200 OK"
13:30:11 [INFO]   https://claytonstatesports.com
13:30:11 [INFO]   Parsed: 13 players, Matched: 11, Wt: +11, Unmatched: 2
13:30:11 [INFO] 
[58/290] Coker
13:30:12 [INFO] HTTP Request: GET https://www.ncaa.com/schools/coker "HTTP/1.1 200 OK"
13:30:14 [INFO] HTTP Request: GET https://cokercobras.com/sports/mens-basketball/roster "HTTP/1.1 403 Forbidden"
13:30:14 [INFO]   Roster page: HTTP 403 (https://cokercobras.com/sports/mens-basketball/roster)
13:30:14 [INFO] 
[59/290] Colo. Christian
13:30:17 [INFO] HTTP Request: GET https://www.ncaa.com/schools/colo-christian "HTTP/1.1 200 OK"
13:30:20 [INFO] HTTP Request: GET https://ccucougars.com/sports/mens-basketball/roster "HTTP/1.1 200 OK"
13:30:21 [INFO]   Roster parsed (17 players) but no weight column/data
13:30:21 [INFO] 
[60/290] Colo. Sch. of Mines
13:30:21 [INFO] HTTP Request: GET https://www.ncaa.com/schools/colorado-mines "HTTP/1.1 200 OK"
13:30:23 [INFO]   Roster fetch error: [SSL: TLSV1_ALERT_PROTOCOL_VERSION] tlsv1 alert protocol ver
13:30:23 [INFO] 
[61/290] Colorado Mesa
13:30:25 [INFO] HTTP Request: GET https://www.ncaa.com/schools/colorado-mesa "HTTP/1.1 200 OK"
13:30:27 [INFO]   Roster fetch error: [SSL: CERTIFICATE_VERIFY_FAILED] certificate verify failed: 
13:30:27 [INFO] 
[62/290] Columbus St.
13:30:29 [INFO] HTTP Request: GET https://www.ncaa.com/schools/columbus-st "HTTP/1.1 200 OK"
13:30:31 [INFO] HTTP Request: GET https://csucougars.com/sports/mens-basketball/roster "HTTP/1.1 200 OK"
13:30:32 [INFO]   https://csucougars.com
13:30:32 [INFO]   Parsed: 22 players, Matched: 14, Wt: +13, Unmatched: 8
13:30:32 [INFO] 
[63/290] Concord
13:30:33 [INFO] HTTP Request: GET https://www.ncaa.com/schools/concord "HTTP/1.1 200 OK"
13:30:36 [INFO] HTTP Request: GET https://cumountainlions.com/sports/mens-basketball/roster "HTTP/1.1 200 OK"
13:30:36 [INFO]   https://cumountainlions.com
13:30:36 [INFO]   Parsed: 20 players, Matched: 16, Wt: +16, Unmatched: 4
13:30:36 [INFO] 
[64/290] Concordia-St. Paul
13:30:37 [INFO] HTTP Request: GET https://www.ncaa.com/schools/concordia-st-paul "HTTP/1.1 200 OK"
13:30:44 [INFO] HTTP Request: GET https://cugoldenbears.com/sports/mens-basketball/roster "HTTP/1.1 404 Not Found"
13:30:44 [INFO]   Roster page: HTTP 404 (https://cugoldenbears.com/sports/mens-basketball/roster)
13:30:44 [INFO] 
[65/290] Converse
13:30:49 [INFO] HTTP Request: GET https://www.ncaa.com/schools/converse "HTTP/1.1 200 OK"
13:30:50 [INFO] HTTP Request: GET https://converse.edu/sports/mens-basketball/roster "HTTP/1.1 301 Moved Permanently"
13:30:55 [INFO] HTTP Request: GET https://www.converse.edu/sports/mens-basketball/roster "HTTP/1.1 404 Not Found"
13:30:55 [INFO]   Roster page: HTTP 404 (https://converse.edu/sports/mens-basketball/roster)
13:30:55 [INFO] 
[66/290] CSU Pueblo
13:30:56 [INFO] HTTP Request: GET https://www.ncaa.com/schools/csu-pueblo "HTTP/1.1 404 Not Found"
13:30:56 [INFO]   No athletics URL found
13:30:56 [INFO] 
[67/290] CSUSB
13:30:57 [INFO] HTTP Request: GET https://www.ncaa.com/schools/cal-st-san-bernardino "HTTP/1.1 404 Not Found"
13:30:57 [INFO]   No athletics URL found
13:30:57 [INFO] 
[68/290] CUI
13:30:59 [INFO] HTTP Request: GET https://www.ncaa.com/schools/concordia-irvine "HTTP/1.1 200 OK"
13:31:02 [INFO] HTTP Request: GET https://cuigoldeneagles.com/sports/mens-basketball/roster "HTTP/1.1 200 OK"
13:31:02 [INFO]   https://cuigoldeneagles.com
13:31:02 [INFO]   Parsed: 13 players, Matched: 0, Wt: +0, Unmatched: 13
13:31:02 [INFO] 
[69/290] D'Youville
13:31:03 [INFO] HTTP Request: GET https://www.ncaa.com/schools/dyouville "HTTP/1.1 200 OK"
13:31:05 [INFO]   Roster fetch error: [SSL: TLSV1_UNRECOGNIZED_NAME] tlsv1 unrecognized name (_ssl
13:31:05 [INFO] 
[70/290] Daemen
13:31:08 [INFO] HTTP Request: GET https://www.ncaa.com/schools/daemen "HTTP/1.1 200 OK"
13:31:10 [INFO] HTTP Request: GET https://daemenwildcats.com/sports/mens-basketball/roster "HTTP/1.1 200 OK"
13:31:11 [INFO]   https://daemenwildcats.com
13:31:11 [INFO]   Parsed: 17 players, Matched: 16, Wt: +16, Unmatched: 1
13:31:11 [INFO] 
[71/290] Davenport
13:31:12 [INFO] HTTP Request: GET https://www.ncaa.com/schools/davenport "HTTP/1.1 200 OK"
13:31:13 [INFO]   Roster fetch error: [Errno 8] nodename nor servname provided, or not known
13:31:13 [INFO] 
[72/290] Davis & Elkins
13:31:15 [INFO] HTTP Request: GET https://www.ncaa.com/schools/davis-elkins "HTTP/1.1 200 OK"
13:31:17 [INFO] HTTP Request: GET https://senatornation.com/sports/mens-basketball/roster "HTTP/1.1 200 OK"
13:31:18 [INFO]   https://senatornation.com
13:31:18 [INFO]   Parsed: 16 players, Matched: 10, Wt: +5, Unmatched: 6
13:31:18 [INFO] 
[73/290] DBU
13:31:19 [INFO] HTTP Request: GET https://www.ncaa.com/schools/dallas-baptist "HTTP/1.1 200 OK"
13:31:22 [INFO] HTTP Request: GET https://dbupatriots.com/sports/mens-basketball/roster "HTTP/1.1 200 OK"
13:31:22 [INFO]   https://dbupatriots.com
13:31:22 [INFO]   Parsed: 15 players, Matched: 15, Wt: +15, Unmatched: 0
13:31:22 [INFO] 
[74/290] Delta St.
13:31:23 [INFO] HTTP Request: GET https://www.ncaa.com/schools/delta-st "HTTP/1.1 200 OK"
13:31:29 [INFO] HTTP Request: GET https://gostatesmen.com/sports/mens-basketball/roster "HTTP/1.1 200 OK"
13:31:30 [INFO]   https://gostatesmen.com
13:31:30 [INFO]   Parsed: 22 players, Matched: 10, Wt: +10, Unmatched: 12
13:31:30 [INFO] 
[75/290] Dist. Columbia
13:31:35 [INFO] HTTP Request: GET https://www.ncaa.com/schools/dist-columbia "HTTP/1.1 200 OK"
13:31:36 [INFO] HTTP Request: GET https://udcfirebirds.com/sports/mens-basketball/roster "HTTP/1.1 403 Forbidden"
13:31:36 [INFO]   Roster page: HTTP 403 (https://udcfirebirds.com/sports/mens-basketball/roster)
13:31:36 [INFO] 
[76/290] Dominican (CA)
13:31:37 [INFO] HTTP Request: GET https://www.ncaa.com/schools/dominican-ca "HTTP/1.1 200 OK"
13:31:43 [INFO] HTTP Request: GET https://dominicanathletics.com/sports/mens-basketball/roster "HTTP/1.1 200 OK"
13:31:43 [INFO]   https://dominicanathletics.com
13:31:43 [INFO]   Parsed: 17 players, Matched: 14, Wt: +13, Unmatched: 3
13:31:43 [INFO] 
[77/290] Dominican (NY)
13:31:44 [INFO] HTTP Request: GET https://www.ncaa.com/schools/dominican-ny "HTTP/1.1 200 OK"
13:31:46 [INFO] HTTP Request: GET https://chargerathletics.com/sports/mens-basketball/roster "HTTP/1.1 403 Forbidden"
13:31:46 [INFO]   Roster page: HTTP 403 (https://chargerathletics.com/sports/mens-basketball/roster)
13:31:46 [INFO] 
[78/290] Drury
13:31:47 [INFO] HTTP Request: GET https://www.ncaa.com/schools/drury "HTTP/1.1 200 OK"
13:31:50 [INFO] HTTP Request: GET https://drurypanthers.com/sports/mens-basketball/roster "HTTP/1.1 200 OK"
13:31:50 [INFO]   https://drurypanthers.com
13:31:50 [INFO]   Parsed: 14 players, Matched: 12, Wt: +12, Unmatched: 2
13:31:50 [INFO] 
[79/290] East Central
13:31:51 [INFO] HTTP Request: GET https://www.ncaa.com/schools/east-central "HTTP/1.1 200 OK"
13:31:54 [INFO] HTTP Request: GET https://ecutigers.com/sports/mens-basketball/roster "HTTP/1.1 404 Not Found"
13:31:54 [INFO]   Roster page: HTTP 404 (https://ecutigers.com/sports/mens-basketball/roster)
13:31:54 [INFO] 
[80/290] East Stroudsburg
13:31:55 [INFO] HTTP Request: GET https://www.ncaa.com/schools/east-stroudsburg "HTTP/1.1 200 OK"
13:31:58 [INFO] HTTP Request: GET https://esuwarriors.com/sports/mens-basketball/roster "HTTP/1.1 200 OK"
13:31:58 [INFO]   Roster parsed (16 players) but no weight column/data
13:31:58 [INFO] 
[81/290] Eastern N.M.
13:31:59 [INFO] HTTP Request: GET https://www.ncaa.com/schools/eastern-nm "HTTP/1.1 200 OK"
13:32:02 [INFO] HTTP Request: GET https://goeasternathletics.com/sports/mens-basketball/roster "HTTP/1.1 200 OK"
13:32:03 [INFO]   https://goeasternathletics.com
13:32:03 [INFO]   Parsed: 15 players, Matched: 8, Wt: +7, Unmatched: 7
13:32:03 [INFO] 
[82/290] Eckerd
13:32:03 [INFO] HTTP Request: GET https://www.ncaa.com/schools/eckerd "HTTP/1.1 200 OK"
13:32:06 [INFO] HTTP Request: GET https://eckerdtritons.com/sports/mens-basketball/roster "HTTP/1.1 200 OK"
13:32:06 [INFO]   https://eckerdtritons.com
13:32:06 [INFO]   Parsed: 17 players, Matched: 16, Wt: +16, Unmatched: 1
13:32:06 [INFO] 
[83/290] Edinboro
13:32:08 [INFO] HTTP Request: GET https://www.ncaa.com/schools/edinboro "HTTP/1.1 200 OK"
13:32:10 [INFO] HTTP Request: GET https://gofightingscots.com/sports/mens-basketball/roster "HTTP/1.1 404 Not Found"
13:32:10 [INFO]   Roster page: HTTP 404 (https://gofightingscots.com/sports/mens-basketball/roster)
13:32:10 [INFO] 
[84/290] Edward Waters
13:32:12 [INFO] HTTP Request: GET https://www.ncaa.com/schools/edward-waters "HTTP/1.1 200 OK"
13:32:13 [INFO]   Roster fetch error: [Errno 8] nodename nor servname provided, or not known
13:32:13 [INFO] 
[85/290] Elizabeth City St.
13:32:15 [INFO] HTTP Request: GET https://www.ncaa.com/schools/elizabeth-city-st "HTTP/1.1 200 OK"
13:32:19 [INFO] HTTP Request: GET https://ecsuvikings.com/sports/mens-basketball/roster "HTTP/1.1 200 OK"
13:32:19 [INFO]   Roster parsed (19 players) but no weight column/data
13:32:19 [INFO] 
[86/290] Embry-Riddle (FL)
13:32:20 [INFO] HTTP Request: GET https://www.ncaa.com/schools/embry-riddle-fl "HTTP/1.1 200 OK"
13:32:22 [INFO] HTTP Request: GET https://www.erauathletics.com/sports/mens-basketball/roster "HTTP/1.1 301 Moved Permanently"
13:32:23 [INFO] HTTP Request: GET https://erauathletics.com/sports/mens-basketball/roster "HTTP/1.1 200 OK"
13:32:23 [INFO]   https://www.erauathletics.com/
13:32:23 [INFO]   Parsed: 14 players, Matched: 14, Wt: +14, Unmatched: 0
13:32:23 [INFO] 
[87/290] Emmanuel (GA)
13:32:24 [INFO] HTTP Request: GET https://www.ncaa.com/schools/emmanuel-ga "HTTP/1.1 200 OK"
13:32:26 [INFO] HTTP Request: GET https://goeclions.com/sports/mens-basketball/roster "HTTP/1.1 301 Moved Permanently"
13:32:26 [INFO] HTTP Request: GET https://goeulions.com/sports/mens-basketball/roster "HTTP/1.1 200 OK"
13:32:27 [INFO]   Roster parsed (21 players) but no weight column/data
13:32:27 [INFO] 
[88/290] Emporia St.
13:32:28 [INFO] HTTP Request: GET https://www.ncaa.com/schools/emporia-st "HTTP/1.1 200 OK"
13:32:30 [INFO] HTTP Request: GET https://esuhornets.com/sports/mens-basketball/roster "HTTP/1.1 200 OK"
13:32:30 [INFO]   https://esuhornets.com
13:32:30 [INFO]   Parsed: 15 players, Matched: 15, Wt: +13, Unmatched: 0
13:32:30 [INFO] 
[89/290] Erskine
13:32:32 [INFO] HTTP Request: GET https://www.ncaa.com/schools/erskine "HTTP/1.1 200 OK"
13:32:34 [INFO] HTTP Request: GET https://erskinesports.com/sports/mens-basketball/roster "HTTP/1.1 200 OK"
13:32:34 [INFO]   https://erskinesports.com
13:32:34 [INFO]   Parsed: 44 players, Matched: 15, Wt: +15, Unmatched: 29
13:32:34 [INFO] 
[90/290] Fairmont St.
13:32:36 [INFO] HTTP Request: GET https://www.ncaa.com/schools/fairmont-st "HTTP/1.1 200 OK"
13:32:38 [INFO] HTTP Request: GET https://fightingfalcons.com/sports/mens-basketball/roster "HTTP/1.1 200 OK"
13:32:39 [INFO]   https://fightingfalcons.com
13:32:39 [INFO]   Parsed: 20 players, Matched: 19, Wt: +18, Unmatched: 1
13:32:39 [INFO] 
[91/290] Fayetteville St.
13:32:40 [INFO] HTTP Request: GET https://www.ncaa.com/schools/fayetteville-st "HTTP/1.1 200 OK"
13:32:42 [INFO] HTTP Request: GET https://fsubroncos.com/sports/mens-basketball/roster "HTTP/1.1 404 Not Found"
13:32:42 [INFO]   Roster page: HTTP 404 (https://fsubroncos.com/sports/mens-basketball/roster)
13:32:42 [INFO] 
[92/290] Felician
13:32:44 [INFO] HTTP Request: GET https://www.ncaa.com/schools/felician "HTTP/1.1 200 OK"
13:32:46 [INFO] HTTP Request: GET https://felicianathletics.com/sports/mens-basketball/roster "HTTP/1.1 301 Moved Permanently"
13:32:47 [INFO] HTTP Request: GET https://felicianuathletics.com/sports/mens-basketball/roster "HTTP/1.1 200 OK"
13:32:47 [INFO]   Roster parsed (18 players) but no weight column/data
13:32:47 [INFO] 
[93/290] Ferris St.
13:32:48 [INFO] HTTP Request: GET https://www.ncaa.com/schools/ferris-st "HTTP/1.1 200 OK"
13:32:50 [INFO] HTTP Request: GET https://ferrisstatebulldogs.com/sports/mens-basketball/roster "HTTP/1.1 403 Forbidden"
13:32:50 [INFO]   Roster page: HTTP 403 (https://ferrisstatebulldogs.com/sports/mens-basketball/roster)
13:32:50 [INFO] 
[94/290] Ferrum
13:32:52 [INFO] HTTP Request: GET https://www.ncaa.com/schools/ferrum "HTTP/1.1 200 OK"
13:32:54 [INFO] HTTP Request: GET https://ferrumpanthers.com/sports/mens-basketball/roster "HTTP/1.1 200 OK"
13:32:54 [INFO]   https://ferrumpanthers.com
13:32:54 [INFO]   Parsed: 14 players, Matched: 11, Wt: +11, Unmatched: 3
13:32:54 [INFO] 
[95/290] Findlay
13:32:56 [INFO] HTTP Request: GET https://www.ncaa.com/schools/findlay "HTTP/1.1 200 OK"
13:32:58 [INFO] HTTP Request: GET https://athletics.findlay.edu/sports/mens-basketball/roster "HTTP/1.1 301 Moved Permanently"
13:32:59 [INFO] HTTP Request: GET https://findlayoilers.com/ "HTTP/1.1 404 Not Found"
13:32:59 [INFO]   Roster page: HTTP 404 (https://athletics.findlay.edu/sports/mens-basketball/roster)
13:32:59 [INFO] 
[96/290] Fla. Southern
13:33:00 [INFO] HTTP Request: GET https://www.ncaa.com/schools/fla-southern "HTTP/1.1 200 OK"
13:33:03 [INFO] HTTP Request: GET https://fscmocs.com/sports/mens-basketball/roster "HTTP/1.1 200 OK"
13:33:03 [INFO]   https://fscmocs.com
13:33:03 [INFO]   Parsed: 16 players, Matched: 14, Wt: +14, Unmatched: 2
13:33:03 [INFO] 
[97/290] Flagler
13:33:04 [INFO] HTTP Request: GET https://www.ncaa.com/schools/flagler "HTTP/1.1 200 OK"
13:33:06 [INFO] HTTP Request: GET https://flaglerathletics.com/sports/mens-basketball/roster "HTTP/1.1 200 OK"
13:33:07 [INFO]   https://flaglerathletics.com
13:33:07 [INFO]   Parsed: 15 players, Matched: 9, Wt: +9, Unmatched: 6
13:33:07 [INFO] 
[98/290] Florida Tech
13:33:08 [INFO] HTTP Request: GET https://www.ncaa.com/schools/florida-tech "HTTP/1.1 200 OK"
13:33:10 [INFO] HTTP Request: GET https://floridatechsports.com/sports/mens-basketball/roster "HTTP/1.1 200 OK"
13:33:10 [INFO]   https://floridatechsports.com
13:33:10 [INFO]   Parsed: 15 players, Matched: 14, Wt: +14, Unmatched: 1
13:33:10 [INFO] 
[99/290] Fort Hays St.
13:33:12 [INFO] HTTP Request: GET https://www.ncaa.com/schools/fort-hays-st "HTTP/1.1 200 OK"
13:33:14 [INFO] HTTP Request: GET https://fhsuathletics.com/sports/mens-basketball/roster "HTTP/1.1 200 OK"
13:33:15 [INFO]   https://fhsuathletics.com
13:33:15 [INFO]   Parsed: 14 players, Matched: 14, Wt: +13, Unmatched: 0
13:33:15 [INFO] 
[100/290] Fort Lewis
13:33:16 [INFO] HTTP Request: GET https://www.ncaa.com/schools/fort-lewis "HTTP/1.1 200 OK"
13:33:18 [INFO] HTTP Request: GET https://goskyhawks.com/sports/mens-basketball/roster "HTTP/1.1 200 OK"
13:33:19 [INFO]   https://goskyhawks.com
13:33:19 [INFO]   Parsed: 17 players, Matched: 14, Wt: +14, Unmatched: 3
13:33:19 [INFO] 
[101/290] Fort Valley St.
13:33:20 [INFO] HTTP Request: GET https://www.ncaa.com/schools/fort-valley-st "HTTP/1.1 200 OK"
13:33:22 [INFO] HTTP Request: GET https://fvsusports.com/sports/mens-basketball/roster "HTTP/1.1 200 OK"
13:33:23 [INFO]   Roster parsed (12 players) but no weight column/data
13:33:23 [INFO] 
[102/290] Francis Marion
13:33:24 [INFO] HTTP Request: GET https://www.ncaa.com/schools/francis-marion "HTTP/1.1 200 OK"
13:33:26 [INFO] HTTP Request: GET https://fmupatriots.com/sports/mens-basketball/roster "HTTP/1.1 200 OK"
13:33:26 [INFO]   https://fmupatriots.com
13:33:26 [INFO]   Parsed: 18 players, Matched: 14, Wt: +14, Unmatched: 4
13:33:26 [INFO] 
[103/290] Franklin Pierce
13:33:28 [INFO] HTTP Request: GET https://www.ncaa.com/schools/franklin-pierce "HTTP/1.1 200 OK"
13:33:31 [INFO] HTTP Request: GET https://fpuravens.com/sports/mens-basketball/roster "HTTP/1.1 200 OK"
13:33:31 [INFO]   Roster parsed (31 players) but no weight column/data
13:33:31 [INFO] 
[104/290] Fresno Pacific
13:33:32 [INFO] HTTP Request: GET https://www.ncaa.com/schools/fresno-pacific "HTTP/1.1 200 OK"
13:33:37 [INFO] HTTP Request: GET https://fpuathletics.com/sports/mens-basketball/roster "HTTP/1.1 301 Moved Permanently"
13:33:40 [INFO] HTTP Request: GET https://www.fpusunbirds.com/sports/mens-basketball/roster "HTTP/1.1 200 OK"
13:33:41 [INFO]   https://fpuathletics.com/
13:33:41 [INFO]   Parsed: 20 players, Matched: 14, Wt: +13, Unmatched: 6
13:33:41 [INFO] 
[105/290] Frostburg St.
13:33:42 [INFO] HTTP Request: GET https://www.ncaa.com/schools/frostburg-st "HTTP/1.1 200 OK"
13:33:44 [INFO] HTTP Request: GET https://frostburgsports.com/sports/mens-basketball/roster "HTTP/1.1 200 OK"
13:33:44 [INFO]   Roster parsed (20 players) but no weight column/data
13:33:44 [INFO] 
[106/290] Ga. Southwestern
13:33:45 [INFO] HTTP Request: GET https://www.ncaa.com/schools/ga-southwestern "HTTP/1.1 200 OK"
13:33:48 [INFO] HTTP Request: GET https://gswcanes.com/sports/mens-basketball/roster "HTTP/1.1 200 OK"
13:33:48 [INFO]   https://gswcanes.com
13:33:48 [INFO]   Parsed: 13 players, Matched: 0, Wt: +0, Unmatched: 13
13:33:48 [INFO] 
[107/290] Gannon
13:33:50 [INFO] HTTP Request: GET https://www.ncaa.com/schools/gannon "HTTP/1.1 200 OK"
13:33:53 [INFO] HTTP Request: GET https://gannonsports.com/sports/mens-basketball/roster "HTTP/1.1 200 OK"
13:33:53 [INFO]   https://gannonsports.com
13:33:53 [INFO]   Parsed: 13 players, Matched: 13, Wt: +13, Unmatched: 0
13:33:53 [INFO] 
[108/290] Georgia College
13:33:53 [INFO] HTTP Request: GET https://www.ncaa.com/schools/georgia-college "HTTP/1.1 200 OK"
13:33:56 [INFO] HTTP Request: GET https://gcsubobcats.com/sports/mens-basketball/roster "HTTP/1.1 200 OK"
13:33:56 [INFO]   Roster parsed (17 players) but no weight column/data
13:33:56 [INFO] 
[109/290] Georgian Court
13:33:57 [INFO] HTTP Request: GET https://www.ncaa.com/schools/georgian-court "HTTP/1.1 200 OK"
13:34:00 [INFO] HTTP Request: GET https://gculions.com/sports/mens-basketball/roster "HTTP/1.1 200 OK"
13:34:01 [INFO]   Roster parsed (24 players) but no weight column/data
13:34:01 [INFO] 
[110/290] Glenville St.
13:34:02 [INFO] HTTP Request: GET https://www.ncaa.com/schools/glenville-st "HTTP/1.1 200 OK"
13:34:04 [INFO] HTTP Request: GET https://glenville.edu/sports/mens-basketball/roster "HTTP/1.1 301 Moved Permanently"
13:34:07 [INFO] HTTP Request: GET https://www.glenville.edu/sports/mens-basketball/roster "HTTP/1.1 404 Not Found"
13:34:07 [INFO]   Roster page: HTTP 404 (https://glenville.edu/sports/mens-basketball/roster)
13:34:07 [INFO] 
[111/290] Goldey-Beacom
13:34:08 [INFO] HTTP Request: GET https://www.ncaa.com/schools/goldey-beacom "HTTP/1.1 200 OK"
13:34:10 [INFO] HTTP Request: GET https://gbcathletics.com/sports/mens-basketball/roster "HTTP/1.1 301 Moved Permanently"
13:34:12 [INFO] HTTP Request: GET https://www.gbcathletics.com/sports/mens-basketball/roster "HTTP/1.1 200 OK"
13:34:12 [INFO]   https://gbcathletics.com
13:34:12 [INFO]   Parsed: 16 players, Matched: 6, Wt: +6, Unmatched: 10
13:34:12 [INFO] 
[112/290] Grand Valley St.
13:34:13 [INFO] HTTP Request: GET https://www.ncaa.com/schools/grand-valley-st "HTTP/1.1 200 OK"
13:34:15 [INFO] HTTP Request: GET https://gvsulakers.com/sports/mens-basketball/roster "HTTP/1.1 200 OK"
13:34:15 [INFO]   https://gvsulakers.com
13:34:15 [INFO]   Parsed: 17 players, Matched: 17, Wt: +17, Unmatched: 0
13:34:15 [INFO] 
[113/290] Harding
13:34:16 [INFO] HTTP Request: GET https://www.ncaa.com/schools/harding "HTTP/1.1 200 OK"
13:34:20 [INFO] HTTP Request: GET https://hardingsports.com/sports/mens-basketball/roster "HTTP/1.1 200 OK"
13:34:20 [INFO]   https://hardingsports.com
13:34:20 [INFO]   Parsed: 18 players, Matched: 16, Wt: +16, Unmatched: 2
13:34:20 [INFO] 
[114/290] Hawaii Hilo
13:34:21 [INFO] HTTP Request: GET https://www.ncaa.com/schools/hawaii-hilo "HTTP/1.1 200 OK"
13:34:24 [INFO] HTTP Request: GET https://hiloathletics.com/sports/mens-basketball/roster "HTTP/1.1 200 OK"
13:34:24 [INFO]   Roster parsed (4 players) but no weight column/data
13:34:24 [INFO] 
[115/290] Hawaii Pacific
13:34:24 [INFO] HTTP Request: GET https://www.ncaa.com/schools/hawaii-pacific "HTTP/1.1 200 OK"
13:34:27 [INFO] HTTP Request: GET https://hpusharks.com/sports/mens-basketball/roster "HTTP/1.1 200 OK"
13:34:27 [INFO]   Roster parsed (17 players) but no weight column/data
13:34:27 [INFO] 
[116/290] Henderson St.
13:34:29 [INFO] HTTP Request: GET https://www.ncaa.com/schools/henderson-st "HTTP/1.1 200 OK"
13:34:31 [INFO] HTTP Request: GET https://hsusports.com/sports/mens-basketball/roster "HTTP/1.1 404 Not Found"
13:34:31 [INFO]   Roster page: HTTP 404 (https://hsusports.com/sports/mens-basketball/roster)
13:34:31 [INFO] 
[117/290] Hillsdale
13:34:32 [INFO] HTTP Request: GET https://www.ncaa.com/schools/hillsdale "HTTP/1.1 200 OK"
13:34:35 [INFO] HTTP Request: GET https://hillsdalechargers.com/sports/mens-basketball/roster "HTTP/1.1 200 OK"
13:34:36 [INFO]   https://hillsdalechargers.com
13:34:36 [INFO]   Parsed: 15 players, Matched: 14, Wt: +13, Unmatched: 1
13:34:36 [INFO] 
[118/290] Holy Family
13:34:36 [INFO] HTTP Request: GET https://www.ncaa.com/schools/holy-family "HTTP/1.1 200 OK"
13:34:39 [INFO] HTTP Request: GET https://athletics.holyfamily.edu/sports/mens-basketball/roster "HTTP/1.1 200 OK"
13:34:40 [INFO]   https://athletics.holyfamily.edu
13:34:40 [INFO]   Parsed: 15 players, Matched: 10, Wt: +10, Unmatched: 5
13:34:40 [INFO] 
[119/290] Ill. Springfield
13:34:41 [INFO] HTTP Request: GET https://www.ncaa.com/schools/ill-springfield "HTTP/1.1 200 OK"
13:34:43 [INFO] HTTP Request: GET https://uisprairiestars.com/sports/mens-basketball/roster "HTTP/1.1 200 OK"
13:34:43 [INFO]   https://uisprairiestars.com
13:34:43 [INFO]   Parsed: 15 players, Matched: 14, Wt: +7, Unmatched: 1
13:34:43 [INFO] 
[120/290] Indiana (PA)
13:34:45 [INFO] HTTP Request: GET https://www.ncaa.com/schools/indiana-pa "HTTP/1.1 200 OK"
13:34:47 [INFO] HTTP Request: GET https://iupathletics.com/sports/mens-basketball/roster "HTTP/1.1 200 OK"
13:34:48 [INFO]   https://iupathletics.com
13:34:48 [INFO]   Parsed: 13 players, Matched: 12, Wt: +11, Unmatched: 1
13:34:48 [INFO] 
[121/290] Jefferson
13:34:49 [INFO] HTTP Request: GET https://www.ncaa.com/schools/philadelphia-u "HTTP/1.1 200 OK"
13:34:52 [INFO] HTTP Request: GET https://jeffersonrams.com/sports/mens-basketball/roster "HTTP/1.1 200 OK"
13:34:53 [INFO]   https://jeffersonrams.com/landing/index
13:34:53 [INFO]   Parsed: 20 players, Matched: 15, Wt: +14, Unmatched: 5
13:34:53 [INFO] 
[122/290] Jessup
13:34:54 [INFO] HTTP Request: GET https://www.ncaa.com/schools/jessup "HTTP/1.1 200 OK"
13:34:56 [INFO] HTTP Request: GET https://jessupathletics.com/sports/mens-basketball/roster "HTTP/1.1 200 OK"
13:34:56 [INFO]   https://jessupathletics.com
13:34:56 [INFO]   Parsed: 17 players, Matched: 3, Wt: +3, Unmatched: 14
13:34:56 [INFO] 
[123/290] Johnson C. Smith
13:34:57 [INFO] HTTP Request: GET https://www.ncaa.com/schools/johnson-c-smith "HTTP/1.1 200 OK"
13:35:00 [INFO] HTTP Request: GET https://goldenbullsports.com/sports/mens-basketball/roster "HTTP/1.1 200 OK"
13:35:00 [INFO]   https://goldenbullsports.com
13:35:00 [INFO]   Parsed: 16 players, Matched: 11, Wt: +11, Unmatched: 5
13:35:00 [INFO] 
[124/290] Kentucky St.
13:35:01 [INFO] HTTP Request: GET https://www.ncaa.com/schools/kentucky-st "HTTP/1.1 200 OK"
13:35:04 [INFO] HTTP Request: GET https://ksuthorobreds.com/sports/mens-basketball/roster "HTTP/1.1 200 OK"
13:35:05 [INFO]   Roster parsed (14 players) but no weight column/data
13:35:05 [INFO] 
[125/290] King (TN)
13:35:05 [INFO] HTTP Request: GET https://www.ncaa.com/schools/king-tn "HTTP/1.1 200 OK"
13:35:07 [INFO] HTTP Request: GET https://kingtornado.com/sports/mens-basketball/roster "HTTP/1.1 404 Not Found"
13:35:07 [INFO]   Roster page: HTTP 404 (https://kingtornado.com/sports/mens-basketball/roster)
13:35:07 [INFO] 
[126/290] Kutztown
13:35:09 [INFO] HTTP Request: GET https://www.ncaa.com/schools/kutztown "HTTP/1.1 200 OK"
13:35:11 [INFO] HTTP Request: GET https://kubears.com/sports/mens-basketball/roster "HTTP/1.1 200 OK"
13:35:12 [INFO]   https://kubears.com
13:35:12 [INFO]   Parsed: 14 players, Matched: 13, Wt: +13, Unmatched: 1
13:35:12 [INFO] 
[127/290] Ky. Wesleyan
13:35:13 [INFO] HTTP Request: GET https://www.ncaa.com/schools/ky-wesleyan "HTTP/1.1 200 OK"
13:35:16 [INFO] HTTP Request: GET https://kwcpanthers.com/sports/mens-basketball/roster "HTTP/1.1 200 OK"
13:35:17 [INFO]   https://kwcpanthers.com
13:35:17 [INFO]   Parsed: 16 players, Matched: 13, Wt: +13, Unmatched: 3
13:35:17 [INFO] 
[128/290] Lake Erie
13:35:17 [INFO] HTTP Request: GET https://www.ncaa.com/schools/lake-erie "HTTP/1.1 200 OK"
13:35:20 [INFO] HTTP Request: GET https://lakeeriestorm.com/sports/mens-basketball/roster "HTTP/1.1 200 OK"
13:35:20 [INFO]   https://lakeeriestorm.com
13:35:20 [INFO]   Parsed: 26 players, Matched: 13, Wt: +13, Unmatched: 13
13:35:20 [INFO] 
[129/290] Lake Superior St.
13:35:21 [INFO] HTTP Request: GET https://www.ncaa.com/schools/lake-superior-st "HTTP/1.1 200 OK"
13:35:24 [INFO] HTTP Request: GET https://lssulakers.com/sports/mens-basketball/roster "HTTP/1.1 200 OK"
13:35:25 [INFO]   https://lssulakers.com
13:35:25 [INFO]   Parsed: 16 players, Matched: 14, Wt: +10, Unmatched: 2
13:35:25 [INFO] 
[130/290] Lander
13:35:25 [INFO] HTTP Request: GET https://www.ncaa.com/schools/lander "HTTP/1.1 200 OK"
13:35:27 [INFO] HTTP Request: GET https://landerbearcats.com/sports/mens-basketball/roster "HTTP/1.1 200 OK"
13:35:27 [INFO]   https://landerbearcats.com
13:35:27 [INFO]   Parsed: 17 players, Matched: 13, Wt: +13, Unmatched: 4
13:35:27 [INFO] 
[131/290] Lane
13:35:29 [INFO] HTTP Request: GET https://www.ncaa.com/schools/lane "HTTP/1.1 200 OK"
13:35:31 [INFO] HTTP Request: GET https://golcdragons.com/sports/mens-basketball/roster "HTTP/1.1 200 OK"
13:35:31 [INFO]   Roster parsed (13 players) but no weight column/data
13:35:31 [INFO] 
[132/290] Lee
13:35:33 [INFO] HTTP Request: GET https://www.ncaa.com/schools/lee "HTTP/1.1 200 OK"
13:35:36 [INFO] HTTP Request: GET https://goleeflames.com/sports/mens-basketball/roster "HTTP/1.1 301 Moved Permanently"
13:35:37 [INFO] HTTP Request: GET https://leeuflames.com/sports/mens-basketball/roster "HTTP/1.1 200 OK"
13:35:37 [INFO]   https://goleeflames.com
13:35:37 [INFO]   Parsed: 16 players, Matched: 14, Wt: +14, Unmatched: 2
13:35:37 [INFO] 
[133/290] Lees-McRae
13:35:37 [INFO] HTTP Request: GET https://www.ncaa.com/schools/lees-mcrae "HTTP/1.1 200 OK"
13:35:39 [INFO] HTTP Request: GET https://lmcbobcats.com/sports/mens-basketball/roster "HTTP/1.1 200 OK"
13:35:40 [INFO]   https://lmcbobcats.com
13:35:40 [INFO]   Parsed: 22 players, Matched: 11, Wt: +10, Unmatched: 11
13:35:40 [INFO] 
[134/290] LeMoyne-Owen
13:35:41 [INFO] HTTP Request: GET https://www.ncaa.com/schools/lemoyne-owen "HTTP/1.1 200 OK"
13:35:43 [INFO] HTTP Request: GET https://athletics.loc.edu/sports/mens-basketball/roster "HTTP/1.1 200 OK"
13:35:43 [INFO]   Roster parsed (12 players) but no weight column/data
13:35:43 [INFO] 
[135/290] Lenoir-Rhyne
13:35:45 [INFO] HTTP Request: GET https://www.ncaa.com/schools/lenoir-rhyne "HTTP/1.1 200 OK"
13:35:48 [INFO] HTTP Request: GET https://lrbears.com/sports/mens-basketball/roster "HTTP/1.1 200 OK"
13:35:49 [INFO]   https://lrbears.com
13:35:49 [INFO]   Parsed: 17 players, Matched: 15, Wt: +15, Unmatched: 2
13:35:49 [INFO] 
[136/290] Lewis
13:35:49 [INFO] HTTP Request: GET https://www.ncaa.com/schools/lewis "HTTP/1.1 200 OK"
13:35:52 [INFO] HTTP Request: GET https://lewisflyers.com/sports/mens-basketball/roster "HTTP/1.1 200 OK"
13:35:52 [INFO]   Roster parsed (13 players) but no weight column/data
13:35:52 [INFO] 
[137/290] Lincoln (MO)
13:35:53 [INFO] HTTP Request: GET https://www.ncaa.com/schools/lincoln-mo "HTTP/1.1 200 OK"
13:35:56 [INFO] HTTP Request: GET https://lubluetigers.com/sports/mens-basketball/roster "HTTP/1.1 200 OK"
13:35:56 [INFO]   https://lubluetigers.com
13:35:56 [INFO]   Parsed: 13 players, Matched: 11, Wt: +11, Unmatched: 2
13:35:56 [INFO] 
[138/290] Lincoln (PA)
13:35:57 [INFO] HTTP Request: GET https://www.ncaa.com/schools/lincoln-pa "HTTP/1.1 200 OK"
13:36:00 [INFO] HTTP Request: GET https://lulions.com/sports/mens-basketball/roster "HTTP/1.1 200 OK"
13:36:00 [INFO]   Roster parsed (13 players) but no weight column/data
13:36:00 [INFO] 
[139/290] Lincoln Memorial
13:36:02 [INFO] HTTP Request: GET https://www.ncaa.com/schools/lincoln-memorial "HTTP/1.1 200 OK"
13:36:04 [INFO] HTTP Request: GET https://lmurailsplitters.com/sports/mens-basketball/roster "HTTP/1.1 200 OK"
13:36:04 [INFO]   https://lmurailsplitters.com
13:36:04 [INFO]   Parsed: 18 players, Matched: 16, Wt: +16, Unmatched: 2
13:36:04 [INFO] 
[140/290] Livingstone
13:36:05 [INFO] HTTP Request: GET https://www.ncaa.com/schools/livingstone "HTTP/1.1 200 OK"
13:36:08 [INFO] HTTP Request: GET https://bluebearathletics.com/sports/mens-basketball/roster "HTTP/1.1 200 OK"
13:36:08 [INFO]   Roster parsed (23 players) but no weight column/data
13:36:08 [INFO] 
[141/290] Lock Haven
13:36:09 [INFO] HTTP Request: GET https://www.ncaa.com/schools/lock-haven "HTTP/1.1 200 OK"
13:36:12 [INFO] HTTP Request: GET https://golhu.com/sports/mens-basketball/roster "HTTP/1.1 301 Moved Permanently"
13:36:13 [INFO] HTTP Request: GET https://www.lockhavenathletics.com/sports/mens-basketball/roster "HTTP/1.1 200 OK"
13:36:14 [INFO]   https://golhu.com
13:36:14 [INFO]   Parsed: 15 players, Matched: 12, Wt: +12, Unmatched: 3
13:36:14 [INFO] 
[142/290] Lubbock Christian
13:36:14 [INFO] HTTP Request: GET https://www.ncaa.com/schools/lubbock-christian "HTTP/1.1 200 OK"
13:36:16 [INFO] HTTP Request: GET https://lcuchaps.com/sports/mens-basketball/roster "HTTP/1.1 200 OK"
13:36:17 [INFO]   https://lcuchaps.com
13:36:17 [INFO]   Parsed: 14 players, Matched: 13, Wt: +13, Unmatched: 1
13:36:17 [INFO] 
[143/290] Lynn
13:36:18 [INFO] HTTP Request: GET https://www.ncaa.com/schools/lynn "HTTP/1.1 200 OK"
13:36:21 [INFO] HTTP Request: GET https://lynnfightingknights.com/sports/mens-basketball/roster "HTTP/1.1 200 OK"
13:36:21 [INFO]   https://lynnfightingknights.com
13:36:21 [INFO]   Parsed: 17 players, Matched: 16, Wt: +16, Unmatched: 1
13:36:21 [INFO] 
[144/290] Malone
13:36:22 [INFO] HTTP Request: GET https://www.ncaa.com/schools/malone "HTTP/1.1 200 OK"
13:36:25 [INFO] HTTP Request: GET https://malonepioneers.com/sports/mens-basketball/roster "HTTP/1.1 200 OK"
13:36:25 [INFO]   Roster parsed (18 players) but no weight column/data
13:36:25 [INFO] 
[145/290] Mansfield
13:36:26 [INFO] HTTP Request: GET https://www.ncaa.com/schools/mansfield "HTTP/1.1 200 OK"
13:36:29 [INFO] HTTP Request: GET https://gomounties.com/sports/mens-basketball/roster "HTTP/1.1 200 OK"
13:36:29 [INFO]   Roster parsed (11 players) but no weight column/data
13:36:29 [INFO] 
[146/290] Mary
13:36:30 [INFO] HTTP Request: GET https://www.ncaa.com/schools/mary "HTTP/1.1 200 OK"
13:36:32 [INFO] HTTP Request: GET https://goumary.com/sports/mens-basketball/roster "HTTP/1.1 200 OK"
13:36:33 [INFO]   https://goumary.com
13:36:33 [INFO]   Parsed: 16 players, Matched: 13, Wt: +11, Unmatched: 3
13:36:33 [INFO] 
[147/290] Maryville (MO)
13:36:34 [INFO] HTTP Request: GET https://www.ncaa.com/schools/maryville-mo "HTTP/1.1 200 OK"
13:36:37 [INFO] HTTP Request: GET https://maryvillesaints.com/sports/mens-basketball/roster "HTTP/1.1 200 OK"
13:36:37 [INFO]   https://maryvillesaints.com/
13:36:37 [INFO]   Parsed: 14 players, Matched: 12, Wt: +12, Unmatched: 2
13:36:37 [INFO] 
[148/290] McKendree
13:36:38 [INFO] HTTP Request: GET https://www.ncaa.com/schools/mckendree "HTTP/1.1 200 OK"
13:36:41 [INFO] HTTP Request: GET https://mckbearcats.com/sports/mens-basketball/roster "HTTP/1.1 200 OK"
13:36:42 [INFO]   Roster parsed (15 players) but no weight column/data
13:36:42 [INFO] 
[149/290] Menlo
13:36:42 [INFO] HTTP Request: GET https://www.ncaa.com/schools/menlo "HTTP/1.1 200 OK"
13:36:42 [INFO]   No athletics URL found
13:36:42 [INFO] 
[150/290] Mercy
13:36:44 [INFO] HTTP Request: GET https://www.ncaa.com/schools/mercy "HTTP/1.1 200 OK"
13:36:47 [INFO] HTTP Request: GET https://mercyathletics.com/sports/mens-basketball/roster "HTTP/1.1 200 OK"
13:36:47 [INFO]   https://mercyathletics.com
13:36:47 [INFO]   Parsed: 11 players, Matched: 0, Wt: +0, Unmatched: 11
13:36:47 [INFO] 
[151/290] Michigan Tech
13:36:48 [INFO] HTTP Request: GET https://www.ncaa.com/schools/michigan-tech "HTTP/1.1 200 OK"
13:36:51 [INFO] HTTP Request: GET https://michigantechhuskies.com/sports/mens-basketball/roster "HTTP/1.1 200 OK"
13:36:51 [INFO]   https://michigantechhuskies.com
13:36:51 [INFO]   Parsed: 18 players, Matched: 15, Wt: +13, Unmatched: 3
13:36:51 [INFO] 
[152/290] Midwestern St.
13:36:52 [INFO] HTTP Request: GET https://www.ncaa.com/schools/midwestern-st "HTTP/1.1 200 OK"
13:36:55 [INFO] HTTP Request: GET https://msumustangs.com/sports/mens-basketball/roster "HTTP/1.1 200 OK"
13:36:56 [INFO]   https://msumustangs.com
13:36:56 [INFO]   Parsed: 13 players, Matched: 12, Wt: +12, Unmatched: 1
13:36:56 [INFO] 
[153/290] Miles
13:36:56 [INFO] HTTP Request: GET https://www.ncaa.com/schools/miles "HTTP/1.1 200 OK"
13:36:59 [INFO] HTTP Request: GET https://milesgoldenbears.com/sports/mens-basketball/roster "HTTP/1.1 200 OK"
13:36:59 [INFO]   https://milesgoldenbears.com/
13:36:59 [INFO]   Parsed: 20 players, Matched: 2, Wt: +2, Unmatched: 18
13:36:59 [INFO] 
[154/290] Millersville
13:37:00 [INFO] HTTP Request: GET https://www.ncaa.com/schools/millersville "HTTP/1.1 200 OK"
13:37:03 [INFO] HTTP Request: GET https://millersvilleathletics.com/sports/mens-basketball/roster "HTTP/1.1 200 OK"
13:37:03 [INFO]   https://millersvilleathletics.com/
13:37:03 [INFO]   Parsed: 16 players, Matched: 10, Wt: +10, Unmatched: 6
13:37:03 [INFO] 
[155/290] Minn. Duluth
13:37:04 [INFO] HTTP Request: GET https://www.ncaa.com/schools/minn-duluth "HTTP/1.1 200 OK"
13:37:07 [INFO] HTTP Request: GET https://umdbulldogs.com/sports/mens-basketball/roster "HTTP/1.1 200 OK"
13:37:07 [INFO]   Roster parsed (16 players) but no weight column/data
13:37:07 [INFO] 
[156/290] Minn.-Crookston
13:37:08 [INFO] HTTP Request: GET https://www.ncaa.com/schools/minn-crookston "HTTP/1.1 200 OK"
13:37:11 [INFO] HTTP Request: GET https://goldeneaglesports.com/sports/mens-basketball/roster "HTTP/1.1 200 OK"
13:37:11 [INFO]   https://goldeneaglesports.com/
13:37:11 [INFO]   Parsed: 16 players, Matched: 12, Wt: +12, Unmatched: 4
13:37:11 [INFO] 
[157/290] Minnesota St.
13:37:13 [INFO] HTTP Request: GET https://www.ncaa.com/schools/minnesota-st "HTTP/1.1 404 Not Found"
13:37:13 [INFO]   No athletics URL found
13:37:13 [INFO] 
[158/290] Minot St.
13:37:15 [INFO] HTTP Request: GET https://www.ncaa.com/schools/minot-st "HTTP/1.1 200 OK"
13:37:17 [INFO] HTTP Request: GET https://msubeavers.com/sports/mens-basketball/roster "HTTP/1.1 200 OK"
13:37:18 [INFO]   https://msubeavers.com
13:37:18 [INFO]   Parsed: 15 players, Matched: 10, Wt: +10, Unmatched: 5
13:37:18 [INFO] 
[159/290] Mississippi Col.
13:37:19 [INFO] HTTP Request: GET https://www.ncaa.com/schools/mississippi-col "HTTP/1.1 200 OK"
13:37:21 [INFO] HTTP Request: GET https://gochoctaws.com/sports/mens-basketball/roster "HTTP/1.1 301 Moved Permanently"
13:37:21 [INFO] HTTP Request: GET https://www.gochoctaws.com/sports/mens-basketball/roster "HTTP/1.1 200 OK"
13:37:22 [INFO]   https://gochoctaws.com
13:37:22 [INFO]   Parsed: 17 players, Matched: 16, Wt: +16, Unmatched: 1
13:37:22 [INFO] 
[160/290] Missouri S&T
13:37:22 [INFO] HTTP Request: GET https://www.ncaa.com/schools/missouri-st "HTTP/1.1 200 OK"
13:37:25 [INFO] HTTP Request: GET https://missouristatebears.com/sports/mens-basketball/roster "HTTP/1.1 200 OK"
13:37:25 [INFO]   https://missouristatebears.com
13:37:25 [INFO]   Parsed: 13 players, Matched: 0, Wt: +0, Unmatched: 13
13:37:25 [INFO] 
[161/290] Missouri Western
13:37:26 [INFO] HTTP Request: GET https://www.ncaa.com/schools/missouri-western "HTTP/1.1 404 Not Found"
13:37:26 [INFO]   No athletics URL found
13:37:26 [INFO] 
[162/290] Mo. Southern St.
13:37:28 [INFO] HTTP Request: GET https://www.ncaa.com/schools/mo-southern-st "HTTP/1.1 200 OK"
13:37:31 [INFO] HTTP Request: GET https://mssulions.com/sports/mens-basketball/roster "HTTP/1.1 200 OK"
13:37:31 [INFO]   https://mssulions.com
13:37:31 [INFO]   Parsed: 15 players, Matched: 13, Wt: +13, Unmatched: 2
13:37:31 [INFO] 
[163/290] Mo.-St. Louis
13:37:32 [INFO] HTTP Request: GET https://www.ncaa.com/schools/mo-st-louis "HTTP/1.1 200 OK"
13:37:35 [INFO] HTTP Request: GET https://umsltritons.com/sports/mens-basketball/roster "HTTP/1.1 200 OK"
13:37:35 [INFO]   https://umsltritons.com
13:37:35 [INFO]   Parsed: 14 players, Matched: 14, Wt: +14, Unmatched: 0
13:37:35 [INFO] 
[164/290] Molloy
13:37:36 [INFO] HTTP Request: GET https://www.ncaa.com/schools/molloy "HTTP/1.1 200 OK"
13:37:38 [INFO] HTTP Request: GET https://molloylions.com/sports/mens-basketball/roster "HTTP/1.1 404 Not Found"
13:37:38 [INFO]   Roster page: HTTP 404 (https://molloylions.com/sports/mens-basketball/roster)
13:37:38 [INFO] 
[165/290] Mont. St. Billings
13:37:40 [INFO] HTTP Request: GET https://www.ncaa.com/schools/mont-st-billings "HTTP/1.1 200 OK"
13:37:43 [INFO] HTTP Request: GET https://msubsports.com/sports/mens-basketball/roster "HTTP/1.1 200 OK"
13:37:43 [INFO]   Roster parsed (13 players) but no weight column/data
13:37:43 [INFO] 
[166/290] Montevallo
13:37:44 [INFO] HTTP Request: GET https://www.ncaa.com/schools/montevallo "HTTP/1.1 200 OK"
13:37:47 [INFO] HTTP Request: GET https://montevallofalcons.com/sports/mens-basketball/roster "HTTP/1.1 200 OK"
13:37:48 [INFO]   Roster parsed (16 players) but no weight column/data
13:37:48 [INFO] 
[167/290] Morehouse
13:37:48 [INFO] HTTP Request: GET https://www.ncaa.com/schools/morehouse "HTTP/1.1 200 OK"
13:37:51 [INFO] HTTP Request: GET https://athletics.morehouse.edu/sports/mens-basketball/roster "HTTP/1.1 301 Moved Permanently"
13:37:51 [INFO] HTTP Request: GET https://morehouseathletics.com/sports/mens-basketball/roster "HTTP/1.1 200 OK"
13:37:51 [INFO]   Roster parsed (19 players) but no weight column/data
13:37:51 [INFO] 
[168/290] Mount Olive
13:37:52 [INFO] HTTP Request: GET https://www.ncaa.com/schools/mount-olive "HTTP/1.1 200 OK"
13:37:55 [INFO] HTTP Request: GET https://umotrojans.com/sports/mens-basketball/roster "HTTP/1.1 200 OK"
13:37:55 [INFO]   https://umotrojans.com
13:37:55 [INFO]   Parsed: 16 players, Matched: 4, Wt: +3, Unmatched: 12
13:37:55 [INFO] 
[169/290] MSU Denver
13:37:56 [INFO] HTTP Request: GET https://www.ncaa.com/schools/msu-denver "HTTP/1.1 404 Not Found"
13:37:56 [INFO]   No athletics URL found
13:37:56 [INFO] 
[170/290] MSU Moorhead
13:37:59 [INFO] HTTP Request: GET https://www.ncaa.com/schools/msu-moorhead "HTTP/1.1 404 Not Found"
13:37:59 [INFO]   No athletics URL found
13:37:59 [INFO] 
[171/290] N.M. Highlands
13:38:00 [INFO] HTTP Request: GET https://www.ncaa.com/schools/nm-highlands "HTTP/1.1 200 OK"
13:38:05 [INFO] HTTP Request: GET https://nmhucowboys.com/sports/mens-basketball/roster "HTTP/1.1 301 Moved Permanently"
13:38:05 [INFO] HTTP Request: GET https://nmhuathletics.com/sports/mens-basketball/roster "HTTP/1.1 200 OK"
13:38:05 [INFO]   Roster parsed (39 players) but no weight column/data
13:38:05 [INFO] 
[172/290] Neb.-Kearney
13:38:06 [INFO] HTTP Request: GET https://www.ncaa.com/schools/neb-kearney "HTTP/1.1 200 OK"
13:38:11 [INFO] HTTP Request: GET https://www.lopers.com/sports/mens-basketball/roster "HTTP/1.1 301 Moved Permanently"
13:38:11 [INFO] HTTP Request: GET https://lopers.com/sports/mens-basketball/roster "HTTP/1.1 200 OK"
13:38:12 [INFO]   https://www.lopers.com
13:38:12 [INFO]   Parsed: 18 players, Matched: 12, Wt: +12, Unmatched: 6
13:38:12 [INFO] 
[173/290] Newberry
13:38:13 [INFO] HTTP Request: GET https://www.ncaa.com/schools/newberry "HTTP/1.1 200 OK"
13:38:15 [INFO] HTTP Request: GET https://newberrywolves.com/sports/mens-basketball/roster "HTTP/1.1 200 OK"
13:38:15 [INFO]   https://newberrywolves.com
13:38:15 [INFO]   Parsed: 19 players, Matched: 15, Wt: +13, Unmatched: 4
13:38:15 [INFO] 
[174/290] Newman
13:38:16 [INFO] HTTP Request: GET https://www.ncaa.com/schools/newman "HTTP/1.1 200 OK"
13:38:19 [INFO] HTTP Request: GET https://newmanjets.com/sports/mens-basketball/roster "HTTP/1.1 200 OK"
13:38:19 [INFO]   Roster parsed (5 players) but no weight column/data
13:38:19 [INFO] 
[175/290] North Georgia
13:38:20 [INFO] HTTP Request: GET https://www.ncaa.com/schools/north-georgia "HTTP/1.1 200 OK"
13:38:22 [INFO] HTTP Request: GET https://ungathletics.com/sports/mens-basketball/roster "HTTP/1.1 200 OK"
13:38:23 [INFO]   https://UNGAthletics.com
13:38:23 [INFO]   Parsed: 15 players, Matched: 13, Wt: +13, Unmatched: 2
13:38:23 [INFO] 
[176/290] North Greenville
13:38:24 [INFO] HTTP Request: GET https://www.ncaa.com/schools/north-greenville "HTTP/1.1 200 OK"
13:38:26 [INFO]   Roster fetch error: [SSL: TLSV1_ALERT_PROTOCOL_VERSION] tlsv1 alert protocol ver
13:38:26 [INFO] 
[177/290] Northeastern St.
13:38:28 [INFO] HTTP Request: GET https://www.ncaa.com/schools/northeastern-st "HTTP/1.1 200 OK"
13:38:31 [INFO] HTTP Request: GET https://goriverhawksgo.com/sports/mens-basketball/roster "HTTP/1.1 200 OK"
13:38:31 [INFO]   https://goriverhawksgo.com
13:38:31 [INFO]   Parsed: 14 players, Matched: 11, Wt: +8, Unmatched: 3
13:38:31 [INFO] 
[178/290] Northern Mich.
13:38:32 [INFO] HTTP Request: GET https://www.ncaa.com/schools/northern-mich "HTTP/1.1 200 OK"
13:38:35 [INFO] HTTP Request: GET https://nmuwildcats.com/sports/mens-basketball/roster "HTTP/1.1 200 OK"
13:38:35 [INFO]   https://nmuwildcats.com/
13:38:35 [INFO]   Parsed: 17 players, Matched: 16, Wt: +8, Unmatched: 1
13:38:35 [INFO] 
[179/290] Northern St.
13:38:36 [INFO] HTTP Request: GET https://www.ncaa.com/schools/northern-st "HTTP/1.1 200 OK"
13:38:38 [INFO] HTTP Request: GET https://nsuwolvesathletics.com/sports/mens-basketball/roster "HTTP/1.1 301 Moved Permanently"
13:38:39 [INFO] HTTP Request: GET https://nsuwolves.com/sports/mens-basketball/roster "HTTP/1.1 200 OK"
13:38:39 [INFO]   https://nsuwolvesathletics.com
13:38:39 [INFO]   Parsed: 15 players, Matched: 12, Wt: +12, Unmatched: 3
13:38:40 [INFO] 
[180/290] Northwest Mo. St.
13:38:40 [INFO] HTTP Request: GET https://www.ncaa.com/schools/northwest-mo-st "HTTP/1.1 200 OK"
13:38:43 [INFO] HTTP Request: GET https://bearcatsports.com/sports/mens-basketball/roster "HTTP/1.1 200 OK"
13:38:43 [INFO]   https://bearcatsports.com
13:38:43 [INFO]   Parsed: 14 players, Matched: 13, Wt: +13, Unmatched: 1
13:38:43 [INFO] 
[181/290] Northwest Nazarene
13:38:44 [INFO] HTTP Request: GET https://www.ncaa.com/schools/northwest-nazarene "HTTP/1.1 200 OK"
13:38:47 [INFO] HTTP Request: GET https://nnusports.com/sports/mens-basketball/roster "HTTP/1.1 200 OK"
13:38:47 [INFO]   https://nnusports.com
13:38:47 [INFO]   Parsed: 17 players, Matched: 15, Wt: +15, Unmatched: 2
13:38:47 [INFO] 
[182/290] Northwestern Okla.
13:38:48 [INFO] HTTP Request: GET https://www.ncaa.com/schools/northwestern-okla "HTTP/1.1 200 OK"
13:38:51 [INFO] HTTP Request: GET https://riderangersride.com/sports/mens-basketball/roster "HTTP/1.1 200 OK"
13:38:51 [INFO]   Roster parsed (20 players) but no weight column/data
13:38:51 [INFO] 
[183/290] Northwood
13:38:53 [INFO] HTTP Request: GET https://www.ncaa.com/schools/northwood "HTTP/1.1 404 Not Found"
13:38:53 [INFO]   No athletics URL found
13:38:53 [INFO] 
[184/290] Nova Southeastern
13:38:55 [INFO] HTTP Request: GET https://www.ncaa.com/schools/nova-southeastern "HTTP/1.1 200 OK"
13:38:57 [INFO] HTTP Request: GET https://nsusharks.com/sports/mens-basketball/roster "HTTP/1.1 200 OK"
13:38:58 [INFO]   Roster parsed (15 players) but no weight column/data
13:38:58 [INFO] 
[185/290] Ohio Dominican
13:38:58 [INFO] HTTP Request: GET https://www.ncaa.com/schools/ohio-dominican "HTTP/1.1 200 OK"
13:39:02 [INFO] HTTP Request: GET https://ohiodominicanpanthers.com/sports/mens-basketball/roster "HTTP/1.1 200 OK"
13:39:02 [INFO]   https://ohiodominicanpanthers.com
13:39:02 [INFO]   Parsed: 14 players, Matched: 11, Wt: +11, Unmatched: 3
13:39:02 [INFO] 
[186/290] Okla. Baptist
13:39:03 [INFO] HTTP Request: GET https://www.ncaa.com/schools/okla-baptist "HTTP/1.1 200 OK"
13:39:05 [INFO] HTTP Request: GET https://www.obubison.com/sports/mens-basketball/roster "HTTP/1.1 301 Moved Permanently"
13:39:06 [INFO] HTTP Request: GET https://obubison.com/sports/mens-basketball/roster "HTTP/1.1 200 OK"
13:39:06 [INFO]   https://www.obubison.com
13:39:06 [INFO]   Parsed: 16 players, Matched: 16, Wt: +16, Unmatched: 0
13:39:06 [INFO] 
[187/290] Okla. Christian
13:39:07 [INFO] HTTP Request: GET https://www.ncaa.com/schools/okla-christian "HTTP/1.1 200 OK"
13:39:09 [INFO] HTTP Request: GET https://oceagles.com/sports/mens-basketball/roster "HTTP/1.1 200 OK"
13:39:09 [INFO]   Roster parsed (16 players) but no weight column/data
13:39:09 [INFO] 
[188/290] Ouachita Baptist
13:39:11 [INFO] HTTP Request: GET https://www.ncaa.com/schools/ouachita-baptist "HTTP/1.1 200 OK"
13:39:15 [INFO] HTTP Request: GET https://obutigers.com/sports/mens-basketball/roster "HTTP/1.1 200 OK"
13:39:16 [INFO]   https://obutigers.com
13:39:16 [INFO]   Parsed: 15 players, Matched: 15, Wt: +15, Unmatched: 0
13:39:16 [INFO] 
[189/290] P.R.-Bayamon
13:39:17 [INFO] HTTP Request: GET https://www.ncaa.com/schools/pr-bayamon "HTTP/1.1 200 OK"
13:39:17 [INFO]   No athletics URL found
13:39:17 [INFO] 
[190/290] P.R.-Mayaguez
13:39:18 [INFO] HTTP Request: GET https://www.ncaa.com/schools/pr-mayaguez "HTTP/1.1 200 OK"
13:39:18 [INFO]   No athletics URL found
13:39:18 [INFO] 
[191/290] P.R.-Rio Piedras
13:39:20 [INFO] HTTP Request: GET https://www.ncaa.com/schools/pr-rio-piedras "HTTP/1.1 200 OK"
13:39:20 [INFO]   No athletics URL found
13:39:20 [INFO] 
[192/290] Pace
13:39:22 [INFO] HTTP Request: GET https://www.ncaa.com/schools/pace "HTTP/1.1 200 OK"
13:39:25 [INFO] HTTP Request: GET https://pacesettersathletics.com/sports/mens-basketball/roster "HTTP/1.1 301 Moved Permanently"
13:39:26 [INFO] HTTP Request: GET https://paceuathletics.com/sports/mens-basketball/roster "HTTP/1.1 200 OK"
13:39:26 [INFO]   https://pacesettersathletics.com
13:39:26 [INFO]   Parsed: 15 players, Matched: 12, Wt: +12, Unmatched: 3
13:39:26 [INFO] 
[193/290] Palm Beach Atl.
13:39:27 [INFO] HTTP Request: GET https://www.ncaa.com/schools/palm-beach-atl "HTTP/1.1 200 OK"
13:39:29 [INFO] HTTP Request: GET https://pbasailfish.com/sports/mens-basketball/roster "HTTP/1.1 200 OK"
13:39:29 [INFO]   https://pbasailfish.com
13:39:29 [INFO]   Parsed: 16 players, Matched: 14, Wt: +14, Unmatched: 2
13:39:29 [INFO] 
[194/290] Pitt.-Johnstown
13:39:30 [INFO] HTTP Request: GET https://www.ncaa.com/schools/pitt-johnstown "HTTP/1.1 200 OK"
13:39:33 [INFO] HTTP Request: GET https://pittjohnstownathletics.com/sports/mens-basketball/roster "HTTP/1.1 200 OK"
13:39:33 [INFO]   https://pittjohnstownathletics.com/
13:39:33 [INFO]   Parsed: 18 players, Matched: 14, Wt: +14, Unmatched: 4
13:39:33 [INFO] 
[195/290] Pittsburg St.
13:39:34 [INFO] HTTP Request: GET https://www.ncaa.com/schools/pittsburg-st "HTTP/1.1 200 OK"
13:39:38 [INFO] HTTP Request: GET https://www.pittstategorillas.com/sports/mens-basketball/roster "HTTP/1.1 301 Moved Permanently"
13:39:39 [INFO] HTTP Request: GET https://pittstategorillas.com/sports/mens-basketball/roster "HTTP/1.1 200 OK"
13:39:39 [INFO]   https://www.pittstategorillas.com/splash.aspx
13:39:39 [INFO]   Parsed: 18 players, Matched: 16, Wt: +16, Unmatched: 2
13:39:39 [INFO] 
[196/290] Point Loma
13:39:39 [INFO] HTTP Request: GET https://www.ncaa.com/schools/point-loma "HTTP/1.1 200 OK"
13:39:42 [INFO] HTTP Request: GET https://plnusealions.com/sports/mens-basketball/roster "HTTP/1.1 200 OK"
13:39:42 [INFO]   https://plnusealions.com
13:39:42 [INFO]   Parsed: 18 players, Matched: 13, Wt: +13, Unmatched: 5
13:39:42 [INFO] 
[197/290] Post
13:39:44 [INFO] HTTP Request: GET https://www.ncaa.com/schools/post "HTTP/1.1 200 OK"
13:39:46 [INFO] HTTP Request: GET https://posteagles.com/sports/mens-basketball/roster "HTTP/1.1 200 OK"
13:39:47 [INFO]   https://posteagles.com
13:39:47 [INFO]   Parsed: 26 players, Matched: 12, Wt: +12, Unmatched: 14
13:39:47 [INFO] 
[198/290] Purdue Northwest
13:39:48 [INFO] HTTP Request: GET https://www.ncaa.com/schools/purdue-northwest "HTTP/1.1 200 OK"
13:39:49 [INFO]   Roster fetch error: [Errno 8] nodename nor servname provided, or not known
13:39:49 [INFO] 
[199/290] Queens (NY)
13:39:52 [INFO] HTTP Request: GET https://www.ncaa.com/schools/queens-ny "HTTP/1.1 200 OK"
13:39:54 [INFO] HTTP Request: GET https://queensknights.com/sports/mens-basketball/roster "HTTP/1.1 200 OK"
13:39:54 [INFO]   https://queensknights.com
13:39:54 [INFO]   Parsed: 13 players, Matched: 11, Wt: +11, Unmatched: 2
13:39:54 [INFO] 
[200/290] Quincy
13:39:55 [INFO] HTTP Request: GET https://www.ncaa.com/schools/quincy "HTTP/1.1 200 OK"
13:39:59 [INFO] HTTP Request: GET https://quhawks.com/sports/mens-basketball/roster "HTTP/1.1 200 OK"
13:40:00 [INFO]   Roster parsed (13 players) but no weight column/data
13:40:00 [INFO] 
[201/290] Regis (CO)
13:40:01 [INFO] HTTP Request: GET https://www.ncaa.com/schools/regis-co "HTTP/1.1 200 OK"
13:40:04 [INFO] HTTP Request: GET https://regisrangers.com/sports/mens-basketball/roster "HTTP/1.1 200 OK"
13:40:04 [INFO]   https://regisrangers.com
13:40:04 [INFO]   Parsed: 15 players, Matched: 9, Wt: +9, Unmatched: 6
13:40:04 [INFO] 
[202/290] Roberts Wesleyan
13:40:05 [INFO] HTTP Request: GET https://www.ncaa.com/schools/roberts-wesleyan "HTTP/1.1 200 OK"
13:40:07 [INFO] HTTP Request: GET https://athletics.roberts.edu/sports/mens-basketball/roster "HTTP/1.1 301 Moved Permanently"
13:40:09 [INFO] HTTP Request: GET https://robertsredhawks.com/sports/mens-basketball/roster "HTTP/1.1 200 OK"
13:40:09 [INFO]   https://athletics.roberts.edu
13:40:09 [INFO]   Parsed: 20 players, Matched: 15, Wt: +14, Unmatched: 5
13:40:09 [INFO] 
[203/290] Rockhurst
13:40:10 [INFO] HTTP Request: GET https://www.ncaa.com/schools/rockhurst "HTTP/1.1 200 OK"
13:40:14 [INFO] HTTP Request: GET https://rockhursthawks.com/sports/mens-basketball/roster "HTTP/1.1 200 OK"
13:40:14 [INFO]   https://rockhursthawks.com/
13:40:14 [INFO]   Parsed: 17 players, Matched: 15, Wt: +14, Unmatched: 2
13:40:14 [INFO] 
[204/290] Rogers St.
13:40:15 [INFO] HTTP Request: GET https://www.ncaa.com/schools/rogers-st "HTTP/1.1 200 OK"
13:40:20 [INFO] HTTP Request: GET https://rsuhillcats.com/sports/mens-basketball/roster "HTTP/1.1 200 OK"
13:40:21 [INFO]   https://rsuhillcats.com/
13:40:21 [INFO]   Parsed: 13 players, Matched: 13, Wt: +13, Unmatched: 0
13:40:21 [INFO] 
[205/290] Rollins
13:40:25 [INFO] HTTP Request: GET https://www.ncaa.com/schools/rollins "HTTP/1.1 200 OK"
13:40:26 [INFO] HTTP Request: GET https://rollinssports.com/sports/mens-basketball/roster "HTTP/1.1 200 OK"
13:40:26 [INFO]   https://rollinssports.com
13:40:26 [INFO]   Parsed: 15 players, Matched: 14, Wt: +13, Unmatched: 1
13:40:26 [INFO] 
[206/290] Saginaw Valley
13:40:29 [INFO] HTTP Request: GET https://www.ncaa.com/schools/saginaw-valley "HTTP/1.1 200 OK"
13:40:31 [INFO] HTTP Request: GET https://svsucardinals.com/sports/mens-basketball/roster "HTTP/1.1 403 Forbidden"
13:40:31 [INFO]   Roster page: HTTP 403 (https://svsucardinals.com/sports/mens-basketball/roster)
13:40:31 [INFO] 
[207/290] Saint Anselm
13:40:32 [INFO] HTTP Request: GET https://www.ncaa.com/schools/saint-anselm "HTTP/1.1 404 Not Found"
13:40:32 [INFO]   No athletics URL found
13:40:32 [INFO] 
[208/290] Saint Leo
13:40:34 [INFO] HTTP Request: GET https://www.ncaa.com/schools/saint-leo "HTTP/1.1 200 OK"
13:40:37 [INFO] HTTP Request: GET https://saintleolions.com/sports/mens-basketball/roster "HTTP/1.1 200 OK"
13:40:37 [INFO]   https://saintleolions.com
13:40:37 [INFO]   Parsed: 16 players, Matched: 13, Wt: +11, Unmatched: 3
13:40:37 [INFO] 
[209/290] Saint Martin's
13:40:38 [INFO] HTTP Request: GET https://www.ncaa.com/schools/saint-martins "HTTP/1.1 200 OK"
13:40:40 [INFO] HTTP Request: GET https://smusaints.com/sports/mens-basketball/roster "HTTP/1.1 200 OK"
13:40:40 [INFO]   https://smusaints.com
13:40:40 [INFO]   Parsed: 15 players, Matched: 10, Wt: +10, Unmatched: 5
13:40:40 [INFO] 
[210/290] Saint Michael's
13:40:42 [INFO] HTTP Request: GET https://www.ncaa.com/schools/saint-michaels "HTTP/1.1 200 OK"
13:40:44 [INFO] HTTP Request: GET https://smcathletics.com/sports/mens-basketball/roster "HTTP/1.1 200 OK"
13:40:44 [INFO]   https://smcathletics.com
13:40:44 [INFO]   Parsed: 17 players, Matched: 15, Wt: +15, Unmatched: 2
13:40:44 [INFO] 
[211/290] Salem (WV)
13:40:46 [INFO] HTTP Request: GET https://www.ncaa.com/schools/salem-wv "HTTP/1.1 404 Not Found"
13:40:46 [INFO]   No athletics URL found
13:40:46 [INFO] 
[212/290] San Fran. St.
13:40:48 [INFO] HTTP Request: GET https://www.ncaa.com/schools/san-fran-st "HTTP/1.1 200 OK"
13:40:50 [INFO] HTTP Request: GET https://sfstategators.com/sports/mens-basketball/roster "HTTP/1.1 200 OK"
13:40:50 [INFO]   https://sfstategators.com
13:40:50 [INFO]   Parsed: 16 players, Matched: 13, Wt: +12, Unmatched: 3
13:40:50 [INFO] 
[213/290] Savannah St.
13:40:52 [INFO] HTTP Request: GET https://www.ncaa.com/schools/savannah-st "HTTP/1.1 200 OK"
13:40:54 [INFO] HTTP Request: GET https://ssuathletics.com/sports/mens-basketball/roster "HTTP/1.1 200 OK"
13:40:54 [INFO]   Roster parsed (18 players) but no weight column/data
13:40:54 [INFO] 
[214/290] Seattle Pacific
13:40:56 [INFO] HTTP Request: GET https://www.ncaa.com/schools/seattle-pacific "HTTP/1.1 200 OK"
13:40:58 [INFO] HTTP Request: GET https://spufalcons.com/sports/mens-basketball/roster "HTTP/1.1 200 OK"
13:40:58 [INFO]   https://spufalcons.com
13:40:58 [INFO]   Parsed: 17 players, Matched: 0, Wt: +0, Unmatched: 17
13:40:58 [INFO] 
[215/290] Seton Hill
13:41:00 [INFO] HTTP Request: GET https://www.ncaa.com/schools/seton-hill "HTTP/1.1 200 OK"
13:41:03 [INFO] HTTP Request: GET https://athletics.setonhill.edu/sports/mens-basketball/roster "HTTP/1.1 200 OK"
13:41:03 [INFO]   https://athletics.setonhill.edu
13:41:03 [INFO]   Parsed: 18 players, Matched: 14, Wt: +14, Unmatched: 4
13:41:03 [INFO] 
[216/290] Shaw
13:41:05 [INFO] HTTP Request: GET https://www.ncaa.com/schools/shaw "HTTP/1.1 200 OK"
13:41:13 [INFO] HTTP Request: GET https://www.shawbears.com/sports/mens-basketball/roster "HTTP/1.1 301 Moved Permanently"
13:41:18 [INFO] HTTP Request: GET https://shawbears.com/sports/mens-basketball/roster "HTTP/1.1 200 OK"
13:41:20 [INFO]   Roster parsed (16 players) but no weight column/data
13:41:20 [INFO] 
[217/290] Shepherd
13:41:21 [INFO] HTTP Request: GET https://www.ncaa.com/schools/shepherd "HTTP/1.1 200 OK"
13:41:23 [INFO] HTTP Request: GET https://shepherdrams.com/sports/mens-basketball/roster "HTTP/1.1 200 OK"
13:41:23 [INFO]   https://shepherdrams.com
13:41:23 [INFO]   Parsed: 13 players, Matched: 12, Wt: +11, Unmatched: 1
13:41:23 [INFO] 
[218/290] Shippensburg
13:41:25 [INFO] HTTP Request: GET https://www.ncaa.com/schools/shippensburg "HTTP/1.1 200 OK"
13:41:27 [INFO] HTTP Request: GET https://shipraiders.com/sports/mens-basketball/roster "HTTP/1.1 200 OK"
13:41:28 [INFO]   https://shipraiders.com
13:41:28 [INFO]   Parsed: 16 players, Matched: 12, Wt: +12, Unmatched: 4
13:41:28 [INFO] 
[219/290] Shorter
13:41:29 [INFO] HTTP Request: GET https://www.ncaa.com/schools/shorter "HTTP/1.1 200 OK"
13:41:31 [INFO] HTTP Request: GET https://goshorterhawks.com/sports/mens-basketball/roster "HTTP/1.1 200 OK"
13:41:31 [INFO]   Roster parsed (12 players) but no weight column/data
13:41:31 [INFO] 
[220/290] Simon Fraser
13:41:33 [INFO] HTTP Request: GET https://www.ncaa.com/schools/simon-fraser "HTTP/1.1 200 OK"
13:41:33 [INFO]   No athletics URL found
13:41:33 [INFO] 
[221/290] Sioux Falls
13:41:35 [INFO] HTTP Request: GET https://www.ncaa.com/schools/sioux-falls "HTTP/1.1 200 OK"
13:41:38 [INFO] HTTP Request: GET https://usfcougars.com/sports/mens-basketball/roster "HTTP/1.1 200 OK"
13:41:38 [INFO]   https://usfcougars.com
13:41:38 [INFO]   Parsed: 17 players, Matched: 13, Wt: +13, Unmatched: 4
13:41:38 [INFO] 
[222/290] Slippery Rock
13:41:39 [INFO] HTTP Request: GET https://www.ncaa.com/schools/slippery-rock "HTTP/1.1 200 OK"
13:41:41 [INFO] HTTP Request: GET https://rockathletics.com/sports/mens-basketball/roster "HTTP/1.1 404 Not Found"
13:41:41 [INFO]   Roster page: HTTP 404 (https://rockathletics.com/sports/mens-basketball/roster)
13:41:41 [INFO] 
[223/290] South Dakota Mines
13:41:43 [INFO] HTTP Request: GET https://www.ncaa.com/schools/south-dakota-mines "HTTP/1.1 200 OK"
13:41:45 [INFO] HTTP Request: GET https://sdsmt.edu/sports/mens-basketball/roster "HTTP/1.1 301 Moved Permanently"
13:41:45 [INFO] HTTP Request: GET http://www.sdsmt.edu/sports/mens-basketball/roster "HTTP/1.1 301 Moved Permanently"
13:41:46 [INFO] HTTP Request: GET https://www.sdsmt.edu/sports/mens-basketball/roster "HTTP/1.1 404 Not Found"
13:41:46 [INFO]   Roster page: HTTP 404 (https://sdsmt.edu/sports/mens-basketball/roster)
13:41:46 [INFO] 
[224/290] Southeastern Okla.
13:41:47 [INFO] HTTP Request: GET https://www.ncaa.com/schools/se-oklahoma-st "HTTP/1.1 404 Not Found"
13:41:47 [INFO]   No athletics URL found
13:41:47 [INFO] 
[225/290] Southern Ark.
13:41:49 [INFO] HTTP Request: GET https://www.ncaa.com/schools/southern-ark "HTTP/1.1 200 OK"
13:41:52 [INFO] HTTP Request: GET https://muleriderathletics.com/sports/mens-basketball/roster "HTTP/1.1 200 OK"
13:41:52 [INFO]   Roster parsed (17 players) but no weight column/data
13:41:52 [INFO] 
[226/290] Southern Conn. St.
13:41:53 [INFO] HTTP Request: GET https://www.ncaa.com/schools/southern-conn-st "HTTP/1.1 200 OK"
13:41:55 [INFO] HTTP Request: GET https://southernctowls.com/sports/mens-basketball/roster "HTTP/1.1 301 Moved Permanently"
13:41:56 [INFO] HTTP Request: GET https://scsuowls.com/sports/mens-basketball/roster "HTTP/1.1 200 OK"
13:41:56 [INFO]   Roster parsed (14 players) but no weight column/data
13:41:56 [INFO] 
[227/290] Southern N.H.
13:41:57 [INFO] HTTP Request: GET https://www.ncaa.com/schools/southern-nh "HTTP/1.1 200 OK"
13:41:59 [INFO] HTTP Request: GET https://snhupenmen.com/sports/mens-basketball/roster "HTTP/1.1 200 OK"
13:41:59 [INFO]   https://snhupenmen.com
13:41:59 [INFO]   Parsed: 13 players, Matched: 13, Wt: +13, Unmatched: 0
13:41:59 [INFO] 
[228/290] Southern Nazarene
13:42:01 [INFO] HTTP Request: GET https://www.ncaa.com/schools/southern-nazarene "HTTP/1.1 200 OK"
13:42:04 [INFO] HTTP Request: GET https://snuathletics.com/sports/mens-basketball/roster "HTTP/1.1 200 OK"
13:42:04 [INFO]   Roster parsed (14 players) but no weight column/data
13:42:04 [INFO] 
[229/290] Southern Wesleyan
13:42:05 [INFO] HTTP Request: GET https://www.ncaa.com/schools/southern-wesleyan "HTTP/1.1 200 OK"
13:42:07 [INFO] HTTP Request: GET https://swuathletics.com/sports/mens-basketball/roster "HTTP/1.1 200 OK"
13:42:07 [INFO]   Roster parsed (15 players) but no weight column/data
13:42:07 [INFO] 
[230/290] Southwest Baptist
13:42:09 [INFO] HTTP Request: GET https://www.ncaa.com/schools/southwest-baptist "HTTP/1.1 200 OK"
13:42:11 [INFO] HTTP Request: GET https://sbubearcats.com/sports/mens-basketball/roster "HTTP/1.1 301 Moved Permanently"
13:42:12 [INFO] HTTP Request: GET https://www.sbubearcats.com/sports/mens-basketball/roster "HTTP/1.1 200 OK"
13:42:12 [INFO]   Roster parsed (15 players) but no weight column/data
13:42:12 [INFO] 
[231/290] Southwest Minn. St.
13:42:13 [INFO] HTTP Request: GET https://www.ncaa.com/schools/southwest-minn-st "HTTP/1.1 200 OK"
13:42:15 [INFO] HTTP Request: GET https://smsumustangs.com/sports/mens-basketball/roster "HTTP/1.1 200 OK"
13:42:16 [INFO]   https://smsumustangs.com
13:42:16 [INFO]   Parsed: 17 players, Matched: 9, Wt: +9, Unmatched: 8
13:42:16 [INFO] 
[232/290] Southwestern Okla.
13:42:17 [INFO] HTTP Request: GET https://www.ncaa.com/schools/southwestern-okla "HTTP/1.1 200 OK"
13:42:19 [INFO] HTTP Request: GET https://swosuathletics.com/sports/mens-basketball/roster "HTTP/1.1 200 OK"
13:42:19 [INFO]   https://swosuathletics.com
13:42:19 [INFO]   Parsed: 14 players, Matched: 13, Wt: +13, Unmatched: 1
13:42:19 [INFO] 
[233/290] Spring Hill
13:42:21 [INFO] HTTP Request: GET https://www.ncaa.com/schools/spring-hill "HTTP/1.1 200 OK"
13:42:23 [INFO] HTTP Request: GET https://shcbadgers.com/sports/mens-basketball/roster "HTTP/1.1 200 OK"
13:42:23 [INFO]   Roster parsed (12 players) but no weight column/data
13:42:23 [INFO] 
[234/290] St. Cloud St.
13:42:25 [INFO] HTTP Request: GET https://www.ncaa.com/schools/st-cloud-st "HTTP/1.1 200 OK"
13:42:28 [INFO] HTTP Request: GET https://scsuhuskies.com/sports/mens-basketball/roster "HTTP/1.1 200 OK"
13:42:28 [INFO]   Roster parsed (15 players) but no weight column/data
13:42:28 [INFO] 
[235/290] St. Edward's
13:42:29 [INFO] HTTP Request: GET https://www.ncaa.com/schools/st-edwards "HTTP/1.1 200 OK"
13:42:51 [INFO]   Roster fetch error: timed out
13:42:51 [INFO] 
[236/290] St. Mary's (TX)
13:42:51 [INFO] HTTP Request: GET https://www.ncaa.com/schools/st-marys-tx "HTTP/1.1 200 OK"
13:42:53 [INFO] HTTP Request: GET https://rattlerathletics.com/sports/mens-basketball/roster "HTTP/1.1 200 OK"
13:42:53 [INFO]   https://rattlerathletics.com
13:42:53 [INFO]   Parsed: 14 players, Matched: 13, Wt: +13, Unmatched: 1
13:42:53 [INFO] 
[237/290] St. Thomas Aquinas
13:42:55 [INFO] HTTP Request: GET https://www.ncaa.com/schools/st-thomas-aquinas "HTTP/1.1 200 OK"
13:42:57 [INFO] HTTP Request: GET https://stacathletics.com/sports/mens-basketball/roster "HTTP/1.1 403 Forbidden"
13:42:57 [INFO]   Roster page: HTTP 403 (https://stacathletics.com/sports/mens-basketball/roster)
13:42:57 [INFO] 
[238/290] Stanislaus St.
13:42:59 [INFO] HTTP Request: GET https://www.ncaa.com/schools/stanislaus-st "HTTP/1.1 404 Not Found"
13:42:59 [INFO]   No athletics URL found
13:42:59 [INFO] 
[239/290] Staten Island
13:43:01 [INFO] HTTP Request: GET https://www.ncaa.com/schools/staten-island "HTTP/1.1 200 OK"
13:43:04 [INFO] HTTP Request: GET https://csidolphins.com/sports/mens-basketball/roster "HTTP/1.1 200 OK"
13:43:04 [INFO]   Roster parsed (11 players) but no weight column/data
13:43:04 [INFO] 
[240/290] Sul Ross St.
13:43:05 [INFO] HTTP Request: GET https://www.ncaa.com/schools/sul-ross-st "HTTP/1.1 200 OK"
13:43:07 [INFO] HTTP Request: GET https://srlobos.com/sports/mens-basketball/roster "HTTP/1.1 200 OK"
13:43:07 [INFO]   Roster parsed (13 players) but no weight column/data
13:43:07 [INFO] 
[241/290] Tampa
13:43:09 [INFO] HTTP Request: GET https://www.ncaa.com/schools/tampa "HTTP/1.1 200 OK"
13:43:11 [INFO] HTTP Request: GET https://tampaspartans.com/sports/mens-basketball/roster "HTTP/1.1 403 Forbidden"
13:43:11 [INFO]   Roster page: HTTP 403 (https://tampaspartans.com/sports/mens-basketball/roster)
13:43:11 [INFO] 
[242/290] Tex. A&M Int'l
13:43:13 [INFO] HTTP Request: GET https://www.ncaa.com/schools/tex-am-intl "HTTP/1.1 200 OK"
13:43:16 [INFO] HTTP Request: GET https://godustdevils.com/sports/mens-basketball/roster "HTTP/1.1 200 OK"
13:43:16 [INFO]   Roster parsed (14 players) but no weight column/data
13:43:16 [INFO] 
[243/290] Tex. A&M-Kingsville
13:43:17 [INFO] HTTP Request: GET https://www.ncaa.com/schools/tex-am-kingsville "HTTP/1.1 200 OK"
13:43:19 [INFO] HTTP Request: GET https://javelinaathletics.com/sports/mens-basketball/roster "HTTP/1.1 200 OK"
13:43:19 [INFO]   https://javelinaathletics.com
13:43:19 [INFO]   Parsed: 16 players, Matched: 16, Wt: +14, Unmatched: 0
13:43:19 [INFO] 
[244/290] Texas-Dallas
13:43:21 [INFO] HTTP Request: GET https://www.ncaa.com/schools/texas-dallas "HTTP/1.1 200 OK"
13:43:23 [INFO] HTTP Request: GET https://cometsports.utdallas.edu/sports/mens-basketball/roster "HTTP/1.1 301 Moved Permanently"
13:43:24 [INFO] HTTP Request: GET https://utdcomets.com/sports/mens-basketball/roster "HTTP/1.1 200 OK"
13:43:24 [INFO]   https://cometsports.utdallas.edu
13:43:24 [INFO]   Parsed: 17 players, Matched: 12, Wt: +12, Unmatched: 5
13:43:24 [INFO] 
[245/290] Thomas More
13:43:25 [INFO] HTTP Request: GET https://www.ncaa.com/schools/thomas-more "HTTP/1.1 200 OK"
13:43:27 [INFO] HTTP Request: GET https://thomasmoresaints.com/sports/mens-basketball/roster "HTTP/1.1 200 OK"
13:43:28 [INFO]   https://thomasmoresaints.com
13:43:28 [INFO]   Parsed: 17 players, Matched: 13, Wt: +12, Unmatched: 4
13:43:28 [INFO] 
[246/290] Tiffin
13:43:29 [INFO] HTTP Request: GET https://www.ncaa.com/schools/tiffin "HTTP/1.1 200 OK"
13:43:31 [INFO] HTTP Request: GET https://gotiffindragons.com/sports/mens-basketball/roster "HTTP/1.1 200 OK"
13:43:32 [INFO]   https://gotiffindragons.com
13:43:32 [INFO]   Parsed: 19 players, Matched: 12, Wt: +12, Unmatched: 7
13:43:32 [INFO] 
[247/290] Trevecca Nazarene
13:43:33 [INFO] HTTP Request: GET https://www.ncaa.com/schools/trevecca-nazarene "HTTP/1.1 200 OK"
13:43:35 [INFO] HTTP Request: GET https://tnutrojans.com/sports/mens-basketball/roster "HTTP/1.1 200 OK"
13:43:35 [INFO]   Roster parsed (17 players) but no weight column/data
13:43:35 [INFO] 
[248/290] Truman St.
13:43:37 [INFO] HTTP Request: GET https://www.ncaa.com/schools/truman-st "HTTP/1.1 404 Not Found"
13:43:37 [INFO]   No athletics URL found
13:43:37 [INFO] 
[249/290] Tusculum
13:43:39 [INFO] HTTP Request: GET https://www.ncaa.com/schools/tusculum "HTTP/1.1 200 OK"
13:43:41 [INFO] HTTP Request: GET https://tusculumpioneers.com/sports/mens-basketball/roster "HTTP/1.1 403 Forbidden"
13:43:41 [INFO]   Roster page: HTTP 403 (https://tusculumpioneers.com/sports/mens-basketball/roster)
13:43:41 [INFO] 
[250/290] Tuskegee
13:43:43 [INFO] HTTP Request: GET https://www.ncaa.com/schools/tuskegee "HTTP/1.1 200 OK"
13:43:46 [INFO] HTTP Request: GET https://goldentigersports.com/sports/mens-basketball/roster "HTTP/1.1 200 OK"
13:43:46 [INFO]   https://goldentigersports.com
13:43:46 [INFO]   Parsed: 14 players, Matched: 12, Wt: +12, Unmatched: 2
13:43:46 [INFO] 
[251/290] UAH
13:43:48 [INFO] HTTP Request: GET https://www.ncaa.com/schools/uah "HTTP/1.1 404 Not Found"
13:43:48 [INFO]   No athletics URL found
13:43:48 [INFO] 
[252/290] UCCS
13:43:49 [INFO] HTTP Request: GET https://www.ncaa.com/schools/uccs "HTTP/1.1 404 Not Found"
13:43:49 [INFO]   No athletics URL found
13:43:49 [INFO] 
[253/290] UIndy
13:43:51 [INFO] HTTP Request: GET https://www.ncaa.com/schools/indianapolis "HTTP/1.1 200 OK"
13:43:53 [INFO]   Roster fetch error: [SSL: CERTIFICATE_VERIFY_FAILED] certificate verify failed: 
13:43:53 [INFO] 
[254/290] UNC Pembroke
13:43:55 [INFO] HTTP Request: GET https://www.ncaa.com/schools/unc-pembroke "HTTP/1.1 200 OK"
13:43:57 [INFO] HTTP Request: GET https://uncpbraves.com/sports/mens-basketball/roster "HTTP/1.1 200 OK"
13:43:57 [INFO]   https://uncpbraves.com
13:43:57 [INFO]   Parsed: 19 players, Matched: 12, Wt: +12, Unmatched: 7
13:43:57 [INFO] 
[255/290] Union (TN)
13:43:59 [INFO] HTTP Request: GET https://www.ncaa.com/schools/union-tn "HTTP/1.1 200 OK"
13:44:01 [INFO] HTTP Request: GET https://uuathletics.com/sports/mens-basketball/roster "HTTP/1.1 200 OK"
13:44:02 [INFO]   https://uuathletics.com
13:44:02 [INFO]   Parsed: 14 players, Matched: 10, Wt: +9, Unmatched: 4
13:44:02 [INFO] 
[256/290] Upper Iowa
13:44:03 [INFO] HTTP Request: GET https://www.ncaa.com/schools/upper-iowa "HTTP/1.1 200 OK"
13:44:05 [INFO] HTTP Request: GET https://upperiowaathletics.com/sports/mens-basketball/roster "HTTP/1.1 301 Moved Permanently"
13:44:06 [INFO] HTTP Request: GET https://uiupeacocks.com/sports/mens-basketball/roster "HTTP/1.1 200 OK"
13:44:07 [INFO]   https://upperiowaathletics.com/index.aspx
13:44:07 [INFO]   Parsed: 20 players, Matched: 12, Wt: +11, Unmatched: 8
13:44:07 [INFO] 
[257/290] USC Aiken
13:44:07 [INFO] HTTP Request: GET https://www.ncaa.com/schools/usc-aiken "HTTP/1.1 404 Not Found"
13:44:07 [INFO]   No athletics URL found
13:44:07 [INFO] 
[258/290] USC Beaufort
13:44:09 [INFO] HTTP Request: GET https://www.ncaa.com/schools/usc-beaufort "HTTP/1.1 200 OK"
13:44:11 [INFO] HTTP Request: GET https://uscbathletics.com/sports/mens-basketball/roster "HTTP/1.1 200 OK"
13:44:12 [INFO]   Roster parsed (16 players) but no weight column/data
13:44:12 [INFO] 
[259/290] UT Permian Basin
13:44:13 [INFO] HTTP Request: GET https://www.ncaa.com/schools/ut-permian-basin "HTTP/1.1 404 Not Found"
13:44:13 [INFO]   No athletics URL found
13:44:13 [INFO] 
[260/290] UT Tyler
13:44:15 [INFO] HTTP Request: GET https://www.ncaa.com/schools/ut-tyler "HTTP/1.1 404 Not Found"
13:44:15 [INFO]   No athletics URL found
13:44:15 [INFO] 
[261/290] UVA Wise
13:44:17 [INFO] HTTP Request: GET https://www.ncaa.com/schools/uva-wise "HTTP/1.1 200 OK"
13:44:19 [INFO] HTTP Request: GET https://uvawisecavs.com/sports/mens-basketball/roster "HTTP/1.1 200 OK"
13:44:20 [INFO]   https://uvawisecavs.com
13:44:20 [INFO]   Parsed: 17 players, Matched: 15, Wt: +15, Unmatched: 2
13:44:20 [INFO] 
[262/290] Valdosta St.
13:44:21 [INFO] HTTP Request: GET https://www.ncaa.com/schools/valdosta-st "HTTP/1.1 200 OK"
13:44:23 [INFO] HTTP Request: GET https://vstateblazers.com/sports/mens-basketball/roster "HTTP/1.1 200 OK"
13:44:24 [INFO]   https://vstateblazers.com
13:44:24 [INFO]   Parsed: 12 players, Matched: 10, Wt: +9, Unmatched: 2
13:44:24 [INFO] 
[263/290] Vanguard
13:44:26 [INFO] HTTP Request: GET https://www.ncaa.com/schools/vanguard "HTTP/1.1 404 Not Found"
13:44:26 [INFO]   No athletics URL found
13:44:26 [INFO] 
[264/290] Virginia St.
13:44:27 [INFO] HTTP Request: GET https://www.ncaa.com/schools/virginia-st "HTTP/1.1 200 OK"
13:44:30 [INFO] HTTP Request: GET https://govsutrojans.com/sports/mens-basketball/roster "HTTP/1.1 200 OK"
13:44:30 [INFO]   Roster parsed (17 players) but no weight column/data
13:44:30 [INFO] 
[265/290] Virginia Union
13:44:31 [INFO] HTTP Request: GET https://www.ncaa.com/schools/virginia-union "HTTP/1.1 200 OK"
13:44:34 [INFO] HTTP Request: GET https://vuusports.com/sports/mens-basketball/roster "HTTP/1.1 200 OK"
13:44:34 [INFO]   https://vuusports.com
13:44:34 [INFO]   Parsed: 18 players, Matched: 17, Wt: +15, Unmatched: 1
13:44:34 [INFO] 
[266/290] Walsh
13:44:35 [INFO] HTTP Request: GET https://www.ncaa.com/schools/walsh "HTTP/1.1 200 OK"
13:44:38 [INFO] HTTP Request: GET https://athletics.walsh.edu/sports/mens-basketball/roster "HTTP/1.1 200 OK"
13:44:38 [INFO]   https://athletics.walsh.edu
13:44:38 [INFO]   Parsed: 23 players, Matched: 13, Wt: +13, Unmatched: 10
13:44:38 [INFO] 
[267/290] Washburn
13:44:39 [INFO] HTTP Request: GET https://www.ncaa.com/schools/washburn "HTTP/1.1 200 OK"
13:44:45 [INFO] HTTP Request: GET https://wusports.com/sports/mens-basketball/roster "HTTP/1.1 200 OK"
13:44:45 [INFO]   https://wusports.com
13:44:45 [INFO]   Parsed: 16 players, Matched: 15, Wt: +15, Unmatched: 1
13:44:45 [INFO] 
[268/290] Wayne St. (MI)
13:44:48 [INFO] HTTP Request: GET https://www.ncaa.com/schools/wayne-st-mi "HTTP/1.1 200 OK"
13:44:52 [INFO] HTTP Request: GET https://wsuathletics.com/sports/mens-basketball/roster "HTTP/1.1 200 OK"
13:44:53 [INFO]   https://wsuathletics.com
13:44:53 [INFO]   Parsed: 17 players, Matched: 17, Wt: +17, Unmatched: 0
13:44:53 [INFO] 
[269/290] Wayne St. (NE)
13:44:59 [INFO] HTTP Request: GET https://www.ncaa.com/schools/wayne-st-ne "HTTP/1.1 200 OK"
13:45:04 [INFO] HTTP Request: GET https://wscwildcats.com/sports/mens-basketball/roster "HTTP/1.1 200 OK"
13:45:04 [INFO]   https://wscwildcats.com/
13:45:04 [INFO]   Parsed: 14 players, Matched: 12, Wt: +12, Unmatched: 2
13:45:04 [INFO] 
[270/290] West Ala.
13:45:06 [INFO] HTTP Request: GET https://www.ncaa.com/schools/west-ala "HTTP/1.1 200 OK"
13:45:07 [INFO] HTTP Request: GET https://uwaathletics.com/sports/mens-basketball/roster "HTTP/1.1 200 OK"
13:45:08 [INFO]   Roster parsed (14 players) but no weight column/data
13:45:08 [INFO] 
[271/290] West Chester
13:45:09 [INFO] HTTP Request: GET https://www.ncaa.com/schools/west-chester "HTTP/1.1 200 OK"
13:45:15 [INFO] HTTP Request: GET https://wcupagoldenrams.com/sports/mens-basketball/roster "HTTP/1.1 200 OK"
13:45:15 [INFO]   https://wcupagoldenrams.com
13:45:15 [INFO]   Parsed: 17 players, Matched: 13, Wt: +13, Unmatched: 4
13:45:15 [INFO] 
[272/290] West Florida
13:45:18 [INFO] HTTP Request: GET https://www.ncaa.com/schools/west-florida "HTTP/1.1 200 OK"
13:45:23 [INFO] HTTP Request: GET https://goargos.com/sports/mens-basketball/roster "HTTP/1.1 200 OK"
13:45:23 [INFO]   https://goargos.com
13:45:23 [INFO]   Parsed: 16 players, Matched: 14, Wt: +14, Unmatched: 2
13:45:23 [INFO] 
[273/290] West Liberty
13:45:24 [INFO] HTTP Request: GET https://www.ncaa.com/schools/west-liberty "HTTP/1.1 200 OK"
13:45:28 [INFO] HTTP Request: GET https://hilltoppersports.com/sports/mens-basketball/roster "HTTP/1.1 200 OK"
13:45:28 [INFO]   https://hilltoppersports.com
13:45:28 [INFO]   Parsed: 16 players, Matched: 14, Wt: +13, Unmatched: 2
13:45:28 [INFO] 
[274/290] West Tex. A&M
13:45:28 [INFO] HTTP Request: GET https://www.ncaa.com/schools/west-tex-am "HTTP/1.1 200 OK"
13:45:34 [INFO] HTTP Request: GET https://gobuffsgo.com/sports/mens-basketball/roster "HTTP/1.1 404 Not Found"
13:45:34 [INFO]   Roster page: HTTP 404 (https://gobuffsgo.com/sports/mens-basketball/roster)
13:45:34 [INFO] 
[275/290] West Va. Wesleyan
13:45:36 [INFO] HTTP Request: GET https://www.ncaa.com/schools/west-va-wesleyan "HTTP/1.1 200 OK"
13:45:37 [INFO] HTTP Request: GET https://wesleyanbobcats.com/sports/mens-basketball/roster "HTTP/1.1 200 OK"
13:45:38 [INFO]   Roster parsed (26 players) but no weight column/data
13:45:38 [INFO] 
[276/290] West Virginia St.
13:45:39 [INFO] HTTP Request: GET https://www.ncaa.com/schools/west-virginia-st "HTTP/1.1 200 OK"
13:45:42 [INFO] HTTP Request: GET https://wvsuyellowjackets.com/sports/mens-basketball/roster "HTTP/1.1 200 OK"
13:45:42 [INFO]   https://wvsuyellowjackets.com
13:45:42 [INFO]   Parsed: 14 players, Matched: 10, Wt: +9, Unmatched: 4
13:45:42 [INFO] 
[277/290] Western Colo.
13:45:43 [INFO] HTTP Request: GET https://www.ncaa.com/schools/western-colo "HTTP/1.1 404 Not Found"
13:45:43 [INFO]   No athletics URL found
13:45:43 [INFO] 
[278/290] Western N.M.
13:45:44 [INFO] HTTP Request: GET https://www.ncaa.com/schools/western-nm "HTTP/1.1 200 OK"
13:45:49 [INFO] HTTP Request: GET https://wnmumustangs.com/sports/mens-basketball/roster "HTTP/1.1 200 OK"
13:45:50 [INFO]   Roster parsed (16 players) but no weight column/data
13:45:50 [INFO] 
[279/290] Western Ore.
13:45:51 [INFO] HTTP Request: GET https://www.ncaa.com/schools/western-ore "HTTP/1.1 200 OK"
13:45:53 [INFO] HTTP Request: GET https://wouwolves.com/sports/mens-basketball/roster "HTTP/1.1 200 OK"
13:45:53 [INFO]   https://wouwolves.com
13:45:53 [INFO]   Parsed: 15 players, Matched: 10, Wt: +10, Unmatched: 5
13:45:53 [INFO] 
[280/290] Western Wash.
13:45:54 [INFO] HTTP Request: GET https://www.ncaa.com/schools/western-wash "HTTP/1.1 200 OK"
13:46:01 [INFO] HTTP Request: GET https://wwuvikings.com/sports/mens-basketball/roster "HTTP/1.1 404 Not Found"
13:46:01 [INFO]   Roster page: HTTP 404 (https://wwuvikings.com/sports/mens-basketball/roster)
13:46:01 [INFO] 
[281/290] Westminster (UT)
13:46:05 [INFO] HTTP Request: GET https://www.ncaa.com/schools/westminster-ut "HTTP/1.1 200 OK"
13:46:08 [INFO] HTTP Request: GET https://westminstergriffins.com/sports/mens-basketball/roster "HTTP/1.1 200 OK"
13:46:08 [INFO]   Roster parsed (16 players) but no weight column/data
13:46:08 [INFO] 
[282/290] Westmont
13:46:09 [INFO] HTTP Request: GET https://www.ncaa.com/schools/westmont "HTTP/1.1 404 Not Found"
13:46:09 [INFO]   No athletics URL found
13:46:09 [INFO] 
[283/290] Wheeling
13:46:12 [INFO] HTTP Request: GET https://www.ncaa.com/schools/wheeling "HTTP/1.1 404 Not Found"
13:46:12 [INFO]   No athletics URL found
13:46:12 [INFO] 
[284/290] William Jewell
13:46:17 [INFO] HTTP Request: GET https://www.ncaa.com/schools/william-jewell "HTTP/1.1 200 OK"
13:46:26 [INFO] HTTP Request: GET https://jewellcardinals.com/sports/mens-basketball/roster "HTTP/1.1 200 OK"
13:46:27 [INFO]   https://jewellcardinals.com
13:46:27 [INFO]   Parsed: 17 players, Matched: 16, Wt: +16, Unmatched: 1
13:46:27 [INFO] 
[285/290] Wilmington (DE)
13:46:32 [INFO] HTTP Request: GET https://www.ncaa.com/schools/wilmington-de "HTTP/1.1 200 OK"
13:46:39 [INFO] HTTP Request: GET https://wilmu.edu/sports/mens-basketball/roster "HTTP/1.1 302 Found"
13:46:54 [INFO] HTTP Request: GET https://www.wilmu.edu/sports/mens-basketball/roster "HTTP/1.1 404 Not Found"
13:46:54 [INFO]   Roster page: HTTP 404 (https://wilmu.edu/sports/mens-basketball/roster)
13:46:54 [INFO] 
[286/290] Wingate
13:46:55 [INFO] HTTP Request: GET https://www.ncaa.com/schools/wingate "HTTP/1.1 200 OK"
13:46:57 [INFO] HTTP Request: GET https://wingatebulldogs.com/sports/mens-basketball/roster "HTTP/1.1 200 OK"
13:46:58 [INFO]   https://wingatebulldogs.com
13:46:58 [INFO]   Parsed: 15 players, Matched: 12, Wt: +8, Unmatched: 3
13:46:58 [INFO] 
[287/290] Winona St.
13:46:59 [INFO] HTTP Request: GET https://www.ncaa.com/schools/winona-st "HTTP/1.1 200 OK"
13:47:01 [INFO] HTTP Request: GET https://winonastatewarriors.com/sports/mens-basketball/roster "HTTP/1.1 200 OK"
13:47:01 [INFO]   Roster parsed (18 players) but no weight column/data
13:47:01 [INFO] 
[288/290] Winston-Salem
13:47:03 [INFO] HTTP Request: GET https://www.ncaa.com/schools/winston-salem-st "HTTP/1.1 404 Not Found"
13:47:03 [INFO]   No athletics URL found
13:47:03 [INFO] 
[289/290] Wis.-Parkside
13:47:05 [INFO] HTTP Request: GET https://www.ncaa.com/schools/wis-parkside "HTTP/1.1 200 OK"
13:47:07 [INFO] HTTP Request: GET https://parksiderangers.com/sports/mens-basketball/roster "HTTP/1.1 200 OK"
13:47:07 [INFO]   https://parksiderangers.com
13:47:07 [INFO]   Parsed: 17 players, Matched: 12, Wt: +12, Unmatched: 5
13:47:07 [INFO] 
[290/290] Young Harris
13:47:09 [INFO] HTTP Request: GET https://www.ncaa.com/schools/young-harris "HTTP/1.1 200 OK"
13:47:12 [INFO] HTTP Request: GET https://yhcathletics.com/sports/mens-basketball/roster "HTTP/1.1 200 OK"
13:47:12 [INFO]   Roster parsed (20 players) but no weight column/data
13:47:12 [INFO] 
============================================================
13:47:12 [INFO] DONE: ncaa_d2 weight scrape
13:47:12 [INFO]   Teams processed: 290
13:47:12 [INFO]   URLs found: 260, No URL: 30
13:47:12 [INFO]   Rosters with weight: 149, No roster: 41, No weight col: 70
13:47:12 [INFO]   Players matched: 1825
13:47:12 [INFO]   Weight set: 1744
13:47:12 [INFO]   Also: Ht +46, Town +176, HS +137, Prev +637
