15:36:50 [INFO] Batch: 11 NCAA D1 teams via ESPN
15:36:50 [INFO] 
[1/11] Butler Bulldogs
15:36:50 [INFO] Scraping team: Butler Bulldogs (ESPN #2086)
15:36:51 [INFO] HTTP Request: GET https://site.api.espn.com/apis/site/v2/sports/basketball/mens-college-basketball/teams/2086/schedule?season=2026 "HTTP/1.1 200 OK"
15:36:51 [INFO]   Schedule: 28 completed games
15:37:01 [INFO] HTTP Request: GET https://site.api.espn.com/apis/site/v2/sports/basketball/mens-college-basketball/summary?event=401820822 "HTTP/1.1 200 OK"
15:37:11 [INFO] HTTP Request: GET https://site.api.espn.com/apis/site/v2/sports/basketball/mens-college-basketball/summary?event=401820823 "HTTP/1.1 200 OK"
15:37:22 [INFO] HTTP Request: GET https://site.api.espn.com/apis/site/v2/sports/basketball/mens-college-basketball/summary?event=401820824 "HTTP/1.1 200 OK"
15:37:32 [INFO] HTTP Request: GET https://site.api.espn.com/apis/site/v2/sports/basketball/mens-college-basketball/summary?event=401817455 "HTTP/1.1 200 OK"
15:37:42 [INFO] HTTP Request: GET https://site.api.espn.com/apis/site/v2/sports/basketball/mens-college-basketball/summary?event=401820825 "HTTP/1.1 200 OK"
15:37:53 [INFO] HTTP Request: GET https://site.api.espn.com/apis/site/v2/sports/basketball/mens-college-basketball/summary?event=401817491 "HTTP/1.1 200 OK"
15:38:03 [INFO] HTTP Request: GET https://site.api.espn.com/apis/site/v2/sports/basketball/mens-college-basketball/summary?event=401820826 "HTTP/1.1 200 OK"
15:38:14 [INFO] HTTP Request: GET https://site.api.espn.com/apis/site/v2/sports/basketball/mens-college-basketball/summary?event=401820827 "HTTP/1.1 200 OK"
15:38:24 [INFO] HTTP Request: GET https://site.api.espn.com/apis/site/v2/sports/basketball/mens-college-basketball/summary?event=401820828 "HTTP/1.1 200 OK"
15:38:34 [INFO] HTTP Request: GET https://site.api.espn.com/apis/site/v2/sports/basketball/mens-college-basketball/summary?event=401822867 "HTTP/1.1 200 OK"
15:38:45 [INFO] HTTP Request: GET https://site.api.espn.com/apis/site/v2/sports/basketball/mens-college-basketball/summary?event=401822868 "HTTP/1.1 200 OK"
15:38:55 [INFO] HTTP Request: GET https://site.api.espn.com/apis/site/v2/sports/basketball/mens-college-basketball/summary?event=401820829 "HTTP/1.1 200 OK"
15:39:06 [INFO] HTTP Request: GET https://site.api.espn.com/apis/site/v2/sports/basketball/mens-college-basketball/summary?event=401820830 "HTTP/1.1 200 OK"
15:39:16 [INFO] HTTP Request: GET https://site.api.espn.com/apis/site/v2/sports/basketball/mens-college-basketball/summary?event=401822878 "HTTP/1.1 200 OK"
15:39:26 [INFO] HTTP Request: GET https://site.api.espn.com/apis/site/v2/sports/basketball/mens-college-basketball/summary?event=401822883 "HTTP/1.1 200 OK"
15:39:37 [INFO] HTTP Request: GET https://site.api.espn.com/apis/site/v2/sports/basketball/mens-college-basketball/summary?event=401822888 "HTTP/1.1 200 OK"
15:39:47 [INFO] HTTP Request: GET https://site.api.espn.com/apis/site/v2/sports/basketball/mens-college-basketball/summary?event=401822901 "HTTP/1.1 200 OK"
15:39:58 [INFO] HTTP Request: GET https://site.api.espn.com/apis/site/v2/sports/basketball/mens-college-basketball/summary?event=401822906 "HTTP/1.1 200 OK"
15:40:08 [INFO] HTTP Request: GET https://site.api.espn.com/apis/site/v2/sports/basketball/mens-college-basketball/summary?event=401822908 "HTTP/1.1 200 OK"
15:40:19 [INFO] HTTP Request: GET https://site.api.espn.com/apis/site/v2/sports/basketball/mens-college-basketball/summary?event=401822912 "HTTP/1.1 200 OK"
15:40:29 [INFO] HTTP Request: GET https://site.api.espn.com/apis/site/v2/sports/basketball/mens-college-basketball/summary?event=401822919 "HTTP/1.1 200 OK"
15:40:39 [INFO] HTTP Request: GET https://site.api.espn.com/apis/site/v2/sports/basketball/mens-college-basketball/summary?event=401822924 "HTTP/1.1 200 OK"
15:40:50 [INFO] HTTP Request: GET https://site.api.espn.com/apis/site/v2/sports/basketball/mens-college-basketball/summary?event=401822931 "HTTP/1.1 200 OK"
15:41:00 [INFO] HTTP Request: GET https://site.api.espn.com/apis/site/v2/sports/basketball/mens-college-basketball/summary?event=401822935 "HTTP/1.1 200 OK"
15:41:11 [INFO] HTTP Request: GET https://site.api.espn.com/apis/site/v2/sports/basketball/mens-college-basketball/summary?event=401822940 "HTTP/1.1 200 OK"
15:41:21 [INFO] HTTP Request: GET https://site.api.espn.com/apis/site/v2/sports/basketball/mens-college-basketball/summary?event=401822946 "HTTP/1.1 200 OK"
15:41:32 [INFO] HTTP Request: GET https://site.api.espn.com/apis/site/v2/sports/basketball/mens-college-basketball/summary?event=401822950 "HTTP/1.1 200 OK"
15:41:42 [INFO] HTTP Request: GET https://site.api.espn.com/apis/site/v2/sports/basketball/mens-college-basketball/summary?event=401822954 "HTTP/1.1 200 OK"
15:41:42 [INFO]   Loaded: 28 games, 565 player-game-stat rows
15:41:42 [INFO] 
[2/11] Creighton Bluejays
15:41:42 [INFO] Scraping team: Creighton Bluejays (ESPN #156)
15:41:52 [INFO] HTTP Request: GET https://site.api.espn.com/apis/site/v2/sports/basketball/mens-college-basketball/teams/156/schedule?season=2026 "HTTP/1.1 200 OK"
15:41:52 [INFO]   Schedule: 28 completed games
15:42:02 [INFO] HTTP Request: GET https://site.api.espn.com/apis/site/v2/sports/basketball/mens-college-basketball/summary?event=401811102 "HTTP/1.1 200 OK"
15:42:13 [INFO] HTTP Request: GET https://site.api.espn.com/apis/site/v2/sports/basketball/mens-college-basketball/summary?event=401820831 "HTTP/1.1 200 OK"
15:42:23 [INFO] HTTP Request: GET https://site.api.espn.com/apis/site/v2/sports/basketball/mens-college-basketball/summary?event=401820832 "HTTP/1.1 200 OK"
15:42:33 [INFO] HTTP Request: GET https://site.api.espn.com/apis/site/v2/sports/basketball/mens-college-basketball/summary?event=401820833 "HTTP/1.1 200 OK"
15:42:44 [INFO] HTTP Request: GET https://site.api.espn.com/apis/site/v2/sports/basketball/mens-college-basketball/summary?event=401819826 "HTTP/1.1 200 OK"
15:42:55 [INFO] HTTP Request: GET https://site.api.espn.com/apis/site/v2/sports/basketball/mens-college-basketball/summary?event=401819875 "HTTP/1.1 200 OK"
15:43:05 [INFO] HTTP Request: GET https://site.api.espn.com/apis/site/v2/sports/basketball/mens-college-basketball/summary?event=401831221 "HTTP/1.1 200 OK"
15:43:15 [INFO] HTTP Request: GET https://site.api.espn.com/apis/site/v2/sports/basketball/mens-college-basketball/summary?event=401820834 "HTTP/1.1 200 OK"
15:43:25 [INFO] HTTP Request: GET https://site.api.espn.com/apis/site/v2/sports/basketball/mens-college-basketball/summary?event=401820835 "HTTP/1.1 200 OK"
15:43:36 [INFO] HTTP Request: GET https://site.api.espn.com/apis/site/v2/sports/basketball/mens-college-basketball/summary?event=401819896 "HTTP/1.1 200 OK"
15:43:46 [INFO] HTTP Request: GET https://site.api.espn.com/apis/site/v2/sports/basketball/mens-college-basketball/summary?event=401822871 "HTTP/1.1 200 OK"
15:43:56 [INFO] HTTP Request: GET https://site.api.espn.com/apis/site/v2/sports/basketball/mens-college-basketball/summary?event=401822873 "HTTP/1.1 200 OK"
15:44:06 [INFO] HTTP Request: GET https://site.api.espn.com/apis/site/v2/sports/basketball/mens-college-basketball/summary?event=401820836 "HTTP/1.1 200 OK"
15:44:17 [INFO] HTTP Request: GET https://site.api.espn.com/apis/site/v2/sports/basketball/mens-college-basketball/summary?event=401822878 "HTTP/1.1 200 OK"
15:44:27 [INFO] HTTP Request: GET https://site.api.espn.com/apis/site/v2/sports/basketball/mens-college-basketball/summary?event=401822886 "HTTP/1.1 200 OK"
15:44:37 [INFO] HTTP Request: GET https://site.api.espn.com/apis/site/v2/sports/basketball/mens-college-basketball/summary?event=401822891 "HTTP/1.1 200 OK"
15:44:48 [INFO] HTTP Request: GET https://site.api.espn.com/apis/site/v2/sports/basketball/mens-college-basketball/summary?event=401822892 "HTTP/1.1 200 OK"
15:44:58 [INFO] HTTP Request: GET https://site.api.espn.com/apis/site/v2/sports/basketball/mens-college-basketball/summary?event=401822898 "HTTP/1.1 200 OK"
15:45:09 [INFO] HTTP Request: GET https://site.api.espn.com/apis/site/v2/sports/basketball/mens-college-basketball/summary?event=401822903 "HTTP/1.1 200 OK"
15:45:19 [INFO] HTTP Request: GET https://site.api.espn.com/apis/site/v2/sports/basketball/mens-college-basketball/summary?event=401822910 "HTTP/1.1 200 OK"
15:45:29 [INFO] HTTP Request: GET https://site.api.espn.com/apis/site/v2/sports/basketball/mens-college-basketball/summary?event=401822917 "HTTP/1.1 200 OK"
15:45:40 [INFO] HTTP Request: GET https://site.api.espn.com/apis/site/v2/sports/basketball/mens-college-basketball/summary?event=401822923 "HTTP/1.1 200 OK"
15:45:50 [INFO] HTTP Request: GET https://site.api.espn.com/apis/site/v2/sports/basketball/mens-college-basketball/summary?event=401822930 "HTTP/1.1 200 OK"
15:46:00 [INFO] HTTP Request: GET https://site.api.espn.com/apis/site/v2/sports/basketball/mens-college-basketball/summary?event=401822933 "HTTP/1.1 200 OK"
15:46:11 [INFO] HTTP Request: GET https://site.api.espn.com/apis/site/v2/sports/basketball/mens-college-basketball/summary?event=401822939 "HTTP/1.1 200 OK"
15:46:22 [INFO] HTTP Request: GET https://site.api.espn.com/apis/site/v2/sports/basketball/mens-college-basketball/summary?event=401822944 "HTTP/1.1 200 OK"
15:46:32 [INFO] HTTP Request: GET https://site.api.espn.com/apis/site/v2/sports/basketball/mens-college-basketball/summary?event=401822948 "HTTP/1.1 200 OK"
15:46:42 [INFO] HTTP Request: GET https://site.api.espn.com/apis/site/v2/sports/basketball/mens-college-basketball/summary?event=401822952 "HTTP/1.1 200 OK"
15:46:42 [INFO]   Loaded: 28 games, 589 player-game-stat rows
15:46:42 [INFO] 
[3/11] DePaul Blue Demons
15:46:42 [INFO] Scraping team: DePaul Blue Demons (ESPN #305)
15:46:53 [INFO] HTTP Request: GET https://site.api.espn.com/apis/site/v2/sports/basketball/mens-college-basketball/teams/305/schedule?season=2026 "HTTP/1.1 200 OK"
15:46:53 [INFO]   Schedule: 27 completed games
15:47:03 [INFO] HTTP Request: GET https://site.api.espn.com/apis/site/v2/sports/basketball/mens-college-basketball/summary?event=401822339 "HTTP/1.1 200 OK"
15:47:13 [INFO] HTTP Request: GET https://site.api.espn.com/apis/site/v2/sports/basketball/mens-college-basketball/summary?event=401824945 "HTTP/1.1 200 OK"
15:47:24 [INFO] HTTP Request: GET https://site.api.espn.com/apis/site/v2/sports/basketball/mens-college-basketball/summary?event=401823427 "HTTP/1.1 200 OK"
15:47:34 [INFO] HTTP Request: GET https://site.api.espn.com/apis/site/v2/sports/basketball/mens-college-basketball/summary?event=401825571 "HTTP/1.1 200 OK"
15:47:45 [INFO] HTTP Request: GET https://site.api.espn.com/apis/site/v2/sports/basketball/mens-college-basketball/summary?event=401825572 "HTTP/1.1 200 OK"
15:47:55 [INFO] HTTP Request: GET https://site.api.espn.com/apis/site/v2/sports/basketball/mens-college-basketball/summary?event=401823372 "HTTP/1.1 200 OK"
15:48:06 [INFO] HTTP Request: GET https://site.api.espn.com/apis/site/v2/sports/basketball/mens-college-basketball/summary?event=401825573 "HTTP/1.1 200 OK"
15:48:16 [INFO] HTTP Request: GET https://site.api.espn.com/apis/site/v2/sports/basketball/mens-college-basketball/summary?event=401830885 "HTTP/1.1 200 OK"
15:48:27 [INFO] HTTP Request: GET https://site.api.espn.com/apis/site/v2/sports/basketball/mens-college-basketball/summary?event=401825574 "HTTP/1.1 200 OK"
15:48:37 [INFO] HTTP Request: GET https://site.api.espn.com/apis/site/v2/sports/basketball/mens-college-basketball/summary?event=401813280 "HTTP/1.1 200 OK"
15:48:48 [INFO] HTTP Request: GET https://site.api.espn.com/apis/site/v2/sports/basketball/mens-college-basketball/summary?event=401825575 "HTTP/1.1 200 OK"
15:48:58 [INFO] HTTP Request: GET https://site.api.espn.com/apis/site/v2/sports/basketball/mens-college-basketball/summary?event=401822869 "HTTP/1.1 200 OK"
15:49:08 [INFO] HTTP Request: GET https://site.api.espn.com/apis/site/v2/sports/basketball/mens-college-basketball/summary?event=401822875 "HTTP/1.1 200 OK"
15:49:19 [INFO] HTTP Request: GET https://site.api.espn.com/apis/site/v2/sports/basketball/mens-college-basketball/summary?event=401822881 "HTTP/1.1 200 OK"
15:49:29 [INFO] HTTP Request: GET https://site.api.espn.com/apis/site/v2/sports/basketball/mens-college-basketball/summary?event=401822884 "HTTP/1.1 200 OK"
15:49:40 [INFO] HTTP Request: GET https://site.api.espn.com/apis/site/v2/sports/basketball/mens-college-basketball/summary?event=401822887 "HTTP/1.1 200 OK"
15:49:50 [INFO] HTTP Request: GET https://site.api.espn.com/apis/site/v2/sports/basketball/mens-college-basketball/summary?event=401822893 "HTTP/1.1 200 OK"
15:50:01 [INFO] HTTP Request: GET https://site.api.espn.com/apis/site/v2/sports/basketball/mens-college-basketball/summary?event=401822902 "HTTP/1.1 200 OK"
15:50:11 [INFO] HTTP Request: GET https://site.api.espn.com/apis/site/v2/sports/basketball/mens-college-basketball/summary?event=401822908 "HTTP/1.1 200 OK"
15:50:21 [INFO] HTTP Request: GET https://site.api.espn.com/apis/site/v2/sports/basketball/mens-college-basketball/summary?event=401822915 "HTTP/1.1 200 OK"
15:50:32 [INFO] HTTP Request: GET https://site.api.espn.com/apis/site/v2/sports/basketball/mens-college-basketball/summary?event=401822920 "HTTP/1.1 200 OK"
15:50:42 [INFO] HTTP Request: GET https://site.api.espn.com/apis/site/v2/sports/basketball/mens-college-basketball/summary?event=401822926 "HTTP/1.1 200 OK"
15:50:52 [INFO] HTTP Request: GET https://site.api.espn.com/apis/site/v2/sports/basketball/mens-college-basketball/summary?event=401822928 "HTTP/1.1 200 OK"
15:51:03 [INFO] HTTP Request: GET https://site.api.espn.com/apis/site/v2/sports/basketball/mens-college-basketball/summary?event=401822936 "HTTP/1.1 200 OK"
15:51:13 [INFO] HTTP Request: GET https://site.api.espn.com/apis/site/v2/sports/basketball/mens-college-basketball/summary?event=401822939 "HTTP/1.1 200 OK"
15:51:24 [INFO] HTTP Request: GET https://site.api.espn.com/apis/site/v2/sports/basketball/mens-college-basketball/summary?event=401822951 "HTTP/1.1 200 OK"
15:51:34 [INFO] HTTP Request: GET https://site.api.espn.com/apis/site/v2/sports/basketball/mens-college-basketball/summary?event=401822955 "HTTP/1.1 200 OK"
15:51:34 [INFO]   Loaded: 27 games, 540 player-game-stat rows
15:51:34 [INFO] 
[4/11] Georgetown Hoyas
15:51:34 [INFO] Scraping team: Georgetown Hoyas (ESPN #46)
15:51:45 [INFO] HTTP Request: GET https://site.api.espn.com/apis/site/v2/sports/basketball/mens-college-basketball/teams/46/schedule?season=2026 "HTTP/1.1 200 OK"
15:51:45 [INFO]   Schedule: 28 completed games
15:51:55 [INFO] HTTP Request: GET https://site.api.espn.com/apis/site/v2/sports/basketball/mens-college-basketball/summary?event=401813272 "HTTP/1.1 200 OK"
15:52:05 [INFO] HTTP Request: GET https://site.api.espn.com/apis/site/v2/sports/basketball/mens-college-basketball/summary?event=401822724 "HTTP/1.1 200 OK"
15:52:16 [INFO] HTTP Request: GET https://site.api.espn.com/apis/site/v2/sports/basketball/mens-college-basketball/summary?event=401820605 "HTTP/1.1 200 OK"
15:52:26 [INFO] HTTP Request: GET https://site.api.espn.com/apis/site/v2/sports/basketball/mens-college-basketball/summary?event=401812919 "HTTP/1.1 200 OK"
15:52:36 [INFO] HTTP Request: GET https://site.api.espn.com/apis/site/v2/sports/basketball/mens-college-basketball/summary?event=401822725 "HTTP/1.1 200 OK"
15:52:46 [INFO] HTTP Request: GET https://site.api.espn.com/apis/site/v2/sports/basketball/mens-college-basketball/summary?event=401809396 "HTTP/1.1 200 OK"
15:52:57 [INFO] HTTP Request: GET https://site.api.espn.com/apis/site/v2/sports/basketball/mens-college-basketball/summary?event=401830887 "HTTP/1.1 200 OK"
15:53:07 [INFO] HTTP Request: GET https://site.api.espn.com/apis/site/v2/sports/basketball/mens-college-basketball/summary?event=401822726 "HTTP/1.1 200 OK"
15:53:18 [INFO] HTTP Request: GET https://site.api.espn.com/apis/site/v2/sports/basketball/mens-college-basketball/summary?event=401817268 "HTTP/1.1 200 OK"
15:53:28 [INFO] HTTP Request: GET https://site.api.espn.com/apis/site/v2/sports/basketball/mens-college-basketball/summary?event=401822727 "HTTP/1.1 200 OK"
15:53:39 [INFO] HTTP Request: GET https://site.api.espn.com/apis/site/v2/sports/basketball/mens-college-basketball/summary?event=401822870 "HTTP/1.1 200 OK"
15:53:49 [INFO] HTTP Request: GET https://site.api.espn.com/apis/site/v2/sports/basketball/mens-college-basketball/summary?event=401822874 "HTTP/1.1 200 OK"
15:54:00 [INFO] HTTP Request: GET https://site.api.espn.com/apis/site/v2/sports/basketball/mens-college-basketball/summary?event=401822765 "HTTP/1.1 200 OK"
15:54:11 [INFO] HTTP Request: GET https://site.api.espn.com/apis/site/v2/sports/basketball/mens-college-basketball/summary?event=401822879 "HTTP/1.1 200 OK"
15:54:21 [INFO] HTTP Request: GET https://site.api.espn.com/apis/site/v2/sports/basketball/mens-college-basketball/summary?event=401822887 "HTTP/1.1 200 OK"
15:54:31 [INFO] HTTP Request: GET https://site.api.espn.com/apis/site/v2/sports/basketball/mens-college-basketball/summary?event=401822894 "HTTP/1.1 200 OK"
15:54:42 [INFO] HTTP Request: GET https://site.api.espn.com/apis/site/v2/sports/basketball/mens-college-basketball/summary?event=401822898 "HTTP/1.1 200 OK"
15:54:52 [INFO] HTTP Request: GET https://site.api.espn.com/apis/site/v2/sports/basketball/mens-college-basketball/summary?event=401822904 "HTTP/1.1 200 OK"
15:55:02 [INFO] HTTP Request: GET https://site.api.espn.com/apis/site/v2/sports/basketball/mens-college-basketball/summary?event=401822911 "HTTP/1.1 200 OK"
15:55:13 [INFO] HTTP Request: GET https://site.api.espn.com/apis/site/v2/sports/basketball/mens-college-basketball/summary?event=401822916 "HTTP/1.1 200 OK"
15:55:23 [INFO] HTTP Request: GET https://site.api.espn.com/apis/site/v2/sports/basketball/mens-college-basketball/summary?event=401822920 "HTTP/1.1 200 OK"
15:55:33 [INFO] HTTP Request: GET https://site.api.espn.com/apis/site/v2/sports/basketball/mens-college-basketball/summary?event=401822924 "HTTP/1.1 200 OK"
15:55:44 [INFO] HTTP Request: GET https://site.api.espn.com/apis/site/v2/sports/basketball/mens-college-basketball/summary?event=401822930 "HTTP/1.1 200 OK"
15:55:54 [INFO] HTTP Request: GET https://site.api.espn.com/apis/site/v2/sports/basketball/mens-college-basketball/summary?event=401822934 "HTTP/1.1 200 OK"
15:56:04 [INFO] HTTP Request: GET https://site.api.espn.com/apis/site/v2/sports/basketball/mens-college-basketball/summary?event=401822942 "HTTP/1.1 200 OK"
15:56:15 [INFO] HTTP Request: GET https://site.api.espn.com/apis/site/v2/sports/basketball/mens-college-basketball/summary?event=401822950 "HTTP/1.1 200 OK"
15:56:25 [INFO] HTTP Request: GET https://site.api.espn.com/apis/site/v2/sports/basketball/mens-college-basketball/summary?event=401822956 "HTTP/1.1 200 OK"
15:56:36 [INFO] HTTP Request: GET https://site.api.espn.com/apis/site/v2/sports/basketball/mens-college-basketball/summary?event=401822957 "HTTP/1.1 200 OK"
15:56:36 [INFO]   Loaded: 28 games, 549 player-game-stat rows
15:56:36 [INFO] 
[5/11] Marquette Golden Eagles
15:56:36 [INFO] Scraping team: Marquette Golden Eagles (ESPN #269)
15:56:46 [INFO] HTTP Request: GET https://site.api.espn.com/apis/site/v2/sports/basketball/mens-college-basketball/teams/269/schedule?season=2026 "HTTP/1.1 200 OK"
15:56:46 [INFO]   Schedule: 28 completed games
15:56:56 [INFO] HTTP Request: GET https://site.api.espn.com/apis/site/v2/sports/basketball/mens-college-basketball/summary?event=401823020 "HTTP/1.1 200 OK"
15:57:06 [INFO] HTTP Request: GET https://site.api.espn.com/apis/site/v2/sports/basketball/mens-college-basketball/summary?event=401823021 "HTTP/1.1 200 OK"
15:57:17 [INFO] HTTP Request: GET https://site.api.espn.com/apis/site/v2/sports/basketball/mens-college-basketball/summary?event=401823022 "HTTP/1.1 200 OK"
15:57:27 [INFO] HTTP Request: GET https://site.api.espn.com/apis/site/v2/sports/basketball/mens-college-basketball/summary?event=401823023 "HTTP/1.1 200 OK"
15:57:37 [INFO] HTTP Request: GET https://site.api.espn.com/apis/site/v2/sports/basketball/mens-college-basketball/summary?event=401823024 "HTTP/1.1 200 OK"
15:57:47 [INFO] HTTP Request: GET https://site.api.espn.com/apis/site/v2/sports/basketball/mens-college-basketball/summary?event=401813438 "HTTP/1.1 200 OK"
15:57:58 [INFO] HTTP Request: GET https://site.api.espn.com/apis/site/v2/sports/basketball/mens-college-basketball/summary?event=401823025 "HTTP/1.1 200 OK"
15:58:08 [INFO] HTTP Request: GET https://site.api.espn.com/apis/site/v2/sports/basketball/mens-college-basketball/summary?event=401823026 "HTTP/1.1 200 OK"
15:58:18 [INFO] HTTP Request: GET https://site.api.espn.com/apis/site/v2/sports/basketball/mens-college-basketball/summary?event=401822335 "HTTP/1.1 200 OK"
15:58:29 [INFO] HTTP Request: GET https://site.api.espn.com/apis/site/v2/sports/basketball/mens-college-basketball/summary?event=401823027 "HTTP/1.1 200 OK"
15:58:39 [INFO] HTTP Request: GET https://site.api.espn.com/apis/site/v2/sports/basketball/mens-college-basketball/summary?event=401823028 "HTTP/1.1 200 OK"
15:58:50 [INFO] HTTP Request: GET https://site.api.espn.com/apis/site/v2/sports/basketball/mens-college-basketball/summary?event=401822870 "HTTP/1.1 200 OK"
15:59:00 [INFO] HTTP Request: GET https://site.api.espn.com/apis/site/v2/sports/basketball/mens-college-basketball/summary?event=401822873 "HTTP/1.1 200 OK"
15:59:11 [INFO] HTTP Request: GET https://site.api.espn.com/apis/site/v2/sports/basketball/mens-college-basketball/summary?event=401822877 "HTTP/1.1 200 OK"
15:59:21 [INFO] HTTP Request: GET https://site.api.espn.com/apis/site/v2/sports/basketball/mens-college-basketball/summary?event=401822885 "HTTP/1.1 200 OK"
15:59:31 [INFO] HTTP Request: GET https://site.api.espn.com/apis/site/v2/sports/basketball/mens-college-basketball/summary?event=401822890 "HTTP/1.1 200 OK"
15:59:42 [INFO] HTTP Request: GET https://site.api.espn.com/apis/site/v2/sports/basketball/mens-college-basketball/summary?event=401822895 "HTTP/1.1 200 OK"
15:59:53 [INFO] HTTP Request: GET https://site.api.espn.com/apis/site/v2/sports/basketball/mens-college-basketball/summary?event=401822897 "HTTP/1.1 200 OK"
16:00:03 [INFO] HTTP Request: GET https://site.api.espn.com/apis/site/v2/sports/basketball/mens-college-basketball/summary?event=401822902 "HTTP/1.1 200 OK"
16:05:21 [ERROR] Request failed: https://site.api.espn.com/apis/site/v2/sports/basketball/mens-college-basketball/summary — [Errno 8] nodename nor servname provided, or not known
16:05:32 [INFO] HTTP Request: GET https://site.api.espn.com/apis/site/v2/sports/basketball/mens-college-basketball/summary?event=401822912 "HTTP/1.1 200 OK"
16:05:42 [INFO] HTTP Request: GET https://site.api.espn.com/apis/site/v2/sports/basketball/mens-college-basketball/summary?event=401822917 "HTTP/1.1 200 OK"
16:05:53 [INFO] HTTP Request: GET https://site.api.espn.com/apis/site/v2/sports/basketball/mens-college-basketball/summary?event=401822925 "HTTP/1.1 200 OK"
16:06:04 [INFO] HTTP Request: GET https://site.api.espn.com/apis/site/v2/sports/basketball/mens-college-basketball/summary?event=401822935 "HTTP/1.1 200 OK"
16:06:14 [INFO] HTTP Request: GET https://site.api.espn.com/apis/site/v2/sports/basketball/mens-college-basketball/summary?event=401822938 "HTTP/1.1 200 OK"
16:06:24 [INFO] HTTP Request: GET https://site.api.espn.com/apis/site/v2/sports/basketball/mens-college-basketball/summary?event=401822945 "HTTP/1.1 200 OK"
16:06:35 [INFO] HTTP Request: GET https://site.api.espn.com/apis/site/v2/sports/basketball/mens-college-basketball/summary?event=401822949 "HTTP/1.1 200 OK"
16:06:45 [INFO] HTTP Request: GET https://site.api.espn.com/apis/site/v2/sports/basketball/mens-college-basketball/summary?event=401822957 "HTTP/1.1 200 OK"
16:06:45 [INFO]   Loaded: 27 games, 550 player-game-stat rows
16:06:45 [INFO] 
[6/11] Providence Friars
16:06:45 [INFO] Scraping team: Providence Friars (ESPN #2507)
16:06:56 [INFO] HTTP Request: GET https://site.api.espn.com/apis/site/v2/sports/basketball/mens-college-basketball/teams/2507/schedule?season=2026 "HTTP/1.1 200 OK"
16:06:56 [INFO]   Schedule: 27 completed games
16:07:06 [INFO] HTTP Request: GET https://site.api.espn.com/apis/site/v2/sports/basketball/mens-college-basketball/summary?event=401812659 "HTTP/1.1 200 OK"
16:07:16 [INFO] HTTP Request: GET https://site.api.espn.com/apis/site/v2/sports/basketball/mens-college-basketball/summary?event=401817518 "HTTP/1.1 200 OK"
16:07:27 [INFO] HTTP Request: GET https://site.api.espn.com/apis/site/v2/sports/basketball/mens-college-basketball/summary?event=401812575 "HTTP/1.1 200 OK"
16:07:37 [INFO] HTTP Request: GET https://site.api.espn.com/apis/site/v2/sports/basketball/mens-college-basketball/summary?event=401819862 "HTTP/1.1 200 OK"
16:07:48 [INFO] HTTP Request: GET https://site.api.espn.com/apis/site/v2/sports/basketball/mens-college-basketball/summary?event=401826759 "HTTP/1.1 200 OK"
16:07:58 [INFO] HTTP Request: GET https://site.api.espn.com/apis/site/v2/sports/basketball/mens-college-basketball/summary?event=401826889 "HTTP/1.1 200 OK"
16:08:09 [INFO] HTTP Request: GET https://site.api.espn.com/apis/site/v2/sports/basketball/mens-college-basketball/summary?event=401826890 "HTTP/1.1 200 OK"
16:08:19 [INFO] HTTP Request: GET https://site.api.espn.com/apis/site/v2/sports/basketball/mens-college-basketball/summary?event=401831223 "HTTP/1.1 200 OK"
16:08:30 [INFO] HTTP Request: GET https://site.api.espn.com/apis/site/v2/sports/basketball/mens-college-basketball/summary?event=401812289 "HTTP/1.1 200 OK"
16:08:40 [INFO] HTTP Request: GET https://site.api.espn.com/apis/site/v2/sports/basketball/mens-college-basketball/summary?event=401817169 "HTTP/1.1 200 OK"
16:08:51 [INFO] HTTP Request: GET https://site.api.espn.com/apis/site/v2/sports/basketball/mens-college-basketball/summary?event=401818556 "HTTP/1.1 200 OK"
16:09:01 [INFO] HTTP Request: GET https://site.api.espn.com/apis/site/v2/sports/basketball/mens-college-basketball/summary?event=401822867 "HTTP/1.1 200 OK"
16:09:11 [INFO] HTTP Request: GET https://site.api.espn.com/apis/site/v2/sports/basketball/mens-college-basketball/summary?event=401822872 "HTTP/1.1 200 OK"
16:09:22 [INFO] HTTP Request: GET https://site.api.espn.com/apis/site/v2/sports/basketball/mens-college-basketball/summary?event=401822882 "HTTP/1.1 200 OK"
16:09:32 [INFO] HTTP Request: GET https://site.api.espn.com/apis/site/v2/sports/basketball/mens-college-basketball/summary?event=401822889 "HTTP/1.1 200 OK"
16:09:42 [INFO] HTTP Request: GET https://site.api.espn.com/apis/site/v2/sports/basketball/mens-college-basketball/summary?event=401822896 "HTTP/1.1 200 OK"
16:09:53 [INFO] HTTP Request: GET https://site.api.espn.com/apis/site/v2/sports/basketball/mens-college-basketball/summary?event=401822899 "HTTP/1.1 200 OK"
16:10:03 [INFO] HTTP Request: GET https://site.api.espn.com/apis/site/v2/sports/basketball/mens-college-basketball/summary?event=401822903 "HTTP/1.1 200 OK"
16:10:14 [INFO] HTTP Request: GET https://site.api.espn.com/apis/site/v2/sports/basketball/mens-college-basketball/summary?event=401822907 "HTTP/1.1 200 OK"
16:10:25 [INFO] HTTP Request: GET https://site.api.espn.com/apis/site/v2/sports/basketball/mens-college-basketball/summary?event=401822916 "HTTP/1.1 200 OK"
16:10:35 [INFO] HTTP Request: GET https://site.api.espn.com/apis/site/v2/sports/basketball/mens-college-basketball/summary?event=401822918 "HTTP/1.1 200 OK"
16:10:45 [INFO] HTTP Request: GET https://site.api.espn.com/apis/site/v2/sports/basketball/mens-college-basketball/summary?event=401822922 "HTTP/1.1 200 OK"
16:10:56 [INFO] HTTP Request: GET https://site.api.espn.com/apis/site/v2/sports/basketball/mens-college-basketball/summary?event=401822931 "HTTP/1.1 200 OK"
16:11:06 [INFO] HTTP Request: GET https://site.api.espn.com/apis/site/v2/sports/basketball/mens-college-basketball/summary?event=401822936 "HTTP/1.1 200 OK"
16:11:16 [INFO] HTTP Request: GET https://site.api.espn.com/apis/site/v2/sports/basketball/mens-college-basketball/summary?event=401822941 "HTTP/1.1 200 OK"
16:11:26 [INFO] HTTP Request: GET https://site.api.espn.com/apis/site/v2/sports/basketball/mens-college-basketball/summary?event=401822943 "HTTP/1.1 200 OK"
16:11:37 [INFO] HTTP Request: GET https://site.api.espn.com/apis/site/v2/sports/basketball/mens-college-basketball/summary?event=401822955 "HTTP/1.1 200 OK"
16:11:37 [INFO]   Loaded: 27 games, 529 player-game-stat rows
16:11:37 [INFO] 
[7/11] Seton Hall Pirates
16:11:37 [INFO] Scraping team: Seton Hall Pirates (ESPN #2550)
16:11:47 [INFO] HTTP Request: GET https://site.api.espn.com/apis/site/v2/sports/basketball/mens-college-basketball/teams/2550/schedule?season=2026 "HTTP/1.1 200 OK"
16:11:47 [INFO]   Schedule: 28 completed games
16:11:57 [INFO] HTTP Request: GET https://site.api.espn.com/apis/site/v2/sports/basketball/mens-college-basketball/summary?event=401826891 "HTTP/1.1 200 OK"
16:12:07 [INFO] HTTP Request: GET https://site.api.espn.com/apis/site/v2/sports/basketball/mens-college-basketball/summary?event=401826892 "HTTP/1.1 200 OK"
16:12:18 [INFO] HTTP Request: GET https://site.api.espn.com/apis/site/v2/sports/basketball/mens-college-basketball/summary?event=401823189 "HTTP/1.1 200 OK"
16:12:28 [INFO] HTTP Request: GET https://site.api.espn.com/apis/site/v2/sports/basketball/mens-college-basketball/summary?event=401824861 "HTTP/1.1 200 OK"
16:12:38 [INFO] HTTP Request: GET https://site.api.espn.com/apis/site/v2/sports/basketball/mens-college-basketball/summary?event=401826893 "HTTP/1.1 200 OK"
16:12:48 [INFO] HTTP Request: GET https://site.api.espn.com/apis/site/v2/sports/basketball/mens-college-basketball/summary?event=401817256 "HTTP/1.1 200 OK"
16:12:59 [INFO] HTTP Request: GET https://site.api.espn.com/apis/site/v2/sports/basketball/mens-college-basketball/summary?event=401831196 "HTTP/1.1 200 OK"
16:13:09 [INFO] HTTP Request: GET https://site.api.espn.com/apis/site/v2/sports/basketball/mens-college-basketball/summary?event=401831201 "HTTP/1.1 200 OK"
16:13:19 [INFO] HTTP Request: GET https://site.api.espn.com/apis/site/v2/sports/basketball/mens-college-basketball/summary?event=401812649 "HTTP/1.1 200 OK"
16:13:30 [INFO] HTTP Request: GET https://site.api.espn.com/apis/site/v2/sports/basketball/mens-college-basketball/summary?event=401819894 "HTTP/1.1 200 OK"
16:13:40 [INFO] HTTP Request: GET https://site.api.espn.com/apis/site/v2/sports/basketball/mens-college-basketball/summary?event=401826894 "HTTP/1.1 200 OK"
16:13:50 [INFO] HTTP Request: GET https://site.api.espn.com/apis/site/v2/sports/basketball/mens-college-basketball/summary?event=401822872 "HTTP/1.1 200 OK"
16:14:01 [INFO] HTTP Request: GET https://site.api.espn.com/apis/site/v2/sports/basketball/mens-college-basketball/summary?event=401822876 "HTTP/1.1 200 OK"
16:14:11 [INFO] HTTP Request: GET https://site.api.espn.com/apis/site/v2/sports/basketball/mens-college-basketball/summary?event=401822877 "HTTP/1.1 200 OK"
16:14:22 [INFO] HTTP Request: GET https://site.api.espn.com/apis/site/v2/sports/basketball/mens-college-basketball/summary?event=401822886 "HTTP/1.1 200 OK"
16:14:32 [INFO] HTTP Request: GET https://site.api.espn.com/apis/site/v2/sports/basketball/mens-college-basketball/summary?event=401822894 "HTTP/1.1 200 OK"
16:14:42 [INFO] HTTP Request: GET https://site.api.espn.com/apis/site/v2/sports/basketball/mens-college-basketball/summary?event=401822900 "HTTP/1.1 200 OK"
16:14:52 [INFO] HTTP Request: GET https://site.api.espn.com/apis/site/v2/sports/basketball/mens-college-basketball/summary?event=401822906 "HTTP/1.1 200 OK"
16:15:03 [INFO] HTTP Request: GET https://site.api.espn.com/apis/site/v2/sports/basketball/mens-college-basketball/summary?event=401822909 "HTTP/1.1 200 OK"
16:15:13 [INFO] HTTP Request: GET https://site.api.espn.com/apis/site/v2/sports/basketball/mens-college-basketball/summary?event=401822915 "HTTP/1.1 200 OK"
16:15:24 [INFO] HTTP Request: GET https://site.api.espn.com/apis/site/v2/sports/basketball/mens-college-basketball/summary?event=401822921 "HTTP/1.1 200 OK"
16:15:35 [INFO] HTTP Request: GET https://site.api.espn.com/apis/site/v2/sports/basketball/mens-college-basketball/summary?event=401822925 "HTTP/1.1 200 OK"
16:15:45 [INFO] HTTP Request: GET https://site.api.espn.com/apis/site/v2/sports/basketball/mens-college-basketball/summary?event=401822929 "HTTP/1.1 200 OK"
16:15:55 [INFO] HTTP Request: GET https://site.api.espn.com/apis/site/v2/sports/basketball/mens-college-basketball/summary?event=401822933 "HTTP/1.1 200 OK"
16:16:05 [INFO] HTTP Request: GET https://site.api.espn.com/apis/site/v2/sports/basketball/mens-college-basketball/summary?event=401822941 "HTTP/1.1 200 OK"
16:16:16 [INFO] HTTP Request: GET https://site.api.espn.com/apis/site/v2/sports/basketball/mens-college-basketball/summary?event=401822946 "HTTP/1.1 200 OK"
16:16:26 [INFO] HTTP Request: GET https://site.api.espn.com/apis/site/v2/sports/basketball/mens-college-basketball/summary?event=401822951 "HTTP/1.1 200 OK"
16:16:36 [INFO] HTTP Request: GET https://site.api.espn.com/apis/site/v2/sports/basketball/mens-college-basketball/summary?event=401822956 "HTTP/1.1 200 OK"
16:16:36 [INFO]   Loaded: 28 games, 571 player-game-stat rows
16:16:36 [INFO] 
[8/11] St. John's Red Storm
16:16:36 [INFO] Scraping team: St. John's Red Storm (ESPN #2599)
16:16:47 [INFO] HTTP Request: GET https://site.api.espn.com/apis/site/v2/sports/basketball/mens-college-basketball/teams/2599/schedule?season=2026 "HTTP/1.1 200 OK"
16:16:47 [INFO]   Schedule: 27 completed games
16:16:57 [INFO] HTTP Request: GET https://site.api.espn.com/apis/site/v2/sports/basketball/mens-college-basketball/summary?event=401820577 "HTTP/1.1 200 OK"
16:17:08 [INFO] HTTP Request: GET https://site.api.espn.com/apis/site/v2/sports/basketball/mens-college-basketball/summary?event=401812261 "HTTP/1.1 200 OK"
16:17:18 [INFO] HTTP Request: GET https://site.api.espn.com/apis/site/v2/sports/basketball/mens-college-basketball/summary?event=401826915 "HTTP/1.1 200 OK"
16:17:28 [INFO] HTTP Request: GET https://site.api.espn.com/apis/site/v2/sports/basketball/mens-college-basketball/summary?event=401809078 "HTTP/1.1 200 OK"
16:17:39 [INFO] HTTP Request: GET https://site.api.espn.com/apis/site/v2/sports/basketball/mens-college-basketball/summary?event=401819874 "HTTP/1.1 200 OK"
16:17:49 [INFO] HTTP Request: GET https://site.api.espn.com/apis/site/v2/sports/basketball/mens-college-basketball/summary?event=401819827 "HTTP/1.1 200 OK"
16:17:59 [INFO] HTTP Request: GET https://site.api.espn.com/apis/site/v2/sports/basketball/mens-college-basketball/summary?event=401831218 "HTTP/1.1 200 OK"
16:18:10 [INFO] HTTP Request: GET https://site.api.espn.com/apis/site/v2/sports/basketball/mens-college-basketball/summary?event=401826916 "HTTP/1.1 200 OK"
16:18:20 [INFO] HTTP Request: GET https://site.api.espn.com/apis/site/v2/sports/basketball/mens-college-basketball/summary?event=401824309 "HTTP/1.1 200 OK"
16:18:30 [INFO] HTTP Request: GET https://site.api.espn.com/apis/site/v2/sports/basketball/mens-college-basketball/summary?event=401822869 "HTTP/1.1 200 OK"
16:18:41 [INFO] HTTP Request: GET https://site.api.espn.com/apis/site/v2/sports/basketball/mens-college-basketball/summary?event=401809306 "HTTP/1.1 200 OK"
16:18:51 [INFO] HTTP Request: GET https://site.api.espn.com/apis/site/v2/sports/basketball/mens-college-basketball/summary?event=401812611 "HTTP/1.1 200 OK"
16:19:02 [INFO] HTTP Request: GET https://site.api.espn.com/apis/site/v2/sports/basketball/mens-college-basketball/summary?event=401822879 "HTTP/1.1 200 OK"
16:19:12 [INFO] HTTP Request: GET https://site.api.espn.com/apis/site/v2/sports/basketball/mens-college-basketball/summary?event=401822882 "HTTP/1.1 200 OK"
16:19:22 [INFO] HTTP Request: GET https://site.api.espn.com/apis/site/v2/sports/basketball/mens-college-basketball/summary?event=401822888 "HTTP/1.1 200 OK"
16:19:32 [INFO] HTTP Request: GET https://site.api.espn.com/apis/site/v2/sports/basketball/mens-college-basketball/summary?event=401822892 "HTTP/1.1 200 OK"
16:19:43 [INFO] HTTP Request: GET https://site.api.espn.com/apis/site/v2/sports/basketball/mens-college-basketball/summary?event=401822897 "HTTP/1.1 200 OK"
16:19:53 [INFO] HTTP Request: GET https://site.api.espn.com/apis/site/v2/sports/basketball/mens-college-basketball/summary?event=401822905 "HTTP/1.1 200 OK"
16:20:03 [INFO] HTTP Request: GET https://site.api.espn.com/apis/site/v2/sports/basketball/mens-college-basketball/summary?event=401822909 "HTTP/1.1 200 OK"
16:20:13 [INFO] HTTP Request: GET https://site.api.espn.com/apis/site/v2/sports/basketball/mens-college-basketball/summary?event=401822914 "HTTP/1.1 200 OK"
16:20:24 [INFO] HTTP Request: GET https://site.api.espn.com/apis/site/v2/sports/basketball/mens-college-basketball/summary?event=401822919 "HTTP/1.1 200 OK"
16:20:34 [INFO] HTTP Request: GET https://site.api.espn.com/apis/site/v2/sports/basketball/mens-college-basketball/summary?event=401822928 "HTTP/1.1 200 OK"
16:20:44 [INFO] HTTP Request: GET https://site.api.espn.com/apis/site/v2/sports/basketball/mens-college-basketball/summary?event=401822932 "HTTP/1.1 200 OK"
16:20:55 [INFO] HTTP Request: GET https://site.api.espn.com/apis/site/v2/sports/basketball/mens-college-basketball/summary?event=401822937 "HTTP/1.1 200 OK"
16:21:05 [INFO] HTTP Request: GET https://site.api.espn.com/apis/site/v2/sports/basketball/mens-college-basketball/summary?event=401822943 "HTTP/1.1 200 OK"
16:21:16 [INFO] HTTP Request: GET https://site.api.espn.com/apis/site/v2/sports/basketball/mens-college-basketball/summary?event=401822949 "HTTP/1.1 200 OK"
16:21:26 [INFO] HTTP Request: GET https://site.api.espn.com/apis/site/v2/sports/basketball/mens-college-basketball/summary?event=401822952 "HTTP/1.1 200 OK"
16:21:27 [INFO]   Loaded: 27 games, 564 player-game-stat rows
16:21:27 [INFO] 
[9/11] UConn Huskies
16:21:27 [INFO] Scraping team: UConn Huskies (ESPN #41)
16:21:37 [INFO] HTTP Request: GET https://site.api.espn.com/apis/site/v2/sports/basketball/mens-college-basketball/teams/41/schedule?season=2026 "HTTP/1.1 200 OK"
16:21:38 [INFO]   Schedule: 28 completed games
16:21:48 [INFO] HTTP Request: GET https://site.api.espn.com/apis/site/v2/sports/basketball/mens-college-basketball/summary?event=401812785 "HTTP/1.1 200 OK"
16:21:58 [INFO] HTTP Request: GET https://site.api.espn.com/apis/site/v2/sports/basketball/mens-college-basketball/summary?event=401812786 "HTTP/1.1 200 OK"
16:22:09 [INFO] HTTP Request: GET https://site.api.espn.com/apis/site/v2/sports/basketball/mens-college-basketball/summary?event=401812787 "HTTP/1.1 200 OK"
16:22:19 [INFO] HTTP Request: GET https://site.api.espn.com/apis/site/v2/sports/basketball/mens-college-basketball/summary?event=401812788 "HTTP/1.1 200 OK"
16:22:30 [INFO] HTTP Request: GET https://site.api.espn.com/apis/site/v2/sports/basketball/mens-college-basketball/summary?event=401812789 "HTTP/1.1 200 OK"
16:22:40 [INFO] HTTP Request: GET https://site.api.espn.com/apis/site/v2/sports/basketball/mens-college-basketball/summary?event=401812790 "HTTP/1.1 200 OK"
16:22:51 [INFO] HTTP Request: GET https://site.api.espn.com/apis/site/v2/sports/basketball/mens-college-basketball/summary?event=401811096 "HTTP/1.1 200 OK"
16:23:01 [INFO] HTTP Request: GET https://site.api.espn.com/apis/site/v2/sports/basketball/mens-college-basketball/summary?event=401812791 "HTTP/1.1 200 OK"
16:23:11 [INFO] HTTP Request: GET https://site.api.espn.com/apis/site/v2/sports/basketball/mens-college-basketball/summary?event=401812792 "HTTP/1.1 200 OK"
16:23:22 [INFO] HTTP Request: GET https://site.api.espn.com/apis/site/v2/sports/basketball/mens-college-basketball/summary?event=401812793 "HTTP/1.1 200 OK"
16:23:32 [INFO] HTTP Request: GET https://site.api.espn.com/apis/site/v2/sports/basketball/mens-college-basketball/summary?event=401812794 "HTTP/1.1 200 OK"
16:23:42 [INFO] HTTP Request: GET https://site.api.espn.com/apis/site/v2/sports/basketball/mens-college-basketball/summary?event=401822868 "HTTP/1.1 200 OK"
16:23:53 [INFO] HTTP Request: GET https://site.api.espn.com/apis/site/v2/sports/basketball/mens-college-basketball/summary?event=401822875 "HTTP/1.1 200 OK"
16:24:03 [INFO] HTTP Request: GET https://site.api.espn.com/apis/site/v2/sports/basketball/mens-college-basketball/summary?event=401822880 "HTTP/1.1 200 OK"
16:24:13 [INFO] HTTP Request: GET https://site.api.espn.com/apis/site/v2/sports/basketball/mens-college-basketball/summary?event=401822885 "HTTP/1.1 200 OK"
16:24:24 [INFO] HTTP Request: GET https://site.api.espn.com/apis/site/v2/sports/basketball/mens-college-basketball/summary?event=401822889 "HTTP/1.1 200 OK"
16:24:34 [INFO] HTTP Request: GET https://site.api.espn.com/apis/site/v2/sports/basketball/mens-college-basketball/summary?event=401822893 "HTTP/1.1 200 OK"
16:24:44 [INFO] HTTP Request: GET https://site.api.espn.com/apis/site/v2/sports/basketball/mens-college-basketball/summary?event=401822900 "HTTP/1.1 200 OK"
16:24:55 [INFO] HTTP Request: GET https://site.api.espn.com/apis/site/v2/sports/basketball/mens-college-basketball/summary?event=401822904 "HTTP/1.1 200 OK"
16:25:05 [INFO] HTTP Request: GET https://site.api.espn.com/apis/site/v2/sports/basketball/mens-college-basketball/summary?event=401822913 "HTTP/1.1 200 OK"
16:25:15 [INFO] HTTP Request: GET https://site.api.espn.com/apis/site/v2/sports/basketball/mens-college-basketball/summary?event=401822918 "HTTP/1.1 200 OK"
16:25:26 [INFO] HTTP Request: GET https://site.api.espn.com/apis/site/v2/sports/basketball/mens-college-basketball/summary?event=401822923 "HTTP/1.1 200 OK"
16:25:36 [INFO] HTTP Request: GET https://site.api.espn.com/apis/site/v2/sports/basketball/mens-college-basketball/summary?event=401822927 "HTTP/1.1 200 OK"
16:25:47 [INFO] HTTP Request: GET https://site.api.espn.com/apis/site/v2/sports/basketball/mens-college-basketball/summary?event=401822932 "HTTP/1.1 200 OK"
16:25:57 [INFO] HTTP Request: GET https://site.api.espn.com/apis/site/v2/sports/basketball/mens-college-basketball/summary?event=401822940 "HTTP/1.1 200 OK"
16:26:07 [INFO] HTTP Request: GET https://site.api.espn.com/apis/site/v2/sports/basketball/mens-college-basketball/summary?event=401822942 "HTTP/1.1 200 OK"
16:26:18 [INFO] HTTP Request: GET https://site.api.espn.com/apis/site/v2/sports/basketball/mens-college-basketball/summary?event=401822948 "HTTP/1.1 200 OK"
16:26:28 [INFO] HTTP Request: GET https://site.api.espn.com/apis/site/v2/sports/basketball/mens-college-basketball/summary?event=401822953 "HTTP/1.1 200 OK"
16:26:28 [INFO]   Loaded: 28 games, 554 player-game-stat rows
16:26:28 [INFO] 
[10/11] Villanova Wildcats
16:26:28 [INFO] Scraping team: Villanova Wildcats (ESPN #222)
16:26:38 [INFO] HTTP Request: GET https://site.api.espn.com/apis/site/v2/sports/basketball/mens-college-basketball/teams/222/schedule?season=2026 "HTTP/1.1 200 OK"
16:26:38 [INFO]   Schedule: 27 completed games
16:26:49 [INFO] HTTP Request: GET https://site.api.espn.com/apis/site/v2/sports/basketball/mens-college-basketball/summary?event=401819834 "HTTP/1.1 200 OK"
16:26:59 [INFO] HTTP Request: GET https://site.api.espn.com/apis/site/v2/sports/basketball/mens-college-basketball/summary?event=401823451 "HTTP/1.1 200 OK"
16:27:10 [INFO] HTTP Request: GET https://site.api.espn.com/apis/site/v2/sports/basketball/mens-college-basketball/summary?event=401823563 "HTTP/1.1 200 OK"
16:27:20 [INFO] HTTP Request: GET https://site.api.espn.com/apis/site/v2/sports/basketball/mens-college-basketball/summary?event=401813447 "HTTP/1.1 200 OK"
16:27:31 [INFO] HTTP Request: GET https://site.api.espn.com/apis/site/v2/sports/basketball/mens-college-basketball/summary?event=401822180 "HTTP/1.1 200 OK"
16:27:41 [INFO] HTTP Request: GET https://site.api.espn.com/apis/site/v2/sports/basketball/mens-college-basketball/summary?event=401823564 "HTTP/1.1 200 OK"
16:27:52 [INFO] HTTP Request: GET https://site.api.espn.com/apis/site/v2/sports/basketball/mens-college-basketball/summary?event=401823565 "HTTP/1.1 200 OK"
16:28:02 [INFO] HTTP Request: GET https://site.api.espn.com/apis/site/v2/sports/basketball/mens-college-basketball/summary?event=401831240 "HTTP/1.1 200 OK"
16:28:12 [INFO] HTTP Request: GET https://site.api.espn.com/apis/site/v2/sports/basketball/mens-college-basketball/summary?event=401823566 "HTTP/1.1 200 OK"
16:28:22 [INFO] HTTP Request: GET https://site.api.espn.com/apis/site/v2/sports/basketball/mens-college-basketball/summary?event=401817449 "HTTP/1.1 200 OK"
16:28:33 [INFO] HTTP Request: GET https://site.api.espn.com/apis/site/v2/sports/basketball/mens-college-basketball/summary?event=401823567 "HTTP/1.1 200 OK"
16:28:43 [INFO] HTTP Request: GET https://site.api.espn.com/apis/site/v2/sports/basketball/mens-college-basketball/summary?event=401822876 "HTTP/1.1 200 OK"
16:28:54 [INFO] HTTP Request: GET https://site.api.espn.com/apis/site/v2/sports/basketball/mens-college-basketball/summary?event=401822881 "HTTP/1.1 200 OK"
16:29:04 [INFO] HTTP Request: GET https://site.api.espn.com/apis/site/v2/sports/basketball/mens-college-basketball/summary?event=401822883 "HTTP/1.1 200 OK"
16:29:14 [INFO] HTTP Request: GET https://site.api.espn.com/apis/site/v2/sports/basketball/mens-college-basketball/summary?event=401822891 "HTTP/1.1 200 OK"
16:29:25 [INFO] HTTP Request: GET https://site.api.espn.com/apis/site/v2/sports/basketball/mens-college-basketball/summary?event=401822895 "HTTP/1.1 200 OK"
16:29:35 [INFO] HTTP Request: GET https://site.api.espn.com/apis/site/v2/sports/basketball/mens-college-basketball/summary?event=401822899 "HTTP/1.1 200 OK"
16:29:46 [INFO] HTTP Request: GET https://site.api.espn.com/apis/site/v2/sports/basketball/mens-college-basketball/summary?event=401822905 "HTTP/1.1 200 OK"
16:29:56 [INFO] HTTP Request: GET https://site.api.espn.com/apis/site/v2/sports/basketball/mens-college-basketball/summary?event=401822911 "HTTP/1.1 200 OK"
16:30:06 [INFO] HTTP Request: GET https://site.api.espn.com/apis/site/v2/sports/basketball/mens-college-basketball/summary?event=401822913 "HTTP/1.1 200 OK"
16:30:17 [INFO] HTTP Request: GET https://site.api.espn.com/apis/site/v2/sports/basketball/mens-college-basketball/summary?event=401822922 "HTTP/1.1 200 OK"
16:30:27 [INFO] HTTP Request: GET https://site.api.espn.com/apis/site/v2/sports/basketball/mens-college-basketball/summary?event=401822929 "HTTP/1.1 200 OK"
16:30:35 [INFO] HTTP Request: GET https://site.api.espn.com/apis/site/v2/sports/basketball/mens-college-basketball/summary?event=401822934 "HTTP/1.1 200 OK"
16:30:46 [INFO] HTTP Request: GET https://site.api.espn.com/apis/site/v2/sports/basketball/mens-college-basketball/summary?event=401822938 "HTTP/1.1 200 OK"
16:30:56 [INFO] HTTP Request: GET https://site.api.espn.com/apis/site/v2/sports/basketball/mens-college-basketball/summary?event=401822944 "HTTP/1.1 200 OK"
16:31:06 [INFO] HTTP Request: GET https://site.api.espn.com/apis/site/v2/sports/basketball/mens-college-basketball/summary?event=401822947 "HTTP/1.1 200 OK"
16:31:17 [INFO] HTTP Request: GET https://site.api.espn.com/apis/site/v2/sports/basketball/mens-college-basketball/summary?event=401822953 "HTTP/1.1 200 OK"
16:31:17 [INFO]   Loaded: 27 games, 518 player-game-stat rows
16:31:17 [INFO] 
[11/11] Xavier Musketeers
16:31:17 [INFO] Scraping team: Xavier Musketeers (ESPN #2752)
16:31:27 [INFO] HTTP Request: GET https://site.api.espn.com/apis/site/v2/sports/basketball/mens-college-basketball/teams/2752/schedule?season=2026 "HTTP/1.1 200 OK"
16:31:27 [INFO]   Schedule: 27 completed games
16:31:37 [INFO] HTTP Request: GET https://site.api.espn.com/apis/site/v2/sports/basketball/mens-college-basketball/summary?event=401813319 "HTTP/1.1 200 OK"
16:31:47 [INFO] HTTP Request: GET https://site.api.espn.com/apis/site/v2/sports/basketball/mens-college-basketball/summary?event=401812333 "HTTP/1.1 200 OK"
16:31:58 [INFO] HTTP Request: GET https://site.api.espn.com/apis/site/v2/sports/basketball/mens-college-basketball/summary?event=401823559 "HTTP/1.1 200 OK"
16:32:08 [INFO] HTTP Request: GET https://site.api.espn.com/apis/site/v2/sports/basketball/mens-college-basketball/summary?event=401823560 "HTTP/1.1 200 OK"
16:32:19 [INFO] HTTP Request: GET https://site.api.espn.com/apis/site/v2/sports/basketball/mens-college-basketball/summary?event=401823561 "HTTP/1.1 200 OK"
16:32:30 [INFO] HTTP Request: GET https://site.api.espn.com/apis/site/v2/sports/basketball/mens-college-basketball/summary?event=401809309 "HTTP/1.1 200 OK"
16:32:40 [INFO] HTTP Request: GET https://site.api.espn.com/apis/site/v2/sports/basketball/mens-college-basketball/summary?event=401831231 "HTTP/1.1 200 OK"
16:32:50 [INFO] HTTP Request: GET https://site.api.espn.com/apis/site/v2/sports/basketball/mens-college-basketball/summary?event=401820487 "HTTP/1.1 200 OK"
16:33:01 [INFO] HTTP Request: GET https://site.api.espn.com/apis/site/v2/sports/basketball/mens-college-basketball/summary?event=401812384 "HTTP/1.1 200 OK"
16:33:11 [INFO] HTTP Request: GET https://site.api.espn.com/apis/site/v2/sports/basketball/mens-college-basketball/summary?event=401819847 "HTTP/1.1 200 OK"
16:33:22 [INFO] HTTP Request: GET https://site.api.espn.com/apis/site/v2/sports/basketball/mens-college-basketball/summary?event=401823328 "HTTP/1.1 200 OK"
16:33:32 [INFO] HTTP Request: GET https://site.api.espn.com/apis/site/v2/sports/basketball/mens-college-basketball/summary?event=401822871 "HTTP/1.1 200 OK"
16:33:43 [INFO] HTTP Request: GET https://site.api.espn.com/apis/site/v2/sports/basketball/mens-college-basketball/summary?event=401822874 "HTTP/1.1 200 OK"
16:33:53 [INFO] HTTP Request: GET https://site.api.espn.com/apis/site/v2/sports/basketball/mens-college-basketball/summary?event=401822880 "HTTP/1.1 200 OK"
16:34:03 [INFO] HTTP Request: GET https://site.api.espn.com/apis/site/v2/sports/basketball/mens-college-basketball/summary?event=401822884 "HTTP/1.1 200 OK"
16:34:14 [INFO] HTTP Request: GET https://site.api.espn.com/apis/site/v2/sports/basketball/mens-college-basketball/summary?event=401822890 "HTTP/1.1 200 OK"
16:34:24 [INFO] HTTP Request: GET https://site.api.espn.com/apis/site/v2/sports/basketball/mens-college-basketball/summary?event=401822896 "HTTP/1.1 200 OK"
16:34:35 [INFO] HTTP Request: GET https://site.api.espn.com/apis/site/v2/sports/basketball/mens-college-basketball/summary?event=401822901 "HTTP/1.1 200 OK"
16:34:45 [INFO] HTTP Request: GET https://site.api.espn.com/apis/site/v2/sports/basketball/mens-college-basketball/summary?event=401822910 "HTTP/1.1 200 OK"
16:34:55 [INFO] HTTP Request: GET https://site.api.espn.com/apis/site/v2/sports/basketball/mens-college-basketball/summary?event=401822914 "HTTP/1.1 200 OK"
16:35:06 [INFO] HTTP Request: GET https://site.api.espn.com/apis/site/v2/sports/basketball/mens-college-basketball/summary?event=401822921 "HTTP/1.1 200 OK"
16:35:17 [INFO] HTTP Request: GET https://site.api.espn.com/apis/site/v2/sports/basketball/mens-college-basketball/summary?event=401822926 "HTTP/1.1 200 OK"
16:35:28 [INFO] HTTP Request: GET https://site.api.espn.com/apis/site/v2/sports/basketball/mens-college-basketball/summary?event=401822927 "HTTP/1.1 200 OK"
16:35:39 [INFO] HTTP Request: GET https://site.api.espn.com/apis/site/v2/sports/basketball/mens-college-basketball/summary?event=401822937 "HTTP/1.1 200 OK"
16:35:49 [INFO] HTTP Request: GET https://site.api.espn.com/apis/site/v2/sports/basketball/mens-college-basketball/summary?event=401822945 "HTTP/1.1 200 OK"
16:35:59 [INFO] HTTP Request: GET https://site.api.espn.com/apis/site/v2/sports/basketball/mens-college-basketball/summary?event=401822947 "HTTP/1.1 200 OK"
16:36:09 [INFO] HTTP Request: GET https://site.api.espn.com/apis/site/v2/sports/basketball/mens-college-basketball/summary?event=401822954 "HTTP/1.1 200 OK"
16:36:09 [INFO]   Loaded: 27 games, 525 player-game-stat rows
16:36:09 [INFO] 
============================================================
16:36:09 [INFO]   BATCH COMPLETE: 11 teams, 302 games, 6054 PGS rows
16:36:09 [INFO] ============================================================

============================================================
  ESPN BATCH — FINAL SUMMARY
============================================================
  Total teams:                1532
  Total players:              17020
  Total games:                5953
  Total player_game_stats:    144959
============================================================
