01:04:28 [INFO] Batch: 12 NCAA D1 teams via ESPN
01:04:28 [INFO] 
[1/12] Austin Peay Governors
01:04:28 [INFO] Scraping team: Austin Peay Governors (ESPN #2046)
01:04:28 [INFO] HTTP Request: GET https://site.api.espn.com/apis/site/v2/sports/basketball/mens-college-basketball/teams/2046/schedule?season=2026 "HTTP/1.1 200 OK"
01:04:28 [INFO]   Schedule: 27 completed games
01:04:38 [INFO] HTTP Request: GET https://site.api.espn.com/apis/site/v2/sports/basketball/mens-college-basketball/summary?event=401830627 "HTTP/1.1 200 OK"
01:04:49 [INFO] HTTP Request: GET https://site.api.espn.com/apis/site/v2/sports/basketball/mens-college-basketball/summary?event=401820550 "HTTP/1.1 200 OK"
01:04:59 [INFO] HTTP Request: GET https://site.api.espn.com/apis/site/v2/sports/basketball/mens-college-basketball/summary?event=401823757 "HTTP/1.1 200 OK"
01:05:10 [INFO] HTTP Request: GET https://site.api.espn.com/apis/site/v2/sports/basketball/mens-college-basketball/summary?event=401830115 "HTTP/1.1 200 OK"
01:05:20 [INFO] HTTP Request: GET https://site.api.espn.com/apis/site/v2/sports/basketball/mens-college-basketball/summary?event=401828493 "HTTP/1.1 200 OK"
01:05:31 [INFO] HTTP Request: GET https://site.api.espn.com/apis/site/v2/sports/basketball/mens-college-basketball/summary?event=401828283 "HTTP/1.1 200 OK"
01:05:41 [INFO] HTTP Request: GET https://site.api.espn.com/apis/site/v2/sports/basketball/mens-college-basketball/summary?event=401823464 "HTTP/1.1 200 OK"
01:05:51 [INFO] HTTP Request: GET https://site.api.espn.com/apis/site/v2/sports/basketball/mens-college-basketball/summary?event=401823016 "HTTP/1.1 200 OK"
01:06:02 [INFO] HTTP Request: GET https://site.api.espn.com/apis/site/v2/sports/basketball/mens-college-basketball/summary?event=401830122 "HTTP/1.1 200 OK"
01:06:12 [INFO] HTTP Request: GET https://site.api.espn.com/apis/site/v2/sports/basketball/mens-college-basketball/summary?event=401824893 "HTTP/1.1 200 OK"
01:06:22 [INFO] HTTP Request: GET https://site.api.espn.com/apis/site/v2/sports/basketball/mens-college-basketball/summary?event=401830628 "HTTP/1.1 200 OK"
01:06:33 [INFO] HTTP Request: GET https://site.api.espn.com/apis/site/v2/sports/basketball/mens-college-basketball/summary?event=401807665 "HTTP/1.1 200 OK"
01:06:43 [INFO] HTTP Request: GET https://site.api.espn.com/apis/site/v2/sports/basketball/mens-college-basketball/summary?event=401807670 "HTTP/1.1 200 OK"
01:06:53 [INFO] HTTP Request: GET https://site.api.espn.com/apis/site/v2/sports/basketball/mens-college-basketball/summary?event=401807673 "HTTP/1.1 200 OK"
01:07:03 [INFO] HTTP Request: GET https://site.api.espn.com/apis/site/v2/sports/basketball/mens-college-basketball/summary?event=401807679 "HTTP/1.1 200 OK"
01:07:14 [INFO] HTTP Request: GET https://site.api.espn.com/apis/site/v2/sports/basketball/mens-college-basketball/summary?event=401807686 "HTTP/1.1 200 OK"
01:07:24 [INFO] HTTP Request: GET https://site.api.espn.com/apis/site/v2/sports/basketball/mens-college-basketball/summary?event=401807691 "HTTP/1.1 200 OK"
01:07:35 [INFO] HTTP Request: GET https://site.api.espn.com/apis/site/v2/sports/basketball/mens-college-basketball/summary?event=401807701 "HTTP/1.1 200 OK"
01:07:45 [INFO] HTTP Request: GET https://site.api.espn.com/apis/site/v2/sports/basketball/mens-college-basketball/summary?event=401807708 "HTTP/1.1 200 OK"
01:07:56 [INFO] HTTP Request: GET https://site.api.espn.com/apis/site/v2/sports/basketball/mens-college-basketball/summary?event=401807709 "HTTP/1.1 200 OK"
01:08:06 [INFO] HTTP Request: GET https://site.api.espn.com/apis/site/v2/sports/basketball/mens-college-basketball/summary?event=401807715 "HTTP/1.1 200 OK"
01:08:16 [INFO] HTTP Request: GET https://site.api.espn.com/apis/site/v2/sports/basketball/mens-college-basketball/summary?event=401807723 "HTTP/1.1 200 OK"
01:08:27 [INFO] HTTP Request: GET https://site.api.espn.com/apis/site/v2/sports/basketball/mens-college-basketball/summary?event=401807730 "HTTP/1.1 200 OK"
01:08:37 [INFO] HTTP Request: GET https://site.api.espn.com/apis/site/v2/sports/basketball/mens-college-basketball/summary?event=401807733 "HTTP/1.1 200 OK"
01:08:48 [INFO] HTTP Request: GET https://site.api.espn.com/apis/site/v2/sports/basketball/mens-college-basketball/summary?event=401807739 "HTTP/1.1 200 OK"
01:08:58 [INFO] HTTP Request: GET https://site.api.espn.com/apis/site/v2/sports/basketball/mens-college-basketball/summary?event=401807746 "HTTP/1.1 200 OK"
01:09:09 [INFO] HTTP Request: GET https://site.api.espn.com/apis/site/v2/sports/basketball/mens-college-basketball/summary?event=401807751 "HTTP/1.1 200 OK"
01:09:09 [INFO]   Loaded: 27 games, 554 player-game-stat rows
01:09:09 [INFO] 
[2/12] Bellarmine Knights
01:09:09 [INFO] Scraping team: Bellarmine Knights (ESPN #91)
01:09:19 [INFO] HTTP Request: GET https://site.api.espn.com/apis/site/v2/sports/basketball/mens-college-basketball/teams/91/schedule?season=2026 "HTTP/1.1 200 OK"
01:09:19 [INFO]   Schedule: 28 completed games
01:09:30 [INFO] HTTP Request: GET https://site.api.espn.com/apis/site/v2/sports/basketball/mens-college-basketball/summary?event=401823213 "HTTP/1.1 200 OK"
01:09:40 [INFO] HTTP Request: GET https://site.api.espn.com/apis/site/v2/sports/basketball/mens-college-basketball/summary?event=401819889 "HTTP/1.1 200 OK"
01:09:50 [INFO] HTTP Request: GET https://site.api.espn.com/apis/site/v2/sports/basketball/mens-college-basketball/summary?event=401823214 "HTTP/1.1 200 OK"
01:10:01 [INFO] HTTP Request: GET https://site.api.espn.com/apis/site/v2/sports/basketball/mens-college-basketball/summary?event=401823215 "HTTP/1.1 200 OK"
01:10:11 [INFO] HTTP Request: GET https://site.api.espn.com/apis/site/v2/sports/basketball/mens-college-basketball/summary?event=401817435 "HTTP/1.1 200 OK"
01:10:21 [INFO] HTTP Request: GET https://site.api.espn.com/apis/site/v2/sports/basketball/mens-college-basketball/summary?event=401823216 "HTTP/1.1 200 OK"
01:10:32 [INFO] HTTP Request: GET https://site.api.espn.com/apis/site/v2/sports/basketball/mens-college-basketball/summary?event=401823217 "HTTP/1.1 200 OK"
01:10:43 [INFO] HTTP Request: GET https://site.api.espn.com/apis/site/v2/sports/basketball/mens-college-basketball/summary?event=401823219 "HTTP/1.1 200 OK"
01:10:53 [INFO] HTTP Request: GET https://site.api.espn.com/apis/site/v2/sports/basketball/mens-college-basketball/summary?event=401823220 "HTTP/1.1 200 OK"
01:11:04 [INFO] HTTP Request: GET https://site.api.espn.com/apis/site/v2/sports/basketball/mens-college-basketball/summary?event=401823221 "HTTP/1.1 200 OK"
01:11:14 [INFO] HTTP Request: GET https://site.api.espn.com/apis/site/v2/sports/basketball/mens-college-basketball/summary?event=401823222 "HTTP/1.1 200 OK"
01:11:24 [INFO] HTTP Request: GET https://site.api.espn.com/apis/site/v2/sports/basketball/mens-college-basketball/summary?event=401823223 "HTTP/1.1 200 OK"
01:11:35 [INFO] HTTP Request: GET https://site.api.espn.com/apis/site/v2/sports/basketball/mens-college-basketball/summary?event=401807661 "HTTP/1.1 200 OK"
01:11:45 [INFO] HTTP Request: GET https://site.api.espn.com/apis/site/v2/sports/basketball/mens-college-basketball/summary?event=401807667 "HTTP/1.1 200 OK"
01:11:56 [INFO] HTTP Request: GET https://site.api.espn.com/apis/site/v2/sports/basketball/mens-college-basketball/summary?event=401807674 "HTTP/1.1 200 OK"
01:12:06 [INFO] HTTP Request: GET https://site.api.espn.com/apis/site/v2/sports/basketball/mens-college-basketball/summary?event=401807682 "HTTP/1.1 200 OK"
01:12:16 [INFO] HTTP Request: GET https://site.api.espn.com/apis/site/v2/sports/basketball/mens-college-basketball/summary?event=401807685 "HTTP/1.1 200 OK"
01:12:26 [INFO] HTTP Request: GET https://site.api.espn.com/apis/site/v2/sports/basketball/mens-college-basketball/summary?event=401807692 "HTTP/1.1 200 OK"
01:12:37 [INFO] HTTP Request: GET https://site.api.espn.com/apis/site/v2/sports/basketball/mens-college-basketball/summary?event=401807698 "HTTP/1.1 200 OK"
01:12:47 [INFO] HTTP Request: GET https://site.api.espn.com/apis/site/v2/sports/basketball/mens-college-basketball/summary?event=401807703 "HTTP/1.1 200 OK"
01:12:57 [INFO] HTTP Request: GET https://site.api.espn.com/apis/site/v2/sports/basketball/mens-college-basketball/summary?event=401807711 "HTTP/1.1 200 OK"
01:13:08 [INFO] HTTP Request: GET https://site.api.espn.com/apis/site/v2/sports/basketball/mens-college-basketball/summary?event=401807720 "HTTP/1.1 200 OK"
01:13:18 [INFO] HTTP Request: GET https://site.api.espn.com/apis/site/v2/sports/basketball/mens-college-basketball/summary?event=401807726 "HTTP/1.1 200 OK"
01:13:29 [INFO] HTTP Request: GET https://site.api.espn.com/apis/site/v2/sports/basketball/mens-college-basketball/summary?event=401807728 "HTTP/1.1 200 OK"
01:13:39 [INFO] HTTP Request: GET https://site.api.espn.com/apis/site/v2/sports/basketball/mens-college-basketball/summary?event=401807735 "HTTP/1.1 200 OK"
01:13:50 [INFO] HTTP Request: GET https://site.api.espn.com/apis/site/v2/sports/basketball/mens-college-basketball/summary?event=401807739 "HTTP/1.1 200 OK"
01:14:01 [INFO] HTTP Request: GET https://site.api.espn.com/apis/site/v2/sports/basketball/mens-college-basketball/summary?event=401807749 "HTTP/1.1 200 OK"
01:14:11 [INFO] HTTP Request: GET https://site.api.espn.com/apis/site/v2/sports/basketball/mens-college-basketball/summary?event=401807753 "HTTP/1.1 200 OK"
01:14:11 [INFO]   Loaded: 28 games, 596 player-game-stat rows
01:14:11 [INFO] 
[3/12] Central Arkansas Bears
01:14:11 [INFO] Scraping team: Central Arkansas Bears (ESPN #2110)
01:14:22 [INFO] HTTP Request: GET https://site.api.espn.com/apis/site/v2/sports/basketball/mens-college-basketball/teams/2110/schedule?season=2026 "HTTP/1.1 200 OK"
01:14:22 [INFO]   Schedule: 29 completed games
01:14:32 [INFO] HTTP Request: GET https://site.api.espn.com/apis/site/v2/sports/basketball/mens-college-basketball/summary?event=401817262 "HTTP/1.1 200 OK"
01:14:42 [INFO] HTTP Request: GET https://site.api.espn.com/apis/site/v2/sports/basketball/mens-college-basketball/summary?event=401824854 "HTTP/1.1 200 OK"
01:14:53 [INFO] HTTP Request: GET https://site.api.espn.com/apis/site/v2/sports/basketball/mens-college-basketball/summary?event=401824935 "HTTP/1.1 200 OK"
01:15:03 [INFO] HTTP Request: GET https://site.api.espn.com/apis/site/v2/sports/basketball/mens-college-basketball/summary?event=401824936 "HTTP/1.1 200 OK"
01:15:14 [INFO] HTTP Request: GET https://site.api.espn.com/apis/site/v2/sports/basketball/mens-college-basketball/summary?event=401824937 "HTTP/1.1 200 OK"
01:15:24 [INFO] HTTP Request: GET https://site.api.espn.com/apis/site/v2/sports/basketball/mens-college-basketball/summary?event=401823502 "HTTP/1.1 200 OK"
01:15:34 [INFO] HTTP Request: GET https://site.api.espn.com/apis/site/v2/sports/basketball/mens-college-basketball/summary?event=401822358 "HTTP/1.1 200 OK"
01:15:45 [INFO] HTTP Request: GET https://site.api.espn.com/apis/site/v2/sports/basketball/mens-college-basketball/summary?event=401824890 "HTTP/1.1 200 OK"
01:15:55 [INFO] HTTP Request: GET https://site.api.espn.com/apis/site/v2/sports/basketball/mens-college-basketball/summary?event=401824938 "HTTP/1.1 200 OK"
01:16:05 [INFO] HTTP Request: GET https://site.api.espn.com/apis/site/v2/sports/basketball/mens-college-basketball/summary?event=401824939 "HTTP/1.1 200 OK"
01:16:16 [INFO] HTTP Request: GET https://site.api.espn.com/apis/site/v2/sports/basketball/mens-college-basketball/summary?event=401824940 "HTTP/1.1 200 OK"
01:16:26 [INFO] HTTP Request: GET https://site.api.espn.com/apis/site/v2/sports/basketball/mens-college-basketball/summary?event=401824941 "HTTP/1.1 200 OK"
01:16:36 [INFO] HTTP Request: GET https://site.api.espn.com/apis/site/v2/sports/basketball/mens-college-basketball/summary?event=401817462 "HTTP/1.1 200 OK"
01:16:46 [INFO] HTTP Request: GET https://site.api.espn.com/apis/site/v2/sports/basketball/mens-college-basketball/summary?event=401807663 "HTTP/1.1 200 OK"
01:16:57 [INFO] HTTP Request: GET https://site.api.espn.com/apis/site/v2/sports/basketball/mens-college-basketball/summary?event=401807672 "HTTP/1.1 200 OK"
01:17:07 [INFO] HTTP Request: GET https://site.api.espn.com/apis/site/v2/sports/basketball/mens-college-basketball/summary?event=401807674 "HTTP/1.1 200 OK"
01:17:17 [INFO] HTTP Request: GET https://site.api.espn.com/apis/site/v2/sports/basketball/mens-college-basketball/summary?event=401807680 "HTTP/1.1 200 OK"
01:17:28 [INFO] HTTP Request: GET https://site.api.espn.com/apis/site/v2/sports/basketball/mens-college-basketball/summary?event=401807687 "HTTP/1.1 200 OK"
01:17:38 [INFO] HTTP Request: GET https://site.api.espn.com/apis/site/v2/sports/basketball/mens-college-basketball/summary?event=401807694 "HTTP/1.1 200 OK"
01:17:49 [INFO] HTTP Request: GET https://site.api.espn.com/apis/site/v2/sports/basketball/mens-college-basketball/summary?event=401807699 "HTTP/1.1 200 OK"
01:17:59 [INFO] HTTP Request: GET https://site.api.espn.com/apis/site/v2/sports/basketball/mens-college-basketball/summary?event=401807710 "HTTP/1.1 200 OK"
01:18:09 [INFO] HTTP Request: GET https://site.api.espn.com/apis/site/v2/sports/basketball/mens-college-basketball/summary?event=401807716 "HTTP/1.1 200 OK"
01:18:20 [INFO] HTTP Request: GET https://site.api.espn.com/apis/site/v2/sports/basketball/mens-college-basketball/summary?event=401807724 "HTTP/1.1 200 OK"
01:18:30 [INFO] HTTP Request: GET https://site.api.espn.com/apis/site/v2/sports/basketball/mens-college-basketball/summary?event=401807727 "HTTP/1.1 200 OK"
01:18:40 [INFO] HTTP Request: GET https://site.api.espn.com/apis/site/v2/sports/basketball/mens-college-basketball/summary?event=401807704 "HTTP/1.1 200 OK"
01:18:51 [INFO] HTTP Request: GET https://site.api.espn.com/apis/site/v2/sports/basketball/mens-college-basketball/summary?event=401807735 "HTTP/1.1 200 OK"
01:19:01 [INFO] HTTP Request: GET https://site.api.espn.com/apis/site/v2/sports/basketball/mens-college-basketball/summary?event=401807744 "HTTP/1.1 200 OK"
01:19:11 [INFO] HTTP Request: GET https://site.api.espn.com/apis/site/v2/sports/basketball/mens-college-basketball/summary?event=401807747 "HTTP/1.1 200 OK"
01:19:22 [INFO] HTTP Request: GET https://site.api.espn.com/apis/site/v2/sports/basketball/mens-college-basketball/summary?event=401807752 "HTTP/1.1 200 OK"
01:19:22 [INFO]   Loaded: 29 games, 615 player-game-stat rows
01:19:22 [INFO] 
[4/12] Eastern Kentucky Colonels
01:19:22 [INFO] Scraping team: Eastern Kentucky Colonels (ESPN #2198)
01:19:32 [INFO] HTTP Request: GET https://site.api.espn.com/apis/site/v2/sports/basketball/mens-college-basketball/teams/2198/schedule?season=2026 "HTTP/1.1 200 OK"
01:19:32 [INFO]   Schedule: 29 completed games
01:19:43 [INFO] HTTP Request: GET https://site.api.espn.com/apis/site/v2/sports/basketball/mens-college-basketball/summary?event=401828543 "HTTP/1.1 200 OK"
01:19:53 [INFO] HTTP Request: GET https://site.api.espn.com/apis/site/v2/sports/basketball/mens-college-basketball/summary?event=401823359 "HTTP/1.1 200 OK"
01:20:04 [INFO] HTTP Request: GET https://site.api.espn.com/apis/site/v2/sports/basketball/mens-college-basketball/summary?event=401828544 "HTTP/1.1 200 OK"
01:20:15 [INFO] HTTP Request: GET https://site.api.espn.com/apis/site/v2/sports/basketball/mens-college-basketball/summary?event=401823013 "HTTP/1.1 200 OK"
01:20:25 [INFO] HTTP Request: GET https://site.api.espn.com/apis/site/v2/sports/basketball/mens-college-basketball/summary?event=401818792 "HTTP/1.1 200 OK"
01:20:36 [INFO] HTTP Request: GET https://site.api.espn.com/apis/site/v2/sports/basketball/mens-college-basketball/summary?event=401823386 "HTTP/1.1 200 OK"
01:20:46 [INFO] HTTP Request: GET https://site.api.espn.com/apis/site/v2/sports/basketball/mens-college-basketball/summary?event=401828545 "HTTP/1.1 200 OK"
01:20:56 [INFO] HTTP Request: GET https://site.api.espn.com/apis/site/v2/sports/basketball/mens-college-basketball/summary?event=401813259 "HTTP/1.1 200 OK"
01:21:07 [INFO] HTTP Request: GET https://site.api.espn.com/apis/site/v2/sports/basketball/mens-college-basketball/summary?event=401828546 "HTTP/1.1 200 OK"
01:21:17 [INFO] HTTP Request: GET https://site.api.espn.com/apis/site/v2/sports/basketball/mens-college-basketball/summary?event=401828547 "HTTP/1.1 200 OK"
01:21:28 [INFO] HTTP Request: GET https://site.api.espn.com/apis/site/v2/sports/basketball/mens-college-basketball/summary?event=401828548 "HTTP/1.1 200 OK"
01:21:38 [INFO] HTTP Request: GET https://site.api.espn.com/apis/site/v2/sports/basketball/mens-college-basketball/summary?event=401828314 "HTTP/1.1 200 OK"
01:21:48 [INFO] HTTP Request: GET https://site.api.espn.com/apis/site/v2/sports/basketball/mens-college-basketball/summary?event=401826884 "HTTP/1.1 200 OK"
01:21:59 [INFO] HTTP Request: GET https://site.api.espn.com/apis/site/v2/sports/basketball/mens-college-basketball/summary?event=401807662 "HTTP/1.1 200 OK"
01:22:09 [INFO] HTTP Request: GET https://site.api.espn.com/apis/site/v2/sports/basketball/mens-college-basketball/summary?event=401807668 "HTTP/1.1 200 OK"
01:22:20 [INFO] HTTP Request: GET https://site.api.espn.com/apis/site/v2/sports/basketball/mens-college-basketball/summary?event=401807676 "HTTP/1.1 200 OK"
01:22:30 [INFO] HTTP Request: GET https://site.api.espn.com/apis/site/v2/sports/basketball/mens-college-basketball/summary?event=401807680 "HTTP/1.1 200 OK"
01:22:41 [INFO] HTTP Request: GET https://site.api.espn.com/apis/site/v2/sports/basketball/mens-college-basketball/summary?event=401807686 "HTTP/1.1 200 OK"
01:22:51 [INFO] HTTP Request: GET https://site.api.espn.com/apis/site/v2/sports/basketball/mens-college-basketball/summary?event=401807692 "HTTP/1.1 200 OK"
01:23:02 [INFO] HTTP Request: GET https://site.api.espn.com/apis/site/v2/sports/basketball/mens-college-basketball/summary?event=401807700 "HTTP/1.1 200 OK"
01:23:12 [INFO] HTTP Request: GET https://site.api.espn.com/apis/site/v2/sports/basketball/mens-college-basketball/summary?event=401807705 "HTTP/1.1 200 OK"
01:23:22 [INFO] HTTP Request: GET https://site.api.espn.com/apis/site/v2/sports/basketball/mens-college-basketball/summary?event=401807709 "HTTP/1.1 200 OK"
01:23:33 [INFO] HTTP Request: GET https://site.api.espn.com/apis/site/v2/sports/basketball/mens-college-basketball/summary?event=401807716 "HTTP/1.1 200 OK"
01:23:43 [INFO] HTTP Request: GET https://site.api.espn.com/apis/site/v2/sports/basketball/mens-college-basketball/summary?event=401807721 "HTTP/1.1 200 OK"
01:23:54 [INFO] HTTP Request: GET https://site.api.espn.com/apis/site/v2/sports/basketball/mens-college-basketball/summary?event=401807732 "HTTP/1.1 200 OK"
01:24:04 [INFO] HTTP Request: GET https://site.api.espn.com/apis/site/v2/sports/basketball/mens-college-basketball/summary?event=401807734 "HTTP/1.1 200 OK"
01:24:14 [INFO] HTTP Request: GET https://site.api.espn.com/apis/site/v2/sports/basketball/mens-college-basketball/summary?event=401807740 "HTTP/1.1 200 OK"
01:24:25 [INFO] HTTP Request: GET https://site.api.espn.com/apis/site/v2/sports/basketball/mens-college-basketball/summary?event=401807750 "HTTP/1.1 200 OK"
01:24:35 [INFO] HTTP Request: GET https://site.api.espn.com/apis/site/v2/sports/basketball/mens-college-basketball/summary?event=401807753 "HTTP/1.1 200 OK"
01:24:35 [INFO]   Loaded: 29 games, 583 player-game-stat rows
01:24:35 [INFO] 
[5/12] Florida Gulf Coast Eagles
01:24:35 [INFO] Scraping team: Florida Gulf Coast Eagles (ESPN #526)
01:24:46 [INFO] HTTP Request: GET https://site.api.espn.com/apis/site/v2/sports/basketball/mens-college-basketball/teams/526/schedule?season=2026 "HTTP/1.1 200 OK"
01:24:46 [INFO]   Schedule: 29 completed games
01:24:56 [INFO] HTTP Request: GET https://site.api.espn.com/apis/site/v2/sports/basketball/mens-college-basketball/summary?event=401823224 "HTTP/1.1 200 OK"
01:25:07 [INFO] HTTP Request: GET https://site.api.espn.com/apis/site/v2/sports/basketball/mens-college-basketball/summary?event=401823225 "HTTP/1.1 200 OK"
01:25:17 [INFO] HTTP Request: GET https://site.api.espn.com/apis/site/v2/sports/basketball/mens-college-basketball/summary?event=401823226 "HTTP/1.1 200 OK"
01:25:27 [INFO] HTTP Request: GET https://site.api.espn.com/apis/site/v2/sports/basketball/mens-college-basketball/summary?event=401823227 "HTTP/1.1 200 OK"
01:25:37 [INFO] HTTP Request: GET https://site.api.espn.com/apis/site/v2/sports/basketball/mens-college-basketball/summary?event=401823228 "HTTP/1.1 200 OK"
01:25:48 [INFO] HTTP Request: GET https://site.api.espn.com/apis/site/v2/sports/basketball/mens-college-basketball/summary?event=401823229 "HTTP/1.1 200 OK"
01:25:58 [INFO] HTTP Request: GET https://site.api.espn.com/apis/site/v2/sports/basketball/mens-college-basketball/summary?event=401823230 "HTTP/1.1 200 OK"
01:26:09 [INFO] HTTP Request: GET https://site.api.espn.com/apis/site/v2/sports/basketball/mens-college-basketball/summary?event=401823231 "HTTP/1.1 200 OK"
01:26:20 [INFO] HTTP Request: GET https://site.api.espn.com/apis/site/v2/sports/basketball/mens-college-basketball/summary?event=401823232 "HTTP/1.1 200 OK"
01:26:30 [INFO] HTTP Request: GET https://site.api.espn.com/apis/site/v2/sports/basketball/mens-college-basketball/summary?event=401823233 "HTTP/1.1 200 OK"
01:26:41 [INFO] HTTP Request: GET https://site.api.espn.com/apis/site/v2/sports/basketball/mens-college-basketball/summary?event=401823234 "HTTP/1.1 200 OK"
01:26:51 [INFO] HTTP Request: GET https://site.api.espn.com/apis/site/v2/sports/basketball/mens-college-basketball/summary?event=401824829 "HTTP/1.1 200 OK"
01:27:02 [INFO] HTTP Request: GET https://site.api.espn.com/apis/site/v2/sports/basketball/mens-college-basketball/summary?event=401823235 "HTTP/1.1 200 OK"
01:27:12 [INFO] HTTP Request: GET https://site.api.espn.com/apis/site/v2/sports/basketball/mens-college-basketball/summary?event=401807663 "HTTP/1.1 200 OK"
01:27:23 [INFO] HTTP Request: GET https://site.api.espn.com/apis/site/v2/sports/basketball/mens-college-basketball/summary?event=401807669 "HTTP/1.1 200 OK"
01:27:33 [INFO] HTTP Request: GET https://site.api.espn.com/apis/site/v2/sports/basketball/mens-college-basketball/summary?event=401807673 "HTTP/1.1 200 OK"
01:27:43 [INFO] HTTP Request: GET https://site.api.espn.com/apis/site/v2/sports/basketball/mens-college-basketball/summary?event=401807681 "HTTP/1.1 200 OK"
01:27:54 [INFO] HTTP Request: GET https://site.api.espn.com/apis/site/v2/sports/basketball/mens-college-basketball/summary?event=401807689 "HTTP/1.1 200 OK"
01:28:04 [INFO] HTTP Request: GET https://site.api.espn.com/apis/site/v2/sports/basketball/mens-college-basketball/summary?event=401807696 "HTTP/1.1 200 OK"
01:28:15 [INFO] HTTP Request: GET https://site.api.espn.com/apis/site/v2/sports/basketball/mens-college-basketball/summary?event=401807701 "HTTP/1.1 200 OK"
01:28:25 [INFO] HTTP Request: GET https://site.api.espn.com/apis/site/v2/sports/basketball/mens-college-basketball/summary?event=401807706 "HTTP/1.1 200 OK"
01:28:36 [INFO] HTTP Request: GET https://site.api.espn.com/apis/site/v2/sports/basketball/mens-college-basketball/summary?event=401807713 "HTTP/1.1 200 OK"
01:28:46 [INFO] HTTP Request: GET https://site.api.espn.com/apis/site/v2/sports/basketball/mens-college-basketball/summary?event=401807717 "HTTP/1.1 200 OK"
01:28:57 [INFO] HTTP Request: GET https://site.api.espn.com/apis/site/v2/sports/basketball/mens-college-basketball/summary?event=401807721 "HTTP/1.1 200 OK"
01:29:07 [INFO] HTTP Request: GET https://site.api.espn.com/apis/site/v2/sports/basketball/mens-college-basketball/summary?event=401807728 "HTTP/1.1 200 OK"
01:29:18 [INFO] HTTP Request: GET https://site.api.espn.com/apis/site/v2/sports/basketball/mens-college-basketball/summary?event=401807737 "HTTP/1.1 200 OK"
01:29:28 [INFO] HTTP Request: GET https://site.api.espn.com/apis/site/v2/sports/basketball/mens-college-basketball/summary?event=401807743 "HTTP/1.1 200 OK"
01:29:39 [INFO] HTTP Request: GET https://site.api.espn.com/apis/site/v2/sports/basketball/mens-college-basketball/summary?event=401807748 "HTTP/1.1 200 OK"
01:29:49 [INFO] HTTP Request: GET https://site.api.espn.com/apis/site/v2/sports/basketball/mens-college-basketball/summary?event=401807752 "HTTP/1.1 200 OK"
01:29:49 [INFO]   Loaded: 29 games, 589 player-game-stat rows
01:29:49 [INFO] 
[6/12] Jacksonville Dolphins
01:29:49 [INFO] Scraping team: Jacksonville Dolphins (ESPN #294)
01:30:00 [INFO] HTTP Request: GET https://site.api.espn.com/apis/site/v2/sports/basketball/mens-college-basketball/teams/294/schedule?season=2026 "HTTP/1.1 200 OK"
01:30:00 [INFO]   Schedule: 29 completed games
01:30:10 [INFO] HTTP Request: GET https://site.api.espn.com/apis/site/v2/sports/basketball/mens-college-basketball/summary?event=401809413 "HTTP/1.1 200 OK"
01:30:21 [INFO] HTTP Request: GET https://site.api.espn.com/apis/site/v2/sports/basketball/mens-college-basketball/summary?event=401823340 "HTTP/1.1 200 OK"
01:30:31 [INFO] HTTP Request: GET https://site.api.espn.com/apis/site/v2/sports/basketball/mens-college-basketball/summary?event=401823341 "HTTP/1.1 200 OK"
01:30:41 [INFO] HTTP Request: GET https://site.api.espn.com/apis/site/v2/sports/basketball/mens-college-basketball/summary?event=401823342 "HTTP/1.1 200 OK"
01:30:52 [INFO] HTTP Request: GET https://site.api.espn.com/apis/site/v2/sports/basketball/mens-college-basketball/summary?event=401823343 "HTTP/1.1 200 OK"
01:31:02 [INFO] HTTP Request: GET https://site.api.espn.com/apis/site/v2/sports/basketball/mens-college-basketball/summary?event=401823344 "HTTP/1.1 200 OK"
01:31:12 [INFO] HTTP Request: GET https://site.api.espn.com/apis/site/v2/sports/basketball/mens-college-basketball/summary?event=401831237 "HTTP/1.1 200 OK"
01:31:23 [INFO] HTTP Request: GET https://site.api.espn.com/apis/site/v2/sports/basketball/mens-college-basketball/summary?event=401823345 "HTTP/1.1 200 OK"
01:31:33 [INFO] HTTP Request: GET https://site.api.espn.com/apis/site/v2/sports/basketball/mens-college-basketball/summary?event=401823346 "HTTP/1.1 200 OK"
01:31:44 [INFO] HTTP Request: GET https://site.api.espn.com/apis/site/v2/sports/basketball/mens-college-basketball/summary?event=401823347 "HTTP/1.1 200 OK"
01:31:54 [INFO] HTTP Request: GET https://site.api.espn.com/apis/site/v2/sports/basketball/mens-college-basketball/summary?event=401823348 "HTTP/1.1 200 OK"
01:32:05 [INFO] HTTP Request: GET https://site.api.espn.com/apis/site/v2/sports/basketball/mens-college-basketball/summary?event=401823349 "HTTP/1.1 200 OK"
01:32:16 [INFO] HTTP Request: GET https://site.api.espn.com/apis/site/v2/sports/basketball/mens-college-basketball/summary?event=401823350 "HTTP/1.1 200 OK"
01:32:26 [INFO] HTTP Request: GET https://site.api.espn.com/apis/site/v2/sports/basketball/mens-college-basketball/summary?event=401807664 "HTTP/1.1 200 OK"
01:32:36 [INFO] HTTP Request: GET https://site.api.espn.com/apis/site/v2/sports/basketball/mens-college-basketball/summary?event=401807670 "HTTP/1.1 200 OK"
01:32:47 [INFO] HTTP Request: GET https://site.api.espn.com/apis/site/v2/sports/basketball/mens-college-basketball/summary?event=401807677 "HTTP/1.1 200 OK"
01:32:57 [INFO] HTTP Request: GET https://site.api.espn.com/apis/site/v2/sports/basketball/mens-college-basketball/summary?event=401807684 "HTTP/1.1 200 OK"
01:33:07 [INFO] HTTP Request: GET https://site.api.espn.com/apis/site/v2/sports/basketball/mens-college-basketball/summary?event=401807687 "HTTP/1.1 200 OK"
01:33:18 [INFO] HTTP Request: GET https://site.api.espn.com/apis/site/v2/sports/basketball/mens-college-basketball/summary?event=401807693 "HTTP/1.1 200 OK"
01:33:28 [INFO] HTTP Request: GET https://site.api.espn.com/apis/site/v2/sports/basketball/mens-college-basketball/summary?event=401807698 "HTTP/1.1 200 OK"
01:33:38 [INFO] HTTP Request: GET https://site.api.espn.com/apis/site/v2/sports/basketball/mens-college-basketball/summary?event=401807705 "HTTP/1.1 200 OK"
01:33:49 [INFO] HTTP Request: GET https://site.api.espn.com/apis/site/v2/sports/basketball/mens-college-basketball/summary?event=401807712 "HTTP/1.1 200 OK"
01:33:59 [INFO] HTTP Request: GET https://site.api.espn.com/apis/site/v2/sports/basketball/mens-college-basketball/summary?event=401807717 "HTTP/1.1 200 OK"
01:34:10 [INFO] HTTP Request: GET https://site.api.espn.com/apis/site/v2/sports/basketball/mens-college-basketball/summary?event=401807722 "HTTP/1.1 200 OK"
01:34:20 [INFO] HTTP Request: GET https://site.api.espn.com/apis/site/v2/sports/basketball/mens-college-basketball/summary?event=401807729 "HTTP/1.1 200 OK"
01:34:30 [INFO] HTTP Request: GET https://site.api.espn.com/apis/site/v2/sports/basketball/mens-college-basketball/summary?event=401807736 "HTTP/1.1 200 OK"
01:34:41 [INFO] HTTP Request: GET https://site.api.espn.com/apis/site/v2/sports/basketball/mens-college-basketball/summary?event=401807742 "HTTP/1.1 200 OK"
01:34:51 [INFO] HTTP Request: GET https://site.api.espn.com/apis/site/v2/sports/basketball/mens-college-basketball/summary?event=401807748 "HTTP/1.1 200 OK"
01:35:02 [INFO] HTTP Request: GET https://site.api.espn.com/apis/site/v2/sports/basketball/mens-college-basketball/summary?event=401807751 "HTTP/1.1 200 OK"
01:35:02 [INFO]   Loaded: 29 games, 617 player-game-stat rows
01:35:02 [INFO] 
[7/12] Lipscomb Bisons
01:35:02 [INFO] Scraping team: Lipscomb Bisons (ESPN #288)
01:35:12 [INFO] HTTP Request: GET https://site.api.espn.com/apis/site/v2/sports/basketball/mens-college-basketball/teams/288/schedule?season=2026 "HTTP/1.1 200 OK"
01:35:12 [INFO]   Schedule: 29 completed games
01:35:23 [INFO] HTTP Request: GET https://site.api.espn.com/apis/site/v2/sports/basketball/mens-college-basketball/summary?event=401824946 "HTTP/1.1 200 OK"
01:35:33 [INFO] HTTP Request: GET https://site.api.espn.com/apis/site/v2/sports/basketball/mens-college-basketball/summary?event=401823485 "HTTP/1.1 200 OK"
01:35:44 [INFO] HTTP Request: GET https://site.api.espn.com/apis/site/v2/sports/basketball/mens-college-basketball/summary?event=401824947 "HTTP/1.1 200 OK"
01:35:54 [INFO] HTTP Request: GET https://site.api.espn.com/apis/site/v2/sports/basketball/mens-college-basketball/summary?event=401824948 "HTTP/1.1 200 OK"
01:36:04 [INFO] HTTP Request: GET https://site.api.espn.com/apis/site/v2/sports/basketball/mens-college-basketball/summary?event=401811968 "HTTP/1.1 200 OK"
01:36:15 [INFO] HTTP Request: GET https://site.api.espn.com/apis/site/v2/sports/basketball/mens-college-basketball/summary?event=401824949 "HTTP/1.1 200 OK"
01:36:25 [INFO] HTTP Request: GET https://site.api.espn.com/apis/site/v2/sports/basketball/mens-college-basketball/summary?event=401824950 "HTTP/1.1 200 OK"
01:36:35 [INFO] HTTP Request: GET https://site.api.espn.com/apis/site/v2/sports/basketball/mens-college-basketball/summary?event=401824951 "HTTP/1.1 200 OK"
01:36:45 [INFO] HTTP Request: GET https://site.api.espn.com/apis/site/v2/sports/basketball/mens-college-basketball/summary?event=401824952 "HTTP/1.1 200 OK"
01:36:56 [INFO] HTTP Request: GET https://site.api.espn.com/apis/site/v2/sports/basketball/mens-college-basketball/summary?event=401824953 "HTTP/1.1 200 OK"
01:37:06 [INFO] HTTP Request: GET https://site.api.espn.com/apis/site/v2/sports/basketball/mens-college-basketball/summary?event=401817236 "HTTP/1.1 200 OK"
01:37:17 [INFO] HTTP Request: GET https://site.api.espn.com/apis/site/v2/sports/basketball/mens-college-basketball/summary?event=401824954 "HTTP/1.1 200 OK"
01:37:27 [INFO] HTTP Request: GET https://site.api.espn.com/apis/site/v2/sports/basketball/mens-college-basketball/summary?event=401819850 "HTTP/1.1 200 OK"
01:37:37 [INFO] HTTP Request: GET https://site.api.espn.com/apis/site/v2/sports/basketball/mens-college-basketball/summary?event=401807664 "HTTP/1.1 200 OK"
01:37:48 [INFO] HTTP Request: GET https://site.api.espn.com/apis/site/v2/sports/basketball/mens-college-basketball/summary?event=401807671 "HTTP/1.1 200 OK"
01:37:58 [INFO] HTTP Request: GET https://site.api.espn.com/apis/site/v2/sports/basketball/mens-college-basketball/summary?event=401807675 "HTTP/1.1 200 OK"
01:38:09 [INFO] HTTP Request: GET https://site.api.espn.com/apis/site/v2/sports/basketball/mens-college-basketball/summary?event=401807681 "HTTP/1.1 200 OK"
01:38:19 [INFO] HTTP Request: GET https://site.api.espn.com/apis/site/v2/sports/basketball/mens-college-basketball/summary?event=401807685 "HTTP/1.1 200 OK"
01:38:30 [INFO] HTTP Request: GET https://site.api.espn.com/apis/site/v2/sports/basketball/mens-college-basketball/summary?event=401807691 "HTTP/1.1 200 OK"
01:38:40 [INFO] HTTP Request: GET https://site.api.espn.com/apis/site/v2/sports/basketball/mens-college-basketball/summary?event=401807702 "HTTP/1.1 200 OK"
01:38:50 [INFO] HTTP Request: GET https://site.api.espn.com/apis/site/v2/sports/basketball/mens-college-basketball/summary?event=401807706 "HTTP/1.1 200 OK"
01:39:01 [INFO] HTTP Request: GET https://site.api.espn.com/apis/site/v2/sports/basketball/mens-college-basketball/summary?event=401807712 "HTTP/1.1 200 OK"
01:39:12 [INFO] HTTP Request: GET https://site.api.espn.com/apis/site/v2/sports/basketball/mens-college-basketball/summary?event=401807718 "HTTP/1.1 200 OK"
01:39:22 [INFO] HTTP Request: GET https://site.api.espn.com/apis/site/v2/sports/basketball/mens-college-basketball/summary?event=401807723 "HTTP/1.1 200 OK"
01:39:33 [INFO] HTTP Request: GET https://site.api.espn.com/apis/site/v2/sports/basketball/mens-college-basketball/summary?event=401807727 "HTTP/1.1 200 OK"
01:39:43 [INFO] HTTP Request: GET https://site.api.espn.com/apis/site/v2/sports/basketball/mens-college-basketball/summary?event=401807734 "HTTP/1.1 200 OK"
01:39:53 [INFO] HTTP Request: GET https://site.api.espn.com/apis/site/v2/sports/basketball/mens-college-basketball/summary?event=401807741 "HTTP/1.1 200 OK"
01:40:04 [INFO] HTTP Request: GET https://site.api.espn.com/apis/site/v2/sports/basketball/mens-college-basketball/summary?event=401807749 "HTTP/1.1 200 OK"
01:40:14 [INFO] HTTP Request: GET https://site.api.espn.com/apis/site/v2/sports/basketball/mens-college-basketball/summary?event=401807754 "HTTP/1.1 200 OK"
01:40:15 [INFO]   Loaded: 29 games, 588 player-game-stat rows
01:40:15 [INFO] 
[8/12] North Alabama Lions
01:40:15 [INFO] Scraping team: North Alabama Lions (ESPN #2453)
01:40:25 [INFO] HTTP Request: GET https://site.api.espn.com/apis/site/v2/sports/basketball/mens-college-basketball/teams/2453/schedule?season=2026 "HTTP/1.1 200 OK"
01:40:25 [INFO]   Schedule: 27 completed games
01:40:35 [INFO] HTTP Request: GET https://site.api.espn.com/apis/site/v2/sports/basketball/mens-college-basketball/summary?event=401823351 "HTTP/1.1 200 OK"
01:40:46 [INFO] HTTP Request: GET https://site.api.espn.com/apis/site/v2/sports/basketball/mens-college-basketball/summary?event=401823352 "HTTP/1.1 200 OK"
01:40:56 [INFO] HTTP Request: GET https://site.api.espn.com/apis/site/v2/sports/basketball/mens-college-basketball/summary?event=401823433 "HTTP/1.1 200 OK"
01:41:06 [INFO] HTTP Request: GET https://site.api.espn.com/apis/site/v2/sports/basketball/mens-college-basketball/summary?event=401824887 "HTTP/1.1 200 OK"
01:41:17 [INFO] HTTP Request: GET https://site.api.espn.com/apis/site/v2/sports/basketball/mens-college-basketball/summary?event=401812920 "HTTP/1.1 200 OK"
01:41:27 [INFO] HTTP Request: GET https://site.api.espn.com/apis/site/v2/sports/basketball/mens-college-basketball/summary?event=401823435 "HTTP/1.1 200 OK"
01:41:38 [INFO] HTTP Request: GET https://site.api.espn.com/apis/site/v2/sports/basketball/mens-college-basketball/summary?event=401823436 "HTTP/1.1 200 OK"
01:41:48 [INFO] HTTP Request: GET https://site.api.espn.com/apis/site/v2/sports/basketball/mens-college-basketball/summary?event=401823437 "HTTP/1.1 200 OK"
01:41:59 [INFO] HTTP Request: GET https://site.api.espn.com/apis/site/v2/sports/basketball/mens-college-basketball/summary?event=401823438 "HTTP/1.1 200 OK"
01:42:10 [INFO] HTTP Request: GET https://site.api.espn.com/apis/site/v2/sports/basketball/mens-college-basketball/summary?event=401823439 "HTTP/1.1 200 OK"
01:42:20 [INFO] HTTP Request: GET https://site.api.espn.com/apis/site/v2/sports/basketball/mens-college-basketball/summary?event=401823440 "HTTP/1.1 200 OK"
01:42:30 [INFO] HTTP Request: GET https://site.api.espn.com/apis/site/v2/sports/basketball/mens-college-basketball/summary?event=401807666 "HTTP/1.1 200 OK"
01:42:41 [INFO] HTTP Request: GET https://site.api.espn.com/apis/site/v2/sports/basketball/mens-college-basketball/summary?event=401807669 "HTTP/1.1 200 OK"
01:42:51 [INFO] HTTP Request: GET https://site.api.espn.com/apis/site/v2/sports/basketball/mens-college-basketball/summary?event=401807676 "HTTP/1.1 200 OK"
01:43:01 [INFO] HTTP Request: GET https://site.api.espn.com/apis/site/v2/sports/basketball/mens-college-basketball/summary?event=401807682 "HTTP/1.1 200 OK"
01:43:11 [INFO] HTTP Request: GET https://site.api.espn.com/apis/site/v2/sports/basketball/mens-college-basketball/summary?event=401807688 "HTTP/1.1 200 OK"
01:43:22 [INFO] HTTP Request: GET https://site.api.espn.com/apis/site/v2/sports/basketball/mens-college-basketball/summary?event=401807693 "HTTP/1.1 200 OK"
01:43:33 [INFO] HTTP Request: GET https://site.api.espn.com/apis/site/v2/sports/basketball/mens-college-basketball/summary?event=401807697 "HTTP/1.1 200 OK"
01:43:43 [INFO] HTTP Request: GET https://site.api.espn.com/apis/site/v2/sports/basketball/mens-college-basketball/summary?event=401807713 "HTTP/1.1 200 OK"
01:43:54 [INFO] HTTP Request: GET https://site.api.espn.com/apis/site/v2/sports/basketball/mens-college-basketball/summary?event=401807719 "HTTP/1.1 200 OK"
01:44:04 [INFO] HTTP Request: GET https://site.api.espn.com/apis/site/v2/sports/basketball/mens-college-basketball/summary?event=401807724 "HTTP/1.1 200 OK"
01:44:15 [INFO] HTTP Request: GET https://site.api.espn.com/apis/site/v2/sports/basketball/mens-college-basketball/summary?event=401807730 "HTTP/1.1 200 OK"
01:44:25 [INFO] HTTP Request: GET https://site.api.espn.com/apis/site/v2/sports/basketball/mens-college-basketball/summary?event=401807704 "HTTP/1.1 200 OK"
01:44:36 [INFO] HTTP Request: GET https://site.api.espn.com/apis/site/v2/sports/basketball/mens-college-basketball/summary?event=401807738 "HTTP/1.1 200 OK"
01:44:47 [INFO] HTTP Request: GET https://site.api.espn.com/apis/site/v2/sports/basketball/mens-college-basketball/summary?event=401807740 "HTTP/1.1 200 OK"
01:44:57 [INFO] HTTP Request: GET https://site.api.espn.com/apis/site/v2/sports/basketball/mens-college-basketball/summary?event=401807745 "HTTP/1.1 200 OK"
01:45:07 [INFO] HTTP Request: GET https://site.api.espn.com/apis/site/v2/sports/basketball/mens-college-basketball/summary?event=401807754 "HTTP/1.1 200 OK"
01:45:07 [INFO]   Loaded: 27 games, 526 player-game-stat rows
01:45:07 [INFO] 
[9/12] North Florida Ospreys
01:45:07 [INFO] Scraping team: North Florida Ospreys (ESPN #2454)
01:45:18 [INFO] HTTP Request: GET https://site.api.espn.com/apis/site/v2/sports/basketball/mens-college-basketball/teams/2454/schedule?season=2026 "HTTP/1.1 200 OK"
01:45:18 [INFO]   Schedule: 29 completed games
01:45:28 [INFO] HTTP Request: GET https://site.api.espn.com/apis/site/v2/sports/basketball/mens-college-basketball/summary?event=401823441 "HTTP/1.1 200 OK"
01:45:39 [INFO] HTTP Request: GET https://site.api.espn.com/apis/site/v2/sports/basketball/mens-college-basketball/summary?event=401823442 "HTTP/1.1 200 OK"
01:45:49 [INFO] HTTP Request: GET https://site.api.espn.com/apis/site/v2/sports/basketball/mens-college-basketball/summary?event=401823443 "HTTP/1.1 200 OK"
01:45:59 [INFO] HTTP Request: GET https://site.api.espn.com/apis/site/v2/sports/basketball/mens-college-basketball/summary?event=401823444 "HTTP/1.1 200 OK"
01:46:09 [INFO] HTTP Request: GET https://site.api.espn.com/apis/site/v2/sports/basketball/mens-college-basketball/summary?event=401823445 "HTTP/1.1 200 OK"
01:46:20 [INFO] HTTP Request: GET https://site.api.espn.com/apis/site/v2/sports/basketball/mens-college-basketball/summary?event=401831212 "HTTP/1.1 200 OK"
01:46:30 [INFO] HTTP Request: GET https://site.api.espn.com/apis/site/v2/sports/basketball/mens-college-basketball/summary?event=401823446 "HTTP/1.1 200 OK"
01:46:40 [INFO] HTTP Request: GET https://site.api.espn.com/apis/site/v2/sports/basketball/mens-college-basketball/summary?event=401823447 "HTTP/1.1 200 OK"
01:46:50 [INFO] HTTP Request: GET https://site.api.espn.com/apis/site/v2/sports/basketball/mens-college-basketball/summary?event=401823448 "HTTP/1.1 200 OK"
01:47:01 [INFO] HTTP Request: GET https://site.api.espn.com/apis/site/v2/sports/basketball/mens-college-basketball/summary?event=401813442 "HTTP/1.1 200 OK"
01:47:11 [INFO] HTTP Request: GET https://site.api.espn.com/apis/site/v2/sports/basketball/mens-college-basketball/summary?event=401820847 "HTTP/1.1 200 OK"
01:47:22 [INFO] HTTP Request: GET https://site.api.espn.com/apis/site/v2/sports/basketball/mens-college-basketball/summary?event=401809423 "HTTP/1.1 200 OK"
01:47:32 [INFO] HTTP Request: GET https://site.api.espn.com/apis/site/v2/sports/basketball/mens-college-basketball/summary?event=401818537 "HTTP/1.1 200 OK"
01:47:42 [INFO] HTTP Request: GET https://site.api.espn.com/apis/site/v2/sports/basketball/mens-college-basketball/summary?event=401807665 "HTTP/1.1 200 OK"
01:47:53 [INFO] HTTP Request: GET https://site.api.espn.com/apis/site/v2/sports/basketball/mens-college-basketball/summary?event=401807671 "HTTP/1.1 200 OK"
01:48:03 [INFO] HTTP Request: GET https://site.api.espn.com/apis/site/v2/sports/basketball/mens-college-basketball/summary?event=401807678 "HTTP/1.1 200 OK"
01:48:13 [INFO] HTTP Request: GET https://site.api.espn.com/apis/site/v2/sports/basketball/mens-college-basketball/summary?event=401807683 "HTTP/1.1 200 OK"
01:48:23 [INFO] HTTP Request: GET https://site.api.espn.com/apis/site/v2/sports/basketball/mens-college-basketball/summary?event=401807688 "HTTP/1.1 200 OK"
01:48:34 [INFO] HTTP Request: GET https://site.api.espn.com/apis/site/v2/sports/basketball/mens-college-basketball/summary?event=401807694 "HTTP/1.1 200 OK"
01:48:44 [INFO] HTTP Request: GET https://site.api.espn.com/apis/site/v2/sports/basketball/mens-college-basketball/summary?event=401807700 "HTTP/1.1 200 OK"
01:48:55 [INFO] HTTP Request: GET https://site.api.espn.com/apis/site/v2/sports/basketball/mens-college-basketball/summary?event=401807703 "HTTP/1.1 200 OK"
01:49:05 [INFO] HTTP Request: GET https://site.api.espn.com/apis/site/v2/sports/basketball/mens-college-basketball/summary?event=401807714 "HTTP/1.1 200 OK"
01:49:16 [INFO] HTTP Request: GET https://site.api.espn.com/apis/site/v2/sports/basketball/mens-college-basketball/summary?event=401807718 "HTTP/1.1 200 OK"
01:49:27 [INFO] HTTP Request: GET https://site.api.espn.com/apis/site/v2/sports/basketball/mens-college-basketball/summary?event=401807725 "HTTP/1.1 200 OK"
01:49:37 [INFO] HTTP Request: GET https://site.api.espn.com/apis/site/v2/sports/basketball/mens-college-basketball/summary?event=401807731 "HTTP/1.1 200 OK"
01:49:48 [INFO] HTTP Request: GET https://site.api.espn.com/apis/site/v2/sports/basketball/mens-college-basketball/summary?event=401807737 "HTTP/1.1 200 OK"
01:49:58 [INFO] HTTP Request: GET https://site.api.espn.com/apis/site/v2/sports/basketball/mens-college-basketball/summary?event=401807742 "HTTP/1.1 200 OK"
01:50:09 [INFO] HTTP Request: GET https://site.api.espn.com/apis/site/v2/sports/basketball/mens-college-basketball/summary?event=401807746 "HTTP/1.1 200 OK"
01:50:20 [INFO] HTTP Request: GET https://site.api.espn.com/apis/site/v2/sports/basketball/mens-college-basketball/summary?event=401807755 "HTTP/1.1 200 OK"
01:50:20 [INFO]   Loaded: 29 games, 592 player-game-stat rows
01:50:20 [INFO] 
[10/12] Queens University Royals
01:50:20 [INFO] Scraping team: Queens University Royals (ESPN #2511)
01:50:30 [INFO] HTTP Request: GET https://site.api.espn.com/apis/site/v2/sports/basketball/mens-college-basketball/teams/2511/schedule?season=2026 "HTTP/1.1 200 OK"
01:50:30 [INFO]   Schedule: 29 completed games
01:50:40 [INFO] HTTP Request: GET https://site.api.espn.com/apis/site/v2/sports/basketball/mens-college-basketball/summary?event=401823449 "HTTP/1.1 200 OK"
01:50:51 [INFO] HTTP Request: GET https://site.api.espn.com/apis/site/v2/sports/basketball/mens-college-basketball/summary?event=401823450 "HTTP/1.1 200 OK"
01:51:01 [INFO] HTTP Request: GET https://site.api.espn.com/apis/site/v2/sports/basketball/mens-college-basketball/summary?event=401823451 "HTTP/1.1 200 OK"
01:51:12 [INFO] HTTP Request: GET https://site.api.espn.com/apis/site/v2/sports/basketball/mens-college-basketball/summary?event=401813446 "HTTP/1.1 200 OK"
01:51:22 [INFO] HTTP Request: GET https://site.api.espn.com/apis/site/v2/sports/basketball/mens-college-basketball/summary?event=401823452 "HTTP/1.1 200 OK"
01:51:33 [INFO] HTTP Request: GET https://site.api.espn.com/apis/site/v2/sports/basketball/mens-college-basketball/summary?event=401823493 "HTTP/1.1 200 OK"
01:51:43 [INFO] HTTP Request: GET https://site.api.espn.com/apis/site/v2/sports/basketball/mens-college-basketball/summary?event=401823494 "HTTP/1.1 200 OK"
01:51:53 [INFO] HTTP Request: GET https://site.api.espn.com/apis/site/v2/sports/basketball/mens-college-basketball/summary?event=401817492 "HTTP/1.1 200 OK"
01:52:04 [INFO] HTTP Request: GET https://site.api.espn.com/apis/site/v2/sports/basketball/mens-college-basketball/summary?event=401823495 "HTTP/1.1 200 OK"
01:52:14 [INFO] HTTP Request: GET https://site.api.espn.com/apis/site/v2/sports/basketball/mens-college-basketball/summary?event=401823496 "HTTP/1.1 200 OK"
01:52:25 [INFO] HTTP Request: GET https://site.api.espn.com/apis/site/v2/sports/basketball/mens-college-basketball/summary?event=401817535 "HTTP/1.1 200 OK"
01:52:36 [INFO] HTTP Request: GET https://site.api.espn.com/apis/site/v2/sports/basketball/mens-college-basketball/summary?event=401823497 "HTTP/1.1 200 OK"
01:52:46 [INFO] HTTP Request: GET https://site.api.espn.com/apis/site/v2/sports/basketball/mens-college-basketball/summary?event=401823498 "HTTP/1.1 200 OK"
01:52:56 [INFO] HTTP Request: GET https://site.api.espn.com/apis/site/v2/sports/basketball/mens-college-basketball/summary?event=401807662 "HTTP/1.1 200 OK"
01:53:07 [INFO] HTTP Request: GET https://site.api.espn.com/apis/site/v2/sports/basketball/mens-college-basketball/summary?event=401807667 "HTTP/1.1 200 OK"
01:53:17 [INFO] HTTP Request: GET https://site.api.espn.com/apis/site/v2/sports/basketball/mens-college-basketball/summary?event=401807677 "HTTP/1.1 200 OK"
01:53:28 [INFO] HTTP Request: GET https://site.api.espn.com/apis/site/v2/sports/basketball/mens-college-basketball/summary?event=401807683 "HTTP/1.1 200 OK"
01:53:38 [INFO] HTTP Request: GET https://site.api.espn.com/apis/site/v2/sports/basketball/mens-college-basketball/summary?event=401807689 "HTTP/1.1 200 OK"
01:53:49 [INFO] HTTP Request: GET https://site.api.espn.com/apis/site/v2/sports/basketball/mens-college-basketball/summary?event=401807695 "HTTP/1.1 200 OK"
01:53:59 [INFO] HTTP Request: GET https://site.api.espn.com/apis/site/v2/sports/basketball/mens-college-basketball/summary?event=401807697 "HTTP/1.1 200 OK"
01:54:10 [INFO] HTTP Request: GET https://site.api.espn.com/apis/site/v2/sports/basketball/mens-college-basketball/summary?event=401807707 "HTTP/1.1 200 OK"
01:54:20 [INFO] HTTP Request: GET https://site.api.espn.com/apis/site/v2/sports/basketball/mens-college-basketball/summary?event=401807710 "HTTP/1.1 200 OK"
01:54:31 [INFO] HTTP Request: GET https://site.api.espn.com/apis/site/v2/sports/basketball/mens-college-basketball/summary?event=401807720 "HTTP/1.1 200 OK"
01:54:41 [INFO] HTTP Request: GET https://site.api.espn.com/apis/site/v2/sports/basketball/mens-college-basketball/summary?event=401807722 "HTTP/1.1 200 OK"
01:54:52 [INFO] HTTP Request: GET https://site.api.espn.com/apis/site/v2/sports/basketball/mens-college-basketball/summary?event=401807731 "HTTP/1.1 200 OK"
01:55:02 [INFO] HTTP Request: GET https://site.api.espn.com/apis/site/v2/sports/basketball/mens-college-basketball/summary?event=401807733 "HTTP/1.1 200 OK"
01:55:13 [INFO] HTTP Request: GET https://site.api.espn.com/apis/site/v2/sports/basketball/mens-college-basketball/summary?event=401807741 "HTTP/1.1 200 OK"
01:55:23 [INFO] HTTP Request: GET https://site.api.espn.com/apis/site/v2/sports/basketball/mens-college-basketball/summary?event=401807745 "HTTP/1.1 200 OK"
01:55:34 [INFO] HTTP Request: GET https://site.api.espn.com/apis/site/v2/sports/basketball/mens-college-basketball/summary?event=401807756 "HTTP/1.1 200 OK"
01:55:34 [INFO]   Loaded: 29 games, 601 player-game-stat rows
01:55:34 [INFO] 
[11/12] Stetson Hatters
01:55:34 [INFO] Scraping team: Stetson Hatters (ESPN #56)
01:55:44 [INFO] HTTP Request: GET https://site.api.espn.com/apis/site/v2/sports/basketball/mens-college-basketball/teams/56/schedule?season=2026 "HTTP/1.1 200 OK"
01:55:44 [INFO]   Schedule: 29 completed games
01:55:55 [INFO] HTTP Request: GET https://site.api.espn.com/apis/site/v2/sports/basketball/mens-college-basketball/summary?event=401817163 "HTTP/1.1 200 OK"
01:56:05 [INFO] HTTP Request: GET https://site.api.espn.com/apis/site/v2/sports/basketball/mens-college-basketball/summary?event=401825204 "HTTP/1.1 200 OK"
01:56:16 [INFO] HTTP Request: GET https://site.api.espn.com/apis/site/v2/sports/basketball/mens-college-basketball/summary?event=401809415 "HTTP/1.1 200 OK"
01:56:26 [INFO] HTTP Request: GET https://site.api.espn.com/apis/site/v2/sports/basketball/mens-college-basketball/summary?event=401825205 "HTTP/1.1 200 OK"
01:56:37 [INFO] HTTP Request: GET https://site.api.espn.com/apis/site/v2/sports/basketball/mens-college-basketball/summary?event=401825206 "HTTP/1.1 200 OK"
01:56:47 [INFO] HTTP Request: GET https://site.api.espn.com/apis/site/v2/sports/basketball/mens-college-basketball/summary?event=401823517 "HTTP/1.1 200 OK"
01:56:57 [INFO] HTTP Request: GET https://site.api.espn.com/apis/site/v2/sports/basketball/mens-college-basketball/summary?event=401823411 "HTTP/1.1 200 OK"
01:57:08 [INFO] HTTP Request: GET https://site.api.espn.com/apis/site/v2/sports/basketball/mens-college-basketball/summary?event=401823545 "HTTP/1.1 200 OK"
01:57:19 [INFO] HTTP Request: GET https://site.api.espn.com/apis/site/v2/sports/basketball/mens-college-basketball/summary?event=401823405 "HTTP/1.1 200 OK"
01:57:29 [INFO] HTTP Request: GET https://site.api.espn.com/apis/site/v2/sports/basketball/mens-college-basketball/summary?event=401823789 "HTTP/1.1 200 OK"
01:57:40 [INFO] HTTP Request: GET https://site.api.espn.com/apis/site/v2/sports/basketball/mens-college-basketball/summary?event=401825207 "HTTP/1.1 200 OK"
01:57:50 [INFO] HTTP Request: GET https://site.api.espn.com/apis/site/v2/sports/basketball/mens-college-basketball/summary?event=401825208 "HTTP/1.1 200 OK"
01:58:00 [INFO] HTTP Request: GET https://site.api.espn.com/apis/site/v2/sports/basketball/mens-college-basketball/summary?event=401825209 "HTTP/1.1 200 OK"
01:58:11 [INFO] HTTP Request: GET https://site.api.espn.com/apis/site/v2/sports/basketball/mens-college-basketball/summary?event=401807666 "HTTP/1.1 200 OK"
01:58:22 [INFO] HTTP Request: GET https://site.api.espn.com/apis/site/v2/sports/basketball/mens-college-basketball/summary?event=401807672 "HTTP/1.1 200 OK"
01:58:32 [INFO] HTTP Request: GET https://site.api.espn.com/apis/site/v2/sports/basketball/mens-college-basketball/summary?event=401807675 "HTTP/1.1 200 OK"
01:58:43 [INFO] HTTP Request: GET https://site.api.espn.com/apis/site/v2/sports/basketball/mens-college-basketball/summary?event=401807679 "HTTP/1.1 200 OK"
01:58:53 [INFO] HTTP Request: GET https://site.api.espn.com/apis/site/v2/sports/basketball/mens-college-basketball/summary?event=401807690 "HTTP/1.1 200 OK"
01:59:04 [INFO] HTTP Request: GET https://site.api.espn.com/apis/site/v2/sports/basketball/mens-college-basketball/summary?event=401807695 "HTTP/1.1 200 OK"
01:59:14 [INFO] HTTP Request: GET https://site.api.espn.com/apis/site/v2/sports/basketball/mens-college-basketball/summary?event=401807702 "HTTP/1.1 200 OK"
01:59:25 [INFO] HTTP Request: GET https://site.api.espn.com/apis/site/v2/sports/basketball/mens-college-basketball/summary?event=401807708 "HTTP/1.1 200 OK"
01:59:35 [INFO] HTTP Request: GET https://site.api.espn.com/apis/site/v2/sports/basketball/mens-college-basketball/summary?event=401807714 "HTTP/1.1 200 OK"
01:59:45 [INFO] HTTP Request: GET https://site.api.espn.com/apis/site/v2/sports/basketball/mens-college-basketball/summary?event=401807719 "HTTP/1.1 200 OK"
01:59:56 [INFO] HTTP Request: GET https://site.api.espn.com/apis/site/v2/sports/basketball/mens-college-basketball/summary?event=401807726 "HTTP/1.1 200 OK"
02:00:07 [INFO] HTTP Request: GET https://site.api.espn.com/apis/site/v2/sports/basketball/mens-college-basketball/summary?event=401807732 "HTTP/1.1 200 OK"
02:00:17 [INFO] HTTP Request: GET https://site.api.espn.com/apis/site/v2/sports/basketball/mens-college-basketball/summary?event=401807736 "HTTP/1.1 200 OK"
02:00:27 [INFO] HTTP Request: GET https://site.api.espn.com/apis/site/v2/sports/basketball/mens-college-basketball/summary?event=401807743 "HTTP/1.1 200 OK"
02:00:37 [INFO] HTTP Request: GET https://site.api.espn.com/apis/site/v2/sports/basketball/mens-college-basketball/summary?event=401807747 "HTTP/1.1 200 OK"
02:00:48 [INFO] HTTP Request: GET https://site.api.espn.com/apis/site/v2/sports/basketball/mens-college-basketball/summary?event=401807755 "HTTP/1.1 200 OK"
02:00:48 [INFO]   Loaded: 29 games, 616 player-game-stat rows
02:00:48 [INFO] 
[12/12] West Georgia Wolves
02:00:48 [INFO] Scraping team: West Georgia Wolves (ESPN #2698)
02:00:58 [INFO] HTTP Request: GET https://site.api.espn.com/apis/site/v2/sports/basketball/mens-college-basketball/teams/2698/schedule?season=2026 "HTTP/1.1 200 OK"
02:00:58 [INFO]   Schedule: 28 completed games
02:01:08 [INFO] HTTP Request: GET https://site.api.espn.com/apis/site/v2/sports/basketball/mens-college-basketball/summary?event=401825381 "HTTP/1.1 200 OK"
02:01:19 [INFO] HTTP Request: GET https://site.api.espn.com/apis/site/v2/sports/basketball/mens-college-basketball/summary?event=401825382 "HTTP/1.1 200 OK"
02:01:30 [INFO] HTTP Request: GET https://site.api.espn.com/apis/site/v2/sports/basketball/mens-college-basketball/summary?event=401813758 "HTTP/1.1 200 OK"
02:01:40 [INFO] HTTP Request: GET https://site.api.espn.com/apis/site/v2/sports/basketball/mens-college-basketball/summary?event=401825383 "HTTP/1.1 200 OK"
02:01:51 [INFO] HTTP Request: GET https://site.api.espn.com/apis/site/v2/sports/basketball/mens-college-basketball/summary?event=401825384 "HTTP/1.1 200 OK"
02:02:01 [INFO] HTTP Request: GET https://site.api.espn.com/apis/site/v2/sports/basketball/mens-college-basketball/summary?event=401825385 "HTTP/1.1 200 OK"
02:02:12 [INFO] HTTP Request: GET https://site.api.espn.com/apis/site/v2/sports/basketball/mens-college-basketball/summary?event=401825386 "HTTP/1.1 200 OK"
02:02:22 [INFO] HTTP Request: GET https://site.api.espn.com/apis/site/v2/sports/basketball/mens-college-basketball/summary?event=401825387 "HTTP/1.1 200 OK"
02:02:32 [INFO] HTTP Request: GET https://site.api.espn.com/apis/site/v2/sports/basketball/mens-college-basketball/summary?event=401825388 "HTTP/1.1 200 OK"
02:02:43 [INFO] HTTP Request: GET https://site.api.espn.com/apis/site/v2/sports/basketball/mens-college-basketball/summary?event=401825389 "HTTP/1.1 200 OK"
02:02:53 [INFO] HTTP Request: GET https://site.api.espn.com/apis/site/v2/sports/basketball/mens-college-basketball/summary?event=401825390 "HTTP/1.1 200 OK"
02:03:04 [INFO] HTTP Request: GET https://site.api.espn.com/apis/site/v2/sports/basketball/mens-college-basketball/summary?event=401825391 "HTTP/1.1 200 OK"
02:03:14 [INFO] HTTP Request: GET https://site.api.espn.com/apis/site/v2/sports/basketball/mens-college-basketball/summary?event=401807661 "HTTP/1.1 200 OK"
02:03:25 [INFO] HTTP Request: GET https://site.api.espn.com/apis/site/v2/sports/basketball/mens-college-basketball/summary?event=401807668 "HTTP/1.1 200 OK"
02:03:35 [INFO] HTTP Request: GET https://site.api.espn.com/apis/site/v2/sports/basketball/mens-college-basketball/summary?event=401807678 "HTTP/1.1 200 OK"
02:03:46 [INFO] HTTP Request: GET https://site.api.espn.com/apis/site/v2/sports/basketball/mens-college-basketball/summary?event=401807684 "HTTP/1.1 200 OK"
02:03:56 [INFO] HTTP Request: GET https://site.api.espn.com/apis/site/v2/sports/basketball/mens-college-basketball/summary?event=401807690 "HTTP/1.1 200 OK"
02:04:06 [INFO] HTTP Request: GET https://site.api.espn.com/apis/site/v2/sports/basketball/mens-college-basketball/summary?event=401807696 "HTTP/1.1 200 OK"
02:04:17 [INFO] HTTP Request: GET https://site.api.espn.com/apis/site/v2/sports/basketball/mens-college-basketball/summary?event=401807699 "HTTP/1.1 200 OK"
02:04:27 [INFO] HTTP Request: GET https://site.api.espn.com/apis/site/v2/sports/basketball/mens-college-basketball/summary?event=401807707 "HTTP/1.1 200 OK"
02:04:38 [INFO] HTTP Request: GET https://site.api.espn.com/apis/site/v2/sports/basketball/mens-college-basketball/summary?event=401807711 "HTTP/1.1 200 OK"
02:04:48 [INFO] HTTP Request: GET https://site.api.espn.com/apis/site/v2/sports/basketball/mens-college-basketball/summary?event=401807715 "HTTP/1.1 200 OK"
02:04:59 [INFO] HTTP Request: GET https://site.api.espn.com/apis/site/v2/sports/basketball/mens-college-basketball/summary?event=401807725 "HTTP/1.1 200 OK"
02:05:09 [INFO] HTTP Request: GET https://site.api.espn.com/apis/site/v2/sports/basketball/mens-college-basketball/summary?event=401807729 "HTTP/1.1 200 OK"
02:05:20 [INFO] HTTP Request: GET https://site.api.espn.com/apis/site/v2/sports/basketball/mens-college-basketball/summary?event=401807738 "HTTP/1.1 200 OK"
02:05:30 [INFO] HTTP Request: GET https://site.api.espn.com/apis/site/v2/sports/basketball/mens-college-basketball/summary?event=401807744 "HTTP/1.1 200 OK"
02:05:41 [INFO] HTTP Request: GET https://site.api.espn.com/apis/site/v2/sports/basketball/mens-college-basketball/summary?event=401807750 "HTTP/1.1 200 OK"
02:05:51 [INFO] HTTP Request: GET https://site.api.espn.com/apis/site/v2/sports/basketball/mens-college-basketball/summary?event=401807756 "HTTP/1.1 200 OK"
02:05:52 [INFO]   Loaded: 28 games, 562 player-game-stat rows
02:05:52 [INFO] 
============================================================
02:05:52 [INFO]   BATCH COMPLETE: 12 teams, 342 games, 7039 PGS rows
02:05:52 [INFO] ============================================================

============================================================
  ESPN BATCH — FINAL SUMMARY
============================================================
  Total teams:                541
  Total players:              5972
  Total games:                1390
  Total player_game_stats:    35636
============================================================
