18:25:35 [INFO] Batch: 8 NCAA D1 teams via ESPN
18:25:35 [INFO] 
[1/8] Coppin State Eagles
18:25:35 [INFO] Scraping team: Coppin State Eagles (ESPN #2154)
18:25:36 [INFO] HTTP Request: GET https://site.api.espn.com/apis/site/v2/sports/basketball/mens-college-basketball/teams/2154/schedule?season=2026 "HTTP/1.1 200 OK"
18:25:36 [INFO]   Schedule: 28 completed games
18:25:47 [INFO] HTTP Request: GET https://site.api.espn.com/apis/site/v2/sports/basketball/mens-college-basketball/summary?event=401822757 "HTTP/1.1 200 OK"
18:25:57 [INFO] HTTP Request: GET https://site.api.espn.com/apis/site/v2/sports/basketball/mens-college-basketball/summary?event=401822176 "HTTP/1.1 200 OK"
18:26:08 [INFO] HTTP Request: GET https://site.api.espn.com/apis/site/v2/sports/basketball/mens-college-basketball/summary?event=401822758 "HTTP/1.1 200 OK"
18:26:18 [INFO] HTTP Request: GET https://site.api.espn.com/apis/site/v2/sports/basketball/mens-college-basketball/summary?event=401822759 "HTTP/1.1 200 OK"
18:26:28 [INFO] HTTP Request: GET https://site.api.espn.com/apis/site/v2/sports/basketball/mens-college-basketball/summary?event=401822760 "HTTP/1.1 200 OK"
18:26:38 [INFO] HTTP Request: GET https://site.api.espn.com/apis/site/v2/sports/basketball/mens-college-basketball/summary?event=401822761 "HTTP/1.1 200 OK"
18:26:53 [INFO] HTTP Request: GET https://site.api.espn.com/apis/site/v2/sports/basketball/mens-college-basketball/summary?event=401822762 "HTTP/1.1 200 OK"
18:27:04 [INFO] HTTP Request: GET https://site.api.espn.com/apis/site/v2/sports/basketball/mens-college-basketball/summary?event=401822737 "HTTP/1.1 200 OK"
18:27:15 [INFO] HTTP Request: GET https://site.api.espn.com/apis/site/v2/sports/basketball/mens-college-basketball/summary?event=401812630 "HTTP/1.1 200 OK"
18:27:25 [INFO] HTTP Request: GET https://site.api.espn.com/apis/site/v2/sports/basketball/mens-college-basketball/summary?event=401820189 "HTTP/1.1 200 OK"
18:27:35 [INFO] HTTP Request: GET https://site.api.espn.com/apis/site/v2/sports/basketball/mens-college-basketball/summary?event=401819919 "HTTP/1.1 200 OK"
18:27:45 [INFO] HTTP Request: GET https://site.api.espn.com/apis/site/v2/sports/basketball/mens-college-basketball/summary?event=401822763 "HTTP/1.1 200 OK"
18:27:56 [INFO] HTTP Request: GET https://site.api.espn.com/apis/site/v2/sports/basketball/mens-college-basketball/summary?event=401822670 "HTTP/1.1 200 OK"
18:28:06 [INFO] HTTP Request: GET https://site.api.espn.com/apis/site/v2/sports/basketball/mens-college-basketball/summary?event=401822764 "HTTP/1.1 200 OK"
18:28:17 [INFO] HTTP Request: GET https://site.api.espn.com/apis/site/v2/sports/basketball/mens-college-basketball/summary?event=401820158 "HTTP/1.1 200 OK"
18:28:27 [INFO] HTTP Request: GET https://site.api.espn.com/apis/site/v2/sports/basketball/mens-college-basketball/summary?event=401822765 "HTTP/1.1 200 OK"
18:28:38 [INFO] HTTP Request: GET https://site.api.espn.com/apis/site/v2/sports/basketball/mens-college-basketball/summary?event=401822766 "HTTP/1.1 200 OK"
18:28:48 [INFO] HTTP Request: GET https://site.api.espn.com/apis/site/v2/sports/basketball/mens-college-basketball/summary?event=401822767 "HTTP/1.1 200 OK"
18:28:58 [INFO] HTTP Request: GET https://site.api.espn.com/apis/site/v2/sports/basketball/mens-college-basketball/summary?event=401822768 "HTTP/1.1 200 OK"
18:29:08 [INFO] HTTP Request: GET https://site.api.espn.com/apis/site/v2/sports/basketball/mens-college-basketball/summary?event=401822769 "HTTP/1.1 200 OK"
18:29:20 [INFO] HTTP Request: GET https://site.api.espn.com/apis/site/v2/sports/basketball/mens-college-basketball/summary?event=401822770 "HTTP/1.1 200 OK"
18:29:30 [INFO] HTTP Request: GET https://site.api.espn.com/apis/site/v2/sports/basketball/mens-college-basketball/summary?event=401822771 "HTTP/1.1 200 OK"
18:29:40 [INFO] HTTP Request: GET https://site.api.espn.com/apis/site/v2/sports/basketball/mens-college-basketball/summary?event=401822773 "HTTP/1.1 200 OK"
18:29:50 [INFO] HTTP Request: GET https://site.api.espn.com/apis/site/v2/sports/basketball/mens-college-basketball/summary?event=401858634 "HTTP/1.1 200 OK"
18:30:01 [INFO] HTTP Request: GET https://site.api.espn.com/apis/site/v2/sports/basketball/mens-college-basketball/summary?event=401822774 "HTTP/1.1 200 OK"
18:30:11 [INFO] HTTP Request: GET https://site.api.espn.com/apis/site/v2/sports/basketball/mens-college-basketball/summary?event=401822775 "HTTP/1.1 200 OK"
18:30:21 [INFO] HTTP Request: GET https://site.api.espn.com/apis/site/v2/sports/basketball/mens-college-basketball/summary?event=401822776 "HTTP/1.1 200 OK"
18:30:32 [INFO] HTTP Request: GET https://site.api.espn.com/apis/site/v2/sports/basketball/mens-college-basketball/summary?event=401822777 "HTTP/1.1 200 OK"
18:30:32 [INFO]   Loaded: 28 games, 638 player-game-stat rows
18:30:32 [INFO] 
[2/8] Delaware State Hornets
18:30:32 [INFO] Scraping team: Delaware State Hornets (ESPN #2169)
18:30:42 [INFO] HTTP Request: GET https://site.api.espn.com/apis/site/v2/sports/basketball/mens-college-basketball/teams/2169/schedule?season=2026 "HTTP/1.1 200 OK"
18:30:42 [INFO]   Schedule: 26 completed games
18:30:52 [INFO] HTTP Request: GET https://site.api.espn.com/apis/site/v2/sports/basketball/mens-college-basketball/summary?event=401826837 "HTTP/1.1 200 OK"
18:31:02 [INFO] HTTP Request: GET https://site.api.espn.com/apis/site/v2/sports/basketball/mens-college-basketball/summary?event=401817477 "HTTP/1.1 200 OK"
18:31:13 [INFO] HTTP Request: GET https://site.api.espn.com/apis/site/v2/sports/basketball/mens-college-basketball/summary?event=401813375 "HTTP/1.1 200 OK"
18:31:23 [INFO] HTTP Request: GET https://site.api.espn.com/apis/site/v2/sports/basketball/mens-college-basketball/summary?event=401828681 "HTTP/1.1 200 OK"
18:31:33 [INFO] HTTP Request: GET https://site.api.espn.com/apis/site/v2/sports/basketball/mens-college-basketball/summary?event=401830834 "HTTP/1.1 200 OK"
18:31:44 [INFO] HTTP Request: GET https://site.api.espn.com/apis/site/v2/sports/basketball/mens-college-basketball/summary?event=401830835 "HTTP/1.1 200 OK"
18:31:54 [INFO] HTTP Request: GET https://site.api.espn.com/apis/site/v2/sports/basketball/mens-college-basketball/summary?event=401809418 "HTTP/1.1 200 OK"
18:32:05 [INFO] HTTP Request: GET https://site.api.espn.com/apis/site/v2/sports/basketball/mens-college-basketball/summary?event=401831378 "HTTP/1.1 200 OK"
18:32:15 [INFO] HTTP Request: GET https://site.api.espn.com/apis/site/v2/sports/basketball/mens-college-basketball/summary?event=401826055 "HTTP/1.1 200 OK"
18:32:25 [INFO] HTTP Request: GET https://site.api.espn.com/apis/site/v2/sports/basketball/mens-college-basketball/summary?event=401820156 "HTTP/1.1 200 OK"
18:32:36 [INFO] HTTP Request: GET https://site.api.espn.com/apis/site/v2/sports/basketball/mens-college-basketball/summary?event=401828305 "HTTP/1.1 200 OK"
18:32:46 [INFO] HTTP Request: GET https://site.api.espn.com/apis/site/v2/sports/basketball/mens-college-basketball/summary?event=401827055 "HTTP/1.1 200 OK"
18:32:57 [INFO] HTTP Request: GET https://site.api.espn.com/apis/site/v2/sports/basketball/mens-college-basketball/summary?event=401822671 "HTTP/1.1 200 OK"
18:33:07 [INFO] HTTP Request: GET https://site.api.espn.com/apis/site/v2/sports/basketball/mens-college-basketball/summary?event=401830836 "HTTP/1.1 200 OK"
18:33:18 [INFO] HTTP Request: GET https://site.api.espn.com/apis/site/v2/sports/basketball/mens-college-basketball/summary?event=401827436 "HTTP/1.1 200 OK"
18:33:28 [INFO] HTTP Request: GET https://site.api.espn.com/apis/site/v2/sports/basketball/mens-college-basketball/summary?event=401822767 "HTTP/1.1 200 OK"
18:33:38 [INFO] HTTP Request: GET https://site.api.espn.com/apis/site/v2/sports/basketball/mens-college-basketball/summary?event=401828725 "HTTP/1.1 200 OK"
18:33:49 [INFO] HTTP Request: GET https://site.api.espn.com/apis/site/v2/sports/basketball/mens-college-basketball/summary?event=401830239 "HTTP/1.1 200 OK"
18:33:59 [INFO] HTTP Request: GET https://site.api.espn.com/apis/site/v2/sports/basketball/mens-college-basketball/summary?event=401828690 "HTTP/1.1 200 OK"
18:34:09 [INFO] HTTP Request: GET https://site.api.espn.com/apis/site/v2/sports/basketball/mens-college-basketball/summary?event=401829286 "HTTP/1.1 200 OK"
18:34:20 [INFO] HTTP Request: GET https://site.api.espn.com/apis/site/v2/sports/basketball/mens-college-basketball/summary?event=401823050 "HTTP/1.1 200 OK"
18:34:30 [INFO] HTTP Request: GET https://site.api.espn.com/apis/site/v2/sports/basketball/mens-college-basketball/summary?event=401822774 "HTTP/1.1 200 OK"
18:34:41 [INFO] HTTP Request: GET https://site.api.espn.com/apis/site/v2/sports/basketball/mens-college-basketball/summary?event=401858744 "HTTP/1.1 200 OK"
18:34:51 [INFO] HTTP Request: GET https://site.api.espn.com/apis/site/v2/sports/basketball/mens-college-basketball/summary?event=401828730 "HTTP/1.1 200 OK"
18:35:01 [INFO] HTTP Request: GET https://site.api.espn.com/apis/site/v2/sports/basketball/mens-college-basketball/summary?event=401830242 "HTTP/1.1 200 OK"
18:35:12 [INFO] HTTP Request: GET https://site.api.espn.com/apis/site/v2/sports/basketball/mens-college-basketball/summary?event=401828715 "HTTP/1.1 200 OK"
18:35:12 [INFO]   Loaded: 26 games, 563 player-game-stat rows
18:35:12 [INFO] 
[3/8] Howard Bison
18:35:12 [INFO] Scraping team: Howard Bison (ESPN #47)
18:35:22 [INFO] HTTP Request: GET https://site.api.espn.com/apis/site/v2/sports/basketball/mens-college-basketball/teams/47/schedule?season=2026 "HTTP/1.1 200 OK"
18:35:22 [INFO]   Schedule: 28 completed games
18:35:33 [INFO] HTTP Request: GET https://site.api.espn.com/apis/site/v2/sports/basketball/mens-college-basketball/summary?event=401829423 "HTTP/1.1 200 OK"
18:35:43 [INFO] HTTP Request: GET https://site.api.espn.com/apis/site/v2/sports/basketball/mens-college-basketball/summary?event=401830236 "HTTP/1.1 200 OK"
18:35:53 [INFO] HTTP Request: GET https://site.api.espn.com/apis/site/v2/sports/basketball/mens-college-basketball/summary?event=401827088 "HTTP/1.1 200 OK"
18:36:04 [INFO] HTTP Request: GET https://site.api.espn.com/apis/site/v2/sports/basketball/mens-college-basketball/summary?event=401829686 "HTTP/1.1 200 OK"
18:36:14 [INFO] HTTP Request: GET https://site.api.espn.com/apis/site/v2/sports/basketball/mens-college-basketball/summary?event=401825206 "HTTP/1.1 200 OK"
18:36:24 [INFO] HTTP Request: GET https://site.api.espn.com/apis/site/v2/sports/basketball/mens-college-basketball/summary?event=401813378 "HTTP/1.1 200 OK"
18:36:35 [INFO] HTTP Request: GET https://site.api.espn.com/apis/site/v2/sports/basketball/mens-college-basketball/summary?event=401817233 "HTTP/1.1 200 OK"
18:36:45 [INFO] HTTP Request: GET https://site.api.espn.com/apis/site/v2/sports/basketball/mens-college-basketball/summary?event=401830237 "HTTP/1.1 200 OK"
18:36:55 [INFO] HTTP Request: GET https://site.api.espn.com/apis/site/v2/sports/basketball/mens-college-basketball/summary?event=401813402 "HTTP/1.1 200 OK"
18:37:06 [INFO] HTTP Request: GET https://site.api.espn.com/apis/site/v2/sports/basketball/mens-college-basketball/summary?event=401830238 "HTTP/1.1 200 OK"
18:37:16 [INFO] HTTP Request: GET https://site.api.espn.com/apis/site/v2/sports/basketball/mens-college-basketball/summary?event=401827529 "HTTP/1.1 200 OK"
18:37:27 [INFO] HTTP Request: GET https://site.api.espn.com/apis/site/v2/sports/basketball/mens-college-basketball/summary?event=401827524 "HTTP/1.1 200 OK"
18:37:37 [INFO] HTTP Request: GET https://site.api.espn.com/apis/site/v2/sports/basketball/mens-college-basketball/summary?event=401827516 "HTTP/1.1 200 OK"
18:37:47 [INFO] HTTP Request: GET https://site.api.espn.com/apis/site/v2/sports/basketball/mens-college-basketball/summary?event=401827502 "HTTP/1.1 200 OK"
18:37:57 [INFO] HTTP Request: GET https://site.api.espn.com/apis/site/v2/sports/basketball/mens-college-basketball/summary?event=401826936 "HTTP/1.1 200 OK"
18:38:08 [INFO] HTTP Request: GET https://site.api.espn.com/apis/site/v2/sports/basketball/mens-college-basketball/summary?event=401829284 "HTTP/1.1 200 OK"
18:38:19 [INFO] HTTP Request: GET https://site.api.espn.com/apis/site/v2/sports/basketball/mens-college-basketball/summary?event=401823046 "HTTP/1.1 200 OK"
18:38:29 [INFO] HTTP Request: GET https://site.api.espn.com/apis/site/v2/sports/basketball/mens-college-basketball/summary?event=401830239 "HTTP/1.1 200 OK"
18:38:39 [INFO] HTTP Request: GET https://site.api.espn.com/apis/site/v2/sports/basketball/mens-college-basketball/summary?event=401830240 "HTTP/1.1 200 OK"
18:38:49 [INFO] HTTP Request: GET https://site.api.espn.com/apis/site/v2/sports/basketball/mens-college-basketball/summary?event=401830241 "HTTP/1.1 200 OK"
18:39:00 [INFO] HTTP Request: GET https://site.api.espn.com/apis/site/v2/sports/basketball/mens-college-basketball/summary?event=401828691 "HTTP/1.1 200 OK"
18:39:10 [INFO] HTTP Request: GET https://site.api.espn.com/apis/site/v2/sports/basketball/mens-college-basketball/summary?event=401828728 "HTTP/1.1 200 OK"
18:39:20 [INFO] HTTP Request: GET https://site.api.espn.com/apis/site/v2/sports/basketball/mens-college-basketball/summary?event=401858634 "HTTP/1.1 200 OK"
18:39:31 [INFO] HTTP Request: GET https://site.api.espn.com/apis/site/v2/sports/basketball/mens-college-basketball/summary?event=401829288 "HTTP/1.1 200 OK"
18:39:41 [INFO] HTTP Request: GET https://site.api.espn.com/apis/site/v2/sports/basketball/mens-college-basketball/summary?event=401818333 "HTTP/1.1 200 OK"
18:39:51 [INFO] HTTP Request: GET https://site.api.espn.com/apis/site/v2/sports/basketball/mens-college-basketball/summary?event=401823052 "HTTP/1.1 200 OK"
18:40:01 [INFO] HTTP Request: GET https://site.api.espn.com/apis/site/v2/sports/basketball/mens-college-basketball/summary?event=401830242 "HTTP/1.1 200 OK"
18:40:12 [INFO] HTTP Request: GET https://site.api.espn.com/apis/site/v2/sports/basketball/mens-college-basketball/summary?event=401830243 "HTTP/1.1 200 OK"
18:40:12 [INFO]   Loaded: 28 games, 620 player-game-stat rows
18:40:12 [INFO] 
[4/8] Maryland Eastern Shore Hawks
18:40:12 [INFO] Scraping team: Maryland Eastern Shore Hawks (ESPN #2379)
18:40:22 [INFO] HTTP Request: GET https://site.api.espn.com/apis/site/v2/sports/basketball/mens-college-basketball/teams/2379/schedule?season=2026 "HTTP/1.1 200 OK"
18:40:22 [INFO]   Schedule: 28 completed games
18:40:33 [INFO] HTTP Request: GET https://site.api.espn.com/apis/site/v2/sports/basketball/mens-college-basketball/summary?event=401820296 "HTTP/1.1 200 OK"
18:40:43 [INFO] HTTP Request: GET https://site.api.espn.com/apis/site/v2/sports/basketball/mens-college-basketball/summary?event=401823036 "HTTP/1.1 200 OK"
18:40:53 [INFO] HTTP Request: GET https://site.api.espn.com/apis/site/v2/sports/basketball/mens-college-basketball/summary?event=401823037 "HTTP/1.1 200 OK"
18:41:04 [INFO] HTTP Request: GET https://site.api.espn.com/apis/site/v2/sports/basketball/mens-college-basketball/summary?event=401823038 "HTTP/1.1 200 OK"
18:41:14 [INFO] HTTP Request: GET https://site.api.espn.com/apis/site/v2/sports/basketball/mens-college-basketball/summary?event=401820832 "HTTP/1.1 200 OK"
18:41:25 [INFO] HTTP Request: GET https://site.api.espn.com/apis/site/v2/sports/basketball/mens-college-basketball/summary?event=401823039 "HTTP/1.1 200 OK"
18:41:35 [INFO] HTTP Request: GET https://site.api.espn.com/apis/site/v2/sports/basketball/mens-college-basketball/summary?event=401813350 "HTTP/1.1 200 OK"
18:41:45 [INFO] HTTP Request: GET https://site.api.espn.com/apis/site/v2/sports/basketball/mens-college-basketball/summary?event=401820608 "HTTP/1.1 200 OK"
18:41:56 [INFO] HTTP Request: GET https://site.api.espn.com/apis/site/v2/sports/basketball/mens-college-basketball/summary?event=401823040 "HTTP/1.1 200 OK"
18:42:06 [INFO] HTTP Request: GET https://site.api.espn.com/apis/site/v2/sports/basketball/mens-college-basketball/summary?event=401824853 "HTTP/1.1 200 OK"
18:42:16 [INFO] HTTP Request: GET https://site.api.espn.com/apis/site/v2/sports/basketball/mens-college-basketball/summary?event=401820811 "HTTP/1.1 200 OK"
18:42:27 [INFO] HTTP Request: GET https://site.api.espn.com/apis/site/v2/sports/basketball/mens-college-basketball/summary?event=401823041 "HTTP/1.1 200 OK"
18:42:37 [INFO] HTTP Request: GET https://site.api.espn.com/apis/site/v2/sports/basketball/mens-college-basketball/summary?event=401817513 "HTTP/1.1 200 OK"
18:42:47 [INFO] HTTP Request: GET https://site.api.espn.com/apis/site/v2/sports/basketball/mens-college-basketball/summary?event=401823042 "HTTP/1.1 200 OK"
18:42:58 [INFO] HTTP Request: GET https://site.api.espn.com/apis/site/v2/sports/basketball/mens-college-basketball/summary?event=401817525 "HTTP/1.1 200 OK"
18:43:08 [INFO] HTTP Request: GET https://site.api.espn.com/apis/site/v2/sports/basketball/mens-college-basketball/summary?event=401823043 "HTTP/1.1 200 OK"
18:43:18 [INFO] HTTP Request: GET https://site.api.espn.com/apis/site/v2/sports/basketball/mens-college-basketball/summary?event=401823044 "HTTP/1.1 200 OK"
18:43:29 [INFO] HTTP Request: GET https://site.api.espn.com/apis/site/v2/sports/basketball/mens-college-basketball/summary?event=401823045 "HTTP/1.1 200 OK"
18:43:39 [INFO] HTTP Request: GET https://site.api.espn.com/apis/site/v2/sports/basketball/mens-college-basketball/summary?event=401823046 "HTTP/1.1 200 OK"
18:43:49 [INFO] HTTP Request: GET https://site.api.espn.com/apis/site/v2/sports/basketball/mens-college-basketball/summary?event=401823047 "HTTP/1.1 200 OK"
18:44:00 [INFO] HTTP Request: GET https://site.api.espn.com/apis/site/v2/sports/basketball/mens-college-basketball/summary?event=401822770 "HTTP/1.1 200 OK"
18:44:10 [INFO] HTTP Request: GET https://site.api.espn.com/apis/site/v2/sports/basketball/mens-college-basketball/summary?event=401823050 "HTTP/1.1 200 OK"
18:44:21 [INFO] HTTP Request: GET https://site.api.espn.com/apis/site/v2/sports/basketball/mens-college-basketball/summary?event=401823049 "HTTP/1.1 200 OK"
18:44:31 [INFO] HTTP Request: GET https://site.api.espn.com/apis/site/v2/sports/basketball/mens-college-basketball/summary?event=401823048 "HTTP/1.1 200 OK"
18:44:42 [INFO] HTTP Request: GET https://site.api.espn.com/apis/site/v2/sports/basketball/mens-college-basketball/summary?event=401823051 "HTTP/1.1 200 OK"
18:44:52 [INFO] HTTP Request: GET https://site.api.espn.com/apis/site/v2/sports/basketball/mens-college-basketball/summary?event=401823052 "HTTP/1.1 200 OK"
18:45:03 [INFO] HTTP Request: GET https://site.api.espn.com/apis/site/v2/sports/basketball/mens-college-basketball/summary?event=401823053 "HTTP/1.1 200 OK"
18:45:13 [INFO] HTTP Request: GET https://site.api.espn.com/apis/site/v2/sports/basketball/mens-college-basketball/summary?event=401822777 "HTTP/1.1 200 OK"
18:45:13 [INFO]   Loaded: 28 games, 642 player-game-stat rows
18:45:13 [INFO] 
[5/8] Morgan State Bears
18:45:13 [INFO] Scraping team: Morgan State Bears (ESPN #2415)
18:45:24 [INFO] HTTP Request: GET https://site.api.espn.com/apis/site/v2/sports/basketball/mens-college-basketball/teams/2415/schedule?season=2026 "HTTP/1.1 200 OK"
18:45:24 [INFO]   Schedule: 26 completed games
18:45:34 [INFO] HTTP Request: GET https://site.api.espn.com/apis/site/v2/sports/basketball/mens-college-basketball/summary?event=401813272 "HTTP/1.1 200 OK"
18:45:44 [INFO] HTTP Request: GET https://site.api.espn.com/apis/site/v2/sports/basketball/mens-college-basketball/summary?event=401813273 "HTTP/1.1 200 OK"
18:45:55 [INFO] HTTP Request: GET https://site.api.espn.com/apis/site/v2/sports/basketball/mens-college-basketball/summary?event=401813274 "HTTP/1.1 200 OK"
18:46:05 [INFO] HTTP Request: GET https://site.api.espn.com/apis/site/v2/sports/basketball/mens-college-basketball/summary?event=401813275 "HTTP/1.1 200 OK"
18:46:16 [INFO] HTTP Request: GET https://site.api.espn.com/apis/site/v2/sports/basketball/mens-college-basketball/summary?event=401813276 "HTTP/1.1 200 OK"
18:46:26 [INFO] HTTP Request: GET https://site.api.espn.com/apis/site/v2/sports/basketball/mens-college-basketball/summary?event=401813277 "HTTP/1.1 200 OK"
18:46:37 [INFO] HTTP Request: GET https://site.api.espn.com/apis/site/v2/sports/basketball/mens-college-basketball/summary?event=401813278 "HTTP/1.1 200 OK"
18:46:47 [INFO] HTTP Request: GET https://site.api.espn.com/apis/site/v2/sports/basketball/mens-college-basketball/summary?event=401813279 "HTTP/1.1 200 OK"
18:49:02 [ERROR] Request failed: https://site.api.espn.com/apis/site/v2/sports/basketball/mens-college-basketball/summary — [Errno 8] nodename nor servname provided, or not known
18:49:12 [ERROR] Request failed: https://site.api.espn.com/apis/site/v2/sports/basketball/mens-college-basketball/summary — [Errno 8] nodename nor servname provided, or not known
18:49:22 [INFO] HTTP Request: GET https://site.api.espn.com/apis/site/v2/sports/basketball/mens-college-basketball/summary?event=401813282 "HTTP/1.1 200 OK"
18:49:32 [INFO] HTTP Request: GET https://site.api.espn.com/apis/site/v2/sports/basketball/mens-college-basketball/summary?event=401813283 "HTTP/1.1 200 OK"
18:49:43 [INFO] HTTP Request: GET https://site.api.espn.com/apis/site/v2/sports/basketball/mens-college-basketball/summary?event=401813284 "HTTP/1.1 200 OK"
18:49:53 [INFO] HTTP Request: GET https://site.api.espn.com/apis/site/v2/sports/basketball/mens-college-basketball/summary?event=401813285 "HTTP/1.1 200 OK"
18:50:03 [INFO] HTTP Request: GET https://site.api.espn.com/apis/site/v2/sports/basketball/mens-college-basketball/summary?event=401823045 "HTTP/1.1 200 OK"
18:50:13 [INFO] HTTP Request: GET https://site.api.espn.com/apis/site/v2/sports/basketball/mens-college-basketball/summary?event=401828688 "HTTP/1.1 200 OK"
18:50:24 [INFO] HTTP Request: GET https://site.api.espn.com/apis/site/v2/sports/basketball/mens-college-basketball/summary?event=401828689 "HTTP/1.1 200 OK"
18:50:34 [INFO] HTTP Request: GET https://site.api.espn.com/apis/site/v2/sports/basketball/mens-college-basketball/summary?event=401828690 "HTTP/1.1 200 OK"
18:50:45 [INFO] HTTP Request: GET https://site.api.espn.com/apis/site/v2/sports/basketball/mens-college-basketball/summary?event=401856166 "HTTP/1.1 200 OK"
18:50:55 [INFO] HTTP Request: GET https://site.api.espn.com/apis/site/v2/sports/basketball/mens-college-basketball/summary?event=401828691 "HTTP/1.1 200 OK"
18:51:05 [INFO] HTTP Request: GET https://site.api.espn.com/apis/site/v2/sports/basketball/mens-college-basketball/summary?event=401828692 "HTTP/1.1 200 OK"
18:51:16 [INFO] HTTP Request: GET https://site.api.espn.com/apis/site/v2/sports/basketball/mens-college-basketball/summary?event=401822773 "HTTP/1.1 200 OK"
18:51:26 [INFO] HTTP Request: GET https://site.api.espn.com/apis/site/v2/sports/basketball/mens-college-basketball/summary?event=401823051 "HTTP/1.1 200 OK"
18:51:36 [INFO] HTTP Request: GET https://site.api.espn.com/apis/site/v2/sports/basketball/mens-college-basketball/summary?event=401828694 "HTTP/1.1 200 OK"
18:51:47 [INFO] HTTP Request: GET https://site.api.espn.com/apis/site/v2/sports/basketball/mens-college-basketball/summary?event=401828715 "HTTP/1.1 200 OK"
18:51:57 [INFO] HTTP Request: GET https://site.api.espn.com/apis/site/v2/sports/basketball/mens-college-basketball/summary?event=401861277 "HTTP/1.1 200 OK"
18:51:57 [INFO]   Loaded: 24 games, 517 player-game-stat rows
18:51:57 [INFO] 
[6/8] Norfolk State Spartans
18:51:57 [INFO] Scraping team: Norfolk State Spartans (ESPN #2450)
18:52:07 [INFO] HTTP Request: GET https://site.api.espn.com/apis/site/v2/sports/basketball/mens-college-basketball/teams/2450/schedule?season=2026 "HTTP/1.1 200 OK"
18:52:07 [INFO]   Schedule: 28 completed games
18:52:17 [INFO] HTTP Request: GET https://site.api.espn.com/apis/site/v2/sports/basketball/mens-college-basketball/summary?event=401828718 "HTTP/1.1 200 OK"
18:52:28 [INFO] HTTP Request: GET https://site.api.espn.com/apis/site/v2/sports/basketball/mens-college-basketball/summary?event=401828719 "HTTP/1.1 200 OK"
18:52:38 [INFO] HTTP Request: GET https://site.api.espn.com/apis/site/v2/sports/basketball/mens-college-basketball/summary?event=401827504 "HTTP/1.1 200 OK"
18:52:48 [INFO] HTTP Request: GET https://site.api.espn.com/apis/site/v2/sports/basketball/mens-college-basketball/summary?event=401828720 "HTTP/1.1 200 OK"
18:52:59 [INFO] HTTP Request: GET https://site.api.espn.com/apis/site/v2/sports/basketball/mens-college-basketball/summary?event=401827498 "HTTP/1.1 200 OK"
18:53:09 [INFO] HTTP Request: GET https://site.api.espn.com/apis/site/v2/sports/basketball/mens-college-basketball/summary?event=401827522 "HTTP/1.1 200 OK"
18:53:19 [INFO] HTTP Request: GET https://site.api.espn.com/apis/site/v2/sports/basketball/mens-college-basketball/summary?event=401823759 "HTTP/1.1 200 OK"
18:53:30 [INFO] HTTP Request: GET https://site.api.espn.com/apis/site/v2/sports/basketball/mens-college-basketball/summary?event=401828721 "HTTP/1.1 200 OK"
18:53:41 [INFO] HTTP Request: GET https://site.api.espn.com/apis/site/v2/sports/basketball/mens-college-basketball/summary?event=401826886 "HTTP/1.1 200 OK"
18:53:51 [INFO] HTTP Request: GET https://site.api.espn.com/apis/site/v2/sports/basketball/mens-college-basketball/summary?event=401828722 "HTTP/1.1 200 OK"
18:54:01 [INFO] HTTP Request: GET https://site.api.espn.com/apis/site/v2/sports/basketball/mens-college-basketball/summary?event=401819830 "HTTP/1.1 200 OK"
18:54:11 [INFO] HTTP Request: GET https://site.api.espn.com/apis/site/v2/sports/basketball/mens-college-basketball/summary?event=401827092 "HTTP/1.1 200 OK"
18:54:22 [INFO] HTTP Request: GET https://site.api.espn.com/apis/site/v2/sports/basketball/mens-college-basketball/summary?event=401828733 "HTTP/1.1 200 OK"
18:54:32 [INFO] HTTP Request: GET https://site.api.espn.com/apis/site/v2/sports/basketball/mens-college-basketball/summary?event=401828475 "HTTP/1.1 200 OK"
18:54:43 [INFO] HTTP Request: GET https://site.api.espn.com/apis/site/v2/sports/basketball/mens-college-basketball/summary?event=401831233 "HTTP/1.1 200 OK"
18:54:53 [INFO] HTTP Request: GET https://site.api.espn.com/apis/site/v2/sports/basketball/mens-college-basketball/summary?event=401828723 "HTTP/1.1 200 OK"
18:55:03 [INFO] HTTP Request: GET https://site.api.espn.com/apis/site/v2/sports/basketball/mens-college-basketball/summary?event=401828724 "HTTP/1.1 200 OK"
18:55:14 [INFO] HTTP Request: GET https://site.api.espn.com/apis/site/v2/sports/basketball/mens-college-basketball/summary?event=401828725 "HTTP/1.1 200 OK"
18:55:24 [INFO] HTTP Request: GET https://site.api.espn.com/apis/site/v2/sports/basketball/mens-college-basketball/summary?event=401823047 "HTTP/1.1 200 OK"
18:55:35 [INFO] HTTP Request: GET https://site.api.espn.com/apis/site/v2/sports/basketball/mens-college-basketball/summary?event=401828726 "HTTP/1.1 200 OK"
18:55:45 [INFO] HTTP Request: GET https://site.api.espn.com/apis/site/v2/sports/basketball/mens-college-basketball/summary?event=401828727 "HTTP/1.1 200 OK"
18:55:55 [INFO] HTTP Request: GET https://site.api.espn.com/apis/site/v2/sports/basketball/mens-college-basketball/summary?event=401822771 "HTTP/1.1 200 OK"
18:56:05 [INFO] HTTP Request: GET https://site.api.espn.com/apis/site/v2/sports/basketball/mens-college-basketball/summary?event=401828692 "HTTP/1.1 200 OK"
18:56:16 [INFO] HTTP Request: GET https://site.api.espn.com/apis/site/v2/sports/basketball/mens-college-basketball/summary?event=401828728 "HTTP/1.1 200 OK"
18:56:26 [INFO] HTTP Request: GET https://site.api.espn.com/apis/site/v2/sports/basketball/mens-college-basketball/summary?event=401828729 "HTTP/1.1 200 OK"
18:56:36 [INFO] HTTP Request: GET https://site.api.espn.com/apis/site/v2/sports/basketball/mens-college-basketball/summary?event=401828730 "HTTP/1.1 200 OK"
18:56:47 [INFO] HTTP Request: GET https://site.api.espn.com/apis/site/v2/sports/basketball/mens-college-basketball/summary?event=401823053 "HTTP/1.1 200 OK"
18:56:57 [INFO] HTTP Request: GET https://site.api.espn.com/apis/site/v2/sports/basketball/mens-college-basketball/summary?event=401828731 "HTTP/1.1 200 OK"
18:56:57 [INFO]   Loaded: 28 games, 609 player-game-stat rows
18:56:57 [INFO] 
[7/8] North Carolina Central Eagles
18:56:57 [INFO] Scraping team: North Carolina Central Eagles (ESPN #2428)
18:57:07 [INFO] HTTP Request: GET https://site.api.espn.com/apis/site/v2/sports/basketball/mens-college-basketball/teams/2428/schedule?season=2026 "HTTP/1.1 200 OK"
18:57:07 [INFO]   Schedule: 26 completed games
18:57:18 [INFO] HTTP Request: GET https://site.api.espn.com/apis/site/v2/sports/basketball/mens-college-basketball/summary?event=401817252 "HTTP/1.1 200 OK"
18:57:28 [INFO] HTTP Request: GET https://site.api.espn.com/apis/site/v2/sports/basketball/mens-college-basketball/summary?event=401817487 "HTTP/1.1 200 OK"
19:13:41 [ERROR] Request failed: https://site.api.espn.com/apis/site/v2/sports/basketball/mens-college-basketball/summary — [Errno 8] nodename nor servname provided, or not known
19:22:56 [INFO] HTTP Request: GET https://site.api.espn.com/apis/site/v2/sports/basketball/mens-college-basketball/summary?event=401828734 "HTTP/1.1 200 OK"
19:23:06 [INFO] HTTP Request: GET https://site.api.espn.com/apis/site/v2/sports/basketball/mens-college-basketball/summary?event=401817265 "HTTP/1.1 200 OK"
19:23:16 [INFO] HTTP Request: GET https://site.api.espn.com/apis/site/v2/sports/basketball/mens-college-basketball/summary?event=401828735 "HTTP/1.1 200 OK"
19:23:27 [INFO] HTTP Request: GET https://site.api.espn.com/apis/site/v2/sports/basketball/mens-college-basketball/summary?event=401813439 "HTTP/1.1 200 OK"
19:23:37 [INFO] HTTP Request: GET https://site.api.espn.com/apis/site/v2/sports/basketball/mens-college-basketball/summary?event=401827061 "HTTP/1.1 200 OK"
19:23:47 [INFO] HTTP Request: GET https://site.api.espn.com/apis/site/v2/sports/basketball/mens-college-basketball/summary?event=401828736 "HTTP/1.1 200 OK"
19:23:58 [INFO] HTTP Request: GET https://site.api.espn.com/apis/site/v2/sports/basketball/mens-college-basketball/summary?event=401828737 "HTTP/1.1 200 OK"
19:24:08 [INFO] HTTP Request: GET https://site.api.espn.com/apis/site/v2/sports/basketball/mens-college-basketball/summary?event=401827528 "HTTP/1.1 200 OK"
19:24:18 [INFO] HTTP Request: GET https://site.api.espn.com/apis/site/v2/sports/basketball/mens-college-basketball/summary?event=401828738 "HTTP/1.1 200 OK"
19:24:29 [INFO] HTTP Request: GET https://site.api.espn.com/apis/site/v2/sports/basketball/mens-college-basketball/summary?event=401828739 "HTTP/1.1 200 OK"
19:24:39 [INFO] HTTP Request: GET https://site.api.espn.com/apis/site/v2/sports/basketball/mens-college-basketball/summary?event=401827056 "HTTP/1.1 200 OK"
19:24:50 [INFO] HTTP Request: GET https://site.api.espn.com/apis/site/v2/sports/basketball/mens-college-basketball/summary?event=401827279 "HTTP/1.1 200 OK"
19:25:00 [INFO] HTTP Request: GET https://site.api.espn.com/apis/site/v2/sports/basketball/mens-college-basketball/summary?event=401828724 "HTTP/1.1 200 OK"
19:25:10 [INFO] HTTP Request: GET https://site.api.espn.com/apis/site/v2/sports/basketball/mens-college-basketball/summary?event=401822768 "HTTP/1.1 200 OK"
19:25:20 [INFO] HTTP Request: GET https://site.api.espn.com/apis/site/v2/sports/basketball/mens-college-basketball/summary?event=401828689 "HTTP/1.1 200 OK"
19:26:43 [ERROR] Request failed: https://site.api.espn.com/apis/site/v2/sports/basketball/mens-college-basketball/summary — [Errno 8] nodename nor servname provided, or not known
19:26:54 [INFO] HTTP Request: GET https://site.api.espn.com/apis/site/v2/sports/basketball/mens-college-basketball/summary?event=401823049 "HTTP/1.1 200 OK"
19:27:04 [INFO] HTTP Request: GET https://site.api.espn.com/apis/site/v2/sports/basketball/mens-college-basketball/summary?event=401828729 "HTTP/1.1 200 OK"
19:27:15 [INFO] HTTP Request: GET https://site.api.espn.com/apis/site/v2/sports/basketball/mens-college-basketball/summary?event=401858744 "HTTP/1.1 200 OK"
19:27:25 [INFO] HTTP Request: GET https://site.api.espn.com/apis/site/v2/sports/basketball/mens-college-basketball/summary?event=401822775 "HTTP/1.1 200 OK"
19:27:35 [INFO] HTTP Request: GET https://site.api.espn.com/apis/site/v2/sports/basketball/mens-college-basketball/summary?event=401828694 "HTTP/1.1 200 OK"
19:27:46 [INFO] HTTP Request: GET https://site.api.espn.com/apis/site/v2/sports/basketball/mens-college-basketball/summary?event=401858787 "HTTP/1.1 200 OK"
19:27:56 [INFO] HTTP Request: GET https://site.api.espn.com/apis/site/v2/sports/basketball/mens-college-basketball/summary?event=401830243 "HTTP/1.1 200 OK"
19:27:56 [INFO]   Loaded: 24 games, 533 player-game-stat rows
19:27:56 [INFO] 
[8/8] South Carolina State Bulldogs
19:27:56 [INFO] Scraping team: South Carolina State Bulldogs (ESPN #2569)
19:28:06 [INFO] HTTP Request: GET https://site.api.espn.com/apis/site/v2/sports/basketball/mens-college-basketball/teams/2569/schedule?season=2026 "HTTP/1.1 200 OK"
19:28:06 [INFO]   Schedule: 27 completed games
19:28:17 [INFO] HTTP Request: GET https://site.api.espn.com/apis/site/v2/sports/basketball/mens-college-basketball/summary?event=401817239 "HTTP/1.1 200 OK"
19:28:27 [INFO] HTTP Request: GET https://site.api.espn.com/apis/site/v2/sports/basketball/mens-college-basketball/summary?event=401829277 "HTTP/1.1 200 OK"
19:28:37 [INFO] HTTP Request: GET https://site.api.espn.com/apis/site/v2/sports/basketball/mens-college-basketball/summary?event=401827526 "HTTP/1.1 200 OK"
19:28:47 [INFO] HTTP Request: GET https://site.api.espn.com/apis/site/v2/sports/basketball/mens-college-basketball/summary?event=401827450 "HTTP/1.1 200 OK"
19:28:58 [INFO] HTTP Request: GET https://site.api.espn.com/apis/site/v2/sports/basketball/mens-college-basketball/summary?event=401829278 "HTTP/1.1 200 OK"
19:29:08 [INFO] HTTP Request: GET https://site.api.espn.com/apis/site/v2/sports/basketball/mens-college-basketball/summary?event=401829279 "HTTP/1.1 200 OK"
19:29:19 [INFO] HTTP Request: GET https://site.api.espn.com/apis/site/v2/sports/basketball/mens-college-basketball/summary?event=401829280 "HTTP/1.1 200 OK"
19:29:29 [INFO] HTTP Request: GET https://site.api.espn.com/apis/site/v2/sports/basketball/mens-college-basketball/summary?event=401827069 "HTTP/1.1 200 OK"
19:29:39 [INFO] HTTP Request: GET https://site.api.espn.com/apis/site/v2/sports/basketball/mens-college-basketball/summary?event=401827112 "HTTP/1.1 200 OK"
19:29:49 [INFO] HTTP Request: GET https://site.api.espn.com/apis/site/v2/sports/basketball/mens-college-basketball/summary?event=401820846 "HTTP/1.1 200 OK"
19:30:00 [INFO] HTTP Request: GET https://site.api.espn.com/apis/site/v2/sports/basketball/mens-college-basketball/summary?event=401823496 "HTTP/1.1 200 OK"
19:30:10 [INFO] HTTP Request: GET https://site.api.espn.com/apis/site/v2/sports/basketball/mens-college-basketball/summary?event=401827064 "HTTP/1.1 200 OK"
19:30:20 [INFO] HTTP Request: GET https://site.api.espn.com/apis/site/v2/sports/basketball/mens-college-basketball/summary?event=401829281 "HTTP/1.1 200 OK"
19:30:31 [INFO] HTTP Request: GET https://site.api.espn.com/apis/site/v2/sports/basketball/mens-college-basketball/summary?event=401829282 "HTTP/1.1 200 OK"
19:30:41 [INFO] HTTP Request: GET https://site.api.espn.com/apis/site/v2/sports/basketball/mens-college-basketball/summary?event=401829283 "HTTP/1.1 200 OK"
19:30:51 [INFO] HTTP Request: GET https://site.api.espn.com/apis/site/v2/sports/basketball/mens-college-basketball/summary?event=401829284 "HTTP/1.1 200 OK"
19:31:02 [INFO] HTTP Request: GET https://site.api.espn.com/apis/site/v2/sports/basketball/mens-college-basketball/summary?event=401828688 "HTTP/1.1 200 OK"
19:31:12 [INFO] HTTP Request: GET https://site.api.espn.com/apis/site/v2/sports/basketball/mens-college-basketball/summary?event=401822769 "HTTP/1.1 200 OK"
19:31:22 [INFO] HTTP Request: GET https://site.api.espn.com/apis/site/v2/sports/basketball/mens-college-basketball/summary?event=401828726 "HTTP/1.1 200 OK"
19:31:32 [INFO] HTTP Request: GET https://site.api.espn.com/apis/site/v2/sports/basketball/mens-college-basketball/summary?event=401829285 "HTTP/1.1 200 OK"
19:31:42 [INFO] HTTP Request: GET https://site.api.espn.com/apis/site/v2/sports/basketball/mens-college-basketball/summary?event=401829286 "HTTP/1.1 200 OK"
19:31:53 [INFO] HTTP Request: GET https://site.api.espn.com/apis/site/v2/sports/basketball/mens-college-basketball/summary?event=401823048 "HTTP/1.1 200 OK"
19:32:03 [INFO] HTTP Request: GET https://site.api.espn.com/apis/site/v2/sports/basketball/mens-college-basketball/summary?event=401829288 "HTTP/1.1 200 OK"
19:32:14 [INFO] HTTP Request: GET https://site.api.espn.com/apis/site/v2/sports/basketball/mens-college-basketball/summary?event=401822776 "HTTP/1.1 200 OK"
19:32:24 [INFO] HTTP Request: GET https://site.api.espn.com/apis/site/v2/sports/basketball/mens-college-basketball/summary?event=401858787 "HTTP/1.1 200 OK"
19:32:34 [INFO] HTTP Request: GET https://site.api.espn.com/apis/site/v2/sports/basketball/mens-college-basketball/summary?event=401828731 "HTTP/1.1 200 OK"
19:32:44 [INFO] HTTP Request: GET https://site.api.espn.com/apis/site/v2/sports/basketball/mens-college-basketball/summary?event=401861277 "HTTP/1.1 200 OK"
19:32:44 [INFO]   Loaded: 27 games, 594 player-game-stat rows
19:32:44 [INFO] 
============================================================
19:32:44 [INFO]   BATCH COMPLETE: 8 teams, 213 games, 4716 PGS rows
19:32:44 [INFO] ============================================================

============================================================
  ESPN BATCH — FINAL SUMMARY
============================================================
  Total teams:                2606
  Total players:              27283
  Total games:                13615
  Total player_game_stats:    344617
============================================================
