02:29:36 [INFO] Batch: 9 NCAA D1 teams via ESPN
02:29:36 [INFO] 
[1/9] Binghamton Bearcats
02:29:36 [INFO] Scraping team: Binghamton Bearcats (ESPN #2066)
02:29:37 [INFO] HTTP Request: GET https://site.api.espn.com/apis/site/v2/sports/basketball/mens-college-basketball/teams/2066/schedule?season=2026 "HTTP/1.1 200 OK"
02:29:37 [INFO]   Schedule: 29 completed games
02:29:47 [INFO] HTTP Request: GET https://site.api.espn.com/apis/site/v2/sports/basketball/mens-college-basketball/summary?event=401817476 "HTTP/1.1 200 OK"
02:29:58 [INFO] HTTP Request: GET https://site.api.espn.com/apis/site/v2/sports/basketball/mens-college-basketball/summary?event=401820604 "HTTP/1.1 200 OK"
02:30:08 [INFO] HTTP Request: GET https://site.api.espn.com/apis/site/v2/sports/basketball/mens-college-basketball/summary?event=401813374 "HTTP/1.1 200 OK"
02:30:19 [INFO] HTTP Request: GET https://site.api.espn.com/apis/site/v2/sports/basketball/mens-college-basketball/summary?event=401820605 "HTTP/1.1 200 OK"
02:30:29 [INFO] HTTP Request: GET https://site.api.espn.com/apis/site/v2/sports/basketball/mens-college-basketball/summary?event=401820606 "HTTP/1.1 200 OK"
02:30:40 [INFO] HTTP Request: GET https://site.api.espn.com/apis/site/v2/sports/basketball/mens-college-basketball/summary?event=401820607 "HTTP/1.1 200 OK"
02:30:50 [INFO] HTTP Request: GET https://site.api.espn.com/apis/site/v2/sports/basketball/mens-college-basketball/summary?event=401820608 "HTTP/1.1 200 OK"
02:31:01 [INFO] HTTP Request: GET https://site.api.espn.com/apis/site/v2/sports/basketball/mens-college-basketball/summary?event=401813351 "HTTP/1.1 200 OK"
02:31:11 [INFO] HTTP Request: GET https://site.api.espn.com/apis/site/v2/sports/basketball/mens-college-basketball/summary?event=401820609 "HTTP/1.1 200 OK"
02:31:22 [INFO] HTTP Request: GET https://site.api.espn.com/apis/site/v2/sports/basketball/mens-college-basketball/summary?event=401820610 "HTTP/1.1 200 OK"
02:31:33 [INFO] HTTP Request: GET https://site.api.espn.com/apis/site/v2/sports/basketball/mens-college-basketball/summary?event=401812651 "HTTP/1.1 200 OK"
02:31:43 [INFO] HTTP Request: GET https://site.api.espn.com/apis/site/v2/sports/basketball/mens-college-basketball/summary?event=401817450 "HTTP/1.1 200 OK"
02:31:54 [INFO] HTTP Request: GET https://site.api.espn.com/apis/site/v2/sports/basketball/mens-college-basketball/summary?event=401820216 "HTTP/1.1 200 OK"
02:32:04 [INFO] HTTP Request: GET https://site.api.espn.com/apis/site/v2/sports/basketball/mens-college-basketball/summary?event=401820611 "HTTP/1.1 200 OK"
02:32:14 [INFO] HTTP Request: GET https://site.api.espn.com/apis/site/v2/sports/basketball/mens-college-basketball/summary?event=401820612 "HTTP/1.1 200 OK"
02:32:25 [INFO] HTTP Request: GET https://site.api.espn.com/apis/site/v2/sports/basketball/mens-college-basketball/summary?event=401812108 "HTTP/1.1 200 OK"
02:32:35 [INFO] HTTP Request: GET https://site.api.espn.com/apis/site/v2/sports/basketball/mens-college-basketball/summary?event=401812110 "HTTP/1.1 200 OK"
02:32:45 [INFO] HTTP Request: GET https://site.api.espn.com/apis/site/v2/sports/basketball/mens-college-basketball/summary?event=401812116 "HTTP/1.1 200 OK"
02:32:56 [INFO] HTTP Request: GET https://site.api.espn.com/apis/site/v2/sports/basketball/mens-college-basketball/summary?event=401812118 "HTTP/1.1 200 OK"
02:33:07 [INFO] HTTP Request: GET https://site.api.espn.com/apis/site/v2/sports/basketball/mens-college-basketball/summary?event=401812123 "HTTP/1.1 200 OK"
02:33:17 [INFO] HTTP Request: GET https://site.api.espn.com/apis/site/v2/sports/basketball/mens-college-basketball/summary?event=401812127 "HTTP/1.1 200 OK"
02:33:28 [INFO] HTTP Request: GET https://site.api.espn.com/apis/site/v2/sports/basketball/mens-college-basketball/summary?event=401812131 "HTTP/1.1 200 OK"
02:33:38 [INFO] HTTP Request: GET https://site.api.espn.com/apis/site/v2/sports/basketball/mens-college-basketball/summary?event=401812134 "HTTP/1.1 200 OK"
02:33:49 [INFO] HTTP Request: GET https://site.api.espn.com/apis/site/v2/sports/basketball/mens-college-basketball/summary?event=401812143 "HTTP/1.1 200 OK"
02:34:00 [INFO] HTTP Request: GET https://site.api.espn.com/apis/site/v2/sports/basketball/mens-college-basketball/summary?event=401812146 "HTTP/1.1 200 OK"
02:34:10 [INFO] HTTP Request: GET https://site.api.espn.com/apis/site/v2/sports/basketball/mens-college-basketball/summary?event=401812153 "HTTP/1.1 200 OK"
02:34:21 [INFO] HTTP Request: GET https://site.api.espn.com/apis/site/v2/sports/basketball/mens-college-basketball/summary?event=401812154 "HTTP/1.1 200 OK"
02:34:31 [INFO] HTTP Request: GET https://site.api.espn.com/apis/site/v2/sports/basketball/mens-college-basketball/summary?event=401812159 "HTTP/1.1 200 OK"
02:34:42 [INFO] HTTP Request: GET https://site.api.espn.com/apis/site/v2/sports/basketball/mens-college-basketball/summary?event=401812163 "HTTP/1.1 200 OK"
02:34:42 [INFO]   Loaded: 29 games, 526 player-game-stat rows
02:34:42 [INFO] 
[2/9] Bryant Bulldogs
02:34:42 [INFO] Scraping team: Bryant Bulldogs (ESPN #2803)
02:34:52 [INFO] HTTP Request: GET https://site.api.espn.com/apis/site/v2/sports/basketball/mens-college-basketball/teams/2803/schedule?season=2026 "HTTP/1.1 200 OK"
02:34:52 [INFO]   Schedule: 27 completed games
02:35:03 [INFO] HTTP Request: GET https://site.api.espn.com/apis/site/v2/sports/basketball/mens-college-basketball/summary?event=401820613 "HTTP/1.1 200 OK"
02:35:13 [INFO] HTTP Request: GET https://site.api.espn.com/apis/site/v2/sports/basketball/mens-college-basketball/summary?event=401820614 "HTTP/1.1 200 OK"
02:35:23 [INFO] HTTP Request: GET https://site.api.espn.com/apis/site/v2/sports/basketball/mens-college-basketball/summary?event=401820615 "HTTP/1.1 200 OK"
02:35:34 [INFO] HTTP Request: GET https://site.api.espn.com/apis/site/v2/sports/basketball/mens-college-basketball/summary?event=401820616 "HTTP/1.1 200 OK"
02:35:44 [INFO] HTTP Request: GET https://site.api.espn.com/apis/site/v2/sports/basketball/mens-college-basketball/summary?event=401817521 "HTTP/1.1 200 OK"
02:35:55 [INFO] HTTP Request: GET https://site.api.espn.com/apis/site/v2/sports/basketball/mens-college-basketball/summary?event=401812790 "HTTP/1.1 200 OK"
02:36:05 [INFO] HTTP Request: GET https://site.api.espn.com/apis/site/v2/sports/basketball/mens-college-basketball/summary?event=401820617 "HTTP/1.1 200 OK"
02:36:15 [INFO] HTTP Request: GET https://site.api.espn.com/apis/site/v2/sports/basketball/mens-college-basketball/summary?event=401812607 "HTTP/1.1 200 OK"
02:36:26 [INFO] HTTP Request: GET https://site.api.espn.com/apis/site/v2/sports/basketball/mens-college-basketball/summary?event=401820618 "HTTP/1.1 200 OK"
02:36:36 [INFO] HTTP Request: GET https://site.api.espn.com/apis/site/v2/sports/basketball/mens-college-basketball/summary?event=401818554 "HTTP/1.1 200 OK"
02:36:47 [INFO] HTTP Request: GET https://site.api.espn.com/apis/site/v2/sports/basketball/mens-college-basketball/summary?event=401820619 "HTTP/1.1 200 OK"
02:36:58 [INFO] HTTP Request: GET https://site.api.espn.com/apis/site/v2/sports/basketball/mens-college-basketball/summary?event=401813325 "HTTP/1.1 200 OK"
02:37:08 [INFO] HTTP Request: GET https://site.api.espn.com/apis/site/v2/sports/basketball/mens-college-basketball/summary?event=401820620 "HTTP/1.1 200 OK"
02:37:18 [INFO] HTTP Request: GET https://site.api.espn.com/apis/site/v2/sports/basketball/mens-college-basketball/summary?event=401820621 "HTTP/1.1 200 OK"
02:37:29 [INFO] HTTP Request: GET https://site.api.espn.com/apis/site/v2/sports/basketball/mens-college-basketball/summary?event=401812107 "HTTP/1.1 200 OK"
02:37:40 [INFO] HTTP Request: GET https://site.api.espn.com/apis/site/v2/sports/basketball/mens-college-basketball/summary?event=401812112 "HTTP/1.1 200 OK"
02:37:50 [INFO] HTTP Request: GET https://site.api.espn.com/apis/site/v2/sports/basketball/mens-college-basketball/summary?event=401812114 "HTTP/1.1 200 OK"
02:38:00 [INFO] HTTP Request: GET https://site.api.espn.com/apis/site/v2/sports/basketball/mens-college-basketball/summary?event=401812120 "HTTP/1.1 200 OK"
02:38:11 [INFO] HTTP Request: GET https://site.api.espn.com/apis/site/v2/sports/basketball/mens-college-basketball/summary?event=401812122 "HTTP/1.1 200 OK"
02:38:21 [INFO] HTTP Request: GET https://site.api.espn.com/apis/site/v2/sports/basketball/mens-college-basketball/summary?event=401812133 "HTTP/1.1 200 OK"
02:38:32 [INFO] HTTP Request: GET https://site.api.espn.com/apis/site/v2/sports/basketball/mens-college-basketball/summary?event=401812134 "HTTP/1.1 200 OK"
02:38:42 [INFO] HTTP Request: GET https://site.api.espn.com/apis/site/v2/sports/basketball/mens-college-basketball/summary?event=401812140 "HTTP/1.1 200 OK"
02:38:53 [INFO] HTTP Request: GET https://site.api.espn.com/apis/site/v2/sports/basketball/mens-college-basketball/summary?event=401812142 "HTTP/1.1 200 OK"
02:56:56 [ERROR] Request failed: https://site.api.espn.com/apis/site/v2/sports/basketball/mens-college-basketball/summary — [Errno 8] nodename nor servname provided, or not known
03:19:07 [ERROR] Request failed: https://site.api.espn.com/apis/site/v2/sports/basketball/mens-college-basketball/summary — [Errno 8] nodename nor servname provided, or not known
03:19:17 [INFO] HTTP Request: GET https://site.api.espn.com/apis/site/v2/sports/basketball/mens-college-basketball/summary?event=401812155 "HTTP/1.1 200 OK"
03:19:28 [INFO] HTTP Request: GET https://site.api.espn.com/apis/site/v2/sports/basketball/mens-college-basketball/summary?event=401812159 "HTTP/1.1 200 OK"
03:19:28 [INFO]   Loaded: 25 games, 530 player-game-stat rows
03:19:28 [INFO] 
[3/9] Maine Black Bears
03:19:28 [INFO] Scraping team: Maine Black Bears (ESPN #311)
03:19:38 [INFO] HTTP Request: GET https://site.api.espn.com/apis/site/v2/sports/basketball/mens-college-basketball/teams/311/schedule?season=2026 "HTTP/1.1 200 OK"
03:19:38 [INFO]   Schedule: 28 completed games
03:19:49 [INFO] HTTP Request: GET https://site.api.espn.com/apis/site/v2/sports/basketball/mens-college-basketball/summary?event=401817141 "HTTP/1.1 200 OK"
03:19:59 [INFO] HTTP Request: GET https://site.api.espn.com/apis/site/v2/sports/basketball/mens-college-basketball/summary?event=401820622 "HTTP/1.1 200 OK"
03:20:10 [INFO] HTTP Request: GET https://site.api.espn.com/apis/site/v2/sports/basketball/mens-college-basketball/summary?event=401820623 "HTTP/1.1 200 OK"
03:20:20 [INFO] HTTP Request: GET https://site.api.espn.com/apis/site/v2/sports/basketball/mens-college-basketball/summary?event=401820578 "HTTP/1.1 200 OK"
03:20:30 [INFO] HTTP Request: GET https://site.api.espn.com/apis/site/v2/sports/basketball/mens-college-basketball/summary?event=401820624 "HTTP/1.1 200 OK"
03:20:41 [INFO] HTTP Request: GET https://site.api.espn.com/apis/site/v2/sports/basketball/mens-college-basketball/summary?event=401818552 "HTTP/1.1 200 OK"
03:20:51 [INFO] HTTP Request: GET https://site.api.espn.com/apis/site/v2/sports/basketball/mens-college-basketball/summary?event=401829395 "HTTP/1.1 200 OK"
03:21:01 [INFO] HTTP Request: GET https://site.api.espn.com/apis/site/v2/sports/basketball/mens-college-basketball/summary?event=401820626 "HTTP/1.1 200 OK"
03:21:11 [INFO] HTTP Request: GET https://site.api.espn.com/apis/site/v2/sports/basketball/mens-college-basketball/summary?event=401820627 "HTTP/1.1 200 OK"
03:21:22 [INFO] HTTP Request: GET https://site.api.espn.com/apis/site/v2/sports/basketball/mens-college-basketball/summary?event=401820628 "HTTP/1.1 200 OK"
03:21:32 [INFO] HTTP Request: GET https://site.api.espn.com/apis/site/v2/sports/basketball/mens-college-basketball/summary?event=401820629 "HTTP/1.1 200 OK"
03:21:42 [INFO] HTTP Request: GET https://site.api.espn.com/apis/site/v2/sports/basketball/mens-college-basketball/summary?event=401820630 "HTTP/1.1 200 OK"
03:21:53 [INFO] HTTP Request: GET https://site.api.espn.com/apis/site/v2/sports/basketball/mens-college-basketball/summary?event=401813355 "HTTP/1.1 200 OK"
03:22:03 [INFO] HTTP Request: GET https://site.api.espn.com/apis/site/v2/sports/basketball/mens-college-basketball/summary?event=401820631 "HTTP/1.1 200 OK"
03:22:14 [INFO] HTTP Request: GET https://site.api.espn.com/apis/site/v2/sports/basketball/mens-college-basketball/summary?event=401820632 "HTTP/1.1 200 OK"
03:22:24 [INFO] HTTP Request: GET https://site.api.espn.com/apis/site/v2/sports/basketball/mens-college-basketball/summary?event=401812107 "HTTP/1.1 200 OK"
03:22:35 [INFO] HTTP Request: GET https://site.api.espn.com/apis/site/v2/sports/basketball/mens-college-basketball/summary?event=401812111 "HTTP/1.1 200 OK"
03:22:45 [INFO] HTTP Request: GET https://site.api.espn.com/apis/site/v2/sports/basketball/mens-college-basketball/summary?event=401812115 "HTTP/1.1 200 OK"
03:22:55 [INFO] HTTP Request: GET https://site.api.espn.com/apis/site/v2/sports/basketball/mens-college-basketball/summary?event=401812119 "HTTP/1.1 200 OK"
03:23:06 [INFO] HTTP Request: GET https://site.api.espn.com/apis/site/v2/sports/basketball/mens-college-basketball/summary?event=401812124 "HTTP/1.1 200 OK"
03:23:17 [INFO] HTTP Request: GET https://site.api.espn.com/apis/site/v2/sports/basketball/mens-college-basketball/summary?event=401812126 "HTTP/1.1 200 OK"
03:23:27 [INFO] HTTP Request: GET https://site.api.espn.com/apis/site/v2/sports/basketball/mens-college-basketball/summary?event=401812131 "HTTP/1.1 200 OK"
03:23:38 [INFO] HTTP Request: GET https://site.api.espn.com/apis/site/v2/sports/basketball/mens-college-basketball/summary?event=401812138 "HTTP/1.1 200 OK"
03:23:48 [INFO] HTTP Request: GET https://site.api.espn.com/apis/site/v2/sports/basketball/mens-college-basketball/summary?event=401812145 "HTTP/1.1 200 OK"
03:23:58 [INFO] HTTP Request: GET https://site.api.espn.com/apis/site/v2/sports/basketball/mens-college-basketball/summary?event=401812147 "HTTP/1.1 200 OK"
03:24:09 [INFO] HTTP Request: GET https://site.api.espn.com/apis/site/v2/sports/basketball/mens-college-basketball/summary?event=401812151 "HTTP/1.1 200 OK"
03:24:19 [INFO] HTTP Request: GET https://site.api.espn.com/apis/site/v2/sports/basketball/mens-college-basketball/summary?event=401812157 "HTTP/1.1 200 OK"
03:24:30 [INFO] HTTP Request: GET https://site.api.espn.com/apis/site/v2/sports/basketball/mens-college-basketball/summary?event=401812164 "HTTP/1.1 200 OK"
03:24:30 [INFO]   Loaded: 28 games, 542 player-game-stat rows
03:24:30 [INFO] 
[4/9] NJIT Highlanders
03:24:30 [INFO] Scraping team: NJIT Highlanders (ESPN #2885)
03:24:40 [INFO] HTTP Request: GET https://site.api.espn.com/apis/site/v2/sports/basketball/mens-college-basketball/teams/2885/schedule?season=2026 "HTTP/1.1 200 OK"
03:24:40 [INFO]   Schedule: 29 completed games
03:24:50 [INFO] HTTP Request: GET https://site.api.espn.com/apis/site/v2/sports/basketball/mens-college-basketball/summary?event=401822165 "HTTP/1.1 200 OK"
03:25:01 [INFO] HTTP Request: GET https://site.api.espn.com/apis/site/v2/sports/basketball/mens-college-basketball/summary?event=401823188 "HTTP/1.1 200 OK"
03:25:11 [INFO] HTTP Request: GET https://site.api.espn.com/apis/site/v2/sports/basketball/mens-college-basketball/summary?event=401820184 "HTTP/1.1 200 OK"
03:25:22 [INFO] HTTP Request: GET https://site.api.espn.com/apis/site/v2/sports/basketball/mens-college-basketball/summary?event=401812285 "HTTP/1.1 200 OK"
03:25:32 [INFO] HTTP Request: GET https://site.api.espn.com/apis/site/v2/sports/basketball/mens-college-basketball/summary?event=401827513 "HTTP/1.1 200 OK"
03:25:43 [INFO] HTTP Request: GET https://site.api.espn.com/apis/site/v2/sports/basketball/mens-college-basketball/summary?event=401820152 "HTTP/1.1 200 OK"
03:25:53 [INFO] HTTP Request: GET https://site.api.espn.com/apis/site/v2/sports/basketball/mens-college-basketball/summary?event=401819844 "HTTP/1.1 200 OK"
03:26:03 [INFO] HTTP Request: GET https://site.api.espn.com/apis/site/v2/sports/basketball/mens-college-basketball/summary?event=401817245 "HTTP/1.1 200 OK"
03:26:13 [INFO] HTTP Request: GET https://site.api.espn.com/apis/site/v2/sports/basketball/mens-college-basketball/summary?event=401827755 "HTTP/1.1 200 OK"
03:26:24 [INFO] HTTP Request: GET https://site.api.espn.com/apis/site/v2/sports/basketball/mens-college-basketball/summary?event=401826979 "HTTP/1.1 200 OK"
03:26:34 [INFO] HTTP Request: GET https://site.api.espn.com/apis/site/v2/sports/basketball/mens-college-basketball/summary?event=401828685 "HTTP/1.1 200 OK"
03:26:45 [INFO] HTTP Request: GET https://site.api.espn.com/apis/site/v2/sports/basketball/mens-college-basketball/summary?event=401823727 "HTTP/1.1 200 OK"
03:26:55 [INFO] HTTP Request: GET https://site.api.espn.com/apis/site/v2/sports/basketball/mens-college-basketball/summary?event=401820830 "HTTP/1.1 200 OK"
03:27:06 [INFO] HTTP Request: GET https://site.api.espn.com/apis/site/v2/sports/basketball/mens-college-basketball/summary?event=401830112 "HTTP/1.1 200 OK"
03:27:16 [INFO] HTTP Request: GET https://site.api.espn.com/apis/site/v2/sports/basketball/mens-college-basketball/summary?event=401812584 "HTTP/1.1 200 OK"
03:27:26 [INFO] HTTP Request: GET https://site.api.espn.com/apis/site/v2/sports/basketball/mens-college-basketball/summary?event=401812108 "HTTP/1.1 200 OK"
03:27:37 [INFO] HTTP Request: GET https://site.api.espn.com/apis/site/v2/sports/basketball/mens-college-basketball/summary?event=401812113 "HTTP/1.1 200 OK"
03:27:47 [INFO] HTTP Request: GET https://site.api.espn.com/apis/site/v2/sports/basketball/mens-college-basketball/summary?event=401812115 "HTTP/1.1 200 OK"
03:27:58 [INFO] HTTP Request: GET https://site.api.espn.com/apis/site/v2/sports/basketball/mens-college-basketball/summary?event=401812121 "HTTP/1.1 200 OK"
03:28:08 [INFO] HTTP Request: GET https://site.api.espn.com/apis/site/v2/sports/basketball/mens-college-basketball/summary?event=401812122 "HTTP/1.1 200 OK"
03:28:19 [INFO] HTTP Request: GET https://site.api.espn.com/apis/site/v2/sports/basketball/mens-college-basketball/summary?event=401812128 "HTTP/1.1 200 OK"
03:28:29 [INFO] HTTP Request: GET https://site.api.espn.com/apis/site/v2/sports/basketball/mens-college-basketball/summary?event=401812137 "HTTP/1.1 200 OK"
03:28:39 [INFO] HTTP Request: GET https://site.api.espn.com/apis/site/v2/sports/basketball/mens-college-basketball/summary?event=401812141 "HTTP/1.1 200 OK"
03:28:50 [INFO] HTTP Request: GET https://site.api.espn.com/apis/site/v2/sports/basketball/mens-college-basketball/summary?event=401812144 "HTTP/1.1 200 OK"
03:29:00 [INFO] HTTP Request: GET https://site.api.espn.com/apis/site/v2/sports/basketball/mens-college-basketball/summary?event=401812146 "HTTP/1.1 200 OK"
03:29:11 [INFO] HTTP Request: GET https://site.api.espn.com/apis/site/v2/sports/basketball/mens-college-basketball/summary?event=401812152 "HTTP/1.1 200 OK"
03:29:21 [INFO] HTTP Request: GET https://site.api.espn.com/apis/site/v2/sports/basketball/mens-college-basketball/summary?event=401812157 "HTTP/1.1 200 OK"
03:29:32 [INFO] HTTP Request: GET https://site.api.espn.com/apis/site/v2/sports/basketball/mens-college-basketball/summary?event=401812158 "HTTP/1.1 200 OK"
03:29:42 [INFO] HTTP Request: GET https://site.api.espn.com/apis/site/v2/sports/basketball/mens-college-basketball/summary?event=401812165 "HTTP/1.1 200 OK"
03:29:42 [INFO]   Loaded: 29 games, 594 player-game-stat rows
03:29:42 [INFO] 
[5/9] New Hampshire Wildcats
03:29:42 [INFO] Scraping team: New Hampshire Wildcats (ESPN #160)
03:29:52 [INFO] HTTP Request: GET https://site.api.espn.com/apis/site/v2/sports/basketball/mens-college-basketball/teams/160/schedule?season=2026 "HTTP/1.1 200 OK"
03:29:52 [INFO]   Schedule: 26 completed games
03:30:03 [INFO] HTTP Request: GET https://site.api.espn.com/apis/site/v2/sports/basketball/mens-college-basketball/summary?event=401812916 "HTTP/1.1 200 OK"
03:30:13 [INFO] HTTP Request: GET https://site.api.espn.com/apis/site/v2/sports/basketball/mens-college-basketball/summary?event=401826757 "HTTP/1.1 200 OK"
03:30:23 [INFO] HTTP Request: GET https://site.api.espn.com/apis/site/v2/sports/basketball/mens-college-basketball/summary?event=401812600 "HTTP/1.1 200 OK"
03:30:34 [INFO] HTTP Request: GET https://site.api.espn.com/apis/site/v2/sports/basketball/mens-college-basketball/summary?event=401826758 "HTTP/1.1 200 OK"
03:30:44 [INFO] HTTP Request: GET https://site.api.espn.com/apis/site/v2/sports/basketball/mens-college-basketball/summary?event=401826700 "HTTP/1.1 200 OK"
03:30:55 [INFO] HTTP Request: GET https://site.api.espn.com/apis/site/v2/sports/basketball/mens-college-basketball/summary?event=401826759 "HTTP/1.1 200 OK"
03:31:06 [INFO] HTTP Request: GET https://site.api.espn.com/apis/site/v2/sports/basketball/mens-college-basketball/summary?event=401818553 "HTTP/1.1 200 OK"
03:31:16 [INFO] HTTP Request: GET https://site.api.espn.com/apis/site/v2/sports/basketball/mens-college-basketball/summary?event=401823191 "HTTP/1.1 200 OK"
03:31:27 [INFO] HTTP Request: GET https://site.api.espn.com/apis/site/v2/sports/basketball/mens-college-basketball/summary?event=401827267 "HTTP/1.1 200 OK"
03:31:37 [INFO] HTTP Request: GET https://site.api.espn.com/apis/site/v2/sports/basketball/mens-college-basketball/summary?event=401824361 "HTTP/1.1 200 OK"
03:31:48 [INFO] HTTP Request: GET https://site.api.espn.com/apis/site/v2/sports/basketball/mens-college-basketball/summary?event=401822354 "HTTP/1.1 200 OK"
03:31:58 [INFO] HTTP Request: GET https://site.api.espn.com/apis/site/v2/sports/basketball/mens-college-basketball/summary?event=401817192 "HTTP/1.1 200 OK"
03:32:09 [INFO] HTTP Request: GET https://site.api.espn.com/apis/site/v2/sports/basketball/mens-college-basketball/summary?event=401826776 "HTTP/1.1 200 OK"
03:32:19 [INFO] HTTP Request: GET https://site.api.espn.com/apis/site/v2/sports/basketball/mens-college-basketball/summary?event=401812109 "HTTP/1.1 200 OK"
03:32:29 [INFO] HTTP Request: GET https://site.api.espn.com/apis/site/v2/sports/basketball/mens-college-basketball/summary?event=401812113 "HTTP/1.1 200 OK"
03:32:40 [INFO] HTTP Request: GET https://site.api.espn.com/apis/site/v2/sports/basketball/mens-college-basketball/summary?event=401812117 "HTTP/1.1 200 OK"
03:32:50 [INFO] HTTP Request: GET https://site.api.espn.com/apis/site/v2/sports/basketball/mens-college-basketball/summary?event=401812124 "HTTP/1.1 200 OK"
03:33:00 [INFO] HTTP Request: GET https://site.api.espn.com/apis/site/v2/sports/basketball/mens-college-basketball/summary?event=401812127 "HTTP/1.1 200 OK"
03:33:11 [INFO] HTTP Request: GET https://site.api.espn.com/apis/site/v2/sports/basketball/mens-college-basketball/summary?event=401812130 "HTTP/1.1 200 OK"
03:33:21 [INFO] HTTP Request: GET https://site.api.espn.com/apis/site/v2/sports/basketball/mens-college-basketball/summary?event=401812136 "HTTP/1.1 200 OK"
03:33:32 [INFO] HTTP Request: GET https://site.api.espn.com/apis/site/v2/sports/basketball/mens-college-basketball/summary?event=401812140 "HTTP/1.1 200 OK"
03:33:42 [INFO] HTTP Request: GET https://site.api.espn.com/apis/site/v2/sports/basketball/mens-college-basketball/summary?event=401812149 "HTTP/1.1 200 OK"
03:33:52 [INFO] HTTP Request: GET https://site.api.espn.com/apis/site/v2/sports/basketball/mens-college-basketball/summary?event=401812152 "HTTP/1.1 200 OK"
03:34:03 [INFO] HTTP Request: GET https://site.api.espn.com/apis/site/v2/sports/basketball/mens-college-basketball/summary?event=401812156 "HTTP/1.1 200 OK"
03:34:13 [INFO] HTTP Request: GET https://site.api.espn.com/apis/site/v2/sports/basketball/mens-college-basketball/summary?event=401812160 "HTTP/1.1 200 OK"
03:34:24 [INFO] HTTP Request: GET https://site.api.espn.com/apis/site/v2/sports/basketball/mens-college-basketball/summary?event=401812164 "HTTP/1.1 200 OK"
03:34:24 [INFO]   Loaded: 26 games, 541 player-game-stat rows
03:34:24 [INFO] 
[6/9] UAlbany Great Danes
03:34:24 [INFO] Scraping team: UAlbany Great Danes (ESPN #399)
03:34:34 [INFO] HTTP Request: GET https://site.api.espn.com/apis/site/v2/sports/basketball/mens-college-basketball/teams/399/schedule?season=2026 "HTTP/1.1 200 OK"
03:34:34 [INFO]   Schedule: 28 completed games
03:34:45 [INFO] HTTP Request: GET https://site.api.espn.com/apis/site/v2/sports/basketball/mens-college-basketball/summary?event=401823020 "HTTP/1.1 200 OK"
03:34:55 [INFO] HTTP Request: GET https://site.api.espn.com/apis/site/v2/sports/basketball/mens-college-basketball/summary?event=401827757 "HTTP/1.1 200 OK"
03:35:06 [INFO] HTTP Request: GET https://site.api.espn.com/apis/site/v2/sports/basketball/mens-college-basketball/summary?event=401828267 "HTTP/1.1 200 OK"
03:35:16 [INFO] HTTP Request: GET https://site.api.espn.com/apis/site/v2/sports/basketball/mens-college-basketball/summary?event=401817166 "HTTP/1.1 200 OK"
03:35:27 [INFO] HTTP Request: GET https://site.api.espn.com/apis/site/v2/sports/basketball/mens-college-basketball/summary?event=401828268 "HTTP/1.1 200 OK"
03:35:37 [INFO] HTTP Request: GET https://site.api.espn.com/apis/site/v2/sports/basketball/mens-college-basketball/summary?event=401822834 "HTTP/1.1 200 OK"
03:35:48 [INFO] HTTP Request: GET https://site.api.espn.com/apis/site/v2/sports/basketball/mens-college-basketball/summary?event=401828269 "HTTP/1.1 200 OK"
03:35:58 [INFO] HTTP Request: GET https://site.api.espn.com/apis/site/v2/sports/basketball/mens-college-basketball/summary?event=401828270 "HTTP/1.1 200 OK"
03:36:09 [INFO] HTTP Request: GET https://site.api.espn.com/apis/site/v2/sports/basketball/mens-college-basketball/summary?event=401828271 "HTTP/1.1 200 OK"
03:36:19 [INFO] HTTP Request: GET https://site.api.espn.com/apis/site/v2/sports/basketball/mens-college-basketball/summary?event=401818535 "HTTP/1.1 200 OK"
03:36:29 [INFO] HTTP Request: GET https://site.api.espn.com/apis/site/v2/sports/basketball/mens-college-basketball/summary?event=401818306 "HTTP/1.1 200 OK"
03:36:40 [INFO] HTTP Request: GET https://site.api.espn.com/apis/site/v2/sports/basketball/mens-college-basketball/summary?event=401826795 "HTTP/1.1 200 OK"
03:36:50 [INFO] HTTP Request: GET https://site.api.espn.com/apis/site/v2/sports/basketball/mens-college-basketball/summary?event=401827496 "HTTP/1.1 200 OK"
03:37:00 [INFO] HTTP Request: GET https://site.api.espn.com/apis/site/v2/sports/basketball/mens-college-basketball/summary?event=401828272 "HTTP/1.1 200 OK"
03:37:11 [INFO] HTTP Request: GET https://site.api.espn.com/apis/site/v2/sports/basketball/mens-college-basketball/summary?event=401828273 "HTTP/1.1 200 OK"
03:37:21 [INFO] HTTP Request: GET https://site.api.espn.com/apis/site/v2/sports/basketball/mens-college-basketball/summary?event=401812106 "HTTP/1.1 200 OK"
03:37:32 [INFO] HTTP Request: GET https://site.api.espn.com/apis/site/v2/sports/basketball/mens-college-basketball/summary?event=401812114 "HTTP/1.1 200 OK"
03:37:42 [INFO] HTTP Request: GET https://site.api.espn.com/apis/site/v2/sports/basketball/mens-college-basketball/summary?event=401812118 "HTTP/1.1 200 OK"
03:37:52 [INFO] HTTP Request: GET https://site.api.espn.com/apis/site/v2/sports/basketball/mens-college-basketball/summary?event=401812125 "HTTP/1.1 200 OK"
03:38:03 [INFO] HTTP Request: GET https://site.api.espn.com/apis/site/v2/sports/basketball/mens-college-basketball/summary?event=401812126 "HTTP/1.1 200 OK"
03:38:13 [INFO] HTTP Request: GET https://site.api.espn.com/apis/site/v2/sports/basketball/mens-college-basketball/summary?event=401812130 "HTTP/1.1 200 OK"
03:38:23 [INFO] HTTP Request: GET https://site.api.espn.com/apis/site/v2/sports/basketball/mens-college-basketball/summary?event=401812137 "HTTP/1.1 200 OK"
03:38:33 [INFO] HTTP Request: GET https://site.api.espn.com/apis/site/v2/sports/basketball/mens-college-basketball/summary?event=401812139 "HTTP/1.1 200 OK"
03:38:44 [INFO] HTTP Request: GET https://site.api.espn.com/apis/site/v2/sports/basketball/mens-college-basketball/summary?event=401812142 "HTTP/1.1 200 OK"
03:38:54 [INFO] HTTP Request: GET https://site.api.espn.com/apis/site/v2/sports/basketball/mens-college-basketball/summary?event=401812148 "HTTP/1.1 200 OK"
03:39:04 [INFO] HTTP Request: GET https://site.api.espn.com/apis/site/v2/sports/basketball/mens-college-basketball/summary?event=401812154 "HTTP/1.1 200 OK"
03:39:15 [INFO] HTTP Request: GET https://site.api.espn.com/apis/site/v2/sports/basketball/mens-college-basketball/summary?event=401812158 "HTTP/1.1 200 OK"
03:39:25 [INFO] HTTP Request: GET https://site.api.espn.com/apis/site/v2/sports/basketball/mens-college-basketball/summary?event=401812162 "HTTP/1.1 200 OK"
03:39:25 [INFO]   Loaded: 28 games, 550 player-game-stat rows
03:39:25 [INFO] 
[7/9] UMBC Retrievers
03:39:25 [INFO] Scraping team: UMBC Retrievers (ESPN #2378)
03:39:35 [INFO] HTTP Request: GET https://site.api.espn.com/apis/site/v2/sports/basketball/mens-college-basketball/teams/2378/schedule?season=2026 "HTTP/1.1 200 OK"
03:39:35 [INFO]   Schedule: 26 completed games
03:39:45 [INFO] HTTP Request: GET https://site.api.espn.com/apis/site/v2/sports/basketball/mens-college-basketball/summary?event=401826052 "HTTP/1.1 200 OK"
03:39:56 [INFO] HTTP Request: GET https://site.api.espn.com/apis/site/v2/sports/basketball/mens-college-basketball/summary?event=401813435 "HTTP/1.1 200 OK"
03:40:06 [INFO] HTTP Request: GET https://site.api.espn.com/apis/site/v2/sports/basketball/mens-college-basketball/summary?event=401813274 "HTTP/1.1 200 OK"
03:40:16 [INFO] HTTP Request: GET https://site.api.espn.com/apis/site/v2/sports/basketball/mens-college-basketball/summary?event=401826053 "HTTP/1.1 200 OK"
03:40:27 [INFO] HTTP Request: GET https://site.api.espn.com/apis/site/v2/sports/basketball/mens-college-basketball/summary?event=401817145 "HTTP/1.1 200 OK"
03:40:37 [INFO] HTTP Request: GET https://site.api.espn.com/apis/site/v2/sports/basketball/mens-college-basketball/summary?event=401826054 "HTTP/1.1 200 OK"
03:40:47 [INFO] HTTP Request: GET https://site.api.espn.com/apis/site/v2/sports/basketball/mens-college-basketball/summary?event=401826055 "HTTP/1.1 200 OK"
03:40:58 [INFO] HTTP Request: GET https://site.api.espn.com/apis/site/v2/sports/basketball/mens-college-basketball/summary?event=401822726 "HTTP/1.1 200 OK"
03:41:08 [INFO] HTTP Request: GET https://site.api.espn.com/apis/site/v2/sports/basketball/mens-college-basketball/summary?event=401809081 "HTTP/1.1 200 OK"
03:41:18 [INFO] HTTP Request: GET https://site.api.espn.com/apis/site/v2/sports/basketball/mens-college-basketball/summary?event=401823432 "HTTP/1.1 200 OK"
03:41:29 [INFO] HTTP Request: GET https://site.api.espn.com/apis/site/v2/sports/basketball/mens-college-basketball/summary?event=401826056 "HTTP/1.1 200 OK"
03:41:40 [INFO] HTTP Request: GET https://site.api.espn.com/apis/site/v2/sports/basketball/mens-college-basketball/summary?event=401826057 "HTTP/1.1 200 OK"
03:41:50 [INFO] HTTP Request: GET https://site.api.espn.com/apis/site/v2/sports/basketball/mens-college-basketball/summary?event=401822766 "HTTP/1.1 200 OK"
03:42:00 [INFO] HTTP Request: GET https://site.api.espn.com/apis/site/v2/sports/basketball/mens-college-basketball/summary?event=401812111 "HTTP/1.1 200 OK"
03:42:11 [INFO] HTTP Request: GET https://site.api.espn.com/apis/site/v2/sports/basketball/mens-college-basketball/summary?event=401812117 "HTTP/1.1 200 OK"
03:42:21 [INFO] HTTP Request: GET https://site.api.espn.com/apis/site/v2/sports/basketball/mens-college-basketball/summary?event=401812120 "HTTP/1.1 200 OK"
03:42:31 [INFO] HTTP Request: GET https://site.api.espn.com/apis/site/v2/sports/basketball/mens-college-basketball/summary?event=401812123 "HTTP/1.1 200 OK"
03:42:41 [INFO] HTTP Request: GET https://site.api.espn.com/apis/site/v2/sports/basketball/mens-college-basketball/summary?event=401812128 "HTTP/1.1 200 OK"
03:42:52 [INFO] HTTP Request: GET https://site.api.espn.com/apis/site/v2/sports/basketball/mens-college-basketball/summary?event=401812132 "HTTP/1.1 200 OK"
03:43:03 [INFO] HTTP Request: GET https://site.api.espn.com/apis/site/v2/sports/basketball/mens-college-basketball/summary?event=401812135 "HTTP/1.1 200 OK"
03:43:13 [INFO] HTTP Request: GET https://site.api.espn.com/apis/site/v2/sports/basketball/mens-college-basketball/summary?event=401812139 "HTTP/1.1 200 OK"
03:43:24 [INFO] HTTP Request: GET https://site.api.espn.com/apis/site/v2/sports/basketball/mens-college-basketball/summary?event=401812143 "HTTP/1.1 200 OK"
03:43:34 [INFO] HTTP Request: GET https://site.api.espn.com/apis/site/v2/sports/basketball/mens-college-basketball/summary?event=401812151 "HTTP/1.1 200 OK"
03:43:45 [INFO] HTTP Request: GET https://site.api.espn.com/apis/site/v2/sports/basketball/mens-college-basketball/summary?event=401812156 "HTTP/1.1 200 OK"
03:43:55 [INFO] HTTP Request: GET https://site.api.espn.com/apis/site/v2/sports/basketball/mens-college-basketball/summary?event=401812161 "HTTP/1.1 200 OK"
03:44:05 [INFO] HTTP Request: GET https://site.api.espn.com/apis/site/v2/sports/basketball/mens-college-basketball/summary?event=401812162 "HTTP/1.1 200 OK"
03:44:05 [INFO]   Loaded: 26 games, 516 player-game-stat rows
03:44:05 [INFO] 
[8/9] UMass Lowell River Hawks
03:44:05 [INFO] Scraping team: UMass Lowell River Hawks (ESPN #2349)
03:44:15 [INFO] HTTP Request: GET https://site.api.espn.com/apis/site/v2/sports/basketball/mens-college-basketball/teams/2349/schedule?season=2026 "HTTP/1.1 200 OK"
03:44:16 [INFO]   Schedule: 28 completed games
03:44:26 [INFO] HTTP Request: GET https://site.api.espn.com/apis/site/v2/sports/basketball/mens-college-basketball/summary?event=401826760 "HTTP/1.1 200 OK"
03:44:36 [INFO] HTTP Request: GET https://site.api.espn.com/apis/site/v2/sports/basketball/mens-college-basketball/summary?event=401812786 "HTTP/1.1 200 OK"
03:44:47 [INFO] HTTP Request: GET https://site.api.espn.com/apis/site/v2/sports/basketball/mens-college-basketball/summary?event=401826761 "HTTP/1.1 200 OK"
03:44:57 [INFO] HTTP Request: GET https://site.api.espn.com/apis/site/v2/sports/basketball/mens-college-basketball/summary?event=401818368 "HTTP/1.1 200 OK"
03:45:08 [INFO] HTTP Request: GET https://site.api.espn.com/apis/site/v2/sports/basketball/mens-college-basketball/summary?event=401817530 "HTTP/1.1 200 OK"
03:45:18 [INFO] HTTP Request: GET https://site.api.espn.com/apis/site/v2/sports/basketball/mens-college-basketball/summary?event=401826762 "HTTP/1.1 200 OK"
03:45:29 [INFO] HTTP Request: GET https://site.api.espn.com/apis/site/v2/sports/basketball/mens-college-basketball/summary?event=401826763 "HTTP/1.1 200 OK"
03:45:39 [INFO] HTTP Request: GET https://site.api.espn.com/apis/site/v2/sports/basketball/mens-college-basketball/summary?event=401822352 "HTTP/1.1 200 OK"
03:45:49 [INFO] HTTP Request: GET https://site.api.espn.com/apis/site/v2/sports/basketball/mens-college-basketball/summary?event=401831275 "HTTP/1.1 200 OK"
03:46:00 [INFO] HTTP Request: GET https://site.api.espn.com/apis/site/v2/sports/basketball/mens-college-basketball/summary?event=401826764 "HTTP/1.1 200 OK"
03:46:10 [INFO] HTTP Request: GET https://site.api.espn.com/apis/site/v2/sports/basketball/mens-college-basketball/summary?event=401826765 "HTTP/1.1 200 OK"
03:46:20 [INFO] HTTP Request: GET https://site.api.espn.com/apis/site/v2/sports/basketball/mens-college-basketball/summary?event=401820584 "HTTP/1.1 200 OK"
03:46:31 [INFO] HTTP Request: GET https://site.api.espn.com/apis/site/v2/sports/basketball/mens-college-basketball/summary?event=401823728 "HTTP/1.1 200 OK"
03:46:41 [INFO] HTTP Request: GET https://site.api.espn.com/apis/site/v2/sports/basketball/mens-college-basketball/summary?event=401824363 "HTTP/1.1 200 OK"
03:46:52 [INFO] HTTP Request: GET https://site.api.espn.com/apis/site/v2/sports/basketball/mens-college-basketball/summary?event=401823651 "HTTP/1.1 200 OK"
03:47:02 [INFO] HTTP Request: GET https://site.api.espn.com/apis/site/v2/sports/basketball/mens-college-basketball/summary?event=401812106 "HTTP/1.1 200 OK"
03:47:12 [INFO] HTTP Request: GET https://site.api.espn.com/apis/site/v2/sports/basketball/mens-college-basketball/summary?event=401812112 "HTTP/1.1 200 OK"
03:47:23 [INFO] HTTP Request: GET https://site.api.espn.com/apis/site/v2/sports/basketball/mens-college-basketball/summary?event=401812116 "HTTP/1.1 200 OK"
03:47:33 [INFO] HTTP Request: GET https://site.api.espn.com/apis/site/v2/sports/basketball/mens-college-basketball/summary?event=401812121 "HTTP/1.1 200 OK"
03:47:43 [INFO] HTTP Request: GET https://site.api.espn.com/apis/site/v2/sports/basketball/mens-college-basketball/summary?event=401812129 "HTTP/1.1 200 OK"
03:47:53 [INFO] HTTP Request: GET https://site.api.espn.com/apis/site/v2/sports/basketball/mens-college-basketball/summary?event=401812132 "HTTP/1.1 200 OK"
03:48:04 [INFO] HTTP Request: GET https://site.api.espn.com/apis/site/v2/sports/basketball/mens-college-basketball/summary?event=401812136 "HTTP/1.1 200 OK"
03:48:14 [INFO] HTTP Request: GET https://site.api.espn.com/apis/site/v2/sports/basketball/mens-college-basketball/summary?event=401812138 "HTTP/1.1 200 OK"
03:48:25 [INFO] HTTP Request: GET https://site.api.espn.com/apis/site/v2/sports/basketball/mens-college-basketball/summary?event=401812144 "HTTP/1.1 200 OK"
03:48:35 [INFO] HTTP Request: GET https://site.api.espn.com/apis/site/v2/sports/basketball/mens-college-basketball/summary?event=401812148 "HTTP/1.1 200 OK"
03:48:46 [INFO] HTTP Request: GET https://site.api.espn.com/apis/site/v2/sports/basketball/mens-college-basketball/summary?event=401812150 "HTTP/1.1 200 OK"
03:48:56 [INFO] HTTP Request: GET https://site.api.espn.com/apis/site/v2/sports/basketball/mens-college-basketball/summary?event=401812160 "HTTP/1.1 200 OK"
03:49:07 [INFO] HTTP Request: GET https://site.api.espn.com/apis/site/v2/sports/basketball/mens-college-basketball/summary?event=401812163 "HTTP/1.1 200 OK"
03:49:07 [INFO]   Loaded: 28 games, 561 player-game-stat rows
03:49:07 [INFO] 
[9/9] Vermont Catamounts
03:49:07 [INFO] Scraping team: Vermont Catamounts (ESPN #261)
03:49:17 [INFO] HTTP Request: GET https://site.api.espn.com/apis/site/v2/sports/basketball/mens-college-basketball/teams/261/schedule?season=2026 "HTTP/1.1 200 OK"
03:49:17 [INFO]   Schedule: 29 completed games
03:49:27 [INFO] HTTP Request: GET https://site.api.espn.com/apis/site/v2/sports/basketball/mens-college-basketball/summary?event=401826766 "HTTP/1.1 200 OK"
03:49:38 [INFO] HTTP Request: GET https://site.api.espn.com/apis/site/v2/sports/basketball/mens-college-basketball/summary?event=401826767 "HTTP/1.1 200 OK"
03:49:48 [INFO] HTTP Request: GET https://site.api.espn.com/apis/site/v2/sports/basketball/mens-college-basketball/summary?event=401818548 "HTTP/1.1 200 OK"
03:49:58 [INFO] HTTP Request: GET https://site.api.espn.com/apis/site/v2/sports/basketball/mens-college-basketball/summary?event=401826768 "HTTP/1.1 200 OK"
03:50:08 [INFO] HTTP Request: GET https://site.api.espn.com/apis/site/v2/sports/basketball/mens-college-basketball/summary?event=401823429 "HTTP/1.1 200 OK"
03:50:19 [INFO] HTTP Request: GET https://site.api.espn.com/apis/site/v2/sports/basketball/mens-college-basketball/summary?event=401809393 "HTTP/1.1 200 OK"
03:50:30 [INFO] HTTP Request: GET https://site.api.espn.com/apis/site/v2/sports/basketball/mens-college-basketball/summary?event=401830889 "HTTP/1.1 200 OK"
03:50:40 [INFO] HTTP Request: GET https://site.api.espn.com/apis/site/v2/sports/basketball/mens-college-basketball/summary?event=401830915 "HTTP/1.1 200 OK"
03:50:50 [INFO] HTTP Request: GET https://site.api.espn.com/apis/site/v2/sports/basketball/mens-college-basketball/summary?event=401818302 "HTTP/1.1 200 OK"
03:51:01 [INFO] HTTP Request: GET https://site.api.espn.com/apis/site/v2/sports/basketball/mens-college-basketball/summary?event=401824059 "HTTP/1.1 200 OK"
03:51:11 [INFO] HTTP Request: GET https://site.api.espn.com/apis/site/v2/sports/basketball/mens-college-basketball/summary?event=401824073 "HTTP/1.1 200 OK"
03:51:21 [INFO] HTTP Request: GET https://site.api.espn.com/apis/site/v2/sports/basketball/mens-college-basketball/summary?event=401826769 "HTTP/1.1 200 OK"
03:51:32 [INFO] HTTP Request: GET https://site.api.espn.com/apis/site/v2/sports/basketball/mens-college-basketball/summary?event=401822837 "HTTP/1.1 200 OK"
03:51:42 [INFO] HTTP Request: GET https://site.api.espn.com/apis/site/v2/sports/basketball/mens-college-basketball/summary?event=401824310 "HTTP/1.1 200 OK"
03:51:52 [INFO] HTTP Request: GET https://site.api.espn.com/apis/site/v2/sports/basketball/mens-college-basketball/summary?event=401826770 "HTTP/1.1 200 OK"
03:52:02 [INFO] HTTP Request: GET https://site.api.espn.com/apis/site/v2/sports/basketball/mens-college-basketball/summary?event=401812109 "HTTP/1.1 200 OK"
03:52:13 [INFO] HTTP Request: GET https://site.api.espn.com/apis/site/v2/sports/basketball/mens-college-basketball/summary?event=401812110 "HTTP/1.1 200 OK"
03:52:23 [INFO] HTTP Request: GET https://site.api.espn.com/apis/site/v2/sports/basketball/mens-college-basketball/summary?event=401812119 "HTTP/1.1 200 OK"
03:52:34 [INFO] HTTP Request: GET https://site.api.espn.com/apis/site/v2/sports/basketball/mens-college-basketball/summary?event=401812125 "HTTP/1.1 200 OK"
03:52:44 [INFO] HTTP Request: GET https://site.api.espn.com/apis/site/v2/sports/basketball/mens-college-basketball/summary?event=401812129 "HTTP/1.1 200 OK"
03:52:55 [INFO] HTTP Request: GET https://site.api.espn.com/apis/site/v2/sports/basketball/mens-college-basketball/summary?event=401812133 "HTTP/1.1 200 OK"
03:53:05 [INFO] HTTP Request: GET https://site.api.espn.com/apis/site/v2/sports/basketball/mens-college-basketball/summary?event=401812135 "HTTP/1.1 200 OK"
03:53:15 [INFO] HTTP Request: GET https://site.api.espn.com/apis/site/v2/sports/basketball/mens-college-basketball/summary?event=401812141 "HTTP/1.1 200 OK"
03:53:26 [INFO] HTTP Request: GET https://site.api.espn.com/apis/site/v2/sports/basketball/mens-college-basketball/summary?event=401812145 "HTTP/1.1 200 OK"
03:53:36 [INFO] HTTP Request: GET https://site.api.espn.com/apis/site/v2/sports/basketball/mens-college-basketball/summary?event=401812149 "HTTP/1.1 200 OK"
03:53:47 [INFO] HTTP Request: GET https://site.api.espn.com/apis/site/v2/sports/basketball/mens-college-basketball/summary?event=401812153 "HTTP/1.1 200 OK"
03:53:58 [INFO] HTTP Request: GET https://site.api.espn.com/apis/site/v2/sports/basketball/mens-college-basketball/summary?event=401812155 "HTTP/1.1 200 OK"
03:54:08 [INFO] HTTP Request: GET https://site.api.espn.com/apis/site/v2/sports/basketball/mens-college-basketball/summary?event=401812161 "HTTP/1.1 200 OK"
03:54:18 [INFO] HTTP Request: GET https://site.api.espn.com/apis/site/v2/sports/basketball/mens-college-basketball/summary?event=401812165 "HTTP/1.1 200 OK"
03:54:18 [INFO]   Loaded: 29 games, 570 player-game-stat rows
03:54:18 [INFO] 
============================================================
03:54:18 [INFO]   BATCH COMPLETE: 9 teams, 248 games, 4930 PGS rows
03:54:18 [INFO] ============================================================

============================================================
  ESPN BATCH — FINAL SUMMARY
============================================================
  Total teams:                629
  Total players:              7030
  Total games:                1747
  Total player_game_stats:    44681
============================================================
