08:30:46 [INFO] Batch: 12 NCAA D1 teams via ESPN
08:30:46 [INFO] 
[1/12] Delaware Blue Hens
08:30:46 [INFO] Scraping team: Delaware Blue Hens (ESPN #48)
08:30:46 [INFO] HTTP Request: GET https://site.api.espn.com/apis/site/v2/sports/basketball/mens-college-basketball/teams/48/schedule?season=2026 "HTTP/1.1 200 OK"
08:30:46 [INFO]   Schedule: 27 completed games
08:30:56 [INFO] HTTP Request: GET https://site.api.espn.com/apis/site/v2/sports/basketball/mens-college-basketball/summary?event=401809073 "HTTP/1.1 200 OK"
08:31:07 [INFO] HTTP Request: GET https://site.api.espn.com/apis/site/v2/sports/basketball/mens-college-basketball/summary?event=401828301 "HTTP/1.1 200 OK"
08:31:17 [INFO] HTTP Request: GET https://site.api.espn.com/apis/site/v2/sports/basketball/mens-college-basketball/summary?event=401819835 "HTTP/1.1 200 OK"
08:31:28 [INFO] HTTP Request: GET https://site.api.espn.com/apis/site/v2/sports/basketball/mens-college-basketball/summary?event=401828302 "HTTP/1.1 200 OK"
08:31:38 [INFO] HTTP Request: GET https://site.api.espn.com/apis/site/v2/sports/basketball/mens-college-basketball/summary?event=401828303 "HTTP/1.1 200 OK"
08:31:48 [INFO] HTTP Request: GET https://site.api.espn.com/apis/site/v2/sports/basketball/mens-college-basketball/summary?event=401828304 "HTTP/1.1 200 OK"
08:31:59 [INFO] HTTP Request: GET https://site.api.espn.com/apis/site/v2/sports/basketball/mens-college-basketball/summary?event=401824308 "HTTP/1.1 200 OK"
08:32:09 [INFO] HTTP Request: GET https://site.api.espn.com/apis/site/v2/sports/basketball/mens-college-basketball/summary?event=401828305 "HTTP/1.1 200 OK"
08:32:20 [INFO] HTTP Request: GET https://site.api.espn.com/apis/site/v2/sports/basketball/mens-college-basketball/summary?event=401817150 "HTTP/1.1 200 OK"
08:32:30 [INFO] HTTP Request: GET https://site.api.espn.com/apis/site/v2/sports/basketball/mens-college-basketball/summary?event=401812631 "HTTP/1.1 200 OK"
08:32:40 [INFO] HTTP Request: GET https://site.api.espn.com/apis/site/v2/sports/basketball/mens-college-basketball/summary?event=401823853 "HTTP/1.1 200 OK"
08:32:50 [INFO] HTTP Request: GET https://site.api.espn.com/apis/site/v2/sports/basketball/mens-college-basketball/summary?event=401804854 "HTTP/1.1 200 OK"
08:33:01 [INFO] HTTP Request: GET https://site.api.espn.com/apis/site/v2/sports/basketball/mens-college-basketball/summary?event=401804859 "HTTP/1.1 200 OK"
08:33:11 [INFO] HTTP Request: GET https://site.api.espn.com/apis/site/v2/sports/basketball/mens-college-basketball/summary?event=401804866 "HTTP/1.1 200 OK"
08:33:22 [INFO] HTTP Request: GET https://site.api.espn.com/apis/site/v2/sports/basketball/mens-college-basketball/summary?event=401804872 "HTTP/1.1 200 OK"
08:33:32 [INFO] HTTP Request: GET https://site.api.espn.com/apis/site/v2/sports/basketball/mens-college-basketball/summary?event=401804878 "HTTP/1.1 200 OK"
08:33:42 [INFO] HTTP Request: GET https://site.api.espn.com/apis/site/v2/sports/basketball/mens-college-basketball/summary?event=401804884 "HTTP/1.1 200 OK"
08:33:52 [INFO] HTTP Request: GET https://site.api.espn.com/apis/site/v2/sports/basketball/mens-college-basketball/summary?event=401804885 "HTTP/1.1 200 OK"
08:34:03 [INFO] HTTP Request: GET https://site.api.espn.com/apis/site/v2/sports/basketball/mens-college-basketball/summary?event=401804900 "HTTP/1.1 200 OK"
08:34:13 [INFO] HTTP Request: GET https://site.api.espn.com/apis/site/v2/sports/basketball/mens-college-basketball/summary?event=401804905 "HTTP/1.1 200 OK"
08:34:23 [INFO] HTTP Request: GET https://site.api.espn.com/apis/site/v2/sports/basketball/mens-college-basketball/summary?event=401804911 "HTTP/1.1 200 OK"
08:34:34 [INFO] HTTP Request: GET https://site.api.espn.com/apis/site/v2/sports/basketball/mens-college-basketball/summary?event=401804916 "HTTP/1.1 200 OK"
08:34:44 [INFO] HTTP Request: GET https://site.api.espn.com/apis/site/v2/sports/basketball/mens-college-basketball/summary?event=401804920 "HTTP/1.1 200 OK"
08:34:55 [INFO] HTTP Request: GET https://site.api.espn.com/apis/site/v2/sports/basketball/mens-college-basketball/summary?event=401804927 "HTTP/1.1 200 OK"
08:35:05 [INFO] HTTP Request: GET https://site.api.espn.com/apis/site/v2/sports/basketball/mens-college-basketball/summary?event=401804933 "HTTP/1.1 200 OK"
08:35:16 [INFO] HTTP Request: GET https://site.api.espn.com/apis/site/v2/sports/basketball/mens-college-basketball/summary?event=401804936 "HTTP/1.1 200 OK"
08:35:26 [INFO] HTTP Request: GET https://site.api.espn.com/apis/site/v2/sports/basketball/mens-college-basketball/summary?event=401804944 "HTTP/1.1 200 OK"
08:35:26 [INFO]   Loaded: 27 games, 491 player-game-stat rows
08:35:26 [INFO] 
[2/12] Florida International Panthers
08:35:26 [INFO] Scraping team: Florida International Panthers (ESPN #2229)
08:35:36 [INFO] HTTP Request: GET https://site.api.espn.com/apis/site/v2/sports/basketball/mens-college-basketball/teams/2229/schedule?season=2026 "HTTP/1.1 200 OK"
08:35:36 [INFO]   Schedule: 27 completed games
08:35:46 [INFO] HTTP Request: GET https://site.api.espn.com/apis/site/v2/sports/basketball/mens-college-basketball/summary?event=401829042 "HTTP/1.1 200 OK"
08:35:57 [INFO] HTTP Request: GET https://site.api.espn.com/apis/site/v2/sports/basketball/mens-college-basketball/summary?event=401827237 "HTTP/1.1 200 OK"
08:36:07 [INFO] HTTP Request: GET https://site.api.espn.com/apis/site/v2/sports/basketball/mens-college-basketball/summary?event=401829043 "HTTP/1.1 200 OK"
08:36:17 [INFO] HTTP Request: GET https://site.api.espn.com/apis/site/v2/sports/basketball/mens-college-basketball/summary?event=401829044 "HTTP/1.1 200 OK"
08:36:28 [INFO] HTTP Request: GET https://site.api.espn.com/apis/site/v2/sports/basketball/mens-college-basketball/summary?event=401829045 "HTTP/1.1 200 OK"
08:36:38 [INFO] HTTP Request: GET https://site.api.espn.com/apis/site/v2/sports/basketball/mens-college-basketball/summary?event=401829046 "HTTP/1.1 200 OK"
08:36:49 [INFO] HTTP Request: GET https://site.api.espn.com/apis/site/v2/sports/basketball/mens-college-basketball/summary?event=401823232 "HTTP/1.1 200 OK"
08:37:00 [INFO] HTTP Request: GET https://site.api.espn.com/apis/site/v2/sports/basketball/mens-college-basketball/summary?event=401823346 "HTTP/1.1 200 OK"
08:37:10 [INFO] HTTP Request: GET https://site.api.espn.com/apis/site/v2/sports/basketball/mens-college-basketball/summary?event=401809422 "HTTP/1.1 200 OK"
08:37:20 [INFO] HTTP Request: GET https://site.api.espn.com/apis/site/v2/sports/basketball/mens-college-basketball/summary?event=401812363 "HTTP/1.1 200 OK"
08:37:31 [INFO] HTTP Request: GET https://site.api.espn.com/apis/site/v2/sports/basketball/mens-college-basketball/summary?event=401829047 "HTTP/1.1 200 OK"
08:37:42 [INFO] HTTP Request: GET https://site.api.espn.com/apis/site/v2/sports/basketball/mens-college-basketball/summary?event=401804831 "HTTP/1.1 200 OK"
08:37:52 [INFO] HTTP Request: GET https://site.api.espn.com/apis/site/v2/sports/basketball/mens-college-basketball/summary?event=401804855 "HTTP/1.1 200 OK"
08:38:02 [INFO] HTTP Request: GET https://site.api.espn.com/apis/site/v2/sports/basketball/mens-college-basketball/summary?event=401804862 "HTTP/1.1 200 OK"
08:38:13 [INFO] HTTP Request: GET https://site.api.espn.com/apis/site/v2/sports/basketball/mens-college-basketball/summary?event=401804867 "HTTP/1.1 200 OK"
08:38:23 [INFO] HTTP Request: GET https://site.api.espn.com/apis/site/v2/sports/basketball/mens-college-basketball/summary?event=401804876 "HTTP/1.1 200 OK"
08:38:33 [INFO] HTTP Request: GET https://site.api.espn.com/apis/site/v2/sports/basketball/mens-college-basketball/summary?event=401804880 "HTTP/1.1 200 OK"
08:38:44 [INFO] HTTP Request: GET https://site.api.espn.com/apis/site/v2/sports/basketball/mens-college-basketball/summary?event=401804887 "HTTP/1.1 200 OK"
08:38:54 [INFO] HTTP Request: GET https://site.api.espn.com/apis/site/v2/sports/basketball/mens-college-basketball/summary?event=401804893 "HTTP/1.1 200 OK"
08:39:04 [INFO] HTTP Request: GET https://site.api.espn.com/apis/site/v2/sports/basketball/mens-college-basketball/summary?event=401804898 "HTTP/1.1 200 OK"
08:39:15 [INFO] HTTP Request: GET https://site.api.espn.com/apis/site/v2/sports/basketball/mens-college-basketball/summary?event=401804906 "HTTP/1.1 200 OK"
08:39:25 [INFO] HTTP Request: GET https://site.api.espn.com/apis/site/v2/sports/basketball/mens-college-basketball/summary?event=401804915 "HTTP/1.1 200 OK"
08:39:36 [INFO] HTTP Request: GET https://site.api.espn.com/apis/site/v2/sports/basketball/mens-college-basketball/summary?event=401804921 "HTTP/1.1 200 OK"
08:39:47 [INFO] HTTP Request: GET https://site.api.espn.com/apis/site/v2/sports/basketball/mens-college-basketball/summary?event=401804927 "HTTP/1.1 200 OK"
08:39:57 [INFO] HTTP Request: GET https://site.api.espn.com/apis/site/v2/sports/basketball/mens-college-basketball/summary?event=401804930 "HTTP/1.1 200 OK"
08:40:07 [INFO] HTTP Request: GET https://site.api.espn.com/apis/site/v2/sports/basketball/mens-college-basketball/summary?event=401804938 "HTTP/1.1 200 OK"
08:40:17 [INFO] HTTP Request: GET https://site.api.espn.com/apis/site/v2/sports/basketball/mens-college-basketball/summary?event=401804943 "HTTP/1.1 200 OK"
08:40:17 [INFO]   Loaded: 27 games, 550 player-game-stat rows
08:40:17 [INFO] 
[3/12] Jacksonville State Gamecocks
08:40:17 [INFO] Scraping team: Jacksonville State Gamecocks (ESPN #55)
08:40:28 [INFO] HTTP Request: GET https://site.api.espn.com/apis/site/v2/sports/basketball/mens-college-basketball/teams/55/schedule?season=2026 "HTTP/1.1 200 OK"
08:40:28 [INFO]   Schedule: 27 completed games
08:40:38 [INFO] HTTP Request: GET https://site.api.espn.com/apis/site/v2/sports/basketball/mens-college-basketball/summary?event=401828306 "HTTP/1.1 200 OK"
08:40:48 [INFO] HTTP Request: GET https://site.api.espn.com/apis/site/v2/sports/basketball/mens-college-basketball/summary?event=401828307 "HTTP/1.1 200 OK"
08:40:59 [INFO] HTTP Request: GET https://site.api.espn.com/apis/site/v2/sports/basketball/mens-college-basketball/summary?event=401828308 "HTTP/1.1 200 OK"
08:41:09 [INFO] HTTP Request: GET https://site.api.espn.com/apis/site/v2/sports/basketball/mens-college-basketball/summary?event=401828309 "HTTP/1.1 200 OK"
08:41:20 [INFO] HTTP Request: GET https://site.api.espn.com/apis/site/v2/sports/basketball/mens-college-basketball/summary?event=401828310 "HTTP/1.1 200 OK"
08:41:30 [INFO] HTTP Request: GET https://site.api.espn.com/apis/site/v2/sports/basketball/mens-college-basketball/summary?event=401828311 "HTTP/1.1 200 OK"
08:41:41 [INFO] HTTP Request: GET https://site.api.espn.com/apis/site/v2/sports/basketball/mens-college-basketball/summary?event=401823437 "HTTP/1.1 200 OK"
08:41:51 [INFO] HTTP Request: GET https://site.api.espn.com/apis/site/v2/sports/basketball/mens-college-basketball/summary?event=401828312 "HTTP/1.1 200 OK"
08:42:01 [INFO] HTTP Request: GET https://site.api.espn.com/apis/site/v2/sports/basketball/mens-college-basketball/summary?event=401828313 "HTTP/1.1 200 OK"
08:42:11 [INFO] HTTP Request: GET https://site.api.espn.com/apis/site/v2/sports/basketball/mens-college-basketball/summary?event=401828314 "HTTP/1.1 200 OK"
08:42:21 [INFO] HTTP Request: GET https://site.api.espn.com/apis/site/v2/sports/basketball/mens-college-basketball/summary?event=401824894 "HTTP/1.1 200 OK"
08:42:32 [INFO] HTTP Request: GET https://site.api.espn.com/apis/site/v2/sports/basketball/mens-college-basketball/summary?event=401804832 "HTTP/1.1 200 OK"
08:42:42 [INFO] HTTP Request: GET https://site.api.espn.com/apis/site/v2/sports/basketball/mens-college-basketball/summary?event=401804859 "HTTP/1.1 200 OK"
08:42:53 [INFO] HTTP Request: GET https://site.api.espn.com/apis/site/v2/sports/basketball/mens-college-basketball/summary?event=401804865 "HTTP/1.1 200 OK"
08:43:03 [INFO] HTTP Request: GET https://site.api.espn.com/apis/site/v2/sports/basketball/mens-college-basketball/summary?event=401804867 "HTTP/1.1 200 OK"
08:43:14 [INFO] HTTP Request: GET https://site.api.espn.com/apis/site/v2/sports/basketball/mens-college-basketball/summary?event=401804873 "HTTP/1.1 200 OK"
08:43:24 [INFO] HTTP Request: GET https://site.api.espn.com/apis/site/v2/sports/basketball/mens-college-basketball/summary?event=401804879 "HTTP/1.1 200 OK"
08:43:35 [INFO] HTTP Request: GET https://site.api.espn.com/apis/site/v2/sports/basketball/mens-college-basketball/summary?event=401804888 "HTTP/1.1 200 OK"
08:43:45 [INFO] HTTP Request: GET https://site.api.espn.com/apis/site/v2/sports/basketball/mens-college-basketball/summary?event=401804897 "HTTP/1.1 200 OK"
08:43:56 [INFO] HTTP Request: GET https://site.api.espn.com/apis/site/v2/sports/basketball/mens-college-basketball/summary?event=401804906 "HTTP/1.1 200 OK"
08:44:06 [INFO] HTTP Request: GET https://site.api.espn.com/apis/site/v2/sports/basketball/mens-college-basketball/summary?event=401804909 "HTTP/1.1 200 OK"
08:44:16 [INFO] HTTP Request: GET https://site.api.espn.com/apis/site/v2/sports/basketball/mens-college-basketball/summary?event=401804914 "HTTP/1.1 200 OK"
08:44:27 [INFO] HTTP Request: GET https://site.api.espn.com/apis/site/v2/sports/basketball/mens-college-basketball/summary?event=401804919 "HTTP/1.1 200 OK"
08:44:37 [INFO] HTTP Request: GET https://site.api.espn.com/apis/site/v2/sports/basketball/mens-college-basketball/summary?event=401804923 "HTTP/1.1 200 OK"
08:44:47 [INFO] HTTP Request: GET https://site.api.espn.com/apis/site/v2/sports/basketball/mens-college-basketball/summary?event=401804928 "HTTP/1.1 200 OK"
08:44:57 [INFO] HTTP Request: GET https://site.api.espn.com/apis/site/v2/sports/basketball/mens-college-basketball/summary?event=401804934 "HTTP/1.1 200 OK"
08:45:08 [INFO] HTTP Request: GET https://site.api.espn.com/apis/site/v2/sports/basketball/mens-college-basketball/summary?event=401804941 "HTTP/1.1 200 OK"
08:45:08 [INFO]   Loaded: 27 games, 532 player-game-stat rows
08:45:08 [INFO] 
[4/12] Kennesaw State Owls
08:45:08 [INFO] Scraping team: Kennesaw State Owls (ESPN #338)
08:45:18 [INFO] HTTP Request: GET https://site.api.espn.com/apis/site/v2/sports/basketball/mens-college-basketball/teams/338/schedule?season=2026 "HTTP/1.1 200 OK"
08:45:18 [INFO]   Schedule: 27 completed games
08:45:28 [INFO] HTTP Request: GET https://site.api.espn.com/apis/site/v2/sports/basketball/mens-college-basketball/summary?event=401828335 "HTTP/1.1 200 OK"
08:45:38 [INFO] HTTP Request: GET https://site.api.espn.com/apis/site/v2/sports/basketball/mens-college-basketball/summary?event=401828336 "HTTP/1.1 200 OK"
08:45:49 [INFO] HTTP Request: GET https://site.api.espn.com/apis/site/v2/sports/basketball/mens-college-basketball/summary?event=401828337 "HTTP/1.1 200 OK"
08:45:59 [INFO] HTTP Request: GET https://site.api.espn.com/apis/site/v2/sports/basketball/mens-college-basketball/summary?event=401826813 "HTTP/1.1 200 OK"
08:46:09 [INFO] HTTP Request: GET https://site.api.espn.com/apis/site/v2/sports/basketball/mens-college-basketball/summary?event=401828338 "HTTP/1.1 200 OK"
08:46:20 [INFO] HTTP Request: GET https://site.api.espn.com/apis/site/v2/sports/basketball/mens-college-basketball/summary?event=401828339 "HTTP/1.1 200 OK"
08:46:30 [INFO] HTTP Request: GET https://site.api.espn.com/apis/site/v2/sports/basketball/mens-college-basketball/summary?event=401823231 "HTTP/1.1 200 OK"
08:46:40 [INFO] HTTP Request: GET https://site.api.espn.com/apis/site/v2/sports/basketball/mens-college-basketball/summary?event=401828340 "HTTP/1.1 200 OK"
08:46:51 [INFO] HTTP Request: GET https://site.api.espn.com/apis/site/v2/sports/basketball/mens-college-basketball/summary?event=401828341 "HTTP/1.1 200 OK"
08:47:01 [INFO] HTTP Request: GET https://site.api.espn.com/apis/site/v2/sports/basketball/mens-college-basketball/summary?event=401828342 "HTTP/1.1 200 OK"
08:47:11 [INFO] HTTP Request: GET https://site.api.espn.com/apis/site/v2/sports/basketball/mens-college-basketball/summary?event=401822999 "HTTP/1.1 200 OK"
08:47:22 [INFO] HTTP Request: GET https://site.api.espn.com/apis/site/v2/sports/basketball/mens-college-basketball/summary?event=401812268 "HTTP/1.1 200 OK"
08:47:32 [INFO] HTTP Request: GET https://site.api.espn.com/apis/site/v2/sports/basketball/mens-college-basketball/summary?event=401804860 "HTTP/1.1 200 OK"
08:47:43 [INFO] HTTP Request: GET https://site.api.espn.com/apis/site/v2/sports/basketball/mens-college-basketball/summary?event=401804866 "HTTP/1.1 200 OK"
08:47:53 [INFO] HTTP Request: GET https://site.api.espn.com/apis/site/v2/sports/basketball/mens-college-basketball/summary?event=401804868 "HTTP/1.1 200 OK"
08:48:04 [INFO] HTTP Request: GET https://site.api.espn.com/apis/site/v2/sports/basketball/mens-college-basketball/summary?event=401804873 "HTTP/1.1 200 OK"
08:48:14 [INFO] HTTP Request: GET https://site.api.espn.com/apis/site/v2/sports/basketball/mens-college-basketball/summary?event=401804880 "HTTP/1.1 200 OK"
08:48:24 [INFO] HTTP Request: GET https://site.api.espn.com/apis/site/v2/sports/basketball/mens-college-basketball/summary?event=401804889 "HTTP/1.1 200 OK"
08:48:35 [INFO] HTTP Request: GET https://site.api.espn.com/apis/site/v2/sports/basketball/mens-college-basketball/summary?event=401804891 "HTTP/1.1 200 OK"
08:48:45 [INFO] HTTP Request: GET https://site.api.espn.com/apis/site/v2/sports/basketball/mens-college-basketball/summary?event=401804895 "HTTP/1.1 200 OK"
08:48:56 [INFO] HTTP Request: GET https://site.api.espn.com/apis/site/v2/sports/basketball/mens-college-basketball/summary?event=401804904 "HTTP/1.1 200 OK"
08:49:06 [INFO] HTTP Request: GET https://site.api.espn.com/apis/site/v2/sports/basketball/mens-college-basketball/summary?event=401804907 "HTTP/1.1 200 OK"
08:49:17 [INFO] HTTP Request: GET https://site.api.espn.com/apis/site/v2/sports/basketball/mens-college-basketball/summary?event=401804919 "HTTP/1.1 200 OK"
08:49:27 [INFO] HTTP Request: GET https://site.api.espn.com/apis/site/v2/sports/basketball/mens-college-basketball/summary?event=401804926 "HTTP/1.1 200 OK"
08:49:37 [INFO] HTTP Request: GET https://site.api.espn.com/apis/site/v2/sports/basketball/mens-college-basketball/summary?event=401804929 "HTTP/1.1 200 OK"
08:49:48 [INFO] HTTP Request: GET https://site.api.espn.com/apis/site/v2/sports/basketball/mens-college-basketball/summary?event=401804935 "HTTP/1.1 200 OK"
08:49:58 [INFO] HTTP Request: GET https://site.api.espn.com/apis/site/v2/sports/basketball/mens-college-basketball/summary?event=401804940 "HTTP/1.1 200 OK"
08:49:58 [INFO]   Loaded: 27 games, 546 player-game-stat rows
08:49:58 [INFO] 
[5/12] Liberty Flames
08:49:58 [INFO] Scraping team: Liberty Flames (ESPN #2335)
08:50:09 [INFO] HTTP Request: GET https://site.api.espn.com/apis/site/v2/sports/basketball/mens-college-basketball/teams/2335/schedule?season=2026 "HTTP/1.1 200 OK"
08:50:09 [INFO]   Schedule: 27 completed games
08:50:19 [INFO] HTTP Request: GET https://site.api.espn.com/apis/site/v2/sports/basketball/mens-college-basketball/summary?event=401828469 "HTTP/1.1 200 OK"
08:50:30 [INFO] HTTP Request: GET https://site.api.espn.com/apis/site/v2/sports/basketball/mens-college-basketball/summary?event=401827449 "HTTP/1.1 200 OK"
08:50:40 [INFO] HTTP Request: GET https://site.api.espn.com/apis/site/v2/sports/basketball/mens-college-basketball/summary?event=401826772 "HTTP/1.1 200 OK"
08:50:51 [INFO] HTTP Request: GET https://site.api.espn.com/apis/site/v2/sports/basketball/mens-college-basketball/summary?event=401828470 "HTTP/1.1 200 OK"
08:51:01 [INFO] HTTP Request: GET https://site.api.espn.com/apis/site/v2/sports/basketball/mens-college-basketball/summary?event=401809393 "HTTP/1.1 200 OK"
08:51:11 [INFO] HTTP Request: GET https://site.api.espn.com/apis/site/v2/sports/basketball/mens-college-basketball/summary?event=401830888 "HTTP/1.1 200 OK"
08:51:22 [INFO] HTTP Request: GET https://site.api.espn.com/apis/site/v2/sports/basketball/mens-college-basketball/summary?event=401830893 "HTTP/1.1 200 OK"
08:51:32 [INFO] HTTP Request: GET https://site.api.espn.com/apis/site/v2/sports/basketball/mens-college-basketball/summary?event=401822763 "HTTP/1.1 200 OK"
08:51:42 [INFO] HTTP Request: GET https://site.api.espn.com/apis/site/v2/sports/basketball/mens-college-basketball/summary?event=401817258 "HTTP/1.1 200 OK"
08:51:52 [INFO] HTTP Request: GET https://site.api.espn.com/apis/site/v2/sports/basketball/mens-college-basketball/summary?event=401828471 "HTTP/1.1 200 OK"
08:52:03 [INFO] HTTP Request: GET https://site.api.espn.com/apis/site/v2/sports/basketball/mens-college-basketball/summary?event=401813444 "HTTP/1.1 200 OK"
08:52:13 [INFO] HTTP Request: GET https://site.api.espn.com/apis/site/v2/sports/basketball/mens-college-basketball/summary?event=401804831 "HTTP/1.1 200 OK"
08:52:24 [INFO] HTTP Request: GET https://site.api.espn.com/apis/site/v2/sports/basketball/mens-college-basketball/summary?event=401804860 "HTTP/1.1 200 OK"
08:52:34 [INFO] HTTP Request: GET https://site.api.espn.com/apis/site/v2/sports/basketball/mens-college-basketball/summary?event=401804865 "HTTP/1.1 200 OK"
08:52:44 [INFO] HTTP Request: GET https://site.api.espn.com/apis/site/v2/sports/basketball/mens-college-basketball/summary?event=401804871 "HTTP/1.1 200 OK"
08:52:55 [INFO] HTTP Request: GET https://site.api.espn.com/apis/site/v2/sports/basketball/mens-college-basketball/summary?event=401804877 "HTTP/1.1 200 OK"
08:53:05 [INFO] HTTP Request: GET https://site.api.espn.com/apis/site/v2/sports/basketball/mens-college-basketball/summary?event=401804883 "HTTP/1.1 200 OK"
08:53:15 [INFO] HTTP Request: GET https://site.api.espn.com/apis/site/v2/sports/basketball/mens-college-basketball/summary?event=401804886 "HTTP/1.1 200 OK"
08:53:26 [INFO] HTTP Request: GET https://site.api.espn.com/apis/site/v2/sports/basketball/mens-college-basketball/summary?event=401804892 "HTTP/1.1 200 OK"
08:53:36 [INFO] HTTP Request: GET https://site.api.espn.com/apis/site/v2/sports/basketball/mens-college-basketball/summary?event=401804900 "HTTP/1.1 200 OK"
08:53:46 [INFO] HTTP Request: GET https://site.api.espn.com/apis/site/v2/sports/basketball/mens-college-basketball/summary?event=401804901 "HTTP/1.1 200 OK"
08:53:57 [INFO] HTTP Request: GET https://site.api.espn.com/apis/site/v2/sports/basketball/mens-college-basketball/summary?event=401804916 "HTTP/1.1 200 OK"
08:54:07 [INFO] HTTP Request: GET https://site.api.espn.com/apis/site/v2/sports/basketball/mens-college-basketball/summary?event=401804922 "HTTP/1.1 200 OK"
08:54:18 [INFO] HTTP Request: GET https://site.api.espn.com/apis/site/v2/sports/basketball/mens-college-basketball/summary?event=401804924 "HTTP/1.1 200 OK"
08:54:28 [INFO] HTTP Request: GET https://site.api.espn.com/apis/site/v2/sports/basketball/mens-college-basketball/summary?event=401804932 "HTTP/1.1 200 OK"
08:54:38 [INFO] HTTP Request: GET https://site.api.espn.com/apis/site/v2/sports/basketball/mens-college-basketball/summary?event=401804938 "HTTP/1.1 200 OK"
08:54:49 [INFO] HTTP Request: GET https://site.api.espn.com/apis/site/v2/sports/basketball/mens-college-basketball/summary?event=401804942 "HTTP/1.1 200 OK"
08:54:49 [INFO]   Loaded: 27 games, 560 player-game-stat rows
08:54:49 [INFO] 
[6/12] Louisiana Tech Bulldogs
08:54:49 [INFO] Scraping team: Louisiana Tech Bulldogs (ESPN #2348)
08:54:59 [INFO] HTTP Request: GET https://site.api.espn.com/apis/site/v2/sports/basketball/mens-college-basketball/teams/2348/schedule?season=2026 "HTTP/1.1 200 OK"
08:54:59 [INFO]   Schedule: 27 completed games
08:55:10 [INFO] HTTP Request: GET https://site.api.espn.com/apis/site/v2/sports/basketball/mens-college-basketball/summary?event=401826895 "HTTP/1.1 200 OK"
08:55:20 [INFO] HTTP Request: GET https://site.api.espn.com/apis/site/v2/sports/basketball/mens-college-basketball/summary?event=401826896 "HTTP/1.1 200 OK"
08:55:30 [INFO] HTTP Request: GET https://site.api.espn.com/apis/site/v2/sports/basketball/mens-college-basketball/summary?event=401826897 "HTTP/1.1 200 OK"
08:55:41 [INFO] HTTP Request: GET https://site.api.espn.com/apis/site/v2/sports/basketball/mens-college-basketball/summary?event=401826898 "HTTP/1.1 200 OK"
08:55:51 [INFO] HTTP Request: GET https://site.api.espn.com/apis/site/v2/sports/basketball/mens-college-basketball/summary?event=401826899 "HTTP/1.1 200 OK"
08:56:01 [INFO] HTTP Request: GET https://site.api.espn.com/apis/site/v2/sports/basketball/mens-college-basketball/summary?event=401826900 "HTTP/1.1 200 OK"
08:56:12 [INFO] HTTP Request: GET https://site.api.espn.com/apis/site/v2/sports/basketball/mens-college-basketball/summary?event=401826901 "HTTP/1.1 200 OK"
08:56:22 [INFO] HTTP Request: GET https://site.api.espn.com/apis/site/v2/sports/basketball/mens-college-basketball/summary?event=401826902 "HTTP/1.1 200 OK"
08:56:32 [INFO] HTTP Request: GET https://site.api.espn.com/apis/site/v2/sports/basketball/mens-college-basketball/summary?event=401826903 "HTTP/1.1 200 OK"
08:56:43 [INFO] HTTP Request: GET https://site.api.espn.com/apis/site/v2/sports/basketball/mens-college-basketball/summary?event=401826848 "HTTP/1.1 200 OK"
08:56:53 [INFO] HTTP Request: GET https://site.api.espn.com/apis/site/v2/sports/basketball/mens-college-basketball/summary?event=401826904 "HTTP/1.1 200 OK"
08:57:03 [INFO] HTTP Request: GET https://site.api.espn.com/apis/site/v2/sports/basketball/mens-college-basketball/summary?event=401804853 "HTTP/1.1 200 OK"
08:57:14 [INFO] HTTP Request: GET https://site.api.espn.com/apis/site/v2/sports/basketball/mens-college-basketball/summary?event=401804858 "HTTP/1.1 200 OK"
08:57:24 [INFO] HTTP Request: GET https://site.api.espn.com/apis/site/v2/sports/basketball/mens-college-basketball/summary?event=401804864 "HTTP/1.1 200 OK"
08:57:34 [INFO] HTTP Request: GET https://site.api.espn.com/apis/site/v2/sports/basketball/mens-college-basketball/summary?event=401804871 "HTTP/1.1 200 OK"
08:57:45 [INFO] HTTP Request: GET https://site.api.espn.com/apis/site/v2/sports/basketball/mens-college-basketball/summary?event=401804878 "HTTP/1.1 200 OK"
08:57:55 [INFO] HTTP Request: GET https://site.api.espn.com/apis/site/v2/sports/basketball/mens-college-basketball/summary?event=401804881 "HTTP/1.1 200 OK"
08:58:06 [INFO] HTTP Request: GET https://site.api.espn.com/apis/site/v2/sports/basketball/mens-college-basketball/summary?event=401804888 "HTTP/1.1 200 OK"
08:58:16 [INFO] HTTP Request: GET https://site.api.espn.com/apis/site/v2/sports/basketball/mens-college-basketball/summary?event=401804895 "HTTP/1.1 200 OK"
08:58:26 [INFO] HTTP Request: GET https://site.api.espn.com/apis/site/v2/sports/basketball/mens-college-basketball/summary?event=401804902 "HTTP/1.1 200 OK"
08:58:37 [INFO] HTTP Request: GET https://site.api.espn.com/apis/site/v2/sports/basketball/mens-college-basketball/summary?event=401804908 "HTTP/1.1 200 OK"
08:58:47 [INFO] HTTP Request: GET https://site.api.espn.com/apis/site/v2/sports/basketball/mens-college-basketball/summary?event=401804912 "HTTP/1.1 200 OK"
08:58:58 [INFO] HTTP Request: GET https://site.api.espn.com/apis/site/v2/sports/basketball/mens-college-basketball/summary?event=401804918 "HTTP/1.1 200 OK"
08:59:08 [INFO] HTTP Request: GET https://site.api.espn.com/apis/site/v2/sports/basketball/mens-college-basketball/summary?event=401804925 "HTTP/1.1 200 OK"
08:59:19 [INFO] HTTP Request: GET https://site.api.espn.com/apis/site/v2/sports/basketball/mens-college-basketball/summary?event=401804930 "HTTP/1.1 200 OK"
08:59:29 [INFO] HTTP Request: GET https://site.api.espn.com/apis/site/v2/sports/basketball/mens-college-basketball/summary?event=401804934 "HTTP/1.1 200 OK"
08:59:39 [INFO] HTTP Request: GET https://site.api.espn.com/apis/site/v2/sports/basketball/mens-college-basketball/summary?event=401804940 "HTTP/1.1 200 OK"
08:59:39 [INFO]   Loaded: 27 games, 554 player-game-stat rows
08:59:39 [INFO] 
[7/12] Middle Tennessee Blue Raiders
08:59:39 [INFO] Scraping team: Middle Tennessee Blue Raiders (ESPN #2393)
08:59:49 [INFO] HTTP Request: GET https://site.api.espn.com/apis/site/v2/sports/basketball/mens-college-basketball/teams/2393/schedule?season=2026 "HTTP/1.1 200 OK"
08:59:49 [INFO]   Schedule: 27 completed games
09:00:00 [INFO] HTTP Request: GET https://site.api.espn.com/apis/site/v2/sports/basketball/mens-college-basketball/summary?event=401822993 "HTTP/1.1 200 OK"
09:00:10 [INFO] HTTP Request: GET https://site.api.espn.com/apis/site/v2/sports/basketball/mens-college-basketball/summary?event=401822994 "HTTP/1.1 200 OK"
09:00:20 [INFO] HTTP Request: GET https://site.api.espn.com/apis/site/v2/sports/basketball/mens-college-basketball/summary?event=401822995 "HTTP/1.1 200 OK"
09:00:31 [INFO] HTTP Request: GET https://site.api.espn.com/apis/site/v2/sports/basketball/mens-college-basketball/summary?event=401822996 "HTTP/1.1 200 OK"
09:00:41 [INFO] HTTP Request: GET https://site.api.espn.com/apis/site/v2/sports/basketball/mens-college-basketball/summary?event=401822997 "HTTP/1.1 200 OK"
09:00:51 [INFO] HTTP Request: GET https://site.api.espn.com/apis/site/v2/sports/basketball/mens-college-basketball/summary?event=401817146 "HTTP/1.1 200 OK"
09:01:02 [INFO] HTTP Request: GET https://site.api.espn.com/apis/site/v2/sports/basketball/mens-college-basketball/summary?event=401808730 "HTTP/1.1 200 OK"
09:01:13 [INFO] HTTP Request: GET https://site.api.espn.com/apis/site/v2/sports/basketball/mens-college-basketball/summary?event=401822998 "HTTP/1.1 200 OK"
09:01:23 [INFO] HTTP Request: GET https://site.api.espn.com/apis/site/v2/sports/basketball/mens-college-basketball/summary?event=401811972 "HTTP/1.1 200 OK"
09:01:33 [INFO] HTTP Request: GET https://site.api.espn.com/apis/site/v2/sports/basketball/mens-college-basketball/summary?event=401822999 "HTTP/1.1 200 OK"
09:01:43 [INFO] HTTP Request: GET https://site.api.espn.com/apis/site/v2/sports/basketball/mens-college-basketball/summary?event=401823000 "HTTP/1.1 200 OK"
09:01:54 [INFO] HTTP Request: GET https://site.api.espn.com/apis/site/v2/sports/basketball/mens-college-basketball/summary?event=401823001 "HTTP/1.1 200 OK"
09:02:04 [INFO] HTTP Request: GET https://site.api.espn.com/apis/site/v2/sports/basketball/mens-college-basketball/summary?event=401804858 "HTTP/1.1 200 OK"
09:02:15 [INFO] HTTP Request: GET https://site.api.espn.com/apis/site/v2/sports/basketball/mens-college-basketball/summary?event=401804863 "HTTP/1.1 200 OK"
09:02:25 [INFO] HTTP Request: GET https://site.api.espn.com/apis/site/v2/sports/basketball/mens-college-basketball/summary?event=401804870 "HTTP/1.1 200 OK"
09:02:35 [INFO] HTTP Request: GET https://site.api.espn.com/apis/site/v2/sports/basketball/mens-college-basketball/summary?event=401804875 "HTTP/1.1 200 OK"
09:02:45 [INFO] HTTP Request: GET https://site.api.espn.com/apis/site/v2/sports/basketball/mens-college-basketball/summary?event=401804881 "HTTP/1.1 200 OK"
09:02:56 [INFO] HTTP Request: GET https://site.api.espn.com/apis/site/v2/sports/basketball/mens-college-basketball/summary?event=401804890 "HTTP/1.1 200 OK"
09:03:06 [INFO] HTTP Request: GET https://site.api.espn.com/apis/site/v2/sports/basketball/mens-college-basketball/summary?event=401804897 "HTTP/1.1 200 OK"
09:03:17 [INFO] HTTP Request: GET https://site.api.espn.com/apis/site/v2/sports/basketball/mens-college-basketball/summary?event=401804901 "HTTP/1.1 200 OK"
09:03:27 [INFO] HTTP Request: GET https://site.api.espn.com/apis/site/v2/sports/basketball/mens-college-basketball/summary?event=401804910 "HTTP/1.1 200 OK"
09:03:37 [INFO] HTTP Request: GET https://site.api.espn.com/apis/site/v2/sports/basketball/mens-college-basketball/summary?event=401804915 "HTTP/1.1 200 OK"
09:03:47 [INFO] HTTP Request: GET https://site.api.espn.com/apis/site/v2/sports/basketball/mens-college-basketball/summary?event=401804920 "HTTP/1.1 200 OK"
09:03:58 [INFO] HTTP Request: GET https://site.api.espn.com/apis/site/v2/sports/basketball/mens-college-basketball/summary?event=401804926 "HTTP/1.1 200 OK"
09:04:08 [INFO] HTTP Request: GET https://site.api.espn.com/apis/site/v2/sports/basketball/mens-college-basketball/summary?event=401804931 "HTTP/1.1 200 OK"
09:04:19 [INFO] HTTP Request: GET https://site.api.espn.com/apis/site/v2/sports/basketball/mens-college-basketball/summary?event=401804937 "HTTP/1.1 200 OK"
09:04:29 [INFO] HTTP Request: GET https://site.api.espn.com/apis/site/v2/sports/basketball/mens-college-basketball/summary?event=401804944 "HTTP/1.1 200 OK"
09:04:29 [INFO]   Loaded: 27 games, 530 player-game-stat rows
09:04:29 [INFO] 
[8/12] Missouri State Bears
09:04:29 [INFO] Scraping team: Missouri State Bears (ESPN #2623)
09:04:39 [INFO] HTTP Request: GET https://site.api.espn.com/apis/site/v2/sports/basketball/mens-college-basketball/teams/2623/schedule?season=2026 "HTTP/1.1 200 OK"
09:04:39 [INFO]   Schedule: 27 completed games
09:04:50 [INFO] HTTP Request: GET https://site.api.espn.com/apis/site/v2/sports/basketball/mens-college-basketball/summary?event=401823321 "HTTP/1.1 200 OK"
09:05:00 [INFO] HTTP Request: GET https://site.api.espn.com/apis/site/v2/sports/basketball/mens-college-basketball/summary?event=401823322 "HTTP/1.1 200 OK"
09:05:11 [INFO] HTTP Request: GET https://site.api.espn.com/apis/site/v2/sports/basketball/mens-college-basketball/summary?event=401823323 "HTTP/1.1 200 OK"
09:05:21 [INFO] HTTP Request: GET https://site.api.espn.com/apis/site/v2/sports/basketball/mens-college-basketball/summary?event=401823324 "HTTP/1.1 200 OK"
09:05:32 [INFO] HTTP Request: GET https://site.api.espn.com/apis/site/v2/sports/basketball/mens-college-basketball/summary?event=401823325 "HTTP/1.1 200 OK"
09:05:42 [INFO] HTTP Request: GET https://site.api.espn.com/apis/site/v2/sports/basketball/mens-college-basketball/summary?event=401812357 "HTTP/1.1 200 OK"
09:05:52 [INFO] HTTP Request: GET https://site.api.espn.com/apis/site/v2/sports/basketball/mens-college-basketball/summary?event=401823326 "HTTP/1.1 200 OK"
09:06:03 [INFO] HTTP Request: GET https://site.api.espn.com/apis/site/v2/sports/basketball/mens-college-basketball/summary?event=401823327 "HTTP/1.1 200 OK"
09:06:13 [INFO] HTTP Request: GET https://site.api.espn.com/apis/site/v2/sports/basketball/mens-college-basketball/summary?event=401823328 "HTTP/1.1 200 OK"
09:06:23 [INFO] HTTP Request: GET https://site.api.espn.com/apis/site/v2/sports/basketball/mens-college-basketball/summary?event=401823329 "HTTP/1.1 200 OK"
09:06:34 [INFO] HTTP Request: GET https://site.api.espn.com/apis/site/v2/sports/basketball/mens-college-basketball/summary?event=401822397 "HTTP/1.1 200 OK"
09:06:44 [INFO] HTTP Request: GET https://site.api.espn.com/apis/site/v2/sports/basketball/mens-college-basketball/summary?event=401804854 "HTTP/1.1 200 OK"
09:06:55 [INFO] HTTP Request: GET https://site.api.espn.com/apis/site/v2/sports/basketball/mens-college-basketball/summary?event=401804856 "HTTP/1.1 200 OK"
09:07:05 [INFO] HTTP Request: GET https://site.api.espn.com/apis/site/v2/sports/basketball/mens-college-basketball/summary?event=401804861 "HTTP/1.1 200 OK"
09:07:15 [INFO] HTTP Request: GET https://site.api.espn.com/apis/site/v2/sports/basketball/mens-college-basketball/summary?event=401804868 "HTTP/1.1 200 OK"
09:07:25 [INFO] HTTP Request: GET https://site.api.espn.com/apis/site/v2/sports/basketball/mens-college-basketball/summary?event=401804876 "HTTP/1.1 200 OK"
09:07:36 [INFO] HTTP Request: GET https://site.api.espn.com/apis/site/v2/sports/basketball/mens-college-basketball/summary?event=401804882 "HTTP/1.1 200 OK"
09:07:47 [INFO] HTTP Request: GET https://site.api.espn.com/apis/site/v2/sports/basketball/mens-college-basketball/summary?event=401804890 "HTTP/1.1 200 OK"
09:07:57 [INFO] HTTP Request: GET https://site.api.espn.com/apis/site/v2/sports/basketball/mens-college-basketball/summary?event=401804894 "HTTP/1.1 200 OK"
09:08:07 [INFO] HTTP Request: GET https://site.api.espn.com/apis/site/v2/sports/basketball/mens-college-basketball/summary?event=401804899 "HTTP/1.1 200 OK"
09:08:17 [INFO] HTTP Request: GET https://site.api.espn.com/apis/site/v2/sports/basketball/mens-college-basketball/summary?event=401804903 "HTTP/1.1 200 OK"
09:08:28 [INFO] HTTP Request: GET https://site.api.espn.com/apis/site/v2/sports/basketball/mens-college-basketball/summary?event=401804909 "HTTP/1.1 200 OK"
09:08:38 [INFO] HTTP Request: GET https://site.api.espn.com/apis/site/v2/sports/basketball/mens-college-basketball/summary?event=401804922 "HTTP/1.1 200 OK"
09:08:49 [INFO] HTTP Request: GET https://site.api.espn.com/apis/site/v2/sports/basketball/mens-college-basketball/summary?event=401804925 "HTTP/1.1 200 OK"
09:08:59 [INFO] HTTP Request: GET https://site.api.espn.com/apis/site/v2/sports/basketball/mens-college-basketball/summary?event=401804933 "HTTP/1.1 200 OK"
09:09:09 [INFO] HTTP Request: GET https://site.api.espn.com/apis/site/v2/sports/basketball/mens-college-basketball/summary?event=401804935 "HTTP/1.1 200 OK"
09:09:20 [INFO] HTTP Request: GET https://site.api.espn.com/apis/site/v2/sports/basketball/mens-college-basketball/summary?event=401804943 "HTTP/1.1 200 OK"
09:09:20 [INFO]   Loaded: 27 games, 517 player-game-stat rows
09:09:20 [INFO] 
[9/12] New Mexico State Aggies
09:09:20 [INFO] Scraping team: New Mexico State Aggies (ESPN #166)
09:09:30 [INFO] HTTP Request: GET https://site.api.espn.com/apis/site/v2/sports/basketball/mens-college-basketball/teams/166/schedule?season=2026 "HTTP/1.1 200 OK"
09:09:30 [INFO]   Schedule: 26 completed games
09:09:41 [INFO] HTTP Request: GET https://site.api.espn.com/apis/site/v2/sports/basketball/mens-college-basketball/summary?event=401830629 "HTTP/1.1 200 OK"
09:09:52 [INFO] HTTP Request: GET https://site.api.espn.com/apis/site/v2/sports/basketball/mens-college-basketball/summary?event=401830630 "HTTP/1.1 200 OK"
09:10:02 [INFO] HTTP Request: GET https://site.api.espn.com/apis/site/v2/sports/basketball/mens-college-basketball/summary?event=401820224 "HTTP/1.1 200 OK"
09:10:13 [INFO] HTTP Request: GET https://site.api.espn.com/apis/site/v2/sports/basketball/mens-college-basketball/summary?event=401820225 "HTTP/1.1 200 OK"
09:10:23 [INFO] HTTP Request: GET https://site.api.espn.com/apis/site/v2/sports/basketball/mens-college-basketball/summary?event=401820226 "HTTP/1.1 200 OK"
09:10:34 [INFO] HTTP Request: GET https://site.api.espn.com/apis/site/v2/sports/basketball/mens-college-basketball/summary?event=401820227 "HTTP/1.1 200 OK"
09:10:44 [INFO] HTTP Request: GET https://site.api.espn.com/apis/site/v2/sports/basketball/mens-college-basketball/summary?event=401830631 "HTTP/1.1 200 OK"
09:10:54 [INFO] HTTP Request: GET https://site.api.espn.com/apis/site/v2/sports/basketball/mens-college-basketball/summary?event=401823528 "HTTP/1.1 200 OK"
09:11:04 [INFO] HTTP Request: GET https://site.api.espn.com/apis/site/v2/sports/basketball/mens-college-basketball/summary?event=401828286 "HTTP/1.1 200 OK"
09:11:14 [INFO] HTTP Request: GET https://site.api.espn.com/apis/site/v2/sports/basketball/mens-college-basketball/summary?event=401804830 "HTTP/1.1 200 OK"
09:11:25 [INFO] HTTP Request: GET https://site.api.espn.com/apis/site/v2/sports/basketball/mens-college-basketball/summary?event=401830632 "HTTP/1.1 200 OK"
09:11:35 [INFO] HTTP Request: GET https://site.api.espn.com/apis/site/v2/sports/basketball/mens-college-basketball/summary?event=401804855 "HTTP/1.1 200 OK"
09:11:46 [INFO] HTTP Request: GET https://site.api.espn.com/apis/site/v2/sports/basketball/mens-college-basketball/summary?event=401804861 "HTTP/1.1 200 OK"
09:11:56 [INFO] HTTP Request: GET https://site.api.espn.com/apis/site/v2/sports/basketball/mens-college-basketball/summary?event=401804869 "HTTP/1.1 200 OK"
09:12:07 [INFO] HTTP Request: GET https://site.api.espn.com/apis/site/v2/sports/basketball/mens-college-basketball/summary?event=401804875 "HTTP/1.1 200 OK"
09:12:17 [INFO] HTTP Request: GET https://site.api.espn.com/apis/site/v2/sports/basketball/mens-college-basketball/summary?event=401804883 "HTTP/1.1 200 OK"
09:12:27 [INFO] HTTP Request: GET https://site.api.espn.com/apis/site/v2/sports/basketball/mens-college-basketball/summary?event=401804885 "HTTP/1.1 200 OK"
09:12:38 [INFO] HTTP Request: GET https://site.api.espn.com/apis/site/v2/sports/basketball/mens-college-basketball/summary?event=401804894 "HTTP/1.1 200 OK"
09:12:48 [INFO] HTTP Request: GET https://site.api.espn.com/apis/site/v2/sports/basketball/mens-college-basketball/summary?event=401804898 "HTTP/1.1 200 OK"
09:12:58 [INFO] HTTP Request: GET https://site.api.espn.com/apis/site/v2/sports/basketball/mens-college-basketball/summary?event=401804905 "HTTP/1.1 200 OK"
09:13:09 [INFO] HTTP Request: GET https://site.api.espn.com/apis/site/v2/sports/basketball/mens-college-basketball/summary?event=401804907 "HTTP/1.1 200 OK"
09:13:19 [INFO] HTTP Request: GET https://site.api.espn.com/apis/site/v2/sports/basketball/mens-college-basketball/summary?event=401804912 "HTTP/1.1 200 OK"
09:13:30 [INFO] HTTP Request: GET https://site.api.espn.com/apis/site/v2/sports/basketball/mens-college-basketball/summary?event=401804917 "HTTP/1.1 200 OK"
09:13:40 [INFO] HTTP Request: GET https://site.api.espn.com/apis/site/v2/sports/basketball/mens-college-basketball/summary?event=401804924 "HTTP/1.1 200 OK"
09:13:50 [INFO] HTTP Request: GET https://site.api.espn.com/apis/site/v2/sports/basketball/mens-college-basketball/summary?event=401804928 "HTTP/1.1 200 OK"
09:14:00 [INFO] HTTP Request: GET https://site.api.espn.com/apis/site/v2/sports/basketball/mens-college-basketball/summary?event=401804939 "HTTP/1.1 200 OK"
09:14:00 [INFO]   Loaded: 26 games, 530 player-game-stat rows
09:14:00 [INFO] 
[10/12] Sam Houston Bearkats
09:14:00 [INFO] Scraping team: Sam Houston Bearkats (ESPN #2534)
09:14:11 [INFO] HTTP Request: GET https://site.api.espn.com/apis/site/v2/sports/basketball/mens-college-basketball/teams/2534/schedule?season=2026 "HTTP/1.1 200 OK"
09:14:11 [INFO]   Schedule: 27 completed games
09:14:21 [INFO] HTTP Request: GET https://site.api.espn.com/apis/site/v2/sports/basketball/mens-college-basketball/summary?event=401823330 "HTTP/1.1 200 OK"
09:14:32 [INFO] HTTP Request: GET https://site.api.espn.com/apis/site/v2/sports/basketball/mens-college-basketball/summary?event=401819899 "HTTP/1.1 200 OK"
09:14:42 [INFO] HTTP Request: GET https://site.api.espn.com/apis/site/v2/sports/basketball/mens-college-basketball/summary?event=401819907 "HTTP/1.1 200 OK"
09:14:52 [INFO] HTTP Request: GET https://site.api.espn.com/apis/site/v2/sports/basketball/mens-college-basketball/summary?event=401823331 "HTTP/1.1 200 OK"
09:15:02 [INFO] HTTP Request: GET https://site.api.espn.com/apis/site/v2/sports/basketball/mens-college-basketball/summary?event=401823332 "HTTP/1.1 200 OK"
09:15:12 [INFO] HTTP Request: GET https://site.api.espn.com/apis/site/v2/sports/basketball/mens-college-basketball/summary?event=401823353 "HTTP/1.1 200 OK"
09:15:23 [INFO] HTTP Request: GET https://site.api.espn.com/apis/site/v2/sports/basketball/mens-college-basketball/summary?event=401823354 "HTTP/1.1 200 OK"
09:15:33 [INFO] HTTP Request: GET https://site.api.espn.com/apis/site/v2/sports/basketball/mens-college-basketball/summary?event=401813292 "HTTP/1.1 200 OK"
09:15:43 [INFO] HTTP Request: GET https://site.api.espn.com/apis/site/v2/sports/basketball/mens-college-basketball/summary?event=401823355 "HTTP/1.1 200 OK"
09:15:54 [INFO] HTTP Request: GET https://site.api.espn.com/apis/site/v2/sports/basketball/mens-college-basketball/summary?event=401823356 "HTTP/1.1 200 OK"
09:16:04 [INFO] HTTP Request: GET https://site.api.espn.com/apis/site/v2/sports/basketball/mens-college-basketball/summary?event=401804830 "HTTP/1.1 200 OK"
09:16:14 [INFO] HTTP Request: GET https://site.api.espn.com/apis/site/v2/sports/basketball/mens-college-basketball/summary?event=401823357 "HTTP/1.1 200 OK"
09:16:24 [INFO] HTTP Request: GET https://site.api.espn.com/apis/site/v2/sports/basketball/mens-college-basketball/summary?event=401804857 "HTTP/1.1 200 OK"
09:16:35 [INFO] HTTP Request: GET https://site.api.espn.com/apis/site/v2/sports/basketball/mens-college-basketball/summary?event=401804863 "HTTP/1.1 200 OK"
09:16:45 [INFO] HTTP Request: GET https://site.api.espn.com/apis/site/v2/sports/basketball/mens-college-basketball/summary?event=401804872 "HTTP/1.1 200 OK"
09:16:55 [INFO] HTTP Request: GET https://site.api.espn.com/apis/site/v2/sports/basketball/mens-college-basketball/summary?event=401804877 "HTTP/1.1 200 OK"
09:17:06 [INFO] HTTP Request: GET https://site.api.espn.com/apis/site/v2/sports/basketball/mens-college-basketball/summary?event=401804879 "HTTP/1.1 200 OK"
09:17:16 [INFO] HTTP Request: GET https://site.api.espn.com/apis/site/v2/sports/basketball/mens-college-basketball/summary?event=401804887 "HTTP/1.1 200 OK"
09:17:27 [INFO] HTTP Request: GET https://site.api.espn.com/apis/site/v2/sports/basketball/mens-college-basketball/summary?event=401804891 "HTTP/1.1 200 OK"
09:17:37 [INFO] HTTP Request: GET https://site.api.espn.com/apis/site/v2/sports/basketball/mens-college-basketball/summary?event=401804896 "HTTP/1.1 200 OK"
09:17:47 [INFO] HTTP Request: GET https://site.api.espn.com/apis/site/v2/sports/basketball/mens-college-basketball/summary?event=401804903 "HTTP/1.1 200 OK"
09:17:57 [INFO] HTTP Request: GET https://site.api.espn.com/apis/site/v2/sports/basketball/mens-college-basketball/summary?event=401804908 "HTTP/1.1 200 OK"
09:18:08 [INFO] HTTP Request: GET https://site.api.espn.com/apis/site/v2/sports/basketball/mens-college-basketball/summary?event=401804913 "HTTP/1.1 200 OK"
09:18:18 [INFO] HTTP Request: GET https://site.api.espn.com/apis/site/v2/sports/basketball/mens-college-basketball/summary?event=401804918 "HTTP/1.1 200 OK"
09:18:29 [INFO] HTTP Request: GET https://site.api.espn.com/apis/site/v2/sports/basketball/mens-college-basketball/summary?event=401804929 "HTTP/1.1 200 OK"
09:18:39 [INFO] HTTP Request: GET https://site.api.espn.com/apis/site/v2/sports/basketball/mens-college-basketball/summary?event=401804937 "HTTP/1.1 200 OK"
09:18:50 [INFO] HTTP Request: GET https://site.api.espn.com/apis/site/v2/sports/basketball/mens-college-basketball/summary?event=401804941 "HTTP/1.1 200 OK"
09:18:50 [INFO]   Loaded: 27 games, 546 player-game-stat rows
09:18:50 [INFO] 
[11/12] UTEP Miners
09:18:50 [INFO] Scraping team: UTEP Miners (ESPN #2638)
09:19:00 [INFO] HTTP Request: GET https://site.api.espn.com/apis/site/v2/sports/basketball/mens-college-basketball/teams/2638/schedule?season=2026 "HTTP/1.1 200 OK"
09:19:00 [INFO]   Schedule: 27 completed games
09:19:11 [INFO] HTTP Request: GET https://site.api.espn.com/apis/site/v2/sports/basketball/mens-college-basketball/summary?event=401828472 "HTTP/1.1 200 OK"
09:19:21 [INFO] HTTP Request: GET https://site.api.espn.com/apis/site/v2/sports/basketball/mens-college-basketball/summary?event=401828473 "HTTP/1.1 200 OK"
09:19:31 [INFO] HTTP Request: GET https://site.api.espn.com/apis/site/v2/sports/basketball/mens-college-basketball/summary?event=401824039 "HTTP/1.1 200 OK"
09:19:42 [INFO] HTTP Request: GET https://site.api.espn.com/apis/site/v2/sports/basketball/mens-college-basketball/summary?event=401827911 "HTTP/1.1 200 OK"
09:19:52 [INFO] HTTP Request: GET https://site.api.espn.com/apis/site/v2/sports/basketball/mens-college-basketball/summary?event=401828474 "HTTP/1.1 200 OK"
09:20:03 [INFO] HTTP Request: GET https://site.api.espn.com/apis/site/v2/sports/basketball/mens-college-basketball/summary?event=401827506 "HTTP/1.1 200 OK"
09:20:13 [INFO] HTTP Request: GET https://site.api.espn.com/apis/site/v2/sports/basketball/mens-college-basketball/summary?event=401827732 "HTTP/1.1 200 OK"
09:20:24 [INFO] HTTP Request: GET https://site.api.espn.com/apis/site/v2/sports/basketball/mens-college-basketball/summary?event=401824129 "HTTP/1.1 200 OK"
09:20:34 [INFO] HTTP Request: GET https://site.api.espn.com/apis/site/v2/sports/basketball/mens-college-basketball/summary?event=401824902 "HTTP/1.1 200 OK"
09:20:45 [INFO] HTTP Request: GET https://site.api.espn.com/apis/site/v2/sports/basketball/mens-college-basketball/summary?event=401828475 "HTTP/1.1 200 OK"
09:20:55 [INFO] HTTP Request: GET https://site.api.espn.com/apis/site/v2/sports/basketball/mens-college-basketball/summary?event=401831232 "HTTP/1.1 200 OK"
09:21:05 [INFO] HTTP Request: GET https://site.api.espn.com/apis/site/v2/sports/basketball/mens-college-basketball/summary?event=401804853 "HTTP/1.1 200 OK"
09:21:16 [INFO] HTTP Request: GET https://site.api.espn.com/apis/site/v2/sports/basketball/mens-college-basketball/summary?event=401804856 "HTTP/1.1 200 OK"
09:21:26 [INFO] HTTP Request: GET https://site.api.espn.com/apis/site/v2/sports/basketball/mens-college-basketball/summary?event=401804862 "HTTP/1.1 200 OK"
09:21:36 [INFO] HTTP Request: GET https://site.api.espn.com/apis/site/v2/sports/basketball/mens-college-basketball/summary?event=401804870 "HTTP/1.1 200 OK"
09:21:47 [INFO] HTTP Request: GET https://site.api.espn.com/apis/site/v2/sports/basketball/mens-college-basketball/summary?event=401804874 "HTTP/1.1 200 OK"
09:21:57 [INFO] HTTP Request: GET https://site.api.espn.com/apis/site/v2/sports/basketball/mens-college-basketball/summary?event=401804884 "HTTP/1.1 200 OK"
09:22:07 [INFO] HTTP Request: GET https://site.api.espn.com/apis/site/v2/sports/basketball/mens-college-basketball/summary?event=401804886 "HTTP/1.1 200 OK"
09:22:18 [INFO] HTTP Request: GET https://site.api.espn.com/apis/site/v2/sports/basketball/mens-college-basketball/summary?event=401804893 "HTTP/1.1 200 OK"
09:22:28 [INFO] HTTP Request: GET https://site.api.espn.com/apis/site/v2/sports/basketball/mens-college-basketball/summary?event=401804899 "HTTP/1.1 200 OK"
09:22:39 [INFO] HTTP Request: GET https://site.api.espn.com/apis/site/v2/sports/basketball/mens-college-basketball/summary?event=401804902 "HTTP/1.1 200 OK"
09:22:49 [INFO] HTTP Request: GET https://site.api.espn.com/apis/site/v2/sports/basketball/mens-college-basketball/summary?event=401804911 "HTTP/1.1 200 OK"
09:22:59 [INFO] HTTP Request: GET https://site.api.espn.com/apis/site/v2/sports/basketball/mens-college-basketball/summary?event=401804913 "HTTP/1.1 200 OK"
09:23:10 [INFO] HTTP Request: GET https://site.api.espn.com/apis/site/v2/sports/basketball/mens-college-basketball/summary?event=401804917 "HTTP/1.1 200 OK"
09:23:21 [INFO] HTTP Request: GET https://site.api.espn.com/apis/site/v2/sports/basketball/mens-college-basketball/summary?event=401804923 "HTTP/1.1 200 OK"
09:23:31 [INFO] HTTP Request: GET https://site.api.espn.com/apis/site/v2/sports/basketball/mens-college-basketball/summary?event=401804932 "HTTP/1.1 200 OK"
09:23:42 [INFO] HTTP Request: GET https://site.api.espn.com/apis/site/v2/sports/basketball/mens-college-basketball/summary?event=401804939 "HTTP/1.1 200 OK"
09:23:42 [INFO]   Loaded: 27 games, 527 player-game-stat rows
09:23:42 [INFO] 
[12/12] Western Kentucky Hilltoppers
09:23:42 [INFO] Scraping team: Western Kentucky Hilltoppers (ESPN #98)
09:23:52 [INFO] HTTP Request: GET https://site.api.espn.com/apis/site/v2/sports/basketball/mens-college-basketball/teams/98/schedule?season=2026 "HTTP/1.1 200 OK"
09:23:52 [INFO]   Schedule: 27 completed games
09:24:02 [INFO] HTTP Request: GET https://site.api.espn.com/apis/site/v2/sports/basketball/mens-college-basketball/summary?event=401823358 "HTTP/1.1 200 OK"
09:24:13 [INFO] HTTP Request: GET https://site.api.espn.com/apis/site/v2/sports/basketball/mens-college-basketball/summary?event=401823359 "HTTP/1.1 200 OK"
09:24:23 [INFO] HTTP Request: GET https://site.api.espn.com/apis/site/v2/sports/basketball/mens-college-basketball/summary?event=401823360 "HTTP/1.1 200 OK"
09:24:33 [INFO] HTTP Request: GET https://site.api.espn.com/apis/site/v2/sports/basketball/mens-college-basketball/summary?event=401823361 "HTTP/1.1 200 OK"
09:24:44 [INFO] HTTP Request: GET https://site.api.espn.com/apis/site/v2/sports/basketball/mens-college-basketball/summary?event=401823362 "HTTP/1.1 200 OK"
09:24:54 [INFO] HTTP Request: GET https://site.api.espn.com/apis/site/v2/sports/basketball/mens-college-basketball/summary?event=401830875 "HTTP/1.1 200 OK"
09:25:04 [INFO] HTTP Request: GET https://site.api.espn.com/apis/site/v2/sports/basketball/mens-college-basketball/summary?event=401830877 "HTTP/1.1 200 OK"
09:25:15 [INFO] HTTP Request: GET https://site.api.espn.com/apis/site/v2/sports/basketball/mens-college-basketball/summary?event=401823363 "HTTP/1.1 200 OK"
09:25:25 [INFO] HTTP Request: GET https://site.api.espn.com/apis/site/v2/sports/basketball/mens-college-basketball/summary?event=401823364 "HTTP/1.1 200 OK"
09:25:36 [INFO] HTTP Request: GET https://site.api.espn.com/apis/site/v2/sports/basketball/mens-college-basketball/summary?event=401823365 "HTTP/1.1 200 OK"
09:25:46 [INFO] HTTP Request: GET https://site.api.espn.com/apis/site/v2/sports/basketball/mens-college-basketball/summary?event=401823366 "HTTP/1.1 200 OK"
09:25:56 [INFO] HTTP Request: GET https://site.api.espn.com/apis/site/v2/sports/basketball/mens-college-basketball/summary?event=401804832 "HTTP/1.1 200 OK"
09:26:06 [INFO] HTTP Request: GET https://site.api.espn.com/apis/site/v2/sports/basketball/mens-college-basketball/summary?event=401804857 "HTTP/1.1 200 OK"
09:26:17 [INFO] HTTP Request: GET https://site.api.espn.com/apis/site/v2/sports/basketball/mens-college-basketball/summary?event=401804864 "HTTP/1.1 200 OK"
09:26:27 [INFO] HTTP Request: GET https://site.api.espn.com/apis/site/v2/sports/basketball/mens-college-basketball/summary?event=401804869 "HTTP/1.1 200 OK"
09:26:38 [INFO] HTTP Request: GET https://site.api.espn.com/apis/site/v2/sports/basketball/mens-college-basketball/summary?event=401804874 "HTTP/1.1 200 OK"
09:26:48 [INFO] HTTP Request: GET https://site.api.espn.com/apis/site/v2/sports/basketball/mens-college-basketball/summary?event=401804882 "HTTP/1.1 200 OK"
09:26:58 [INFO] HTTP Request: GET https://site.api.espn.com/apis/site/v2/sports/basketball/mens-college-basketball/summary?event=401804889 "HTTP/1.1 200 OK"
09:27:08 [INFO] HTTP Request: GET https://site.api.espn.com/apis/site/v2/sports/basketball/mens-college-basketball/summary?event=401804892 "HTTP/1.1 200 OK"
09:27:19 [INFO] HTTP Request: GET https://site.api.espn.com/apis/site/v2/sports/basketball/mens-college-basketball/summary?event=401804896 "HTTP/1.1 200 OK"
09:27:29 [INFO] HTTP Request: GET https://site.api.espn.com/apis/site/v2/sports/basketball/mens-college-basketball/summary?event=401804904 "HTTP/1.1 200 OK"
09:27:39 [INFO] HTTP Request: GET https://site.api.espn.com/apis/site/v2/sports/basketball/mens-college-basketball/summary?event=401804910 "HTTP/1.1 200 OK"
09:27:49 [INFO] HTTP Request: GET https://site.api.espn.com/apis/site/v2/sports/basketball/mens-college-basketball/summary?event=401804914 "HTTP/1.1 200 OK"
09:27:59 [INFO] HTTP Request: GET https://site.api.espn.com/apis/site/v2/sports/basketball/mens-college-basketball/summary?event=401804921 "HTTP/1.1 200 OK"
09:28:10 [INFO] HTTP Request: GET https://site.api.espn.com/apis/site/v2/sports/basketball/mens-college-basketball/summary?event=401804931 "HTTP/1.1 200 OK"
09:28:20 [INFO] HTTP Request: GET https://site.api.espn.com/apis/site/v2/sports/basketball/mens-college-basketball/summary?event=401804936 "HTTP/1.1 200 OK"
09:28:30 [INFO] HTTP Request: GET https://site.api.espn.com/apis/site/v2/sports/basketball/mens-college-basketball/summary?event=401804942 "HTTP/1.1 200 OK"
09:28:31 [INFO]   Loaded: 27 games, 582 player-game-stat rows
09:28:31 [INFO] 
============================================================
09:28:31 [INFO]   BATCH COMPLETE: 12 teams, 323 games, 6465 PGS rows
09:28:31 [INFO] ============================================================

============================================================
  ESPN BATCH — FINAL SUMMARY
============================================================
  Total teams:                2444
  Total players:              26255
  Total games:                12168
  Total player_game_stats:    300582
============================================================
