09:37:15 [INFO] Batch: 11 NCAA D1 teams via ESPN
09:37:15 [INFO] 
[1/11] Cleveland State Vikings
09:37:15 [INFO] Scraping team: Cleveland State Vikings (ESPN #325)
09:37:15 [INFO] HTTP Request: GET https://site.api.espn.com/apis/site/v2/sports/basketball/mens-college-basketball/teams/325/schedule?season=2026 "HTTP/1.1 200 OK"
09:37:16 [INFO]   Schedule: 30 completed games
09:37:26 [INFO] HTTP Request: GET https://site.api.espn.com/apis/site/v2/sports/basketball/mens-college-basketball/summary?event=401817153 "HTTP/1.1 200 OK"
09:37:36 [INFO] HTTP Request: GET https://site.api.espn.com/apis/site/v2/sports/basketball/mens-college-basketball/summary?event=401827484 "HTTP/1.1 200 OK"
09:37:47 [INFO] HTTP Request: GET https://site.api.espn.com/apis/site/v2/sports/basketball/mens-college-basketball/summary?event=401826913 "HTTP/1.1 200 OK"
09:37:57 [INFO] HTTP Request: GET https://site.api.espn.com/apis/site/v2/sports/basketball/mens-college-basketball/summary?event=401823011 "HTTP/1.1 200 OK"
09:38:07 [INFO] HTTP Request: GET https://site.api.espn.com/apis/site/v2/sports/basketball/mens-college-basketball/summary?event=401826070 "HTTP/1.1 200 OK"
09:38:18 [INFO] HTTP Request: GET https://site.api.espn.com/apis/site/v2/sports/basketball/mens-college-basketball/summary?event=401822332 "HTTP/1.1 200 OK"
09:38:28 [INFO] HTTP Request: GET https://site.api.espn.com/apis/site/v2/sports/basketball/mens-college-basketball/summary?event=401823014 "HTTP/1.1 200 OK"
09:38:38 [INFO] HTTP Request: GET https://site.api.espn.com/apis/site/v2/sports/basketball/mens-college-basketball/summary?event=401827485 "HTTP/1.1 200 OK"
09:38:49 [INFO] HTTP Request: GET https://site.api.espn.com/apis/site/v2/sports/basketball/mens-college-basketball/summary?event=401827486 "HTTP/1.1 200 OK"
09:38:59 [INFO] HTTP Request: GET https://site.api.espn.com/apis/site/v2/sports/basketball/mens-college-basketball/summary?event=401817504 "HTTP/1.1 200 OK"
09:39:09 [INFO] HTTP Request: GET https://site.api.espn.com/apis/site/v2/sports/basketball/mens-college-basketball/summary?event=401817507 "HTTP/1.1 200 OK"
09:39:20 [INFO] HTTP Request: GET https://site.api.espn.com/apis/site/v2/sports/basketball/mens-college-basketball/summary?event=401827487 "HTTP/1.1 200 OK"
09:39:30 [INFO] HTTP Request: GET https://site.api.espn.com/apis/site/v2/sports/basketball/mens-college-basketball/summary?event=401826877 "HTTP/1.1 200 OK"
09:39:40 [INFO] HTTP Request: GET https://site.api.espn.com/apis/site/v2/sports/basketball/mens-college-basketball/summary?event=401817595 "HTTP/1.1 200 OK"
09:39:51 [INFO] HTTP Request: GET https://site.api.espn.com/apis/site/v2/sports/basketball/mens-college-basketball/summary?event=401817596 "HTTP/1.1 200 OK"
09:40:01 [INFO] HTTP Request: GET https://site.api.espn.com/apis/site/v2/sports/basketball/mens-college-basketball/summary?event=401817607 "HTTP/1.1 200 OK"
09:40:12 [INFO] HTTP Request: GET https://site.api.espn.com/apis/site/v2/sports/basketball/mens-college-basketball/summary?event=401817615 "HTTP/1.1 200 OK"
09:40:22 [INFO] HTTP Request: GET https://site.api.espn.com/apis/site/v2/sports/basketball/mens-college-basketball/summary?event=401817620 "HTTP/1.1 200 OK"
09:40:32 [INFO] HTTP Request: GET https://site.api.espn.com/apis/site/v2/sports/basketball/mens-college-basketball/summary?event=401817621 "HTTP/1.1 200 OK"
09:40:43 [INFO] HTTP Request: GET https://site.api.espn.com/apis/site/v2/sports/basketball/mens-college-basketball/summary?event=401817627 "HTTP/1.1 200 OK"
09:40:53 [INFO] HTTP Request: GET https://site.api.espn.com/apis/site/v2/sports/basketball/mens-college-basketball/summary?event=401817633 "HTTP/1.1 200 OK"
09:41:03 [INFO] HTTP Request: GET https://site.api.espn.com/apis/site/v2/sports/basketball/mens-college-basketball/summary?event=401817646 "HTTP/1.1 200 OK"
09:41:13 [INFO] HTTP Request: GET https://site.api.espn.com/apis/site/v2/sports/basketball/mens-college-basketball/summary?event=401817650 "HTTP/1.1 200 OK"
09:41:24 [INFO] HTTP Request: GET https://site.api.espn.com/apis/site/v2/sports/basketball/mens-college-basketball/summary?event=401817654 "HTTP/1.1 200 OK"
09:41:34 [INFO] HTTP Request: GET https://site.api.espn.com/apis/site/v2/sports/basketball/mens-college-basketball/summary?event=401817659 "HTTP/1.1 200 OK"
09:41:44 [INFO] HTTP Request: GET https://site.api.espn.com/apis/site/v2/sports/basketball/mens-college-basketball/summary?event=401817665 "HTTP/1.1 200 OK"
09:41:54 [INFO] HTTP Request: GET https://site.api.espn.com/apis/site/v2/sports/basketball/mens-college-basketball/summary?event=401817669 "HTTP/1.1 200 OK"
09:42:05 [INFO] HTTP Request: GET https://site.api.espn.com/apis/site/v2/sports/basketball/mens-college-basketball/summary?event=401817672 "HTTP/1.1 200 OK"
09:42:15 [INFO] HTTP Request: GET https://site.api.espn.com/apis/site/v2/sports/basketball/mens-college-basketball/summary?event=401817678 "HTTP/1.1 200 OK"
09:42:25 [INFO] HTTP Request: GET https://site.api.espn.com/apis/site/v2/sports/basketball/mens-college-basketball/summary?event=401817681 "HTTP/1.1 200 OK"
09:42:25 [INFO]   Loaded: 30 games, 625 player-game-stat rows
09:42:25 [INFO] 
[2/11] Detroit Mercy Titans
09:42:25 [INFO] Scraping team: Detroit Mercy Titans (ESPN #2174)
09:42:36 [INFO] HTTP Request: GET https://site.api.espn.com/apis/site/v2/sports/basketball/mens-college-basketball/teams/2174/schedule?season=2026 "HTTP/1.1 200 OK"
09:42:36 [INFO]   Schedule: 28 completed games
09:42:46 [INFO] HTTP Request: GET https://site.api.espn.com/apis/site/v2/sports/basketball/mens-college-basketball/summary?event=401823367 "HTTP/1.1 200 OK"
09:42:56 [INFO] HTTP Request: GET https://site.api.espn.com/apis/site/v2/sports/basketball/mens-college-basketball/summary?event=401817132 "HTTP/1.1 200 OK"
09:43:07 [INFO] HTTP Request: GET https://site.api.espn.com/apis/site/v2/sports/basketball/mens-college-basketball/summary?event=401823368 "HTTP/1.1 200 OK"
09:43:17 [INFO] HTTP Request: GET https://site.api.espn.com/apis/site/v2/sports/basketball/mens-college-basketball/summary?event=401823369 "HTTP/1.1 200 OK"
09:43:27 [INFO] HTTP Request: GET https://site.api.espn.com/apis/site/v2/sports/basketball/mens-college-basketball/summary?event=401823370 "HTTP/1.1 200 OK"
09:43:38 [INFO] HTTP Request: GET https://site.api.espn.com/apis/site/v2/sports/basketball/mens-college-basketball/summary?event=401823371 "HTTP/1.1 200 OK"
09:43:48 [INFO] HTTP Request: GET https://site.api.espn.com/apis/site/v2/sports/basketball/mens-college-basketball/summary?event=401823372 "HTTP/1.1 200 OK"
09:43:59 [INFO] HTTP Request: GET https://site.api.espn.com/apis/site/v2/sports/basketball/mens-college-basketball/summary?event=401813379 "HTTP/1.1 200 OK"
09:44:09 [INFO] HTTP Request: GET https://site.api.espn.com/apis/site/v2/sports/basketball/mens-college-basketball/summary?event=401817501 "HTTP/1.1 200 OK"
09:44:19 [INFO] HTTP Request: GET https://site.api.espn.com/apis/site/v2/sports/basketball/mens-college-basketball/summary?event=401817507 "HTTP/1.1 200 OK"
09:44:30 [INFO] HTTP Request: GET https://site.api.espn.com/apis/site/v2/sports/basketball/mens-college-basketball/summary?event=401817512 "HTTP/1.1 200 OK"
09:44:40 [INFO] HTTP Request: GET https://site.api.espn.com/apis/site/v2/sports/basketball/mens-college-basketball/summary?event=401823373 "HTTP/1.1 200 OK"
09:44:50 [INFO] HTTP Request: GET https://site.api.espn.com/apis/site/v2/sports/basketball/mens-college-basketball/summary?event=401817599 "HTTP/1.1 200 OK"
09:45:01 [INFO] HTTP Request: GET https://site.api.espn.com/apis/site/v2/sports/basketball/mens-college-basketball/summary?event=401817605 "HTTP/1.1 200 OK"
09:45:11 [INFO] HTTP Request: GET https://site.api.espn.com/apis/site/v2/sports/basketball/mens-college-basketball/summary?event=401817614 "HTTP/1.1 200 OK"
09:45:21 [INFO] HTTP Request: GET https://site.api.espn.com/apis/site/v2/sports/basketball/mens-college-basketball/summary?event=401817620 "HTTP/1.1 200 OK"
09:45:31 [INFO] HTTP Request: GET https://site.api.espn.com/apis/site/v2/sports/basketball/mens-college-basketball/summary?event=401817622 "HTTP/1.1 200 OK"
09:45:42 [INFO] HTTP Request: GET https://site.api.espn.com/apis/site/v2/sports/basketball/mens-college-basketball/summary?event=401817626 "HTTP/1.1 200 OK"
09:45:53 [INFO] HTTP Request: GET https://site.api.espn.com/apis/site/v2/sports/basketball/mens-college-basketball/summary?event=401817632 "HTTP/1.1 200 OK"
09:46:03 [INFO] HTTP Request: GET https://site.api.espn.com/apis/site/v2/sports/basketball/mens-college-basketball/summary?event=401817639 "HTTP/1.1 200 OK"
09:46:13 [INFO] HTTP Request: GET https://site.api.espn.com/apis/site/v2/sports/basketball/mens-college-basketball/summary?event=401817644 "HTTP/1.1 200 OK"
09:46:24 [INFO] HTTP Request: GET https://site.api.espn.com/apis/site/v2/sports/basketball/mens-college-basketball/summary?event=401817653 "HTTP/1.1 200 OK"
09:46:34 [INFO] HTTP Request: GET https://site.api.espn.com/apis/site/v2/sports/basketball/mens-college-basketball/summary?event=401817658 "HTTP/1.1 200 OK"
09:46:45 [INFO] HTTP Request: GET https://site.api.espn.com/apis/site/v2/sports/basketball/mens-college-basketball/summary?event=401817663 "HTTP/1.1 200 OK"
09:46:55 [INFO] HTTP Request: GET https://site.api.espn.com/apis/site/v2/sports/basketball/mens-college-basketball/summary?event=401817668 "HTTP/1.1 200 OK"
09:47:05 [INFO] HTTP Request: GET https://site.api.espn.com/apis/site/v2/sports/basketball/mens-college-basketball/summary?event=401817675 "HTTP/1.1 200 OK"
09:47:15 [INFO] HTTP Request: GET https://site.api.espn.com/apis/site/v2/sports/basketball/mens-college-basketball/summary?event=401817676 "HTTP/1.1 200 OK"
09:47:26 [INFO] HTTP Request: GET https://site.api.espn.com/apis/site/v2/sports/basketball/mens-college-basketball/summary?event=401817683 "HTTP/1.1 200 OK"
09:47:26 [INFO]   Loaded: 28 games, 603 player-game-stat rows
09:47:26 [INFO] 
[3/11] Green Bay Phoenix
09:47:26 [INFO] Scraping team: Green Bay Phoenix (ESPN #2739)
09:47:36 [INFO] HTTP Request: GET https://site.api.espn.com/apis/site/v2/sports/basketball/mens-college-basketball/teams/2739/schedule?season=2026 "HTTP/1.1 200 OK"
09:47:36 [INFO]   Schedule: 30 completed games
09:47:46 [INFO] HTTP Request: GET https://site.api.espn.com/apis/site/v2/sports/basketball/mens-college-basketball/summary?event=401819882 "HTTP/1.1 200 OK"
09:47:57 [INFO] HTTP Request: GET https://site.api.espn.com/apis/site/v2/sports/basketball/mens-college-basketball/summary?event=401823426 "HTTP/1.1 200 OK"
09:48:07 [INFO] HTTP Request: GET https://site.api.espn.com/apis/site/v2/sports/basketball/mens-college-basketball/summary?event=401828476 "HTTP/1.1 200 OK"
09:48:18 [INFO] HTTP Request: GET https://site.api.espn.com/apis/site/v2/sports/basketball/mens-college-basketball/summary?event=401828477 "HTTP/1.1 200 OK"
09:48:28 [INFO] HTTP Request: GET https://site.api.espn.com/apis/site/v2/sports/basketball/mens-college-basketball/summary?event=401827235 "HTTP/1.1 200 OK"
09:48:39 [INFO] HTTP Request: GET https://site.api.espn.com/apis/site/v2/sports/basketball/mens-college-basketball/summary?event=401818301 "HTTP/1.1 200 OK"
09:48:49 [INFO] HTTP Request: GET https://site.api.espn.com/apis/site/v2/sports/basketball/mens-college-basketball/summary?event=401831206 "HTTP/1.1 200 OK"
09:48:59 [INFO] HTTP Request: GET https://site.api.espn.com/apis/site/v2/sports/basketball/mens-college-basketball/summary?event=401831210 "HTTP/1.1 200 OK"
09:49:10 [INFO] HTTP Request: GET https://site.api.espn.com/apis/site/v2/sports/basketball/mens-college-basketball/summary?event=401828478 "HTTP/1.1 200 OK"
09:49:20 [INFO] HTTP Request: GET https://site.api.espn.com/apis/site/v2/sports/basketball/mens-college-basketball/summary?event=401817505 "HTTP/1.1 200 OK"
09:49:31 [INFO] HTTP Request: GET https://site.api.espn.com/apis/site/v2/sports/basketball/mens-college-basketball/summary?event=401817510 "HTTP/1.1 200 OK"
09:49:41 [INFO] HTTP Request: GET https://site.api.espn.com/apis/site/v2/sports/basketball/mens-college-basketball/summary?event=401817511 "HTTP/1.1 200 OK"
09:49:51 [INFO] HTTP Request: GET https://site.api.espn.com/apis/site/v2/sports/basketball/mens-college-basketball/summary?event=401828479 "HTTP/1.1 200 OK"
09:50:02 [INFO] HTTP Request: GET https://site.api.espn.com/apis/site/v2/sports/basketball/mens-college-basketball/summary?event=401828299 "HTTP/1.1 200 OK"
09:50:12 [INFO] HTTP Request: GET https://site.api.espn.com/apis/site/v2/sports/basketball/mens-college-basketball/summary?event=401817601 "HTTP/1.1 200 OK"
09:50:22 [INFO] HTTP Request: GET https://site.api.espn.com/apis/site/v2/sports/basketball/mens-college-basketball/summary?event=401817610 "HTTP/1.1 200 OK"
09:50:33 [INFO] HTTP Request: GET https://site.api.espn.com/apis/site/v2/sports/basketball/mens-college-basketball/summary?event=401817612 "HTTP/1.1 200 OK"
09:50:43 [INFO] HTTP Request: GET https://site.api.espn.com/apis/site/v2/sports/basketball/mens-college-basketball/summary?event=401817618 "HTTP/1.1 200 OK"
09:50:54 [INFO] HTTP Request: GET https://site.api.espn.com/apis/site/v2/sports/basketball/mens-college-basketball/summary?event=401817621 "HTTP/1.1 200 OK"
09:51:04 [INFO] HTTP Request: GET https://site.api.espn.com/apis/site/v2/sports/basketball/mens-college-basketball/summary?event=401817630 "HTTP/1.1 200 OK"
09:51:14 [INFO] HTTP Request: GET https://site.api.espn.com/apis/site/v2/sports/basketball/mens-college-basketball/summary?event=401817634 "HTTP/1.1 200 OK"
09:51:25 [INFO] HTTP Request: GET https://site.api.espn.com/apis/site/v2/sports/basketball/mens-college-basketball/summary?event=401817636 "HTTP/1.1 200 OK"
09:51:35 [INFO] HTTP Request: GET https://site.api.espn.com/apis/site/v2/sports/basketball/mens-college-basketball/summary?event=401817646 "HTTP/1.1 200 OK"
09:51:45 [INFO] HTTP Request: GET https://site.api.espn.com/apis/site/v2/sports/basketball/mens-college-basketball/summary?event=401817649 "HTTP/1.1 200 OK"
09:51:56 [INFO] HTTP Request: GET https://site.api.espn.com/apis/site/v2/sports/basketball/mens-college-basketball/summary?event=401817651 "HTTP/1.1 200 OK"
09:52:06 [INFO] HTTP Request: GET https://site.api.espn.com/apis/site/v2/sports/basketball/mens-college-basketball/summary?event=401817658 "HTTP/1.1 200 OK"
09:52:17 [INFO] HTTP Request: GET https://site.api.espn.com/apis/site/v2/sports/basketball/mens-college-basketball/summary?event=401817661 "HTTP/1.1 200 OK"
09:52:27 [INFO] HTTP Request: GET https://site.api.espn.com/apis/site/v2/sports/basketball/mens-college-basketball/summary?event=401817666 "HTTP/1.1 200 OK"
09:52:37 [INFO] HTTP Request: GET https://site.api.espn.com/apis/site/v2/sports/basketball/mens-college-basketball/summary?event=401817674 "HTTP/1.1 200 OK"
09:52:48 [INFO] HTTP Request: GET https://site.api.espn.com/apis/site/v2/sports/basketball/mens-college-basketball/summary?event=401817676 "HTTP/1.1 200 OK"
09:52:48 [INFO]   Loaded: 30 games, 606 player-game-stat rows
09:52:48 [INFO] 
[4/11] IU Indianapolis Jaguars
09:52:48 [INFO] Scraping team: IU Indianapolis Jaguars (ESPN #85)
09:52:58 [INFO] HTTP Request: GET https://site.api.espn.com/apis/site/v2/sports/basketball/mens-college-basketball/teams/85/schedule?season=2026 "HTTP/1.1 200 OK"
09:52:58 [INFO]   Schedule: 30 completed games
09:53:08 [INFO] HTTP Request: GET https://site.api.espn.com/apis/site/v2/sports/basketball/mens-college-basketball/summary?event=401823374 "HTTP/1.1 200 OK"
09:53:19 [INFO] HTTP Request: GET https://site.api.espn.com/apis/site/v2/sports/basketball/mens-college-basketball/summary?event=401812351 "HTTP/1.1 200 OK"
09:53:29 [INFO] HTTP Request: GET https://site.api.espn.com/apis/site/v2/sports/basketball/mens-college-basketball/summary?event=401820823 "HTTP/1.1 200 OK"
09:53:39 [INFO] HTTP Request: GET https://site.api.espn.com/apis/site/v2/sports/basketball/mens-college-basketball/summary?event=401823375 "HTTP/1.1 200 OK"
09:53:50 [INFO] HTTP Request: GET https://site.api.espn.com/apis/site/v2/sports/basketball/mens-college-basketball/summary?event=401823376 "HTTP/1.1 200 OK"
09:54:00 [INFO] HTTP Request: GET https://site.api.espn.com/apis/site/v2/sports/basketball/mens-college-basketball/summary?event=401820841 "HTTP/1.1 200 OK"
09:54:11 [INFO] HTTP Request: GET https://site.api.espn.com/apis/site/v2/sports/basketball/mens-college-basketball/summary?event=401823377 "HTTP/1.1 200 OK"
09:54:21 [INFO] HTTP Request: GET https://site.api.espn.com/apis/site/v2/sports/basketball/mens-college-basketball/summary?event=401820554 "HTTP/1.1 200 OK"
09:54:31 [INFO] HTTP Request: GET https://site.api.espn.com/apis/site/v2/sports/basketball/mens-college-basketball/summary?event=401823378 "HTTP/1.1 200 OK"
09:54:42 [INFO] HTTP Request: GET https://site.api.espn.com/apis/site/v2/sports/basketball/mens-college-basketball/summary?event=401817501 "HTTP/1.1 200 OK"
09:54:52 [INFO] HTTP Request: GET https://site.api.espn.com/apis/site/v2/sports/basketball/mens-college-basketball/summary?event=401817508 "HTTP/1.1 200 OK"
09:55:02 [INFO] HTTP Request: GET https://site.api.espn.com/apis/site/v2/sports/basketball/mens-college-basketball/summary?event=401817511 "HTTP/1.1 200 OK"
09:55:12 [INFO] HTTP Request: GET https://site.api.espn.com/apis/site/v2/sports/basketball/mens-college-basketball/summary?event=401823379 "HTTP/1.1 200 OK"
09:55:23 [INFO] HTTP Request: GET https://site.api.espn.com/apis/site/v2/sports/basketball/mens-college-basketball/summary?event=401823380 "HTTP/1.1 200 OK"
09:55:33 [INFO] HTTP Request: GET https://site.api.espn.com/apis/site/v2/sports/basketball/mens-college-basketball/summary?event=401817596 "HTTP/1.1 200 OK"
09:55:43 [INFO] HTTP Request: GET https://site.api.espn.com/apis/site/v2/sports/basketball/mens-college-basketball/summary?event=401817603 "HTTP/1.1 200 OK"
09:55:54 [INFO] HTTP Request: GET https://site.api.espn.com/apis/site/v2/sports/basketball/mens-college-basketball/summary?event=401817606 "HTTP/1.1 200 OK"
09:56:04 [INFO] HTTP Request: GET https://site.api.espn.com/apis/site/v2/sports/basketball/mens-college-basketball/summary?event=401817612 "HTTP/1.1 200 OK"
09:56:14 [INFO] HTTP Request: GET https://site.api.espn.com/apis/site/v2/sports/basketball/mens-college-basketball/summary?event=401817616 "HTTP/1.1 200 OK"
09:56:25 [INFO] HTTP Request: GET https://site.api.espn.com/apis/site/v2/sports/basketball/mens-college-basketball/summary?event=401817625 "HTTP/1.1 200 OK"
09:56:35 [INFO] HTTP Request: GET https://site.api.espn.com/apis/site/v2/sports/basketball/mens-college-basketball/summary?event=401817626 "HTTP/1.1 200 OK"
09:56:46 [INFO] HTTP Request: GET https://site.api.espn.com/apis/site/v2/sports/basketball/mens-college-basketball/summary?event=401817631 "HTTP/1.1 200 OK"
09:56:56 [INFO] HTTP Request: GET https://site.api.espn.com/apis/site/v2/sports/basketball/mens-college-basketball/summary?event=401817641 "HTTP/1.1 200 OK"
09:57:07 [INFO] HTTP Request: GET https://site.api.espn.com/apis/site/v2/sports/basketball/mens-college-basketball/summary?event=401817643 "HTTP/1.1 200 OK"
09:57:17 [INFO] HTTP Request: GET https://site.api.espn.com/apis/site/v2/sports/basketball/mens-college-basketball/summary?event=401817659 "HTTP/1.1 200 OK"
09:57:27 [INFO] HTTP Request: GET https://site.api.espn.com/apis/site/v2/sports/basketball/mens-college-basketball/summary?event=401817686 "HTTP/1.1 200 OK"
09:57:38 [INFO] HTTP Request: GET https://site.api.espn.com/apis/site/v2/sports/basketball/mens-college-basketball/summary?event=401817662 "HTTP/1.1 200 OK"
09:57:48 [INFO] HTTP Request: GET https://site.api.espn.com/apis/site/v2/sports/basketball/mens-college-basketball/summary?event=401817667 "HTTP/1.1 200 OK"
09:57:59 [INFO] HTTP Request: GET https://site.api.espn.com/apis/site/v2/sports/basketball/mens-college-basketball/summary?event=401817673 "HTTP/1.1 200 OK"
09:58:09 [INFO] HTTP Request: GET https://site.api.espn.com/apis/site/v2/sports/basketball/mens-college-basketball/summary?event=401817684 "HTTP/1.1 200 OK"
09:58:09 [INFO]   Loaded: 30 games, 610 player-game-stat rows
09:58:09 [INFO] 
[5/11] Milwaukee Panthers
09:58:09 [INFO] Scraping team: Milwaukee Panthers (ESPN #270)
09:58:20 [INFO] HTTP Request: GET https://site.api.espn.com/apis/site/v2/sports/basketball/mens-college-basketball/teams/270/schedule?season=2026 "HTTP/1.1 200 OK"
09:58:20 [INFO]   Schedule: 31 completed games
09:58:30 [INFO] HTTP Request: GET https://site.api.espn.com/apis/site/v2/sports/basketball/mens-college-basketball/summary?event=401822308 "HTTP/1.1 200 OK"
09:58:40 [INFO] HTTP Request: GET https://site.api.espn.com/apis/site/v2/sports/basketball/mens-college-basketball/summary?event=401822309 "HTTP/1.1 200 OK"
09:58:51 [INFO] HTTP Request: GET https://site.api.espn.com/apis/site/v2/sports/basketball/mens-college-basketball/summary?event=401822310 "HTTP/1.1 200 OK"
09:59:01 [INFO] HTTP Request: GET https://site.api.espn.com/apis/site/v2/sports/basketball/mens-college-basketball/summary?event=401822311 "HTTP/1.1 200 OK"
09:59:12 [INFO] HTTP Request: GET https://site.api.espn.com/apis/site/v2/sports/basketball/mens-college-basketball/summary?event=401819900 "HTTP/1.1 200 OK"
09:59:22 [INFO] HTTP Request: GET https://site.api.espn.com/apis/site/v2/sports/basketball/mens-college-basketball/summary?event=401822312 "HTTP/1.1 200 OK"
09:59:32 [INFO] HTTP Request: GET https://site.api.espn.com/apis/site/v2/sports/basketball/mens-college-basketball/summary?event=401822313 "HTTP/1.1 200 OK"
09:59:43 [INFO] HTTP Request: GET https://site.api.espn.com/apis/site/v2/sports/basketball/mens-college-basketball/summary?event=401820600 "HTTP/1.1 200 OK"
09:59:53 [INFO] HTTP Request: GET https://site.api.espn.com/apis/site/v2/sports/basketball/mens-college-basketball/summary?event=401817509 "HTTP/1.1 200 OK"
10:00:03 [INFO] HTTP Request: GET https://site.api.espn.com/apis/site/v2/sports/basketball/mens-college-basketball/summary?event=401822314 "HTTP/1.1 200 OK"
10:00:13 [INFO] HTTP Request: GET https://site.api.espn.com/apis/site/v2/sports/basketball/mens-college-basketball/summary?event=401822315 "HTTP/1.1 200 OK"
10:00:24 [INFO] HTTP Request: GET https://site.api.espn.com/apis/site/v2/sports/basketball/mens-college-basketball/summary?event=401817595 "HTTP/1.1 200 OK"
10:00:34 [INFO] HTTP Request: GET https://site.api.espn.com/apis/site/v2/sports/basketball/mens-college-basketball/summary?event=401817597 "HTTP/1.1 200 OK"
10:00:44 [INFO] HTTP Request: GET https://site.api.espn.com/apis/site/v2/sports/basketball/mens-college-basketball/summary?event=401822316 "HTTP/1.1 200 OK"
10:00:54 [INFO] HTTP Request: GET https://site.api.espn.com/apis/site/v2/sports/basketball/mens-college-basketball/summary?event=401817602 "HTTP/1.1 200 OK"
10:01:05 [INFO] HTTP Request: GET https://site.api.espn.com/apis/site/v2/sports/basketball/mens-college-basketball/summary?event=401817610 "HTTP/1.1 200 OK"
10:01:16 [INFO] HTTP Request: GET https://site.api.espn.com/apis/site/v2/sports/basketball/mens-college-basketball/summary?event=401817613 "HTTP/1.1 200 OK"
10:01:26 [INFO] HTTP Request: GET https://site.api.espn.com/apis/site/v2/sports/basketball/mens-college-basketball/summary?event=401817616 "HTTP/1.1 200 OK"
10:01:36 [INFO] HTTP Request: GET https://site.api.espn.com/apis/site/v2/sports/basketball/mens-college-basketball/summary?event=401817623 "HTTP/1.1 200 OK"
10:01:47 [INFO] HTTP Request: GET https://site.api.espn.com/apis/site/v2/sports/basketball/mens-college-basketball/summary?event=401817629 "HTTP/1.1 200 OK"
10:01:57 [INFO] HTTP Request: GET https://site.api.espn.com/apis/site/v2/sports/basketball/mens-college-basketball/summary?event=401817635 "HTTP/1.1 200 OK"
10:02:08 [INFO] HTTP Request: GET https://site.api.espn.com/apis/site/v2/sports/basketball/mens-college-basketball/summary?event=401817637 "HTTP/1.1 200 OK"
10:02:18 [INFO] HTTP Request: GET https://site.api.espn.com/apis/site/v2/sports/basketball/mens-college-basketball/summary?event=401817645 "HTTP/1.1 200 OK"
10:02:28 [INFO] HTTP Request: GET https://site.api.espn.com/apis/site/v2/sports/basketball/mens-college-basketball/summary?event=401817650 "HTTP/1.1 200 OK"
10:02:39 [INFO] HTTP Request: GET https://site.api.espn.com/apis/site/v2/sports/basketball/mens-college-basketball/summary?event=401817653 "HTTP/1.1 200 OK"
10:02:49 [INFO] HTTP Request: GET https://site.api.espn.com/apis/site/v2/sports/basketball/mens-college-basketball/summary?event=401817656 "HTTP/1.1 200 OK"
10:02:59 [INFO] HTTP Request: GET https://site.api.espn.com/apis/site/v2/sports/basketball/mens-college-basketball/summary?event=401817686 "HTTP/1.1 200 OK"
10:03:09 [INFO] HTTP Request: GET https://site.api.espn.com/apis/site/v2/sports/basketball/mens-college-basketball/summary?event=401817666 "HTTP/1.1 200 OK"
10:03:20 [INFO] HTTP Request: GET https://site.api.espn.com/apis/site/v2/sports/basketball/mens-college-basketball/summary?event=401817675 "HTTP/1.1 200 OK"
10:03:30 [INFO] HTTP Request: GET https://site.api.espn.com/apis/site/v2/sports/basketball/mens-college-basketball/summary?event=401817677 "HTTP/1.1 200 OK"
10:03:41 [INFO] HTTP Request: GET https://site.api.espn.com/apis/site/v2/sports/basketball/mens-college-basketball/summary?event=401817685 "HTTP/1.1 200 OK"
10:03:41 [INFO]   Loaded: 31 games, 631 player-game-stat rows
10:03:41 [INFO] 
[6/11] Northern Kentucky Norse
10:03:41 [INFO] Scraping team: Northern Kentucky Norse (ESPN #94)
10:03:51 [INFO] HTTP Request: GET https://site.api.espn.com/apis/site/v2/sports/basketball/mens-college-basketball/teams/94/schedule?season=2026 "HTTP/1.1 200 OK"
10:03:51 [INFO]   Schedule: 30 completed games
10:04:02 [INFO] HTTP Request: GET https://site.api.espn.com/apis/site/v2/sports/basketball/mens-college-basketball/summary?event=401823381 "HTTP/1.1 200 OK"
10:04:12 [INFO] HTTP Request: GET https://site.api.espn.com/apis/site/v2/sports/basketball/mens-college-basketball/summary?event=401823382 "HTTP/1.1 200 OK"
10:04:22 [INFO] HTTP Request: GET https://site.api.espn.com/apis/site/v2/sports/basketball/mens-college-basketball/summary?event=401824886 "HTTP/1.1 200 OK"
10:04:33 [INFO] HTTP Request: GET https://site.api.espn.com/apis/site/v2/sports/basketball/mens-college-basketball/summary?event=401823384 "HTTP/1.1 200 OK"
10:04:43 [INFO] HTTP Request: GET https://site.api.espn.com/apis/site/v2/sports/basketball/mens-college-basketball/summary?event=401823385 "HTTP/1.1 200 OK"
10:04:54 [INFO] HTTP Request: GET https://site.api.espn.com/apis/site/v2/sports/basketball/mens-college-basketball/summary?event=401823386 "HTTP/1.1 200 OK"
10:05:04 [INFO] HTTP Request: GET https://site.api.espn.com/apis/site/v2/sports/basketball/mens-college-basketball/summary?event=401823387 "HTTP/1.1 200 OK"
10:05:15 [INFO] HTTP Request: GET https://site.api.espn.com/apis/site/v2/sports/basketball/mens-college-basketball/summary?event=401823388 "HTTP/1.1 200 OK"
10:05:25 [INFO] HTTP Request: GET https://site.api.espn.com/apis/site/v2/sports/basketball/mens-college-basketball/summary?event=401817504 "HTTP/1.1 200 OK"
10:05:35 [INFO] HTTP Request: GET https://site.api.espn.com/apis/site/v2/sports/basketball/mens-college-basketball/summary?event=401817506 "HTTP/1.1 200 OK"
10:05:46 [INFO] HTTP Request: GET https://site.api.espn.com/apis/site/v2/sports/basketball/mens-college-basketball/summary?event=401823389 "HTTP/1.1 200 OK"
10:05:57 [INFO] HTTP Request: GET https://site.api.espn.com/apis/site/v2/sports/basketball/mens-college-basketball/summary?event=401823221 "HTTP/1.1 200 OK"
10:06:07 [INFO] HTTP Request: GET https://site.api.espn.com/apis/site/v2/sports/basketball/mens-college-basketball/summary?event=401817593 "HTTP/1.1 200 OK"
10:06:17 [INFO] HTTP Request: GET https://site.api.espn.com/apis/site/v2/sports/basketball/mens-college-basketball/summary?event=401823390 "HTTP/1.1 200 OK"
10:06:28 [INFO] HTTP Request: GET https://site.api.espn.com/apis/site/v2/sports/basketball/mens-college-basketball/summary?event=401817598 "HTTP/1.1 200 OK"
10:06:38 [INFO] HTTP Request: GET https://site.api.espn.com/apis/site/v2/sports/basketball/mens-college-basketball/summary?event=401817603 "HTTP/1.1 200 OK"
10:06:49 [INFO] HTTP Request: GET https://site.api.espn.com/apis/site/v2/sports/basketball/mens-college-basketball/summary?event=401817608 "HTTP/1.1 200 OK"
10:06:59 [INFO] HTTP Request: GET https://site.api.espn.com/apis/site/v2/sports/basketball/mens-college-basketball/summary?event=401817613 "HTTP/1.1 200 OK"
10:07:10 [INFO] HTTP Request: GET https://site.api.espn.com/apis/site/v2/sports/basketball/mens-college-basketball/summary?event=401817618 "HTTP/1.1 200 OK"
10:07:20 [INFO] HTTP Request: GET https://site.api.espn.com/apis/site/v2/sports/basketball/mens-college-basketball/summary?event=401817622 "HTTP/1.1 200 OK"
10:07:30 [INFO] HTTP Request: GET https://site.api.espn.com/apis/site/v2/sports/basketball/mens-college-basketball/summary?event=401817628 "HTTP/1.1 200 OK"
10:07:41 [INFO] HTTP Request: GET https://site.api.espn.com/apis/site/v2/sports/basketball/mens-college-basketball/summary?event=401817638 "HTTP/1.1 200 OK"
10:07:51 [INFO] HTTP Request: GET https://site.api.espn.com/apis/site/v2/sports/basketball/mens-college-basketball/summary?event=401817644 "HTTP/1.1 200 OK"
10:08:01 [INFO] HTTP Request: GET https://site.api.espn.com/apis/site/v2/sports/basketball/mens-college-basketball/summary?event=401817648 "HTTP/1.1 200 OK"
10:08:11 [INFO] HTTP Request: GET https://site.api.espn.com/apis/site/v2/sports/basketball/mens-college-basketball/summary?event=401817651 "HTTP/1.1 200 OK"
10:08:22 [INFO] HTTP Request: GET https://site.api.espn.com/apis/site/v2/sports/basketball/mens-college-basketball/summary?event=401817656 "HTTP/1.1 200 OK"
10:08:32 [INFO] HTTP Request: GET https://site.api.espn.com/apis/site/v2/sports/basketball/mens-college-basketball/summary?event=401817662 "HTTP/1.1 200 OK"
10:08:43 [INFO] HTTP Request: GET https://site.api.espn.com/apis/site/v2/sports/basketball/mens-college-basketball/summary?event=401817671 "HTTP/1.1 200 OK"
10:08:53 [INFO] HTTP Request: GET https://site.api.espn.com/apis/site/v2/sports/basketball/mens-college-basketball/summary?event=401817680 "HTTP/1.1 200 OK"
10:09:03 [INFO] HTTP Request: GET https://site.api.espn.com/apis/site/v2/sports/basketball/mens-college-basketball/summary?event=401817681 "HTTP/1.1 200 OK"
10:09:03 [INFO]   Loaded: 30 games, 589 player-game-stat rows
10:09:03 [INFO] 
[7/11] Oakland Golden Grizzlies
10:09:03 [INFO] Scraping team: Oakland Golden Grizzlies (ESPN #2473)
10:09:13 [INFO] HTTP Request: GET https://site.api.espn.com/apis/site/v2/sports/basketball/mens-college-basketball/teams/2473/schedule?season=2026 "HTTP/1.1 200 OK"
10:09:13 [INFO]   Schedule: 30 completed games
10:09:24 [INFO] HTTP Request: GET https://site.api.espn.com/apis/site/v2/sports/basketball/mens-college-basketball/summary?event=401826083 "HTTP/1.1 200 OK"
10:09:35 [INFO] HTTP Request: GET https://site.api.espn.com/apis/site/v2/sports/basketball/mens-college-basketball/summary?event=401826869 "HTTP/1.1 200 OK"
10:09:45 [INFO] HTTP Request: GET https://site.api.espn.com/apis/site/v2/sports/basketball/mens-college-basketball/summary?event=401824811 "HTTP/1.1 200 OK"
10:09:55 [INFO] HTTP Request: GET https://site.api.espn.com/apis/site/v2/sports/basketball/mens-college-basketball/summary?event=401826870 "HTTP/1.1 200 OK"
10:10:06 [INFO] HTTP Request: GET https://site.api.espn.com/apis/site/v2/sports/basketball/mens-college-basketball/summary?event=401824827 "HTTP/1.1 200 OK"
10:10:16 [INFO] HTTP Request: GET https://site.api.espn.com/apis/site/v2/sports/basketball/mens-college-basketball/summary?event=401826871 "HTTP/1.1 200 OK"
10:10:26 [INFO] HTTP Request: GET https://site.api.espn.com/apis/site/v2/sports/basketball/mens-college-basketball/summary?event=401826872 "HTTP/1.1 200 OK"
10:10:36 [INFO] HTTP Request: GET https://site.api.espn.com/apis/site/v2/sports/basketball/mens-college-basketball/summary?event=401826873 "HTTP/1.1 200 OK"
10:10:47 [INFO] HTTP Request: GET https://site.api.espn.com/apis/site/v2/sports/basketball/mens-college-basketball/summary?event=401817502 "HTTP/1.1 200 OK"
10:10:57 [INFO] HTTP Request: GET https://site.api.espn.com/apis/site/v2/sports/basketball/mens-college-basketball/summary?event=401823471 "HTTP/1.1 200 OK"
10:11:08 [INFO] HTTP Request: GET https://site.api.espn.com/apis/site/v2/sports/basketball/mens-college-basketball/summary?event=401820548 "HTTP/1.1 200 OK"
10:11:18 [INFO] HTTP Request: GET https://site.api.espn.com/apis/site/v2/sports/basketball/mens-college-basketball/summary?event=401817593 "HTTP/1.1 200 OK"
10:11:28 [INFO] HTTP Request: GET https://site.api.espn.com/apis/site/v2/sports/basketball/mens-college-basketball/summary?event=401826874 "HTTP/1.1 200 OK"
10:11:39 [INFO] HTTP Request: GET https://site.api.espn.com/apis/site/v2/sports/basketball/mens-college-basketball/summary?event=401817600 "HTTP/1.1 200 OK"
10:11:49 [INFO] HTTP Request: GET https://site.api.espn.com/apis/site/v2/sports/basketball/mens-college-basketball/summary?event=401817604 "HTTP/1.1 200 OK"
10:11:59 [INFO] HTTP Request: GET https://site.api.espn.com/apis/site/v2/sports/basketball/mens-college-basketball/summary?event=401817609 "HTTP/1.1 200 OK"
10:12:10 [INFO] HTTP Request: GET https://site.api.espn.com/apis/site/v2/sports/basketball/mens-college-basketball/summary?event=401817615 "HTTP/1.1 200 OK"
10:12:20 [INFO] HTTP Request: GET https://site.api.espn.com/apis/site/v2/sports/basketball/mens-college-basketball/summary?event=401817619 "HTTP/1.1 200 OK"
10:12:30 [INFO] HTTP Request: GET https://site.api.espn.com/apis/site/v2/sports/basketball/mens-college-basketball/summary?event=401817623 "HTTP/1.1 200 OK"
10:12:41 [INFO] HTTP Request: GET https://site.api.espn.com/apis/site/v2/sports/basketball/mens-college-basketball/summary?event=401817630 "HTTP/1.1 200 OK"
10:12:51 [INFO] HTTP Request: GET https://site.api.espn.com/apis/site/v2/sports/basketball/mens-college-basketball/summary?event=401817631 "HTTP/1.1 200 OK"
10:13:01 [INFO] HTTP Request: GET https://site.api.espn.com/apis/site/v2/sports/basketball/mens-college-basketball/summary?event=401817639 "HTTP/1.1 200 OK"
10:13:11 [INFO] HTTP Request: GET https://site.api.espn.com/apis/site/v2/sports/basketball/mens-college-basketball/summary?event=401817642 "HTTP/1.1 200 OK"
10:13:22 [INFO] HTTP Request: GET https://site.api.espn.com/apis/site/v2/sports/basketball/mens-college-basketball/summary?event=401817648 "HTTP/1.1 200 OK"
10:13:32 [INFO] HTTP Request: GET https://site.api.espn.com/apis/site/v2/sports/basketball/mens-college-basketball/summary?event=401817654 "HTTP/1.1 200 OK"
10:13:43 [INFO] HTTP Request: GET https://site.api.espn.com/apis/site/v2/sports/basketball/mens-college-basketball/summary?event=401817664 "HTTP/1.1 200 OK"
10:13:53 [INFO] HTTP Request: GET https://site.api.espn.com/apis/site/v2/sports/basketball/mens-college-basketball/summary?event=401817670 "HTTP/1.1 200 OK"
10:14:04 [INFO] HTTP Request: GET https://site.api.espn.com/apis/site/v2/sports/basketball/mens-college-basketball/summary?event=401817674 "HTTP/1.1 200 OK"
10:14:14 [INFO] HTTP Request: GET https://site.api.espn.com/apis/site/v2/sports/basketball/mens-college-basketball/summary?event=401817677 "HTTP/1.1 200 OK"
10:14:24 [INFO] HTTP Request: GET https://site.api.espn.com/apis/site/v2/sports/basketball/mens-college-basketball/summary?event=401817684 "HTTP/1.1 200 OK"
10:14:25 [INFO]   Loaded: 30 games, 566 player-game-stat rows
10:14:25 [INFO] 
[8/11] Purdue Fort Wayne Mastodons
10:14:25 [INFO] Scraping team: Purdue Fort Wayne Mastodons (ESPN #2870)
10:14:35 [INFO] HTTP Request: GET https://site.api.espn.com/apis/site/v2/sports/basketball/mens-college-basketball/teams/2870/schedule?season=2026 "HTTP/1.1 200 OK"
10:14:35 [INFO]   Schedule: 30 completed games
10:14:45 [INFO] HTTP Request: GET https://site.api.espn.com/apis/site/v2/sports/basketball/mens-college-basketball/summary?event=401823391 "HTTP/1.1 200 OK"
10:14:56 [INFO] HTTP Request: GET https://site.api.espn.com/apis/site/v2/sports/basketball/mens-college-basketball/summary?event=401823392 "HTTP/1.1 200 OK"
10:15:06 [INFO] HTTP Request: GET https://site.api.espn.com/apis/site/v2/sports/basketball/mens-college-basketball/summary?event=401823393 "HTTP/1.1 200 OK"
10:15:16 [INFO] HTTP Request: GET https://site.api.espn.com/apis/site/v2/sports/basketball/mens-college-basketball/summary?event=401823394 "HTTP/1.1 200 OK"
10:15:26 [INFO] HTTP Request: GET https://site.api.espn.com/apis/site/v2/sports/basketball/mens-college-basketball/summary?event=401823395 "HTTP/1.1 200 OK"
10:15:37 [INFO] HTTP Request: GET https://site.api.espn.com/apis/site/v2/sports/basketball/mens-college-basketball/summary?event=401819908 "HTTP/1.1 200 OK"
10:15:47 [INFO] HTTP Request: GET https://site.api.espn.com/apis/site/v2/sports/basketball/mens-college-basketball/summary?event=401817186 "HTTP/1.1 200 OK"
10:15:58 [INFO] HTTP Request: GET https://site.api.espn.com/apis/site/v2/sports/basketball/mens-college-basketball/summary?event=401822343 "HTTP/1.1 200 OK"
10:16:08 [INFO] HTTP Request: GET https://site.api.espn.com/apis/site/v2/sports/basketball/mens-college-basketball/summary?event=401823396 "HTTP/1.1 200 OK"
10:16:19 [INFO] HTTP Request: GET https://site.api.espn.com/apis/site/v2/sports/basketball/mens-college-basketball/summary?event=401817502 "HTTP/1.1 200 OK"
10:16:30 [INFO] HTTP Request: GET https://site.api.espn.com/apis/site/v2/sports/basketball/mens-college-basketball/summary?event=401817506 "HTTP/1.1 200 OK"
10:16:40 [INFO] HTTP Request: GET https://site.api.espn.com/apis/site/v2/sports/basketball/mens-college-basketball/summary?event=401823397 "HTTP/1.1 200 OK"
10:16:50 [INFO] HTTP Request: GET https://site.api.espn.com/apis/site/v2/sports/basketball/mens-college-basketball/summary?event=401817512 "HTTP/1.1 200 OK"
10:17:01 [INFO] HTTP Request: GET https://site.api.espn.com/apis/site/v2/sports/basketball/mens-college-basketball/summary?event=401817440 "HTTP/1.1 200 OK"
10:17:11 [INFO] HTTP Request: GET https://site.api.espn.com/apis/site/v2/sports/basketball/mens-college-basketball/summary?event=401817597 "HTTP/1.1 200 OK"
10:17:22 [INFO] HTTP Request: GET https://site.api.espn.com/apis/site/v2/sports/basketball/mens-college-basketball/summary?event=401817601 "HTTP/1.1 200 OK"
10:17:33 [INFO] HTTP Request: GET https://site.api.espn.com/apis/site/v2/sports/basketball/mens-college-basketball/summary?event=401817607 "HTTP/1.1 200 OK"
10:17:43 [INFO] HTTP Request: GET https://site.api.espn.com/apis/site/v2/sports/basketball/mens-college-basketball/summary?event=401817611 "HTTP/1.1 200 OK"
10:17:54 [INFO] HTTP Request: GET https://site.api.espn.com/apis/site/v2/sports/basketball/mens-college-basketball/summary?event=401817617 "HTTP/1.1 200 OK"
10:18:05 [INFO] HTTP Request: GET https://site.api.espn.com/apis/site/v2/sports/basketball/mens-college-basketball/summary?event=401817629 "HTTP/1.1 200 OK"
10:18:15 [INFO] HTTP Request: GET https://site.api.espn.com/apis/site/v2/sports/basketball/mens-college-basketball/summary?event=401817632 "HTTP/1.1 200 OK"
10:18:26 [INFO] HTTP Request: GET https://site.api.espn.com/apis/site/v2/sports/basketball/mens-college-basketball/summary?event=401817642 "HTTP/1.1 200 OK"
10:18:36 [INFO] HTTP Request: GET https://site.api.espn.com/apis/site/v2/sports/basketball/mens-college-basketball/summary?event=401817647 "HTTP/1.1 200 OK"
10:18:47 [INFO] HTTP Request: GET https://site.api.espn.com/apis/site/v2/sports/basketball/mens-college-basketball/summary?event=401817655 "HTTP/1.1 200 OK"
10:18:57 [INFO] HTTP Request: GET https://site.api.espn.com/apis/site/v2/sports/basketball/mens-college-basketball/summary?event=401817657 "HTTP/1.1 200 OK"
10:19:08 [INFO] HTTP Request: GET https://site.api.espn.com/apis/site/v2/sports/basketball/mens-college-basketball/summary?event=401817661 "HTTP/1.1 200 OK"
10:19:18 [INFO] HTTP Request: GET https://site.api.espn.com/apis/site/v2/sports/basketball/mens-college-basketball/summary?event=401817667 "HTTP/1.1 200 OK"
10:19:29 [INFO] HTTP Request: GET https://site.api.espn.com/apis/site/v2/sports/basketball/mens-college-basketball/summary?event=401817671 "HTTP/1.1 200 OK"
10:19:39 [INFO] HTTP Request: GET https://site.api.espn.com/apis/site/v2/sports/basketball/mens-college-basketball/summary?event=401817678 "HTTP/1.1 200 OK"
10:19:49 [INFO] HTTP Request: GET https://site.api.espn.com/apis/site/v2/sports/basketball/mens-college-basketball/summary?event=401817682 "HTTP/1.1 200 OK"
10:19:49 [INFO]   Loaded: 30 games, 613 player-game-stat rows
10:19:49 [INFO] 
[9/11] Robert Morris Colonials
10:19:49 [INFO] Scraping team: Robert Morris Colonials (ESPN #2523)
10:19:59 [INFO] HTTP Request: GET https://site.api.espn.com/apis/site/v2/sports/basketball/mens-college-basketball/teams/2523/schedule?season=2026 "HTTP/1.1 200 OK"
10:19:59 [INFO]   Schedule: 30 completed games
10:20:10 [INFO] HTTP Request: GET https://site.api.espn.com/apis/site/v2/sports/basketball/mens-college-basketball/summary?event=401823398 "HTTP/1.1 200 OK"
10:20:20 [INFO] HTTP Request: GET https://site.api.espn.com/apis/site/v2/sports/basketball/mens-college-basketball/summary?event=401823399 "HTTP/1.1 200 OK"
10:20:30 [INFO] HTTP Request: GET https://site.api.espn.com/apis/site/v2/sports/basketball/mens-college-basketball/summary?event=401823400 "HTTP/1.1 200 OK"
10:20:41 [INFO] HTTP Request: GET https://site.api.espn.com/apis/site/v2/sports/basketball/mens-college-basketball/summary?event=401823401 "HTTP/1.1 200 OK"
10:20:51 [INFO] HTTP Request: GET https://site.api.espn.com/apis/site/v2/sports/basketball/mens-college-basketball/summary?event=401817197 "HTTP/1.1 200 OK"
10:21:01 [INFO] HTTP Request: GET https://site.api.espn.com/apis/site/v2/sports/basketball/mens-college-basketball/summary?event=401823402 "HTTP/1.1 200 OK"
10:21:11 [INFO] HTTP Request: GET https://site.api.espn.com/apis/site/v2/sports/basketball/mens-college-basketball/summary?event=401823403 "HTTP/1.1 200 OK"
10:21:22 [INFO] HTTP Request: GET https://site.api.espn.com/apis/site/v2/sports/basketball/mens-college-basketball/summary?event=401823404 "HTTP/1.1 200 OK"
10:21:32 [INFO] HTTP Request: GET https://site.api.espn.com/apis/site/v2/sports/basketball/mens-college-basketball/summary?event=401823405 "HTTP/1.1 200 OK"
10:21:42 [INFO] HTTP Request: GET https://site.api.espn.com/apis/site/v2/sports/basketball/mens-college-basketball/summary?event=401817505 "HTTP/1.1 200 OK"
10:21:53 [INFO] HTTP Request: GET https://site.api.espn.com/apis/site/v2/sports/basketball/mens-college-basketball/summary?event=401817509 "HTTP/1.1 200 OK"
10:22:04 [INFO] HTTP Request: GET https://site.api.espn.com/apis/site/v2/sports/basketball/mens-college-basketball/summary?event=401823406 "HTTP/1.1 200 OK"
10:22:14 [INFO] HTTP Request: GET https://site.api.espn.com/apis/site/v2/sports/basketball/mens-college-basketball/summary?event=401817594 "HTTP/1.1 200 OK"
10:22:24 [INFO] HTTP Request: GET https://site.api.espn.com/apis/site/v2/sports/basketball/mens-college-basketball/summary?event=401812388 "HTTP/1.1 200 OK"
10:22:35 [INFO] HTTP Request: GET https://site.api.espn.com/apis/site/v2/sports/basketball/mens-college-basketball/summary?event=401817598 "HTTP/1.1 200 OK"
10:22:45 [INFO] HTTP Request: GET https://site.api.espn.com/apis/site/v2/sports/basketball/mens-college-basketball/summary?event=401817605 "HTTP/1.1 200 OK"
10:22:55 [INFO] HTTP Request: GET https://site.api.espn.com/apis/site/v2/sports/basketball/mens-college-basketball/summary?event=401817609 "HTTP/1.1 200 OK"
10:23:06 [INFO] HTTP Request: GET https://site.api.espn.com/apis/site/v2/sports/basketball/mens-college-basketball/summary?event=401817617 "HTTP/1.1 200 OK"
10:23:16 [INFO] HTTP Request: GET https://site.api.espn.com/apis/site/v2/sports/basketball/mens-college-basketball/summary?event=401817625 "HTTP/1.1 200 OK"
10:23:27 [INFO] HTTP Request: GET https://site.api.espn.com/apis/site/v2/sports/basketball/mens-college-basketball/summary?event=401817628 "HTTP/1.1 200 OK"
10:23:37 [INFO] HTTP Request: GET https://site.api.espn.com/apis/site/v2/sports/basketball/mens-college-basketball/summary?event=401817635 "HTTP/1.1 200 OK"
10:23:47 [INFO] HTTP Request: GET https://site.api.espn.com/apis/site/v2/sports/basketball/mens-college-basketball/summary?event=401817636 "HTTP/1.1 200 OK"
10:23:57 [INFO] HTTP Request: GET https://site.api.espn.com/apis/site/v2/sports/basketball/mens-college-basketball/summary?event=401817641 "HTTP/1.1 200 OK"
10:24:08 [INFO] HTTP Request: GET https://site.api.espn.com/apis/site/v2/sports/basketball/mens-college-basketball/summary?event=401817647 "HTTP/1.1 200 OK"
10:24:19 [INFO] HTTP Request: GET https://site.api.espn.com/apis/site/v2/sports/basketball/mens-college-basketball/summary?event=401817652 "HTTP/1.1 200 OK"
10:24:30 [INFO] HTTP Request: GET https://site.api.espn.com/apis/site/v2/sports/basketball/mens-college-basketball/summary?event=401817660 "HTTP/1.1 200 OK"
10:24:40 [INFO] HTTP Request: GET https://site.api.espn.com/apis/site/v2/sports/basketball/mens-college-basketball/summary?event=401817665 "HTTP/1.1 200 OK"
10:24:51 [INFO] HTTP Request: GET https://site.api.espn.com/apis/site/v2/sports/basketball/mens-college-basketball/summary?event=401817670 "HTTP/1.1 200 OK"
10:25:01 [INFO] HTTP Request: GET https://site.api.espn.com/apis/site/v2/sports/basketball/mens-college-basketball/summary?event=401817679 "HTTP/1.1 200 OK"
10:25:12 [INFO] HTTP Request: GET https://site.api.espn.com/apis/site/v2/sports/basketball/mens-college-basketball/summary?event=401817683 "HTTP/1.1 200 OK"
10:25:12 [INFO]   Loaded: 30 games, 593 player-game-stat rows
10:25:12 [INFO] 
[10/11] Wright State Raiders
10:25:12 [INFO] Scraping team: Wright State Raiders (ESPN #2750)
10:25:22 [INFO] HTTP Request: GET https://site.api.espn.com/apis/site/v2/sports/basketball/mens-college-basketball/teams/2750/schedule?season=2026 "HTTP/1.1 200 OK"
10:25:22 [INFO]   Schedule: 30 completed games
10:25:33 [INFO] HTTP Request: GET https://site.api.espn.com/apis/site/v2/sports/basketball/mens-college-basketball/summary?event=401823407 "HTTP/1.1 200 OK"
10:25:43 [INFO] HTTP Request: GET https://site.api.espn.com/apis/site/v2/sports/basketball/mens-college-basketball/summary?event=401817219 "HTTP/1.1 200 OK"
10:25:53 [INFO] HTTP Request: GET https://site.api.espn.com/apis/site/v2/sports/basketball/mens-college-basketball/summary?event=401823408 "HTTP/1.1 200 OK"
10:26:04 [INFO] HTTP Request: GET https://site.api.espn.com/apis/site/v2/sports/basketball/mens-college-basketball/summary?event=401823409 "HTTP/1.1 200 OK"
10:26:14 [INFO] HTTP Request: GET https://site.api.espn.com/apis/site/v2/sports/basketball/mens-college-basketball/summary?event=401823012 "HTTP/1.1 200 OK"
10:26:24 [INFO] HTTP Request: GET https://site.api.espn.com/apis/site/v2/sports/basketball/mens-college-basketball/summary?event=401823410 "HTTP/1.1 200 OK"
10:26:35 [INFO] HTTP Request: GET https://site.api.espn.com/apis/site/v2/sports/basketball/mens-college-basketball/summary?event=401823411 "HTTP/1.1 200 OK"
10:26:45 [INFO] HTTP Request: GET https://site.api.espn.com/apis/site/v2/sports/basketball/mens-college-basketball/summary?event=401820826 "HTTP/1.1 200 OK"
10:26:55 [INFO] HTTP Request: GET https://site.api.espn.com/apis/site/v2/sports/basketball/mens-college-basketball/summary?event=401817503 "HTTP/1.1 200 OK"
10:27:06 [INFO] HTTP Request: GET https://site.api.espn.com/apis/site/v2/sports/basketball/mens-college-basketball/summary?event=401817510 "HTTP/1.1 200 OK"
10:27:16 [INFO] HTTP Request: GET https://site.api.espn.com/apis/site/v2/sports/basketball/mens-college-basketball/summary?event=401823412 "HTTP/1.1 200 OK"
10:27:27 [INFO] HTTP Request: GET https://site.api.espn.com/apis/site/v2/sports/basketball/mens-college-basketball/summary?event=401823413 "HTTP/1.1 200 OK"
10:27:37 [INFO] HTTP Request: GET https://site.api.espn.com/apis/site/v2/sports/basketball/mens-college-basketball/summary?event=401823414 "HTTP/1.1 200 OK"
10:27:47 [INFO] HTTP Request: GET https://site.api.espn.com/apis/site/v2/sports/basketball/mens-college-basketball/summary?event=401817600 "HTTP/1.1 200 OK"
10:27:57 [INFO] HTTP Request: GET https://site.api.espn.com/apis/site/v2/sports/basketball/mens-college-basketball/summary?event=401817602 "HTTP/1.1 200 OK"
10:28:08 [INFO] HTTP Request: GET https://site.api.espn.com/apis/site/v2/sports/basketball/mens-college-basketball/summary?event=401817606 "HTTP/1.1 200 OK"
10:28:18 [INFO] HTTP Request: GET https://site.api.espn.com/apis/site/v2/sports/basketball/mens-college-basketball/summary?event=401817614 "HTTP/1.1 200 OK"
10:28:29 [INFO] HTTP Request: GET https://site.api.espn.com/apis/site/v2/sports/basketball/mens-college-basketball/summary?event=401817619 "HTTP/1.1 200 OK"
10:28:39 [INFO] HTTP Request: GET https://site.api.espn.com/apis/site/v2/sports/basketball/mens-college-basketball/summary?event=401817624 "HTTP/1.1 200 OK"
10:28:49 [INFO] HTTP Request: GET https://site.api.espn.com/apis/site/v2/sports/basketball/mens-college-basketball/summary?event=401817633 "HTTP/1.1 200 OK"
10:29:00 [INFO] HTTP Request: GET https://site.api.espn.com/apis/site/v2/sports/basketball/mens-college-basketball/summary?event=401817638 "HTTP/1.1 200 OK"
10:29:11 [INFO] HTTP Request: GET https://site.api.espn.com/apis/site/v2/sports/basketball/mens-college-basketball/summary?event=401817645 "HTTP/1.1 200 OK"
10:29:21 [INFO] HTTP Request: GET https://site.api.espn.com/apis/site/v2/sports/basketball/mens-college-basketball/summary?event=401817649 "HTTP/1.1 200 OK"
10:29:32 [INFO] HTTP Request: GET https://site.api.espn.com/apis/site/v2/sports/basketball/mens-college-basketball/summary?event=401817652 "HTTP/1.1 200 OK"
10:29:42 [INFO] HTTP Request: GET https://site.api.espn.com/apis/site/v2/sports/basketball/mens-college-basketball/summary?event=401817657 "HTTP/1.1 200 OK"
10:29:53 [INFO] HTTP Request: GET https://site.api.espn.com/apis/site/v2/sports/basketball/mens-college-basketball/summary?event=401817663 "HTTP/1.1 200 OK"
10:30:03 [INFO] HTTP Request: GET https://site.api.espn.com/apis/site/v2/sports/basketball/mens-college-basketball/summary?event=401817669 "HTTP/1.1 200 OK"
10:30:13 [INFO] HTTP Request: GET https://site.api.espn.com/apis/site/v2/sports/basketball/mens-college-basketball/summary?event=401817673 "HTTP/1.1 200 OK"
10:30:24 [INFO] HTTP Request: GET https://site.api.espn.com/apis/site/v2/sports/basketball/mens-college-basketball/summary?event=401817679 "HTTP/1.1 200 OK"
10:30:34 [INFO] HTTP Request: GET https://site.api.espn.com/apis/site/v2/sports/basketball/mens-college-basketball/summary?event=401817682 "HTTP/1.1 200 OK"
10:30:34 [INFO]   Loaded: 30 games, 601 player-game-stat rows
10:30:34 [INFO] 
[11/11] Youngstown State Penguins
10:30:34 [INFO] Scraping team: Youngstown State Penguins (ESPN #2754)
10:30:45 [INFO] HTTP Request: GET https://site.api.espn.com/apis/site/v2/sports/basketball/mens-college-basketball/teams/2754/schedule?season=2026 "HTTP/1.1 200 OK"
10:30:45 [INFO]   Schedule: 30 completed games
10:30:55 [INFO] HTTP Request: GET https://site.api.espn.com/apis/site/v2/sports/basketball/mens-college-basketball/summary?event=401817441 "HTTP/1.1 200 OK"
10:31:06 [INFO] HTTP Request: GET https://site.api.espn.com/apis/site/v2/sports/basketball/mens-college-basketball/summary?event=401823002 "HTTP/1.1 200 OK"
10:31:16 [INFO] HTTP Request: GET https://site.api.espn.com/apis/site/v2/sports/basketball/mens-college-basketball/summary?event=401823003 "HTTP/1.1 200 OK"
10:31:26 [INFO] HTTP Request: GET https://site.api.espn.com/apis/site/v2/sports/basketball/mens-college-basketball/summary?event=401817196 "HTTP/1.1 200 OK"
10:31:37 [INFO] HTTP Request: GET https://site.api.espn.com/apis/site/v2/sports/basketball/mens-college-basketball/summary?event=401823004 "HTTP/1.1 200 OK"
10:31:47 [INFO] HTTP Request: GET https://site.api.espn.com/apis/site/v2/sports/basketball/mens-college-basketball/summary?event=401830116 "HTTP/1.1 200 OK"
10:31:58 [INFO] HTTP Request: GET https://site.api.espn.com/apis/site/v2/sports/basketball/mens-college-basketball/summary?event=401829490 "HTTP/1.1 200 OK"
10:32:08 [INFO] HTTP Request: GET https://site.api.espn.com/apis/site/v2/sports/basketball/mens-college-basketball/summary?event=401822344 "HTTP/1.1 200 OK"
10:32:18 [INFO] HTTP Request: GET https://site.api.espn.com/apis/site/v2/sports/basketball/mens-college-basketball/summary?event=401817503 "HTTP/1.1 200 OK"
10:32:29 [INFO] HTTP Request: GET https://site.api.espn.com/apis/site/v2/sports/basketball/mens-college-basketball/summary?event=401817508 "HTTP/1.1 200 OK"
10:32:39 [INFO] HTTP Request: GET https://site.api.espn.com/apis/site/v2/sports/basketball/mens-college-basketball/summary?event=401823005 "HTTP/1.1 200 OK"
10:32:50 [INFO] HTTP Request: GET https://site.api.espn.com/apis/site/v2/sports/basketball/mens-college-basketball/summary?event=401817594 "HTTP/1.1 200 OK"
10:33:00 [INFO] HTTP Request: GET https://site.api.espn.com/apis/site/v2/sports/basketball/mens-college-basketball/summary?event=401823006 "HTTP/1.1 200 OK"
10:33:11 [INFO] HTTP Request: GET https://site.api.espn.com/apis/site/v2/sports/basketball/mens-college-basketball/summary?event=401817599 "HTTP/1.1 200 OK"
10:33:21 [INFO] HTTP Request: GET https://site.api.espn.com/apis/site/v2/sports/basketball/mens-college-basketball/summary?event=401817604 "HTTP/1.1 200 OK"
10:33:31 [INFO] HTTP Request: GET https://site.api.espn.com/apis/site/v2/sports/basketball/mens-college-basketball/summary?event=401817608 "HTTP/1.1 200 OK"
10:33:41 [INFO] HTTP Request: GET https://site.api.espn.com/apis/site/v2/sports/basketball/mens-college-basketball/summary?event=401817611 "HTTP/1.1 200 OK"
10:33:52 [INFO] HTTP Request: GET https://site.api.espn.com/apis/site/v2/sports/basketball/mens-college-basketball/summary?event=401823007 "HTTP/1.1 200 OK"
10:34:02 [INFO] HTTP Request: GET https://site.api.espn.com/apis/site/v2/sports/basketball/mens-college-basketball/summary?event=401817624 "HTTP/1.1 200 OK"
10:34:13 [INFO] HTTP Request: GET https://site.api.espn.com/apis/site/v2/sports/basketball/mens-college-basketball/summary?event=401817627 "HTTP/1.1 200 OK"
10:34:23 [INFO] HTTP Request: GET https://site.api.espn.com/apis/site/v2/sports/basketball/mens-college-basketball/summary?event=401817634 "HTTP/1.1 200 OK"
10:34:33 [INFO] HTTP Request: GET https://site.api.espn.com/apis/site/v2/sports/basketball/mens-college-basketball/summary?event=401817637 "HTTP/1.1 200 OK"
10:34:44 [INFO] HTTP Request: GET https://site.api.espn.com/apis/site/v2/sports/basketball/mens-college-basketball/summary?event=401817643 "HTTP/1.1 200 OK"
10:34:54 [INFO] HTTP Request: GET https://site.api.espn.com/apis/site/v2/sports/basketball/mens-college-basketball/summary?event=401817655 "HTTP/1.1 200 OK"
10:35:04 [INFO] HTTP Request: GET https://site.api.espn.com/apis/site/v2/sports/basketball/mens-college-basketball/summary?event=401817660 "HTTP/1.1 200 OK"
10:35:15 [INFO] HTTP Request: GET https://site.api.espn.com/apis/site/v2/sports/basketball/mens-college-basketball/summary?event=401817664 "HTTP/1.1 200 OK"
10:35:25 [INFO] HTTP Request: GET https://site.api.espn.com/apis/site/v2/sports/basketball/mens-college-basketball/summary?event=401817668 "HTTP/1.1 200 OK"
10:35:35 [INFO] HTTP Request: GET https://site.api.espn.com/apis/site/v2/sports/basketball/mens-college-basketball/summary?event=401817672 "HTTP/1.1 200 OK"
10:35:46 [INFO] HTTP Request: GET https://site.api.espn.com/apis/site/v2/sports/basketball/mens-college-basketball/summary?event=401817680 "HTTP/1.1 200 OK"
10:35:56 [INFO] HTTP Request: GET https://site.api.espn.com/apis/site/v2/sports/basketball/mens-college-basketball/summary?event=401817685 "HTTP/1.1 200 OK"
10:35:56 [INFO]   Loaded: 30 games, 599 player-game-stat rows
10:35:56 [INFO] 
============================================================
10:35:56 [INFO]   BATCH COMPLETE: 11 teams, 329 games, 6636 PGS rows
10:35:56 [INFO] ============================================================

============================================================
  ESPN BATCH — FINAL SUMMARY
============================================================
  Total teams:                2495
  Total players:              26602
  Total games:                12727
  Total player_game_stats:    316651
============================================================
