14:18:08 [INFO] Batch: 16 NCAA D1 teams via ESPN
14:18:08 [INFO] 
[1/16] Arizona State Sun Devils
14:18:08 [INFO] Scraping team: Arizona State Sun Devils (ESPN #9)
14:18:08 [INFO] HTTP Request: GET https://site.api.espn.com/apis/site/v2/sports/basketball/mens-college-basketball/teams/9/schedule?season=2026 "HTTP/1.1 200 OK"
14:18:08 [INFO]   Schedule: 28 completed games
14:18:18 [INFO] HTTP Request: GET https://site.api.espn.com/apis/site/v2/sports/basketball/mens-college-basketball/summary?event=401819813 "HTTP/1.1 200 OK"
14:18:29 [INFO] HTTP Request: GET https://site.api.espn.com/apis/site/v2/sports/basketball/mens-college-basketball/summary?event=401819814 "HTTP/1.1 200 OK"
14:18:39 [INFO] HTTP Request: GET https://site.api.espn.com/apis/site/v2/sports/basketball/mens-college-basketball/summary?event=401819815 "HTTP/1.1 200 OK"
14:18:49 [INFO] HTTP Request: GET https://site.api.espn.com/apis/site/v2/sports/basketball/mens-college-basketball/summary?event=401819816 "HTTP/1.1 200 OK"
14:19:00 [INFO] HTTP Request: GET https://site.api.espn.com/apis/site/v2/sports/basketball/mens-college-basketball/summary?event=401819817 "HTTP/1.1 200 OK"
14:19:10 [INFO] HTTP Request: GET https://site.api.espn.com/apis/site/v2/sports/basketball/mens-college-basketball/summary?event=401819818 "HTTP/1.1 200 OK"
14:19:20 [INFO] HTTP Request: GET https://site.api.espn.com/apis/site/v2/sports/basketball/mens-college-basketball/summary?event=401831197 "HTTP/1.1 200 OK"
14:19:30 [INFO] HTTP Request: GET https://site.api.espn.com/apis/site/v2/sports/basketball/mens-college-basketball/summary?event=401831200 "HTTP/1.1 200 OK"
14:19:41 [INFO] HTTP Request: GET https://site.api.espn.com/apis/site/v2/sports/basketball/mens-college-basketball/summary?event=401819819 "HTTP/1.1 200 OK"
14:19:51 [INFO] HTTP Request: GET https://site.api.espn.com/apis/site/v2/sports/basketball/mens-college-basketball/summary?event=401819820 "HTTP/1.1 200 OK"
14:20:01 [INFO] HTTP Request: GET https://site.api.espn.com/apis/site/v2/sports/basketball/mens-college-basketball/summary?event=401819821 "HTTP/1.1 200 OK"
14:20:12 [INFO] HTTP Request: GET https://site.api.espn.com/apis/site/v2/sports/basketball/mens-college-basketball/summary?event=401813764 "HTTP/1.1 200 OK"
14:20:22 [INFO] HTTP Request: GET https://site.api.espn.com/apis/site/v2/sports/basketball/mens-college-basketball/summary?event=401819822 "HTTP/1.1 200 OK"
14:20:33 [INFO] HTTP Request: GET https://site.api.espn.com/apis/site/v2/sports/basketball/mens-college-basketball/summary?event=401827593 "HTTP/1.1 200 OK"
14:20:43 [INFO] HTTP Request: GET https://site.api.espn.com/apis/site/v2/sports/basketball/mens-college-basketball/summary?event=401827606 "HTTP/1.1 200 OK"
14:20:53 [INFO] HTTP Request: GET https://site.api.espn.com/apis/site/v2/sports/basketball/mens-college-basketball/summary?event=401827608 "HTTP/1.1 200 OK"
14:21:04 [INFO] HTTP Request: GET https://site.api.espn.com/apis/site/v2/sports/basketball/mens-college-basketball/summary?event=401827619 "HTTP/1.1 200 OK"
14:21:14 [INFO] HTTP Request: GET https://site.api.espn.com/apis/site/v2/sports/basketball/mens-college-basketball/summary?event=401827631 "HTTP/1.1 200 OK"
14:21:25 [INFO] HTTP Request: GET https://site.api.espn.com/apis/site/v2/sports/basketball/mens-college-basketball/summary?event=401827638 "HTTP/1.1 200 OK"
14:21:35 [INFO] HTTP Request: GET https://site.api.espn.com/apis/site/v2/sports/basketball/mens-college-basketball/summary?event=401827640 "HTTP/1.1 200 OK"
14:21:45 [INFO] HTTP Request: GET https://site.api.espn.com/apis/site/v2/sports/basketball/mens-college-basketball/summary?event=401827647 "HTTP/1.1 200 OK"
14:21:56 [INFO] HTTP Request: GET https://site.api.espn.com/apis/site/v2/sports/basketball/mens-college-basketball/summary?event=401827652 "HTTP/1.1 200 OK"
14:22:06 [INFO] HTTP Request: GET https://site.api.espn.com/apis/site/v2/sports/basketball/mens-college-basketball/summary?event=401827663 "HTTP/1.1 200 OK"
14:22:17 [INFO] HTTP Request: GET https://site.api.espn.com/apis/site/v2/sports/basketball/mens-college-basketball/summary?event=401827667 "HTTP/1.1 200 OK"
14:22:27 [INFO] HTTP Request: GET https://site.api.espn.com/apis/site/v2/sports/basketball/mens-college-basketball/summary?event=401827673 "HTTP/1.1 200 OK"
14:22:37 [INFO] HTTP Request: GET https://site.api.espn.com/apis/site/v2/sports/basketball/mens-college-basketball/summary?event=401827686 "HTTP/1.1 200 OK"
14:22:48 [INFO] HTTP Request: GET https://site.api.espn.com/apis/site/v2/sports/basketball/mens-college-basketball/summary?event=401827692 "HTTP/1.1 200 OK"
14:22:58 [INFO] HTTP Request: GET https://site.api.espn.com/apis/site/v2/sports/basketball/mens-college-basketball/summary?event=401827703 "HTTP/1.1 200 OK"
14:22:58 [INFO]   Loaded: 28 games, 526 player-game-stat rows
14:22:58 [INFO] 
[2/16] Arizona Wildcats
14:22:58 [INFO] Scraping team: Arizona Wildcats (ESPN #12)
14:23:09 [INFO] HTTP Request: GET https://site.api.espn.com/apis/site/v2/sports/basketball/mens-college-basketball/teams/12/schedule?season=2026 "HTTP/1.1 200 OK"
14:23:09 [INFO]   Schedule: 28 completed games
14:23:19 [INFO] HTTP Request: GET https://site.api.espn.com/apis/site/v2/sports/basketball/mens-college-basketball/summary?event=401826885 "HTTP/1.1 200 OK"
14:23:29 [INFO] HTTP Request: GET https://site.api.espn.com/apis/site/v2/sports/basketball/mens-college-basketball/summary?event=401824023 "HTTP/1.1 200 OK"
14:23:39 [INFO] HTTP Request: GET https://site.api.espn.com/apis/site/v2/sports/basketball/mens-college-basketball/summary?event=401825588 "HTTP/1.1 200 OK"
14:23:50 [INFO] HTTP Request: GET https://site.api.espn.com/apis/site/v2/sports/basketball/mens-college-basketball/summary?event=401813759 "HTTP/1.1 200 OK"
14:24:01 [INFO] HTTP Request: GET https://site.api.espn.com/apis/site/v2/sports/basketball/mens-college-basketball/summary?event=401812789 "HTTP/1.1 200 OK"
14:24:11 [INFO] HTTP Request: GET https://site.api.espn.com/apis/site/v2/sports/basketball/mens-college-basketball/summary?event=401826740 "HTTP/1.1 200 OK"
14:24:21 [INFO] HTTP Request: GET https://site.api.espn.com/apis/site/v2/sports/basketball/mens-college-basketball/summary?event=401826886 "HTTP/1.1 200 OK"
14:24:32 [INFO] HTTP Request: GET https://site.api.espn.com/apis/site/v2/sports/basketball/mens-college-basketball/summary?event=401823480 "HTTP/1.1 200 OK"
14:24:42 [INFO] HTTP Request: GET https://site.api.espn.com/apis/site/v2/sports/basketball/mens-college-basketball/summary?event=401812266 "HTTP/1.1 200 OK"
14:24:53 [INFO] HTTP Request: GET https://site.api.espn.com/apis/site/v2/sports/basketball/mens-college-basketball/summary?event=401823529 "HTTP/1.1 200 OK"
14:25:03 [INFO] HTTP Request: GET https://site.api.espn.com/apis/site/v2/sports/basketball/mens-college-basketball/summary?event=401823768 "HTTP/1.1 200 OK"
14:25:14 [INFO] HTTP Request: GET https://site.api.espn.com/apis/site/v2/sports/basketball/mens-college-basketball/summary?event=401826887 "HTTP/1.1 200 OK"
14:25:24 [INFO] HTTP Request: GET https://site.api.espn.com/apis/site/v2/sports/basketball/mens-college-basketball/summary?event=401826888 "HTTP/1.1 200 OK"
14:25:34 [INFO] HTTP Request: GET https://site.api.espn.com/apis/site/v2/sports/basketball/mens-college-basketball/summary?event=401827599 "HTTP/1.1 200 OK"
14:25:45 [INFO] HTTP Request: GET https://site.api.espn.com/apis/site/v2/sports/basketball/mens-college-basketball/summary?event=401827604 "HTTP/1.1 200 OK"
14:25:55 [INFO] HTTP Request: GET https://site.api.espn.com/apis/site/v2/sports/basketball/mens-college-basketball/summary?event=401827612 "HTTP/1.1 200 OK"
14:26:06 [INFO] HTTP Request: GET https://site.api.espn.com/apis/site/v2/sports/basketball/mens-college-basketball/summary?event=401827619 "HTTP/1.1 200 OK"
14:26:16 [INFO] HTTP Request: GET https://site.api.espn.com/apis/site/v2/sports/basketball/mens-college-basketball/summary?event=401827625 "HTTP/1.1 200 OK"
14:26:27 [INFO] HTTP Request: GET https://site.api.espn.com/apis/site/v2/sports/basketball/mens-college-basketball/summary?event=401827637 "HTTP/1.1 200 OK"
14:26:37 [INFO] HTTP Request: GET https://site.api.espn.com/apis/site/v2/sports/basketball/mens-college-basketball/summary?event=401827639 "HTTP/1.1 200 OK"
14:26:47 [INFO] HTTP Request: GET https://site.api.espn.com/apis/site/v2/sports/basketball/mens-college-basketball/summary?event=401820816 "HTTP/1.1 200 OK"
14:26:58 [INFO] HTTP Request: GET https://site.api.espn.com/apis/site/v2/sports/basketball/mens-college-basketball/summary?event=401827652 "HTTP/1.1 200 OK"
14:27:08 [INFO] HTTP Request: GET https://site.api.espn.com/apis/site/v2/sports/basketball/mens-college-basketball/summary?event=401827665 "HTTP/1.1 200 OK"
14:27:19 [INFO] HTTP Request: GET https://site.api.espn.com/apis/site/v2/sports/basketball/mens-college-basketball/summary?event=401820818 "HTTP/1.1 200 OK"
14:27:29 [INFO] HTTP Request: GET https://site.api.espn.com/apis/site/v2/sports/basketball/mens-college-basketball/summary?event=401827679 "HTTP/1.1 200 OK"
14:27:40 [INFO] HTTP Request: GET https://site.api.espn.com/apis/site/v2/sports/basketball/mens-college-basketball/summary?event=401827689 "HTTP/1.1 200 OK"
14:27:50 [INFO] HTTP Request: GET https://site.api.espn.com/apis/site/v2/sports/basketball/mens-college-basketball/summary?event=401827695 "HTTP/1.1 200 OK"
14:28:01 [INFO] HTTP Request: GET https://site.api.espn.com/apis/site/v2/sports/basketball/mens-college-basketball/summary?event=401827700 "HTTP/1.1 200 OK"
14:28:01 [INFO]   Loaded: 28 games, 580 player-game-stat rows
14:28:01 [INFO] 
[3/16] BYU Cougars
14:28:01 [INFO] Scraping team: BYU Cougars (ESPN #252)
14:28:11 [INFO] HTTP Request: GET https://site.api.espn.com/apis/site/v2/sports/basketball/mens-college-basketball/teams/252/schedule?season=2026 "HTTP/1.1 200 OK"
14:28:11 [INFO]   Schedule: 28 completed games
14:28:21 [INFO] HTTP Request: GET https://site.api.espn.com/apis/site/v2/sports/basketball/mens-college-basketball/summary?event=401819834 "HTTP/1.1 200 OK"
14:28:32 [INFO] HTTP Request: GET https://site.api.espn.com/apis/site/v2/sports/basketball/mens-college-basketball/summary?event=401812660 "HTTP/1.1 200 OK"
14:28:42 [INFO] HTTP Request: GET https://site.api.espn.com/apis/site/v2/sports/basketball/mens-college-basketball/summary?event=401819835 "HTTP/1.1 200 OK"
14:28:53 [INFO] HTTP Request: GET https://site.api.espn.com/apis/site/v2/sports/basketball/mens-college-basketball/summary?event=401812788 "HTTP/1.1 200 OK"
14:29:03 [INFO] HTTP Request: GET https://site.api.espn.com/apis/site/v2/sports/basketball/mens-college-basketball/summary?event=401819836 "HTTP/1.1 200 OK"
14:29:13 [INFO] HTTP Request: GET https://site.api.espn.com/apis/site/v2/sports/basketball/mens-college-basketball/summary?event=401809419 "HTTP/1.1 200 OK"
14:29:24 [INFO] HTTP Request: GET https://site.api.espn.com/apis/site/v2/sports/basketball/mens-college-basketball/summary?event=401830886 "HTTP/1.1 200 OK"
14:29:34 [INFO] HTTP Request: GET https://site.api.espn.com/apis/site/v2/sports/basketball/mens-college-basketball/summary?event=401819837 "HTTP/1.1 200 OK"
14:29:44 [INFO] HTTP Request: GET https://site.api.espn.com/apis/site/v2/sports/basketball/mens-college-basketball/summary?event=401812923 "HTTP/1.1 200 OK"
14:29:55 [INFO] HTTP Request: GET https://site.api.espn.com/apis/site/v2/sports/basketball/mens-college-basketball/summary?event=401819838 "HTTP/1.1 200 OK"
14:30:05 [INFO] HTTP Request: GET https://site.api.espn.com/apis/site/v2/sports/basketball/mens-college-basketball/summary?event=401819839 "HTTP/1.1 200 OK"
14:30:15 [INFO] HTTP Request: GET https://site.api.espn.com/apis/site/v2/sports/basketball/mens-college-basketball/summary?event=401819840 "HTTP/1.1 200 OK"
14:30:26 [INFO] HTTP Request: GET https://site.api.espn.com/apis/site/v2/sports/basketball/mens-college-basketball/summary?event=401819841 "HTTP/1.1 200 OK"
14:30:36 [INFO] HTTP Request: GET https://site.api.espn.com/apis/site/v2/sports/basketball/mens-college-basketball/summary?event=401827596 "HTTP/1.1 200 OK"
14:30:47 [INFO] HTTP Request: GET https://site.api.espn.com/apis/site/v2/sports/basketball/mens-college-basketball/summary?event=401827606 "HTTP/1.1 200 OK"
14:30:57 [INFO] HTTP Request: GET https://site.api.espn.com/apis/site/v2/sports/basketball/mens-college-basketball/summary?event=401827613 "HTTP/1.1 200 OK"
14:31:07 [INFO] HTTP Request: GET https://site.api.espn.com/apis/site/v2/sports/basketball/mens-college-basketball/summary?event=401827620 "HTTP/1.1 200 OK"
14:31:17 [INFO] HTTP Request: GET https://site.api.espn.com/apis/site/v2/sports/basketball/mens-college-basketball/summary?event=401827628 "HTTP/1.1 200 OK"
14:31:28 [INFO] HTTP Request: GET https://site.api.espn.com/apis/site/v2/sports/basketball/mens-college-basketball/summary?event=401827642 "HTTP/1.1 200 OK"
14:31:38 [INFO] HTTP Request: GET https://site.api.espn.com/apis/site/v2/sports/basketball/mens-college-basketball/summary?event=401820816 "HTTP/1.1 200 OK"
14:31:49 [INFO] HTTP Request: GET https://site.api.espn.com/apis/site/v2/sports/basketball/mens-college-basketball/summary?event=401827655 "HTTP/1.1 200 OK"
14:31:59 [INFO] HTTP Request: GET https://site.api.espn.com/apis/site/v2/sports/basketball/mens-college-basketball/summary?event=401827662 "HTTP/1.1 200 OK"
14:32:10 [INFO] HTTP Request: GET https://site.api.espn.com/apis/site/v2/sports/basketball/mens-college-basketball/summary?event=401827666 "HTTP/1.1 200 OK"
14:32:20 [INFO] HTTP Request: GET https://site.api.espn.com/apis/site/v2/sports/basketball/mens-college-basketball/summary?event=401827674 "HTTP/1.1 200 OK"
14:32:31 [INFO] HTTP Request: GET https://site.api.espn.com/apis/site/v2/sports/basketball/mens-college-basketball/summary?event=401827680 "HTTP/1.1 200 OK"
14:32:41 [INFO] HTTP Request: GET https://site.api.espn.com/apis/site/v2/sports/basketball/mens-college-basketball/summary?event=401827689 "HTTP/1.1 200 OK"
14:32:51 [INFO] HTTP Request: GET https://site.api.espn.com/apis/site/v2/sports/basketball/mens-college-basketball/summary?event=401827693 "HTTP/1.1 200 OK"
14:33:02 [INFO] HTTP Request: GET https://site.api.espn.com/apis/site/v2/sports/basketball/mens-college-basketball/summary?event=401827701 "HTTP/1.1 200 OK"
14:33:02 [INFO]   Loaded: 28 games, 546 player-game-stat rows
14:33:02 [INFO] 
[4/16] Baylor Bears
14:33:02 [INFO] Scraping team: Baylor Bears (ESPN #239)
14:33:13 [INFO] HTTP Request: GET https://site.api.espn.com/apis/site/v2/sports/basketball/mens-college-basketball/teams/239/schedule?season=2026 "HTTP/1.1 200 OK"
14:33:13 [INFO]   Schedule: 28 completed games
14:33:23 [INFO] HTTP Request: GET https://site.api.espn.com/apis/site/v2/sports/basketball/mens-college-basketball/summary?event=401819823 "HTTP/1.1 200 OK"
14:33:33 [INFO] HTTP Request: GET https://site.api.espn.com/apis/site/v2/sports/basketball/mens-college-basketball/summary?event=401819824 "HTTP/1.1 200 OK"
14:33:44 [INFO] HTTP Request: GET https://site.api.espn.com/apis/site/v2/sports/basketball/mens-college-basketball/summary?event=401819825 "HTTP/1.1 200 OK"
14:33:54 [INFO] HTTP Request: GET https://site.api.espn.com/apis/site/v2/sports/basketball/mens-college-basketball/summary?event=401819826 "HTTP/1.1 200 OK"
14:34:05 [INFO] HTTP Request: GET https://site.api.espn.com/apis/site/v2/sports/basketball/mens-college-basketball/summary?event=401819827 "HTTP/1.1 200 OK"
14:34:15 [INFO] HTTP Request: GET https://site.api.espn.com/apis/site/v2/sports/basketball/mens-college-basketball/summary?event=401831219 "HTTP/1.1 200 OK"
14:34:25 [INFO] HTTP Request: GET https://site.api.espn.com/apis/site/v2/sports/basketball/mens-college-basketball/summary?event=401819828 "HTTP/1.1 200 OK"
14:34:36 [INFO] HTTP Request: GET https://site.api.espn.com/apis/site/v2/sports/basketball/mens-college-basketball/summary?event=401819829 "HTTP/1.1 200 OK"
14:34:46 [INFO] HTTP Request: GET https://site.api.espn.com/apis/site/v2/sports/basketball/mens-college-basketball/summary?event=401819830 "HTTP/1.1 200 OK"
14:34:56 [INFO] HTTP Request: GET https://site.api.espn.com/apis/site/v2/sports/basketball/mens-college-basketball/summary?event=401819831 "HTTP/1.1 200 OK"
14:35:07 [INFO] HTTP Request: GET https://site.api.espn.com/apis/site/v2/sports/basketball/mens-college-basketball/summary?event=401819832 "HTTP/1.1 200 OK"
14:35:18 [INFO] HTTP Request: GET https://site.api.espn.com/apis/site/v2/sports/basketball/mens-college-basketball/summary?event=401819833 "HTTP/1.1 200 OK"
14:35:28 [INFO] HTTP Request: GET https://site.api.espn.com/apis/site/v2/sports/basketball/mens-college-basketball/summary?event=401827597 "HTTP/1.1 200 OK"
14:35:38 [INFO] HTTP Request: GET https://site.api.espn.com/apis/site/v2/sports/basketball/mens-college-basketball/summary?event=401827605 "HTTP/1.1 200 OK"
14:35:48 [INFO] HTTP Request: GET https://site.api.espn.com/apis/site/v2/sports/basketball/mens-college-basketball/summary?event=401827609 "HTTP/1.1 200 OK"
14:35:59 [INFO] HTTP Request: GET https://site.api.espn.com/apis/site/v2/sports/basketball/mens-college-basketball/summary?event=401827618 "HTTP/1.1 200 OK"
14:36:09 [INFO] HTTP Request: GET https://site.api.espn.com/apis/site/v2/sports/basketball/mens-college-basketball/summary?event=401827624 "HTTP/1.1 200 OK"
14:36:20 [INFO] HTTP Request: GET https://site.api.espn.com/apis/site/v2/sports/basketball/mens-college-basketball/summary?event=401827632 "HTTP/1.1 200 OK"
14:36:30 [INFO] HTTP Request: GET https://site.api.espn.com/apis/site/v2/sports/basketball/mens-college-basketball/summary?event=401827641 "HTTP/1.1 200 OK"
14:36:41 [INFO] HTTP Request: GET https://site.api.espn.com/apis/site/v2/sports/basketball/mens-college-basketball/summary?event=401827649 "HTTP/1.1 200 OK"
14:36:51 [INFO] HTTP Request: GET https://site.api.espn.com/apis/site/v2/sports/basketball/mens-college-basketball/summary?event=401827657 "HTTP/1.1 200 OK"
14:37:01 [INFO] HTTP Request: GET https://site.api.espn.com/apis/site/v2/sports/basketball/mens-college-basketball/summary?event=401827660 "HTTP/1.1 200 OK"
14:37:12 [INFO] HTTP Request: GET https://site.api.espn.com/apis/site/v2/sports/basketball/mens-college-basketball/summary?event=401827668 "HTTP/1.1 200 OK"
14:37:22 [INFO] HTTP Request: GET https://site.api.espn.com/apis/site/v2/sports/basketball/mens-college-basketball/summary?event=401827674 "HTTP/1.1 200 OK"
14:37:32 [INFO] HTTP Request: GET https://site.api.espn.com/apis/site/v2/sports/basketball/mens-college-basketball/summary?event=401817250 "HTTP/1.1 200 OK"
14:37:43 [INFO] HTTP Request: GET https://site.api.espn.com/apis/site/v2/sports/basketball/mens-college-basketball/summary?event=401827688 "HTTP/1.1 200 OK"
14:37:53 [INFO] HTTP Request: GET https://site.api.espn.com/apis/site/v2/sports/basketball/mens-college-basketball/summary?event=401827692 "HTTP/1.1 200 OK"
14:38:03 [INFO] HTTP Request: GET https://site.api.espn.com/apis/site/v2/sports/basketball/mens-college-basketball/summary?event=401827700 "HTTP/1.1 200 OK"
14:38:04 [INFO]   Loaded: 28 games, 500 player-game-stat rows
14:38:04 [INFO] 
[5/16] Cincinnati Bearcats
14:38:04 [INFO] Scraping team: Cincinnati Bearcats (ESPN #2132)
14:38:14 [INFO] HTTP Request: GET https://site.api.espn.com/apis/site/v2/sports/basketball/mens-college-basketball/teams/2132/schedule?season=2026 "HTTP/1.1 200 OK"
14:38:14 [INFO]   Schedule: 28 completed games
14:38:24 [INFO] HTTP Request: GET https://site.api.espn.com/apis/site/v2/sports/basketball/mens-college-basketball/summary?event=401819842 "HTTP/1.1 200 OK"
14:38:35 [INFO] HTTP Request: GET https://site.api.espn.com/apis/site/v2/sports/basketball/mens-college-basketball/summary?event=401819843 "HTTP/1.1 200 OK"
14:38:45 [INFO] HTTP Request: GET https://site.api.espn.com/apis/site/v2/sports/basketball/mens-college-basketball/summary?event=401813436 "HTTP/1.1 200 OK"
14:38:55 [INFO] HTTP Request: GET https://site.api.espn.com/apis/site/v2/sports/basketball/mens-college-basketball/summary?event=401813398 "HTTP/1.1 200 OK"
14:39:06 [INFO] HTTP Request: GET https://site.api.espn.com/apis/site/v2/sports/basketball/mens-college-basketball/summary?event=401817243 "HTTP/1.1 200 OK"
14:39:16 [INFO] HTTP Request: GET https://site.api.espn.com/apis/site/v2/sports/basketball/mens-college-basketball/summary?event=401819844 "HTTP/1.1 200 OK"
14:39:26 [INFO] HTTP Request: GET https://site.api.espn.com/apis/site/v2/sports/basketball/mens-college-basketball/summary?event=401819845 "HTTP/1.1 200 OK"
14:39:37 [INFO] HTTP Request: GET https://site.api.espn.com/apis/site/v2/sports/basketball/mens-college-basketball/summary?event=401819846 "HTTP/1.1 200 OK"
14:39:47 [INFO] HTTP Request: GET https://site.api.espn.com/apis/site/v2/sports/basketball/mens-college-basketball/summary?event=401819847 "HTTP/1.1 200 OK"
14:39:57 [INFO] HTTP Request: GET https://site.api.espn.com/apis/site/v2/sports/basketball/mens-college-basketball/summary?event=401819848 "HTTP/1.1 200 OK"
14:40:08 [INFO] HTTP Request: GET https://site.api.espn.com/apis/site/v2/sports/basketball/mens-college-basketball/summary?event=401819849 "HTTP/1.1 200 OK"
14:40:18 [INFO] HTTP Request: GET https://site.api.espn.com/apis/site/v2/sports/basketball/mens-college-basketball/summary?event=401812926 "HTTP/1.1 200 OK"
14:40:28 [INFO] HTTP Request: GET https://site.api.espn.com/apis/site/v2/sports/basketball/mens-college-basketball/summary?event=401819850 "HTTP/1.1 200 OK"
14:40:39 [INFO] HTTP Request: GET https://site.api.espn.com/apis/site/v2/sports/basketball/mens-college-basketball/summary?event=401827595 "HTTP/1.1 200 OK"
14:40:49 [INFO] HTTP Request: GET https://site.api.espn.com/apis/site/v2/sports/basketball/mens-college-basketball/summary?event=401827603 "HTTP/1.1 200 OK"
14:41:00 [INFO] HTTP Request: GET https://site.api.espn.com/apis/site/v2/sports/basketball/mens-college-basketball/summary?event=401827615 "HTTP/1.1 200 OK"
14:41:10 [INFO] HTTP Request: GET https://site.api.espn.com/apis/site/v2/sports/basketball/mens-college-basketball/summary?event=401827621 "HTTP/1.1 200 OK"
14:41:20 [INFO] HTTP Request: GET https://site.api.espn.com/apis/site/v2/sports/basketball/mens-college-basketball/summary?event=401827626 "HTTP/1.1 200 OK"
14:41:31 [INFO] HTTP Request: GET https://site.api.espn.com/apis/site/v2/sports/basketball/mens-college-basketball/summary?event=401827637 "HTTP/1.1 200 OK"
14:41:41 [INFO] HTTP Request: GET https://site.api.espn.com/apis/site/v2/sports/basketball/mens-college-basketball/summary?event=401827640 "HTTP/1.1 200 OK"
14:41:51 [INFO] HTTP Request: GET https://site.api.espn.com/apis/site/v2/sports/basketball/mens-college-basketball/summary?event=401827649 "HTTP/1.1 200 OK"
14:42:02 [INFO] HTTP Request: GET https://site.api.espn.com/apis/site/v2/sports/basketball/mens-college-basketball/summary?event=401827654 "HTTP/1.1 200 OK"
14:42:13 [INFO] HTTP Request: GET https://site.api.espn.com/apis/site/v2/sports/basketball/mens-college-basketball/summary?event=401827664 "HTTP/1.1 200 OK"
14:42:23 [INFO] HTTP Request: GET https://site.api.espn.com/apis/site/v2/sports/basketball/mens-college-basketball/summary?event=401827671 "HTTP/1.1 200 OK"
14:42:33 [INFO] HTTP Request: GET https://site.api.espn.com/apis/site/v2/sports/basketball/mens-college-basketball/summary?event=401827677 "HTTP/1.1 200 OK"
14:42:43 [INFO] HTTP Request: GET https://site.api.espn.com/apis/site/v2/sports/basketball/mens-college-basketball/summary?event=401827685 "HTTP/1.1 200 OK"
14:42:53 [INFO] HTTP Request: GET https://site.api.espn.com/apis/site/v2/sports/basketball/mens-college-basketball/summary?event=401827696 "HTTP/1.1 200 OK"
14:43:04 [INFO] HTTP Request: GET https://site.api.espn.com/apis/site/v2/sports/basketball/mens-college-basketball/summary?event=401827704 "HTTP/1.1 200 OK"
14:43:04 [INFO]   Loaded: 28 games, 552 player-game-stat rows
14:43:04 [INFO] 
[6/16] Colorado Buffaloes
14:43:04 [INFO] Scraping team: Colorado Buffaloes (ESPN #38)
14:43:15 [INFO] HTTP Request: GET https://site.api.espn.com/apis/site/v2/sports/basketball/mens-college-basketball/teams/38/schedule?season=2026 "HTTP/1.1 200 OK"
14:43:15 [INFO]   Schedule: 27 completed games
14:43:25 [INFO] HTTP Request: GET https://site.api.espn.com/apis/site/v2/sports/basketball/mens-college-basketball/summary?event=401819860 "HTTP/1.1 200 OK"
14:43:35 [INFO] HTTP Request: GET https://site.api.espn.com/apis/site/v2/sports/basketball/mens-college-basketball/summary?event=401819861 "HTTP/1.1 200 OK"
14:43:46 [INFO] HTTP Request: GET https://site.api.espn.com/apis/site/v2/sports/basketball/mens-college-basketball/summary?event=401819862 "HTTP/1.1 200 OK"
14:43:56 [INFO] HTTP Request: GET https://site.api.espn.com/apis/site/v2/sports/basketball/mens-college-basketball/summary?event=401819863 "HTTP/1.1 200 OK"
14:44:06 [INFO] HTTP Request: GET https://site.api.espn.com/apis/site/v2/sports/basketball/mens-college-basketball/summary?event=401819864 "HTTP/1.1 200 OK"
14:44:17 [INFO] HTTP Request: GET https://site.api.espn.com/apis/site/v2/sports/basketball/mens-college-basketball/summary?event=401819865 "HTTP/1.1 200 OK"
14:44:27 [INFO] HTTP Request: GET https://site.api.espn.com/apis/site/v2/sports/basketball/mens-college-basketball/summary?event=401830749 "HTTP/1.1 200 OK"
14:44:37 [INFO] HTTP Request: GET https://site.api.espn.com/apis/site/v2/sports/basketball/mens-college-basketball/summary?event=401819866 "HTTP/1.1 200 OK"
14:44:48 [INFO] HTTP Request: GET https://site.api.espn.com/apis/site/v2/sports/basketball/mens-college-basketball/summary?event=401819867 "HTTP/1.1 200 OK"
14:44:58 [INFO] HTTP Request: GET https://site.api.espn.com/apis/site/v2/sports/basketball/mens-college-basketball/summary?event=401819868 "HTTP/1.1 200 OK"
14:45:08 [INFO] HTTP Request: GET https://site.api.espn.com/apis/site/v2/sports/basketball/mens-college-basketball/summary?event=401819869 "HTTP/1.1 200 OK"
14:45:18 [INFO] HTTP Request: GET https://site.api.espn.com/apis/site/v2/sports/basketball/mens-college-basketball/summary?event=401817474 "HTTP/1.1 200 OK"
14:45:29 [INFO] HTTP Request: GET https://site.api.espn.com/apis/site/v2/sports/basketball/mens-college-basketball/summary?event=401819870 "HTTP/1.1 200 OK"
14:45:39 [INFO] HTTP Request: GET https://site.api.espn.com/apis/site/v2/sports/basketball/mens-college-basketball/summary?event=401827593 "HTTP/1.1 200 OK"
14:45:49 [INFO] HTTP Request: GET https://site.api.espn.com/apis/site/v2/sports/basketball/mens-college-basketball/summary?event=401827607 "HTTP/1.1 200 OK"
14:45:59 [INFO] HTTP Request: GET https://site.api.espn.com/apis/site/v2/sports/basketball/mens-college-basketball/summary?event=401827610 "HTTP/1.1 200 OK"
14:46:09 [INFO] HTTP Request: GET https://site.api.espn.com/apis/site/v2/sports/basketball/mens-college-basketball/summary?event=401827621 "HTTP/1.1 200 OK"
14:46:19 [INFO] HTTP Request: GET https://site.api.espn.com/apis/site/v2/sports/basketball/mens-college-basketball/summary?event=401827630 "HTTP/1.1 200 OK"
14:46:30 [INFO] HTTP Request: GET https://site.api.espn.com/apis/site/v2/sports/basketball/mens-college-basketball/summary?event=401827633 "HTTP/1.1 200 OK"
14:46:40 [INFO] HTTP Request: GET https://site.api.espn.com/apis/site/v2/sports/basketball/mens-college-basketball/summary?event=401827643 "HTTP/1.1 200 OK"
14:46:51 [INFO] HTTP Request: GET https://site.api.espn.com/apis/site/v2/sports/basketball/mens-college-basketball/summary?event=401827651 "HTTP/1.1 200 OK"
14:47:01 [INFO] HTTP Request: GET https://site.api.espn.com/apis/site/v2/sports/basketball/mens-college-basketball/summary?event=401827658 "HTTP/1.1 200 OK"
14:47:12 [INFO] HTTP Request: GET https://site.api.espn.com/apis/site/v2/sports/basketball/mens-college-basketball/summary?event=401827660 "HTTP/1.1 200 OK"
14:47:22 [INFO] HTTP Request: GET https://site.api.espn.com/apis/site/v2/sports/basketball/mens-college-basketball/summary?event=401827667 "HTTP/1.1 200 OK"
14:47:32 [INFO] HTTP Request: GET https://site.api.espn.com/apis/site/v2/sports/basketball/mens-college-basketball/summary?event=401827678 "HTTP/1.1 200 OK"
14:47:42 [INFO] HTTP Request: GET https://site.api.espn.com/apis/site/v2/sports/basketball/mens-college-basketball/summary?event=401827680 "HTTP/1.1 200 OK"
14:47:53 [INFO] HTTP Request: GET https://site.api.espn.com/apis/site/v2/sports/basketball/mens-college-basketball/summary?event=401827694 "HTTP/1.1 200 OK"
14:47:53 [INFO]   Loaded: 27 games, 534 player-game-stat rows
14:47:53 [INFO] 
[7/16] Houston Cougars
14:47:53 [INFO] Scraping team: Houston Cougars (ESPN #248)
14:48:03 [INFO] HTTP Request: GET https://site.api.espn.com/apis/site/v2/sports/basketball/mens-college-basketball/teams/248/schedule?season=2026 "HTTP/1.1 200 OK"
14:48:03 [INFO]   Schedule: 28 completed games
14:48:14 [INFO] HTTP Request: GET https://site.api.espn.com/apis/site/v2/sports/basketball/mens-college-basketball/summary?event=401824809 "HTTP/1.1 200 OK"
14:48:24 [INFO] HTTP Request: GET https://site.api.espn.com/apis/site/v2/sports/basketball/mens-college-basketball/summary?event=401824810 "HTTP/1.1 200 OK"
14:48:35 [INFO] HTTP Request: GET https://site.api.espn.com/apis/site/v2/sports/basketball/mens-college-basketball/summary?event=401824811 "HTTP/1.1 200 OK"
14:48:45 [INFO] HTTP Request: GET https://site.api.espn.com/apis/site/v2/sports/basketball/mens-college-basketball/summary?event=401809305 "HTTP/1.1 200 OK"
14:48:56 [INFO] HTTP Request: GET https://site.api.espn.com/apis/site/v2/sports/basketball/mens-college-basketball/summary?event=401812629 "HTTP/1.1 200 OK"
14:49:06 [INFO] HTTP Request: GET https://site.api.espn.com/apis/site/v2/sports/basketball/mens-college-basketball/summary?event=401817481 "HTTP/1.1 200 OK"
14:49:16 [INFO] HTTP Request: GET https://site.api.espn.com/apis/site/v2/sports/basketball/mens-college-basketball/summary?event=401824812 "HTTP/1.1 200 OK"
14:49:27 [INFO] HTTP Request: GET https://site.api.espn.com/apis/site/v2/sports/basketball/mens-college-basketball/summary?event=401831217 "HTTP/1.1 200 OK"
14:49:37 [INFO] HTTP Request: GET https://site.api.espn.com/apis/site/v2/sports/basketball/mens-college-basketball/summary?event=401824813 "HTTP/1.1 200 OK"
14:49:48 [INFO] HTTP Request: GET https://site.api.espn.com/apis/site/v2/sports/basketball/mens-college-basketball/summary?event=401824814 "HTTP/1.1 200 OK"
14:49:58 [INFO] HTTP Request: GET https://site.api.espn.com/apis/site/v2/sports/basketball/mens-college-basketball/summary?event=401808901 "HTTP/1.1 200 OK"
14:50:08 [INFO] HTTP Request: GET https://site.api.espn.com/apis/site/v2/sports/basketball/mens-college-basketball/summary?event=401820294 "HTTP/1.1 200 OK"
14:50:19 [INFO] HTTP Request: GET https://site.api.espn.com/apis/site/v2/sports/basketball/mens-college-basketball/summary?event=401823001 "HTTP/1.1 200 OK"
14:50:30 [INFO] HTTP Request: GET https://site.api.espn.com/apis/site/v2/sports/basketball/mens-college-basketball/summary?event=401827595 "HTTP/1.1 200 OK"
14:50:40 [INFO] HTTP Request: GET https://site.api.espn.com/apis/site/v2/sports/basketball/mens-college-basketball/summary?event=401827600 "HTTP/1.1 200 OK"
14:50:50 [INFO] HTTP Request: GET https://site.api.espn.com/apis/site/v2/sports/basketball/mens-college-basketball/summary?event=401827609 "HTTP/1.1 200 OK"
14:51:01 [INFO] HTTP Request: GET https://site.api.espn.com/apis/site/v2/sports/basketball/mens-college-basketball/summary?event=401827616 "HTTP/1.1 200 OK"
14:51:11 [INFO] HTTP Request: GET https://site.api.espn.com/apis/site/v2/sports/basketball/mens-college-basketball/summary?event=401827631 "HTTP/1.1 200 OK"
14:51:21 [INFO] HTTP Request: GET https://site.api.espn.com/apis/site/v2/sports/basketball/mens-college-basketball/summary?event=401827646 "HTTP/1.1 200 OK"
14:51:32 [INFO] HTTP Request: GET https://site.api.espn.com/apis/site/v2/sports/basketball/mens-college-basketball/summary?event=401827650 "HTTP/1.1 200 OK"
14:51:42 [INFO] HTTP Request: GET https://site.api.espn.com/apis/site/v2/sports/basketball/mens-college-basketball/summary?event=401827654 "HTTP/1.1 200 OK"
14:51:53 [INFO] HTTP Request: GET https://site.api.espn.com/apis/site/v2/sports/basketball/mens-college-basketball/summary?event=401827661 "HTTP/1.1 200 OK"
14:52:03 [INFO] HTTP Request: GET https://site.api.espn.com/apis/site/v2/sports/basketball/mens-college-basketball/summary?event=401827666 "HTTP/1.1 200 OK"
14:52:14 [INFO] HTTP Request: GET https://site.api.espn.com/apis/site/v2/sports/basketball/mens-college-basketball/summary?event=401827676 "HTTP/1.1 200 OK"
14:52:24 [INFO] HTTP Request: GET https://site.api.espn.com/apis/site/v2/sports/basketball/mens-college-basketball/summary?event=401827681 "HTTP/1.1 200 OK"
14:52:35 [INFO] HTTP Request: GET https://site.api.espn.com/apis/site/v2/sports/basketball/mens-college-basketball/summary?event=401820819 "HTTP/1.1 200 OK"
14:52:45 [INFO] HTTP Request: GET https://site.api.espn.com/apis/site/v2/sports/basketball/mens-college-basketball/summary?event=401827695 "HTTP/1.1 200 OK"
14:52:56 [INFO] HTTP Request: GET https://site.api.espn.com/apis/site/v2/sports/basketball/mens-college-basketball/summary?event=401820820 "HTTP/1.1 200 OK"
14:52:56 [INFO]   Loaded: 28 games, 557 player-game-stat rows
14:52:56 [INFO] 
[8/16] Iowa State Cyclones
14:52:56 [INFO] Scraping team: Iowa State Cyclones (ESPN #66)
14:53:06 [INFO] HTTP Request: GET https://site.api.espn.com/apis/site/v2/sports/basketball/mens-college-basketball/teams/66/schedule?season=2026 "HTTP/1.1 200 OK"
14:53:06 [INFO]   Schedule: 28 completed games
14:53:16 [INFO] HTTP Request: GET https://site.api.espn.com/apis/site/v2/sports/basketball/mens-college-basketball/summary?event=401812282 "HTTP/1.1 200 OK"
14:53:27 [INFO] HTTP Request: GET https://site.api.espn.com/apis/site/v2/sports/basketball/mens-college-basketball/summary?event=401819871 "HTTP/1.1 200 OK"
14:53:37 [INFO] HTTP Request: GET https://site.api.espn.com/apis/site/v2/sports/basketball/mens-college-basketball/summary?event=401819872 "HTTP/1.1 200 OK"
14:53:48 [INFO] HTTP Request: GET https://site.api.espn.com/apis/site/v2/sports/basketball/mens-college-basketball/summary?event=401819873 "HTTP/1.1 200 OK"
14:53:58 [INFO] HTTP Request: GET https://site.api.espn.com/apis/site/v2/sports/basketball/mens-college-basketball/summary?event=401819874 "HTTP/1.1 200 OK"
14:54:09 [INFO] HTTP Request: GET https://site.api.espn.com/apis/site/v2/sports/basketball/mens-college-basketball/summary?event=401819875 "HTTP/1.1 200 OK"
14:54:19 [INFO] HTTP Request: GET https://site.api.espn.com/apis/site/v2/sports/basketball/mens-college-basketball/summary?event=401831216 "HTTP/1.1 200 OK"
14:54:30 [INFO] HTTP Request: GET https://site.api.espn.com/apis/site/v2/sports/basketball/mens-college-basketball/summary?event=401819876 "HTTP/1.1 200 OK"
14:54:40 [INFO] HTTP Request: GET https://site.api.espn.com/apis/site/v2/sports/basketball/mens-college-basketball/summary?event=401819877 "HTTP/1.1 200 OK"
14:54:51 [INFO] HTTP Request: GET https://site.api.espn.com/apis/site/v2/sports/basketball/mens-college-basketball/summary?event=401819878 "HTTP/1.1 200 OK"
14:55:01 [INFO] HTTP Request: GET https://site.api.espn.com/apis/site/v2/sports/basketball/mens-college-basketball/summary?event=401819879 "HTTP/1.1 200 OK"
14:55:12 [INFO] HTTP Request: GET https://site.api.espn.com/apis/site/v2/sports/basketball/mens-college-basketball/summary?event=401819880 "HTTP/1.1 200 OK"
14:55:22 [INFO] HTTP Request: GET https://site.api.espn.com/apis/site/v2/sports/basketball/mens-college-basketball/summary?event=401819881 "HTTP/1.1 200 OK"
14:55:33 [INFO] HTTP Request: GET https://site.api.espn.com/apis/site/v2/sports/basketball/mens-college-basketball/summary?event=401827592 "HTTP/1.1 200 OK"
14:55:43 [INFO] HTTP Request: GET https://site.api.espn.com/apis/site/v2/sports/basketball/mens-college-basketball/summary?event=401827605 "HTTP/1.1 200 OK"
14:55:53 [INFO] HTTP Request: GET https://site.api.espn.com/apis/site/v2/sports/basketball/mens-college-basketball/summary?event=401827611 "HTTP/1.1 200 OK"
14:56:04 [INFO] HTTP Request: GET https://site.api.espn.com/apis/site/v2/sports/basketball/mens-college-basketball/summary?event=401827617 "HTTP/1.1 200 OK"
14:56:14 [INFO] HTTP Request: GET https://site.api.espn.com/apis/site/v2/sports/basketball/mens-college-basketball/summary?event=401827626 "HTTP/1.1 200 OK"
14:56:25 [INFO] HTTP Request: GET https://site.api.espn.com/apis/site/v2/sports/basketball/mens-college-basketball/summary?event=401827634 "HTTP/1.1 200 OK"
14:56:35 [INFO] HTTP Request: GET https://site.api.espn.com/apis/site/v2/sports/basketball/mens-college-basketball/summary?event=401827645 "HTTP/1.1 200 OK"
14:56:46 [INFO] HTTP Request: GET https://site.api.espn.com/apis/site/v2/sports/basketball/mens-college-basketball/summary?event=401827651 "HTTP/1.1 200 OK"
14:56:56 [INFO] HTTP Request: GET https://site.api.espn.com/apis/site/v2/sports/basketball/mens-college-basketball/summary?event=401827659 "HTTP/1.1 200 OK"
14:57:06 [INFO] HTTP Request: GET https://site.api.espn.com/apis/site/v2/sports/basketball/mens-college-basketball/summary?event=401827668 "HTTP/1.1 200 OK"
14:57:17 [INFO] HTTP Request: GET https://site.api.espn.com/apis/site/v2/sports/basketball/mens-college-basketball/summary?event=401827675 "HTTP/1.1 200 OK"
14:57:27 [INFO] HTTP Request: GET https://site.api.espn.com/apis/site/v2/sports/basketball/mens-college-basketball/summary?event=401827682 "HTTP/1.1 200 OK"
14:57:38 [INFO] HTTP Request: GET https://site.api.espn.com/apis/site/v2/sports/basketball/mens-college-basketball/summary?event=401820819 "HTTP/1.1 200 OK"
14:57:48 [INFO] HTTP Request: GET https://site.api.espn.com/apis/site/v2/sports/basketball/mens-college-basketball/summary?event=401827693 "HTTP/1.1 200 OK"
14:57:58 [INFO] HTTP Request: GET https://site.api.espn.com/apis/site/v2/sports/basketball/mens-college-basketball/summary?event=401827705 "HTTP/1.1 200 OK"
14:57:58 [INFO]   Loaded: 28 games, 561 player-game-stat rows
14:57:58 [INFO] 
[9/16] Kansas Jayhawks
14:57:58 [INFO] Scraping team: Kansas Jayhawks (ESPN #2305)
14:58:09 [INFO] HTTP Request: GET https://site.api.espn.com/apis/site/v2/sports/basketball/mens-college-basketball/teams/2305/schedule?season=2026 "HTTP/1.1 200 OK"
14:58:09 [INFO]   Schedule: 28 completed games
14:58:19 [INFO] HTTP Request: GET https://site.api.espn.com/apis/site/v2/sports/basketball/mens-college-basketball/summary?event=401819882 "HTTP/1.1 200 OK"
14:58:30 [INFO] HTTP Request: GET https://site.api.espn.com/apis/site/v2/sports/basketball/mens-college-basketball/summary?event=401817263 "HTTP/1.1 200 OK"
14:58:40 [INFO] HTTP Request: GET https://site.api.espn.com/apis/site/v2/sports/basketball/mens-college-basketball/summary?event=401819883 "HTTP/1.1 200 OK"
14:58:50 [INFO] HTTP Request: GET https://site.api.espn.com/apis/site/v2/sports/basketball/mens-college-basketball/summary?event=401819884 "HTTP/1.1 200 OK"
14:59:00 [INFO] HTTP Request: GET https://site.api.espn.com/apis/site/v2/sports/basketball/mens-college-basketball/summary?event=401817232 "HTTP/1.1 200 OK"
14:59:11 [INFO] HTTP Request: GET https://site.api.espn.com/apis/site/v2/sports/basketball/mens-college-basketball/summary?event=401817436 "HTTP/1.1 200 OK"
14:59:21 [INFO] HTTP Request: GET https://site.api.espn.com/apis/site/v2/sports/basketball/mens-college-basketball/summary?event=401817482 "HTTP/1.1 200 OK"
14:59:31 [INFO] HTTP Request: GET https://site.api.espn.com/apis/site/v2/sports/basketball/mens-college-basketball/summary?event=401831215 "HTTP/1.1 200 OK"
14:59:42 [INFO] HTTP Request: GET https://site.api.espn.com/apis/site/v2/sports/basketball/mens-college-basketball/summary?event=401812791 "HTTP/1.1 200 OK"
14:59:52 [INFO] HTTP Request: GET https://site.api.espn.com/apis/site/v2/sports/basketball/mens-college-basketball/summary?event=401819885 "HTTP/1.1 200 OK"
15:00:03 [INFO] HTTP Request: GET https://site.api.espn.com/apis/site/v2/sports/basketball/mens-college-basketball/summary?event=401817259 "HTTP/1.1 200 OK"
15:00:13 [INFO] HTTP Request: GET https://site.api.espn.com/apis/site/v2/sports/basketball/mens-college-basketball/summary?event=401819886 "HTTP/1.1 200 OK"
15:00:24 [INFO] HTTP Request: GET https://site.api.espn.com/apis/site/v2/sports/basketball/mens-college-basketball/summary?event=401819887 "HTTP/1.1 200 OK"
15:00:34 [INFO] HTTP Request: GET https://site.api.espn.com/apis/site/v2/sports/basketball/mens-college-basketball/summary?event=401827594 "HTTP/1.1 200 OK"
15:00:44 [INFO] HTTP Request: GET https://site.api.espn.com/apis/site/v2/sports/basketball/mens-college-basketball/summary?event=401827601 "HTTP/1.1 200 OK"
15:00:54 [INFO] HTTP Request: GET https://site.api.espn.com/apis/site/v2/sports/basketball/mens-college-basketball/summary?event=401827614 "HTTP/1.1 200 OK"
15:01:05 [INFO] HTTP Request: GET https://site.api.espn.com/apis/site/v2/sports/basketball/mens-college-basketball/summary?event=401827617 "HTTP/1.1 200 OK"
15:01:15 [INFO] HTTP Request: GET https://site.api.espn.com/apis/site/v2/sports/basketball/mens-college-basketball/summary?event=401827624 "HTTP/1.1 200 OK"
15:01:25 [INFO] HTTP Request: GET https://site.api.espn.com/apis/site/v2/sports/basketball/mens-college-basketball/summary?event=401827633 "HTTP/1.1 200 OK"
15:01:35 [INFO] HTTP Request: GET https://site.api.espn.com/apis/site/v2/sports/basketball/mens-college-basketball/summary?event=401827644 "HTTP/1.1 200 OK"
15:01:46 [INFO] HTTP Request: GET https://site.api.espn.com/apis/site/v2/sports/basketball/mens-college-basketball/summary?event=401827655 "HTTP/1.1 200 OK"
15:01:56 [INFO] HTTP Request: GET https://site.api.espn.com/apis/site/v2/sports/basketball/mens-college-basketball/summary?event=401820817 "HTTP/1.1 200 OK"
15:02:07 [INFO] HTTP Request: GET https://site.api.espn.com/apis/site/v2/sports/basketball/mens-college-basketball/summary?event=401827669 "HTTP/1.1 200 OK"
15:02:17 [INFO] HTTP Request: GET https://site.api.espn.com/apis/site/v2/sports/basketball/mens-college-basketball/summary?event=401820818 "HTTP/1.1 200 OK"
15:02:28 [INFO] HTTP Request: GET https://site.api.espn.com/apis/site/v2/sports/basketball/mens-college-basketball/summary?event=401827682 "HTTP/1.1 200 OK"
15:02:38 [INFO] HTTP Request: GET https://site.api.espn.com/apis/site/v2/sports/basketball/mens-college-basketball/summary?event=401827690 "HTTP/1.1 200 OK"
15:02:48 [INFO] HTTP Request: GET https://site.api.espn.com/apis/site/v2/sports/basketball/mens-college-basketball/summary?event=401827696 "HTTP/1.1 200 OK"
15:02:59 [INFO] HTTP Request: GET https://site.api.espn.com/apis/site/v2/sports/basketball/mens-college-basketball/summary?event=401820820 "HTTP/1.1 200 OK"
15:02:59 [INFO]   Loaded: 28 games, 552 player-game-stat rows
15:02:59 [INFO] 
[10/16] Kansas State Wildcats
15:02:59 [INFO] Scraping team: Kansas State Wildcats (ESPN #2306)
15:03:09 [INFO] HTTP Request: GET https://site.api.espn.com/apis/site/v2/sports/basketball/mens-college-basketball/teams/2306/schedule?season=2026 "HTTP/1.1 200 OK"
15:03:09 [INFO]   Schedule: 27 completed games
15:03:19 [INFO] HTTP Request: GET https://site.api.espn.com/apis/site/v2/sports/basketball/mens-college-basketball/summary?event=401819888 "HTTP/1.1 200 OK"
15:03:30 [INFO] HTTP Request: GET https://site.api.espn.com/apis/site/v2/sports/basketball/mens-college-basketball/summary?event=401819889 "HTTP/1.1 200 OK"
15:03:40 [INFO] HTTP Request: GET https://site.api.espn.com/apis/site/v2/sports/basketball/mens-college-basketball/summary?event=401817221 "HTTP/1.1 200 OK"
15:03:51 [INFO] HTTP Request: GET https://site.api.espn.com/apis/site/v2/sports/basketball/mens-college-basketball/summary?event=401819890 "HTTP/1.1 200 OK"
15:04:01 [INFO] HTTP Request: GET https://site.api.espn.com/apis/site/v2/sports/basketball/mens-college-basketball/summary?event=401819891 "HTTP/1.1 200 OK"
15:04:11 [INFO] HTTP Request: GET https://site.api.espn.com/apis/site/v2/sports/basketball/mens-college-basketball/summary?event=401831195 "HTTP/1.1 200 OK"
15:04:22 [INFO] HTTP Request: GET https://site.api.espn.com/apis/site/v2/sports/basketball/mens-college-basketball/summary?event=401819892 "HTTP/1.1 200 OK"
15:04:32 [INFO] HTTP Request: GET https://site.api.espn.com/apis/site/v2/sports/basketball/mens-college-basketball/summary?event=401819893 "HTTP/1.1 200 OK"
15:04:42 [INFO] HTTP Request: GET https://site.api.espn.com/apis/site/v2/sports/basketball/mens-college-basketball/summary?event=401819894 "HTTP/1.1 200 OK"
15:04:53 [INFO] HTTP Request: GET https://site.api.espn.com/apis/site/v2/sports/basketball/mens-college-basketball/summary?event=401819895 "HTTP/1.1 200 OK"
15:05:03 [INFO] HTTP Request: GET https://site.api.espn.com/apis/site/v2/sports/basketball/mens-college-basketball/summary?event=401819896 "HTTP/1.1 200 OK"
15:05:13 [INFO] HTTP Request: GET https://site.api.espn.com/apis/site/v2/sports/basketball/mens-college-basketball/summary?event=401811114 "HTTP/1.1 200 OK"
15:05:24 [INFO] HTTP Request: GET https://site.api.espn.com/apis/site/v2/sports/basketball/mens-college-basketball/summary?event=401819897 "HTTP/1.1 200 OK"
15:05:34 [INFO] HTTP Request: GET https://site.api.espn.com/apis/site/v2/sports/basketball/mens-college-basketball/summary?event=401827596 "HTTP/1.1 200 OK"
15:05:45 [INFO] HTTP Request: GET https://site.api.espn.com/apis/site/v2/sports/basketball/mens-college-basketball/summary?event=401827604 "HTTP/1.1 200 OK"
15:05:55 [ERROR] Request failed: https://site.api.espn.com/apis/site/v2/sports/basketball/mens-college-basketball/summary — [Errno 54] Connection reset by peer
15:06:05 [INFO] HTTP Request: GET https://site.api.espn.com/apis/site/v2/sports/basketball/mens-college-basketball/summary?event=401827622 "HTTP/1.1 200 OK"
15:06:15 [INFO] HTTP Request: GET https://site.api.espn.com/apis/site/v2/sports/basketball/mens-college-basketball/summary?event=401827627 "HTTP/1.1 200 OK"
15:06:26 [INFO] HTTP Request: GET https://site.api.espn.com/apis/site/v2/sports/basketball/mens-college-basketball/summary?event=401827635 "HTTP/1.1 200 OK"
15:06:36 [INFO] HTTP Request: GET https://site.api.espn.com/apis/site/v2/sports/basketball/mens-college-basketball/summary?event=401827644 "HTTP/1.1 200 OK"
15:06:46 [INFO] HTTP Request: GET https://site.api.espn.com/apis/site/v2/sports/basketball/mens-college-basketball/summary?event=401827648 "HTTP/1.1 200 OK"
15:06:57 [INFO] HTTP Request: GET https://site.api.espn.com/apis/site/v2/sports/basketball/mens-college-basketball/summary?event=401827659 "HTTP/1.1 200 OK"
15:07:07 [INFO] HTTP Request: GET https://site.api.espn.com/apis/site/v2/sports/basketball/mens-college-basketball/summary?event=401827670 "HTTP/1.1 200 OK"
15:07:18 [INFO] HTTP Request: GET https://site.api.espn.com/apis/site/v2/sports/basketball/mens-college-basketball/summary?event=401827677 "HTTP/1.1 200 OK"
15:07:28 [INFO] HTTP Request: GET https://site.api.espn.com/apis/site/v2/sports/basketball/mens-college-basketball/summary?event=401827681 "HTTP/1.1 200 OK"
15:07:38 [INFO] HTTP Request: GET https://site.api.espn.com/apis/site/v2/sports/basketball/mens-college-basketball/summary?event=401827688 "HTTP/1.1 200 OK"
15:07:49 [INFO] HTTP Request: GET https://site.api.espn.com/apis/site/v2/sports/basketball/mens-college-basketball/summary?event=401827698 "HTTP/1.1 200 OK"
15:07:49 [INFO]   Loaded: 26 games, 500 player-game-stat rows
15:07:49 [INFO] 
[11/16] Oklahoma State Cowboys
15:07:49 [INFO] Scraping team: Oklahoma State Cowboys (ESPN #197)
15:07:59 [INFO] HTTP Request: GET https://site.api.espn.com/apis/site/v2/sports/basketball/mens-college-basketball/teams/197/schedule?season=2026 "HTTP/1.1 200 OK"
15:07:59 [INFO]   Schedule: 28 completed games
15:08:10 [INFO] HTTP Request: GET https://site.api.espn.com/apis/site/v2/sports/basketball/mens-college-basketball/summary?event=401813286 "HTTP/1.1 200 OK"
15:08:20 [INFO] HTTP Request: GET https://site.api.espn.com/apis/site/v2/sports/basketball/mens-college-basketball/summary?event=401813287 "HTTP/1.1 200 OK"
15:08:30 [INFO] HTTP Request: GET https://site.api.espn.com/apis/site/v2/sports/basketball/mens-college-basketball/summary?event=401813288 "HTTP/1.1 200 OK"
15:08:41 [INFO] HTTP Request: GET https://site.api.espn.com/apis/site/v2/sports/basketball/mens-college-basketball/summary?event=401813289 "HTTP/1.1 200 OK"
15:08:51 [INFO] HTTP Request: GET https://site.api.espn.com/apis/site/v2/sports/basketball/mens-college-basketball/summary?event=401813290 "HTTP/1.1 200 OK"
15:09:02 [INFO] HTTP Request: GET https://site.api.espn.com/apis/site/v2/sports/basketball/mens-college-basketball/summary?event=401813291 "HTTP/1.1 200 OK"
15:09:12 [INFO] HTTP Request: GET https://site.api.espn.com/apis/site/v2/sports/basketball/mens-college-basketball/summary?event=401812276 "HTTP/1.1 200 OK"
15:09:22 [INFO] HTTP Request: GET https://site.api.espn.com/apis/site/v2/sports/basketball/mens-college-basketball/summary?event=401813292 "HTTP/1.1 200 OK"
15:09:33 [INFO] HTTP Request: GET https://site.api.espn.com/apis/site/v2/sports/basketball/mens-college-basketball/summary?event=401813293 "HTTP/1.1 200 OK"
15:09:43 [INFO] HTTP Request: GET https://site.api.espn.com/apis/site/v2/sports/basketball/mens-college-basketball/summary?event=401813294 "HTTP/1.1 200 OK"
15:09:53 [INFO] HTTP Request: GET https://site.api.espn.com/apis/site/v2/sports/basketball/mens-college-basketball/summary?event=401813295 "HTTP/1.1 200 OK"
15:10:04 [INFO] HTTP Request: GET https://site.api.espn.com/apis/site/v2/sports/basketball/mens-college-basketball/summary?event=401813296 "HTTP/1.1 200 OK"
15:10:14 [INFO] HTTP Request: GET https://site.api.espn.com/apis/site/v2/sports/basketball/mens-college-basketball/summary?event=401813297 "HTTP/1.1 200 OK"
15:10:25 [INFO] HTTP Request: GET https://site.api.espn.com/apis/site/v2/sports/basketball/mens-college-basketball/summary?event=401827598 "HTTP/1.1 200 OK"
15:10:35 [INFO] HTTP Request: GET https://site.api.espn.com/apis/site/v2/sports/basketball/mens-college-basketball/summary?event=401827602 "HTTP/1.1 200 OK"
15:10:46 [INFO] HTTP Request: GET https://site.api.espn.com/apis/site/v2/sports/basketball/mens-college-basketball/summary?event=401827611 "HTTP/1.1 200 OK"
15:10:56 [INFO] HTTP Request: GET https://site.api.espn.com/apis/site/v2/sports/basketball/mens-college-basketball/summary?event=401827618 "HTTP/1.1 200 OK"
15:11:07 [INFO] HTTP Request: GET https://site.api.espn.com/apis/site/v2/sports/basketball/mens-college-basketball/summary?event=401827627 "HTTP/1.1 200 OK"
15:11:17 [INFO] HTTP Request: GET https://site.api.espn.com/apis/site/v2/sports/basketball/mens-college-basketball/summary?event=401827636 "HTTP/1.1 200 OK"
15:11:27 [INFO] HTTP Request: GET https://site.api.espn.com/apis/site/v2/sports/basketball/mens-college-basketball/summary?event=401827645 "HTTP/1.1 200 OK"
15:11:38 [INFO] HTTP Request: GET https://site.api.espn.com/apis/site/v2/sports/basketball/mens-college-basketball/summary?event=401827656 "HTTP/1.1 200 OK"
15:11:48 [INFO] HTTP Request: GET https://site.api.espn.com/apis/site/v2/sports/basketball/mens-college-basketball/summary?event=401827662 "HTTP/1.1 200 OK"
15:11:58 [INFO] HTTP Request: GET https://site.api.espn.com/apis/site/v2/sports/basketball/mens-college-basketball/summary?event=401827665 "HTTP/1.1 200 OK"
15:12:09 [INFO] HTTP Request: GET https://site.api.espn.com/apis/site/v2/sports/basketball/mens-college-basketball/summary?event=401827673 "HTTP/1.1 200 OK"
15:12:19 [INFO] HTTP Request: GET https://site.api.espn.com/apis/site/v2/sports/basketball/mens-college-basketball/summary?event=401827683 "HTTP/1.1 200 OK"
15:12:29 [INFO] HTTP Request: GET https://site.api.espn.com/apis/site/v2/sports/basketball/mens-college-basketball/summary?event=401827690 "HTTP/1.1 200 OK"
15:12:40 [INFO] HTTP Request: GET https://site.api.espn.com/apis/site/v2/sports/basketball/mens-college-basketball/summary?event=401827694 "HTTP/1.1 200 OK"
15:12:50 [INFO] HTTP Request: GET https://site.api.espn.com/apis/site/v2/sports/basketball/mens-college-basketball/summary?event=401827702 "HTTP/1.1 200 OK"
15:12:50 [INFO]   Loaded: 28 games, 553 player-game-stat rows
15:12:50 [INFO] 
[12/16] TCU Horned Frogs
15:12:50 [INFO] Scraping team: TCU Horned Frogs (ESPN #2628)
15:13:01 [INFO] HTTP Request: GET https://site.api.espn.com/apis/site/v2/sports/basketball/mens-college-basketball/teams/2628/schedule?season=2026 "HTTP/1.1 200 OK"
15:13:01 [INFO]   Schedule: 28 completed games
15:13:11 [INFO] HTTP Request: GET https://site.api.espn.com/apis/site/v2/sports/basketball/mens-college-basketball/summary?event=401808890 "HTTP/1.1 200 OK"
15:13:21 [INFO] HTTP Request: GET https://site.api.espn.com/apis/site/v2/sports/basketball/mens-college-basketball/summary?event=401812250 "HTTP/1.1 200 OK"
15:13:32 [INFO] HTTP Request: GET https://site.api.espn.com/apis/site/v2/sports/basketball/mens-college-basketball/summary?event=401812251 "HTTP/1.1 200 OK"
15:13:42 [INFO] HTTP Request: GET https://site.api.espn.com/apis/site/v2/sports/basketball/mens-college-basketball/summary?event=401812252 "HTTP/1.1 200 OK"
15:13:52 [INFO] HTTP Request: GET https://site.api.espn.com/apis/site/v2/sports/basketball/mens-college-basketball/summary?event=401812253 "HTTP/1.1 200 OK"
15:14:02 [INFO] HTTP Request: GET https://site.api.espn.com/apis/site/v2/sports/basketball/mens-college-basketball/summary?event=401809047 "HTTP/1.1 200 OK"
15:14:13 [INFO] HTTP Request: GET https://site.api.espn.com/apis/site/v2/sports/basketball/mens-college-basketball/summary?event=401831224 "HTTP/1.1 200 OK"
15:14:23 [INFO] HTTP Request: GET https://site.api.espn.com/apis/site/v2/sports/basketball/mens-college-basketball/summary?event=401812254 "HTTP/1.1 200 OK"
15:14:33 [INFO] HTTP Request: GET https://site.api.espn.com/apis/site/v2/sports/basketball/mens-college-basketball/summary?event=401812255 "HTTP/1.1 200 OK"
15:14:44 [INFO] HTTP Request: GET https://site.api.espn.com/apis/site/v2/sports/basketball/mens-college-basketball/summary?event=401812256 "HTTP/1.1 200 OK"
15:14:54 [INFO] HTTP Request: GET https://site.api.espn.com/apis/site/v2/sports/basketball/mens-college-basketball/summary?event=401812257 "HTTP/1.1 200 OK"
15:15:05 [INFO] HTTP Request: GET https://site.api.espn.com/apis/site/v2/sports/basketball/mens-college-basketball/summary?event=401812258 "HTTP/1.1 200 OK"
15:15:15 [INFO] HTTP Request: GET https://site.api.espn.com/apis/site/v2/sports/basketball/mens-college-basketball/summary?event=401812259 "HTTP/1.1 200 OK"
15:15:26 [INFO] HTTP Request: GET https://site.api.espn.com/apis/site/v2/sports/basketball/mens-college-basketball/summary?event=401827597 "HTTP/1.1 200 OK"
15:15:36 [INFO] HTTP Request: GET https://site.api.espn.com/apis/site/v2/sports/basketball/mens-college-basketball/summary?event=401827601 "HTTP/1.1 200 OK"
15:15:46 [INFO] HTTP Request: GET https://site.api.espn.com/apis/site/v2/sports/basketball/mens-college-basketball/summary?event=401827612 "HTTP/1.1 200 OK"
15:15:57 [INFO] HTTP Request: GET https://site.api.espn.com/apis/site/v2/sports/basketball/mens-college-basketball/summary?event=401827620 "HTTP/1.1 200 OK"
15:16:07 [INFO] HTTP Request: GET https://site.api.espn.com/apis/site/v2/sports/basketball/mens-college-basketball/summary?event=401827629 "HTTP/1.1 200 OK"
15:16:17 [INFO] HTTP Request: GET https://site.api.espn.com/apis/site/v2/sports/basketball/mens-college-basketball/summary?event=401827636 "HTTP/1.1 200 OK"
15:16:28 [INFO] HTTP Request: GET https://site.api.espn.com/apis/site/v2/sports/basketball/mens-college-basketball/summary?event=401827641 "HTTP/1.1 200 OK"
15:16:38 [INFO] HTTP Request: GET https://site.api.espn.com/apis/site/v2/sports/basketball/mens-college-basketball/summary?event=401827650 "HTTP/1.1 200 OK"
15:16:49 [INFO] HTTP Request: GET https://site.api.espn.com/apis/site/v2/sports/basketball/mens-college-basketball/summary?event=401827658 "HTTP/1.1 200 OK"
15:16:59 [INFO] HTTP Request: GET https://site.api.espn.com/apis/site/v2/sports/basketball/mens-college-basketball/summary?event=401827670 "HTTP/1.1 200 OK"
15:17:09 [INFO] HTTP Request: GET https://site.api.espn.com/apis/site/v2/sports/basketball/mens-college-basketball/summary?event=401827675 "HTTP/1.1 200 OK"
15:17:19 [INFO] HTTP Request: GET https://site.api.espn.com/apis/site/v2/sports/basketball/mens-college-basketball/summary?event=401827683 "HTTP/1.1 200 OK"
15:17:29 [INFO] HTTP Request: GET https://site.api.espn.com/apis/site/v2/sports/basketball/mens-college-basketball/summary?event=401827687 "HTTP/1.1 200 OK"
15:17:40 [INFO] HTTP Request: GET https://site.api.espn.com/apis/site/v2/sports/basketball/mens-college-basketball/summary?event=401827697 "HTTP/1.1 200 OK"
15:17:50 [INFO] HTTP Request: GET https://site.api.espn.com/apis/site/v2/sports/basketball/mens-college-basketball/summary?event=401827703 "HTTP/1.1 200 OK"
15:17:50 [INFO]   Loaded: 28 games, 543 player-game-stat rows
15:17:50 [INFO] 
[13/16] Texas Tech Red Raiders
15:17:50 [INFO] Scraping team: Texas Tech Red Raiders (ESPN #2641)
15:18:01 [INFO] HTTP Request: GET https://site.api.espn.com/apis/site/v2/sports/basketball/mens-college-basketball/teams/2641/schedule?season=2026 "HTTP/1.1 200 OK"
15:18:01 [INFO]   Schedule: 28 completed games
15:18:11 [INFO] HTTP Request: GET https://site.api.espn.com/apis/site/v2/sports/basketball/mens-college-basketball/summary?event=401819898 "HTTP/1.1 200 OK"
15:18:21 [INFO] HTTP Request: GET https://site.api.espn.com/apis/site/v2/sports/basketball/mens-college-basketball/summary?event=401819899 "HTTP/1.1 200 OK"
15:18:32 [INFO] HTTP Request: GET https://site.api.espn.com/apis/site/v2/sports/basketball/mens-college-basketball/summary?event=401811097 "HTTP/1.1 200 OK"
15:18:42 [INFO] HTTP Request: GET https://site.api.espn.com/apis/site/v2/sports/basketball/mens-college-basketball/summary?event=401819900 "HTTP/1.1 200 OK"
15:18:52 [INFO] HTTP Request: GET https://site.api.espn.com/apis/site/v2/sports/basketball/mens-college-basketball/summary?event=401817531 "HTTP/1.1 200 OK"
15:19:03 [INFO] HTTP Request: GET https://site.api.espn.com/apis/site/v2/sports/basketball/mens-college-basketball/summary?event=401823637 "HTTP/1.1 200 OK"
15:19:13 [INFO] HTTP Request: GET https://site.api.espn.com/apis/site/v2/sports/basketball/mens-college-basketball/summary?event=401808897 "HTTP/1.1 200 OK"
15:19:23 [INFO] HTTP Request: GET https://site.api.espn.com/apis/site/v2/sports/basketball/mens-college-basketball/summary?event=401819901 "HTTP/1.1 200 OK"
15:19:34 [INFO] HTTP Request: GET https://site.api.espn.com/apis/site/v2/sports/basketball/mens-college-basketball/summary?event=401819902 "HTTP/1.1 200 OK"
15:19:44 [INFO] HTTP Request: GET https://site.api.espn.com/apis/site/v2/sports/basketball/mens-college-basketball/summary?event=401826789 "HTTP/1.1 200 OK"
15:19:54 [INFO] HTTP Request: GET https://site.api.espn.com/apis/site/v2/sports/basketball/mens-college-basketball/summary?event=401819903 "HTTP/1.1 200 OK"
15:20:05 [INFO] HTTP Request: GET https://site.api.espn.com/apis/site/v2/sports/basketball/mens-college-basketball/summary?event=401817237 "HTTP/1.1 200 OK"
15:20:15 [INFO] HTTP Request: GET https://site.api.espn.com/apis/site/v2/sports/basketball/mens-college-basketball/summary?event=401819904 "HTTP/1.1 200 OK"
15:20:26 [INFO] HTTP Request: GET https://site.api.espn.com/apis/site/v2/sports/basketball/mens-college-basketball/summary?event=401827598 "HTTP/1.1 200 OK"
15:20:37 [INFO] HTTP Request: GET https://site.api.espn.com/apis/site/v2/sports/basketball/mens-college-basketball/summary?event=401827600 "HTTP/1.1 200 OK"
15:20:47 [INFO] HTTP Request: GET https://site.api.espn.com/apis/site/v2/sports/basketball/mens-college-basketball/summary?event=401827610 "HTTP/1.1 200 OK"
15:20:57 [INFO] HTTP Request: GET https://site.api.espn.com/apis/site/v2/sports/basketball/mens-college-basketball/summary?event=401827623 "HTTP/1.1 200 OK"
15:21:07 [INFO] HTTP Request: GET https://site.api.espn.com/apis/site/v2/sports/basketball/mens-college-basketball/summary?event=401827628 "HTTP/1.1 200 OK"
15:21:18 [INFO] HTTP Request: GET https://site.api.espn.com/apis/site/v2/sports/basketball/mens-college-basketball/summary?event=401827632 "HTTP/1.1 200 OK"
15:21:28 [INFO] HTTP Request: GET https://site.api.espn.com/apis/site/v2/sports/basketball/mens-college-basketball/summary?event=401827646 "HTTP/1.1 200 OK"
15:21:38 [INFO] HTTP Request: GET https://site.api.espn.com/apis/site/v2/sports/basketball/mens-college-basketball/summary?event=401827653 "HTTP/1.1 200 OK"
15:21:49 [INFO] HTTP Request: GET https://site.api.espn.com/apis/site/v2/sports/basketball/mens-college-basketball/summary?event=401820817 "HTTP/1.1 200 OK"
15:21:59 [INFO] HTTP Request: GET https://site.api.espn.com/apis/site/v2/sports/basketball/mens-college-basketball/summary?event=401827672 "HTTP/1.1 200 OK"
15:22:10 [INFO] HTTP Request: GET https://site.api.espn.com/apis/site/v2/sports/basketball/mens-college-basketball/summary?event=401827678 "HTTP/1.1 200 OK"
15:22:20 [INFO] HTTP Request: GET https://site.api.espn.com/apis/site/v2/sports/basketball/mens-college-basketball/summary?event=401827679 "HTTP/1.1 200 OK"
15:22:30 [INFO] HTTP Request: GET https://site.api.espn.com/apis/site/v2/sports/basketball/mens-college-basketball/summary?event=401827686 "HTTP/1.1 200 OK"
15:22:41 [INFO] HTTP Request: GET https://site.api.espn.com/apis/site/v2/sports/basketball/mens-college-basketball/summary?event=401827698 "HTTP/1.1 200 OK"
15:22:51 [INFO] HTTP Request: GET https://site.api.espn.com/apis/site/v2/sports/basketball/mens-college-basketball/summary?event=401827704 "HTTP/1.1 200 OK"
15:22:52 [INFO]   Loaded: 28 games, 517 player-game-stat rows
15:22:52 [INFO] 
[14/16] UCF Knights
15:22:52 [INFO] Scraping team: UCF Knights (ESPN #2116)
15:23:02 [INFO] HTTP Request: GET https://site.api.espn.com/apis/site/v2/sports/basketball/mens-college-basketball/teams/2116/schedule?season=2026 "HTTP/1.1 200 OK"
15:23:02 [INFO]   Schedule: 27 completed games
15:23:12 [INFO] HTTP Request: GET https://site.api.espn.com/apis/site/v2/sports/basketball/mens-college-basketball/summary?event=401824823 "HTTP/1.1 200 OK"
15:23:22 [INFO] HTTP Request: GET https://site.api.espn.com/apis/site/v2/sports/basketball/mens-college-basketball/summary?event=401824824 "HTTP/1.1 200 OK"
15:23:33 [INFO] HTTP Request: GET https://site.api.espn.com/apis/site/v2/sports/basketball/mens-college-basketball/summary?event=401824825 "HTTP/1.1 200 OK"
15:23:43 [INFO] HTTP Request: GET https://site.api.espn.com/apis/site/v2/sports/basketball/mens-college-basketball/summary?event=401824826 "HTTP/1.1 200 OK"
15:23:54 [INFO] HTTP Request: GET https://site.api.espn.com/apis/site/v2/sports/basketball/mens-college-basketball/summary?event=401824827 "HTTP/1.1 200 OK"
15:24:04 [INFO] HTTP Request: GET https://site.api.espn.com/apis/site/v2/sports/basketball/mens-college-basketball/summary?event=401817445 "HTTP/1.1 200 OK"
15:24:14 [INFO] HTTP Request: GET https://site.api.espn.com/apis/site/v2/sports/basketball/mens-college-basketball/summary?event=401820580 "HTTP/1.1 200 OK"
15:24:25 [INFO] HTTP Request: GET https://site.api.espn.com/apis/site/v2/sports/basketball/mens-college-basketball/summary?event=401823518 "HTTP/1.1 200 OK"
15:24:35 [INFO] HTTP Request: GET https://site.api.espn.com/apis/site/v2/sports/basketball/mens-college-basketball/summary?event=401824828 "HTTP/1.1 200 OK"
15:24:46 [INFO] HTTP Request: GET https://site.api.espn.com/apis/site/v2/sports/basketball/mens-college-basketball/summary?event=401823491 "HTTP/1.1 200 OK"
15:24:56 [INFO] HTTP Request: GET https://site.api.espn.com/apis/site/v2/sports/basketball/mens-college-basketball/summary?event=401824829 "HTTP/1.1 200 OK"
15:25:07 [INFO] HTTP Request: GET https://site.api.espn.com/apis/site/v2/sports/basketball/mens-college-basketball/summary?event=401824830 "HTTP/1.1 200 OK"
15:25:17 [INFO] HTTP Request: GET https://site.api.espn.com/apis/site/v2/sports/basketball/mens-college-basketball/summary?event=401827594 "HTTP/1.1 200 OK"
15:25:28 [INFO] HTTP Request: GET https://site.api.espn.com/apis/site/v2/sports/basketball/mens-college-basketball/summary?event=401827602 "HTTP/1.1 200 OK"
15:25:39 [INFO] HTTP Request: GET https://site.api.espn.com/apis/site/v2/sports/basketball/mens-college-basketball/summary?event=401827615 "HTTP/1.1 200 OK"
15:25:49 [INFO] HTTP Request: GET https://site.api.espn.com/apis/site/v2/sports/basketball/mens-college-basketball/summary?event=401827622 "HTTP/1.1 200 OK"
15:26:00 [INFO] HTTP Request: GET https://site.api.espn.com/apis/site/v2/sports/basketball/mens-college-basketball/summary?event=401827625 "HTTP/1.1 200 OK"
15:26:10 [INFO] HTTP Request: GET https://site.api.espn.com/apis/site/v2/sports/basketball/mens-college-basketball/summary?event=401827634 "HTTP/1.1 200 OK"
15:26:20 [INFO] HTTP Request: GET https://site.api.espn.com/apis/site/v2/sports/basketball/mens-college-basketball/summary?event=401827643 "HTTP/1.1 200 OK"
15:26:31 [INFO] HTTP Request: GET https://site.api.espn.com/apis/site/v2/sports/basketball/mens-college-basketball/summary?event=401827647 "HTTP/1.1 200 OK"
15:26:41 [INFO] HTTP Request: GET https://site.api.espn.com/apis/site/v2/sports/basketball/mens-college-basketball/summary?event=401827653 "HTTP/1.1 200 OK"
15:26:52 [INFO] HTTP Request: GET https://site.api.espn.com/apis/site/v2/sports/basketball/mens-college-basketball/summary?event=401827661 "HTTP/1.1 200 OK"
15:27:02 [INFO] HTTP Request: GET https://site.api.espn.com/apis/site/v2/sports/basketball/mens-college-basketball/summary?event=401827671 "HTTP/1.1 200 OK"
15:27:13 [INFO] HTTP Request: GET https://site.api.espn.com/apis/site/v2/sports/basketball/mens-college-basketball/summary?event=401827684 "HTTP/1.1 200 OK"
15:27:23 [INFO] HTTP Request: GET https://site.api.espn.com/apis/site/v2/sports/basketball/mens-college-basketball/summary?event=401827687 "HTTP/1.1 200 OK"
15:27:33 [INFO] HTTP Request: GET https://site.api.espn.com/apis/site/v2/sports/basketball/mens-college-basketball/summary?event=401827699 "HTTP/1.1 200 OK"
15:27:44 [INFO] HTTP Request: GET https://site.api.espn.com/apis/site/v2/sports/basketball/mens-college-basketball/summary?event=401827701 "HTTP/1.1 200 OK"
15:27:44 [INFO]   Loaded: 27 games, 548 player-game-stat rows
15:27:44 [INFO] 
[15/16] Utah Utes
15:27:44 [INFO] Scraping team: Utah Utes (ESPN #254)
15:27:54 [INFO] HTTP Request: GET https://site.api.espn.com/apis/site/v2/sports/basketball/mens-college-basketball/teams/254/schedule?season=2026 "HTTP/1.1 200 OK"
15:27:54 [INFO]   Schedule: 28 completed games
15:28:05 [INFO] HTTP Request: GET https://site.api.espn.com/apis/site/v2/sports/basketball/mens-college-basketball/summary?event=401819905 "HTTP/1.1 200 OK"
15:28:15 [INFO] HTTP Request: GET https://site.api.espn.com/apis/site/v2/sports/basketball/mens-college-basketball/summary?event=401819906 "HTTP/1.1 200 OK"
15:28:26 [INFO] HTTP Request: GET https://site.api.espn.com/apis/site/v2/sports/basketball/mens-college-basketball/summary?event=401812661 "HTTP/1.1 200 OK"
15:28:36 [INFO] HTTP Request: GET https://site.api.espn.com/apis/site/v2/sports/basketball/mens-college-basketball/summary?event=401819907 "HTTP/1.1 200 OK"
15:28:47 [INFO] HTTP Request: GET https://site.api.espn.com/apis/site/v2/sports/basketball/mens-college-basketball/summary?event=401819908 "HTTP/1.1 200 OK"
15:28:57 [INFO] HTTP Request: GET https://site.api.espn.com/apis/site/v2/sports/basketball/mens-college-basketball/summary?event=401819909 "HTTP/1.1 200 OK"
15:29:08 [INFO] HTTP Request: GET https://site.api.espn.com/apis/site/v2/sports/basketball/mens-college-basketball/summary?event=401819910 "HTTP/1.1 200 OK"
15:29:18 [INFO] HTTP Request: GET https://site.api.espn.com/apis/site/v2/sports/basketball/mens-college-basketball/summary?event=401830745 "HTTP/1.1 200 OK"
15:29:29 [INFO] HTTP Request: GET https://site.api.espn.com/apis/site/v2/sports/basketball/mens-college-basketball/summary?event=401817224 "HTTP/1.1 200 OK"
15:29:40 [INFO] HTTP Request: GET https://site.api.espn.com/apis/site/v2/sports/basketball/mens-college-basketball/summary?event=401819911 "HTTP/1.1 200 OK"
15:29:50 [INFO] HTTP Request: GET https://site.api.espn.com/apis/site/v2/sports/basketball/mens-college-basketball/summary?event=401819912 "HTTP/1.1 200 OK"
15:30:00 [INFO] HTTP Request: GET https://site.api.espn.com/apis/site/v2/sports/basketball/mens-college-basketball/summary?event=401819913 "HTTP/1.1 200 OK"
15:30:10 [INFO] HTTP Request: GET https://site.api.espn.com/apis/site/v2/sports/basketball/mens-college-basketball/summary?event=401819914 "HTTP/1.1 200 OK"
15:30:20 [INFO] HTTP Request: GET https://site.api.espn.com/apis/site/v2/sports/basketball/mens-college-basketball/summary?event=401827599 "HTTP/1.1 200 OK"
15:30:31 [INFO] HTTP Request: GET https://site.api.espn.com/apis/site/v2/sports/basketball/mens-college-basketball/summary?event=401827607 "HTTP/1.1 200 OK"
15:30:41 [INFO] HTTP Request: GET https://site.api.espn.com/apis/site/v2/sports/basketball/mens-college-basketball/summary?event=401827613 "HTTP/1.1 200 OK"
15:30:51 [INFO] HTTP Request: GET https://site.api.espn.com/apis/site/v2/sports/basketball/mens-college-basketball/summary?event=401827623 "HTTP/1.1 200 OK"
15:31:02 [INFO] HTTP Request: GET https://site.api.espn.com/apis/site/v2/sports/basketball/mens-college-basketball/summary?event=401827629 "HTTP/1.1 200 OK"
15:31:12 [INFO] HTTP Request: GET https://site.api.espn.com/apis/site/v2/sports/basketball/mens-college-basketball/summary?event=401827635 "HTTP/1.1 200 OK"
15:31:22 [INFO] HTTP Request: GET https://site.api.espn.com/apis/site/v2/sports/basketball/mens-college-basketball/summary?event=401827642 "HTTP/1.1 200 OK"
15:31:32 [INFO] HTTP Request: GET https://site.api.espn.com/apis/site/v2/sports/basketball/mens-college-basketball/summary?event=401827656 "HTTP/1.1 200 OK"
15:31:42 [INFO] HTTP Request: GET https://site.api.espn.com/apis/site/v2/sports/basketball/mens-college-basketball/summary?event=401827663 "HTTP/1.1 200 OK"
15:31:53 [INFO] HTTP Request: GET https://site.api.espn.com/apis/site/v2/sports/basketball/mens-college-basketball/summary?event=401827669 "HTTP/1.1 200 OK"
15:32:04 [INFO] HTTP Request: GET https://site.api.espn.com/apis/site/v2/sports/basketball/mens-college-basketball/summary?event=401827676 "HTTP/1.1 200 OK"
15:32:14 [INFO] HTTP Request: GET https://site.api.espn.com/apis/site/v2/sports/basketball/mens-college-basketball/summary?event=401827685 "HTTP/1.1 200 OK"
15:32:24 [INFO] HTTP Request: GET https://site.api.espn.com/apis/site/v2/sports/basketball/mens-college-basketball/summary?event=401827691 "HTTP/1.1 200 OK"
15:32:34 [INFO] HTTP Request: GET https://site.api.espn.com/apis/site/v2/sports/basketball/mens-college-basketball/summary?event=401827699 "HTTP/1.1 200 OK"
15:32:45 [INFO] HTTP Request: GET https://site.api.espn.com/apis/site/v2/sports/basketball/mens-college-basketball/summary?event=401827705 "HTTP/1.1 200 OK"
15:32:45 [INFO]   Loaded: 28 games, 531 player-game-stat rows
15:32:45 [INFO] 
[16/16] West Virginia Mountaineers
15:32:45 [INFO] Scraping team: West Virginia Mountaineers (ESPN #277)
15:32:55 [INFO] HTTP Request: GET https://site.api.espn.com/apis/site/v2/sports/basketball/mens-college-basketball/teams/277/schedule?season=2026 "HTTP/1.1 200 OK"
15:32:55 [INFO]   Schedule: 28 completed games
15:33:05 [INFO] HTTP Request: GET https://site.api.espn.com/apis/site/v2/sports/basketball/mens-college-basketball/summary?event=401813397 "HTTP/1.1 200 OK"
15:33:15 [INFO] HTTP Request: GET https://site.api.espn.com/apis/site/v2/sports/basketball/mens-college-basketball/summary?event=401819915 "HTTP/1.1 200 OK"
15:33:26 [INFO] HTTP Request: GET https://site.api.espn.com/apis/site/v2/sports/basketball/mens-college-basketball/summary?event=401819916 "HTTP/1.1 200 OK"
15:33:36 [INFO] HTTP Request: GET https://site.api.espn.com/apis/site/v2/sports/basketball/mens-college-basketball/summary?event=401817444 "HTTP/1.1 200 OK"
15:33:46 [INFO] HTTP Request: GET https://site.api.espn.com/apis/site/v2/sports/basketball/mens-college-basketball/summary?event=401819917 "HTTP/1.1 200 OK"
15:33:57 [INFO] HTTP Request: GET https://site.api.espn.com/apis/site/v2/sports/basketball/mens-college-basketball/summary?event=401809308 "HTTP/1.1 200 OK"
15:34:08 [INFO] HTTP Request: GET https://site.api.espn.com/apis/site/v2/sports/basketball/mens-college-basketball/summary?event=401831231 "HTTP/1.1 200 OK"
15:34:18 [INFO] HTTP Request: GET https://site.api.espn.com/apis/site/v2/sports/basketball/mens-college-basketball/summary?event=401819918 "HTTP/1.1 200 OK"
15:34:28 [INFO] HTTP Request: GET https://site.api.espn.com/apis/site/v2/sports/basketball/mens-college-basketball/summary?event=401819919 "HTTP/1.1 200 OK"
15:34:38 [INFO] HTTP Request: GET https://site.api.espn.com/apis/site/v2/sports/basketball/mens-college-basketball/summary?event=401817534 "HTTP/1.1 200 OK"
15:34:49 [INFO] HTTP Request: GET https://site.api.espn.com/apis/site/v2/sports/basketball/mens-college-basketball/summary?event=401819920 "HTTP/1.1 200 OK"
15:34:59 [INFO] HTTP Request: GET https://site.api.espn.com/apis/site/v2/sports/basketball/mens-college-basketball/summary?event=401819921 "HTTP/1.1 200 OK"
15:35:09 [INFO] HTTP Request: GET https://site.api.espn.com/apis/site/v2/sports/basketball/mens-college-basketball/summary?event=401819922 "HTTP/1.1 200 OK"
15:35:20 [INFO] HTTP Request: GET https://site.api.espn.com/apis/site/v2/sports/basketball/mens-college-basketball/summary?event=401827592 "HTTP/1.1 200 OK"
15:35:30 [INFO] HTTP Request: GET https://site.api.espn.com/apis/site/v2/sports/basketball/mens-college-basketball/summary?event=401827603 "HTTP/1.1 200 OK"
15:35:40 [INFO] HTTP Request: GET https://site.api.espn.com/apis/site/v2/sports/basketball/mens-college-basketball/summary?event=401827614 "HTTP/1.1 200 OK"
15:35:51 [INFO] HTTP Request: GET https://site.api.espn.com/apis/site/v2/sports/basketball/mens-college-basketball/summary?event=401827616 "HTTP/1.1 200 OK"
15:36:01 [INFO] HTTP Request: GET https://site.api.espn.com/apis/site/v2/sports/basketball/mens-college-basketball/summary?event=401827630 "HTTP/1.1 200 OK"
15:36:11 [INFO] HTTP Request: GET https://site.api.espn.com/apis/site/v2/sports/basketball/mens-college-basketball/summary?event=401827638 "HTTP/1.1 200 OK"
15:36:22 [INFO] HTTP Request: GET https://site.api.espn.com/apis/site/v2/sports/basketball/mens-college-basketball/summary?event=401827639 "HTTP/1.1 200 OK"
15:36:32 [INFO] HTTP Request: GET https://site.api.espn.com/apis/site/v2/sports/basketball/mens-college-basketball/summary?event=401827648 "HTTP/1.1 200 OK"
15:36:43 [INFO] HTTP Request: GET https://site.api.espn.com/apis/site/v2/sports/basketball/mens-college-basketball/summary?event=401827657 "HTTP/1.1 200 OK"
15:36:53 [INFO] HTTP Request: GET https://site.api.espn.com/apis/site/v2/sports/basketball/mens-college-basketball/summary?event=401827664 "HTTP/1.1 200 OK"
15:37:03 [INFO] HTTP Request: GET https://site.api.espn.com/apis/site/v2/sports/basketball/mens-college-basketball/summary?event=401827672 "HTTP/1.1 200 OK"
15:37:14 [INFO] HTTP Request: GET https://site.api.espn.com/apis/site/v2/sports/basketball/mens-college-basketball/summary?event=401827684 "HTTP/1.1 200 OK"
15:37:24 [INFO] HTTP Request: GET https://site.api.espn.com/apis/site/v2/sports/basketball/mens-college-basketball/summary?event=401827691 "HTTP/1.1 200 OK"
15:37:34 [INFO] HTTP Request: GET https://site.api.espn.com/apis/site/v2/sports/basketball/mens-college-basketball/summary?event=401827697 "HTTP/1.1 200 OK"
15:37:45 [INFO] HTTP Request: GET https://site.api.espn.com/apis/site/v2/sports/basketball/mens-college-basketball/summary?event=401827702 "HTTP/1.1 200 OK"
15:37:45 [INFO]   Loaded: 28 games, 519 player-game-stat rows
15:37:45 [INFO] 
============================================================
15:37:45 [INFO]   BATCH COMPLETE: 16 teams, 444 games, 8619 PGS rows
15:37:45 [INFO] ============================================================

============================================================
  ESPN BATCH — FINAL SUMMARY
============================================================
  Total teams:                1284
  Total players:              14255
  Total games:                4472
  Total player_game_stats:    111390
============================================================
