14:37:19 [INFO] Batch: 11 NCAA D1 teams via ESPN
14:37:19 [INFO] 
[1/11] Eastern Illinois Panthers
14:37:19 [INFO] Scraping team: Eastern Illinois Panthers (ESPN #2197)
14:37:22 [INFO] HTTP Request: GET https://site.api.espn.com/apis/site/v2/sports/basketball/mens-college-basketball/teams/2197/schedule?season=2026 "HTTP/1.1 200 OK"
14:37:22 [INFO]   Schedule: 30 completed games
14:37:32 [INFO] HTTP Request: GET https://site.api.espn.com/apis/site/v2/sports/basketball/mens-college-basketball/summary?event=401822329 "HTTP/1.1 200 OK"
14:37:43 [INFO] HTTP Request: GET https://site.api.espn.com/apis/site/v2/sports/basketball/mens-college-basketball/summary?event=401822366 "HTTP/1.1 200 OK"
14:37:53 [INFO] HTTP Request: GET https://site.api.espn.com/apis/site/v2/sports/basketball/mens-college-basketball/summary?event=401817433 "HTTP/1.1 200 OK"
14:38:08 [INFO] HTTP Request: GET https://site.api.espn.com/apis/site/v2/sports/basketball/mens-college-basketball/summary?event=401822356 "HTTP/1.1 200 OK"
14:38:21 [INFO] HTTP Request: GET https://site.api.espn.com/apis/site/v2/sports/basketball/mens-college-basketball/summary?event=401822367 "HTTP/1.1 200 OK"
14:38:36 [INFO] HTTP Request: GET https://site.api.espn.com/apis/site/v2/sports/basketball/mens-college-basketball/summary?event=401822358 "HTTP/1.1 200 OK"
14:38:48 [INFO] HTTP Request: GET https://site.api.espn.com/apis/site/v2/sports/basketball/mens-college-basketball/summary?event=401822359 "HTTP/1.1 200 OK"
14:38:59 [INFO] HTTP Request: GET https://site.api.espn.com/apis/site/v2/sports/basketball/mens-college-basketball/summary?event=401806343 "HTTP/1.1 200 OK"
14:39:09 [INFO] HTTP Request: GET https://site.api.espn.com/apis/site/v2/sports/basketball/mens-college-basketball/summary?event=401828547 "HTTP/1.1 200 OK"
14:39:20 [INFO] HTTP Request: GET https://site.api.espn.com/apis/site/v2/sports/basketball/mens-college-basketball/summary?event=401819879 "HTTP/1.1 200 OK"
14:39:31 [INFO] HTTP Request: GET https://site.api.espn.com/apis/site/v2/sports/basketball/mens-college-basketball/summary?event=401806345 "HTTP/1.1 200 OK"
14:39:42 [INFO] HTTP Request: GET https://site.api.espn.com/apis/site/v2/sports/basketball/mens-college-basketball/summary?event=401822362 "HTTP/1.1 200 OK"
14:39:53 [INFO] HTTP Request: GET https://site.api.espn.com/apis/site/v2/sports/basketball/mens-college-basketball/summary?event=401806415 "HTTP/1.1 200 OK"
14:40:03 [INFO] HTTP Request: GET https://site.api.espn.com/apis/site/v2/sports/basketball/mens-college-basketball/summary?event=401806420 "HTTP/1.1 200 OK"
14:40:14 [INFO] HTTP Request: GET https://site.api.espn.com/apis/site/v2/sports/basketball/mens-college-basketball/summary?event=401806426 "HTTP/1.1 200 OK"
14:40:25 [INFO] HTTP Request: GET https://site.api.espn.com/apis/site/v2/sports/basketball/mens-college-basketball/summary?event=401806431 "HTTP/1.1 200 OK"
14:40:36 [INFO] HTTP Request: GET https://site.api.espn.com/apis/site/v2/sports/basketball/mens-college-basketball/summary?event=401806436 "HTTP/1.1 200 OK"
14:40:47 [INFO] HTTP Request: GET https://site.api.espn.com/apis/site/v2/sports/basketball/mens-college-basketball/summary?event=401806437 "HTTP/1.1 200 OK"
14:40:57 [INFO] HTTP Request: GET https://site.api.espn.com/apis/site/v2/sports/basketball/mens-college-basketball/summary?event=401843145 "HTTP/1.1 200 OK"
14:41:08 [INFO] HTTP Request: GET https://site.api.espn.com/apis/site/v2/sports/basketball/mens-college-basketball/summary?event=401806448 "HTTP/1.1 200 OK"
14:41:18 [INFO] HTTP Request: GET https://site.api.espn.com/apis/site/v2/sports/basketball/mens-college-basketball/summary?event=401806453 "HTTP/1.1 200 OK"
14:41:29 [INFO] HTTP Request: GET https://site.api.espn.com/apis/site/v2/sports/basketball/mens-college-basketball/summary?event=401822363 "HTTP/1.1 200 OK"
14:41:40 [INFO] HTTP Request: GET https://site.api.espn.com/apis/site/v2/sports/basketball/mens-college-basketball/summary?event=401806464 "HTTP/1.1 200 OK"
14:41:50 [INFO] HTTP Request: GET https://site.api.espn.com/apis/site/v2/sports/basketball/mens-college-basketball/summary?event=401806470 "HTTP/1.1 200 OK"
14:42:01 [INFO] HTTP Request: GET https://site.api.espn.com/apis/site/v2/sports/basketball/mens-college-basketball/summary?event=401806475 "HTTP/1.1 200 OK"
14:42:12 [INFO] HTTP Request: GET https://site.api.espn.com/apis/site/v2/sports/basketball/mens-college-basketball/summary?event=401806480 "HTTP/1.1 200 OK"
14:42:22 [INFO] HTTP Request: GET https://site.api.espn.com/apis/site/v2/sports/basketball/mens-college-basketball/summary?event=401806486 "HTTP/1.1 200 OK"
14:42:33 [INFO] HTTP Request: GET https://site.api.espn.com/apis/site/v2/sports/basketball/mens-college-basketball/summary?event=401806492 "HTTP/1.1 200 OK"
14:42:44 [INFO] HTTP Request: GET https://site.api.espn.com/apis/site/v2/sports/basketball/mens-college-basketball/summary?event=401806497 "HTTP/1.1 200 OK"
14:42:54 [INFO] HTTP Request: GET https://site.api.espn.com/apis/site/v2/sports/basketball/mens-college-basketball/summary?event=401806503 "HTTP/1.1 200 OK"
14:42:54 [INFO]   Loaded: 30 games, 584 player-game-stat rows
14:42:54 [INFO] 
[2/11] Lindenwood Lions
14:42:54 [INFO] Scraping team: Lindenwood Lions (ESPN #2815)
14:43:05 [INFO] HTTP Request: GET https://site.api.espn.com/apis/site/v2/sports/basketball/mens-college-basketball/teams/2815/schedule?season=2026 "HTTP/1.1 200 OK"
14:43:05 [INFO]   Schedule: 30 completed games
14:43:15 [INFO] HTTP Request: GET https://site.api.espn.com/apis/site/v2/sports/basketball/mens-college-basketball/summary?event=401819898 "HTTP/1.1 200 OK"
14:43:26 [INFO] HTTP Request: GET https://site.api.espn.com/apis/site/v2/sports/basketball/mens-college-basketball/summary?event=401822370 "HTTP/1.1 200 OK"
14:43:37 [INFO] HTTP Request: GET https://site.api.espn.com/apis/site/v2/sports/basketball/mens-college-basketball/summary?event=401817184 "HTTP/1.1 200 OK"
14:43:47 [INFO] HTTP Request: GET https://site.api.espn.com/apis/site/v2/sports/basketball/mens-college-basketball/summary?event=401820840 "HTTP/1.1 200 OK"
14:43:58 [INFO] HTTP Request: GET https://site.api.espn.com/apis/site/v2/sports/basketball/mens-college-basketball/summary?event=401822371 "HTTP/1.1 200 OK"
14:44:09 [INFO] HTTP Request: GET https://site.api.espn.com/apis/site/v2/sports/basketball/mens-college-basketball/summary?event=401822399 "HTTP/1.1 200 OK"
14:44:19 [INFO] HTTP Request: GET https://site.api.espn.com/apis/site/v2/sports/basketball/mens-college-basketball/summary?event=401822393 "HTTP/1.1 200 OK"
14:44:30 [INFO] HTTP Request: GET https://site.api.espn.com/apis/site/v2/sports/basketball/mens-college-basketball/summary?event=401822394 "HTTP/1.1 200 OK"
14:44:40 [INFO] HTTP Request: GET https://site.api.espn.com/apis/site/v2/sports/basketball/mens-college-basketball/summary?event=401806343 "HTTP/1.1 200 OK"
14:44:51 [INFO] HTTP Request: GET https://site.api.espn.com/apis/site/v2/sports/basketball/mens-college-basketball/summary?event=401822395 "HTTP/1.1 200 OK"
14:45:01 [INFO] HTTP Request: GET https://site.api.espn.com/apis/site/v2/sports/basketball/mens-college-basketball/summary?event=401806346 "HTTP/1.1 200 OK"
14:45:12 [INFO] HTTP Request: GET https://site.api.espn.com/apis/site/v2/sports/basketball/mens-college-basketball/summary?event=401822396 "HTTP/1.1 200 OK"
14:45:22 [INFO] HTTP Request: GET https://site.api.espn.com/apis/site/v2/sports/basketball/mens-college-basketball/summary?event=401822397 "HTTP/1.1 200 OK"
14:45:33 [INFO] HTTP Request: GET https://site.api.espn.com/apis/site/v2/sports/basketball/mens-college-basketball/summary?event=401806416 "HTTP/1.1 200 OK"
14:45:43 [INFO] HTTP Request: GET https://site.api.espn.com/apis/site/v2/sports/basketball/mens-college-basketball/summary?event=401806421 "HTTP/1.1 200 OK"
14:45:54 [INFO] HTTP Request: GET https://site.api.espn.com/apis/site/v2/sports/basketball/mens-college-basketball/summary?event=401806425 "HTTP/1.1 200 OK"
14:46:04 [INFO] HTTP Request: GET https://site.api.espn.com/apis/site/v2/sports/basketball/mens-college-basketball/summary?event=401806432 "HTTP/1.1 200 OK"
14:46:15 [INFO] HTTP Request: GET https://site.api.espn.com/apis/site/v2/sports/basketball/mens-college-basketball/summary?event=401806438 "HTTP/1.1 200 OK"
14:46:26 [INFO] HTTP Request: GET https://site.api.espn.com/apis/site/v2/sports/basketball/mens-college-basketball/summary?event=401806442 "HTTP/1.1 200 OK"
14:46:37 [INFO] HTTP Request: GET https://site.api.espn.com/apis/site/v2/sports/basketball/mens-college-basketball/summary?event=401806449 "HTTP/1.1 200 OK"
14:46:47 [INFO] HTTP Request: GET https://site.api.espn.com/apis/site/v2/sports/basketball/mens-college-basketball/summary?event=401806454 "HTTP/1.1 200 OK"
14:46:59 [INFO] HTTP Request: GET https://site.api.espn.com/apis/site/v2/sports/basketball/mens-college-basketball/summary?event=401822398 "HTTP/1.1 200 OK"
14:47:09 [INFO] HTTP Request: GET https://site.api.espn.com/apis/site/v2/sports/basketball/mens-college-basketball/summary?event=401806465 "HTTP/1.1 200 OK"
14:47:20 [INFO] HTTP Request: GET https://site.api.espn.com/apis/site/v2/sports/basketball/mens-college-basketball/summary?event=401806469 "HTTP/1.1 200 OK"
14:47:30 [INFO] HTTP Request: GET https://site.api.espn.com/apis/site/v2/sports/basketball/mens-college-basketball/summary?event=401806471 "HTTP/1.1 200 OK"
14:47:40 [INFO] HTTP Request: GET https://site.api.espn.com/apis/site/v2/sports/basketball/mens-college-basketball/summary?event=401806481 "HTTP/1.1 200 OK"
14:47:51 [INFO] HTTP Request: GET https://site.api.espn.com/apis/site/v2/sports/basketball/mens-college-basketball/summary?event=401806487 "HTTP/1.1 200 OK"
14:48:02 [INFO] HTTP Request: GET https://site.api.espn.com/apis/site/v2/sports/basketball/mens-college-basketball/summary?event=401806493 "HTTP/1.1 200 OK"
14:48:12 [INFO] HTTP Request: GET https://site.api.espn.com/apis/site/v2/sports/basketball/mens-college-basketball/summary?event=401806498 "HTTP/1.1 200 OK"
14:48:22 [INFO] HTTP Request: GET https://site.api.espn.com/apis/site/v2/sports/basketball/mens-college-basketball/summary?event=401806503 "HTTP/1.1 200 OK"
14:48:22 [INFO]   Loaded: 30 games, 569 player-game-stat rows
14:48:22 [INFO] 
[3/11] Little Rock Trojans
14:48:22 [INFO] Scraping team: Little Rock Trojans (ESPN #2031)
14:48:33 [INFO] HTTP Request: GET https://site.api.espn.com/apis/site/v2/sports/basketball/mens-college-basketball/teams/2031/schedule?season=2026 "HTTP/1.1 200 OK"
14:48:33 [INFO]   Schedule: 30 completed games
14:48:44 [INFO] HTTP Request: GET https://site.api.espn.com/apis/site/v2/sports/basketball/mens-college-basketball/summary?event=401825185 "HTTP/1.1 200 OK"
14:48:54 [INFO] HTTP Request: GET https://site.api.espn.com/apis/site/v2/sports/basketball/mens-college-basketball/summary?event=401822310 "HTTP/1.1 200 OK"
14:49:05 [INFO] HTTP Request: GET https://site.api.espn.com/apis/site/v2/sports/basketball/mens-college-basketball/summary?event=401823023 "HTTP/1.1 200 OK"
14:49:15 [INFO] HTTP Request: GET https://site.api.espn.com/apis/site/v2/sports/basketball/mens-college-basketball/summary?event=401822320 "HTTP/1.1 200 OK"
14:49:26 [INFO] HTTP Request: GET https://site.api.espn.com/apis/site/v2/sports/basketball/mens-college-basketball/summary?event=401825186 "HTTP/1.1 200 OK"
14:49:36 [INFO] HTTP Request: GET https://site.api.espn.com/apis/site/v2/sports/basketball/mens-college-basketball/summary?event=401825187 "HTTP/1.1 200 OK"
14:49:47 [INFO] HTTP Request: GET https://site.api.espn.com/apis/site/v2/sports/basketball/mens-college-basketball/summary?event=401825188 "HTTP/1.1 200 OK"
14:49:57 [INFO] HTTP Request: GET https://site.api.espn.com/apis/site/v2/sports/basketball/mens-college-basketball/summary?event=401824938 "HTTP/1.1 200 OK"
14:50:08 [INFO] HTTP Request: GET https://site.api.espn.com/apis/site/v2/sports/basketball/mens-college-basketball/summary?event=401825189 "HTTP/1.1 200 OK"
14:50:18 [INFO] HTTP Request: GET https://site.api.espn.com/apis/site/v2/sports/basketball/mens-college-basketball/summary?event=401819920 "HTTP/1.1 200 OK"
14:50:29 [INFO] HTTP Request: GET https://site.api.espn.com/apis/site/v2/sports/basketball/mens-college-basketball/summary?event=401806344 "HTTP/1.1 200 OK"
14:50:39 [INFO] HTTP Request: GET https://site.api.espn.com/apis/site/v2/sports/basketball/mens-college-basketball/summary?event=401806347 "HTTP/1.1 200 OK"
14:50:50 [INFO] HTTP Request: GET https://site.api.espn.com/apis/site/v2/sports/basketball/mens-college-basketball/summary?event=401825190 "HTTP/1.1 200 OK"
14:51:01 [INFO] HTTP Request: GET https://site.api.espn.com/apis/site/v2/sports/basketball/mens-college-basketball/summary?event=401806417 "HTTP/1.1 200 OK"
14:51:12 [INFO] HTTP Request: GET https://site.api.espn.com/apis/site/v2/sports/basketball/mens-college-basketball/summary?event=401806422 "HTTP/1.1 200 OK"
14:51:22 [INFO] HTTP Request: GET https://site.api.espn.com/apis/site/v2/sports/basketball/mens-college-basketball/summary?event=401806427 "HTTP/1.1 200 OK"
14:51:33 [INFO] HTTP Request: GET https://site.api.espn.com/apis/site/v2/sports/basketball/mens-college-basketball/summary?event=401806432 "HTTP/1.1 200 OK"
14:51:43 [INFO] HTTP Request: GET https://site.api.espn.com/apis/site/v2/sports/basketball/mens-college-basketball/summary?event=401806437 "HTTP/1.1 200 OK"
14:51:54 [INFO] HTTP Request: GET https://site.api.espn.com/apis/site/v2/sports/basketball/mens-college-basketball/summary?event=401806443 "HTTP/1.1 200 OK"
14:52:04 [INFO] HTTP Request: GET https://site.api.espn.com/apis/site/v2/sports/basketball/mens-college-basketball/summary?event=401806450 "HTTP/1.1 200 OK"
14:52:16 [INFO] HTTP Request: GET https://site.api.espn.com/apis/site/v2/sports/basketball/mens-college-basketball/summary?event=401806461 "HTTP/1.1 200 OK"
14:52:27 [INFO] HTTP Request: GET https://site.api.espn.com/apis/site/v2/sports/basketball/mens-college-basketball/summary?event=401806466 "HTTP/1.1 200 OK"
14:52:37 [INFO] HTTP Request: GET https://site.api.espn.com/apis/site/v2/sports/basketball/mens-college-basketball/summary?event=401806455 "HTTP/1.1 200 OK"
14:52:48 [INFO] HTTP Request: GET https://site.api.espn.com/apis/site/v2/sports/basketball/mens-college-basketball/summary?event=401806471 "HTTP/1.1 200 OK"
14:52:59 [INFO] HTTP Request: GET https://site.api.espn.com/apis/site/v2/sports/basketball/mens-college-basketball/summary?event=401806476 "HTTP/1.1 200 OK"
14:53:09 [INFO] HTTP Request: GET https://site.api.espn.com/apis/site/v2/sports/basketball/mens-college-basketball/summary?event=401806482 "HTTP/1.1 200 OK"
14:53:20 [INFO] HTTP Request: GET https://site.api.espn.com/apis/site/v2/sports/basketball/mens-college-basketball/summary?event=401806486 "HTTP/1.1 200 OK"
14:53:30 [INFO] HTTP Request: GET https://site.api.espn.com/apis/site/v2/sports/basketball/mens-college-basketball/summary?event=401806494 "HTTP/1.1 200 OK"
14:53:41 [INFO] HTTP Request: GET https://site.api.espn.com/apis/site/v2/sports/basketball/mens-college-basketball/summary?event=401806499 "HTTP/1.1 200 OK"
14:53:51 [INFO] HTTP Request: GET https://site.api.espn.com/apis/site/v2/sports/basketball/mens-college-basketball/summary?event=401806504 "HTTP/1.1 200 OK"
14:53:51 [INFO]   Loaded: 30 games, 553 player-game-stat rows
14:53:51 [INFO] 
[4/11] Morehead State Eagles
14:53:51 [INFO] Scraping team: Morehead State Eagles (ESPN #2413)
14:54:02 [INFO] HTTP Request: GET https://site.api.espn.com/apis/site/v2/sports/basketball/mens-college-basketball/teams/2413/schedule?season=2026 "HTTP/1.1 200 OK"
14:54:02 [INFO]   Schedule: 31 completed games
14:54:13 [INFO] HTTP Request: GET https://site.api.espn.com/apis/site/v2/sports/basketball/mens-college-basketball/summary?event=401828575 "HTTP/1.1 200 OK"
14:54:23 [INFO] HTTP Request: GET https://site.api.espn.com/apis/site/v2/sports/basketball/mens-college-basketball/summary?event=401817528 "HTTP/1.1 200 OK"
14:54:34 [INFO] HTTP Request: GET https://site.api.espn.com/apis/site/v2/sports/basketball/mens-college-basketball/summary?event=401828576 "HTTP/1.1 200 OK"
14:54:45 [INFO] HTTP Request: GET https://site.api.espn.com/apis/site/v2/sports/basketball/mens-college-basketball/summary?event=401812918 "HTTP/1.1 200 OK"
14:54:55 [INFO] HTTP Request: GET https://site.api.espn.com/apis/site/v2/sports/basketball/mens-college-basketball/summary?event=401828577 "HTTP/1.1 200 OK"
14:55:06 [INFO] HTTP Request: GET https://site.api.espn.com/apis/site/v2/sports/basketball/mens-college-basketball/summary?event=401824888 "HTTP/1.1 200 OK"
14:55:16 [INFO] HTTP Request: GET https://site.api.espn.com/apis/site/v2/sports/basketball/mens-college-basketball/summary?event=401830125 "HTTP/1.1 200 OK"
14:55:27 [INFO] HTTP Request: GET https://site.api.espn.com/apis/site/v2/sports/basketball/mens-college-basketball/summary?event=401823378 "HTTP/1.1 200 OK"
14:55:37 [INFO] HTTP Request: GET https://site.api.espn.com/apis/site/v2/sports/basketball/mens-college-basketball/summary?event=401826861 "HTTP/1.1 200 OK"
14:55:48 [INFO] HTTP Request: GET https://site.api.espn.com/apis/site/v2/sports/basketball/mens-college-basketball/summary?event=401826944 "HTTP/1.1 200 OK"
14:55:58 [INFO] HTTP Request: GET https://site.api.espn.com/apis/site/v2/sports/basketball/mens-college-basketball/summary?event=401806344 "HTTP/1.1 200 OK"
14:56:09 [INFO] HTTP Request: GET https://site.api.espn.com/apis/site/v2/sports/basketball/mens-college-basketball/summary?event=401806350 "HTTP/1.1 200 OK"
14:56:21 [INFO] HTTP Request: GET https://site.api.espn.com/apis/site/v2/sports/basketball/mens-college-basketball/summary?event=401831190 "HTTP/1.1 200 OK"
14:56:31 [INFO] HTTP Request: GET https://site.api.espn.com/apis/site/v2/sports/basketball/mens-college-basketball/summary?event=401806416 "HTTP/1.1 200 OK"
14:56:42 [INFO] HTTP Request: GET https://site.api.espn.com/apis/site/v2/sports/basketball/mens-college-basketball/summary?event=401806423 "HTTP/1.1 200 OK"
14:56:53 [INFO] HTTP Request: GET https://site.api.espn.com/apis/site/v2/sports/basketball/mens-college-basketball/summary?event=401806428 "HTTP/1.1 200 OK"
14:57:04 [INFO] HTTP Request: GET https://site.api.espn.com/apis/site/v2/sports/basketball/mens-college-basketball/summary?event=401806433 "HTTP/1.1 200 OK"
14:57:14 [INFO] HTTP Request: GET https://site.api.espn.com/apis/site/v2/sports/basketball/mens-college-basketball/summary?event=401806439 "HTTP/1.1 200 OK"
14:57:25 [INFO] HTTP Request: GET https://site.api.espn.com/apis/site/v2/sports/basketball/mens-college-basketball/summary?event=401806444 "HTTP/1.1 200 OK"
14:57:36 [INFO] HTTP Request: GET https://site.api.espn.com/apis/site/v2/sports/basketball/mens-college-basketball/summary?event=401806451 "HTTP/1.1 200 OK"
14:57:46 [INFO] HTTP Request: GET https://site.api.espn.com/apis/site/v2/sports/basketball/mens-college-basketball/summary?event=401806453 "HTTP/1.1 200 OK"
14:57:57 [INFO] HTTP Request: GET https://site.api.espn.com/apis/site/v2/sports/basketball/mens-college-basketball/summary?event=401806462 "HTTP/1.1 200 OK"
14:58:07 [INFO] HTTP Request: GET https://site.api.espn.com/apis/site/v2/sports/basketball/mens-college-basketball/summary?event=401806465 "HTTP/1.1 200 OK"
14:58:18 [INFO] HTTP Request: GET https://site.api.espn.com/apis/site/v2/sports/basketball/mens-college-basketball/summary?event=401806472 "HTTP/1.1 200 OK"
14:58:29 [INFO] HTTP Request: GET https://site.api.espn.com/apis/site/v2/sports/basketball/mens-college-basketball/summary?event=401806477 "HTTP/1.1 200 OK"
14:58:39 [INFO] HTTP Request: GET https://site.api.espn.com/apis/site/v2/sports/basketball/mens-college-basketball/summary?event=401806483 "HTTP/1.1 200 OK"
14:58:50 [INFO] HTTP Request: GET https://site.api.espn.com/apis/site/v2/sports/basketball/mens-college-basketball/summary?event=401806488 "HTTP/1.1 200 OK"
14:59:00 [INFO] HTTP Request: GET https://site.api.espn.com/apis/site/v2/sports/basketball/mens-college-basketball/summary?event=401806492 "HTTP/1.1 200 OK"
14:59:11 [INFO] HTTP Request: GET https://site.api.espn.com/apis/site/v2/sports/basketball/mens-college-basketball/summary?event=401806500 "HTTP/1.1 200 OK"
14:59:22 [INFO] HTTP Request: GET https://site.api.espn.com/apis/site/v2/sports/basketball/mens-college-basketball/summary?event=401806502 "HTTP/1.1 200 OK"
14:59:32 [INFO] HTTP Request: GET https://site.api.espn.com/apis/site/v2/sports/basketball/mens-college-basketball/summary?event=401806504 "HTTP/1.1 200 OK"
14:59:32 [INFO]   Loaded: 31 games, 613 player-game-stat rows
14:59:32 [INFO] 
[5/11] SIU Edwardsville Cougars
14:59:32 [INFO] Scraping team: SIU Edwardsville Cougars (ESPN #2565)
14:59:43 [INFO] HTTP Request: GET https://site.api.espn.com/apis/site/v2/sports/basketball/mens-college-basketball/teams/2565/schedule?season=2026 "HTTP/1.1 200 OK"
14:59:43 [INFO]   Schedule: 30 completed games
14:59:53 [INFO] HTTP Request: GET https://site.api.espn.com/apis/site/v2/sports/basketball/mens-college-basketball/summary?event=401829341 "HTTP/1.1 200 OK"
15:00:05 [INFO] HTTP Request: GET https://site.api.espn.com/apis/site/v2/sports/basketball/mens-college-basketball/summary?event=401829342 "HTTP/1.1 200 OK"
15:00:15 [INFO] HTTP Request: GET https://site.api.espn.com/apis/site/v2/sports/basketball/mens-college-basketball/summary?event=401828914 "HTTP/1.1 200 OK"
15:00:26 [INFO] HTTP Request: GET https://site.api.espn.com/apis/site/v2/sports/basketball/mens-college-basketball/summary?event=401828906 "HTTP/1.1 200 OK"
15:00:37 [INFO] HTTP Request: GET https://site.api.espn.com/apis/site/v2/sports/basketball/mens-college-basketball/summary?event=401826912 "HTTP/1.1 200 OK"
15:00:47 [INFO] HTTP Request: GET https://site.api.espn.com/apis/site/v2/sports/basketball/mens-college-basketball/summary?event=401820553 "HTTP/1.1 200 OK"
15:00:58 [INFO] HTTP Request: GET https://site.api.espn.com/apis/site/v2/sports/basketball/mens-college-basketball/summary?event=401827154 "HTTP/1.1 200 OK"
15:01:09 [INFO] HTTP Request: GET https://site.api.espn.com/apis/site/v2/sports/basketball/mens-college-basketball/summary?event=401829343 "HTTP/1.1 200 OK"
15:01:20 [INFO] HTTP Request: GET https://site.api.espn.com/apis/site/v2/sports/basketball/mens-college-basketball/summary?event=401823447 "HTTP/1.1 200 OK"
15:01:31 [INFO] HTTP Request: GET https://site.api.espn.com/apis/site/v2/sports/basketball/mens-college-basketball/summary?event=401829275 "HTTP/1.1 200 OK"
15:01:41 [INFO] HTTP Request: GET https://site.api.espn.com/apis/site/v2/sports/basketball/mens-college-basketball/summary?event=401829344 "HTTP/1.1 200 OK"
15:01:52 [INFO] HTTP Request: GET https://site.api.espn.com/apis/site/v2/sports/basketball/mens-college-basketball/summary?event=401806345 "HTTP/1.1 200 OK"
15:02:02 [INFO] HTTP Request: GET https://site.api.espn.com/apis/site/v2/sports/basketball/mens-college-basketball/summary?event=401806413 "HTTP/1.1 200 OK"
15:02:14 [INFO] HTTP Request: GET https://site.api.espn.com/apis/site/v2/sports/basketball/mens-college-basketball/summary?event=401806418 "HTTP/1.1 200 OK"
15:02:25 [INFO] HTTP Request: GET https://site.api.espn.com/apis/site/v2/sports/basketball/mens-college-basketball/summary?event=401806423 "HTTP/1.1 200 OK"
15:02:35 [INFO] HTTP Request: GET https://site.api.espn.com/apis/site/v2/sports/basketball/mens-college-basketball/summary?event=401806425 "HTTP/1.1 200 OK"
15:02:46 [INFO] HTTP Request: GET https://site.api.espn.com/apis/site/v2/sports/basketball/mens-college-basketball/summary?event=401806427 "HTTP/1.1 200 OK"
15:02:57 [INFO] HTTP Request: GET https://site.api.espn.com/apis/site/v2/sports/basketball/mens-college-basketball/summary?event=401806440 "HTTP/1.1 200 OK"
15:03:08 [INFO] HTTP Request: GET https://site.api.espn.com/apis/site/v2/sports/basketball/mens-college-basketball/summary?event=401806445 "HTTP/1.1 200 OK"
15:03:19 [INFO] HTTP Request: GET https://site.api.espn.com/apis/site/v2/sports/basketball/mens-college-basketball/summary?event=401806452 "HTTP/1.1 200 OK"
15:03:30 [INFO] HTTP Request: GET https://site.api.espn.com/apis/site/v2/sports/basketball/mens-college-basketball/summary?event=401806456 "HTTP/1.1 200 OK"
15:03:44 [INFO] HTTP Request: GET https://site.api.espn.com/apis/site/v2/sports/basketball/mens-college-basketball/summary?event=401806462 "HTTP/1.1 200 OK"
15:03:54 [INFO] HTTP Request: GET https://site.api.espn.com/apis/site/v2/sports/basketball/mens-college-basketball/summary?event=401806467 "HTTP/1.1 200 OK"
15:04:05 [INFO] HTTP Request: GET https://site.api.espn.com/apis/site/v2/sports/basketball/mens-college-basketball/summary?event=401806469 "HTTP/1.1 200 OK"
15:04:15 [INFO] HTTP Request: GET https://site.api.espn.com/apis/site/v2/sports/basketball/mens-college-basketball/summary?event=401806476 "HTTP/1.1 200 OK"
15:04:28 [INFO] HTTP Request: GET https://site.api.espn.com/apis/site/v2/sports/basketball/mens-college-basketball/summary?event=401806484 "HTTP/1.1 200 OK"
15:04:38 [INFO] HTTP Request: GET https://site.api.espn.com/apis/site/v2/sports/basketball/mens-college-basketball/summary?event=401806489 "HTTP/1.1 200 OK"
15:04:49 [INFO] HTTP Request: GET https://site.api.espn.com/apis/site/v2/sports/basketball/mens-college-basketball/summary?event=401806495 "HTTP/1.1 200 OK"
15:05:00 [INFO] HTTP Request: GET https://site.api.espn.com/apis/site/v2/sports/basketball/mens-college-basketball/summary?event=401806501 "HTTP/1.1 200 OK"
15:05:11 [INFO] HTTP Request: GET https://site.api.espn.com/apis/site/v2/sports/basketball/mens-college-basketball/summary?event=401806506 "HTTP/1.1 200 OK"
15:05:11 [INFO]   Loaded: 30 games, 627 player-game-stat rows
15:05:11 [INFO] 
[6/11] Southeast Missouri State Redhawks
15:05:11 [INFO] Scraping team: Southeast Missouri State Redhawks (ESPN #2546)
15:05:21 [INFO] HTTP Request: GET https://site.api.espn.com/apis/site/v2/sports/basketball/mens-college-basketball/teams/2546/schedule?season=2026 "HTTP/1.1 200 OK"
15:05:21 [INFO]   Schedule: 30 completed games
15:05:34 [INFO] HTTP Request: GET https://site.api.espn.com/apis/site/v2/sports/basketball/mens-college-basketball/summary?event=401817182 "HTTP/1.1 200 OK"
15:05:44 [INFO] HTTP Request: GET https://site.api.espn.com/apis/site/v2/sports/basketball/mens-college-basketball/summary?event=401829345 "HTTP/1.1 200 OK"
15:05:55 [INFO] HTTP Request: GET https://site.api.espn.com/apis/site/v2/sports/basketball/mens-college-basketball/summary?event=401829346 "HTTP/1.1 200 OK"
15:06:05 [INFO] HTTP Request: GET https://site.api.espn.com/apis/site/v2/sports/basketball/mens-college-basketball/summary?event=401829347 "HTTP/1.1 200 OK"
15:06:16 [INFO] HTTP Request: GET https://site.api.espn.com/apis/site/v2/sports/basketball/mens-college-basketball/summary?event=401823648 "HTTP/1.1 200 OK"
15:06:27 [INFO] HTTP Request: GET https://site.api.espn.com/apis/site/v2/sports/basketball/mens-college-basketball/summary?event=401829348 "HTTP/1.1 200 OK"
15:06:38 [INFO] HTTP Request: GET https://site.api.espn.com/apis/site/v2/sports/basketball/mens-college-basketball/summary?event=401825591 "HTTP/1.1 200 OK"
15:06:48 [INFO] HTTP Request: GET https://site.api.espn.com/apis/site/v2/sports/basketball/mens-college-basketball/summary?event=401824951 "HTTP/1.1 200 OK"
15:06:59 [INFO] HTTP Request: GET https://site.api.espn.com/apis/site/v2/sports/basketball/mens-college-basketball/summary?event=401829349 "HTTP/1.1 200 OK"
15:07:09 [INFO] HTTP Request: GET https://site.api.espn.com/apis/site/v2/sports/basketball/mens-college-basketball/summary?event=401829350 "HTTP/1.1 200 OK"
15:07:21 [INFO] HTTP Request: GET https://site.api.espn.com/apis/site/v2/sports/basketball/mens-college-basketball/summary?event=401829351 "HTTP/1.1 200 OK"
15:07:32 [INFO] HTTP Request: GET https://site.api.espn.com/apis/site/v2/sports/basketball/mens-college-basketball/summary?event=401806348 "HTTP/1.1 200 OK"
15:07:45 [INFO] HTTP Request: GET https://site.api.espn.com/apis/site/v2/sports/basketball/mens-college-basketball/summary?event=401806351 "HTTP/1.1 200 OK"
15:07:56 [INFO] HTTP Request: GET https://site.api.espn.com/apis/site/v2/sports/basketball/mens-college-basketball/summary?event=401806415 "HTTP/1.1 200 OK"
15:08:07 [INFO] HTTP Request: GET https://site.api.espn.com/apis/site/v2/sports/basketball/mens-college-basketball/summary?event=401806424 "HTTP/1.1 200 OK"
15:08:18 [INFO] HTTP Request: GET https://site.api.espn.com/apis/site/v2/sports/basketball/mens-college-basketball/summary?event=401806429 "HTTP/1.1 200 OK"
15:08:29 [INFO] HTTP Request: GET https://site.api.espn.com/apis/site/v2/sports/basketball/mens-college-basketball/summary?event=401806433 "HTTP/1.1 200 OK"
15:08:40 [INFO] HTTP Request: GET https://site.api.espn.com/apis/site/v2/sports/basketball/mens-college-basketball/summary?event=401806438 "HTTP/1.1 200 OK"
15:08:51 [INFO] HTTP Request: GET https://site.api.espn.com/apis/site/v2/sports/basketball/mens-college-basketball/summary?event=401806445 "HTTP/1.1 200 OK"
15:09:04 [INFO] HTTP Request: GET https://site.api.espn.com/apis/site/v2/sports/basketball/mens-college-basketball/summary?event=401806447 "HTTP/1.1 200 OK"
15:09:17 [INFO] HTTP Request: GET https://site.api.espn.com/apis/site/v2/sports/basketball/mens-college-basketball/summary?event=401806450 "HTTP/1.1 200 OK"
15:09:29 [INFO] HTTP Request: GET https://site.api.espn.com/apis/site/v2/sports/basketball/mens-college-basketball/summary?event=401806463 "HTTP/1.1 200 OK"
15:09:42 [INFO] HTTP Request: GET https://site.api.espn.com/apis/site/v2/sports/basketball/mens-college-basketball/summary?event=401806464 "HTTP/1.1 200 OK"
15:09:53 [INFO] HTTP Request: GET https://site.api.espn.com/apis/site/v2/sports/basketball/mens-college-basketball/summary?event=401806472 "HTTP/1.1 200 OK"
15:10:04 [INFO] HTTP Request: GET https://site.api.espn.com/apis/site/v2/sports/basketball/mens-college-basketball/summary?event=401806478 "HTTP/1.1 200 OK"
15:10:15 [INFO] HTTP Request: GET https://site.api.espn.com/apis/site/v2/sports/basketball/mens-college-basketball/summary?event=401806484 "HTTP/1.1 200 OK"
15:10:26 [INFO] HTTP Request: GET https://site.api.espn.com/apis/site/v2/sports/basketball/mens-college-basketball/summary?event=401806487 "HTTP/1.1 200 OK"
15:10:36 [INFO] HTTP Request: GET https://site.api.espn.com/apis/site/v2/sports/basketball/mens-college-basketball/summary?event=401806491 "HTTP/1.1 200 OK"
15:10:47 [INFO] HTTP Request: GET https://site.api.espn.com/apis/site/v2/sports/basketball/mens-college-basketball/summary?event=401806499 "HTTP/1.1 200 OK"
15:11:28 [INFO] HTTP Request: GET https://site.api.espn.com/apis/site/v2/sports/basketball/mens-college-basketball/summary?event=401806505 "HTTP/1.1 200 OK"
15:11:29 [INFO]   Loaded: 30 games, 638 player-game-stat rows
15:11:29 [INFO] 
[7/11] Southern Indiana Screaming Eagles
15:11:29 [INFO] Scraping team: Southern Indiana Screaming Eagles (ESPN #88)
15:11:39 [INFO] HTTP Request: GET https://site.api.espn.com/apis/site/v2/sports/basketball/mens-college-basketball/teams/88/schedule?season=2026 "HTTP/1.1 200 OK"
15:11:39 [INFO]   Schedule: 29 completed games
15:11:50 [INFO] HTTP Request: GET https://site.api.espn.com/apis/site/v2/sports/basketball/mens-college-basketball/summary?event=401820822 "HTTP/1.1 200 OK"
15:12:00 [INFO] HTTP Request: GET https://site.api.espn.com/apis/site/v2/sports/basketball/mens-college-basketball/summary?event=401823514 "HTTP/1.1 200 OK"
15:12:11 [INFO] HTTP Request: GET https://site.api.espn.com/apis/site/v2/sports/basketball/mens-college-basketball/summary?event=401811104 "HTTP/1.1 200 OK"
15:12:24 [INFO] HTTP Request: GET https://site.api.espn.com/apis/site/v2/sports/basketball/mens-college-basketball/summary?event=401829352 "HTTP/1.1 200 OK"
15:12:34 [INFO] HTTP Request: GET https://site.api.espn.com/apis/site/v2/sports/basketball/mens-college-basketball/summary?event=401820482 "HTTP/1.1 200 OK"
15:12:45 [INFO] HTTP Request: GET https://site.api.espn.com/apis/site/v2/sports/basketball/mens-college-basketball/summary?event=401830881 "HTTP/1.1 200 OK"
15:12:56 [INFO] HTTP Request: GET https://site.api.espn.com/apis/site/v2/sports/basketball/mens-college-basketball/summary?event=401822333 "HTTP/1.1 200 OK"
15:13:06 [INFO] HTTP Request: GET https://site.api.espn.com/apis/site/v2/sports/basketball/mens-college-basketball/summary?event=401829353 "HTTP/1.1 200 OK"
15:13:18 [INFO] HTTP Request: GET https://site.api.espn.com/apis/site/v2/sports/basketball/mens-college-basketball/summary?event=401829054 "HTTP/1.1 200 OK"
15:13:31 [INFO] HTTP Request: GET https://site.api.espn.com/apis/site/v2/sports/basketball/mens-college-basketball/summary?event=401829354 "HTTP/1.1 200 OK"
15:13:42 [INFO] HTTP Request: GET https://site.api.espn.com/apis/site/v2/sports/basketball/mens-college-basketball/summary?event=401806347 "HTTP/1.1 200 OK"
15:13:52 [INFO] HTTP Request: GET https://site.api.espn.com/apis/site/v2/sports/basketball/mens-college-basketball/summary?event=401806350 "HTTP/1.1 200 OK"
15:14:06 [INFO] HTTP Request: GET https://site.api.espn.com/apis/site/v2/sports/basketball/mens-college-basketball/summary?event=401806418 "HTTP/1.1 200 OK"
15:14:18 [INFO] HTTP Request: GET https://site.api.espn.com/apis/site/v2/sports/basketball/mens-college-basketball/summary?event=401806421 "HTTP/1.1 200 OK"
15:14:33 [INFO] HTTP Request: GET https://site.api.espn.com/apis/site/v2/sports/basketball/mens-college-basketball/summary?event=401806429 "HTTP/1.1 200 OK"
15:14:49 [INFO] HTTP Request: GET https://site.api.espn.com/apis/site/v2/sports/basketball/mens-college-basketball/summary?event=401806434 "HTTP/1.1 200 OK"
15:15:00 [INFO] HTTP Request: GET https://site.api.espn.com/apis/site/v2/sports/basketball/mens-college-basketball/summary?event=401806441 "HTTP/1.1 200 OK"
15:15:11 [INFO] HTTP Request: GET https://site.api.espn.com/apis/site/v2/sports/basketball/mens-college-basketball/summary?event=401806446 "HTTP/1.1 200 OK"
15:15:22 [INFO] HTTP Request: GET https://site.api.espn.com/apis/site/v2/sports/basketball/mens-college-basketball/summary?event=401806448 "HTTP/1.1 200 OK"
15:15:35 [INFO] HTTP Request: GET https://site.api.espn.com/apis/site/v2/sports/basketball/mens-college-basketball/summary?event=401806457 "HTTP/1.1 200 OK"
15:15:46 [INFO] HTTP Request: GET https://site.api.espn.com/apis/site/v2/sports/basketball/mens-college-basketball/summary?event=401822398 "HTTP/1.1 200 OK"
15:15:58 [INFO] HTTP Request: GET https://site.api.espn.com/apis/site/v2/sports/basketball/mens-college-basketball/summary?event=401806467 "HTTP/1.1 200 OK"
15:16:09 [INFO] HTTP Request: GET https://site.api.espn.com/apis/site/v2/sports/basketball/mens-college-basketball/summary?event=401806473 "HTTP/1.1 200 OK"
15:16:19 [INFO] HTTP Request: GET https://site.api.espn.com/apis/site/v2/sports/basketball/mens-college-basketball/summary?event=401806478 "HTTP/1.1 200 OK"
15:16:31 [INFO] HTTP Request: GET https://site.api.espn.com/apis/site/v2/sports/basketball/mens-college-basketball/summary?event=401806485 "HTTP/1.1 200 OK"
15:16:42 [INFO] HTTP Request: GET https://site.api.espn.com/apis/site/v2/sports/basketball/mens-college-basketball/summary?event=401806490 "HTTP/1.1 200 OK"
15:16:53 [INFO] HTTP Request: GET https://site.api.espn.com/apis/site/v2/sports/basketball/mens-college-basketball/summary?event=401806496 "HTTP/1.1 200 OK"
15:17:03 [INFO] HTTP Request: GET https://site.api.espn.com/apis/site/v2/sports/basketball/mens-college-basketball/summary?event=401806497 "HTTP/1.1 200 OK"
15:17:14 [INFO] HTTP Request: GET https://site.api.espn.com/apis/site/v2/sports/basketball/mens-college-basketball/summary?event=401806502 "HTTP/1.1 200 OK"
15:17:14 [INFO]   Loaded: 29 games, 585 player-game-stat rows
15:17:14 [INFO] 
[8/11] Tennessee State Tigers
15:17:14 [INFO] Scraping team: Tennessee State Tigers (ESPN #2634)
15:17:24 [INFO] HTTP Request: GET https://site.api.espn.com/apis/site/v2/sports/basketball/mens-college-basketball/teams/2634/schedule?season=2026 "HTTP/1.1 200 OK"
15:17:24 [INFO]   Schedule: 29 completed games
15:17:35 [INFO] HTTP Request: GET https://site.api.espn.com/apis/site/v2/sports/basketball/mens-college-basketball/summary?event=401829384 "HTTP/1.1 200 OK"
15:17:46 [INFO] HTTP Request: GET https://site.api.espn.com/apis/site/v2/sports/basketball/mens-college-basketball/summary?event=401811966 "HTTP/1.1 200 OK"
15:17:56 [INFO] HTTP Request: GET https://site.api.espn.com/apis/site/v2/sports/basketball/mens-college-basketball/summary?event=401829385 "HTTP/1.1 200 OK"
15:18:08 [INFO] HTTP Request: GET https://site.api.espn.com/apis/site/v2/sports/basketball/mens-college-basketball/summary?event=401823360 "HTTP/1.1 200 OK"
15:18:19 [INFO] HTTP Request: GET https://site.api.espn.com/apis/site/v2/sports/basketball/mens-college-basketball/summary?event=401829386 "HTTP/1.1 200 OK"
15:18:29 [INFO] HTTP Request: GET https://site.api.espn.com/apis/site/v2/sports/basketball/mens-college-basketball/summary?event=401829387 "HTTP/1.1 200 OK"
15:18:40 [INFO] HTTP Request: GET https://site.api.espn.com/apis/site/v2/sports/basketball/mens-college-basketball/summary?event=401829389 "HTTP/1.1 200 OK"
15:18:50 [INFO] HTTP Request: GET https://site.api.espn.com/apis/site/v2/sports/basketball/mens-college-basketball/summary?event=401829388 "HTTP/1.1 200 OK"
15:19:01 [INFO] HTTP Request: GET https://site.api.espn.com/apis/site/v2/sports/basketball/mens-college-basketball/summary?event=401827195 "HTTP/1.1 200 OK"
15:19:12 [INFO] HTTP Request: GET https://site.api.espn.com/apis/site/v2/sports/basketball/mens-college-basketball/summary?event=401820401 "HTTP/1.1 200 OK"
15:19:24 [INFO] HTTP Request: GET https://site.api.espn.com/apis/site/v2/sports/basketball/mens-college-basketball/summary?event=401806349 "HTTP/1.1 200 OK"
15:19:34 [INFO] HTTP Request: GET https://site.api.espn.com/apis/site/v2/sports/basketball/mens-college-basketball/summary?event=401806351 "HTTP/1.1 200 OK"
15:19:45 [INFO] HTTP Request: GET https://site.api.espn.com/apis/site/v2/sports/basketball/mens-college-basketball/summary?event=401806414 "HTTP/1.1 200 OK"
15:19:56 [INFO] HTTP Request: GET https://site.api.espn.com/apis/site/v2/sports/basketball/mens-college-basketball/summary?event=401806422 "HTTP/1.1 200 OK"
15:20:06 [INFO] HTTP Request: GET https://site.api.espn.com/apis/site/v2/sports/basketball/mens-college-basketball/summary?event=401806430 "HTTP/1.1 200 OK"
15:20:17 [INFO] HTTP Request: GET https://site.api.espn.com/apis/site/v2/sports/basketball/mens-college-basketball/summary?event=401806431 "HTTP/1.1 200 OK"
15:20:28 [INFO] HTTP Request: GET https://site.api.espn.com/apis/site/v2/sports/basketball/mens-college-basketball/summary?event=401806439 "HTTP/1.1 200 OK"
15:20:38 [INFO] HTTP Request: GET https://site.api.espn.com/apis/site/v2/sports/basketball/mens-college-basketball/summary?event=401806446 "HTTP/1.1 200 OK"
15:20:49 [INFO] HTTP Request: GET https://site.api.espn.com/apis/site/v2/sports/basketball/mens-college-basketball/summary?event=401806452 "HTTP/1.1 200 OK"
15:21:00 [INFO] HTTP Request: GET https://site.api.espn.com/apis/site/v2/sports/basketball/mens-college-basketball/summary?event=401806454 "HTTP/1.1 200 OK"
15:21:11 [INFO] HTTP Request: GET https://site.api.espn.com/apis/site/v2/sports/basketball/mens-college-basketball/summary?event=401806461 "HTTP/1.1 200 OK"
15:21:21 [INFO] HTTP Request: GET https://site.api.espn.com/apis/site/v2/sports/basketball/mens-college-basketball/summary?event=401806458 "HTTP/1.1 200 OK"
15:21:32 [INFO] HTTP Request: GET https://site.api.espn.com/apis/site/v2/sports/basketball/mens-college-basketball/summary?event=401806470 "HTTP/1.1 200 OK"
15:21:42 [INFO] HTTP Request: GET https://site.api.espn.com/apis/site/v2/sports/basketball/mens-college-basketball/summary?event=401806479 "HTTP/1.1 200 OK"
15:21:53 [INFO] HTTP Request: GET https://site.api.espn.com/apis/site/v2/sports/basketball/mens-college-basketball/summary?event=401806485 "HTTP/1.1 200 OK"
15:22:04 [INFO] HTTP Request: GET https://site.api.espn.com/apis/site/v2/sports/basketball/mens-college-basketball/summary?event=401806488 "HTTP/1.1 200 OK"
15:22:14 [INFO] HTTP Request: GET https://site.api.espn.com/apis/site/v2/sports/basketball/mens-college-basketball/summary?event=401806493 "HTTP/1.1 200 OK"
15:22:25 [INFO] HTTP Request: GET https://site.api.espn.com/apis/site/v2/sports/basketball/mens-college-basketball/summary?event=401806501 "HTTP/1.1 200 OK"
15:22:35 [INFO] HTTP Request: GET https://site.api.espn.com/apis/site/v2/sports/basketball/mens-college-basketball/summary?event=401806505 "HTTP/1.1 200 OK"
15:22:35 [INFO]   Loaded: 29 games, 590 player-game-stat rows
15:22:35 [INFO] 
[9/11] Tennessee Tech Golden Eagles
15:22:35 [INFO] Scraping team: Tennessee Tech Golden Eagles (ESPN #2635)
15:22:46 [INFO] HTTP Request: GET https://site.api.espn.com/apis/site/v2/sports/basketball/mens-college-basketball/teams/2635/schedule?season=2026 "HTTP/1.1 200 OK"
15:22:46 [INFO]   Schedule: 30 completed games
15:22:56 [INFO] HTTP Request: GET https://site.api.espn.com/apis/site/v2/sports/basketball/mens-college-basketball/summary?event=401823358 "HTTP/1.1 200 OK"
15:23:07 [INFO] HTTP Request: GET https://site.api.espn.com/apis/site/v2/sports/basketball/mens-college-basketball/summary?event=401820797 "HTTP/1.1 200 OK"
15:23:18 [INFO] HTTP Request: GET https://site.api.espn.com/apis/site/v2/sports/basketball/mens-college-basketball/summary?event=401826829 "HTTP/1.1 200 OK"
15:23:28 [INFO] HTTP Request: GET https://site.api.espn.com/apis/site/v2/sports/basketball/mens-college-basketball/summary?event=401826830 "HTTP/1.1 200 OK"
15:23:39 [INFO] HTTP Request: GET https://site.api.espn.com/apis/site/v2/sports/basketball/mens-college-basketball/summary?event=401825384 "HTTP/1.1 200 OK"
15:23:49 [INFO] HTTP Request: GET https://site.api.espn.com/apis/site/v2/sports/basketball/mens-college-basketball/summary?event=401826831 "HTTP/1.1 200 OK"
15:24:00 [INFO] HTTP Request: GET https://site.api.espn.com/apis/site/v2/sports/basketball/mens-college-basketball/summary?event=401826832 "HTTP/1.1 200 OK"
15:24:11 [INFO] HTTP Request: GET https://site.api.espn.com/apis/site/v2/sports/basketball/mens-college-basketball/summary?event=401826833 "HTTP/1.1 200 OK"
15:24:21 [INFO] HTTP Request: GET https://site.api.espn.com/apis/site/v2/sports/basketball/mens-college-basketball/summary?event=401824952 "HTTP/1.1 200 OK"
15:24:32 [INFO] HTTP Request: GET https://site.api.espn.com/apis/site/v2/sports/basketball/mens-college-basketball/summary?event=401825388 "HTTP/1.1 200 OK"
15:24:43 [INFO] HTTP Request: GET https://site.api.espn.com/apis/site/v2/sports/basketball/mens-college-basketball/summary?event=401826834 "HTTP/1.1 200 OK"
15:24:53 [INFO] HTTP Request: GET https://site.api.espn.com/apis/site/v2/sports/basketball/mens-college-basketball/summary?event=401806348 "HTTP/1.1 200 OK"
15:25:04 [INFO] HTTP Request: GET https://site.api.espn.com/apis/site/v2/sports/basketball/mens-college-basketball/summary?event=401806352 "HTTP/1.1 200 OK"
15:25:15 [INFO] HTTP Request: GET https://site.api.espn.com/apis/site/v2/sports/basketball/mens-college-basketball/summary?event=401806414 "HTTP/1.1 200 OK"
15:25:26 [INFO] HTTP Request: GET https://site.api.espn.com/apis/site/v2/sports/basketball/mens-college-basketball/summary?event=401806417 "HTTP/1.1 200 OK"
15:25:37 [INFO] HTTP Request: GET https://site.api.espn.com/apis/site/v2/sports/basketball/mens-college-basketball/summary?event=401806426 "HTTP/1.1 200 OK"
15:25:47 [INFO] HTTP Request: GET https://site.api.espn.com/apis/site/v2/sports/basketball/mens-college-basketball/summary?event=401806435 "HTTP/1.1 200 OK"
15:25:58 [INFO] HTTP Request: GET https://site.api.espn.com/apis/site/v2/sports/basketball/mens-college-basketball/summary?event=401806441 "HTTP/1.1 200 OK"
15:26:08 [INFO] HTTP Request: GET https://site.api.espn.com/apis/site/v2/sports/basketball/mens-college-basketball/summary?event=401806444 "HTTP/1.1 200 OK"
15:26:19 [INFO] HTTP Request: GET https://site.api.espn.com/apis/site/v2/sports/basketball/mens-college-basketball/summary?event=401806449 "HTTP/1.1 200 OK"
15:26:29 [INFO] HTTP Request: GET https://site.api.espn.com/apis/site/v2/sports/basketball/mens-college-basketball/summary?event=401806456 "HTTP/1.1 200 OK"
15:26:40 [INFO] HTTP Request: GET https://site.api.espn.com/apis/site/v2/sports/basketball/mens-college-basketball/summary?event=401806466 "HTTP/1.1 200 OK"
15:26:50 [INFO] HTTP Request: GET https://site.api.espn.com/apis/site/v2/sports/basketball/mens-college-basketball/summary?event=401806458 "HTTP/1.1 200 OK"
15:27:01 [INFO] HTTP Request: GET https://site.api.espn.com/apis/site/v2/sports/basketball/mens-college-basketball/summary?event=401806474 "HTTP/1.1 200 OK"
15:27:11 [INFO] HTTP Request: GET https://site.api.espn.com/apis/site/v2/sports/basketball/mens-college-basketball/summary?event=401806475 "HTTP/1.1 200 OK"
15:27:22 [INFO] HTTP Request: GET https://site.api.espn.com/apis/site/v2/sports/basketball/mens-college-basketball/summary?event=401806483 "HTTP/1.1 200 OK"
15:27:32 [INFO] HTTP Request: GET https://site.api.espn.com/apis/site/v2/sports/basketball/mens-college-basketball/summary?event=401806490 "HTTP/1.1 200 OK"
15:27:43 [INFO] HTTP Request: GET https://site.api.espn.com/apis/site/v2/sports/basketball/mens-college-basketball/summary?event=401806495 "HTTP/1.1 200 OK"
15:27:53 [INFO] HTTP Request: GET https://site.api.espn.com/apis/site/v2/sports/basketball/mens-college-basketball/summary?event=401806498 "HTTP/1.1 200 OK"
15:28:04 [INFO] HTTP Request: GET https://site.api.espn.com/apis/site/v2/sports/basketball/mens-college-basketball/summary?event=401806507 "HTTP/1.1 200 OK"
15:28:04 [INFO]   Loaded: 30 games, 658 player-game-stat rows
15:28:04 [INFO] 
[10/11] UT Martin Skyhawks
15:28:04 [INFO] Scraping team: UT Martin Skyhawks (ESPN #2630)
15:28:14 [INFO] HTTP Request: GET https://site.api.espn.com/apis/site/v2/sports/basketball/mens-college-basketball/teams/2630/schedule?season=2026 "HTTP/1.1 200 OK"
15:28:15 [INFO]   Schedule: 30 completed games
15:28:25 [INFO] HTTP Request: GET https://site.api.espn.com/apis/site/v2/sports/basketball/mens-college-basketball/summary?event=401820395 "HTTP/1.1 200 OK"
15:28:36 [INFO] HTTP Request: GET https://site.api.espn.com/apis/site/v2/sports/basketball/mens-college-basketball/summary?event=401829390 "HTTP/1.1 200 OK"
15:28:46 [INFO] HTTP Request: GET https://site.api.espn.com/apis/site/v2/sports/basketball/mens-college-basketball/summary?event=401828753 "HTTP/1.1 200 OK"
15:28:57 [INFO] HTTP Request: GET https://site.api.espn.com/apis/site/v2/sports/basketball/mens-college-basketball/summary?event=401826708 "HTTP/1.1 200 OK"
15:29:07 [INFO] HTTP Request: GET https://site.api.espn.com/apis/site/v2/sports/basketball/mens-college-basketball/summary?event=401829391 "HTTP/1.1 200 OK"
15:29:18 [INFO] HTTP Request: GET https://site.api.espn.com/apis/site/v2/sports/basketball/mens-college-basketball/summary?event=401831213 "HTTP/1.1 200 OK"
15:29:29 [INFO] HTTP Request: GET https://site.api.espn.com/apis/site/v2/sports/basketball/mens-college-basketball/summary?event=401829392 "HTTP/1.1 200 OK"
15:29:39 [INFO] HTTP Request: GET https://site.api.espn.com/apis/site/v2/sports/basketball/mens-college-basketball/summary?event=401820844 "HTTP/1.1 200 OK"
15:29:50 [INFO] HTTP Request: GET https://site.api.espn.com/apis/site/v2/sports/basketball/mens-college-basketball/summary?event=401827156 "HTTP/1.1 200 OK"
15:30:01 [INFO] HTTP Request: GET https://site.api.espn.com/apis/site/v2/sports/basketball/mens-college-basketball/summary?event=401829393 "HTTP/1.1 200 OK"
15:30:11 [INFO] HTTP Request: GET https://site.api.espn.com/apis/site/v2/sports/basketball/mens-college-basketball/summary?event=401829394 "HTTP/1.1 200 OK"
15:30:21 [INFO] HTTP Request: GET https://site.api.espn.com/apis/site/v2/sports/basketball/mens-college-basketball/summary?event=401806349 "HTTP/1.1 200 OK"
15:30:32 [INFO] HTTP Request: GET https://site.api.espn.com/apis/site/v2/sports/basketball/mens-college-basketball/summary?event=401806352 "HTTP/1.1 200 OK"
15:30:43 [INFO] HTTP Request: GET https://site.api.espn.com/apis/site/v2/sports/basketball/mens-college-basketball/summary?event=401806419 "HTTP/1.1 200 OK"
15:30:53 [INFO] HTTP Request: GET https://site.api.espn.com/apis/site/v2/sports/basketball/mens-college-basketball/summary?event=401806420 "HTTP/1.1 200 OK"
15:31:04 [INFO] HTTP Request: GET https://site.api.espn.com/apis/site/v2/sports/basketball/mens-college-basketball/summary?event=401806428 "HTTP/1.1 200 OK"
15:31:15 [INFO] HTTP Request: GET https://site.api.espn.com/apis/site/v2/sports/basketball/mens-college-basketball/summary?event=401806434 "HTTP/1.1 200 OK"
15:31:25 [INFO] HTTP Request: GET https://site.api.espn.com/apis/site/v2/sports/basketball/mens-college-basketball/summary?event=401806440 "HTTP/1.1 200 OK"
15:31:36 [INFO] HTTP Request: GET https://site.api.espn.com/apis/site/v2/sports/basketball/mens-college-basketball/summary?event=401806442 "HTTP/1.1 200 OK"
15:31:46 [INFO] HTTP Request: GET https://site.api.espn.com/apis/site/v2/sports/basketball/mens-college-basketball/summary?event=401806447 "HTTP/1.1 200 OK"
15:31:57 [INFO] HTTP Request: GET https://site.api.espn.com/apis/site/v2/sports/basketball/mens-college-basketball/summary?event=401822363 "HTTP/1.1 200 OK"
15:32:08 [INFO] HTTP Request: GET https://site.api.espn.com/apis/site/v2/sports/basketball/mens-college-basketball/summary?event=401806468 "HTTP/1.1 200 OK"
15:32:19 [INFO] HTTP Request: GET https://site.api.espn.com/apis/site/v2/sports/basketball/mens-college-basketball/summary?event=401806455 "HTTP/1.1 200 OK"
15:32:29 [INFO] HTTP Request: GET https://site.api.espn.com/apis/site/v2/sports/basketball/mens-college-basketball/summary?event=401806473 "HTTP/1.1 200 OK"
15:32:40 [INFO] HTTP Request: GET https://site.api.espn.com/apis/site/v2/sports/basketball/mens-college-basketball/summary?event=401806477 "HTTP/1.1 200 OK"
15:32:50 [INFO] HTTP Request: GET https://site.api.espn.com/apis/site/v2/sports/basketball/mens-college-basketball/summary?event=401806481 "HTTP/1.1 200 OK"
15:33:01 [INFO] HTTP Request: GET https://site.api.espn.com/apis/site/v2/sports/basketball/mens-college-basketball/summary?event=401806489 "HTTP/1.1 200 OK"
15:33:11 [INFO] HTTP Request: GET https://site.api.espn.com/apis/site/v2/sports/basketball/mens-college-basketball/summary?event=401806491 "HTTP/1.1 200 OK"
15:33:22 [INFO] HTTP Request: GET https://site.api.espn.com/apis/site/v2/sports/basketball/mens-college-basketball/summary?event=401806494 "HTTP/1.1 200 OK"
15:33:32 [INFO] HTTP Request: GET https://site.api.espn.com/apis/site/v2/sports/basketball/mens-college-basketball/summary?event=401806507 "HTTP/1.1 200 OK"
15:33:32 [INFO]   Loaded: 30 games, 630 player-game-stat rows
15:33:32 [INFO] 
[11/11] Western Illinois Leathernecks
15:33:32 [INFO] Scraping team: Western Illinois Leathernecks (ESPN #2710)
15:33:43 [INFO] HTTP Request: GET https://site.api.espn.com/apis/site/v2/sports/basketball/mens-college-basketball/teams/2710/schedule?season=2026 "HTTP/1.1 200 OK"
15:33:43 [INFO]   Schedule: 30 completed games
15:33:53 [INFO] HTTP Request: GET https://site.api.espn.com/apis/site/v2/sports/basketball/mens-college-basketball/summary?event=401826068 "HTTP/1.1 200 OK"
15:34:05 [INFO] HTTP Request: GET https://site.api.espn.com/apis/site/v2/sports/basketball/mens-college-basketball/summary?event=401823647 "HTTP/1.1 200 OK"
15:34:15 [INFO] HTTP Request: GET https://site.api.espn.com/apis/site/v2/sports/basketball/mens-college-basketball/summary?event=401823551 "HTTP/1.1 200 OK"
15:34:26 [INFO] HTTP Request: GET https://site.api.espn.com/apis/site/v2/sports/basketball/mens-college-basketball/summary?event=401823532 "HTTP/1.1 200 OK"
15:34:36 [INFO] HTTP Request: GET https://site.api.espn.com/apis/site/v2/sports/basketball/mens-college-basketball/summary?event=401830633 "HTTP/1.1 200 OK"
15:34:47 [INFO] HTTP Request: GET https://site.api.espn.com/apis/site/v2/sports/basketball/mens-college-basketball/summary?event=401829487 "HTTP/1.1 200 OK"
15:34:57 [INFO] HTTP Request: GET https://site.api.espn.com/apis/site/v2/sports/basketball/mens-college-basketball/summary?event=401829456 "HTTP/1.1 200 OK"
15:35:08 [INFO] HTTP Request: GET https://site.api.espn.com/apis/site/v2/sports/basketball/mens-college-basketball/summary?event=401831380 "HTTP/1.1 200 OK"
15:35:19 [INFO] HTTP Request: GET https://site.api.espn.com/apis/site/v2/sports/basketball/mens-college-basketball/summary?event=401828909 "HTTP/1.1 200 OK"
15:35:29 [INFO] HTTP Request: GET https://site.api.espn.com/apis/site/v2/sports/basketball/mens-college-basketball/summary?event=401830634 "HTTP/1.1 200 OK"
15:35:40 [INFO] HTTP Request: GET https://site.api.espn.com/apis/site/v2/sports/basketball/mens-college-basketball/summary?event=401829459 "HTTP/1.1 200 OK"
15:35:50 [INFO] HTTP Request: GET https://site.api.espn.com/apis/site/v2/sports/basketball/mens-college-basketball/summary?event=401806346 "HTTP/1.1 200 OK"
15:36:01 [INFO] HTTP Request: GET https://site.api.espn.com/apis/site/v2/sports/basketball/mens-college-basketball/summary?event=401806413 "HTTP/1.1 200 OK"
15:36:11 [INFO] HTTP Request: GET https://site.api.espn.com/apis/site/v2/sports/basketball/mens-college-basketball/summary?event=401806419 "HTTP/1.1 200 OK"
15:36:22 [INFO] HTTP Request: GET https://site.api.espn.com/apis/site/v2/sports/basketball/mens-college-basketball/summary?event=401806424 "HTTP/1.1 200 OK"
15:36:32 [INFO] HTTP Request: GET https://site.api.espn.com/apis/site/v2/sports/basketball/mens-college-basketball/summary?event=401806430 "HTTP/1.1 200 OK"
15:36:43 [INFO] HTTP Request: GET https://site.api.espn.com/apis/site/v2/sports/basketball/mens-college-basketball/summary?event=401806435 "HTTP/1.1 200 OK"
15:36:54 [INFO] HTTP Request: GET https://site.api.espn.com/apis/site/v2/sports/basketball/mens-college-basketball/summary?event=401806436 "HTTP/1.1 200 OK"
15:37:04 [INFO] HTTP Request: GET https://site.api.espn.com/apis/site/v2/sports/basketball/mens-college-basketball/summary?event=401806443 "HTTP/1.1 200 OK"
15:37:15 [INFO] HTTP Request: GET https://site.api.espn.com/apis/site/v2/sports/basketball/mens-college-basketball/summary?event=401806451 "HTTP/1.1 200 OK"
15:37:25 [INFO] HTTP Request: GET https://site.api.espn.com/apis/site/v2/sports/basketball/mens-college-basketball/summary?event=401806457 "HTTP/1.1 200 OK"
15:37:36 [INFO] HTTP Request: GET https://site.api.espn.com/apis/site/v2/sports/basketball/mens-college-basketball/summary?event=401806463 "HTTP/1.1 200 OK"
15:37:49 [INFO] HTTP Request: GET https://site.api.espn.com/apis/site/v2/sports/basketball/mens-college-basketball/summary?event=401806468 "HTTP/1.1 200 OK"
15:38:00 [INFO] HTTP Request: GET https://site.api.espn.com/apis/site/v2/sports/basketball/mens-college-basketball/summary?event=401806474 "HTTP/1.1 200 OK"
15:38:10 [INFO] HTTP Request: GET https://site.api.espn.com/apis/site/v2/sports/basketball/mens-college-basketball/summary?event=401806479 "HTTP/1.1 200 OK"
15:38:21 [INFO] HTTP Request: GET https://site.api.espn.com/apis/site/v2/sports/basketball/mens-college-basketball/summary?event=401806480 "HTTP/1.1 200 OK"
15:38:32 [INFO] HTTP Request: GET https://site.api.espn.com/apis/site/v2/sports/basketball/mens-college-basketball/summary?event=401806482 "HTTP/1.1 200 OK"
15:38:42 [INFO] HTTP Request: GET https://site.api.espn.com/apis/site/v2/sports/basketball/mens-college-basketball/summary?event=401806496 "HTTP/1.1 200 OK"
15:38:53 [INFO] HTTP Request: GET https://site.api.espn.com/apis/site/v2/sports/basketball/mens-college-basketball/summary?event=401806500 "HTTP/1.1 200 OK"
15:39:04 [INFO] HTTP Request: GET https://site.api.espn.com/apis/site/v2/sports/basketball/mens-college-basketball/summary?event=401806506 "HTTP/1.1 200 OK"
15:39:04 [INFO]   Loaded: 30 games, 641 player-game-stat rows
15:39:04 [INFO] 
============================================================
15:39:04 [INFO]   BATCH COMPLETE: 11 teams, 329 games, 6688 PGS rows
15:39:04 [INFO] ============================================================

============================================================
  ESPN BATCH — FINAL SUMMARY
============================================================
  Total teams:                2924
  Total players:              29639
  Total games:                16156
  Total player_game_stats:    423007
============================================================
