13:43:30 [INFO] Batch: 12 NCAA D1 teams via ESPN
13:43:30 [INFO] 
[1/12] Gonzaga Bulldogs
13:43:30 [INFO] Scraping team: Gonzaga Bulldogs (ESPN #2250)
13:43:31 [INFO] HTTP Request: GET https://site.api.espn.com/apis/site/v2/sports/basketball/mens-college-basketball/teams/2250/schedule?season=2026 "HTTP/1.1 200 OK"
13:43:31 [INFO]   Schedule: 30 completed games
13:43:41 [INFO] HTTP Request: GET https://site.api.espn.com/apis/site/v2/sports/basketball/mens-college-basketball/summary?event=401824031 "HTTP/1.1 200 OK"
13:43:51 [INFO] HTTP Request: GET https://site.api.espn.com/apis/site/v2/sports/basketball/mens-college-basketball/summary?event=401824032 "HTTP/1.1 200 OK"
13:44:01 [INFO] HTTP Request: GET https://site.api.espn.com/apis/site/v2/sports/basketball/mens-college-basketball/summary?event=401820831 "HTTP/1.1 200 OK"
13:44:12 [INFO] HTTP Request: GET https://site.api.espn.com/apis/site/v2/sports/basketball/mens-college-basketball/summary?event=401819815 "HTTP/1.1 200 OK"
13:44:22 [INFO] HTTP Request: GET https://site.api.espn.com/apis/site/v2/sports/basketball/mens-college-basketball/summary?event=401823542 "HTTP/1.1 200 OK"
13:44:32 [INFO] HTTP Request: GET https://site.api.espn.com/apis/site/v2/sports/basketball/mens-college-basketball/summary?event=401812263 "HTTP/1.1 200 OK"
13:44:43 [INFO] HTTP Request: GET https://site.api.espn.com/apis/site/v2/sports/basketball/mens-college-basketball/summary?event=401824033 "HTTP/1.1 200 OK"
13:44:53 [INFO] HTTP Request: GET https://site.api.espn.com/apis/site/v2/sports/basketball/mens-college-basketball/summary?event=401831214 "HTTP/1.1 200 OK"
13:45:03 [INFO] HTTP Request: GET https://site.api.espn.com/apis/site/v2/sports/basketball/mens-college-basketball/summary?event=401824034 "HTTP/1.1 200 OK"
13:45:13 [INFO] HTTP Request: GET https://site.api.espn.com/apis/site/v2/sports/basketball/mens-college-basketball/summary?event=401823448 "HTTP/1.1 200 OK"
13:45:24 [INFO] HTTP Request: GET https://site.api.espn.com/apis/site/v2/sports/basketball/mens-college-basketball/summary?event=401813763 "HTTP/1.1 200 OK"
13:45:34 [INFO] HTTP Request: GET https://site.api.espn.com/apis/site/v2/sports/basketball/mens-college-basketball/summary?event=401824035 "HTTP/1.1 200 OK"
13:45:44 [INFO] HTTP Request: GET https://site.api.espn.com/apis/site/v2/sports/basketball/mens-college-basketball/summary?event=401824036 "HTTP/1.1 200 OK"
13:45:55 [INFO] HTTP Request: GET https://site.api.espn.com/apis/site/v2/sports/basketball/mens-college-basketball/summary?event=401829163 "HTTP/1.1 200 OK"
13:46:05 [INFO] HTTP Request: GET https://site.api.espn.com/apis/site/v2/sports/basketball/mens-college-basketball/summary?event=401829169 "HTTP/1.1 200 OK"
13:46:15 [INFO] HTTP Request: GET https://site.api.espn.com/apis/site/v2/sports/basketball/mens-college-basketball/summary?event=401829180 "HTTP/1.1 200 OK"
13:46:25 [INFO] HTTP Request: GET https://site.api.espn.com/apis/site/v2/sports/basketball/mens-college-basketball/summary?event=401829181 "HTTP/1.1 200 OK"
13:46:36 [INFO] HTTP Request: GET https://site.api.espn.com/apis/site/v2/sports/basketball/mens-college-basketball/summary?event=401829190 "HTTP/1.1 200 OK"
13:46:46 [INFO] HTTP Request: GET https://site.api.espn.com/apis/site/v2/sports/basketball/mens-college-basketball/summary?event=401829197 "HTTP/1.1 200 OK"
13:46:56 [INFO] HTTP Request: GET https://site.api.espn.com/apis/site/v2/sports/basketball/mens-college-basketball/summary?event=401829203 "HTTP/1.1 200 OK"
13:47:07 [INFO] HTTP Request: GET https://site.api.espn.com/apis/site/v2/sports/basketball/mens-college-basketball/summary?event=401829210 "HTTP/1.1 200 OK"
13:47:17 [INFO] HTTP Request: GET https://site.api.espn.com/apis/site/v2/sports/basketball/mens-college-basketball/summary?event=401829214 "HTTP/1.1 200 OK"
13:47:27 [INFO] HTTP Request: GET https://site.api.espn.com/apis/site/v2/sports/basketball/mens-college-basketball/summary?event=401829225 "HTTP/1.1 200 OK"
13:47:38 [INFO] HTTP Request: GET https://site.api.espn.com/apis/site/v2/sports/basketball/mens-college-basketball/summary?event=401829227 "HTTP/1.1 200 OK"
13:47:48 [INFO] HTTP Request: GET https://site.api.espn.com/apis/site/v2/sports/basketball/mens-college-basketball/summary?event=401829233 "HTTP/1.1 200 OK"
13:47:58 [INFO] HTTP Request: GET https://site.api.espn.com/apis/site/v2/sports/basketball/mens-college-basketball/summary?event=401829244 "HTTP/1.1 200 OK"
13:48:09 [INFO] HTTP Request: GET https://site.api.espn.com/apis/site/v2/sports/basketball/mens-college-basketball/summary?event=401829245 "HTTP/1.1 200 OK"
13:48:19 [INFO] HTTP Request: GET https://site.api.espn.com/apis/site/v2/sports/basketball/mens-college-basketball/summary?event=401829250 "HTTP/1.1 200 OK"
13:48:29 [INFO] HTTP Request: GET https://site.api.espn.com/apis/site/v2/sports/basketball/mens-college-basketball/summary?event=401829255 "HTTP/1.1 200 OK"
13:48:40 [INFO] HTTP Request: GET https://site.api.espn.com/apis/site/v2/sports/basketball/mens-college-basketball/summary?event=401829260 "HTTP/1.1 200 OK"
13:48:40 [INFO]   Loaded: 30 games, 632 player-game-stat rows
13:48:40 [INFO] 
[2/12] Loyola Marymount Lions
13:48:40 [INFO] Scraping team: Loyola Marymount Lions (ESPN #2351)
13:48:50 [INFO] HTTP Request: GET https://site.api.espn.com/apis/site/v2/sports/basketball/mens-college-basketball/teams/2351/schedule?season=2026 "HTTP/1.1 200 OK"
13:48:50 [INFO]   Schedule: 30 completed games
13:49:00 [INFO] HTTP Request: GET https://site.api.espn.com/apis/site/v2/sports/basketball/mens-college-basketball/summary?event=401824037 "HTTP/1.1 200 OK"
13:49:11 [INFO] HTTP Request: GET https://site.api.espn.com/apis/site/v2/sports/basketball/mens-college-basketball/summary?event=401823499 "HTTP/1.1 200 OK"
13:49:21 [INFO] HTTP Request: GET https://site.api.espn.com/apis/site/v2/sports/basketball/mens-college-basketball/summary?event=401824038 "HTTP/1.1 200 OK"
13:49:31 [INFO] HTTP Request: GET https://site.api.espn.com/apis/site/v2/sports/basketball/mens-college-basketball/summary?event=401824039 "HTTP/1.1 200 OK"
13:49:41 [INFO] HTTP Request: GET https://site.api.espn.com/apis/site/v2/sports/basketball/mens-college-basketball/summary?event=401824040 "HTTP/1.1 200 OK"
13:49:52 [INFO] HTTP Request: GET https://site.api.espn.com/apis/site/v2/sports/basketball/mens-college-basketball/summary?event=401824041 "HTTP/1.1 200 OK"
13:50:02 [INFO] HTTP Request: GET https://site.api.espn.com/apis/site/v2/sports/basketball/mens-college-basketball/summary?event=401824042 "HTTP/1.1 200 OK"
13:50:12 [INFO] HTTP Request: GET https://site.api.espn.com/apis/site/v2/sports/basketball/mens-college-basketball/summary?event=401831234 "HTTP/1.1 200 OK"
13:50:23 [INFO] HTTP Request: GET https://site.api.espn.com/apis/site/v2/sports/basketball/mens-college-basketball/summary?event=401824043 "HTTP/1.1 200 OK"
13:50:33 [INFO] HTTP Request: GET https://site.api.espn.com/apis/site/v2/sports/basketball/mens-college-basketball/summary?event=401817188 "HTTP/1.1 200 OK"
13:50:43 [INFO] HTTP Request: GET https://site.api.espn.com/apis/site/v2/sports/basketball/mens-college-basketball/summary?event=401824044 "HTTP/1.1 200 OK"
13:50:54 [INFO] HTTP Request: GET https://site.api.espn.com/apis/site/v2/sports/basketball/mens-college-basketball/summary?event=401823440 "HTTP/1.1 200 OK"
13:51:05 [INFO] HTTP Request: GET https://site.api.espn.com/apis/site/v2/sports/basketball/mens-college-basketball/summary?event=401813284 "HTTP/1.1 200 OK"
13:51:16 [INFO] HTTP Request: GET https://site.api.espn.com/apis/site/v2/sports/basketball/mens-college-basketball/summary?event=401829165 "HTTP/1.1 200 OK"
13:51:26 [INFO] HTTP Request: GET https://site.api.espn.com/apis/site/v2/sports/basketball/mens-college-basketball/summary?event=401829170 "HTTP/1.1 200 OK"
13:51:36 [INFO] HTTP Request: GET https://site.api.espn.com/apis/site/v2/sports/basketball/mens-college-basketball/summary?event=401829175 "HTTP/1.1 200 OK"
13:51:46 [INFO] HTTP Request: GET https://site.api.espn.com/apis/site/v2/sports/basketball/mens-college-basketball/summary?event=401829181 "HTTP/1.1 200 OK"
13:51:57 [INFO] HTTP Request: GET https://site.api.espn.com/apis/site/v2/sports/basketball/mens-college-basketball/summary?event=401829189 "HTTP/1.1 200 OK"
13:52:07 [INFO] HTTP Request: GET https://site.api.espn.com/apis/site/v2/sports/basketball/mens-college-basketball/summary?event=401829192 "HTTP/1.1 200 OK"
13:52:17 [INFO] HTTP Request: GET https://site.api.espn.com/apis/site/v2/sports/basketball/mens-college-basketball/summary?event=401829198 "HTTP/1.1 200 OK"
13:52:28 [INFO] HTTP Request: GET https://site.api.espn.com/apis/site/v2/sports/basketball/mens-college-basketball/summary?event=401829205 "HTTP/1.1 200 OK"
13:52:38 [INFO] HTTP Request: GET https://site.api.espn.com/apis/site/v2/sports/basketball/mens-college-basketball/summary?event=401829208 "HTTP/1.1 200 OK"
13:52:48 [INFO] HTTP Request: GET https://site.api.espn.com/apis/site/v2/sports/basketball/mens-college-basketball/summary?event=401829217 "HTTP/1.1 200 OK"
13:52:58 [INFO] HTTP Request: GET https://site.api.espn.com/apis/site/v2/sports/basketball/mens-college-basketball/summary?event=401829226 "HTTP/1.1 200 OK"
13:53:09 [INFO] HTTP Request: GET https://site.api.espn.com/apis/site/v2/sports/basketball/mens-college-basketball/summary?event=401829228 "HTTP/1.1 200 OK"
13:53:19 [INFO] HTTP Request: GET https://site.api.espn.com/apis/site/v2/sports/basketball/mens-college-basketball/summary?event=401829235 "HTTP/1.1 200 OK"
13:53:29 [INFO] HTTP Request: GET https://site.api.espn.com/apis/site/v2/sports/basketball/mens-college-basketball/summary?event=401829239 "HTTP/1.1 200 OK"
13:53:40 [INFO] HTTP Request: GET https://site.api.espn.com/apis/site/v2/sports/basketball/mens-college-basketball/summary?event=401829246 "HTTP/1.1 200 OK"
13:53:50 [INFO] HTTP Request: GET https://site.api.espn.com/apis/site/v2/sports/basketball/mens-college-basketball/summary?event=401829254 "HTTP/1.1 200 OK"
13:54:01 [INFO] HTTP Request: GET https://site.api.espn.com/apis/site/v2/sports/basketball/mens-college-basketball/summary?event=401829264 "HTTP/1.1 200 OK"
13:54:01 [INFO]   Loaded: 30 games, 599 player-game-stat rows
13:54:01 [INFO] 
[3/12] Oregon State Beavers
13:54:01 [INFO] Scraping team: Oregon State Beavers (ESPN #204)
13:54:11 [INFO] HTTP Request: GET https://site.api.espn.com/apis/site/v2/sports/basketball/mens-college-basketball/teams/204/schedule?season=2026 "HTTP/1.1 200 OK"
13:54:11 [INFO]   Schedule: 30 completed games
13:54:22 [INFO] HTTP Request: GET https://site.api.espn.com/apis/site/v2/sports/basketball/mens-college-basketball/summary?event=401824054 "HTTP/1.1 200 OK"
13:54:32 [INFO] HTTP Request: GET https://site.api.espn.com/apis/site/v2/sports/basketball/mens-college-basketball/summary?event=401824055 "HTTP/1.1 200 OK"
13:54:42 [INFO] HTTP Request: GET https://site.api.espn.com/apis/site/v2/sports/basketball/mens-college-basketball/summary?event=401824056 "HTTP/1.1 200 OK"
13:54:53 [INFO] HTTP Request: GET https://site.api.espn.com/apis/site/v2/sports/basketball/mens-college-basketball/summary?event=401824057 "HTTP/1.1 200 OK"
13:55:04 [INFO] HTTP Request: GET https://site.api.espn.com/apis/site/v2/sports/basketball/mens-college-basketball/summary?event=401824058 "HTTP/1.1 200 OK"
13:55:14 [INFO] HTTP Request: GET https://site.api.espn.com/apis/site/v2/sports/basketball/mens-college-basketball/summary?event=401831207 "HTTP/1.1 200 OK"
13:55:25 [INFO] HTTP Request: GET https://site.api.espn.com/apis/site/v2/sports/basketball/mens-college-basketball/summary?event=401831211 "HTTP/1.1 200 OK"
13:55:39 [INFO] HTTP Request: GET https://site.api.espn.com/apis/site/v2/sports/basketball/mens-college-basketball/summary?event=401823536 "HTTP/1.1 200 OK"
13:55:54 [INFO] HTTP Request: GET https://site.api.espn.com/apis/site/v2/sports/basketball/mens-college-basketball/summary?event=401824059 "HTTP/1.1 200 OK"
13:56:06 [INFO] HTTP Request: GET https://site.api.espn.com/apis/site/v2/sports/basketball/mens-college-basketball/summary?event=401823547 "HTTP/1.1 200 OK"
13:56:17 [INFO] HTTP Request: GET https://site.api.espn.com/apis/site/v2/sports/basketball/mens-college-basketball/summary?event=401824060 "HTTP/1.1 200 OK"
13:56:32 [INFO] HTTP Request: GET https://site.api.espn.com/apis/site/v2/sports/basketball/mens-college-basketball/summary?event=401823356 "HTTP/1.1 200 OK"
13:56:46 [INFO] HTTP Request: GET https://site.api.espn.com/apis/site/v2/sports/basketball/mens-college-basketball/summary?event=401819822 "HTTP/1.1 200 OK"
13:56:56 [INFO] HTTP Request: GET https://site.api.espn.com/apis/site/v2/sports/basketball/mens-college-basketball/summary?event=401829167 "HTTP/1.1 200 OK"
13:57:06 [INFO] HTTP Request: GET https://site.api.espn.com/apis/site/v2/sports/basketball/mens-college-basketball/summary?event=401829172 "HTTP/1.1 200 OK"
13:57:17 [INFO] HTTP Request: GET https://site.api.espn.com/apis/site/v2/sports/basketball/mens-college-basketball/summary?event=401829176 "HTTP/1.1 200 OK"
13:57:27 [INFO] HTTP Request: GET https://site.api.espn.com/apis/site/v2/sports/basketball/mens-college-basketball/summary?event=401829182 "HTTP/1.1 200 OK"
13:57:37 [INFO] HTTP Request: GET https://site.api.espn.com/apis/site/v2/sports/basketball/mens-college-basketball/summary?event=401829191 "HTTP/1.1 200 OK"
13:57:51 [INFO] HTTP Request: GET https://site.api.espn.com/apis/site/v2/sports/basketball/mens-college-basketball/summary?event=401829193 "HTTP/1.1 200 OK"
13:58:01 [INFO] HTTP Request: GET https://site.api.espn.com/apis/site/v2/sports/basketball/mens-college-basketball/summary?event=401829198 "HTTP/1.1 200 OK"
13:58:15 [INFO] HTTP Request: GET https://site.api.espn.com/apis/site/v2/sports/basketball/mens-college-basketball/summary?event=401829204 "HTTP/1.1 200 OK"
13:58:27 [INFO] HTTP Request: GET https://site.api.espn.com/apis/site/v2/sports/basketball/mens-college-basketball/summary?event=401829209 "HTTP/1.1 200 OK"
13:58:40 [INFO] HTTP Request: GET https://site.api.espn.com/apis/site/v2/sports/basketball/mens-college-basketball/summary?event=401829217 "HTTP/1.1 200 OK"
13:58:51 [INFO] HTTP Request: GET https://site.api.espn.com/apis/site/v2/sports/basketball/mens-college-basketball/summary?event=401829222 "HTTP/1.1 200 OK"
13:59:06 [INFO] HTTP Request: GET https://site.api.espn.com/apis/site/v2/sports/basketball/mens-college-basketball/summary?event=401829232 "HTTP/1.1 200 OK"
13:59:19 [INFO] HTTP Request: GET https://site.api.espn.com/apis/site/v2/sports/basketball/mens-college-basketball/summary?event=401829233 "HTTP/1.1 200 OK"
13:59:33 [INFO] HTTP Request: GET https://site.api.espn.com/apis/site/v2/sports/basketball/mens-college-basketball/summary?event=401829240 "HTTP/1.1 200 OK"
13:59:46 [INFO] HTTP Request: GET https://site.api.espn.com/apis/site/v2/sports/basketball/mens-college-basketball/summary?event=401829247 "HTTP/1.1 200 OK"
13:59:56 [INFO] HTTP Request: GET https://site.api.espn.com/apis/site/v2/sports/basketball/mens-college-basketball/summary?event=401829256 "HTTP/1.1 200 OK"
14:00:07 [INFO] HTTP Request: GET https://site.api.espn.com/apis/site/v2/sports/basketball/mens-college-basketball/summary?event=401829261 "HTTP/1.1 200 OK"
14:00:07 [INFO]   Loaded: 30 games, 603 player-game-stat rows
14:00:07 [INFO] 
[4/12] Pacific Tigers
14:00:07 [INFO] Scraping team: Pacific Tigers (ESPN #279)
14:00:19 [INFO] HTTP Request: GET https://site.api.espn.com/apis/site/v2/sports/basketball/mens-college-basketball/teams/279/schedule?season=2026 "HTTP/1.1 200 OK"
14:00:19 [INFO]   Schedule: 30 completed games
14:00:34 [INFO] HTTP Request: GET https://site.api.espn.com/apis/site/v2/sports/basketball/mens-college-basketball/summary?event=401824061 "HTTP/1.1 200 OK"
14:00:48 [INFO] HTTP Request: GET https://site.api.espn.com/apis/site/v2/sports/basketball/mens-college-basketball/summary?event=401824062 "HTTP/1.1 200 OK"
14:01:03 [INFO] HTTP Request: GET https://site.api.espn.com/apis/site/v2/sports/basketball/mens-college-basketball/summary?event=401823306 "HTTP/1.1 200 OK"
14:01:15 [INFO] HTTP Request: GET https://site.api.espn.com/apis/site/v2/sports/basketball/mens-college-basketball/summary?event=401822730 "HTTP/1.1 200 OK"
14:01:30 [INFO] HTTP Request: GET https://site.api.espn.com/apis/site/v2/sports/basketball/mens-college-basketball/summary?event=401824063 "HTTP/1.1 200 OK"
14:01:43 [INFO] HTTP Request: GET https://site.api.espn.com/apis/site/v2/sports/basketball/mens-college-basketball/summary?event=401824064 "HTTP/1.1 200 OK"
14:01:54 [INFO] HTTP Request: GET https://site.api.espn.com/apis/site/v2/sports/basketball/mens-college-basketball/summary?event=401831237 "HTTP/1.1 200 OK"
14:02:08 [INFO] HTTP Request: GET https://site.api.espn.com/apis/site/v2/sports/basketball/mens-college-basketball/summary?event=401824065 "HTTP/1.1 200 OK"
14:02:40 [ERROR] Request failed: https://site.api.espn.com/apis/site/v2/sports/basketball/mens-college-basketball/summary — EOF occurred in violation of protocol (_ssl.c:1129)
14:02:50 [INFO] HTTP Request: GET https://site.api.espn.com/apis/site/v2/sports/basketball/mens-college-basketball/summary?event=401817225 "HTTP/1.1 200 OK"
14:03:01 [INFO] HTTP Request: GET https://site.api.espn.com/apis/site/v2/sports/basketball/mens-college-basketball/summary?event=401824066 "HTTP/1.1 200 OK"
14:03:12 [INFO] HTTP Request: GET https://site.api.espn.com/apis/site/v2/sports/basketball/mens-college-basketball/summary?event=401819839 "HTTP/1.1 200 OK"
14:03:22 [INFO] HTTP Request: GET https://site.api.espn.com/apis/site/v2/sports/basketball/mens-college-basketball/summary?event=401824067 "HTTP/1.1 200 OK"
14:03:32 [INFO] HTTP Request: GET https://site.api.espn.com/apis/site/v2/sports/basketball/mens-college-basketball/summary?event=401829164 "HTTP/1.1 200 OK"
14:03:43 [INFO] HTTP Request: GET https://site.api.espn.com/apis/site/v2/sports/basketball/mens-college-basketball/summary?event=401829170 "HTTP/1.1 200 OK"
14:03:53 [INFO] HTTP Request: GET https://site.api.espn.com/apis/site/v2/sports/basketball/mens-college-basketball/summary?event=401829176 "HTTP/1.1 200 OK"
14:04:03 [INFO] HTTP Request: GET https://site.api.espn.com/apis/site/v2/sports/basketball/mens-college-basketball/summary?event=401829183 "HTTP/1.1 200 OK"
14:04:14 [INFO] HTTP Request: GET https://site.api.espn.com/apis/site/v2/sports/basketball/mens-college-basketball/summary?event=401829187 "HTTP/1.1 200 OK"
14:04:24 [INFO] HTTP Request: GET https://site.api.espn.com/apis/site/v2/sports/basketball/mens-college-basketball/summary?event=401829194 "HTTP/1.1 200 OK"
14:04:35 [INFO] HTTP Request: GET https://site.api.espn.com/apis/site/v2/sports/basketball/mens-college-basketball/summary?event=401829199 "HTTP/1.1 200 OK"
14:04:45 [INFO] HTTP Request: GET https://site.api.espn.com/apis/site/v2/sports/basketball/mens-college-basketball/summary?event=401829204 "HTTP/1.1 200 OK"
14:04:55 [INFO] HTTP Request: GET https://site.api.espn.com/apis/site/v2/sports/basketball/mens-college-basketball/summary?event=401829216 "HTTP/1.1 200 OK"
14:05:06 [INFO] HTTP Request: GET https://site.api.espn.com/apis/site/v2/sports/basketball/mens-college-basketball/summary?event=401829218 "HTTP/1.1 200 OK"
14:05:16 [INFO] HTTP Request: GET https://site.api.espn.com/apis/site/v2/sports/basketball/mens-college-basketball/summary?event=401829223 "HTTP/1.1 200 OK"
14:05:27 [INFO] HTTP Request: GET https://site.api.espn.com/apis/site/v2/sports/basketball/mens-college-basketball/summary?event=401829231 "HTTP/1.1 200 OK"
14:05:37 [INFO] HTTP Request: GET https://site.api.espn.com/apis/site/v2/sports/basketball/mens-college-basketball/summary?event=401829234 "HTTP/1.1 200 OK"
14:05:47 [INFO] HTTP Request: GET https://site.api.espn.com/apis/site/v2/sports/basketball/mens-college-basketball/summary?event=401829239 "HTTP/1.1 200 OK"
14:05:58 [INFO] HTTP Request: GET https://site.api.espn.com/apis/site/v2/sports/basketball/mens-college-basketball/summary?event=401829248 "HTTP/1.1 200 OK"
14:06:08 [INFO] HTTP Request: GET https://site.api.espn.com/apis/site/v2/sports/basketball/mens-college-basketball/summary?event=401829251 "HTTP/1.1 200 OK"
14:06:19 [INFO] HTTP Request: GET https://site.api.espn.com/apis/site/v2/sports/basketball/mens-college-basketball/summary?event=401829255 "HTTP/1.1 200 OK"
14:06:19 [INFO]   Loaded: 29 games, 580 player-game-stat rows
14:06:19 [INFO] 
[5/12] Pepperdine Waves
14:06:19 [INFO] Scraping team: Pepperdine Waves (ESPN #2492)
14:06:29 [INFO] HTTP Request: GET https://site.api.espn.com/apis/site/v2/sports/basketball/mens-college-basketball/teams/2492/schedule?season=2026 "HTTP/1.1 200 OK"
14:06:29 [INFO]   Schedule: 30 completed games
14:06:39 [INFO] HTTP Request: GET https://site.api.espn.com/apis/site/v2/sports/basketball/mens-college-basketball/summary?event=401824068 "HTTP/1.1 200 OK"
14:06:50 [INFO] HTTP Request: GET https://site.api.espn.com/apis/site/v2/sports/basketball/mens-college-basketball/summary?event=401813757 "HTTP/1.1 200 OK"
14:07:00 [INFO] HTTP Request: GET https://site.api.espn.com/apis/site/v2/sports/basketball/mens-college-basketball/summary?event=401824069 "HTTP/1.1 200 OK"
14:07:11 [INFO] HTTP Request: GET https://site.api.espn.com/apis/site/v2/sports/basketball/mens-college-basketball/summary?event=401824070 "HTTP/1.1 200 OK"
14:07:21 [INFO] HTTP Request: GET https://site.api.espn.com/apis/site/v2/sports/basketball/mens-college-basketball/summary?event=401808894 "HTTP/1.1 200 OK"
14:07:32 [INFO] HTTP Request: GET https://site.api.espn.com/apis/site/v2/sports/basketball/mens-college-basketball/summary?event=401824071 "HTTP/1.1 200 OK"
14:07:42 [INFO] HTTP Request: GET https://site.api.espn.com/apis/site/v2/sports/basketball/mens-college-basketball/summary?event=401824072 "HTTP/1.1 200 OK"
14:07:53 [INFO] HTTP Request: GET https://site.api.espn.com/apis/site/v2/sports/basketball/mens-college-basketball/summary?event=401823174 "HTTP/1.1 200 OK"
14:08:03 [INFO] HTTP Request: GET https://site.api.espn.com/apis/site/v2/sports/basketball/mens-college-basketball/summary?event=401823527 "HTTP/1.1 200 OK"
14:08:14 [INFO] HTTP Request: GET https://site.api.espn.com/apis/site/v2/sports/basketball/mens-college-basketball/summary?event=401824073 "HTTP/1.1 200 OK"
14:08:24 [INFO] HTTP Request: GET https://site.api.espn.com/apis/site/v2/sports/basketball/mens-college-basketball/summary?event=401823739 "HTTP/1.1 200 OK"
14:08:34 [INFO] HTTP Request: GET https://site.api.espn.com/apis/site/v2/sports/basketball/mens-college-basketball/summary?event=401823333 "HTTP/1.1 200 OK"
14:08:45 [INFO] HTTP Request: GET https://site.api.espn.com/apis/site/v2/sports/basketball/mens-college-basketball/summary?event=401824074 "HTTP/1.1 200 OK"
14:08:57 [INFO] HTTP Request: GET https://site.api.espn.com/apis/site/v2/sports/basketball/mens-college-basketball/summary?event=401829163 "HTTP/1.1 200 OK"
14:09:07 [INFO] HTTP Request: GET https://site.api.espn.com/apis/site/v2/sports/basketball/mens-college-basketball/summary?event=401829171 "HTTP/1.1 200 OK"
14:09:20 [INFO] HTTP Request: GET https://site.api.espn.com/apis/site/v2/sports/basketball/mens-college-basketball/summary?event=401829177 "HTTP/1.1 200 OK"
14:09:32 [INFO] HTTP Request: GET https://site.api.espn.com/apis/site/v2/sports/basketball/mens-college-basketball/summary?event=401829183 "HTTP/1.1 200 OK"
14:09:47 [INFO] HTTP Request: GET https://site.api.espn.com/apis/site/v2/sports/basketball/mens-college-basketball/summary?event=401829188 "HTTP/1.1 200 OK"
14:10:00 [INFO] HTTP Request: GET https://site.api.espn.com/apis/site/v2/sports/basketball/mens-college-basketball/summary?event=401829195 "HTTP/1.1 200 OK"
14:10:11 [INFO] HTTP Request: GET https://site.api.espn.com/apis/site/v2/sports/basketball/mens-college-basketball/summary?event=401829200 "HTTP/1.1 200 OK"
14:10:23 [INFO] HTTP Request: GET https://site.api.espn.com/apis/site/v2/sports/basketball/mens-college-basketball/summary?event=401829210 "HTTP/1.1 200 OK"
14:10:33 [INFO] HTTP Request: GET https://site.api.espn.com/apis/site/v2/sports/basketball/mens-college-basketball/summary?event=401829212 "HTTP/1.1 200 OK"
14:10:47 [INFO] HTTP Request: GET https://site.api.espn.com/apis/site/v2/sports/basketball/mens-college-basketball/summary?event=401829219 "HTTP/1.1 200 OK"
14:11:00 [INFO] HTTP Request: GET https://site.api.espn.com/apis/site/v2/sports/basketball/mens-college-basketball/summary?event=401829229 "HTTP/1.1 200 OK"
14:11:10 [INFO] HTTP Request: GET https://site.api.espn.com/apis/site/v2/sports/basketball/mens-college-basketball/summary?event=401829234 "HTTP/1.1 200 OK"
14:11:21 [INFO] HTTP Request: GET https://site.api.espn.com/apis/site/v2/sports/basketball/mens-college-basketball/summary?event=401829241 "HTTP/1.1 200 OK"
14:11:31 [INFO] HTTP Request: GET https://site.api.espn.com/apis/site/v2/sports/basketball/mens-college-basketball/summary?event=401829246 "HTTP/1.1 200 OK"
14:11:41 [INFO] HTTP Request: GET https://site.api.espn.com/apis/site/v2/sports/basketball/mens-college-basketball/summary?event=401829252 "HTTP/1.1 200 OK"
14:11:52 [INFO] HTTP Request: GET https://site.api.espn.com/apis/site/v2/sports/basketball/mens-college-basketball/summary?event=401829256 "HTTP/1.1 200 OK"
14:12:02 [INFO] HTTP Request: GET https://site.api.espn.com/apis/site/v2/sports/basketball/mens-college-basketball/summary?event=401829263 "HTTP/1.1 200 OK"
14:12:02 [INFO]   Loaded: 30 games, 627 player-game-stat rows
14:12:02 [INFO] 
[6/12] Portland Pilots
14:12:02 [INFO] Scraping team: Portland Pilots (ESPN #2501)
14:12:13 [INFO] HTTP Request: GET https://site.api.espn.com/apis/site/v2/sports/basketball/mens-college-basketball/teams/2501/schedule?season=2026 "HTTP/1.1 200 OK"
14:12:13 [INFO]   Schedule: 30 completed games
14:12:23 [INFO] HTTP Request: GET https://site.api.espn.com/apis/site/v2/sports/basketball/mens-college-basketball/summary?event=401824087 "HTTP/1.1 200 OK"
14:12:33 [INFO] HTTP Request: GET https://site.api.espn.com/apis/site/v2/sports/basketball/mens-college-basketball/summary?event=401824088 "HTTP/1.1 200 OK"
14:12:44 [INFO] HTTP Request: GET https://site.api.espn.com/apis/site/v2/sports/basketball/mens-college-basketball/summary?event=401824089 "HTTP/1.1 200 OK"
14:12:54 [INFO] HTTP Request: GET https://site.api.espn.com/apis/site/v2/sports/basketball/mens-college-basketball/summary?event=401823758 "HTTP/1.1 200 OK"
14:13:05 [INFO] HTTP Request: GET https://site.api.espn.com/apis/site/v2/sports/basketball/mens-college-basketball/summary?event=401822731 "HTTP/1.1 200 OK"
14:13:15 [INFO] HTTP Request: GET https://site.api.espn.com/apis/site/v2/sports/basketball/mens-college-basketball/summary?event=401824090 "HTTP/1.1 200 OK"
14:13:26 [INFO] HTTP Request: GET https://site.api.espn.com/apis/site/v2/sports/basketball/mens-college-basketball/summary?event=401824091 "HTTP/1.1 200 OK"
14:13:36 [INFO] HTTP Request: GET https://site.api.espn.com/apis/site/v2/sports/basketball/mens-college-basketball/summary?event=401823309 "HTTP/1.1 200 OK"
14:13:47 [INFO] HTTP Request: GET https://site.api.espn.com/apis/site/v2/sports/basketball/mens-college-basketball/summary?event=401817470 "HTTP/1.1 200 OK"
14:13:57 [INFO] HTTP Request: GET https://site.api.espn.com/apis/site/v2/sports/basketball/mens-college-basketball/summary?event=401824092 "HTTP/1.1 200 OK"
14:14:08 [INFO] HTTP Request: GET https://site.api.espn.com/apis/site/v2/sports/basketball/mens-college-basketball/summary?event=401823018 "HTTP/1.1 200 OK"
14:14:18 [INFO] HTTP Request: GET https://site.api.espn.com/apis/site/v2/sports/basketball/mens-college-basketball/summary?event=401824093 "HTTP/1.1 200 OK"
14:14:28 [INFO] HTTP Request: GET https://site.api.espn.com/apis/site/v2/sports/basketball/mens-college-basketball/summary?event=401824094 "HTTP/1.1 200 OK"
14:14:39 [INFO] HTTP Request: GET https://site.api.espn.com/apis/site/v2/sports/basketball/mens-college-basketball/summary?event=401829168 "HTTP/1.1 200 OK"
14:14:49 [INFO] HTTP Request: GET https://site.api.espn.com/apis/site/v2/sports/basketball/mens-college-basketball/summary?event=401829173 "HTTP/1.1 200 OK"
14:15:00 [INFO] HTTP Request: GET https://site.api.espn.com/apis/site/v2/sports/basketball/mens-college-basketball/summary?event=401829178 "HTTP/1.1 200 OK"
14:15:11 [INFO] HTTP Request: GET https://site.api.espn.com/apis/site/v2/sports/basketball/mens-college-basketball/summary?event=401829184 "HTTP/1.1 200 OK"
14:15:21 [INFO] HTTP Request: GET https://site.api.espn.com/apis/site/v2/sports/basketball/mens-college-basketball/summary?event=401829187 "HTTP/1.1 200 OK"
14:15:31 [INFO] HTTP Request: GET https://site.api.espn.com/apis/site/v2/sports/basketball/mens-college-basketball/summary?event=401829193 "HTTP/1.1 200 OK"
14:15:42 [INFO] HTTP Request: GET https://site.api.espn.com/apis/site/v2/sports/basketball/mens-college-basketball/summary?event=401829200 "HTTP/1.1 200 OK"
14:15:52 [INFO] HTTP Request: GET https://site.api.espn.com/apis/site/v2/sports/basketball/mens-college-basketball/summary?event=401829205 "HTTP/1.1 200 OK"
14:16:03 [INFO] HTTP Request: GET https://site.api.espn.com/apis/site/v2/sports/basketball/mens-college-basketball/summary?event=401829213 "HTTP/1.1 200 OK"
14:16:13 [INFO] HTTP Request: GET https://site.api.espn.com/apis/site/v2/sports/basketball/mens-college-basketball/summary?event=401829218 "HTTP/1.1 200 OK"
14:16:24 [INFO] HTTP Request: GET https://site.api.espn.com/apis/site/v2/sports/basketball/mens-college-basketball/summary?event=401829224 "HTTP/1.1 200 OK"
14:16:34 [INFO] HTTP Request: GET https://site.api.espn.com/apis/site/v2/sports/basketball/mens-college-basketball/summary?event=401829227 "HTTP/1.1 200 OK"
14:16:44 [INFO] HTTP Request: GET https://site.api.espn.com/apis/site/v2/sports/basketball/mens-college-basketball/summary?event=401829238 "HTTP/1.1 200 OK"
14:16:55 [INFO] HTTP Request: GET https://site.api.espn.com/apis/site/v2/sports/basketball/mens-college-basketball/summary?event=401829242 "HTTP/1.1 200 OK"
14:17:05 [INFO] HTTP Request: GET https://site.api.espn.com/apis/site/v2/sports/basketball/mens-college-basketball/summary?event=401829252 "HTTP/1.1 200 OK"
14:17:15 [INFO] HTTP Request: GET https://site.api.espn.com/apis/site/v2/sports/basketball/mens-college-basketball/summary?event=401829257 "HTTP/1.1 200 OK"
14:17:26 [INFO] HTTP Request: GET https://site.api.espn.com/apis/site/v2/sports/basketball/mens-college-basketball/summary?event=401829260 "HTTP/1.1 200 OK"
14:17:26 [INFO]   Loaded: 30 games, 604 player-game-stat rows
14:17:26 [INFO] 
[7/12] Saint Mary's Gaels
14:17:26 [INFO] Scraping team: Saint Mary's Gaels (ESPN #2608)
14:17:36 [INFO] HTTP Request: GET https://site.api.espn.com/apis/site/v2/sports/basketball/mens-college-basketball/teams/2608/schedule?season=2026 "HTTP/1.1 200 OK"
14:17:36 [INFO]   Schedule: 30 completed games
14:17:47 [INFO] HTTP Request: GET https://site.api.espn.com/apis/site/v2/sports/basketball/mens-college-basketball/summary?event=401829477 "HTTP/1.1 200 OK"
14:17:57 [INFO] HTTP Request: GET https://site.api.espn.com/apis/site/v2/sports/basketball/mens-college-basketball/summary?event=401829430 "HTTP/1.1 200 OK"
14:18:07 [INFO] HTTP Request: GET https://site.api.espn.com/apis/site/v2/sports/basketball/mens-college-basketball/summary?event=401829049 "HTTP/1.1 200 OK"
14:18:18 [INFO] HTTP Request: GET https://site.api.espn.com/apis/site/v2/sports/basketball/mens-college-basketball/summary?event=401828277 "HTTP/1.1 200 OK"
14:18:28 [INFO] HTTP Request: GET https://site.api.espn.com/apis/site/v2/sports/basketball/mens-college-basketball/summary?event=401829484 "HTTP/1.1 200 OK"
14:18:39 [INFO] HTTP Request: GET https://site.api.espn.com/apis/site/v2/sports/basketball/mens-college-basketball/summary?event=401829505 "HTTP/1.1 200 OK"
14:18:49 [INFO] HTTP Request: GET https://site.api.espn.com/apis/site/v2/sports/basketball/mens-college-basketball/summary?event=401826881 "HTTP/1.1 200 OK"
14:18:59 [INFO] HTTP Request: GET https://site.api.espn.com/apis/site/v2/sports/basketball/mens-college-basketball/summary?event=401830753 "HTTP/1.1 200 OK"
14:19:10 [INFO] HTTP Request: GET https://site.api.espn.com/apis/site/v2/sports/basketball/mens-college-basketball/summary?event=401830879 "HTTP/1.1 200 OK"
14:19:20 [INFO] HTTP Request: GET https://site.api.espn.com/apis/site/v2/sports/basketball/mens-college-basketball/summary?event=401828644 "HTTP/1.1 200 OK"
14:19:31 [INFO] HTTP Request: GET https://site.api.espn.com/apis/site/v2/sports/basketball/mens-college-basketball/summary?event=401823819 "HTTP/1.1 200 OK"
14:19:41 [INFO] HTTP Request: GET https://site.api.espn.com/apis/site/v2/sports/basketball/mens-college-basketball/summary?event=401826796 "HTTP/1.1 200 OK"
14:19:52 [INFO] HTTP Request: GET https://site.api.espn.com/apis/site/v2/sports/basketball/mens-college-basketball/summary?event=401820549 "HTTP/1.1 200 OK"
14:20:02 [INFO] HTTP Request: GET https://site.api.espn.com/apis/site/v2/sports/basketball/mens-college-basketball/summary?event=401829165 "HTTP/1.1 200 OK"
14:20:12 [INFO] HTTP Request: GET https://site.api.espn.com/apis/site/v2/sports/basketball/mens-college-basketball/summary?event=401829171 "HTTP/1.1 200 OK"
14:20:23 [INFO] HTTP Request: GET https://site.api.espn.com/apis/site/v2/sports/basketball/mens-college-basketball/summary?event=401829178 "HTTP/1.1 200 OK"
14:20:33 [INFO] HTTP Request: GET https://site.api.espn.com/apis/site/v2/sports/basketball/mens-college-basketball/summary?event=401829186 "HTTP/1.1 200 OK"
14:20:44 [INFO] HTTP Request: GET https://site.api.espn.com/apis/site/v2/sports/basketball/mens-college-basketball/summary?event=401829196 "HTTP/1.1 200 OK"
14:20:54 [INFO] HTTP Request: GET https://site.api.espn.com/apis/site/v2/sports/basketball/mens-college-basketball/summary?event=401829201 "HTTP/1.1 200 OK"
14:21:04 [INFO] HTTP Request: GET https://site.api.espn.com/apis/site/v2/sports/basketball/mens-college-basketball/summary?event=401829206 "HTTP/1.1 200 OK"
14:21:15 [INFO] HTTP Request: GET https://site.api.espn.com/apis/site/v2/sports/basketball/mens-college-basketball/summary?event=401829209 "HTTP/1.1 200 OK"
14:21:25 [INFO] HTTP Request: GET https://site.api.espn.com/apis/site/v2/sports/basketball/mens-college-basketball/summary?event=401829213 "HTTP/1.1 200 OK"
14:21:36 [INFO] HTTP Request: GET https://site.api.espn.com/apis/site/v2/sports/basketball/mens-college-basketball/summary?event=401829225 "HTTP/1.1 200 OK"
14:21:46 [INFO] HTTP Request: GET https://site.api.espn.com/apis/site/v2/sports/basketball/mens-college-basketball/summary?event=401829230 "HTTP/1.1 200 OK"
14:21:57 [INFO] HTTP Request: GET https://site.api.espn.com/apis/site/v2/sports/basketball/mens-college-basketball/summary?event=401829236 "HTTP/1.1 200 OK"
14:22:07 [INFO] HTTP Request: GET https://site.api.espn.com/apis/site/v2/sports/basketball/mens-college-basketball/summary?event=401829241 "HTTP/1.1 200 OK"
14:22:17 [INFO] HTTP Request: GET https://site.api.espn.com/apis/site/v2/sports/basketball/mens-college-basketball/summary?event=401829248 "HTTP/1.1 200 OK"
14:22:28 [INFO] HTTP Request: GET https://site.api.espn.com/apis/site/v2/sports/basketball/mens-college-basketball/summary?event=401829253 "HTTP/1.1 200 OK"
14:22:40 [INFO] HTTP Request: GET https://site.api.espn.com/apis/site/v2/sports/basketball/mens-college-basketball/summary?event=401829258 "HTTP/1.1 200 OK"
14:22:51 [INFO] HTTP Request: GET https://site.api.espn.com/apis/site/v2/sports/basketball/mens-college-basketball/summary?event=401829262 "HTTP/1.1 200 OK"
14:22:51 [INFO]   Loaded: 30 games, 619 player-game-stat rows
14:22:51 [INFO] 
[8/12] San Diego Toreros
14:22:51 [INFO] Scraping team: San Diego Toreros (ESPN #301)
14:23:02 [INFO] HTTP Request: GET https://site.api.espn.com/apis/site/v2/sports/basketball/mens-college-basketball/teams/301/schedule?season=2026 "HTTP/1.1 200 OK"
14:23:02 [INFO]   Schedule: 30 completed games
14:23:13 [INFO] HTTP Request: GET https://site.api.espn.com/apis/site/v2/sports/basketball/mens-college-basketball/summary?event=401824110 "HTTP/1.1 200 OK"
14:23:27 [INFO] HTTP Request: GET https://site.api.espn.com/apis/site/v2/sports/basketball/mens-college-basketball/summary?event=401823554 "HTTP/1.1 200 OK"
14:23:38 [INFO] HTTP Request: GET https://site.api.espn.com/apis/site/v2/sports/basketball/mens-college-basketball/summary?event=401823510 "HTTP/1.1 200 OK"
14:23:49 [INFO] HTTP Request: GET https://site.api.espn.com/apis/site/v2/sports/basketball/mens-college-basketball/summary?event=401824111 "HTTP/1.1 200 OK"
14:24:00 [INFO] HTTP Request: GET https://site.api.espn.com/apis/site/v2/sports/basketball/mens-college-basketball/summary?event=401824112 "HTTP/1.1 200 OK"
14:24:10 [INFO] HTTP Request: GET https://site.api.espn.com/apis/site/v2/sports/basketball/mens-college-basketball/summary?event=401823535 "HTTP/1.1 200 OK"
14:24:21 [INFO] HTTP Request: GET https://site.api.espn.com/apis/site/v2/sports/basketball/mens-college-basketball/summary?event=401823310 "HTTP/1.1 200 OK"
14:24:31 [INFO] HTTP Request: GET https://site.api.espn.com/apis/site/v2/sports/basketball/mens-college-basketball/summary?event=401824113 "HTTP/1.1 200 OK"
14:24:42 [INFO] HTTP Request: GET https://site.api.espn.com/apis/site/v2/sports/basketball/mens-college-basketball/summary?event=401824114 "HTTP/1.1 200 OK"
14:24:52 [INFO] HTTP Request: GET https://site.api.espn.com/apis/site/v2/sports/basketball/mens-college-basketball/summary?event=401824115 "HTTP/1.1 200 OK"
14:25:03 [INFO] HTTP Request: GET https://site.api.espn.com/apis/site/v2/sports/basketball/mens-college-basketball/summary?event=401824116 "HTTP/1.1 200 OK"
14:25:13 [INFO] HTTP Request: GET https://site.api.espn.com/apis/site/v2/sports/basketball/mens-college-basketball/summary?event=401824117 "HTTP/1.1 200 OK"
14:25:24 [INFO] HTTP Request: GET https://site.api.espn.com/apis/site/v2/sports/basketball/mens-college-basketball/summary?event=401829164 "HTTP/1.1 200 OK"
14:25:34 [INFO] HTTP Request: GET https://site.api.espn.com/apis/site/v2/sports/basketball/mens-college-basketball/summary?event=401829169 "HTTP/1.1 200 OK"
14:25:45 [INFO] HTTP Request: GET https://site.api.espn.com/apis/site/v2/sports/basketball/mens-college-basketball/summary?event=401829179 "HTTP/1.1 200 OK"
14:25:55 [INFO] HTTP Request: GET https://site.api.espn.com/apis/site/v2/sports/basketball/mens-college-basketball/summary?event=401829185 "HTTP/1.1 200 OK"
14:26:06 [INFO] HTTP Request: GET https://site.api.espn.com/apis/site/v2/sports/basketball/mens-college-basketball/summary?event=401829188 "HTTP/1.1 200 OK"
14:26:16 [INFO] HTTP Request: GET https://site.api.espn.com/apis/site/v2/sports/basketball/mens-college-basketball/summary?event=401829194 "HTTP/1.1 200 OK"
14:26:26 [INFO] HTTP Request: GET https://site.api.espn.com/apis/site/v2/sports/basketball/mens-college-basketball/summary?event=401829202 "HTTP/1.1 200 OK"
14:26:37 [INFO] HTTP Request: GET https://site.api.espn.com/apis/site/v2/sports/basketball/mens-college-basketball/summary?event=401831990 "HTTP/1.1 200 OK"
14:26:47 [INFO] HTTP Request: GET https://site.api.espn.com/apis/site/v2/sports/basketball/mens-college-basketball/summary?event=401829211 "HTTP/1.1 200 OK"
14:26:58 [INFO] HTTP Request: GET https://site.api.espn.com/apis/site/v2/sports/basketball/mens-college-basketball/summary?event=401829215 "HTTP/1.1 200 OK"
14:27:08 [INFO] HTTP Request: GET https://site.api.espn.com/apis/site/v2/sports/basketball/mens-college-basketball/summary?event=401829219 "HTTP/1.1 200 OK"
14:27:19 [INFO] HTTP Request: GET https://site.api.espn.com/apis/site/v2/sports/basketball/mens-college-basketball/summary?event=401829222 "HTTP/1.1 200 OK"
14:27:29 [INFO] HTTP Request: GET https://site.api.espn.com/apis/site/v2/sports/basketball/mens-college-basketball/summary?event=401829230 "HTTP/1.1 200 OK"
14:27:40 [INFO] HTTP Request: GET https://site.api.espn.com/apis/site/v2/sports/basketball/mens-college-basketball/summary?event=401829235 "HTTP/1.1 200 OK"
14:27:50 [INFO] HTTP Request: GET https://site.api.espn.com/apis/site/v2/sports/basketball/mens-college-basketball/summary?event=401829242 "HTTP/1.1 200 OK"
14:28:01 [INFO] HTTP Request: GET https://site.api.espn.com/apis/site/v2/sports/basketball/mens-college-basketball/summary?event=401829249 "HTTP/1.1 200 OK"
14:28:11 [INFO] HTTP Request: GET https://site.api.espn.com/apis/site/v2/sports/basketball/mens-college-basketball/summary?event=401829254 "HTTP/1.1 200 OK"
14:28:22 [INFO] HTTP Request: GET https://site.api.espn.com/apis/site/v2/sports/basketball/mens-college-basketball/summary?event=401829261 "HTTP/1.1 200 OK"
14:28:22 [INFO]   Loaded: 30 games, 659 player-game-stat rows
14:28:22 [INFO] 
[9/12] San Francisco Dons
14:28:22 [INFO] Scraping team: San Francisco Dons (ESPN #2539)
14:28:32 [INFO] HTTP Request: GET https://site.api.espn.com/apis/site/v2/sports/basketball/mens-college-basketball/teams/2539/schedule?season=2026 "HTTP/1.1 200 OK"
14:28:32 [INFO]   Schedule: 30 completed games
14:28:43 [INFO] HTTP Request: GET https://site.api.espn.com/apis/site/v2/sports/basketball/mens-college-basketball/summary?event=401826724 "HTTP/1.1 200 OK"
14:28:53 [INFO] HTTP Request: GET https://site.api.espn.com/apis/site/v2/sports/basketball/mens-college-basketball/summary?event=401826725 "HTTP/1.1 200 OK"
14:29:03 [INFO] HTTP Request: GET https://site.api.espn.com/apis/site/v2/sports/basketball/mens-college-basketball/summary?event=401826726 "HTTP/1.1 200 OK"
14:29:14 [INFO] HTTP Request: GET https://site.api.espn.com/apis/site/v2/sports/basketball/mens-college-basketball/summary?event=401826727 "HTTP/1.1 200 OK"
14:29:24 [INFO] HTTP Request: GET https://site.api.espn.com/apis/site/v2/sports/basketball/mens-college-basketball/summary?event=401826728 "HTTP/1.1 200 OK"
14:29:35 [INFO] HTTP Request: GET https://site.api.espn.com/apis/site/v2/sports/basketball/mens-college-basketball/summary?event=401826729 "HTTP/1.1 200 OK"
14:29:45 [INFO] HTTP Request: GET https://site.api.espn.com/apis/site/v2/sports/basketball/mens-college-basketball/summary?event=401819865 "HTTP/1.1 200 OK"
14:29:56 [INFO] HTTP Request: GET https://site.api.espn.com/apis/site/v2/sports/basketball/mens-college-basketball/summary?event=401830748 "HTTP/1.1 200 OK"
14:30:06 [INFO] HTTP Request: GET https://site.api.espn.com/apis/site/v2/sports/basketball/mens-college-basketball/summary?event=401823438 "HTTP/1.1 200 OK"
14:30:16 [INFO] HTTP Request: GET https://site.api.espn.com/apis/site/v2/sports/basketball/mens-college-basketball/summary?event=401826730 "HTTP/1.1 200 OK"
14:30:27 [INFO] HTTP Request: GET https://site.api.espn.com/apis/site/v2/sports/basketball/mens-college-basketball/summary?event=401817190 "HTTP/1.1 200 OK"
14:30:38 [INFO] HTTP Request: GET https://site.api.espn.com/apis/site/v2/sports/basketball/mens-college-basketball/summary?event=401817162 "HTTP/1.1 200 OK"
14:30:48 [INFO] HTTP Request: GET https://site.api.espn.com/apis/site/v2/sports/basketball/mens-college-basketball/summary?event=401813283 "HTTP/1.1 200 OK"
14:30:59 [INFO] HTTP Request: GET https://site.api.espn.com/apis/site/v2/sports/basketball/mens-college-basketball/summary?event=401829166 "HTTP/1.1 200 OK"
14:31:09 [INFO] HTTP Request: GET https://site.api.espn.com/apis/site/v2/sports/basketball/mens-college-basketball/summary?event=401829172 "HTTP/1.1 200 OK"
14:31:20 [INFO] HTTP Request: GET https://site.api.espn.com/apis/site/v2/sports/basketball/mens-college-basketball/summary?event=401829179 "HTTP/1.1 200 OK"
14:31:30 [INFO] HTTP Request: GET https://site.api.espn.com/apis/site/v2/sports/basketball/mens-college-basketball/summary?event=401829184 "HTTP/1.1 200 OK"
14:31:40 [INFO] HTTP Request: GET https://site.api.espn.com/apis/site/v2/sports/basketball/mens-college-basketball/summary?event=401829189 "HTTP/1.1 200 OK"
14:31:51 [INFO] HTTP Request: GET https://site.api.espn.com/apis/site/v2/sports/basketball/mens-college-basketball/summary?event=401829195 "HTTP/1.1 200 OK"
14:32:02 [INFO] HTTP Request: GET https://site.api.espn.com/apis/site/v2/sports/basketball/mens-college-basketball/summary?event=401829201 "HTTP/1.1 200 OK"
14:32:12 [INFO] HTTP Request: GET https://site.api.espn.com/apis/site/v2/sports/basketball/mens-college-basketball/summary?event=401829207 "HTTP/1.1 200 OK"
14:32:23 [INFO] HTTP Request: GET https://site.api.espn.com/apis/site/v2/sports/basketball/mens-college-basketball/summary?event=401829214 "HTTP/1.1 200 OK"
14:32:33 [INFO] HTTP Request: GET https://site.api.espn.com/apis/site/v2/sports/basketball/mens-college-basketball/summary?event=401829220 "HTTP/1.1 200 OK"
14:32:44 [INFO] HTTP Request: GET https://site.api.espn.com/apis/site/v2/sports/basketball/mens-college-basketball/summary?event=401829223 "HTTP/1.1 200 OK"
14:32:54 [INFO] HTTP Request: GET https://site.api.espn.com/apis/site/v2/sports/basketball/mens-college-basketball/summary?event=401829228 "HTTP/1.1 200 OK"
14:33:05 [INFO] HTTP Request: GET https://site.api.espn.com/apis/site/v2/sports/basketball/mens-college-basketball/summary?event=401829236 "HTTP/1.1 200 OK"
14:33:15 [INFO] HTTP Request: GET https://site.api.espn.com/apis/site/v2/sports/basketball/mens-college-basketball/summary?event=401829240 "HTTP/1.1 200 OK"
14:33:25 [INFO] HTTP Request: GET https://site.api.espn.com/apis/site/v2/sports/basketball/mens-college-basketball/summary?event=401829249 "HTTP/1.1 200 OK"
14:33:36 [INFO] HTTP Request: GET https://site.api.espn.com/apis/site/v2/sports/basketball/mens-college-basketball/summary?event=401829250 "HTTP/1.1 200 OK"
14:33:47 [INFO] HTTP Request: GET https://site.api.espn.com/apis/site/v2/sports/basketball/mens-college-basketball/summary?event=401829259 "HTTP/1.1 200 OK"
14:33:47 [INFO]   Loaded: 30 games, 612 player-game-stat rows
14:33:47 [INFO] 
[10/12] Santa Clara Broncos
14:33:47 [INFO] Scraping team: Santa Clara Broncos (ESPN #2541)
14:33:58 [INFO] HTTP Request: GET https://site.api.espn.com/apis/site/v2/sports/basketball/mens-college-basketball/teams/2541/schedule?season=2026 "HTTP/1.1 200 OK"
14:33:58 [INFO]   Schedule: 30 completed games
14:34:09 [INFO] HTTP Request: GET https://site.api.espn.com/apis/site/v2/sports/basketball/mens-college-basketball/summary?event=401824118 "HTTP/1.1 200 OK"
14:34:20 [INFO] HTTP Request: GET https://site.api.espn.com/apis/site/v2/sports/basketball/mens-college-basketball/summary?event=401824119 "HTTP/1.1 200 OK"
14:34:30 [INFO] HTTP Request: GET https://site.api.espn.com/apis/site/v2/sports/basketball/mens-college-basketball/summary?event=401823559 "HTTP/1.1 200 OK"
14:34:41 [INFO] HTTP Request: GET https://site.api.espn.com/apis/site/v2/sports/basketball/mens-college-basketball/summary?event=401824120 "HTTP/1.1 200 OK"
14:34:51 [INFO] HTTP Request: GET https://site.api.espn.com/apis/site/v2/sports/basketball/mens-college-basketball/summary?event=401823557 "HTTP/1.1 200 OK"
14:35:01 [INFO] HTTP Request: GET https://site.api.espn.com/apis/site/v2/sports/basketball/mens-college-basketball/summary?event=401824121 "HTTP/1.1 200 OK"
14:35:12 [INFO] HTTP Request: GET https://site.api.espn.com/apis/site/v2/sports/basketball/mens-college-basketball/summary?event=401817187 "HTTP/1.1 200 OK"
14:35:22 [INFO] HTTP Request: GET https://site.api.espn.com/apis/site/v2/sports/basketball/mens-college-basketball/summary?event=401830751 "HTTP/1.1 200 OK"
14:35:32 [INFO] HTTP Request: GET https://site.api.espn.com/apis/site/v2/sports/basketball/mens-college-basketball/summary?event=401824028 "HTTP/1.1 200 OK"
14:35:43 [INFO] HTTP Request: GET https://site.api.espn.com/apis/site/v2/sports/basketball/mens-college-basketball/summary?event=401824122 "HTTP/1.1 200 OK"
14:35:53 [INFO] HTTP Request: GET https://site.api.espn.com/apis/site/v2/sports/basketball/mens-college-basketball/summary?event=401819821 "HTTP/1.1 200 OK"
14:36:04 [INFO] HTTP Request: GET https://site.api.espn.com/apis/site/v2/sports/basketball/mens-college-basketball/summary?event=401824123 "HTTP/1.1 200 OK"
14:36:14 [INFO] HTTP Request: GET https://site.api.espn.com/apis/site/v2/sports/basketball/mens-college-basketball/summary?event=401824124 "HTTP/1.1 200 OK"
14:36:24 [INFO] HTTP Request: GET https://site.api.espn.com/apis/site/v2/sports/basketball/mens-college-basketball/summary?event=401829167 "HTTP/1.1 200 OK"
14:36:35 [INFO] HTTP Request: GET https://site.api.espn.com/apis/site/v2/sports/basketball/mens-college-basketball/summary?event=401829173 "HTTP/1.1 200 OK"
14:36:45 [INFO] HTTP Request: GET https://site.api.espn.com/apis/site/v2/sports/basketball/mens-college-basketball/summary?event=401829177 "HTTP/1.1 200 OK"
14:36:56 [INFO] HTTP Request: GET https://site.api.espn.com/apis/site/v2/sports/basketball/mens-college-basketball/summary?event=401829185 "HTTP/1.1 200 OK"
14:37:06 [INFO] HTTP Request: GET https://site.api.espn.com/apis/site/v2/sports/basketball/mens-college-basketball/summary?event=401829190 "HTTP/1.1 200 OK"
14:37:16 [INFO] HTTP Request: GET https://site.api.espn.com/apis/site/v2/sports/basketball/mens-college-basketball/summary?event=401829192 "HTTP/1.1 200 OK"
14:37:27 [INFO] HTTP Request: GET https://site.api.espn.com/apis/site/v2/sports/basketball/mens-college-basketball/summary?event=401829199 "HTTP/1.1 200 OK"
14:37:37 [INFO] HTTP Request: GET https://site.api.espn.com/apis/site/v2/sports/basketball/mens-college-basketball/summary?event=401829206 "HTTP/1.1 200 OK"
14:37:47 [INFO] HTTP Request: GET https://site.api.espn.com/apis/site/v2/sports/basketball/mens-college-basketball/summary?event=401829215 "HTTP/1.1 200 OK"
14:37:58 [INFO] HTTP Request: GET https://site.api.espn.com/apis/site/v2/sports/basketball/mens-college-basketball/summary?event=401829220 "HTTP/1.1 200 OK"
14:38:08 [INFO] HTTP Request: GET https://site.api.espn.com/apis/site/v2/sports/basketball/mens-college-basketball/summary?event=401829226 "HTTP/1.1 200 OK"
14:38:19 [INFO] HTTP Request: GET https://site.api.espn.com/apis/site/v2/sports/basketball/mens-college-basketball/summary?event=401829231 "HTTP/1.1 200 OK"
14:38:29 [INFO] HTTP Request: GET https://site.api.espn.com/apis/site/v2/sports/basketball/mens-college-basketball/summary?event=401829237 "HTTP/1.1 200 OK"
14:38:39 [INFO] HTTP Request: GET https://site.api.espn.com/apis/site/v2/sports/basketball/mens-college-basketball/summary?event=401829243 "HTTP/1.1 200 OK"
14:38:50 [INFO] HTTP Request: GET https://site.api.espn.com/apis/site/v2/sports/basketball/mens-college-basketball/summary?event=401829245 "HTTP/1.1 200 OK"
14:39:00 [INFO] HTTP Request: GET https://site.api.espn.com/apis/site/v2/sports/basketball/mens-college-basketball/summary?event=401829259 "HTTP/1.1 200 OK"
14:39:11 [INFO] HTTP Request: GET https://site.api.espn.com/apis/site/v2/sports/basketball/mens-college-basketball/summary?event=401829262 "HTTP/1.1 200 OK"
14:39:11 [INFO]   Loaded: 30 games, 600 player-game-stat rows
14:39:11 [INFO] 
[11/12] Seattle U Redhawks
14:39:11 [INFO] Scraping team: Seattle U Redhawks (ESPN #2547)
14:39:21 [INFO] HTTP Request: GET https://site.api.espn.com/apis/site/v2/sports/basketball/mens-college-basketball/teams/2547/schedule?season=2026 "HTTP/1.1 200 OK"
14:39:21 [INFO]   Schedule: 30 completed games
14:39:32 [INFO] HTTP Request: GET https://site.api.espn.com/apis/site/v2/sports/basketball/mens-college-basketball/summary?event=401824125 "HTTP/1.1 200 OK"
14:39:42 [INFO] HTTP Request: GET https://site.api.espn.com/apis/site/v2/sports/basketball/mens-college-basketball/summary?event=401824126 "HTTP/1.1 200 OK"
14:39:53 [INFO] HTTP Request: GET https://site.api.espn.com/apis/site/v2/sports/basketball/mens-college-basketball/summary?event=401823500 "HTTP/1.1 200 OK"
14:40:03 [INFO] HTTP Request: GET https://site.api.espn.com/apis/site/v2/sports/basketball/mens-college-basketball/summary?event=401823556 "HTTP/1.1 200 OK"
14:40:13 [INFO] HTTP Request: GET https://site.api.espn.com/apis/site/v2/sports/basketball/mens-college-basketball/summary?event=401817468 "HTTP/1.1 200 OK"
14:40:24 [INFO] HTTP Request: GET https://site.api.espn.com/apis/site/v2/sports/basketball/mens-college-basketball/summary?event=401824127 "HTTP/1.1 200 OK"
14:40:34 [INFO] HTTP Request: GET https://site.api.espn.com/apis/site/v2/sports/basketball/mens-college-basketball/summary?event=401831226 "HTTP/1.1 200 OK"
14:40:45 [INFO] HTTP Request: GET https://site.api.espn.com/apis/site/v2/sports/basketball/mens-college-basketball/summary?event=401824128 "HTTP/1.1 200 OK"
14:40:55 [INFO] HTTP Request: GET https://site.api.espn.com/apis/site/v2/sports/basketball/mens-college-basketball/summary?event=401824129 "HTTP/1.1 200 OK"
14:41:06 [INFO] HTTP Request: GET https://site.api.espn.com/apis/site/v2/sports/basketball/mens-college-basketball/summary?event=401824130 "HTTP/1.1 200 OK"
14:41:16 [INFO] HTTP Request: GET https://site.api.espn.com/apis/site/v2/sports/basketball/mens-college-basketball/summary?event=401824131 "HTTP/1.1 200 OK"
14:41:26 [INFO] HTTP Request: GET https://site.api.espn.com/apis/site/v2/sports/basketball/mens-college-basketball/summary?event=401824132 "HTTP/1.1 200 OK"
14:41:37 [INFO] HTTP Request: GET https://site.api.espn.com/apis/site/v2/sports/basketball/mens-college-basketball/summary?event=401824133 "HTTP/1.1 200 OK"
14:41:47 [INFO] HTTP Request: GET https://site.api.espn.com/apis/site/v2/sports/basketball/mens-college-basketball/summary?event=401829166 "HTTP/1.1 200 OK"
14:41:57 [INFO] HTTP Request: GET https://site.api.espn.com/apis/site/v2/sports/basketball/mens-college-basketball/summary?event=401829174 "HTTP/1.1 200 OK"
14:42:08 [INFO] HTTP Request: GET https://site.api.espn.com/apis/site/v2/sports/basketball/mens-college-basketball/summary?event=401829180 "HTTP/1.1 200 OK"
14:42:18 [INFO] HTTP Request: GET https://site.api.espn.com/apis/site/v2/sports/basketball/mens-college-basketball/summary?event=401829186 "HTTP/1.1 200 OK"
14:42:29 [INFO] HTTP Request: GET https://site.api.espn.com/apis/site/v2/sports/basketball/mens-college-basketball/summary?event=401829191 "HTTP/1.1 200 OK"
14:42:39 [INFO] HTTP Request: GET https://site.api.espn.com/apis/site/v2/sports/basketball/mens-college-basketball/summary?event=401829202 "HTTP/1.1 200 OK"
14:42:49 [INFO] HTTP Request: GET https://site.api.espn.com/apis/site/v2/sports/basketball/mens-college-basketball/summary?event=401829203 "HTTP/1.1 200 OK"
14:43:00 [INFO] HTTP Request: GET https://site.api.espn.com/apis/site/v2/sports/basketball/mens-college-basketball/summary?event=401829208 "HTTP/1.1 200 OK"
14:43:10 [INFO] HTTP Request: GET https://site.api.espn.com/apis/site/v2/sports/basketball/mens-college-basketball/summary?event=401829216 "HTTP/1.1 200 OK"
14:43:21 [INFO] HTTP Request: GET https://site.api.espn.com/apis/site/v2/sports/basketball/mens-college-basketball/summary?event=401829221 "HTTP/1.1 200 OK"
14:43:31 [INFO] HTTP Request: GET https://site.api.espn.com/apis/site/v2/sports/basketball/mens-college-basketball/summary?event=401829229 "HTTP/1.1 200 OK"
14:43:42 [INFO] HTTP Request: GET https://site.api.espn.com/apis/site/v2/sports/basketball/mens-college-basketball/summary?event=401829238 "HTTP/1.1 200 OK"
14:43:54 [INFO] HTTP Request: GET https://site.api.espn.com/apis/site/v2/sports/basketball/mens-college-basketball/summary?event=401829243 "HTTP/1.1 200 OK"
14:44:04 [INFO] HTTP Request: GET https://site.api.espn.com/apis/site/v2/sports/basketball/mens-college-basketball/summary?event=401829247 "HTTP/1.1 200 OK"
14:44:15 [INFO] HTTP Request: GET https://site.api.espn.com/apis/site/v2/sports/basketball/mens-college-basketball/summary?event=401829253 "HTTP/1.1 200 OK"
14:44:26 [INFO] HTTP Request: GET https://site.api.espn.com/apis/site/v2/sports/basketball/mens-college-basketball/summary?event=401829257 "HTTP/1.1 200 OK"
14:44:36 [INFO] HTTP Request: GET https://site.api.espn.com/apis/site/v2/sports/basketball/mens-college-basketball/summary?event=401829263 "HTTP/1.1 200 OK"
14:44:36 [INFO]   Loaded: 30 games, 606 player-game-stat rows
14:44:36 [INFO] 
[12/12] Washington State Cougars
14:44:36 [INFO] Scraping team: Washington State Cougars (ESPN #265)
14:44:47 [INFO] HTTP Request: GET https://site.api.espn.com/apis/site/v2/sports/basketball/mens-college-basketball/teams/265/schedule?season=2026 "HTTP/1.1 200 OK"
14:44:47 [INFO]   Schedule: 30 completed games
14:44:57 [INFO] HTTP Request: GET https://site.api.espn.com/apis/site/v2/sports/basketball/mens-college-basketball/summary?event=401823508 "HTTP/1.1 200 OK"
14:45:07 [INFO] HTTP Request: GET https://site.api.espn.com/apis/site/v2/sports/basketball/mens-college-basketball/summary?event=401824134 "HTTP/1.1 200 OK"
14:45:18 [INFO] HTTP Request: GET https://site.api.espn.com/apis/site/v2/sports/basketball/mens-college-basketball/summary?event=401824135 "HTTP/1.1 200 OK"
14:45:28 [INFO] HTTP Request: GET https://site.api.espn.com/apis/site/v2/sports/basketball/mens-college-basketball/summary?event=401824136 "HTTP/1.1 200 OK"
14:45:39 [INFO] HTTP Request: GET https://site.api.espn.com/apis/site/v2/sports/basketball/mens-college-basketball/summary?event=401823543 "HTTP/1.1 200 OK"
14:45:49 [INFO] HTTP Request: GET https://site.api.espn.com/apis/site/v2/sports/basketball/mens-college-basketball/summary?event=401824137 "HTTP/1.1 200 OK"
14:46:00 [INFO] HTTP Request: GET https://site.api.espn.com/apis/site/v2/sports/basketball/mens-college-basketball/summary?event=401831197 "HTTP/1.1 200 OK"
14:46:11 [INFO] HTTP Request: GET https://site.api.espn.com/apis/site/v2/sports/basketball/mens-college-basketball/summary?event=401831201 "HTTP/1.1 200 OK"
14:46:21 [INFO] HTTP Request: GET https://site.api.espn.com/apis/site/v2/sports/basketball/mens-college-basketball/summary?event=401824138 "HTTP/1.1 200 OK"
14:46:31 [INFO] HTTP Request: GET https://site.api.espn.com/apis/site/v2/sports/basketball/mens-college-basketball/summary?event=401824139 "HTTP/1.1 200 OK"
14:46:42 [INFO] HTTP Request: GET https://site.api.espn.com/apis/site/v2/sports/basketball/mens-college-basketball/summary?event=401824140 "HTTP/1.1 200 OK"
14:46:54 [INFO] HTTP Request: GET https://site.api.espn.com/apis/site/v2/sports/basketball/mens-college-basketball/summary?event=401823507 "HTTP/1.1 200 OK"
14:47:04 [INFO] HTTP Request: GET https://site.api.espn.com/apis/site/v2/sports/basketball/mens-college-basketball/summary?event=401823492 "HTTP/1.1 200 OK"
14:47:15 [INFO] HTTP Request: GET https://site.api.espn.com/apis/site/v2/sports/basketball/mens-college-basketball/summary?event=401829168 "HTTP/1.1 200 OK"
14:47:25 [INFO] HTTP Request: GET https://site.api.espn.com/apis/site/v2/sports/basketball/mens-college-basketball/summary?event=401829174 "HTTP/1.1 200 OK"
14:47:36 [INFO] HTTP Request: GET https://site.api.espn.com/apis/site/v2/sports/basketball/mens-college-basketball/summary?event=401829175 "HTTP/1.1 200 OK"
14:47:46 [INFO] HTTP Request: GET https://site.api.espn.com/apis/site/v2/sports/basketball/mens-college-basketball/summary?event=401829182 "HTTP/1.1 200 OK"
14:47:57 [INFO] HTTP Request: GET https://site.api.espn.com/apis/site/v2/sports/basketball/mens-college-basketball/summary?event=401829196 "HTTP/1.1 200 OK"
14:48:07 [INFO] HTTP Request: GET https://site.api.espn.com/apis/site/v2/sports/basketball/mens-college-basketball/summary?event=401829197 "HTTP/1.1 200 OK"
14:48:18 [INFO] HTTP Request: GET https://site.api.espn.com/apis/site/v2/sports/basketball/mens-college-basketball/summary?event=401829207 "HTTP/1.1 200 OK"
14:48:28 [INFO] HTTP Request: GET https://site.api.espn.com/apis/site/v2/sports/basketball/mens-college-basketball/summary?event=401829211 "HTTP/1.1 200 OK"
14:48:40 [INFO] HTTP Request: GET https://site.api.espn.com/apis/site/v2/sports/basketball/mens-college-basketball/summary?event=401829212 "HTTP/1.1 200 OK"
14:48:52 [INFO] HTTP Request: GET https://site.api.espn.com/apis/site/v2/sports/basketball/mens-college-basketball/summary?event=401829221 "HTTP/1.1 200 OK"
14:49:03 [INFO] HTTP Request: GET https://site.api.espn.com/apis/site/v2/sports/basketball/mens-college-basketball/summary?event=401829224 "HTTP/1.1 200 OK"
14:49:15 [INFO] HTTP Request: GET https://site.api.espn.com/apis/site/v2/sports/basketball/mens-college-basketball/summary?event=401829232 "HTTP/1.1 200 OK"
14:49:26 [INFO] HTTP Request: GET https://site.api.espn.com/apis/site/v2/sports/basketball/mens-college-basketball/summary?event=401829237 "HTTP/1.1 200 OK"
14:49:36 [INFO] HTTP Request: GET https://site.api.espn.com/apis/site/v2/sports/basketball/mens-college-basketball/summary?event=401829244 "HTTP/1.1 200 OK"
14:49:47 [INFO] HTTP Request: GET https://site.api.espn.com/apis/site/v2/sports/basketball/mens-college-basketball/summary?event=401829251 "HTTP/1.1 200 OK"
14:49:57 [INFO] HTTP Request: GET https://site.api.espn.com/apis/site/v2/sports/basketball/mens-college-basketball/summary?event=401829258 "HTTP/1.1 200 OK"
14:50:08 [INFO] HTTP Request: GET https://site.api.espn.com/apis/site/v2/sports/basketball/mens-college-basketball/summary?event=401829264 "HTTP/1.1 200 OK"
14:50:08 [INFO]   Loaded: 30 games, 579 player-game-stat rows
14:50:08 [INFO] 
============================================================
14:50:08 [INFO]   BATCH COMPLETE: 12 teams, 359 games, 7320 PGS rows
14:50:08 [INFO] ============================================================

============================================================
  ESPN BATCH — FINAL SUMMARY
============================================================
  Total teams:                3295
  Total players:              31333
  Total games:                18717
  Total player_game_stats:    507639
============================================================
