03:56:01 [INFO] Batch: 13 NCAA D1 teams via ESPN
03:56:01 [INFO] 
[1/13] Charlotte 49ers
03:56:01 [INFO] Scraping team: Charlotte 49ers (ESPN #2429)
03:56:02 [INFO] HTTP Request: GET https://site.api.espn.com/apis/site/v2/sports/basketball/mens-college-basketball/teams/2429/schedule?season=2026 "HTTP/1.1 200 OK"
03:56:02 [INFO]   Schedule: 27 completed games
03:56:12 [INFO] HTTP Request: GET https://site.api.espn.com/apis/site/v2/sports/basketball/mens-college-basketball/summary?event=401820796 "HTTP/1.1 200 OK"
03:56:22 [INFO] HTTP Request: GET https://site.api.espn.com/apis/site/v2/sports/basketball/mens-college-basketball/summary?event=401820797 "HTTP/1.1 200 OK"
03:56:33 [INFO] HTTP Request: GET https://site.api.espn.com/apis/site/v2/sports/basketball/mens-college-basketball/summary?event=401820798 "HTTP/1.1 200 OK"
03:56:44 [INFO] HTTP Request: GET https://site.api.espn.com/apis/site/v2/sports/basketball/mens-college-basketball/summary?event=401817520 "HTTP/1.1 200 OK"
03:56:54 [INFO] HTTP Request: GET https://site.api.espn.com/apis/site/v2/sports/basketball/mens-college-basketball/summary?event=401820799 "HTTP/1.1 200 OK"
03:57:04 [INFO] HTTP Request: GET https://site.api.espn.com/apis/site/v2/sports/basketball/mens-college-basketball/summary?event=401820800 "HTTP/1.1 200 OK"
03:57:15 [INFO] HTTP Request: GET https://site.api.espn.com/apis/site/v2/sports/basketball/mens-college-basketball/summary?event=401809398 "HTTP/1.1 200 OK"
03:57:25 [INFO] HTTP Request: GET https://site.api.espn.com/apis/site/v2/sports/basketball/mens-college-basketball/summary?event=401830917 "HTTP/1.1 200 OK"
03:57:36 [INFO] HTTP Request: GET https://site.api.espn.com/apis/site/v2/sports/basketball/mens-college-basketball/summary?event=401820801 "HTTP/1.1 200 OK"
03:57:46 [INFO] HTTP Request: GET https://site.api.espn.com/apis/site/v2/sports/basketball/mens-college-basketball/summary?event=401820802 "HTTP/1.1 200 OK"
03:57:56 [INFO] HTTP Request: GET https://site.api.espn.com/apis/site/v2/sports/basketball/mens-college-basketball/summary?event=401820803 "HTTP/1.1 200 OK"
03:58:06 [INFO] HTTP Request: GET https://site.api.espn.com/apis/site/v2/sports/basketball/mens-college-basketball/summary?event=401820804 "HTTP/1.1 200 OK"
03:58:17 [INFO] HTTP Request: GET https://site.api.espn.com/apis/site/v2/sports/basketball/mens-college-basketball/summary?event=401820805 "HTTP/1.1 200 OK"
03:58:27 [INFO] HTTP Request: GET https://site.api.espn.com/apis/site/v2/sports/basketball/mens-college-basketball/summary?event=401828151 "HTTP/1.1 200 OK"
03:58:38 [INFO] HTTP Request: GET https://site.api.espn.com/apis/site/v2/sports/basketball/mens-college-basketball/summary?event=401828156 "HTTP/1.1 200 OK"
03:58:48 [INFO] HTTP Request: GET https://site.api.espn.com/apis/site/v2/sports/basketball/mens-college-basketball/summary?event=401828163 "HTTP/1.1 200 OK"
03:58:59 [INFO] HTTP Request: GET https://site.api.espn.com/apis/site/v2/sports/basketball/mens-college-basketball/summary?event=401828170 "HTTP/1.1 200 OK"
03:59:09 [INFO] HTTP Request: GET https://site.api.espn.com/apis/site/v2/sports/basketball/mens-college-basketball/summary?event=401828174 "HTTP/1.1 200 OK"
03:59:19 [INFO] HTTP Request: GET https://site.api.espn.com/apis/site/v2/sports/basketball/mens-college-basketball/summary?event=401828180 "HTTP/1.1 200 OK"
03:59:30 [INFO] HTTP Request: GET https://site.api.espn.com/apis/site/v2/sports/basketball/mens-college-basketball/summary?event=401828194 "HTTP/1.1 200 OK"
03:59:40 [INFO] HTTP Request: GET https://site.api.espn.com/apis/site/v2/sports/basketball/mens-college-basketball/summary?event=401828198 "HTTP/1.1 200 OK"
03:59:50 [INFO] HTTP Request: GET https://site.api.espn.com/apis/site/v2/sports/basketball/mens-college-basketball/summary?event=401828204 "HTTP/1.1 200 OK"
04:00:01 [INFO] HTTP Request: GET https://site.api.espn.com/apis/site/v2/sports/basketball/mens-college-basketball/summary?event=401828209 "HTTP/1.1 200 OK"
04:00:12 [INFO] HTTP Request: GET https://site.api.espn.com/apis/site/v2/sports/basketball/mens-college-basketball/summary?event=401828217 "HTTP/1.1 200 OK"
04:00:22 [INFO] HTTP Request: GET https://site.api.espn.com/apis/site/v2/sports/basketball/mens-college-basketball/summary?event=401828229 "HTTP/1.1 200 OK"
04:00:32 [INFO] HTTP Request: GET https://site.api.espn.com/apis/site/v2/sports/basketball/mens-college-basketball/summary?event=401828233 "HTTP/1.1 200 OK"
04:00:43 [INFO] HTTP Request: GET https://site.api.espn.com/apis/site/v2/sports/basketball/mens-college-basketball/summary?event=401828238 "HTTP/1.1 200 OK"
04:00:43 [INFO]   Loaded: 27 games, 575 player-game-stat rows
04:00:43 [INFO] 
[2/13] East Carolina Pirates
04:00:43 [INFO] Scraping team: East Carolina Pirates (ESPN #151)
04:00:53 [INFO] HTTP Request: GET https://site.api.espn.com/apis/site/v2/sports/basketball/mens-college-basketball/teams/151/schedule?season=2026 "HTTP/1.1 200 OK"
04:00:53 [INFO]   Schedule: 27 completed games
04:01:03 [INFO] HTTP Request: GET https://site.api.espn.com/apis/site/v2/sports/basketball/mens-college-basketball/summary?event=401820806 "HTTP/1.1 200 OK"
04:01:13 [INFO] HTTP Request: GET https://site.api.espn.com/apis/site/v2/sports/basketball/mens-college-basketball/summary?event=401817173 "HTTP/1.1 200 OK"
04:01:24 [INFO] HTTP Request: GET https://site.api.espn.com/apis/site/v2/sports/basketball/mens-college-basketball/summary?event=401820807 "HTTP/1.1 200 OK"
04:01:34 [INFO] HTTP Request: GET https://site.api.espn.com/apis/site/v2/sports/basketball/mens-college-basketball/summary?event=401820808 "HTTP/1.1 200 OK"
04:01:45 [INFO] HTTP Request: GET https://site.api.espn.com/apis/site/v2/sports/basketball/mens-college-basketball/summary?event=401820809 "HTTP/1.1 200 OK"
04:01:55 [INFO] HTTP Request: GET https://site.api.espn.com/apis/site/v2/sports/basketball/mens-college-basketball/summary?event=401820810 "HTTP/1.1 200 OK"
04:02:06 [INFO] HTTP Request: GET https://site.api.espn.com/apis/site/v2/sports/basketball/mens-college-basketball/summary?event=401817199 "HTTP/1.1 200 OK"
04:02:16 [INFO] HTTP Request: GET https://site.api.espn.com/apis/site/v2/sports/basketball/mens-college-basketball/summary?event=401820811 "HTTP/1.1 200 OK"
04:02:26 [INFO] HTTP Request: GET https://site.api.espn.com/apis/site/v2/sports/basketball/mens-college-basketball/summary?event=401820812 "HTTP/1.1 200 OK"
04:02:37 [INFO] HTTP Request: GET https://site.api.espn.com/apis/site/v2/sports/basketball/mens-college-basketball/summary?event=401820813 "HTTP/1.1 200 OK"
04:02:47 [INFO] HTTP Request: GET https://site.api.espn.com/apis/site/v2/sports/basketball/mens-college-basketball/summary?event=401820814 "HTTP/1.1 200 OK"
04:02:58 [INFO] HTTP Request: GET https://site.api.espn.com/apis/site/v2/sports/basketball/mens-college-basketball/summary?event=401820815 "HTTP/1.1 200 OK"
04:03:08 [INFO] HTTP Request: GET https://site.api.espn.com/apis/site/v2/sports/basketball/mens-college-basketball/summary?event=401817271 "HTTP/1.1 200 OK"
04:03:19 [INFO] HTTP Request: GET https://site.api.espn.com/apis/site/v2/sports/basketball/mens-college-basketball/summary?event=401828152 "HTTP/1.1 200 OK"
04:03:29 [INFO] HTTP Request: GET https://site.api.espn.com/apis/site/v2/sports/basketball/mens-college-basketball/summary?event=401828164 "HTTP/1.1 200 OK"
04:03:40 [INFO] HTTP Request: GET https://site.api.espn.com/apis/site/v2/sports/basketball/mens-college-basketball/summary?event=401828169 "HTTP/1.1 200 OK"
04:03:50 [INFO] HTTP Request: GET https://site.api.espn.com/apis/site/v2/sports/basketball/mens-college-basketball/summary?event=401828175 "HTTP/1.1 200 OK"
04:04:01 [INFO] HTTP Request: GET https://site.api.espn.com/apis/site/v2/sports/basketball/mens-college-basketball/summary?event=401828180 "HTTP/1.1 200 OK"
04:04:11 [INFO] HTTP Request: GET https://site.api.espn.com/apis/site/v2/sports/basketball/mens-college-basketball/summary?event=401828185 "HTTP/1.1 200 OK"
04:04:21 [INFO] HTTP Request: GET https://site.api.espn.com/apis/site/v2/sports/basketball/mens-college-basketball/summary?event=401828191 "HTTP/1.1 200 OK"
04:04:32 [INFO] HTTP Request: GET https://site.api.espn.com/apis/site/v2/sports/basketball/mens-college-basketball/summary?event=401828199 "HTTP/1.1 200 OK"
04:04:42 [INFO] HTTP Request: GET https://site.api.espn.com/apis/site/v2/sports/basketball/mens-college-basketball/summary?event=401828206 "HTTP/1.1 200 OK"
04:04:53 [INFO] HTTP Request: GET https://site.api.espn.com/apis/site/v2/sports/basketball/mens-college-basketball/summary?event=401828214 "HTTP/1.1 200 OK"
04:05:03 [INFO] HTTP Request: GET https://site.api.espn.com/apis/site/v2/sports/basketball/mens-college-basketball/summary?event=401828221 "HTTP/1.1 200 OK"
04:05:13 [INFO] HTTP Request: GET https://site.api.espn.com/apis/site/v2/sports/basketball/mens-college-basketball/summary?event=401828226 "HTTP/1.1 200 OK"
04:05:23 [INFO] HTTP Request: GET https://site.api.espn.com/apis/site/v2/sports/basketball/mens-college-basketball/summary?event=401828234 "HTTP/1.1 200 OK"
04:05:34 [INFO] HTTP Request: GET https://site.api.espn.com/apis/site/v2/sports/basketball/mens-college-basketball/summary?event=401828238 "HTTP/1.1 200 OK"
04:05:34 [INFO]   Loaded: 27 games, 540 player-game-stat rows
04:05:34 [INFO] 
[3/13] Florida Atlantic Owls
04:05:34 [INFO] Scraping team: Florida Atlantic Owls (ESPN #2226)
04:05:44 [INFO] HTTP Request: GET https://site.api.espn.com/apis/site/v2/sports/basketball/mens-college-basketball/teams/2226/schedule?season=2026 "HTTP/1.1 200 OK"
04:05:44 [INFO]   Schedule: 28 completed games
04:05:54 [INFO] HTTP Request: GET https://site.api.espn.com/apis/site/v2/sports/basketball/mens-college-basketball/summary?event=401817211 "HTTP/1.1 200 OK"
04:06:05 [INFO] HTTP Request: GET https://site.api.espn.com/apis/site/v2/sports/basketball/mens-college-basketball/summary?event=401826771 "HTTP/1.1 200 OK"
04:06:15 [INFO] HTTP Request: GET https://site.api.espn.com/apis/site/v2/sports/basketball/mens-college-basketball/summary?event=401826772 "HTTP/1.1 200 OK"
04:06:26 [INFO] HTTP Request: GET https://site.api.espn.com/apis/site/v2/sports/basketball/mens-college-basketball/summary?event=401826773 "HTTP/1.1 200 OK"
04:06:36 [INFO] HTTP Request: GET https://site.api.espn.com/apis/site/v2/sports/basketball/mens-college-basketball/summary?event=401824063 "HTTP/1.1 200 OK"
04:06:46 [INFO] HTTP Request: GET https://site.api.espn.com/apis/site/v2/sports/basketball/mens-college-basketball/summary?event=401824042 "HTTP/1.1 200 OK"
04:06:57 [INFO] HTTP Request: GET https://site.api.espn.com/apis/site/v2/sports/basketball/mens-college-basketball/summary?event=401831235 "HTTP/1.1 200 OK"
04:07:07 [INFO] HTTP Request: GET https://site.api.espn.com/apis/site/v2/sports/basketball/mens-college-basketball/summary?event=401817200 "HTTP/1.1 200 OK"
04:07:18 [INFO] HTTP Request: GET https://site.api.espn.com/apis/site/v2/sports/basketball/mens-college-basketball/summary?event=401823233 "HTTP/1.1 200 OK"
04:07:28 [INFO] HTTP Request: GET https://site.api.espn.com/apis/site/v2/sports/basketball/mens-college-basketball/summary?event=401826774 "HTTP/1.1 200 OK"
04:07:39 [INFO] HTTP Request: GET https://site.api.espn.com/apis/site/v2/sports/basketball/mens-college-basketball/summary?event=401826795 "HTTP/1.1 200 OK"
04:07:49 [INFO] HTTP Request: GET https://site.api.espn.com/apis/site/v2/sports/basketball/mens-college-basketball/summary?event=401826796 "HTTP/1.1 200 OK"
04:08:00 [INFO] HTTP Request: GET https://site.api.espn.com/apis/site/v2/sports/basketball/mens-college-basketball/summary?event=401824830 "HTTP/1.1 200 OK"
04:08:10 [INFO] HTTP Request: GET https://site.api.espn.com/apis/site/v2/sports/basketball/mens-college-basketball/summary?event=401828153 "HTTP/1.1 200 OK"
04:08:20 [INFO] HTTP Request: GET https://site.api.espn.com/apis/site/v2/sports/basketball/mens-college-basketball/summary?event=401828160 "HTTP/1.1 200 OK"
04:08:31 [INFO] HTTP Request: GET https://site.api.espn.com/apis/site/v2/sports/basketball/mens-college-basketball/summary?event=401828162 "HTTP/1.1 200 OK"
04:08:41 [INFO] HTTP Request: GET https://site.api.espn.com/apis/site/v2/sports/basketball/mens-college-basketball/summary?event=401828171 "HTTP/1.1 200 OK"
04:08:52 [INFO] HTTP Request: GET https://site.api.espn.com/apis/site/v2/sports/basketball/mens-college-basketball/summary?event=401828178 "HTTP/1.1 200 OK"
04:09:02 [INFO] HTTP Request: GET https://site.api.espn.com/apis/site/v2/sports/basketball/mens-college-basketball/summary?event=401828181 "HTTP/1.1 200 OK"
04:09:13 [INFO] HTTP Request: GET https://site.api.espn.com/apis/site/v2/sports/basketball/mens-college-basketball/summary?event=401828186 "HTTP/1.1 200 OK"
04:09:23 [INFO] HTTP Request: GET https://site.api.espn.com/apis/site/v2/sports/basketball/mens-college-basketball/summary?event=401828195 "HTTP/1.1 200 OK"
04:09:33 [INFO] HTTP Request: GET https://site.api.espn.com/apis/site/v2/sports/basketball/mens-college-basketball/summary?event=401828202 "HTTP/1.1 200 OK"
04:09:44 [INFO] HTTP Request: GET https://site.api.espn.com/apis/site/v2/sports/basketball/mens-college-basketball/summary?event=401828206 "HTTP/1.1 200 OK"
04:09:55 [INFO] HTTP Request: GET https://site.api.espn.com/apis/site/v2/sports/basketball/mens-college-basketball/summary?event=401828210 "HTTP/1.1 200 OK"
04:10:05 [INFO] HTTP Request: GET https://site.api.espn.com/apis/site/v2/sports/basketball/mens-college-basketball/summary?event=401828222 "HTTP/1.1 200 OK"
04:10:16 [INFO] HTTP Request: GET https://site.api.espn.com/apis/site/v2/sports/basketball/mens-college-basketball/summary?event=401828230 "HTTP/1.1 200 OK"
04:10:26 [INFO] HTTP Request: GET https://site.api.espn.com/apis/site/v2/sports/basketball/mens-college-basketball/summary?event=401828235 "HTTP/1.1 200 OK"
04:10:37 [INFO] HTTP Request: GET https://site.api.espn.com/apis/site/v2/sports/basketball/mens-college-basketball/summary?event=401828241 "HTTP/1.1 200 OK"
04:10:37 [INFO]   Loaded: 28 games, 580 player-game-stat rows
04:10:37 [INFO] 
[4/13] Memphis Tigers
04:10:37 [INFO] Scraping team: Memphis Tigers (ESPN #235)
04:10:47 [INFO] HTTP Request: GET https://site.api.espn.com/apis/site/v2/sports/basketball/mens-college-basketball/teams/235/schedule?season=2026 "HTTP/1.1 200 OK"
04:10:47 [INFO]   Schedule: 27 completed games
04:10:57 [INFO] HTTP Request: GET https://site.api.espn.com/apis/site/v2/sports/basketball/mens-college-basketball/summary?event=401826725 "HTTP/1.1 200 OK"
04:11:08 [INFO] HTTP Request: GET https://site.api.espn.com/apis/site/v2/sports/basketball/mens-college-basketball/summary?event=401826797 "HTTP/1.1 200 OK"
04:11:19 [INFO] HTTP Request: GET https://site.api.espn.com/apis/site/v2/sports/basketball/mens-college-basketball/summary?event=401820398 "HTTP/1.1 200 OK"
04:11:29 [INFO] HTTP Request: GET https://site.api.espn.com/apis/site/v2/sports/basketball/mens-college-basketball/summary?event=401823636 "HTTP/1.1 200 OK"
04:11:39 [INFO] HTTP Request: GET https://site.api.espn.com/apis/site/v2/sports/basketball/mens-college-basketball/summary?event=401823638 "HTTP/1.1 200 OK"
04:11:50 [INFO] HTTP Request: GET https://site.api.espn.com/apis/site/v2/sports/basketball/mens-college-basketball/summary?event=401826798 "HTTP/1.1 200 OK"
04:12:00 [INFO] HTTP Request: GET https://site.api.espn.com/apis/site/v2/sports/basketball/mens-college-basketball/summary?event=401808898 "HTTP/1.1 200 OK"
04:12:10 [INFO] HTTP Request: GET https://site.api.espn.com/apis/site/v2/sports/basketball/mens-college-basketball/summary?event=401819829 "HTTP/1.1 200 OK"
04:12:21 [INFO] HTTP Request: GET https://site.api.espn.com/apis/site/v2/sports/basketball/mens-college-basketball/summary?event=401817247 "HTTP/1.1 200 OK"
04:12:31 [INFO] HTTP Request: GET https://site.api.espn.com/apis/site/v2/sports/basketball/mens-college-basketball/summary?event=401826799 "HTTP/1.1 200 OK"
04:12:42 [INFO] HTTP Request: GET https://site.api.espn.com/apis/site/v2/sports/basketball/mens-college-basketball/summary?event=401826800 "HTTP/1.1 200 OK"
04:12:52 [INFO] HTTP Request: GET https://site.api.espn.com/apis/site/v2/sports/basketball/mens-college-basketball/summary?event=401826801 "HTTP/1.1 200 OK"
04:13:03 [INFO] HTTP Request: GET https://site.api.espn.com/apis/site/v2/sports/basketball/mens-college-basketball/summary?event=401828154 "HTTP/1.1 200 OK"
04:13:13 [INFO] HTTP Request: GET https://site.api.espn.com/apis/site/v2/sports/basketball/mens-college-basketball/summary?event=401828157 "HTTP/1.1 200 OK"
04:13:24 [INFO] HTTP Request: GET https://site.api.espn.com/apis/site/v2/sports/basketball/mens-college-basketball/summary?event=401828171 "HTTP/1.1 200 OK"
04:13:34 [INFO] HTTP Request: GET https://site.api.espn.com/apis/site/v2/sports/basketball/mens-college-basketball/summary?event=401828176 "HTTP/1.1 200 OK"
04:13:45 [INFO] HTTP Request: GET https://site.api.espn.com/apis/site/v2/sports/basketball/mens-college-basketball/summary?event=401828182 "HTTP/1.1 200 OK"
04:13:55 [INFO] HTTP Request: GET https://site.api.espn.com/apis/site/v2/sports/basketball/mens-college-basketball/summary?event=401828187 "HTTP/1.1 200 OK"
04:14:06 [INFO] HTTP Request: GET https://site.api.espn.com/apis/site/v2/sports/basketball/mens-college-basketball/summary?event=401828192 "HTTP/1.1 200 OK"
04:14:16 [INFO] HTTP Request: GET https://site.api.espn.com/apis/site/v2/sports/basketball/mens-college-basketball/summary?event=401828202 "HTTP/1.1 200 OK"
04:14:27 [INFO] HTTP Request: GET https://site.api.espn.com/apis/site/v2/sports/basketball/mens-college-basketball/summary?event=401828207 "HTTP/1.1 200 OK"
04:14:37 [INFO] HTTP Request: GET https://site.api.espn.com/apis/site/v2/sports/basketball/mens-college-basketball/summary?event=401828213 "HTTP/1.1 200 OK"
04:14:48 [INFO] HTTP Request: GET https://site.api.espn.com/apis/site/v2/sports/basketball/mens-college-basketball/summary?event=401828217 "HTTP/1.1 200 OK"
04:14:58 [INFO] HTTP Request: GET https://site.api.espn.com/apis/site/v2/sports/basketball/mens-college-basketball/summary?event=401828225 "HTTP/1.1 200 OK"
04:15:08 [INFO] HTTP Request: GET https://site.api.espn.com/apis/site/v2/sports/basketball/mens-college-basketball/summary?event=401826802 "HTTP/1.1 200 OK"
04:15:20 [INFO] HTTP Request: GET https://site.api.espn.com/apis/site/v2/sports/basketball/mens-college-basketball/summary?event=401828237 "HTTP/1.1 200 OK"
04:15:30 [INFO] HTTP Request: GET https://site.api.espn.com/apis/site/v2/sports/basketball/mens-college-basketball/summary?event=401828240 "HTTP/1.1 200 OK"
04:15:30 [INFO]   Loaded: 27 games, 563 player-game-stat rows
04:15:30 [INFO] 
[5/13] North Texas Mean Green
04:15:30 [INFO] Scraping team: North Texas Mean Green (ESPN #249)
04:15:41 [INFO] HTTP Request: GET https://site.api.espn.com/apis/site/v2/sports/basketball/mens-college-basketball/teams/249/schedule?season=2026 "HTTP/1.1 200 OK"
04:15:41 [INFO]   Schedule: 28 completed games
04:15:51 [INFO] HTTP Request: GET https://site.api.espn.com/apis/site/v2/sports/basketball/mens-college-basketball/summary?event=401828274 "HTTP/1.1 200 OK"
04:16:01 [INFO] HTTP Request: GET https://site.api.espn.com/apis/site/v2/sports/basketball/mens-college-basketball/summary?event=401828275 "HTTP/1.1 200 OK"
04:16:11 [INFO] HTTP Request: GET https://site.api.espn.com/apis/site/v2/sports/basketball/mens-college-basketball/summary?event=401828276 "HTTP/1.1 200 OK"
04:16:22 [INFO] HTTP Request: GET https://site.api.espn.com/apis/site/v2/sports/basketball/mens-college-basketball/summary?event=401824056 "HTTP/1.1 200 OK"
04:16:32 [INFO] HTTP Request: GET https://site.api.espn.com/apis/site/v2/sports/basketball/mens-college-basketball/summary?event=401828277 "HTTP/1.1 200 OK"
04:16:42 [INFO] HTTP Request: GET https://site.api.espn.com/apis/site/v2/sports/basketball/mens-college-basketball/summary?event=401824937 "HTTP/1.1 200 OK"
04:16:53 [INFO] HTTP Request: GET https://site.api.espn.com/apis/site/v2/sports/basketball/mens-college-basketball/summary?event=401823503 "HTTP/1.1 200 OK"
04:17:03 [INFO] HTTP Request: GET https://site.api.espn.com/apis/site/v2/sports/basketball/mens-college-basketball/summary?event=401827042 "HTTP/1.1 200 OK"
04:17:14 [INFO] HTTP Request: GET https://site.api.espn.com/apis/site/v2/sports/basketball/mens-college-basketball/summary?event=401828278 "HTTP/1.1 200 OK"
04:17:24 [INFO] HTTP Request: GET https://site.api.espn.com/apis/site/v2/sports/basketball/mens-college-basketball/summary?event=401812255 "HTTP/1.1 200 OK"
04:17:35 [INFO] HTTP Request: GET https://site.api.espn.com/apis/site/v2/sports/basketball/mens-college-basketball/summary?event=401828279 "HTTP/1.1 200 OK"
04:17:45 [INFO] HTTP Request: GET https://site.api.espn.com/apis/site/v2/sports/basketball/mens-college-basketball/summary?event=401824123 "HTTP/1.1 200 OK"
04:17:55 [INFO] HTTP Request: GET https://site.api.espn.com/apis/site/v2/sports/basketball/mens-college-basketball/summary?event=401828280 "HTTP/1.1 200 OK"
04:18:06 [INFO] HTTP Request: GET https://site.api.espn.com/apis/site/v2/sports/basketball/mens-college-basketball/summary?event=401828154 "HTTP/1.1 200 OK"
04:18:16 [INFO] HTTP Request: GET https://site.api.espn.com/apis/site/v2/sports/basketball/mens-college-basketball/summary?event=401828161 "HTTP/1.1 200 OK"
04:18:26 [INFO] HTTP Request: GET https://site.api.espn.com/apis/site/v2/sports/basketball/mens-college-basketball/summary?event=401828166 "HTTP/1.1 200 OK"
04:18:37 [INFO] HTTP Request: GET https://site.api.espn.com/apis/site/v2/sports/basketball/mens-college-basketball/summary?event=401828172 "HTTP/1.1 200 OK"
04:18:47 [INFO] HTTP Request: GET https://site.api.espn.com/apis/site/v2/sports/basketball/mens-college-basketball/summary?event=401828183 "HTTP/1.1 200 OK"
04:18:57 [INFO] HTTP Request: GET https://site.api.espn.com/apis/site/v2/sports/basketball/mens-college-basketball/summary?event=401828189 "HTTP/1.1 200 OK"
04:19:07 [INFO] HTTP Request: GET https://site.api.espn.com/apis/site/v2/sports/basketball/mens-college-basketball/summary?event=401828191 "HTTP/1.1 200 OK"
04:19:18 [INFO] HTTP Request: GET https://site.api.espn.com/apis/site/v2/sports/basketball/mens-college-basketball/summary?event=401828200 "HTTP/1.1 200 OK"
04:19:28 [INFO] HTTP Request: GET https://site.api.espn.com/apis/site/v2/sports/basketball/mens-college-basketball/summary?event=401828203 "HTTP/1.1 200 OK"
04:19:39 [INFO] HTTP Request: GET https://site.api.espn.com/apis/site/v2/sports/basketball/mens-college-basketball/summary?event=401828211 "HTTP/1.1 200 OK"
04:19:49 [INFO] HTTP Request: GET https://site.api.espn.com/apis/site/v2/sports/basketball/mens-college-basketball/summary?event=401828215 "HTTP/1.1 200 OK"
04:20:00 [INFO] HTTP Request: GET https://site.api.espn.com/apis/site/v2/sports/basketball/mens-college-basketball/summary?event=401828225 "HTTP/1.1 200 OK"
04:20:10 [INFO] HTTP Request: GET https://site.api.espn.com/apis/site/v2/sports/basketball/mens-college-basketball/summary?event=401828231 "HTTP/1.1 200 OK"
04:20:20 [INFO] HTTP Request: GET https://site.api.espn.com/apis/site/v2/sports/basketball/mens-college-basketball/summary?event=401828236 "HTTP/1.1 200 OK"
04:20:31 [INFO] HTTP Request: GET https://site.api.espn.com/apis/site/v2/sports/basketball/mens-college-basketball/summary?event=401828241 "HTTP/1.1 200 OK"
04:20:31 [INFO]   Loaded: 28 games, 577 player-game-stat rows
04:20:31 [INFO] 
[6/13] Rice Owls
04:20:31 [INFO] Scraping team: Rice Owls (ESPN #242)
04:20:41 [INFO] HTTP Request: GET https://site.api.espn.com/apis/site/v2/sports/basketball/mens-college-basketball/teams/242/schedule?season=2026 "HTTP/1.1 200 OK"
04:20:41 [INFO]   Schedule: 27 completed games
04:20:52 [INFO] HTTP Request: GET https://site.api.espn.com/apis/site/v2/sports/basketball/mens-college-basketball/summary?event=401826803 "HTTP/1.1 200 OK"
04:21:02 [INFO] HTTP Request: GET https://site.api.espn.com/apis/site/v2/sports/basketball/mens-college-basketball/summary?event=401826804 "HTTP/1.1 200 OK"
04:21:13 [INFO] HTTP Request: GET https://site.api.espn.com/apis/site/v2/sports/basketball/mens-college-basketball/summary?event=401826805 "HTTP/1.1 200 OK"
04:21:23 [INFO] HTTP Request: GET https://site.api.espn.com/apis/site/v2/sports/basketball/mens-college-basketball/summary?event=401826806 "HTTP/1.1 200 OK"
04:21:33 [INFO] HTTP Request: GET https://site.api.espn.com/apis/site/v2/sports/basketball/mens-college-basketball/summary?event=401826807 "HTTP/1.1 200 OK"
04:21:44 [INFO] HTTP Request: GET https://site.api.espn.com/apis/site/v2/sports/basketball/mens-college-basketball/summary?event=401826808 "HTTP/1.1 200 OK"
04:21:54 [INFO] HTTP Request: GET https://site.api.espn.com/apis/site/v2/sports/basketball/mens-college-basketball/summary?event=401828338 "HTTP/1.1 200 OK"
04:22:04 [INFO] HTTP Request: GET https://site.api.espn.com/apis/site/v2/sports/basketball/mens-college-basketball/summary?event=401823230 "HTTP/1.1 200 OK"
04:22:15 [INFO] HTTP Request: GET https://site.api.espn.com/apis/site/v2/sports/basketball/mens-college-basketball/summary?event=401829616 "HTTP/1.1 200 OK"
04:22:25 [INFO] HTTP Request: GET https://site.api.espn.com/apis/site/v2/sports/basketball/mens-college-basketball/summary?event=401826809 "HTTP/1.1 200 OK"
04:22:35 [INFO] HTTP Request: GET https://site.api.espn.com/apis/site/v2/sports/basketball/mens-college-basketball/summary?event=401826810 "HTTP/1.1 200 OK"
04:22:46 [INFO] HTTP Request: GET https://site.api.espn.com/apis/site/v2/sports/basketball/mens-college-basketball/summary?event=401826811 "HTTP/1.1 200 OK"
04:22:56 [INFO] HTTP Request: GET https://site.api.espn.com/apis/site/v2/sports/basketball/mens-college-basketball/summary?event=401824074 "HTTP/1.1 200 OK"
04:23:06 [INFO] HTTP Request: GET https://site.api.espn.com/apis/site/v2/sports/basketball/mens-college-basketball/summary?event=401828155 "HTTP/1.1 200 OK"
04:23:17 [INFO] HTTP Request: GET https://site.api.espn.com/apis/site/v2/sports/basketball/mens-college-basketball/summary?event=401828157 "HTTP/1.1 200 OK"
04:23:27 [INFO] HTTP Request: GET https://site.api.espn.com/apis/site/v2/sports/basketball/mens-college-basketball/summary?event=401828165 "HTTP/1.1 200 OK"
04:23:38 [INFO] HTTP Request: GET https://site.api.espn.com/apis/site/v2/sports/basketball/mens-college-basketball/summary?event=401828170 "HTTP/1.1 200 OK"
04:23:48 [INFO] HTTP Request: GET https://site.api.espn.com/apis/site/v2/sports/basketball/mens-college-basketball/summary?event=401828177 "HTTP/1.1 200 OK"
04:23:59 [INFO] HTTP Request: GET https://site.api.espn.com/apis/site/v2/sports/basketball/mens-college-basketball/summary?event=401828188 "HTTP/1.1 200 OK"
04:24:09 [INFO] HTTP Request: GET https://site.api.espn.com/apis/site/v2/sports/basketball/mens-college-basketball/summary?event=401828196 "HTTP/1.1 200 OK"
04:24:19 [INFO] HTTP Request: GET https://site.api.espn.com/apis/site/v2/sports/basketball/mens-college-basketball/summary?event=401828199 "HTTP/1.1 200 OK"
04:24:30 [INFO] HTTP Request: GET https://site.api.espn.com/apis/site/v2/sports/basketball/mens-college-basketball/summary?event=401828204 "HTTP/1.1 200 OK"
04:24:40 [INFO] HTTP Request: GET https://site.api.espn.com/apis/site/v2/sports/basketball/mens-college-basketball/summary?event=401828211 "HTTP/1.1 200 OK"
04:24:50 [INFO] HTTP Request: GET https://site.api.espn.com/apis/site/v2/sports/basketball/mens-college-basketball/summary?event=401828216 "HTTP/1.1 200 OK"
04:25:01 [INFO] HTTP Request: GET https://site.api.espn.com/apis/site/v2/sports/basketball/mens-college-basketball/summary?event=401828222 "HTTP/1.1 200 OK"
04:25:11 [INFO] HTTP Request: GET https://site.api.espn.com/apis/site/v2/sports/basketball/mens-college-basketball/summary?event=401828226 "HTTP/1.1 200 OK"
04:25:21 [INFO] HTTP Request: GET https://site.api.espn.com/apis/site/v2/sports/basketball/mens-college-basketball/summary?event=401828242 "HTTP/1.1 200 OK"
04:25:21 [INFO]   Loaded: 27 games, 556 player-game-stat rows
04:25:21 [INFO] 
[7/13] South Florida Bulls
04:25:21 [INFO] Scraping team: South Florida Bulls (ESPN #58)
04:25:32 [INFO] HTTP Request: GET https://site.api.espn.com/apis/site/v2/sports/basketball/mens-college-basketball/teams/58/schedule?season=2026 "HTTP/1.1 200 OK"
04:25:32 [INFO]   Schedule: 27 completed games
04:25:42 [INFO] HTTP Request: GET https://site.api.espn.com/apis/site/v2/sports/basketball/mens-college-basketball/summary?event=401826812 "HTTP/1.1 200 OK"
04:25:53 [INFO] HTTP Request: GET https://site.api.espn.com/apis/site/v2/sports/basketball/mens-college-basketball/summary?event=401817142 "HTTP/1.1 200 OK"
04:26:03 [INFO] HTTP Request: GET https://site.api.espn.com/apis/site/v2/sports/basketball/mens-college-basketball/summary?event=401822759 "HTTP/1.1 200 OK"
04:26:13 [INFO] HTTP Request: GET https://site.api.espn.com/apis/site/v2/sports/basketball/mens-college-basketball/summary?event=401826813 "HTTP/1.1 200 OK"
04:26:23 [INFO] HTTP Request: GET https://site.api.espn.com/apis/site/v2/sports/basketball/mens-college-basketball/summary?event=401813290 "HTTP/1.1 200 OK"
04:26:34 [INFO] HTTP Request: GET https://site.api.espn.com/apis/site/v2/sports/basketball/mens-college-basketball/summary?event=401822738 "HTTP/1.1 200 OK"
04:26:44 [INFO] HTTP Request: GET https://site.api.espn.com/apis/site/v2/sports/basketball/mens-college-basketball/summary?event=401830875 "HTTP/1.1 200 OK"
04:26:55 [INFO] HTTP Request: GET https://site.api.espn.com/apis/site/v2/sports/basketball/mens-college-basketball/summary?event=401830876 "HTTP/1.1 200 OK"
04:27:05 [INFO] HTTP Request: GET https://site.api.espn.com/apis/site/v2/sports/basketball/mens-college-basketball/summary?event=401826835 "HTTP/1.1 200 OK"
04:27:16 [INFO] HTTP Request: GET https://site.api.espn.com/apis/site/v2/sports/basketball/mens-college-basketball/summary?event=401826836 "HTTP/1.1 200 OK"
04:27:26 [INFO] HTTP Request: GET https://site.api.espn.com/apis/site/v2/sports/basketball/mens-college-basketball/summary?event=401812267 "HTTP/1.1 200 OK"
04:27:37 [INFO] HTTP Request: GET https://site.api.espn.com/apis/site/v2/sports/basketball/mens-college-basketball/summary?event=401826057 "HTTP/1.1 200 OK"
04:27:47 [INFO] HTTP Request: GET https://site.api.espn.com/apis/site/v2/sports/basketball/mens-college-basketball/summary?event=401826814 "HTTP/1.1 200 OK"
04:27:58 [INFO] HTTP Request: GET https://site.api.espn.com/apis/site/v2/sports/basketball/mens-college-basketball/summary?event=401828159 "HTTP/1.1 200 OK"
04:28:08 [INFO] HTTP Request: GET https://site.api.espn.com/apis/site/v2/sports/basketball/mens-college-basketball/summary?event=401828166 "HTTP/1.1 200 OK"
04:28:19 [INFO] HTTP Request: GET https://site.api.espn.com/apis/site/v2/sports/basketball/mens-college-basketball/summary?event=401828167 "HTTP/1.1 200 OK"
04:28:29 [INFO] HTTP Request: GET https://site.api.espn.com/apis/site/v2/sports/basketball/mens-college-basketball/summary?event=401828175 "HTTP/1.1 200 OK"
04:28:40 [INFO] HTTP Request: GET https://site.api.espn.com/apis/site/v2/sports/basketball/mens-college-basketball/summary?event=401828184 "HTTP/1.1 200 OK"
04:28:50 [INFO] HTTP Request: GET https://site.api.espn.com/apis/site/v2/sports/basketball/mens-college-basketball/summary?event=401828190 "HTTP/1.1 200 OK"
04:29:01 [INFO] HTTP Request: GET https://site.api.espn.com/apis/site/v2/sports/basketball/mens-college-basketball/summary?event=401828195 "HTTP/1.1 200 OK"
04:29:11 [INFO] HTTP Request: GET https://site.api.espn.com/apis/site/v2/sports/basketball/mens-college-basketball/summary?event=401828201 "HTTP/1.1 200 OK"
04:29:22 [INFO] HTTP Request: GET https://site.api.espn.com/apis/site/v2/sports/basketball/mens-college-basketball/summary?event=401828205 "HTTP/1.1 200 OK"
04:29:32 [INFO] HTTP Request: GET https://site.api.espn.com/apis/site/v2/sports/basketball/mens-college-basketball/summary?event=401828212 "HTTP/1.1 200 OK"
04:29:43 [INFO] HTTP Request: GET https://site.api.espn.com/apis/site/v2/sports/basketball/mens-college-basketball/summary?event=401828218 "HTTP/1.1 200 OK"
04:29:53 [INFO] HTTP Request: GET https://site.api.espn.com/apis/site/v2/sports/basketball/mens-college-basketball/summary?event=401828223 "HTTP/1.1 200 OK"
04:30:04 [INFO] HTTP Request: GET https://site.api.espn.com/apis/site/v2/sports/basketball/mens-college-basketball/summary?event=401828230 "HTTP/1.1 200 OK"
04:30:14 [INFO] HTTP Request: GET https://site.api.espn.com/apis/site/v2/sports/basketball/mens-college-basketball/summary?event=401828237 "HTTP/1.1 200 OK"
04:30:14 [INFO]   Loaded: 27 games, 552 player-game-stat rows
04:30:14 [INFO] 
[8/13] Temple Owls
04:30:14 [INFO] Scraping team: Temple Owls (ESPN #218)
04:30:25 [INFO] HTTP Request: GET https://site.api.espn.com/apis/site/v2/sports/basketball/mens-college-basketball/teams/218/schedule?season=2026 "HTTP/1.1 200 OK"
04:30:25 [INFO]   Schedule: 27 completed games
04:30:35 [INFO] HTTP Request: GET https://site.api.espn.com/apis/site/v2/sports/basketball/mens-college-basketball/summary?event=401826837 "HTTP/1.1 200 OK"
04:30:45 [INFO] HTTP Request: GET https://site.api.espn.com/apis/site/v2/sports/basketball/mens-college-basketball/summary?event=401822178 "HTTP/1.1 200 OK"
04:30:56 [INFO] HTTP Request: GET https://site.api.espn.com/apis/site/v2/sports/basketball/mens-college-basketball/summary?event=401817213 "HTTP/1.1 200 OK"
04:31:06 [INFO] HTTP Request: GET https://site.api.espn.com/apis/site/v2/sports/basketball/mens-college-basketball/summary?event=401826838 "HTTP/1.1 200 OK"
04:31:16 [INFO] HTTP Request: GET https://site.api.espn.com/apis/site/v2/sports/basketball/mens-college-basketball/summary?event=401809394 "HTTP/1.1 200 OK"
04:36:38 [ERROR] Request failed: https://site.api.espn.com/apis/site/v2/sports/basketball/mens-college-basketball/summary — [Errno 8] nodename nor servname provided, or not known
04:36:48 [INFO] HTTP Request: GET https://site.api.espn.com/apis/site/v2/sports/basketball/mens-college-basketball/summary?event=401830894 "HTTP/1.1 200 OK"
04:36:59 [INFO] HTTP Request: GET https://site.api.espn.com/apis/site/v2/sports/basketball/mens-college-basketball/summary?event=401823565 "HTTP/1.1 200 OK"
04:37:10 [INFO] HTTP Request: GET https://site.api.espn.com/apis/site/v2/sports/basketball/mens-college-basketball/summary?event=401831239 "HTTP/1.1 200 OK"
05:10:36 [ERROR] Request failed: https://site.api.espn.com/apis/site/v2/sports/basketball/mens-college-basketball/summary — [Errno 8] nodename nor servname provided, or not known
05:26:42 [ERROR] Request failed: https://site.api.espn.com/apis/site/v2/sports/basketball/mens-college-basketball/summary — [Errno 8] nodename nor servname provided, or not known
05:58:42 [ERROR] Request failed: https://site.api.espn.com/apis/site/v2/sports/basketball/mens-college-basketball/summary — [Errno 8] nodename nor servname provided, or not known
06:30:08 [ERROR] Request failed: https://site.api.espn.com/apis/site/v2/sports/basketball/mens-college-basketball/summary — [Errno 8] nodename nor servname provided, or not known
06:38:04 [INFO] HTTP Request: GET https://site.api.espn.com/apis/site/v2/sports/basketball/mens-college-basketball/summary?event=401828151 "HTTP/1.1 200 OK"
06:38:14 [INFO] HTTP Request: GET https://site.api.espn.com/apis/site/v2/sports/basketball/mens-college-basketball/summary?event=401828158 "HTTP/1.1 200 OK"
06:54:05 [ERROR] Request failed: https://site.api.espn.com/apis/site/v2/sports/basketball/mens-college-basketball/summary — [Errno 8] nodename nor servname provided, or not known
07:26:14 [ERROR] Request failed: https://site.api.espn.com/apis/site/v2/sports/basketball/mens-college-basketball/summary — [Errno 8] nodename nor servname provided, or not known
07:26:24 [INFO] HTTP Request: GET https://site.api.espn.com/apis/site/v2/sports/basketball/mens-college-basketball/summary?event=401828181 "HTTP/1.1 200 OK"
07:26:35 [INFO] HTTP Request: GET https://site.api.espn.com/apis/site/v2/sports/basketball/mens-college-basketball/summary?event=401828188 "HTTP/1.1 200 OK"
07:26:46 [INFO] HTTP Request: GET https://site.api.espn.com/apis/site/v2/sports/basketball/mens-college-basketball/summary?event=401828193 "HTTP/1.1 200 OK"
07:26:56 [INFO] HTTP Request: GET https://site.api.espn.com/apis/site/v2/sports/basketball/mens-college-basketball/summary?event=401828198 "HTTP/1.1 200 OK"
07:27:07 [INFO] HTTP Request: GET https://site.api.espn.com/apis/site/v2/sports/basketball/mens-college-basketball/summary?event=401828205 "HTTP/1.1 200 OK"
07:27:18 [INFO] HTTP Request: GET https://site.api.espn.com/apis/site/v2/sports/basketball/mens-college-basketball/summary?event=401828214 "HTTP/1.1 200 OK"
07:27:29 [INFO] HTTP Request: GET https://site.api.espn.com/apis/site/v2/sports/basketball/mens-college-basketball/summary?event=401828224 "HTTP/1.1 200 OK"
07:27:40 [INFO] HTTP Request: GET https://site.api.espn.com/apis/site/v2/sports/basketball/mens-college-basketball/summary?event=401828231 "HTTP/1.1 200 OK"
07:27:50 [INFO] HTTP Request: GET https://site.api.espn.com/apis/site/v2/sports/basketball/mens-college-basketball/summary?event=401828232 "HTTP/1.1 200 OK"
07:28:01 [INFO] HTTP Request: GET https://site.api.espn.com/apis/site/v2/sports/basketball/mens-college-basketball/summary?event=401828239 "HTTP/1.1 200 OK"
07:28:01 [INFO]   Loaded: 20 games, 392 player-game-stat rows
07:28:01 [INFO] 
[9/13] Tulane Green Wave
07:28:01 [INFO] Scraping team: Tulane Green Wave (ESPN #2655)
07:28:11 [INFO] HTTP Request: GET https://site.api.espn.com/apis/site/v2/sports/basketball/mens-college-basketball/teams/2655/schedule?season=2026 "HTTP/1.1 200 OK"
07:28:11 [INFO]   Schedule: 27 completed games
07:28:22 [INFO] HTTP Request: GET https://site.api.espn.com/apis/site/v2/sports/basketball/mens-college-basketball/summary?event=401826842 "HTTP/1.1 200 OK"
07:28:35 [INFO] HTTP Request: GET https://site.api.espn.com/apis/site/v2/sports/basketball/mens-college-basketball/summary?event=401826843 "HTTP/1.1 200 OK"
07:28:45 [INFO] HTTP Request: GET https://site.api.espn.com/apis/site/v2/sports/basketball/mens-college-basketball/summary?event=401826844 "HTTP/1.1 200 OK"
07:28:56 [INFO] HTTP Request: GET https://site.api.espn.com/apis/site/v2/sports/basketball/mens-college-basketball/summary?event=401808893 "HTTP/1.1 200 OK"
07:29:06 [INFO] HTTP Request: GET https://site.api.espn.com/apis/site/v2/sports/basketball/mens-college-basketball/summary?event=401809310 "HTTP/1.1 200 OK"
07:29:16 [INFO] HTTP Request: GET https://site.api.espn.com/apis/site/v2/sports/basketball/mens-college-basketball/summary?event=401831228 "HTTP/1.1 200 OK"
07:29:27 [INFO] HTTP Request: GET https://site.api.espn.com/apis/site/v2/sports/basketball/mens-college-basketball/summary?event=401826748 "HTTP/1.1 200 OK"
07:29:37 [INFO] HTTP Request: GET https://site.api.espn.com/apis/site/v2/sports/basketball/mens-college-basketball/summary?event=401826845 "HTTP/1.1 200 OK"
07:29:48 [INFO] HTTP Request: GET https://site.api.espn.com/apis/site/v2/sports/basketball/mens-college-basketball/summary?event=401820601 "HTTP/1.1 200 OK"
07:29:58 [INFO] HTTP Request: GET https://site.api.espn.com/apis/site/v2/sports/basketball/mens-college-basketball/summary?event=401826846 "HTTP/1.1 200 OK"
07:30:09 [INFO] HTTP Request: GET https://site.api.espn.com/apis/site/v2/sports/basketball/mens-college-basketball/summary?event=401826847 "HTTP/1.1 200 OK"
07:30:19 [INFO] HTTP Request: GET https://site.api.espn.com/apis/site/v2/sports/basketball/mens-college-basketball/summary?event=401826848 "HTTP/1.1 200 OK"
07:30:30 [INFO] HTTP Request: GET https://site.api.espn.com/apis/site/v2/sports/basketball/mens-college-basketball/summary?event=401826849 "HTTP/1.1 200 OK"
07:30:40 [INFO] HTTP Request: GET https://site.api.espn.com/apis/site/v2/sports/basketball/mens-college-basketball/summary?event=401828152 "HTTP/1.1 200 OK"
07:30:51 [INFO] HTTP Request: GET https://site.api.espn.com/apis/site/v2/sports/basketball/mens-college-basketball/summary?event=401828160 "HTTP/1.1 200 OK"
07:31:01 [INFO] HTTP Request: GET https://site.api.espn.com/apis/site/v2/sports/basketball/mens-college-basketball/summary?event=401828168 "HTTP/1.1 200 OK"
07:31:12 [INFO] HTTP Request: GET https://site.api.espn.com/apis/site/v2/sports/basketball/mens-college-basketball/summary?event=401828173 "HTTP/1.1 200 OK"
07:31:23 [INFO] HTTP Request: GET https://site.api.espn.com/apis/site/v2/sports/basketball/mens-college-basketball/summary?event=401828183 "HTTP/1.1 200 OK"
07:31:33 [INFO] HTTP Request: GET https://site.api.espn.com/apis/site/v2/sports/basketball/mens-college-basketball/summary?event=401828186 "HTTP/1.1 200 OK"
07:31:44 [INFO] HTTP Request: GET https://site.api.espn.com/apis/site/v2/sports/basketball/mens-college-basketball/summary?event=401828194 "HTTP/1.1 200 OK"
07:31:54 [INFO] HTTP Request: GET https://site.api.espn.com/apis/site/v2/sports/basketball/mens-college-basketball/summary?event=401828201 "HTTP/1.1 200 OK"
07:32:05 [INFO] HTTP Request: GET https://site.api.espn.com/apis/site/v2/sports/basketball/mens-college-basketball/summary?event=401828207 "HTTP/1.1 200 OK"
07:32:16 [INFO] HTTP Request: GET https://site.api.espn.com/apis/site/v2/sports/basketball/mens-college-basketball/summary?event=401828219 "HTTP/1.1 200 OK"
07:32:26 [INFO] HTTP Request: GET https://site.api.espn.com/apis/site/v2/sports/basketball/mens-college-basketball/summary?event=401828224 "HTTP/1.1 200 OK"
07:32:37 [INFO] HTTP Request: GET https://site.api.espn.com/apis/site/v2/sports/basketball/mens-college-basketball/summary?event=401828228 "HTTP/1.1 200 OK"
07:32:47 [INFO] HTTP Request: GET https://site.api.espn.com/apis/site/v2/sports/basketball/mens-college-basketball/summary?event=401828236 "HTTP/1.1 200 OK"
07:32:57 [INFO] HTTP Request: GET https://site.api.espn.com/apis/site/v2/sports/basketball/mens-college-basketball/summary?event=401828242 "HTTP/1.1 200 OK"
07:32:58 [INFO]   Loaded: 27 games, 518 player-game-stat rows
07:32:58 [INFO] 
[10/13] Tulsa Golden Hurricane
07:32:58 [INFO] Scraping team: Tulsa Golden Hurricane (ESPN #202)
07:33:08 [INFO] HTTP Request: GET https://site.api.espn.com/apis/site/v2/sports/basketball/mens-college-basketball/teams/202/schedule?season=2026 "HTTP/1.1 200 OK"
07:33:08 [INFO]   Schedule: 28 completed games
07:33:19 [INFO] HTTP Request: GET https://site.api.espn.com/apis/site/v2/sports/basketball/mens-college-basketball/summary?event=401828281 "HTTP/1.1 200 OK"
07:33:29 [INFO] HTTP Request: GET https://site.api.espn.com/apis/site/v2/sports/basketball/mens-college-basketball/summary?event=401817164 "HTTP/1.1 200 OK"
07:33:40 [INFO] HTTP Request: GET https://site.api.espn.com/apis/site/v2/sports/basketball/mens-college-basketball/summary?event=401828282 "HTTP/1.1 200 OK"
07:33:51 [INFO] HTTP Request: GET https://site.api.espn.com/apis/site/v2/sports/basketball/mens-college-basketball/summary?event=401819890 "HTTP/1.1 200 OK"
07:34:01 [INFO] HTTP Request: GET https://site.api.espn.com/apis/site/v2/sports/basketball/mens-college-basketball/summary?event=401828283 "HTTP/1.1 200 OK"
07:34:12 [INFO] HTTP Request: GET https://site.api.espn.com/apis/site/v2/sports/basketball/mens-college-basketball/summary?event=401828284 "HTTP/1.1 200 OK"
07:34:22 [INFO] HTTP Request: GET https://site.api.espn.com/apis/site/v2/sports/basketball/mens-college-basketball/summary?event=401830747 "HTTP/1.1 200 OK"
07:34:33 [INFO] HTTP Request: GET https://site.api.espn.com/apis/site/v2/sports/basketball/mens-college-basketball/summary?event=401828285 "HTTP/1.1 200 OK"
07:34:43 [INFO] HTTP Request: GET https://site.api.espn.com/apis/site/v2/sports/basketball/mens-college-basketball/summary?event=401823327 "HTTP/1.1 200 OK"
07:34:54 [INFO] HTTP Request: GET https://site.api.espn.com/apis/site/v2/sports/basketball/mens-college-basketball/summary?event=401827133 "HTTP/1.1 200 OK"
07:35:04 [INFO] HTTP Request: GET https://site.api.espn.com/apis/site/v2/sports/basketball/mens-college-basketball/summary?event=401828286 "HTTP/1.1 200 OK"
07:35:15 [INFO] HTTP Request: GET https://site.api.espn.com/apis/site/v2/sports/basketball/mens-college-basketball/summary?event=401823366 "HTTP/1.1 200 OK"
07:35:25 [INFO] HTTP Request: GET https://site.api.espn.com/apis/site/v2/sports/basketball/mens-college-basketball/summary?event=401826745 "HTTP/1.1 200 OK"
07:35:35 [INFO] HTTP Request: GET https://site.api.espn.com/apis/site/v2/sports/basketball/mens-college-basketball/summary?event=401828155 "HTTP/1.1 200 OK"
07:35:46 [INFO] HTTP Request: GET https://site.api.espn.com/apis/site/v2/sports/basketball/mens-college-basketball/summary?event=401828161 "HTTP/1.1 200 OK"
07:35:56 [INFO] HTTP Request: GET https://site.api.espn.com/apis/site/v2/sports/basketball/mens-college-basketball/summary?event=401828167 "HTTP/1.1 200 OK"
07:36:06 [INFO] HTTP Request: GET https://site.api.espn.com/apis/site/v2/sports/basketball/mens-college-basketball/summary?event=401828174 "HTTP/1.1 200 OK"
07:36:17 [INFO] HTTP Request: GET https://site.api.espn.com/apis/site/v2/sports/basketball/mens-college-basketball/summary?event=401828179 "HTTP/1.1 200 OK"
07:36:27 [INFO] HTTP Request: GET https://site.api.espn.com/apis/site/v2/sports/basketball/mens-college-basketball/summary?event=401828187 "HTTP/1.1 200 OK"
07:36:38 [INFO] HTTP Request: GET https://site.api.espn.com/apis/site/v2/sports/basketball/mens-college-basketball/summary?event=401828196 "HTTP/1.1 200 OK"
07:36:48 [INFO] HTTP Request: GET https://site.api.espn.com/apis/site/v2/sports/basketball/mens-college-basketball/summary?event=401828200 "HTTP/1.1 200 OK"
07:36:58 [INFO] HTTP Request: GET https://site.api.espn.com/apis/site/v2/sports/basketball/mens-college-basketball/summary?event=401828208 "HTTP/1.1 200 OK"
07:37:09 [INFO] HTTP Request: GET https://site.api.espn.com/apis/site/v2/sports/basketball/mens-college-basketball/summary?event=401828210 "HTTP/1.1 200 OK"
07:37:19 [INFO] HTTP Request: GET https://site.api.espn.com/apis/site/v2/sports/basketball/mens-college-basketball/summary?event=401828218 "HTTP/1.1 200 OK"
07:37:30 [INFO] HTTP Request: GET https://site.api.espn.com/apis/site/v2/sports/basketball/mens-college-basketball/summary?event=401828220 "HTTP/1.1 200 OK"
07:37:40 [INFO] HTTP Request: GET https://site.api.espn.com/apis/site/v2/sports/basketball/mens-college-basketball/summary?event=401828227 "HTTP/1.1 200 OK"
07:37:51 [INFO] HTTP Request: GET https://site.api.espn.com/apis/site/v2/sports/basketball/mens-college-basketball/summary?event=401828233 "HTTP/1.1 200 OK"
07:38:01 [INFO] HTTP Request: GET https://site.api.espn.com/apis/site/v2/sports/basketball/mens-college-basketball/summary?event=401828243 "HTTP/1.1 200 OK"
07:38:01 [INFO]   Loaded: 28 games, 574 player-game-stat rows
07:38:01 [INFO] 
[11/13] UAB Blazers
07:38:01 [INFO] Scraping team: UAB Blazers (ESPN #5)
07:38:12 [INFO] HTTP Request: GET https://site.api.espn.com/apis/site/v2/sports/basketball/mens-college-basketball/teams/5/schedule?season=2026 "HTTP/1.1 200 OK"
07:38:12 [INFO]   Schedule: 28 completed games
07:38:22 [INFO] HTTP Request: GET https://site.api.espn.com/apis/site/v2/sports/basketball/mens-college-basketball/summary?event=401826850 "HTTP/1.1 200 OK"
07:38:32 [INFO] HTTP Request: GET https://site.api.espn.com/apis/site/v2/sports/basketball/mens-college-basketball/summary?event=401817253 "HTTP/1.1 200 OK"
07:38:43 [INFO] HTTP Request: GET https://site.api.espn.com/apis/site/v2/sports/basketball/mens-college-basketball/summary?event=401826851 "HTTP/1.1 200 OK"
07:38:53 [INFO] HTTP Request: GET https://site.api.espn.com/apis/site/v2/sports/basketball/mens-college-basketball/summary?event=401826852 "HTTP/1.1 200 OK"
07:39:04 [INFO] HTTP Request: GET https://site.api.espn.com/apis/site/v2/sports/basketball/mens-college-basketball/summary?event=401826853 "HTTP/1.1 200 OK"
07:39:15 [INFO] HTTP Request: GET https://site.api.espn.com/apis/site/v2/sports/basketball/mens-college-basketball/summary?event=401826854 "HTTP/1.1 200 OK"
07:39:25 [INFO] HTTP Request: GET https://site.api.espn.com/apis/site/v2/sports/basketball/mens-college-basketball/summary?event=401827731 "HTTP/1.1 200 OK"
07:39:36 [INFO] HTTP Request: GET https://site.api.espn.com/apis/site/v2/sports/basketball/mens-college-basketball/summary?event=401827732 "HTTP/1.1 200 OK"
07:39:47 [INFO] HTTP Request: GET https://site.api.espn.com/apis/site/v2/sports/basketball/mens-college-basketball/summary?event=401822998 "HTTP/1.1 200 OK"
07:39:57 [INFO] HTTP Request: GET https://site.api.espn.com/apis/site/v2/sports/basketball/mens-college-basketball/summary?event=401826875 "HTTP/1.1 200 OK"
07:40:08 [INFO] HTTP Request: GET https://site.api.espn.com/apis/site/v2/sports/basketball/mens-college-basketball/summary?event=401826876 "HTTP/1.1 200 OK"
07:40:18 [INFO] HTTP Request: GET https://site.api.espn.com/apis/site/v2/sports/basketball/mens-college-basketball/summary?event=401826877 "HTTP/1.1 200 OK"
07:40:28 [INFO] HTTP Request: GET https://site.api.espn.com/apis/site/v2/sports/basketball/mens-college-basketball/summary?event=401826878 "HTTP/1.1 200 OK"
07:40:38 [INFO] HTTP Request: GET https://site.api.espn.com/apis/site/v2/sports/basketball/mens-college-basketball/summary?event=401828150 "HTTP/1.1 200 OK"
07:40:49 [INFO] HTTP Request: GET https://site.api.espn.com/apis/site/v2/sports/basketball/mens-college-basketball/summary?event=401828159 "HTTP/1.1 200 OK"
07:40:59 [INFO] HTTP Request: GET https://site.api.espn.com/apis/site/v2/sports/basketball/mens-college-basketball/summary?event=401828162 "HTTP/1.1 200 OK"
07:41:10 [INFO] HTTP Request: GET https://site.api.espn.com/apis/site/v2/sports/basketball/mens-college-basketball/summary?event=401828169 "HTTP/1.1 200 OK"
07:41:20 [INFO] HTTP Request: GET https://site.api.espn.com/apis/site/v2/sports/basketball/mens-college-basketball/summary?event=401828173 "HTTP/1.1 200 OK"
07:41:30 [INFO] HTTP Request: GET https://site.api.espn.com/apis/site/v2/sports/basketball/mens-college-basketball/summary?event=401828179 "HTTP/1.1 200 OK"
07:41:41 [INFO] HTTP Request: GET https://site.api.espn.com/apis/site/v2/sports/basketball/mens-college-basketball/summary?event=401828190 "HTTP/1.1 200 OK"
07:41:51 [INFO] HTTP Request: GET https://site.api.espn.com/apis/site/v2/sports/basketball/mens-college-basketball/summary?event=401828197 "HTTP/1.1 200 OK"
07:42:02 [INFO] HTTP Request: GET https://site.api.espn.com/apis/site/v2/sports/basketball/mens-college-basketball/summary?event=401828203 "HTTP/1.1 200 OK"
07:42:12 [INFO] HTTP Request: GET https://site.api.espn.com/apis/site/v2/sports/basketball/mens-college-basketball/summary?event=401828213 "HTTP/1.1 200 OK"
07:42:23 [INFO] HTTP Request: GET https://site.api.espn.com/apis/site/v2/sports/basketball/mens-college-basketball/summary?event=401828216 "HTTP/1.1 200 OK"
07:42:33 [INFO] HTTP Request: GET https://site.api.espn.com/apis/site/v2/sports/basketball/mens-college-basketball/summary?event=401828220 "HTTP/1.1 200 OK"
07:42:44 [INFO] HTTP Request: GET https://site.api.espn.com/apis/site/v2/sports/basketball/mens-college-basketball/summary?event=401828228 "HTTP/1.1 200 OK"
07:42:54 [INFO] HTTP Request: GET https://site.api.espn.com/apis/site/v2/sports/basketball/mens-college-basketball/summary?event=401828232 "HTTP/1.1 200 OK"
07:43:04 [INFO] HTTP Request: GET https://site.api.espn.com/apis/site/v2/sports/basketball/mens-college-basketball/summary?event=401828240 "HTTP/1.1 200 OK"
07:43:04 [INFO]   Loaded: 28 games, 542 player-game-stat rows
07:43:04 [INFO] 
[12/13] UTSA Roadrunners
07:43:04 [INFO] Scraping team: UTSA Roadrunners (ESPN #2636)
07:43:15 [INFO] HTTP Request: GET https://site.api.espn.com/apis/site/v2/sports/basketball/mens-college-basketball/teams/2636/schedule?season=2026 "HTTP/1.1 200 OK"
07:43:15 [INFO]   Schedule: 27 completed games
07:43:25 [INFO] HTTP Request: GET https://site.api.espn.com/apis/site/v2/sports/basketball/mens-college-basketball/summary?event=401831374 "HTTP/1.1 200 OK"
07:43:35 [INFO] HTTP Request: GET https://site.api.espn.com/apis/site/v2/sports/basketball/mens-college-basketball/summary?event=401829342 "HTTP/1.1 200 OK"
08:00:31 [ERROR] Request failed: https://site.api.espn.com/apis/site/v2/sports/basketball/mens-college-basketball/summary — [Errno 8] nodename nor servname provided, or not known
08:10:46 [ERROR] Request failed: https://site.api.espn.com/apis/site/v2/sports/basketball/mens-college-basketball/summary — [Errno 8] nodename nor servname provided, or not known
08:10:57 [INFO] HTTP Request: GET https://site.api.espn.com/apis/site/v2/sports/basketball/mens-college-basketball/summary?event=401831375 "HTTP/1.1 200 OK"
08:11:07 [INFO] HTTP Request: GET https://site.api.espn.com/apis/site/v2/sports/basketball/mens-college-basketball/summary?event=401830347 "HTTP/1.1 200 OK"
08:11:17 [INFO] HTTP Request: GET https://site.api.espn.com/apis/site/v2/sports/basketball/mens-college-basketball/summary?event=401829491 "HTTP/1.1 200 OK"
08:11:28 [INFO] HTTP Request: GET https://site.api.espn.com/apis/site/v2/sports/basketball/mens-college-basketball/summary?event=401831376 "HTTP/1.1 200 OK"
08:11:38 [INFO] HTTP Request: GET https://site.api.espn.com/apis/site/v2/sports/basketball/mens-college-basketball/summary?event=401812265 "HTTP/1.1 200 OK"
08:11:49 [INFO] HTTP Request: GET https://site.api.espn.com/apis/site/v2/sports/basketball/mens-college-basketball/summary?event=401819868 "HTTP/1.1 200 OK"
08:11:59 [INFO] HTTP Request: GET https://site.api.espn.com/apis/site/v2/sports/basketball/mens-college-basketball/summary?event=401827440 "HTTP/1.1 200 OK"
08:12:09 [INFO] HTTP Request: GET https://site.api.espn.com/apis/site/v2/sports/basketball/mens-college-basketball/summary?event=401824133 "HTTP/1.1 200 OK"
08:12:20 [INFO] HTTP Request: GET https://site.api.espn.com/apis/site/v2/sports/basketball/mens-college-basketball/summary?event=401828153 "HTTP/1.1 200 OK"
08:12:30 [INFO] HTTP Request: GET https://site.api.espn.com/apis/site/v2/sports/basketball/mens-college-basketball/summary?event=401828158 "HTTP/1.1 200 OK"
08:12:40 [INFO] HTTP Request: GET https://site.api.espn.com/apis/site/v2/sports/basketball/mens-college-basketball/summary?event=401828163 "HTTP/1.1 200 OK"
08:12:51 [INFO] HTTP Request: GET https://site.api.espn.com/apis/site/v2/sports/basketball/mens-college-basketball/summary?event=401828168 "HTTP/1.1 200 OK"
08:13:01 [INFO] HTTP Request: GET https://site.api.espn.com/apis/site/v2/sports/basketball/mens-college-basketball/summary?event=401828177 "HTTP/1.1 200 OK"
08:13:11 [INFO] HTTP Request: GET https://site.api.espn.com/apis/site/v2/sports/basketball/mens-college-basketball/summary?event=401828182 "HTTP/1.1 200 OK"
08:13:21 [INFO] HTTP Request: GET https://site.api.espn.com/apis/site/v2/sports/basketball/mens-college-basketball/summary?event=401828189 "HTTP/1.1 200 OK"
08:13:32 [INFO] HTTP Request: GET https://site.api.espn.com/apis/site/v2/sports/basketball/mens-college-basketball/summary?event=401828193 "HTTP/1.1 200 OK"
08:13:42 [INFO] HTTP Request: GET https://site.api.espn.com/apis/site/v2/sports/basketball/mens-college-basketball/summary?event=401828197 "HTTP/1.1 200 OK"
08:13:52 [INFO] HTTP Request: GET https://site.api.espn.com/apis/site/v2/sports/basketball/mens-college-basketball/summary?event=401828212 "HTTP/1.1 200 OK"
08:14:03 [INFO] HTTP Request: GET https://site.api.espn.com/apis/site/v2/sports/basketball/mens-college-basketball/summary?event=401828215 "HTTP/1.1 200 OK"
08:14:13 [INFO] HTTP Request: GET https://site.api.espn.com/apis/site/v2/sports/basketball/mens-college-basketball/summary?event=401828221 "HTTP/1.1 200 OK"
08:14:23 [INFO] HTTP Request: GET https://site.api.espn.com/apis/site/v2/sports/basketball/mens-college-basketball/summary?event=401828229 "HTTP/1.1 200 OK"
08:14:34 [INFO] HTTP Request: GET https://site.api.espn.com/apis/site/v2/sports/basketball/mens-college-basketball/summary?event=401828235 "HTTP/1.1 200 OK"
08:14:44 [INFO] HTTP Request: GET https://site.api.espn.com/apis/site/v2/sports/basketball/mens-college-basketball/summary?event=401828243 "HTTP/1.1 200 OK"
08:14:44 [INFO]   Loaded: 25 games, 506 player-game-stat rows
08:14:44 [INFO] 
[13/13] Wichita State Shockers
08:14:44 [INFO] Scraping team: Wichita State Shockers (ESPN #2724)
08:14:55 [INFO] HTTP Request: GET https://site.api.espn.com/apis/site/v2/sports/basketball/mens-college-basketball/teams/2724/schedule?season=2026 "HTTP/1.1 200 OK"
08:14:55 [INFO]   Schedule: 28 completed games
08:15:05 [INFO] HTTP Request: GET https://site.api.espn.com/apis/site/v2/sports/basketball/mens-college-basketball/summary?event=401826879 "HTTP/1.1 200 OK"
08:15:16 [INFO] HTTP Request: GET https://site.api.espn.com/apis/site/v2/sports/basketball/mens-college-basketball/summary?event=401826880 "HTTP/1.1 200 OK"
08:15:26 [INFO] HTTP Request: GET https://site.api.espn.com/apis/site/v2/sports/basketball/mens-college-basketball/summary?event=401817155 "HTTP/1.1 200 OK"
08:15:37 [INFO] HTTP Request: GET https://site.api.espn.com/apis/site/v2/sports/basketball/mens-college-basketball/summary?event=401823817 "HTTP/1.1 200 OK"
08:15:47 [INFO] HTTP Request: GET https://site.api.espn.com/apis/site/v2/sports/basketball/mens-college-basketball/summary?event=401822312 "HTTP/1.1 200 OK"
08:15:57 [INFO] HTTP Request: GET https://site.api.espn.com/apis/site/v2/sports/basketball/mens-college-basketball/summary?event=401826881 "HTTP/1.1 200 OK"
08:16:07 [INFO] HTTP Request: GET https://site.api.espn.com/apis/site/v2/sports/basketball/mens-college-basketball/summary?event=401830754 "HTTP/1.1 200 OK"
08:16:18 [INFO] HTTP Request: GET https://site.api.espn.com/apis/site/v2/sports/basketball/mens-college-basketball/summary?event=401830877 "HTTP/1.1 200 OK"
08:16:29 [INFO] HTTP Request: GET https://site.api.espn.com/apis/site/v2/sports/basketball/mens-college-basketball/summary?event=401826882 "HTTP/1.1 200 OK"
08:16:39 [INFO] HTTP Request: GET https://site.api.espn.com/apis/site/v2/sports/basketball/mens-college-basketball/summary?event=401820547 "HTTP/1.1 200 OK"
08:16:49 [INFO] HTTP Request: GET https://site.api.espn.com/apis/site/v2/sports/basketball/mens-college-basketball/summary?event=401825575 "HTTP/1.1 200 OK"
08:16:59 [INFO] HTTP Request: GET https://site.api.espn.com/apis/site/v2/sports/basketball/mens-college-basketball/summary?event=401826883 "HTTP/1.1 200 OK"
08:17:10 [INFO] HTTP Request: GET https://site.api.espn.com/apis/site/v2/sports/basketball/mens-college-basketball/summary?event=401826884 "HTTP/1.1 200 OK"
08:17:20 [INFO] HTTP Request: GET https://site.api.espn.com/apis/site/v2/sports/basketball/mens-college-basketball/summary?event=401828150 "HTTP/1.1 200 OK"
08:17:30 [INFO] HTTP Request: GET https://site.api.espn.com/apis/site/v2/sports/basketball/mens-college-basketball/summary?event=401828156 "HTTP/1.1 200 OK"
08:17:41 [INFO] HTTP Request: GET https://site.api.espn.com/apis/site/v2/sports/basketball/mens-college-basketball/summary?event=401828165 "HTTP/1.1 200 OK"
08:17:51 [INFO] HTTP Request: GET https://site.api.espn.com/apis/site/v2/sports/basketball/mens-college-basketball/summary?event=401828172 "HTTP/1.1 200 OK"
08:18:02 [INFO] HTTP Request: GET https://site.api.espn.com/apis/site/v2/sports/basketball/mens-college-basketball/summary?event=401828178 "HTTP/1.1 200 OK"
08:18:12 [INFO] HTTP Request: GET https://site.api.espn.com/apis/site/v2/sports/basketball/mens-college-basketball/summary?event=401828184 "HTTP/1.1 200 OK"
08:18:23 [INFO] HTTP Request: GET https://site.api.espn.com/apis/site/v2/sports/basketball/mens-college-basketball/summary?event=401828185 "HTTP/1.1 200 OK"
08:18:33 [INFO] HTTP Request: GET https://site.api.espn.com/apis/site/v2/sports/basketball/mens-college-basketball/summary?event=401828192 "HTTP/1.1 200 OK"
08:18:43 [INFO] HTTP Request: GET https://site.api.espn.com/apis/site/v2/sports/basketball/mens-college-basketball/summary?event=401828208 "HTTP/1.1 200 OK"
08:18:53 [INFO] HTTP Request: GET https://site.api.espn.com/apis/site/v2/sports/basketball/mens-college-basketball/summary?event=401828209 "HTTP/1.1 200 OK"
08:19:04 [INFO] HTTP Request: GET https://site.api.espn.com/apis/site/v2/sports/basketball/mens-college-basketball/summary?event=401828219 "HTTP/1.1 200 OK"
08:19:14 [INFO] HTTP Request: GET https://site.api.espn.com/apis/site/v2/sports/basketball/mens-college-basketball/summary?event=401828223 "HTTP/1.1 200 OK"
08:19:25 [INFO] HTTP Request: GET https://site.api.espn.com/apis/site/v2/sports/basketball/mens-college-basketball/summary?event=401828227 "HTTP/1.1 200 OK"
08:19:35 [INFO] HTTP Request: GET https://site.api.espn.com/apis/site/v2/sports/basketball/mens-college-basketball/summary?event=401828234 "HTTP/1.1 200 OK"
08:19:46 [INFO] HTTP Request: GET https://site.api.espn.com/apis/site/v2/sports/basketball/mens-college-basketball/summary?event=401828239 "HTTP/1.1 200 OK"
08:19:46 [INFO]   Loaded: 28 games, 570 player-game-stat rows
08:19:46 [INFO] 
============================================================
08:19:46 [INFO]   BATCH COMPLETE: 13 teams, 347 games, 7045 PGS rows
08:19:46 [INFO] ============================================================

============================================================
  ESPN BATCH — FINAL SUMMARY
============================================================
  Total teams:                718
  Total players:              7906
  Total games:                2218
  Total player_game_stats:    56940
============================================================
