18:18:58 [INFO] Batch: 18 NCAA D1 teams via ESPN
18:18:58 [INFO] 
[1/18] Illinois Fighting Illini
18:18:58 [INFO] Scraping team: Illinois Fighting Illini (ESPN #356)
18:18:58 [INFO] HTTP Request: GET https://site.api.espn.com/apis/site/v2/sports/basketball/mens-college-basketball/teams/356/schedule?season=2026 "HTTP/1.1 200 OK"
18:18:58 [INFO]   Schedule: 28 completed games
18:19:08 [INFO] HTTP Request: GET https://site.api.espn.com/apis/site/v2/sports/basketball/mens-college-basketball/summary?event=401827170 "HTTP/1.1 200 OK"
18:19:19 [INFO] HTTP Request: GET https://site.api.espn.com/apis/site/v2/sports/basketball/mens-college-basketball/summary?event=401823225 "HTTP/1.1 200 OK"
18:19:29 [INFO] HTTP Request: GET https://site.api.espn.com/apis/site/v2/sports/basketball/mens-college-basketball/summary?event=401811097 "HTTP/1.1 200 OK"
18:19:39 [INFO] HTTP Request: GET https://site.api.espn.com/apis/site/v2/sports/basketball/mens-college-basketball/summary?event=401827180 "HTTP/1.1 200 OK"
18:19:50 [INFO] HTTP Request: GET https://site.api.espn.com/apis/site/v2/sports/basketball/mens-college-basketball/summary?event=401811098 "HTTP/1.1 200 OK"
18:20:00 [INFO] HTTP Request: GET https://site.api.espn.com/apis/site/v2/sports/basketball/mens-college-basketball/summary?event=401812356 "HTTP/1.1 200 OK"
18:20:10 [INFO] HTTP Request: GET https://site.api.espn.com/apis/site/v2/sports/basketball/mens-college-basketball/summary?event=401827181 "HTTP/1.1 200 OK"
18:20:21 [INFO] HTTP Request: GET https://site.api.espn.com/apis/site/v2/sports/basketball/mens-college-basketball/summary?event=401811096 "HTTP/1.1 200 OK"
18:20:31 [INFO] HTTP Request: GET https://site.api.espn.com/apis/site/v2/sports/basketball/mens-college-basketball/summary?event=401811099 "HTTP/1.1 200 OK"
18:20:41 [INFO] HTTP Request: GET https://site.api.espn.com/apis/site/v2/sports/basketball/mens-college-basketball/summary?event=401825404 "HTTP/1.1 200 OK"
18:20:52 [INFO] HTTP Request: GET https://site.api.espn.com/apis/site/v2/sports/basketball/mens-college-basketball/summary?event=401825407 "HTTP/1.1 200 OK"
18:21:02 [INFO] HTTP Request: GET https://site.api.espn.com/apis/site/v2/sports/basketball/mens-college-basketball/summary?event=401811100 "HTTP/1.1 200 OK"
18:21:12 [INFO] HTTP Request: GET https://site.api.espn.com/apis/site/v2/sports/basketball/mens-college-basketball/summary?event=401827020 "HTTP/1.1 200 OK"
18:21:23 [INFO] HTTP Request: GET https://site.api.espn.com/apis/site/v2/sports/basketball/mens-college-basketball/summary?event=401825416 "HTTP/1.1 200 OK"
18:21:34 [INFO] HTTP Request: GET https://site.api.espn.com/apis/site/v2/sports/basketball/mens-college-basketball/summary?event=401825427 "HTTP/1.1 200 OK"
18:21:44 [INFO] HTTP Request: GET https://site.api.espn.com/apis/site/v2/sports/basketball/mens-college-basketball/summary?event=401825435 "HTTP/1.1 200 OK"
18:21:54 [INFO] HTTP Request: GET https://site.api.espn.com/apis/site/v2/sports/basketball/mens-college-basketball/summary?event=401825442 "HTTP/1.1 200 OK"
18:22:05 [INFO] HTTP Request: GET https://site.api.espn.com/apis/site/v2/sports/basketball/mens-college-basketball/summary?event=401825446 "HTTP/1.1 200 OK"
18:22:15 [INFO] HTTP Request: GET https://site.api.espn.com/apis/site/v2/sports/basketball/mens-college-basketball/summary?event=401825460 "HTTP/1.1 200 OK"
18:22:25 [INFO] HTTP Request: GET https://site.api.espn.com/apis/site/v2/sports/basketball/mens-college-basketball/summary?event=401825468 "HTTP/1.1 200 OK"
18:22:36 [INFO] HTTP Request: GET https://site.api.espn.com/apis/site/v2/sports/basketball/mens-college-basketball/summary?event=401825479 "HTTP/1.1 200 OK"
18:22:46 [INFO] HTTP Request: GET https://site.api.espn.com/apis/site/v2/sports/basketball/mens-college-basketball/summary?event=401825487 "HTTP/1.1 200 OK"
18:22:56 [INFO] HTTP Request: GET https://site.api.espn.com/apis/site/v2/sports/basketball/mens-college-basketball/summary?event=401825492 "HTTP/1.1 200 OK"
18:23:07 [INFO] HTTP Request: GET https://site.api.espn.com/apis/site/v2/sports/basketball/mens-college-basketball/summary?event=401830778 "HTTP/1.1 200 OK"
18:23:17 [INFO] HTTP Request: GET https://site.api.espn.com/apis/site/v2/sports/basketball/mens-college-basketball/summary?event=401825506 "HTTP/1.1 200 OK"
18:23:27 [INFO] HTTP Request: GET https://site.api.espn.com/apis/site/v2/sports/basketball/mens-college-basketball/summary?event=401825518 "HTTP/1.1 200 OK"
18:23:38 [INFO] HTTP Request: GET https://site.api.espn.com/apis/site/v2/sports/basketball/mens-college-basketball/summary?event=401825527 "HTTP/1.1 200 OK"
18:23:48 [INFO] HTTP Request: GET https://site.api.espn.com/apis/site/v2/sports/basketball/mens-college-basketball/summary?event=401825532 "HTTP/1.1 200 OK"
18:23:48 [INFO]   Loaded: 28 games, 545 player-game-stat rows
18:23:48 [INFO] 
[2/18] Indiana Hoosiers
18:23:48 [INFO] Scraping team: Indiana Hoosiers (ESPN #84)
18:23:58 [INFO] HTTP Request: GET https://site.api.espn.com/apis/site/v2/sports/basketball/mens-college-basketball/teams/84/schedule?season=2026 "HTTP/1.1 200 OK"
18:23:58 [INFO]   Schedule: 28 completed games
18:24:09 [INFO] HTTP Request: GET https://site.api.espn.com/apis/site/v2/sports/basketball/mens-college-basketball/summary?event=401827172 "HTTP/1.1 200 OK"
18:24:19 [INFO] HTTP Request: GET https://site.api.espn.com/apis/site/v2/sports/basketball/mens-college-basketball/summary?event=401823022 "HTTP/1.1 200 OK"
18:24:30 [INFO] HTTP Request: GET https://site.api.espn.com/apis/site/v2/sports/basketball/mens-college-basketball/summary?event=401822311 "HTTP/1.1 200 OK"
18:24:40 [INFO] HTTP Request: GET https://site.api.espn.com/apis/site/v2/sports/basketball/mens-college-basketball/summary?event=401827189 "HTTP/1.1 200 OK"
18:24:51 [INFO] HTTP Request: GET https://site.api.espn.com/apis/site/v2/sports/basketball/mens-college-basketball/summary?event=401822399 "HTTP/1.1 200 OK"
18:25:01 [INFO] HTTP Request: GET https://site.api.espn.com/apis/site/v2/sports/basketball/mens-college-basketball/summary?event=401819892 "HTTP/1.1 200 OK"
18:25:12 [INFO] HTTP Request: GET https://site.api.espn.com/apis/site/v2/sports/basketball/mens-college-basketball/summary?event=401827111 "HTTP/1.1 200 OK"
18:25:23 [INFO] HTTP Request: GET https://site.api.espn.com/apis/site/v2/sports/basketball/mens-college-basketball/summary?event=401825395 "HTTP/1.1 200 OK"
18:25:33 [INFO] HTTP Request: GET https://site.api.espn.com/apis/site/v2/sports/basketball/mens-college-basketball/summary?event=401817246 "HTTP/1.1 200 OK"
18:25:43 [INFO] HTTP Request: GET https://site.api.espn.com/apis/site/v2/sports/basketball/mens-college-basketball/summary?event=401825403 "HTTP/1.1 200 OK"
18:25:53 [INFO] HTTP Request: GET https://site.api.espn.com/apis/site/v2/sports/basketball/mens-college-basketball/summary?event=401827208 "HTTP/1.1 200 OK"
18:26:03 [INFO] HTTP Request: GET https://site.api.espn.com/apis/site/v2/sports/basketball/mens-college-basketball/summary?event=401822347 "HTTP/1.1 200 OK"
18:26:14 [INFO] HTTP Request: GET https://site.api.espn.com/apis/site/v2/sports/basketball/mens-college-basketball/summary?event=401822838 "HTTP/1.1 200 OK"
18:26:24 [INFO] HTTP Request: GET https://site.api.espn.com/apis/site/v2/sports/basketball/mens-college-basketball/summary?event=401825418 "HTTP/1.1 200 OK"
18:26:35 [INFO] HTTP Request: GET https://site.api.espn.com/apis/site/v2/sports/basketball/mens-college-basketball/summary?event=401825425 "HTTP/1.1 200 OK"
18:26:45 [INFO] HTTP Request: GET https://site.api.espn.com/apis/site/v2/sports/basketball/mens-college-basketball/summary?event=401825431 "HTTP/1.1 200 OK"
18:26:55 [INFO] HTTP Request: GET https://site.api.espn.com/apis/site/v2/sports/basketball/mens-college-basketball/summary?event=401825438 "HTTP/1.1 200 OK"
18:27:05 [INFO] HTTP Request: GET https://site.api.espn.com/apis/site/v2/sports/basketball/mens-college-basketball/summary?event=401825447 "HTTP/1.1 200 OK"
18:27:16 [INFO] HTTP Request: GET https://site.api.espn.com/apis/site/v2/sports/basketball/mens-college-basketball/summary?event=401825456 "HTTP/1.1 200 OK"
18:27:26 [INFO] HTTP Request: GET https://site.api.espn.com/apis/site/v2/sports/basketball/mens-college-basketball/summary?event=401825465 "HTTP/1.1 200 OK"
18:27:36 [INFO] HTTP Request: GET https://site.api.espn.com/apis/site/v2/sports/basketball/mens-college-basketball/summary?event=401825473 "HTTP/1.1 200 OK"
18:27:47 [INFO] HTTP Request: GET https://site.api.espn.com/apis/site/v2/sports/basketball/mens-college-basketball/summary?event=401825483 "HTTP/1.1 200 OK"
18:27:57 [INFO] HTTP Request: GET https://site.api.espn.com/apis/site/v2/sports/basketball/mens-college-basketball/summary?event=401825491 "HTTP/1.1 200 OK"
18:28:07 [INFO] HTTP Request: GET https://site.api.espn.com/apis/site/v2/sports/basketball/mens-college-basketball/summary?event=401825497 "HTTP/1.1 200 OK"
18:28:18 [INFO] HTTP Request: GET https://site.api.espn.com/apis/site/v2/sports/basketball/mens-college-basketball/summary?event=401825505 "HTTP/1.1 200 OK"
18:28:29 [INFO] HTTP Request: GET https://site.api.espn.com/apis/site/v2/sports/basketball/mens-college-basketball/summary?event=401825518 "HTTP/1.1 200 OK"
18:28:39 [INFO] HTTP Request: GET https://site.api.espn.com/apis/site/v2/sports/basketball/mens-college-basketball/summary?event=401825528 "HTTP/1.1 200 OK"
18:28:49 [INFO] HTTP Request: GET https://site.api.espn.com/apis/site/v2/sports/basketball/mens-college-basketball/summary?event=401825536 "HTTP/1.1 200 OK"
18:28:49 [INFO]   Loaded: 28 games, 561 player-game-stat rows
18:28:49 [INFO] 
[3/18] Iowa Hawkeyes
18:28:49 [INFO] Scraping team: Iowa Hawkeyes (ESPN #2294)
18:29:00 [INFO] HTTP Request: GET https://site.api.espn.com/apis/site/v2/sports/basketball/mens-college-basketball/teams/2294/schedule?season=2026 "HTTP/1.1 200 OK"
18:29:00 [INFO]   Schedule: 27 completed games
18:29:10 [INFO] HTTP Request: GET https://site.api.espn.com/apis/site/v2/sports/basketball/mens-college-basketball/summary?event=401823398 "HTTP/1.1 200 OK"
18:29:20 [INFO] HTTP Request: GET https://site.api.espn.com/apis/site/v2/sports/basketball/mens-college-basketball/summary?event=401823647 "HTTP/1.1 200 OK"
18:29:31 [INFO] HTTP Request: GET https://site.api.espn.com/apis/site/v2/sports/basketball/mens-college-basketball/summary?event=401823560 "HTTP/1.1 200 OK"
18:29:41 [INFO] HTTP Request: GET https://site.api.espn.com/apis/site/v2/sports/basketball/mens-college-basketball/summary?event=401823648 "HTTP/1.1 200 OK"
18:29:51 [INFO] HTTP Request: GET https://site.api.espn.com/apis/site/v2/sports/basketball/mens-college-basketball/summary?event=401822342 "HTTP/1.1 200 OK"
18:30:02 [INFO] HTTP Request: GET https://site.api.espn.com/apis/site/v2/sports/basketball/mens-college-basketball/summary?event=401823649 "HTTP/1.1 200 OK"
18:30:12 [INFO] HTTP Request: GET https://site.api.espn.com/apis/site/v2/sports/basketball/mens-college-basketball/summary?event=401830744 "HTTP/1.1 200 OK"
18:30:23 [INFO] HTTP Request: GET https://site.api.espn.com/apis/site/v2/sports/basketball/mens-college-basketball/summary?event=401825392 "HTTP/1.1 200 OK"
18:30:33 [INFO] HTTP Request: GET https://site.api.espn.com/apis/site/v2/sports/basketball/mens-college-basketball/summary?event=401825398 "HTTP/1.1 200 OK"
18:30:43 [INFO] HTTP Request: GET https://site.api.espn.com/apis/site/v2/sports/basketball/mens-college-basketball/summary?event=401819878 "HTTP/1.1 200 OK"
18:30:54 [INFO] HTTP Request: GET https://site.api.espn.com/apis/site/v2/sports/basketball/mens-college-basketball/summary?event=401823650 "HTTP/1.1 200 OK"
18:31:04 [INFO] HTTP Request: GET https://site.api.espn.com/apis/site/v2/sports/basketball/mens-college-basketball/summary?event=401809083 "HTTP/1.1 200 OK"
18:31:15 [INFO] HTTP Request: GET https://site.api.espn.com/apis/site/v2/sports/basketball/mens-college-basketball/summary?event=401823651 "HTTP/1.1 200 OK"
18:31:25 [INFO] HTTP Request: GET https://site.api.espn.com/apis/site/v2/sports/basketball/mens-college-basketball/summary?event=401825414 "HTTP/1.1 200 OK"
18:31:35 [INFO] HTTP Request: GET https://site.api.espn.com/apis/site/v2/sports/basketball/mens-college-basketball/summary?event=401825422 "HTTP/1.1 200 OK"
18:31:46 [INFO] HTTP Request: GET https://site.api.espn.com/apis/site/v2/sports/basketball/mens-college-basketball/summary?event=401825435 "HTTP/1.1 200 OK"
18:31:56 [INFO] HTTP Request: GET https://site.api.espn.com/apis/site/v2/sports/basketball/mens-college-basketball/summary?event=401825444 "HTTP/1.1 200 OK"
18:32:06 [INFO] HTTP Request: GET https://site.api.espn.com/apis/site/v2/sports/basketball/mens-college-basketball/summary?event=401825447 "HTTP/1.1 200 OK"
18:32:17 [INFO] HTTP Request: GET https://site.api.espn.com/apis/site/v2/sports/basketball/mens-college-basketball/summary?event=401825455 "HTTP/1.1 200 OK"
18:32:27 [INFO] HTTP Request: GET https://site.api.espn.com/apis/site/v2/sports/basketball/mens-college-basketball/summary?event=401825476 "HTTP/1.1 200 OK"
18:32:38 [INFO] HTTP Request: GET https://site.api.espn.com/apis/site/v2/sports/basketball/mens-college-basketball/summary?event=401825488 "HTTP/1.1 200 OK"
18:32:49 [INFO] HTTP Request: GET https://site.api.espn.com/apis/site/v2/sports/basketball/mens-college-basketball/summary?event=401825494 "HTTP/1.1 200 OK"
18:32:59 [INFO] HTTP Request: GET https://site.api.espn.com/apis/site/v2/sports/basketball/mens-college-basketball/summary?event=401825501 "HTTP/1.1 200 OK"
18:33:09 [INFO] HTTP Request: GET https://site.api.espn.com/apis/site/v2/sports/basketball/mens-college-basketball/summary?event=401825508 "HTTP/1.1 200 OK"
18:33:20 [INFO] HTTP Request: GET https://site.api.espn.com/apis/site/v2/sports/basketball/mens-college-basketball/summary?event=401825513 "HTTP/1.1 200 OK"
18:33:30 [INFO] HTTP Request: GET https://site.api.espn.com/apis/site/v2/sports/basketball/mens-college-basketball/summary?event=401825520 "HTTP/1.1 200 OK"
18:33:40 [INFO] HTTP Request: GET https://site.api.espn.com/apis/site/v2/sports/basketball/mens-college-basketball/summary?event=401825535 "HTTP/1.1 200 OK"
18:33:40 [INFO]   Loaded: 27 games, 528 player-game-stat rows
18:33:40 [INFO] 
[4/18] Maryland Terrapins
18:33:40 [INFO] Scraping team: Maryland Terrapins (ESPN #120)
18:33:51 [INFO] HTTP Request: GET https://site.api.espn.com/apis/site/v2/sports/basketball/mens-college-basketball/teams/120/schedule?season=2026 "HTTP/1.1 200 OK"
18:33:51 [INFO]   Schedule: 27 completed games
18:34:02 [INFO] HTTP Request: GET https://site.api.espn.com/apis/site/v2/sports/basketball/mens-college-basketball/summary?event=401822757 "HTTP/1.1 200 OK"
18:34:12 [INFO] HTTP Request: GET https://site.api.espn.com/apis/site/v2/sports/basketball/mens-college-basketball/summary?event=401822724 "HTTP/1.1 200 OK"
18:34:22 [INFO] HTTP Request: GET https://site.api.espn.com/apis/site/v2/sports/basketball/mens-college-basketball/summary?event=401827216 "HTTP/1.1 200 OK"
18:34:33 [INFO] HTTP Request: GET https://site.api.espn.com/apis/site/v2/sports/basketball/mens-college-basketball/summary?event=401823024 "HTTP/1.1 200 OK"
18:34:43 [INFO] HTTP Request: GET https://site.api.espn.com/apis/site/v2/sports/basketball/mens-college-basketball/summary?event=401813399 "HTTP/1.1 200 OK"
18:34:54 [INFO] HTTP Request: GET https://site.api.espn.com/apis/site/v2/sports/basketball/mens-college-basketball/summary?event=401820400 "HTTP/1.1 200 OK"
18:35:04 [INFO] HTTP Request: GET https://site.api.espn.com/apis/site/v2/sports/basketball/mens-college-basketball/summary?event=401824033 "HTTP/1.1 200 OK"
18:35:14 [INFO] HTTP Request: GET https://site.api.espn.com/apis/site/v2/sports/basketball/mens-college-basketball/summary?event=401831220 "HTTP/1.1 200 OK"
18:35:25 [INFO] HTTP Request: GET https://site.api.espn.com/apis/site/v2/sports/basketball/mens-college-basketball/summary?event=401827217 "HTTP/1.1 200 OK"
18:35:35 [INFO] HTTP Request: GET https://site.api.espn.com/apis/site/v2/sports/basketball/mens-college-basketball/summary?event=401825398 "HTTP/1.1 200 OK"
18:35:45 [INFO] HTTP Request: GET https://site.api.espn.com/apis/site/v2/sports/basketball/mens-college-basketball/summary?event=401825408 "HTTP/1.1 200 OK"
18:35:56 [INFO] HTTP Request: GET https://site.api.espn.com/apis/site/v2/sports/basketball/mens-college-basketball/summary?event=401817514 "HTTP/1.1 200 OK"
18:36:07 [INFO] HTTP Request: GET https://site.api.espn.com/apis/site/v2/sports/basketball/mens-college-basketball/summary?event=401827218 "HTTP/1.1 200 OK"
18:36:17 [INFO] HTTP Request: GET https://site.api.espn.com/apis/site/v2/sports/basketball/mens-college-basketball/summary?event=401825410 "HTTP/1.1 200 OK"
18:36:28 [INFO] HTTP Request: GET https://site.api.espn.com/apis/site/v2/sports/basketball/mens-college-basketball/summary?event=401825425 "HTTP/1.1 200 OK"
18:36:39 [INFO] HTTP Request: GET https://site.api.espn.com/apis/site/v2/sports/basketball/mens-college-basketball/summary?event=401825434 "HTTP/1.1 200 OK"
18:36:50 [INFO] HTTP Request: GET https://site.api.espn.com/apis/site/v2/sports/basketball/mens-college-basketball/summary?event=401825441 "HTTP/1.1 200 OK"
18:37:01 [INFO] HTTP Request: GET https://site.api.espn.com/apis/site/v2/sports/basketball/mens-college-basketball/summary?event=401825454 "HTTP/1.1 200 OK"
18:37:11 [INFO] HTTP Request: GET https://site.api.espn.com/apis/site/v2/sports/basketball/mens-college-basketball/summary?event=401825460 "HTTP/1.1 200 OK"
18:37:21 [INFO] HTTP Request: GET https://site.api.espn.com/apis/site/v2/sports/basketball/mens-college-basketball/summary?event=401825466 "HTTP/1.1 200 OK"
18:37:32 [INFO] HTTP Request: GET https://site.api.espn.com/apis/site/v2/sports/basketball/mens-college-basketball/summary?event=401825486 "HTTP/1.1 200 OK"
18:37:42 [INFO] HTTP Request: GET https://site.api.espn.com/apis/site/v2/sports/basketball/mens-college-basketball/summary?event=401825495 "HTTP/1.1 200 OK"
18:37:53 [INFO] HTTP Request: GET https://site.api.espn.com/apis/site/v2/sports/basketball/mens-college-basketball/summary?event=401825502 "HTTP/1.1 200 OK"
18:38:03 [INFO] HTTP Request: GET https://site.api.espn.com/apis/site/v2/sports/basketball/mens-college-basketball/summary?event=401825508 "HTTP/1.1 200 OK"
18:38:13 [INFO] HTTP Request: GET https://site.api.espn.com/apis/site/v2/sports/basketball/mens-college-basketball/summary?event=401825519 "HTTP/1.1 200 OK"
18:38:24 [INFO] HTTP Request: GET https://site.api.espn.com/apis/site/v2/sports/basketball/mens-college-basketball/summary?event=401825525 "HTTP/1.1 200 OK"
18:38:34 [INFO] HTTP Request: GET https://site.api.espn.com/apis/site/v2/sports/basketball/mens-college-basketball/summary?event=401825529 "HTTP/1.1 200 OK"
18:38:34 [INFO]   Loaded: 27 games, 536 player-game-stat rows
18:38:34 [INFO] 
[5/18] Michigan State Spartans
18:38:34 [INFO] Scraping team: Michigan State Spartans (ESPN #127)
18:38:45 [INFO] HTTP Request: GET https://site.api.espn.com/apis/site/v2/sports/basketball/mens-college-basketball/teams/127/schedule?season=2026 "HTTP/1.1 200 OK"
18:38:45 [INFO]   Schedule: 27 completed games
18:38:55 [INFO] HTTP Request: GET https://site.api.espn.com/apis/site/v2/sports/basketball/mens-college-basketball/summary?event=401827219 "HTTP/1.1 200 OK"
18:39:06 [INFO] HTTP Request: GET https://site.api.espn.com/apis/site/v2/sports/basketball/mens-college-basketball/summary?event=401826785 "HTTP/1.1 200 OK"
18:39:16 [INFO] HTTP Request: GET https://site.api.espn.com/apis/site/v2/sports/basketball/mens-college-basketball/summary?event=401827220 "HTTP/1.1 200 OK"
18:39:26 [INFO] HTTP Request: GET https://site.api.espn.com/apis/site/v2/sports/basketball/mens-college-basketball/summary?event=401827221 "HTTP/1.1 200 OK"
18:39:37 [INFO] HTTP Request: GET https://site.api.espn.com/apis/site/v2/sports/basketball/mens-college-basketball/summary?event=401823371 "HTTP/1.1 200 OK"
18:39:47 [INFO] HTTP Request: GET https://site.api.espn.com/apis/site/v2/sports/basketball/mens-college-basketball/summary?event=401820810 "HTTP/1.1 200 OK"
18:39:57 [INFO] HTTP Request: GET https://site.api.espn.com/apis/site/v2/sports/basketball/mens-college-basketball/summary?event=401817267 "HTTP/1.1 200 OK"
18:40:08 [INFO] HTTP Request: GET https://site.api.espn.com/apis/site/v2/sports/basketball/mens-college-basketball/summary?event=401825392 "HTTP/1.1 200 OK"
18:40:18 [INFO] HTTP Request: GET https://site.api.espn.com/apis/site/v2/sports/basketball/mens-college-basketball/summary?event=401817235 "HTTP/1.1 200 OK"
18:40:29 [INFO] HTTP Request: GET https://site.api.espn.com/apis/site/v2/sports/basketball/mens-college-basketball/summary?event=401825409 "HTTP/1.1 200 OK"
18:40:39 [INFO] HTTP Request: GET https://site.api.espn.com/apis/site/v2/sports/basketball/mens-college-basketball/summary?event=401823472 "HTTP/1.1 200 OK"
18:40:49 [INFO] HTTP Request: GET https://site.api.espn.com/apis/site/v2/sports/basketball/mens-college-basketball/summary?event=401826874 "HTTP/1.1 200 OK"
18:40:59 [INFO] HTTP Request: GET https://site.api.espn.com/apis/site/v2/sports/basketball/mens-college-basketball/summary?event=401827222 "HTTP/1.1 200 OK"
18:41:10 [INFO] HTTP Request: GET https://site.api.espn.com/apis/site/v2/sports/basketball/mens-college-basketball/summary?event=401825412 "HTTP/1.1 200 OK"
18:41:20 [INFO] HTTP Request: GET https://site.api.espn.com/apis/site/v2/sports/basketball/mens-college-basketball/summary?event=401825419 "HTTP/1.1 200 OK"
18:41:30 [INFO] HTTP Request: GET https://site.api.espn.com/apis/site/v2/sports/basketball/mens-college-basketball/summary?event=401825428 "HTTP/1.1 200 OK"
18:41:41 [INFO] HTTP Request: GET https://site.api.espn.com/apis/site/v2/sports/basketball/mens-college-basketball/summary?event=401825438 "HTTP/1.1 200 OK"
18:41:51 [INFO] HTTP Request: GET https://site.api.espn.com/apis/site/v2/sports/basketball/mens-college-basketball/summary?event=401825452 "HTTP/1.1 200 OK"
18:42:02 [INFO] HTTP Request: GET https://site.api.espn.com/apis/site/v2/sports/basketball/mens-college-basketball/summary?event=401825458 "HTTP/1.1 200 OK"
18:42:12 [INFO] HTTP Request: GET https://site.api.espn.com/apis/site/v2/sports/basketball/mens-college-basketball/summary?event=401825466 "HTTP/1.1 200 OK"
18:42:22 [INFO] HTTP Request: GET https://site.api.espn.com/apis/site/v2/sports/basketball/mens-college-basketball/summary?event=401825475 "HTTP/1.1 200 OK"
18:42:32 [INFO] HTTP Request: GET https://site.api.espn.com/apis/site/v2/sports/basketball/mens-college-basketball/summary?event=401825481 "HTTP/1.1 200 OK"
18:42:43 [INFO] HTTP Request: GET https://site.api.espn.com/apis/site/v2/sports/basketball/mens-college-basketball/summary?event=401825493 "HTTP/1.1 200 OK"
18:42:53 [INFO] HTTP Request: GET https://site.api.espn.com/apis/site/v2/sports/basketball/mens-college-basketball/summary?event=401830778 "HTTP/1.1 200 OK"
18:43:03 [INFO] HTTP Request: GET https://site.api.espn.com/apis/site/v2/sports/basketball/mens-college-basketball/summary?event=401825512 "HTTP/1.1 200 OK"
18:43:14 [INFO] HTTP Request: GET https://site.api.espn.com/apis/site/v2/sports/basketball/mens-college-basketball/summary?event=401825521 "HTTP/1.1 200 OK"
18:43:25 [INFO] HTTP Request: GET https://site.api.espn.com/apis/site/v2/sports/basketball/mens-college-basketball/summary?event=401825534 "HTTP/1.1 200 OK"
18:43:25 [INFO]   Loaded: 27 games, 584 player-game-stat rows
18:43:25 [INFO] 
[6/18] Michigan Wolverines
18:43:25 [INFO] Scraping team: Michigan Wolverines (ESPN #130)
18:43:35 [INFO] HTTP Request: GET https://site.api.espn.com/apis/site/v2/sports/basketball/mens-college-basketball/teams/130/schedule?season=2026 "HTTP/1.1 200 OK"
18:43:35 [INFO]   Schedule: 28 completed games
18:43:46 [INFO] HTTP Request: GET https://site.api.espn.com/apis/site/v2/sports/basketball/mens-college-basketball/summary?event=401826083 "HTTP/1.1 200 OK"
18:43:56 [INFO] HTTP Request: GET https://site.api.espn.com/apis/site/v2/sports/basketball/mens-college-basketball/summary?event=401817529 "HTTP/1.1 200 OK"
18:44:06 [INFO] HTTP Request: GET https://site.api.espn.com/apis/site/v2/sports/basketball/mens-college-basketball/summary?event=401812252 "HTTP/1.1 200 OK"
18:44:16 [INFO] HTTP Request: GET https://site.api.espn.com/apis/site/v2/sports/basketball/mens-college-basketball/summary?event=401822996 "HTTP/1.1 200 OK"
18:44:27 [INFO] HTTP Request: GET https://site.api.espn.com/apis/site/v2/sports/basketball/mens-college-basketball/summary?event=401823764 "HTTP/1.1 200 OK"
18:44:38 [INFO] HTTP Request: GET https://site.api.espn.com/apis/site/v2/sports/basketball/mens-college-basketball/summary?event=401823479 "HTTP/1.1 200 OK"
18:44:48 [INFO] HTTP Request: GET https://site.api.espn.com/apis/site/v2/sports/basketball/mens-college-basketball/summary?event=401831214 "HTTP/1.1 200 OK"
18:44:58 [INFO] HTTP Request: GET https://site.api.espn.com/apis/site/v2/sports/basketball/mens-college-basketball/summary?event=401825400 "HTTP/1.1 200 OK"
18:45:08 [INFO] HTTP Request: GET https://site.api.espn.com/apis/site/v2/sports/basketball/mens-college-basketball/summary?event=401823566 "HTTP/1.1 200 OK"
18:45:20 [INFO] HTTP Request: GET https://site.api.espn.com/apis/site/v2/sports/basketball/mens-college-basketball/summary?event=401825408 "HTTP/1.1 200 OK"
18:45:30 [INFO] HTTP Request: GET https://site.api.espn.com/apis/site/v2/sports/basketball/mens-college-basketball/summary?event=401822185 "HTTP/1.1 200 OK"
18:45:40 [INFO] HTTP Request: GET https://site.api.espn.com/apis/site/v2/sports/basketball/mens-college-basketball/summary?event=401826084 "HTTP/1.1 200 OK"
18:45:50 [INFO] HTTP Request: GET https://site.api.espn.com/apis/site/v2/sports/basketball/mens-college-basketball/summary?event=401825411 "HTTP/1.1 200 OK"
18:46:00 [INFO] HTTP Request: GET https://site.api.espn.com/apis/site/v2/sports/basketball/mens-college-basketball/summary?event=401825423 "HTTP/1.1 200 OK"
18:46:11 [INFO] HTTP Request: GET https://site.api.espn.com/apis/site/v2/sports/basketball/mens-college-basketball/summary?event=401825432 "HTTP/1.1 200 OK"
18:46:21 [INFO] HTTP Request: GET https://site.api.espn.com/apis/site/v2/sports/basketball/mens-college-basketball/summary?event=401825445 "HTTP/1.1 200 OK"
18:46:32 [INFO] HTTP Request: GET https://site.api.espn.com/apis/site/v2/sports/basketball/mens-college-basketball/summary?event=401825450 "HTTP/1.1 200 OK"
18:46:42 [INFO] HTTP Request: GET https://site.api.espn.com/apis/site/v2/sports/basketball/mens-college-basketball/summary?event=401825456 "HTTP/1.1 200 OK"
18:46:53 [INFO] HTTP Request: GET https://site.api.espn.com/apis/site/v2/sports/basketball/mens-college-basketball/summary?event=401825464 "HTTP/1.1 200 OK"
18:47:04 [INFO] HTTP Request: GET https://site.api.espn.com/apis/site/v2/sports/basketball/mens-college-basketball/summary?event=401825474 "HTTP/1.1 200 OK"
18:47:14 [INFO] HTTP Request: GET https://site.api.espn.com/apis/site/v2/sports/basketball/mens-college-basketball/summary?event=401825481 "HTTP/1.1 200 OK"
18:47:24 [INFO] HTTP Request: GET https://site.api.espn.com/apis/site/v2/sports/basketball/mens-college-basketball/summary?event=401825496 "HTTP/1.1 200 OK"
18:47:38 [INFO] HTTP Request: GET https://site.api.espn.com/apis/site/v2/sports/basketball/mens-college-basketball/summary?event=401825503 "HTTP/1.1 200 OK"
18:47:48 [INFO] HTTP Request: GET https://site.api.espn.com/apis/site/v2/sports/basketball/mens-college-basketball/summary?event=401825509 "HTTP/1.1 200 OK"
18:47:59 [INFO] HTTP Request: GET https://site.api.espn.com/apis/site/v2/sports/basketball/mens-college-basketball/summary?event=401825514 "HTTP/1.1 200 OK"
18:48:09 [INFO] HTTP Request: GET https://site.api.espn.com/apis/site/v2/sports/basketball/mens-college-basketball/summary?event=401825524 "HTTP/1.1 200 OK"
18:48:19 [INFO] HTTP Request: GET https://site.api.espn.com/apis/site/v2/sports/basketball/mens-college-basketball/summary?event=401817238 "HTTP/1.1 200 OK"
18:48:30 [INFO] HTTP Request: GET https://site.api.espn.com/apis/site/v2/sports/basketball/mens-college-basketball/summary?event=401825537 "HTTP/1.1 200 OK"
18:48:30 [INFO]   Loaded: 28 games, 563 player-game-stat rows
18:48:30 [INFO] 
[7/18] Minnesota Golden Gophers
18:48:30 [INFO] Scraping team: Minnesota Golden Gophers (ESPN #135)
18:48:40 [INFO] HTTP Request: GET https://site.api.espn.com/apis/site/v2/sports/basketball/mens-college-basketball/teams/135/schedule?season=2026 "HTTP/1.1 200 OK"
18:48:40 [INFO]   Schedule: 28 completed games
18:48:51 [INFO] HTTP Request: GET https://site.api.espn.com/apis/site/v2/sports/basketball/mens-college-basketball/summary?event=401826967 "HTTP/1.1 200 OK"
18:49:01 [INFO] HTTP Request: GET https://site.api.espn.com/apis/site/v2/sports/basketball/mens-college-basketball/summary?event=401827233 "HTTP/1.1 200 OK"
18:49:11 [INFO] HTTP Request: GET https://site.api.espn.com/apis/site/v2/sports/basketball/mens-college-basketball/summary?event=401827234 "HTTP/1.1 200 OK"
18:49:22 [INFO] HTTP Request: GET https://site.api.espn.com/apis/site/v2/sports/basketball/mens-college-basketball/summary?event=401827235 "HTTP/1.1 200 OK"
18:49:32 [INFO] HTTP Request: GET https://site.api.espn.com/apis/site/v2/sports/basketball/mens-college-basketball/summary?event=401822341 "HTTP/1.1 200 OK"
18:49:42 [INFO] HTTP Request: GET https://site.api.espn.com/apis/site/v2/sports/basketball/mens-college-basketball/summary?event=401826729 "HTTP/1.1 200 OK"
18:49:53 [INFO] HTTP Request: GET https://site.api.espn.com/apis/site/v2/sports/basketball/mens-college-basketball/summary?event=401817469 "HTTP/1.1 200 OK"
18:50:03 [INFO] HTTP Request: GET https://site.api.espn.com/apis/site/v2/sports/basketball/mens-college-basketball/summary?event=401830751 "HTTP/1.1 200 OK"
18:50:14 [INFO] HTTP Request: GET https://site.api.espn.com/apis/site/v2/sports/basketball/mens-college-basketball/summary?event=401825395 "HTTP/1.1 200 OK"
18:50:24 [INFO] HTTP Request: GET https://site.api.espn.com/apis/site/v2/sports/basketball/mens-college-basketball/summary?event=401825406 "HTTP/1.1 200 OK"
18:50:34 [INFO] HTTP Request: GET https://site.api.espn.com/apis/site/v2/sports/basketball/mens-college-basketball/summary?event=401827008 "HTTP/1.1 200 OK"
18:50:44 [INFO] HTTP Request: GET https://site.api.espn.com/apis/site/v2/sports/basketball/mens-college-basketball/summary?event=401827236 "HTTP/1.1 200 OK"
18:50:55 [INFO] HTTP Request: GET https://site.api.espn.com/apis/site/v2/sports/basketball/mens-college-basketball/summary?event=401812314 "HTTP/1.1 200 OK"
18:51:05 [INFO] HTTP Request: GET https://site.api.espn.com/apis/site/v2/sports/basketball/mens-college-basketball/summary?event=401825415 "HTTP/1.1 200 OK"
18:51:15 [INFO] HTTP Request: GET https://site.api.espn.com/apis/site/v2/sports/basketball/mens-college-basketball/summary?event=401825422 "HTTP/1.1 200 OK"
18:51:26 [INFO] HTTP Request: GET https://site.api.espn.com/apis/site/v2/sports/basketball/mens-college-basketball/summary?event=401825430 "HTTP/1.1 200 OK"
18:51:36 [INFO] HTTP Request: GET https://site.api.espn.com/apis/site/v2/sports/basketball/mens-college-basketball/summary?event=401825439 "HTTP/1.1 200 OK"
18:51:46 [INFO] HTTP Request: GET https://site.api.espn.com/apis/site/v2/sports/basketball/mens-college-basketball/summary?event=401825446 "HTTP/1.1 200 OK"
18:51:57 [INFO] HTTP Request: GET https://site.api.espn.com/apis/site/v2/sports/basketball/mens-college-basketball/summary?event=401825457 "HTTP/1.1 200 OK"
18:52:08 [INFO] HTTP Request: GET https://site.api.espn.com/apis/site/v2/sports/basketball/mens-college-basketball/summary?event=401825467 "HTTP/1.1 200 OK"
18:52:18 [INFO] HTTP Request: GET https://site.api.espn.com/apis/site/v2/sports/basketball/mens-college-basketball/summary?event=401825478 "HTTP/1.1 200 OK"
18:52:29 [INFO] HTTP Request: GET https://site.api.espn.com/apis/site/v2/sports/basketball/mens-college-basketball/summary?event=401825489 "HTTP/1.1 200 OK"
18:52:39 [INFO] HTTP Request: GET https://site.api.espn.com/apis/site/v2/sports/basketball/mens-college-basketball/summary?event=401825493 "HTTP/1.1 200 OK"
18:52:49 [INFO] HTTP Request: GET https://site.api.espn.com/apis/site/v2/sports/basketball/mens-college-basketball/summary?event=401825502 "HTTP/1.1 200 OK"
18:53:00 [INFO] HTTP Request: GET https://site.api.espn.com/apis/site/v2/sports/basketball/mens-college-basketball/summary?event=401825517 "HTTP/1.1 200 OK"
18:53:10 [INFO] HTTP Request: GET https://site.api.espn.com/apis/site/v2/sports/basketball/mens-college-basketball/summary?event=401825523 "HTTP/1.1 200 OK"
18:53:21 [INFO] HTTP Request: GET https://site.api.espn.com/apis/site/v2/sports/basketball/mens-college-basketball/summary?event=401825530 "HTTP/1.1 200 OK"
18:53:31 [INFO] HTTP Request: GET https://site.api.espn.com/apis/site/v2/sports/basketball/mens-college-basketball/summary?event=401825537 "HTTP/1.1 200 OK"
18:53:31 [INFO]   Loaded: 28 games, 495 player-game-stat rows
18:53:31 [INFO] 
[8/18] Nebraska Cornhuskers
18:53:31 [INFO] Scraping team: Nebraska Cornhuskers (ESPN #158)
18:53:41 [INFO] HTTP Request: GET https://site.api.espn.com/apis/site/v2/sports/basketball/mens-college-basketball/teams/158/schedule?season=2026 "HTTP/1.1 200 OK"
18:53:41 [INFO]   Schedule: 27 completed games
18:53:52 [INFO] HTTP Request: GET https://site.api.espn.com/apis/site/v2/sports/basketball/mens-college-basketball/summary?event=401825381 "HTTP/1.1 200 OK"
18:54:02 [INFO] HTTP Request: GET https://site.api.espn.com/apis/site/v2/sports/basketball/mens-college-basketball/summary?event=401827237 "HTTP/1.1 200 OK"
18:54:13 [INFO] HTTP Request: GET https://site.api.espn.com/apis/site/v2/sports/basketball/mens-college-basketball/summary?event=401823038 "HTTP/1.1 200 OK"
18:54:23 [INFO] HTTP Request: GET https://site.api.espn.com/apis/site/v2/sports/basketball/mens-college-basketball/summary?event=401826778 "HTTP/1.1 200 OK"
18:54:33 [INFO] HTTP Request: GET https://site.api.espn.com/apis/site/v2/sports/basketball/mens-college-basketball/summary?event=401827238 "HTTP/1.1 200 OK"
18:54:44 [INFO] HTTP Request: GET https://site.api.espn.com/apis/site/v2/sports/basketball/mens-college-basketball/summary?event=401831195 "HTTP/1.1 200 OK"
18:54:54 [INFO] HTTP Request: GET https://site.api.espn.com/apis/site/v2/sports/basketball/mens-college-basketball/summary?event=401827068 "HTTP/1.1 200 OK"
18:55:04 [INFO] HTTP Request: GET https://site.api.espn.com/apis/site/v2/sports/basketball/mens-college-basketball/summary?event=401827062 "HTTP/1.1 200 OK"
18:55:15 [INFO] HTTP Request: GET https://site.api.espn.com/apis/site/v2/sports/basketball/mens-college-basketball/summary?event=401820835 "HTTP/1.1 200 OK"
18:55:25 [INFO] HTTP Request: GET https://site.api.espn.com/apis/site/v2/sports/basketball/mens-college-basketball/summary?event=401825405 "HTTP/1.1 200 OK"
18:55:36 [INFO] HTTP Request: GET https://site.api.espn.com/apis/site/v2/sports/basketball/mens-college-basketball/summary?event=401825407 "HTTP/1.1 200 OK"
18:55:46 [INFO] HTTP Request: GET https://site.api.espn.com/apis/site/v2/sports/basketball/mens-college-basketball/summary?event=401827239 "HTTP/1.1 200 OK"
18:55:57 [INFO] HTTP Request: GET https://site.api.espn.com/apis/site/v2/sports/basketball/mens-college-basketball/summary?event=401826776 "HTTP/1.1 200 OK"
18:56:07 [INFO] HTTP Request: GET https://site.api.espn.com/apis/site/v2/sports/basketball/mens-college-basketball/summary?event=401825412 "HTTP/1.1 200 OK"
18:56:17 [INFO] HTTP Request: GET https://site.api.espn.com/apis/site/v2/sports/basketball/mens-college-basketball/summary?event=401825420 "HTTP/1.1 200 OK"
18:56:28 [INFO] HTTP Request: GET https://site.api.espn.com/apis/site/v2/sports/basketball/mens-college-basketball/summary?event=401825431 "HTTP/1.1 200 OK"
18:56:38 [INFO] HTTP Request: GET https://site.api.espn.com/apis/site/v2/sports/basketball/mens-college-basketball/summary?event=401825440 "HTTP/1.1 200 OK"
18:56:48 [INFO] HTTP Request: GET https://site.api.espn.com/apis/site/v2/sports/basketball/mens-college-basketball/summary?event=401825448 "HTTP/1.1 200 OK"
18:56:59 [INFO] HTTP Request: GET https://site.api.espn.com/apis/site/v2/sports/basketball/mens-college-basketball/summary?event=401825461 "HTTP/1.1 200 OK"
18:57:09 [INFO] HTTP Request: GET https://site.api.espn.com/apis/site/v2/sports/basketball/mens-college-basketball/summary?event=401825467 "HTTP/1.1 200 OK"
18:57:19 [INFO] HTTP Request: GET https://site.api.espn.com/apis/site/v2/sports/basketball/mens-college-basketball/summary?event=401825474 "HTTP/1.1 200 OK"
18:57:30 [INFO] HTTP Request: GET https://site.api.espn.com/apis/site/v2/sports/basketball/mens-college-basketball/summary?event=401825487 "HTTP/1.1 200 OK"
18:57:40 [INFO] HTTP Request: GET https://site.api.espn.com/apis/site/v2/sports/basketball/mens-college-basketball/summary?event=401825499 "HTTP/1.1 200 OK"
18:57:51 [INFO] HTTP Request: GET https://site.api.espn.com/apis/site/v2/sports/basketball/mens-college-basketball/summary?event=401825507 "HTTP/1.1 200 OK"
18:58:01 [INFO] HTTP Request: GET https://site.api.espn.com/apis/site/v2/sports/basketball/mens-college-basketball/summary?event=401825515 "HTTP/1.1 200 OK"
18:58:11 [INFO] HTTP Request: GET https://site.api.espn.com/apis/site/v2/sports/basketball/mens-college-basketball/summary?event=401825520 "HTTP/1.1 200 OK"
18:58:22 [INFO] HTTP Request: GET https://site.api.espn.com/apis/site/v2/sports/basketball/mens-college-basketball/summary?event=401825531 "HTTP/1.1 200 OK"
18:58:22 [INFO]   Loaded: 27 games, 519 player-game-stat rows
18:58:22 [INFO] 
[9/18] Northwestern Wildcats
18:58:22 [INFO] Scraping team: Northwestern Wildcats (ESPN #77)
18:58:32 [INFO] HTTP Request: GET https://site.api.espn.com/apis/site/v2/sports/basketball/mens-college-basketball/teams/77/schedule?season=2026 "HTTP/1.1 200 OK"
18:58:32 [INFO]   Schedule: 28 completed games
18:58:42 [INFO] HTTP Request: GET https://site.api.espn.com/apis/site/v2/sports/basketball/mens-college-basketball/summary?event=401820209 "HTTP/1.1 200 OK"
18:58:52 [INFO] HTTP Request: GET https://site.api.espn.com/apis/site/v2/sports/basketball/mens-college-basketball/summary?event=401824357 "HTTP/1.1 200 OK"
18:59:02 [INFO] HTTP Request: GET https://site.api.espn.com/apis/site/v2/sports/basketball/mens-college-basketball/summary?event=401826913 "HTTP/1.1 200 OK"
18:59:13 [INFO] HTTP Request: GET https://site.api.espn.com/apis/site/v2/sports/basketball/mens-college-basketball/summary?event=401825571 "HTTP/1.1 200 OK"
18:59:23 [INFO] HTTP Request: GET https://site.api.espn.com/apis/site/v2/sports/basketball/mens-college-basketball/summary?event=401817490 "HTTP/1.1 200 OK"
18:59:34 [INFO] HTTP Request: GET https://site.api.espn.com/apis/site/v2/sports/basketball/mens-college-basketball/summary?event=401826914 "HTTP/1.1 200 OK"
18:59:44 [INFO] HTTP Request: GET https://site.api.espn.com/apis/site/v2/sports/basketball/mens-college-basketball/summary?event=401812276 "HTTP/1.1 200 OK"
18:59:54 [INFO] HTTP Request: GET https://site.api.espn.com/apis/site/v2/sports/basketball/mens-college-basketball/summary?event=401825397 "HTTP/1.1 200 OK"
19:00:04 [INFO] HTTP Request: GET https://site.api.espn.com/apis/site/v2/sports/basketball/mens-college-basketball/summary?event=401825399 "HTTP/1.1 200 OK"
19:00:15 [INFO] HTTP Request: GET https://site.api.espn.com/apis/site/v2/sports/basketball/mens-college-basketball/summary?event=401826935 "HTTP/1.1 200 OK"
19:00:25 [INFO] HTTP Request: GET https://site.api.espn.com/apis/site/v2/sports/basketball/mens-college-basketball/summary?event=401822338 "HTTP/1.1 200 OK"
19:00:35 [INFO] HTTP Request: GET https://site.api.espn.com/apis/site/v2/sports/basketball/mens-college-basketball/summary?event=401820829 "HTTP/1.1 200 OK"
19:00:45 [INFO] HTTP Request: GET https://site.api.espn.com/apis/site/v2/sports/basketball/mens-college-basketball/summary?event=401826936 "HTTP/1.1 200 OK"
19:00:55 [INFO] HTTP Request: GET https://site.api.espn.com/apis/site/v2/sports/basketball/mens-college-basketball/summary?event=401825415 "HTTP/1.1 200 OK"
19:01:06 [INFO] HTTP Request: GET https://site.api.espn.com/apis/site/v2/sports/basketball/mens-college-basketball/summary?event=401825428 "HTTP/1.1 200 OK"
19:01:16 [INFO] HTTP Request: GET https://site.api.espn.com/apis/site/v2/sports/basketball/mens-college-basketball/summary?event=401825436 "HTTP/1.1 200 OK"
19:01:26 [INFO] HTTP Request: GET https://site.api.espn.com/apis/site/v2/sports/basketball/mens-college-basketball/summary?event=401825442 "HTTP/1.1 200 OK"
19:01:36 [INFO] HTTP Request: GET https://site.api.espn.com/apis/site/v2/sports/basketball/mens-college-basketball/summary?event=401825448 "HTTP/1.1 200 OK"
19:01:47 [INFO] HTTP Request: GET https://site.api.espn.com/apis/site/v2/sports/basketball/mens-college-basketball/summary?event=401825462 "HTTP/1.1 200 OK"
19:01:57 [INFO] HTTP Request: GET https://site.api.espn.com/apis/site/v2/sports/basketball/mens-college-basketball/summary?event=401825469 "HTTP/1.1 200 OK"
19:02:07 [INFO] HTTP Request: GET https://site.api.espn.com/apis/site/v2/sports/basketball/mens-college-basketball/summary?event=401825480 "HTTP/1.1 200 OK"
19:02:18 [INFO] HTTP Request: GET https://site.api.espn.com/apis/site/v2/sports/basketball/mens-college-basketball/summary?event=401825482 "HTTP/1.1 200 OK"
19:02:28 [INFO] HTTP Request: GET https://site.api.espn.com/apis/site/v2/sports/basketball/mens-college-basketball/summary?event=401825492 "HTTP/1.1 200 OK"
19:02:38 [INFO] HTTP Request: GET https://site.api.espn.com/apis/site/v2/sports/basketball/mens-college-basketball/summary?event=401825501 "HTTP/1.1 200 OK"
19:02:48 [INFO] HTTP Request: GET https://site.api.espn.com/apis/site/v2/sports/basketball/mens-college-basketball/summary?event=401825509 "HTTP/1.1 200 OK"
19:02:59 [INFO] HTTP Request: GET https://site.api.espn.com/apis/site/v2/sports/basketball/mens-college-basketball/summary?event=401825515 "HTTP/1.1 200 OK"
19:03:09 [INFO] HTTP Request: GET https://site.api.espn.com/apis/site/v2/sports/basketball/mens-college-basketball/summary?event=401825525 "HTTP/1.1 200 OK"
19:03:19 [INFO] HTTP Request: GET https://site.api.espn.com/apis/site/v2/sports/basketball/mens-college-basketball/summary?event=401825536 "HTTP/1.1 200 OK"
19:03:19 [INFO]   Loaded: 28 games, 567 player-game-stat rows
19:03:19 [INFO] 
[10/18] Ohio State Buckeyes
19:03:19 [INFO] Scraping team: Ohio State Buckeyes (ESPN #194)
19:03:29 [INFO] HTTP Request: GET https://site.api.espn.com/apis/site/v2/sports/basketball/mens-college-basketball/teams/194/schedule?season=2026 "HTTP/1.1 200 OK"
19:03:29 [INFO]   Schedule: 27 completed games
19:03:40 [INFO] HTTP Request: GET https://site.api.espn.com/apis/site/v2/sports/basketball/mens-college-basketball/summary?event=401823374 "HTTP/1.1 200 OK"
19:03:50 [INFO] HTTP Request: GET https://site.api.espn.com/apis/site/v2/sports/basketball/mens-college-basketball/summary?event=401823392 "HTTP/1.1 200 OK"
19:04:00 [INFO] HTTP Request: GET https://site.api.espn.com/apis/site/v2/sports/basketball/mens-college-basketball/summary?event=401826733 "HTTP/1.1 200 OK"
19:04:10 [INFO] HTTP Request: GET https://site.api.espn.com/apis/site/v2/sports/basketball/mens-college-basketball/summary?event=401817434 "HTTP/1.1 200 OK"
19:04:21 [INFO] HTTP Request: GET https://site.api.espn.com/apis/site/v2/sports/basketball/mens-college-basketball/summary?event=401827255 "HTTP/1.1 200 OK"
19:04:31 [INFO] HTTP Request: GET https://site.api.espn.com/apis/site/v2/sports/basketball/mens-college-basketball/summary?event=401813401 "HTTP/1.1 200 OK"
19:04:41 [INFO] HTTP Request: GET https://site.api.espn.com/apis/site/v2/sports/basketball/mens-college-basketball/summary?event=401817447 "HTTP/1.1 200 OK"
19:04:52 [INFO] HTTP Request: GET https://site.api.espn.com/apis/site/v2/sports/basketball/mens-college-basketball/summary?event=401825399 "HTTP/1.1 200 OK"
19:05:02 [INFO] HTTP Request: GET https://site.api.espn.com/apis/site/v2/sports/basketball/mens-college-basketball/summary?event=401825404 "HTTP/1.1 200 OK"
19:05:12 [INFO] HTTP Request: GET https://site.api.espn.com/apis/site/v2/sports/basketball/mens-college-basketball/summary?event=401819921 "HTTP/1.1 200 OK"
19:05:22 [INFO] HTTP Request: GET https://site.api.espn.com/apis/site/v2/sports/basketball/mens-college-basketball/summary?event=401809307 "HTTP/1.1 200 OK"
19:05:33 [INFO] HTTP Request: GET https://site.api.espn.com/apis/site/v2/sports/basketball/mens-college-basketball/summary?event=401827093 "HTTP/1.1 200 OK"
19:05:43 [INFO] HTTP Request: GET https://site.api.espn.com/apis/site/v2/sports/basketball/mens-college-basketball/summary?event=401825413 "HTTP/1.1 200 OK"
19:12:28 [ERROR] Request failed: https://site.api.espn.com/apis/site/v2/sports/basketball/mens-college-basketball/summary — [Errno 8] nodename nor servname provided, or not known
19:12:38 [INFO] HTTP Request: GET https://site.api.espn.com/apis/site/v2/sports/basketball/mens-college-basketball/summary?event=401825429 "HTTP/1.1 200 OK"
19:12:48 [INFO] HTTP Request: GET https://site.api.espn.com/apis/site/v2/sports/basketball/mens-college-basketball/summary?event=401825437 "HTTP/1.1 200 OK"
19:12:59 [INFO] HTTP Request: GET https://site.api.espn.com/apis/site/v2/sports/basketball/mens-college-basketball/summary?event=401825449 "HTTP/1.1 200 OK"
19:13:09 [INFO] HTTP Request: GET https://site.api.espn.com/apis/site/v2/sports/basketball/mens-college-basketball/summary?event=401825457 "HTTP/1.1 200 OK"
19:13:19 [INFO] HTTP Request: GET https://site.api.espn.com/apis/site/v2/sports/basketball/mens-college-basketball/summary?event=401825464 "HTTP/1.1 200 OK"
19:13:30 [INFO] HTTP Request: GET https://site.api.espn.com/apis/site/v2/sports/basketball/mens-college-basketball/summary?event=401825472 "HTTP/1.1 200 OK"
19:13:41 [INFO] HTTP Request: GET https://site.api.espn.com/apis/site/v2/sports/basketball/mens-college-basketball/summary?event=401825485 "HTTP/1.1 200 OK"
19:13:51 [INFO] HTTP Request: GET https://site.api.espn.com/apis/site/v2/sports/basketball/mens-college-basketball/summary?event=401825495 "HTTP/1.1 200 OK"
19:14:01 [INFO] HTTP Request: GET https://site.api.espn.com/apis/site/v2/sports/basketball/mens-college-basketball/summary?event=401825503 "HTTP/1.1 200 OK"
19:14:12 [INFO] HTTP Request: GET https://site.api.espn.com/apis/site/v2/sports/basketball/mens-college-basketball/summary?event=401825510 "HTTP/1.1 200 OK"
19:14:22 [INFO] HTTP Request: GET https://site.api.espn.com/apis/site/v2/sports/basketball/mens-college-basketball/summary?event=401817516 "HTTP/1.1 200 OK"
19:14:33 [INFO] HTTP Request: GET https://site.api.espn.com/apis/site/v2/sports/basketball/mens-college-basketball/summary?event=401825522 "HTTP/1.1 200 OK"
19:14:43 [INFO] HTTP Request: GET https://site.api.espn.com/apis/site/v2/sports/basketball/mens-college-basketball/summary?event=401825534 "HTTP/1.1 200 OK"
19:14:43 [INFO]   Loaded: 26 games, 500 player-game-stat rows
19:14:43 [INFO] 
[11/18] Oregon Ducks
19:14:43 [INFO] Scraping team: Oregon Ducks (ESPN #2483)
19:14:53 [INFO] HTTP Request: GET https://site.api.espn.com/apis/site/v2/sports/basketball/mens-college-basketball/teams/2483/schedule?season=2026 "HTTP/1.1 200 OK"
19:14:54 [INFO]   Schedule: 27 completed games
19:15:04 [INFO] HTTP Request: GET https://site.api.espn.com/apis/site/v2/sports/basketball/mens-college-basketball/summary?event=401824895 "HTTP/1.1 200 OK"
19:15:14 [INFO] HTTP Request: GET https://site.api.espn.com/apis/site/v2/sports/basketball/mens-college-basketball/summary?event=401826804 "HTTP/1.1 200 OK"
19:15:24 [INFO] HTTP Request: GET https://site.api.espn.com/apis/site/v2/sports/basketball/mens-college-basketball/summary?event=401827265 "HTTP/1.1 200 OK"
19:15:34 [INFO] HTTP Request: GET https://site.api.espn.com/apis/site/v2/sports/basketball/mens-college-basketball/summary?event=401824057 "HTTP/1.1 200 OK"
19:15:45 [INFO] HTTP Request: GET https://site.api.espn.com/apis/site/v2/sports/basketball/mens-college-basketball/summary?event=401823478 "HTTP/1.1 200 OK"
19:15:55 [INFO] HTTP Request: GET https://site.api.espn.com/apis/site/v2/sports/basketball/mens-college-basketball/summary?event=401823765 "HTTP/1.1 200 OK"
19:16:05 [INFO] HTTP Request: GET https://site.api.espn.com/apis/site/v2/sports/basketball/mens-college-basketball/summary?event=401831221 "HTTP/1.1 200 OK"
19:16:16 [INFO] HTTP Request: GET https://site.api.espn.com/apis/site/v2/sports/basketball/mens-college-basketball/summary?event=401825394 "HTTP/1.1 200 OK"
19:16:26 [INFO] HTTP Request: GET https://site.api.espn.com/apis/site/v2/sports/basketball/mens-college-basketball/summary?event=401825401 "HTTP/1.1 200 OK"
19:16:36 [INFO] HTTP Request: GET https://site.api.espn.com/apis/site/v2/sports/basketball/mens-college-basketball/summary?event=401826090 "HTTP/1.1 200 OK"
19:16:47 [INFO] HTTP Request: GET https://site.api.espn.com/apis/site/v2/sports/basketball/mens-college-basketball/summary?event=401824093 "HTTP/1.1 200 OK"
19:16:57 [INFO] HTTP Request: GET https://site.api.espn.com/apis/site/v2/sports/basketball/mens-college-basketball/summary?event=401824036 "HTTP/1.1 200 OK"
19:17:07 [INFO] HTTP Request: GET https://site.api.espn.com/apis/site/v2/sports/basketball/mens-college-basketball/summary?event=401827266 "HTTP/1.1 200 OK"
19:17:18 [INFO] HTTP Request: GET https://site.api.espn.com/apis/site/v2/sports/basketball/mens-college-basketball/summary?event=401825410 "HTTP/1.1 200 OK"
19:17:28 [INFO] HTTP Request: GET https://site.api.espn.com/apis/site/v2/sports/basketball/mens-college-basketball/summary?event=401825421 "HTTP/1.1 200 OK"
19:17:39 [INFO] HTTP Request: GET https://site.api.espn.com/apis/site/v2/sports/basketball/mens-college-basketball/summary?event=401825429 "HTTP/1.1 200 OK"
19:17:49 [INFO] HTTP Request: GET https://site.api.espn.com/apis/site/v2/sports/basketball/mens-college-basketball/summary?event=401825440 "HTTP/1.1 200 OK"
19:17:59 [INFO] HTTP Request: GET https://site.api.espn.com/apis/site/v2/sports/basketball/mens-college-basketball/summary?event=401825450 "HTTP/1.1 200 OK"
19:18:10 [INFO] HTTP Request: GET https://site.api.espn.com/apis/site/v2/sports/basketball/mens-college-basketball/summary?event=401825458 "HTTP/1.1 200 OK"
19:18:20 [INFO] HTTP Request: GET https://site.api.espn.com/apis/site/v2/sports/basketball/mens-college-basketball/summary?event=401825470 "HTTP/1.1 200 OK"
19:18:30 [INFO] HTTP Request: GET https://site.api.espn.com/apis/site/v2/sports/basketball/mens-college-basketball/summary?event=401825477 "HTTP/1.1 200 OK"
19:18:41 [INFO] HTTP Request: GET https://site.api.espn.com/apis/site/v2/sports/basketball/mens-college-basketball/summary?event=401825488 "HTTP/1.1 200 OK"
19:18:51 [INFO] HTTP Request: GET https://site.api.espn.com/apis/site/v2/sports/basketball/mens-college-basketball/summary?event=401825498 "HTTP/1.1 200 OK"
19:19:02 [INFO] HTTP Request: GET https://site.api.espn.com/apis/site/v2/sports/basketball/mens-college-basketball/summary?event=401825505 "HTTP/1.1 200 OK"
19:19:12 [INFO] HTTP Request: GET https://site.api.espn.com/apis/site/v2/sports/basketball/mens-college-basketball/summary?event=401825516 "HTTP/1.1 200 OK"
19:19:22 [INFO] HTTP Request: GET https://site.api.espn.com/apis/site/v2/sports/basketball/mens-college-basketball/summary?event=401825523 "HTTP/1.1 200 OK"
19:19:32 [INFO] HTTP Request: GET https://site.api.espn.com/apis/site/v2/sports/basketball/mens-college-basketball/summary?event=401825533 "HTTP/1.1 200 OK"
19:19:32 [INFO]   Loaded: 27 games, 544 player-game-stat rows
19:19:32 [INFO] 
[12/18] Penn State Nittany Lions
19:19:32 [INFO] Scraping team: Penn State Nittany Lions (ESPN #213)
19:19:43 [INFO] HTTP Request: GET https://site.api.espn.com/apis/site/v2/sports/basketball/mens-college-basketball/teams/213/schedule?season=2026 "HTTP/1.1 200 OK"
19:19:43 [INFO]   Schedule: 28 completed games
19:19:53 [INFO] HTTP Request: GET https://site.api.espn.com/apis/site/v2/sports/basketball/mens-college-basketball/summary?event=401823187 "HTTP/1.1 200 OK"
19:20:04 [INFO] HTTP Request: GET https://site.api.espn.com/apis/site/v2/sports/basketball/mens-college-basketball/summary?event=401827277 "HTTP/1.1 200 OK"
19:20:14 [INFO] HTTP Request: GET https://site.api.espn.com/apis/site/v2/sports/basketball/mens-college-basketball/summary?event=401820150 "HTTP/1.1 200 OK"
19:20:24 [INFO] HTTP Request: GET https://site.api.espn.com/apis/site/v2/sports/basketball/mens-college-basketball/summary?event=401822179 "HTTP/1.1 200 OK"
19:20:35 [INFO] HTTP Request: GET https://site.api.espn.com/apis/site/v2/sports/basketball/mens-college-basketball/summary?event=401812604 "HTTP/1.1 200 OK"
19:20:45 [INFO] HTTP Request: GET https://site.api.espn.com/apis/site/v2/sports/basketball/mens-college-basketball/summary?event=401826889 "HTTP/1.1 200 OK"
19:20:55 [INFO] HTTP Request: GET https://site.api.espn.com/apis/site/v2/sports/basketball/mens-college-basketball/summary?event=401824359 "HTTP/1.1 200 OK"
19:21:06 [INFO] HTTP Request: GET https://site.api.espn.com/apis/site/v2/sports/basketball/mens-college-basketball/summary?event=401823725 "HTTP/1.1 200 OK"
19:21:16 [INFO] HTTP Request: GET https://site.api.espn.com/apis/site/v2/sports/basketball/mens-college-basketball/summary?event=401827278 "HTTP/1.1 200 OK"
19:21:26 [INFO] HTTP Request: GET https://site.api.espn.com/apis/site/v2/sports/basketball/mens-college-basketball/summary?event=401825403 "HTTP/1.1 200 OK"
19:21:37 [INFO] HTTP Request: GET https://site.api.espn.com/apis/site/v2/sports/basketball/mens-college-basketball/summary?event=401825409 "HTTP/1.1 200 OK"
19:21:47 [INFO] HTTP Request: GET https://site.api.espn.com/apis/site/v2/sports/basketball/mens-college-basketball/summary?event=401817451 "HTTP/1.1 200 OK"
19:21:58 [INFO] HTTP Request: GET https://site.api.espn.com/apis/site/v2/sports/basketball/mens-college-basketball/summary?event=401827279 "HTTP/1.1 200 OK"
19:22:08 [INFO] HTTP Request: GET https://site.api.espn.com/apis/site/v2/sports/basketball/mens-college-basketball/summary?event=401825416 "HTTP/1.1 200 OK"
19:22:18 [INFO] HTTP Request: GET https://site.api.espn.com/apis/site/v2/sports/basketball/mens-college-basketball/summary?event=401825423 "HTTP/1.1 200 OK"
19:38:20 [ERROR] Request failed: https://site.api.espn.com/apis/site/v2/sports/basketball/mens-college-basketball/summary — [Errno 8] nodename nor servname provided, or not known
19:55:10 [ERROR] Request failed: https://site.api.espn.com/apis/site/v2/sports/basketball/mens-college-basketball/summary — [Errno 8] nodename nor servname provided, or not known
20:22:35 [ERROR] Request failed: https://site.api.espn.com/apis/site/v2/sports/basketball/mens-college-basketball/summary — [Errno 8] nodename nor servname provided, or not known
20:22:45 [INFO] HTTP Request: GET https://site.api.espn.com/apis/site/v2/sports/basketball/mens-college-basketball/summary?event=401825463 "HTTP/1.1 200 OK"
20:22:55 [INFO] HTTP Request: GET https://site.api.espn.com/apis/site/v2/sports/basketball/mens-college-basketball/summary?event=401825472 "HTTP/1.1 200 OK"
20:23:05 [INFO] HTTP Request: GET https://site.api.espn.com/apis/site/v2/sports/basketball/mens-college-basketball/summary?event=401825480 "HTTP/1.1 200 OK"
20:23:16 [INFO] HTTP Request: GET https://site.api.espn.com/apis/site/v2/sports/basketball/mens-college-basketball/summary?event=401825489 "HTTP/1.1 200 OK"
20:23:26 [INFO] HTTP Request: GET https://site.api.espn.com/apis/site/v2/sports/basketball/mens-college-basketball/summary?event=401825496 "HTTP/1.1 200 OK"
20:23:37 [INFO] HTTP Request: GET https://site.api.espn.com/apis/site/v2/sports/basketball/mens-college-basketball/summary?event=401825504 "HTTP/1.1 200 OK"
20:27:19 [ERROR] Request failed: https://site.api.espn.com/apis/site/v2/sports/basketball/mens-college-basketball/summary — [Errno 8] nodename nor servname provided, or not known
20:27:29 [INFO] HTTP Request: GET https://site.api.espn.com/apis/site/v2/sports/basketball/mens-college-basketball/summary?event=401825516 "HTTP/1.1 200 OK"
20:27:39 [INFO] HTTP Request: GET https://site.api.espn.com/apis/site/v2/sports/basketball/mens-college-basketball/summary?event=401825526 "HTTP/1.1 200 OK"
20:27:49 [INFO] HTTP Request: GET https://site.api.espn.com/apis/site/v2/sports/basketball/mens-college-basketball/summary?event=401825531 "HTTP/1.1 200 OK"
20:27:50 [INFO]   Loaded: 24 games, 473 player-game-stat rows
20:27:50 [INFO] 
[13/18] Purdue Boilermakers
20:27:50 [INFO] Scraping team: Purdue Boilermakers (ESPN #2509)
20:28:00 [INFO] HTTP Request: GET https://site.api.espn.com/apis/site/v2/sports/basketball/mens-college-basketball/teams/2509/schedule?season=2026 "HTTP/1.1 200 OK"
20:28:00 [INFO]   Schedule: 27 completed games
20:28:10 [INFO] HTTP Request: GET https://site.api.espn.com/apis/site/v2/sports/basketball/mens-college-basketball/summary?event=401828553 "HTTP/1.1 200 OK"
20:28:20 [INFO] HTTP Request: GET https://site.api.espn.com/apis/site/v2/sports/basketball/mens-college-basketball/summary?event=401826869 "HTTP/1.1 200 OK"
20:28:30 [INFO] HTTP Request: GET https://site.api.espn.com/apis/site/v2/sports/basketball/mens-college-basketball/summary?event=401812262 "HTTP/1.1 200 OK"
20:28:41 [INFO] HTTP Request: GET https://site.api.espn.com/apis/site/v2/sports/basketball/mens-college-basketball/summary?event=401820598 "HTTP/1.1 200 OK"
20:28:52 [INFO] HTTP Request: GET https://site.api.espn.com/apis/site/v2/sports/basketball/mens-college-basketball/summary?event=401823636 "HTTP/1.1 200 OK"
20:29:02 [INFO] HTTP Request: GET https://site.api.espn.com/apis/site/v2/sports/basketball/mens-college-basketball/summary?event=401823637 "HTTP/1.1 200 OK"
20:29:13 [INFO] HTTP Request: GET https://site.api.espn.com/apis/site/v2/sports/basketball/mens-college-basketball/summary?event=401822359 "HTTP/1.1 200 OK"
20:29:23 [INFO] HTTP Request: GET https://site.api.espn.com/apis/site/v2/sports/basketball/mens-college-basketball/summary?event=401825393 "HTTP/1.1 200 OK"
20:29:33 [INFO] HTTP Request: GET https://site.api.espn.com/apis/site/v2/sports/basketball/mens-college-basketball/summary?event=401819877 "HTTP/1.1 200 OK"
20:29:44 [INFO] HTTP Request: GET https://site.api.espn.com/apis/site/v2/sports/basketball/mens-college-basketball/summary?event=401825406 "HTTP/1.1 200 OK"
20:29:54 [INFO] HTTP Request: GET https://site.api.espn.com/apis/site/v2/sports/basketball/mens-college-basketball/summary?event=401823028 "HTTP/1.1 200 OK"
20:30:04 [INFO] HTTP Request: GET https://site.api.espn.com/apis/site/v2/sports/basketball/mens-college-basketball/summary?event=401823482 "HTTP/1.1 200 OK"
20:30:15 [INFO] HTTP Request: GET https://site.api.espn.com/apis/site/v2/sports/basketball/mens-college-basketball/summary?event=401823019 "HTTP/1.1 200 OK"
20:30:25 [INFO] HTTP Request: GET https://site.api.espn.com/apis/site/v2/sports/basketball/mens-college-basketball/summary?event=401825417 "HTTP/1.1 200 OK"
20:30:35 [INFO] HTTP Request: GET https://site.api.espn.com/apis/site/v2/sports/basketball/mens-college-basketball/summary?event=401825426 "HTTP/1.1 200 OK"
20:30:45 [INFO] HTTP Request: GET https://site.api.espn.com/apis/site/v2/sports/basketball/mens-college-basketball/summary?event=401825433 "HTTP/1.1 200 OK"
20:30:56 [INFO] HTTP Request: GET https://site.api.espn.com/apis/site/v2/sports/basketball/mens-college-basketball/summary?event=401825444 "HTTP/1.1 200 OK"
20:31:06 [INFO] HTTP Request: GET https://site.api.espn.com/apis/site/v2/sports/basketball/mens-college-basketball/summary?event=401825451 "HTTP/1.1 200 OK"
20:31:17 [INFO] HTTP Request: GET https://site.api.espn.com/apis/site/v2/sports/basketball/mens-college-basketball/summary?event=401825459 "HTTP/1.1 200 OK"
20:31:27 [INFO] HTTP Request: GET https://site.api.espn.com/apis/site/v2/sports/basketball/mens-college-basketball/summary?event=401825468 "HTTP/1.1 200 OK"
20:31:37 [INFO] HTTP Request: GET https://site.api.espn.com/apis/site/v2/sports/basketball/mens-college-basketball/summary?event=401825473 "HTTP/1.1 200 OK"
20:31:47 [INFO] HTTP Request: GET https://site.api.espn.com/apis/site/v2/sports/basketball/mens-college-basketball/summary?event=401825486 "HTTP/1.1 200 OK"
20:31:58 [INFO] HTTP Request: GET https://site.api.espn.com/apis/site/v2/sports/basketball/mens-college-basketball/summary?event=401825498 "HTTP/1.1 200 OK"
20:32:09 [INFO] HTTP Request: GET https://site.api.espn.com/apis/site/v2/sports/basketball/mens-college-basketball/summary?event=401825507 "HTTP/1.1 200 OK"
20:32:19 [INFO] HTTP Request: GET https://site.api.espn.com/apis/site/v2/sports/basketball/mens-college-basketball/summary?event=401825513 "HTTP/1.1 200 OK"
20:32:48 [INFO] HTTP Request: GET https://site.api.espn.com/apis/site/v2/sports/basketball/mens-college-basketball/summary?event=401825524 "HTTP/1.1 200 OK"
20:32:58 [INFO] HTTP Request: GET https://site.api.espn.com/apis/site/v2/sports/basketball/mens-college-basketball/summary?event=401825528 "HTTP/1.1 200 OK"
20:32:59 [INFO]   Loaded: 27 games, 541 player-game-stat rows
20:32:59 [INFO] 
[14/18] Rutgers Scarlet Knights
20:32:59 [INFO] Scraping team: Rutgers Scarlet Knights (ESPN #164)
20:33:09 [INFO] HTTP Request: GET https://site.api.espn.com/apis/site/v2/sports/basketball/mens-college-basketball/teams/164/schedule?season=2026 "HTTP/1.1 200 OK"
20:33:09 [INFO]   Schedule: 28 completed games
20:33:20 [INFO] HTTP Request: GET https://site.api.espn.com/apis/site/v2/sports/basketball/mens-college-basketball/summary?event=401812626 "HTTP/1.1 200 OK"
20:33:30 [INFO] HTTP Request: GET https://site.api.espn.com/apis/site/v2/sports/basketball/mens-college-basketball/summary?event=401820623 "HTTP/1.1 200 OK"
20:33:41 [INFO] HTTP Request: GET https://site.api.espn.com/apis/site/v2/sports/basketball/mens-college-basketball/summary?event=401827433 "HTTP/1.1 200 OK"
20:33:51 [INFO] HTTP Request: GET https://site.api.espn.com/apis/site/v2/sports/basketball/mens-college-basketball/summary?event=401827434 "HTTP/1.1 200 OK"
20:34:02 [INFO] HTTP Request: GET https://site.api.espn.com/apis/site/v2/sports/basketball/mens-college-basketball/summary?event=401812646 "HTTP/1.1 200 OK"
20:34:12 [INFO] HTTP Request: GET https://site.api.espn.com/apis/site/v2/sports/basketball/mens-college-basketball/summary?event=401827435 "HTTP/1.1 200 OK"
20:34:22 [INFO] HTTP Request: GET https://site.api.espn.com/apis/site/v2/sports/basketball/mens-college-basketball/summary?event=401817437 "HTTP/1.1 200 OK"
20:34:33 [INFO] HTTP Request: GET https://site.api.espn.com/apis/site/v2/sports/basketball/mens-college-basketball/summary?event=401831222 "HTTP/1.1 200 OK"
20:34:43 [INFO] HTTP Request: GET https://site.api.espn.com/apis/site/v2/sports/basketball/mens-college-basketball/summary?event=401825393 "HTTP/1.1 200 OK"
20:34:54 [INFO] HTTP Request: GET https://site.api.espn.com/apis/site/v2/sports/basketball/mens-college-basketball/summary?event=401825400 "HTTP/1.1 200 OK"
20:35:04 [INFO] HTTP Request: GET https://site.api.espn.com/apis/site/v2/sports/basketball/mens-college-basketball/summary?event=401826894 "HTTP/1.1 200 OK"
20:35:14 [INFO] HTTP Request: GET https://site.api.espn.com/apis/site/v2/sports/basketball/mens-college-basketball/summary?event=401812582 "HTTP/1.1 200 OK"
20:35:25 [INFO] HTTP Request: GET https://site.api.espn.com/apis/site/v2/sports/basketball/mens-college-basketball/summary?event=401827436 "HTTP/1.1 200 OK"
20:35:35 [INFO] HTTP Request: GET https://site.api.espn.com/apis/site/v2/sports/basketball/mens-college-basketball/summary?event=401825413 "HTTP/1.1 200 OK"
20:35:46 [INFO] HTTP Request: GET https://site.api.espn.com/apis/site/v2/sports/basketball/mens-college-basketball/summary?event=401825421 "HTTP/1.1 200 OK"
20:35:56 [INFO] HTTP Request: GET https://site.api.espn.com/apis/site/v2/sports/basketball/mens-college-basketball/summary?event=401825427 "HTTP/1.1 200 OK"
20:36:06 [INFO] HTTP Request: GET https://site.api.espn.com/apis/site/v2/sports/basketball/mens-college-basketball/summary?event=401825436 "HTTP/1.1 200 OK"
20:36:16 [INFO] HTTP Request: GET https://site.api.espn.com/apis/site/v2/sports/basketball/mens-college-basketball/summary?event=401825453 "HTTP/1.1 200 OK"
20:36:26 [INFO] HTTP Request: GET https://site.api.espn.com/apis/site/v2/sports/basketball/mens-college-basketball/summary?event=401825455 "HTTP/1.1 200 OK"
20:36:37 [INFO] HTTP Request: GET https://site.api.espn.com/apis/site/v2/sports/basketball/mens-college-basketball/summary?event=401825465 "HTTP/1.1 200 OK"
20:36:47 [INFO] HTTP Request: GET https://site.api.espn.com/apis/site/v2/sports/basketball/mens-college-basketball/summary?event=401825475 "HTTP/1.1 200 OK"
20:36:57 [INFO] HTTP Request: GET https://site.api.espn.com/apis/site/v2/sports/basketball/mens-college-basketball/summary?event=401825484 "HTTP/1.1 200 OK"
20:37:08 [INFO] HTTP Request: GET https://site.api.espn.com/apis/site/v2/sports/basketball/mens-college-basketball/summary?event=401825490 "HTTP/1.1 200 OK"
20:37:18 [INFO] HTTP Request: GET https://site.api.espn.com/apis/site/v2/sports/basketball/mens-college-basketball/summary?event=401825499 "HTTP/1.1 200 OK"
20:37:28 [INFO] HTTP Request: GET https://site.api.espn.com/apis/site/v2/sports/basketball/mens-college-basketball/summary?event=401825519 "HTTP/1.1 200 OK"
20:37:38 [INFO] HTTP Request: GET https://site.api.espn.com/apis/site/v2/sports/basketball/mens-college-basketball/summary?event=401825526 "HTTP/1.1 200 OK"
20:37:49 [INFO] HTTP Request: GET https://site.api.espn.com/apis/site/v2/sports/basketball/mens-college-basketball/summary?event=401825530 "HTTP/1.1 200 OK"
20:37:59 [INFO] HTTP Request: GET https://site.api.espn.com/apis/site/v2/sports/basketball/mens-college-basketball/summary?event=401825538 "HTTP/1.1 200 OK"
20:37:59 [INFO]   Loaded: 28 games, 597 player-game-stat rows
20:37:59 [INFO] 
[15/18] UCLA Bruins
20:37:59 [INFO] Scraping team: UCLA Bruins (ESPN #26)
20:38:09 [INFO] HTTP Request: GET https://site.api.espn.com/apis/site/v2/sports/basketball/mens-college-basketball/teams/26/schedule?season=2026 "HTTP/1.1 200 OK"
20:38:09 [INFO]   Schedule: 28 completed games
20:38:20 [INFO] HTTP Request: GET https://site.api.espn.com/apis/site/v2/sports/basketball/mens-college-basketball/summary?event=401813756 "HTTP/1.1 200 OK"
20:38:30 [INFO] HTTP Request: GET https://site.api.espn.com/apis/site/v2/sports/basketball/mens-college-basketball/summary?event=401813757 "HTTP/1.1 200 OK"
20:38:41 [INFO] HTTP Request: GET https://site.api.espn.com/apis/site/v2/sports/basketball/mens-college-basketball/summary?event=401813758 "HTTP/1.1 200 OK"
20:38:51 [INFO] HTTP Request: GET https://site.api.espn.com/apis/site/v2/sports/basketball/mens-college-basketball/summary?event=401813759 "HTTP/1.1 200 OK"
20:39:02 [INFO] HTTP Request: GET https://site.api.espn.com/apis/site/v2/sports/basketball/mens-college-basketball/summary?event=401813760 "HTTP/1.1 200 OK"
20:39:12 [INFO] HTTP Request: GET https://site.api.espn.com/apis/site/v2/sports/basketball/mens-college-basketball/summary?event=401813761 "HTTP/1.1 200 OK"
20:39:22 [INFO] HTTP Request: GET https://site.api.espn.com/apis/site/v2/sports/basketball/mens-college-basketball/summary?event=401813762 "HTTP/1.1 200 OK"
20:39:33 [INFO] HTTP Request: GET https://site.api.espn.com/apis/site/v2/sports/basketball/mens-college-basketball/summary?event=401825396 "HTTP/1.1 200 OK"
20:39:43 [INFO] HTTP Request: GET https://site.api.espn.com/apis/site/v2/sports/basketball/mens-college-basketball/summary?event=401825401 "HTTP/1.1 200 OK"
20:39:53 [INFO] HTTP Request: GET https://site.api.espn.com/apis/site/v2/sports/basketball/mens-college-basketball/summary?event=401813763 "HTTP/1.1 200 OK"
20:40:03 [INFO] HTTP Request: GET https://site.api.espn.com/apis/site/v2/sports/basketball/mens-college-basketball/summary?event=401813764 "HTTP/1.1 200 OK"
20:40:14 [INFO] HTTP Request: GET https://site.api.espn.com/apis/site/v2/sports/basketball/mens-college-basketball/summary?event=401813765 "HTTP/1.1 200 OK"
20:40:24 [INFO] HTTP Request: GET https://site.api.espn.com/apis/site/v2/sports/basketball/mens-college-basketball/summary?event=401813766 "HTTP/1.1 200 OK"
20:40:34 [INFO] HTTP Request: GET https://site.api.espn.com/apis/site/v2/sports/basketball/mens-college-basketball/summary?event=401825414 "HTTP/1.1 200 OK"
20:40:45 [INFO] HTTP Request: GET https://site.api.espn.com/apis/site/v2/sports/basketball/mens-college-basketball/summary?event=401825424 "HTTP/1.1 200 OK"
20:40:55 [INFO] HTTP Request: GET https://site.api.espn.com/apis/site/v2/sports/basketball/mens-college-basketball/summary?event=401825434 "HTTP/1.1 200 OK"
20:41:06 [INFO] HTTP Request: GET https://site.api.espn.com/apis/site/v2/sports/basketball/mens-college-basketball/summary?event=401825443 "HTTP/1.1 200 OK"
20:41:16 [INFO] HTTP Request: GET https://site.api.espn.com/apis/site/v2/sports/basketball/mens-college-basketball/summary?event=401825449 "HTTP/1.1 200 OK"
20:41:26 [INFO] HTTP Request: GET https://site.api.espn.com/apis/site/v2/sports/basketball/mens-college-basketball/summary?event=401825459 "HTTP/1.1 200 OK"
20:41:37 [INFO] HTTP Request: GET https://site.api.espn.com/apis/site/v2/sports/basketball/mens-college-basketball/summary?event=401825469 "HTTP/1.1 200 OK"
20:41:47 [INFO] HTTP Request: GET https://site.api.espn.com/apis/site/v2/sports/basketball/mens-college-basketball/summary?event=401825477 "HTTP/1.1 200 OK"
20:41:57 [INFO] HTTP Request: GET https://site.api.espn.com/apis/site/v2/sports/basketball/mens-college-basketball/summary?event=401825483 "HTTP/1.1 200 OK"
20:42:07 [INFO] HTTP Request: GET https://site.api.espn.com/apis/site/v2/sports/basketball/mens-college-basketball/summary?event=401825490 "HTTP/1.1 200 OK"
20:42:18 [INFO] HTTP Request: GET https://site.api.espn.com/apis/site/v2/sports/basketball/mens-college-basketball/summary?event=401825500 "HTTP/1.1 200 OK"
20:42:28 [INFO] HTTP Request: GET https://site.api.espn.com/apis/site/v2/sports/basketball/mens-college-basketball/summary?event=401825514 "HTTP/1.1 200 OK"
20:42:38 [INFO] HTTP Request: GET https://site.api.espn.com/apis/site/v2/sports/basketball/mens-college-basketball/summary?event=401825521 "HTTP/1.1 200 OK"
20:42:49 [INFO] HTTP Request: GET https://site.api.espn.com/apis/site/v2/sports/basketball/mens-college-basketball/summary?event=401825532 "HTTP/1.1 200 OK"
20:42:59 [INFO] HTTP Request: GET https://site.api.espn.com/apis/site/v2/sports/basketball/mens-college-basketball/summary?event=401825539 "HTTP/1.1 200 OK"
20:42:59 [INFO]   Loaded: 28 games, 545 player-game-stat rows
20:42:59 [INFO] 
[16/18] USC Trojans
20:42:59 [INFO] Scraping team: USC Trojans (ESPN #30)
20:43:09 [INFO] HTTP Request: GET https://site.api.espn.com/apis/site/v2/sports/basketball/mens-college-basketball/teams/30/schedule?season=2026 "HTTP/1.1 200 OK"
20:43:09 [INFO]   Schedule: 28 completed games
20:43:20 [INFO] HTTP Request: GET https://site.api.espn.com/apis/site/v2/sports/basketball/mens-college-basketball/summary?event=401827439 "HTTP/1.1 200 OK"
20:43:30 [INFO] HTTP Request: GET https://site.api.espn.com/apis/site/v2/sports/basketball/mens-college-basketball/summary?event=401823858 "HTTP/1.1 200 OK"
20:43:40 [INFO] HTTP Request: GET https://site.api.espn.com/apis/site/v2/sports/basketball/mens-college-basketball/summary?event=401813255 "HTTP/1.1 200 OK"
20:43:51 [INFO] HTTP Request: GET https://site.api.espn.com/apis/site/v2/sports/basketball/mens-college-basketball/summary?event=401827210 "HTTP/1.1 200 OK"
20:44:01 [INFO] HTTP Request: GET https://site.api.espn.com/apis/site/v2/sports/basketball/mens-college-basketball/summary?event=401823818 "HTTP/1.1 200 OK"
20:44:12 [INFO] HTTP Request: GET https://site.api.espn.com/apis/site/v2/sports/basketball/mens-college-basketball/summary?event=401831196 "HTTP/1.1 200 OK"
20:44:22 [INFO] HTTP Request: GET https://site.api.espn.com/apis/site/v2/sports/basketball/mens-college-basketball/summary?event=401831200 "HTTP/1.1 200 OK"
20:44:33 [INFO] HTTP Request: GET https://site.api.espn.com/apis/site/v2/sports/basketball/mens-college-basketball/summary?event=401825394 "HTTP/1.1 200 OK"
20:44:43 [INFO] HTTP Request: GET https://site.api.espn.com/apis/site/v2/sports/basketball/mens-college-basketball/summary?event=401825402 "HTTP/1.1 200 OK"
20:44:53 [INFO] HTTP Request: GET https://site.api.espn.com/apis/site/v2/sports/basketball/mens-college-basketball/summary?event=401824114 "HTTP/1.1 200 OK"
20:45:04 [INFO] HTTP Request: GET https://site.api.espn.com/apis/site/v2/sports/basketball/mens-college-basketball/summary?event=401824140 "HTTP/1.1 200 OK"
20:45:14 [INFO] HTTP Request: GET https://site.api.espn.com/apis/site/v2/sports/basketball/mens-college-basketball/summary?event=401827440 "HTTP/1.1 200 OK"
20:45:24 [INFO] HTTP Request: GET https://site.api.espn.com/apis/site/v2/sports/basketball/mens-college-basketball/summary?event=401842364 "HTTP/1.1 200 OK"
20:45:34 [INFO] HTTP Request: GET https://site.api.espn.com/apis/site/v2/sports/basketball/mens-college-basketball/summary?event=401825411 "HTTP/1.1 200 OK"
20:45:45 [INFO] HTTP Request: GET https://site.api.espn.com/apis/site/v2/sports/basketball/mens-college-basketball/summary?event=401825419 "HTTP/1.1 200 OK"
20:45:55 [INFO] HTTP Request: GET https://site.api.espn.com/apis/site/v2/sports/basketball/mens-college-basketball/summary?event=401825430 "HTTP/1.1 200 OK"
20:46:05 [INFO] HTTP Request: GET https://site.api.espn.com/apis/site/v2/sports/basketball/mens-college-basketball/summary?event=401825441 "HTTP/1.1 200 OK"
20:46:16 [INFO] HTTP Request: GET https://site.api.espn.com/apis/site/v2/sports/basketball/mens-college-basketball/summary?event=401825451 "HTTP/1.1 200 OK"
20:46:26 [INFO] HTTP Request: GET https://site.api.espn.com/apis/site/v2/sports/basketball/mens-college-basketball/summary?event=401825462 "HTTP/1.1 200 OK"
20:46:37 [INFO] HTTP Request: GET https://site.api.espn.com/apis/site/v2/sports/basketball/mens-college-basketball/summary?event=401825471 "HTTP/1.1 200 OK"
20:46:47 [INFO] HTTP Request: GET https://site.api.espn.com/apis/site/v2/sports/basketball/mens-college-basketball/summary?event=401825476 "HTTP/1.1 200 OK"
20:46:57 [INFO] HTTP Request: GET https://site.api.espn.com/apis/site/v2/sports/basketball/mens-college-basketball/summary?event=401825484 "HTTP/1.1 200 OK"
20:47:08 [INFO] HTTP Request: GET https://site.api.espn.com/apis/site/v2/sports/basketball/mens-college-basketball/summary?event=401825491 "HTTP/1.1 200 OK"
20:47:19 [INFO] HTTP Request: GET https://site.api.espn.com/apis/site/v2/sports/basketball/mens-college-basketball/summary?event=401825504 "HTTP/1.1 200 OK"
20:47:29 [INFO] HTTP Request: GET https://site.api.espn.com/apis/site/v2/sports/basketball/mens-college-basketball/summary?event=401825510 "HTTP/1.1 200 OK"
20:47:40 [INFO] HTTP Request: GET https://site.api.espn.com/apis/site/v2/sports/basketball/mens-college-basketball/summary?event=401825527 "HTTP/1.1 200 OK"
20:47:50 [INFO] HTTP Request: GET https://site.api.espn.com/apis/site/v2/sports/basketball/mens-college-basketball/summary?event=401825533 "HTTP/1.1 200 OK"
20:48:00 [INFO] HTTP Request: GET https://site.api.espn.com/apis/site/v2/sports/basketball/mens-college-basketball/summary?event=401825539 "HTTP/1.1 200 OK"
20:48:00 [INFO]   Loaded: 28 games, 573 player-game-stat rows
20:48:00 [INFO] 
[17/18] Washington Huskies
20:48:00 [INFO] Scraping team: Washington Huskies (ESPN #264)
20:48:10 [INFO] HTTP Request: GET https://site.api.espn.com/apis/site/v2/sports/basketball/mens-college-basketball/teams/264/schedule?season=2026 "HTTP/1.1 200 OK"
20:48:10 [INFO]   Schedule: 28 completed games
20:48:21 [INFO] HTTP Request: GET https://site.api.espn.com/apis/site/v2/sports/basketball/mens-college-basketball/summary?event=401827127 "HTTP/1.1 200 OK"
20:48:31 [INFO] HTTP Request: GET https://site.api.espn.com/apis/site/v2/sports/basketball/mens-college-basketball/summary?event=401826738 "HTTP/1.1 200 OK"
20:48:41 [INFO] HTTP Request: GET https://site.api.espn.com/apis/site/v2/sports/basketball/mens-college-basketball/summary?event=401819824 "HTTP/1.1 200 OK"
20:48:51 [INFO] HTTP Request: GET https://site.api.espn.com/apis/site/v2/sports/basketball/mens-college-basketball/summary?event=401824136 "HTTP/1.1 200 OK"
20:49:02 [INFO] HTTP Request: GET https://site.api.espn.com/apis/site/v2/sports/basketball/mens-college-basketball/summary?event=401827013 "HTTP/1.1 200 OK"
20:49:12 [INFO] HTTP Request: GET https://site.api.espn.com/apis/site/v2/sports/basketball/mens-college-basketball/summary?event=401827268 "HTTP/1.1 200 OK"
20:49:23 [INFO] HTTP Request: GET https://site.api.espn.com/apis/site/v2/sports/basketball/mens-college-basketball/summary?event=401830749 "HTTP/1.1 200 OK"
20:49:33 [INFO] HTTP Request: GET https://site.api.espn.com/apis/site/v2/sports/basketball/mens-college-basketball/summary?event=401825396 "HTTP/1.1 200 OK"
20:49:43 [INFO] HTTP Request: GET https://site.api.espn.com/apis/site/v2/sports/basketball/mens-college-basketball/summary?event=401825402 "HTTP/1.1 200 OK"
20:49:54 [INFO] HTTP Request: GET https://site.api.espn.com/apis/site/v2/sports/basketball/mens-college-basketball/summary?event=401823548 "HTTP/1.1 200 OK"
20:50:04 [INFO] HTTP Request: GET https://site.api.espn.com/apis/site/v2/sports/basketball/mens-college-basketball/summary?event=401824132 "HTTP/1.1 200 OK"
20:50:14 [INFO] HTTP Request: GET https://site.api.espn.com/apis/site/v2/sports/basketball/mens-college-basketball/summary?event=401824117 "HTTP/1.1 200 OK"
20:50:25 [INFO] HTTP Request: GET https://site.api.espn.com/apis/site/v2/sports/basketball/mens-college-basketball/summary?event=401819914 "HTTP/1.1 200 OK"
20:50:35 [INFO] HTTP Request: GET https://site.api.espn.com/apis/site/v2/sports/basketball/mens-college-basketball/summary?event=401825418 "HTTP/1.1 200 OK"
20:50:45 [INFO] HTTP Request: GET https://site.api.espn.com/apis/site/v2/sports/basketball/mens-college-basketball/summary?event=401825426 "HTTP/1.1 200 OK"
20:50:55 [INFO] HTTP Request: GET https://site.api.espn.com/apis/site/v2/sports/basketball/mens-college-basketball/summary?event=401825437 "HTTP/1.1 200 OK"
20:51:06 [INFO] HTTP Request: GET https://site.api.espn.com/apis/site/v2/sports/basketball/mens-college-basketball/summary?event=401825445 "HTTP/1.1 200 OK"
20:51:16 [INFO] HTTP Request: GET https://site.api.espn.com/apis/site/v2/sports/basketball/mens-college-basketball/summary?event=401825452 "HTTP/1.1 200 OK"
20:51:27 [INFO] HTTP Request: GET https://site.api.espn.com/apis/site/v2/sports/basketball/mens-college-basketball/summary?event=401825461 "HTTP/1.1 200 OK"
20:51:37 [INFO] HTTP Request: GET https://site.api.espn.com/apis/site/v2/sports/basketball/mens-college-basketball/summary?event=401825470 "HTTP/1.1 200 OK"
20:51:48 [INFO] HTTP Request: GET https://site.api.espn.com/apis/site/v2/sports/basketball/mens-college-basketball/summary?event=401825479 "HTTP/1.1 200 OK"
20:51:58 [INFO] HTTP Request: GET https://site.api.espn.com/apis/site/v2/sports/basketball/mens-college-basketball/summary?event=401825482 "HTTP/1.1 200 OK"
20:52:08 [INFO] HTTP Request: GET https://site.api.espn.com/apis/site/v2/sports/basketball/mens-college-basketball/summary?event=401825494 "HTTP/1.1 200 OK"
20:52:19 [INFO] HTTP Request: GET https://site.api.espn.com/apis/site/v2/sports/basketball/mens-college-basketball/summary?event=401825500 "HTTP/1.1 200 OK"
20:52:29 [INFO] HTTP Request: GET https://site.api.espn.com/apis/site/v2/sports/basketball/mens-college-basketball/summary?event=401825511 "HTTP/1.1 200 OK"
20:52:39 [INFO] HTTP Request: GET https://site.api.espn.com/apis/site/v2/sports/basketball/mens-college-basketball/summary?event=401825517 "HTTP/1.1 200 OK"
20:52:49 [INFO] HTTP Request: GET https://site.api.espn.com/apis/site/v2/sports/basketball/mens-college-basketball/summary?event=401825529 "HTTP/1.1 200 OK"
20:53:00 [INFO] HTTP Request: GET https://site.api.espn.com/apis/site/v2/sports/basketball/mens-college-basketball/summary?event=401825538 "HTTP/1.1 200 OK"
20:53:00 [INFO]   Loaded: 28 games, 521 player-game-stat rows
20:53:00 [INFO] 
[18/18] Wisconsin Badgers
20:53:00 [INFO] Scraping team: Wisconsin Badgers (ESPN #275)
20:53:10 [INFO] HTTP Request: GET https://site.api.espn.com/apis/site/v2/sports/basketball/mens-college-basketball/teams/275/schedule?season=2026 "HTTP/1.1 200 OK"
20:53:10 [INFO]   Schedule: 27 completed games
20:53:20 [INFO] HTTP Request: GET https://site.api.espn.com/apis/site/v2/sports/basketball/mens-college-basketball/summary?event=401826911 "HTTP/1.1 200 OK"
20:53:31 [INFO] HTTP Request: GET https://site.api.espn.com/apis/site/v2/sports/basketball/mens-college-basketball/summary?event=401823461 "HTTP/1.1 200 OK"
20:53:41 [INFO] HTTP Request: GET https://site.api.espn.com/apis/site/v2/sports/basketball/mens-college-basketball/summary?event=401822319 "HTTP/1.1 200 OK"
20:53:51 [INFO] HTTP Request: GET https://site.api.espn.com/apis/site/v2/sports/basketball/mens-college-basketball/summary?event=401826912 "HTTP/1.1 200 OK"
20:54:01 [INFO] HTTP Request: GET https://site.api.espn.com/apis/site/v2/sports/basketball/mens-college-basketball/summary?event=401819836 "HTTP/1.1 200 OK"
20:54:12 [INFO] HTTP Request: GET https://site.api.espn.com/apis/site/v2/sports/basketball/mens-college-basketball/summary?event=401826890 "HTTP/1.1 200 OK"
20:54:22 [INFO] HTTP Request: GET https://site.api.espn.com/apis/site/v2/sports/basketball/mens-college-basketball/summary?event=401831224 "HTTP/1.1 200 OK"
20:54:32 [INFO] HTTP Request: GET https://site.api.espn.com/apis/site/v2/sports/basketball/mens-college-basketball/summary?event=401825397 "HTTP/1.1 200 OK"
20:54:42 [INFO] HTTP Request: GET https://site.api.espn.com/apis/site/v2/sports/basketball/mens-college-basketball/summary?event=401823027 "HTTP/1.1 200 OK"
20:54:53 [INFO] HTTP Request: GET https://site.api.espn.com/apis/site/v2/sports/basketball/mens-college-basketball/summary?event=401825405 "HTTP/1.1 200 OK"
20:55:03 [INFO] HTTP Request: GET https://site.api.espn.com/apis/site/v2/sports/basketball/mens-college-basketball/summary?event=401823567 "HTTP/1.1 200 OK"
20:55:14 [INFO] HTTP Request: GET https://site.api.espn.com/apis/site/v2/sports/basketball/mens-college-basketball/summary?event=401823459 "HTTP/1.1 200 OK"
20:55:24 [INFO] HTTP Request: GET https://site.api.espn.com/apis/site/v2/sports/basketball/mens-college-basketball/summary?event=401822316 "HTTP/1.1 200 OK"
20:55:34 [INFO] HTTP Request: GET https://site.api.espn.com/apis/site/v2/sports/basketball/mens-college-basketball/summary?event=401825417 "HTTP/1.1 200 OK"
20:55:44 [INFO] HTTP Request: GET https://site.api.espn.com/apis/site/v2/sports/basketball/mens-college-basketball/summary?event=401825424 "HTTP/1.1 200 OK"
20:55:55 [INFO] HTTP Request: GET https://site.api.espn.com/apis/site/v2/sports/basketball/mens-college-basketball/summary?event=401825432 "HTTP/1.1 200 OK"
20:56:05 [INFO] HTTP Request: GET https://site.api.espn.com/apis/site/v2/sports/basketball/mens-college-basketball/summary?event=401825439 "HTTP/1.1 200 OK"
20:56:15 [INFO] HTTP Request: GET https://site.api.espn.com/apis/site/v2/sports/basketball/mens-college-basketball/summary?event=401825453 "HTTP/1.1 200 OK"
20:56:25 [INFO] HTTP Request: GET https://site.api.espn.com/apis/site/v2/sports/basketball/mens-college-basketball/summary?event=401825463 "HTTP/1.1 200 OK"
20:56:36 [INFO] HTTP Request: GET https://site.api.espn.com/apis/site/v2/sports/basketball/mens-college-basketball/summary?event=401825471 "HTTP/1.1 200 OK"
20:56:46 [INFO] HTTP Request: GET https://site.api.espn.com/apis/site/v2/sports/basketball/mens-college-basketball/summary?event=401825478 "HTTP/1.1 200 OK"
20:56:57 [INFO] HTTP Request: GET https://site.api.espn.com/apis/site/v2/sports/basketball/mens-college-basketball/summary?event=401825485 "HTTP/1.1 200 OK"
20:57:07 [INFO] HTTP Request: GET https://site.api.espn.com/apis/site/v2/sports/basketball/mens-college-basketball/summary?event=401825497 "HTTP/1.1 200 OK"
20:57:17 [INFO] HTTP Request: GET https://site.api.espn.com/apis/site/v2/sports/basketball/mens-college-basketball/summary?event=401825506 "HTTP/1.1 200 OK"
20:57:28 [INFO] HTTP Request: GET https://site.api.espn.com/apis/site/v2/sports/basketball/mens-college-basketball/summary?event=401825512 "HTTP/1.1 200 OK"
20:57:38 [INFO] HTTP Request: GET https://site.api.espn.com/apis/site/v2/sports/basketball/mens-college-basketball/summary?event=401825522 "HTTP/1.1 200 OK"
20:57:48 [INFO] HTTP Request: GET https://site.api.espn.com/apis/site/v2/sports/basketball/mens-college-basketball/summary?event=401825535 "HTTP/1.1 200 OK"
20:57:48 [INFO]   Loaded: 27 games, 565 player-game-stat rows
20:57:48 [INFO] 
============================================================
20:57:48 [INFO]   BATCH COMPLETE: 18 teams, 491 games, 9757 PGS rows
20:57:48 [INFO] ============================================================

============================================================
  ESPN BATCH — FINAL SUMMARY
============================================================
  Total teams:                2280
  Total players:              25026
  Total games:                10242
  Total player_game_stats:    247911
============================================================
