15:56:11 [INFO] Batch: 10 NCAA D1 teams via ESPN
15:56:11 [INFO] 
[1/10] American University Eagles
15:56:11 [INFO] Scraping team: American University Eagles (ESPN #44)
15:56:13 [INFO] HTTP Request: GET https://site.api.espn.com/apis/site/v2/sports/basketball/mens-college-basketball/teams/44/schedule?season=2026 "HTTP/1.1 200 OK"
15:56:13 [INFO]   Schedule: 30 completed games
15:56:23 [INFO] HTTP Request: GET https://site.api.espn.com/apis/site/v2/sports/basketball/mens-college-basketball/summary?event=401817527 "HTTP/1.1 200 OK"
15:56:34 [INFO] HTTP Request: GET https://site.api.espn.com/apis/site/v2/sports/basketball/mens-college-basketball/summary?event=401812574 "HTTP/1.1 200 OK"
15:56:45 [INFO] HTTP Request: GET https://site.api.espn.com/apis/site/v2/sports/basketball/mens-college-basketball/summary?event=401817143 "HTTP/1.1 200 OK"
15:56:55 [INFO] HTTP Request: GET https://site.api.espn.com/apis/site/v2/sports/basketball/mens-college-basketball/summary?event=401828671 "HTTP/1.1 200 OK"
15:57:06 [INFO] HTTP Request: GET https://site.api.espn.com/apis/site/v2/sports/basketball/mens-college-basketball/summary?event=401827434 "HTTP/1.1 200 OK"
15:57:17 [INFO] HTTP Request: GET https://site.api.espn.com/apis/site/v2/sports/basketball/mens-college-basketball/summary?event=401828672 "HTTP/1.1 200 OK"
15:57:27 [INFO] HTTP Request: GET https://site.api.espn.com/apis/site/v2/sports/basketball/mens-college-basketball/summary?event=401829395 "HTTP/1.1 200 OK"
15:57:38 [INFO] HTTP Request: GET https://site.api.espn.com/apis/site/v2/sports/basketball/mens-college-basketball/summary?event=401822836 "HTTP/1.1 200 OK"
15:57:49 [INFO] HTTP Request: GET https://site.api.espn.com/apis/site/v2/sports/basketball/mens-college-basketball/summary?event=401826993 "HTTP/1.1 200 OK"
15:57:59 [INFO] HTTP Request: GET https://site.api.espn.com/apis/site/v2/sports/basketball/mens-college-basketball/summary?event=401827515 "HTTP/1.1 200 OK"
15:58:10 [INFO] HTTP Request: GET https://site.api.espn.com/apis/site/v2/sports/basketball/mens-college-basketball/summary?event=401823041 "HTTP/1.1 200 OK"
15:58:21 [INFO] HTTP Request: GET https://site.api.espn.com/apis/site/v2/sports/basketball/mens-college-basketball/summary?event=401822741 "HTTP/1.1 200 OK"
15:58:31 [INFO] HTTP Request: GET https://site.api.espn.com/apis/site/v2/sports/basketball/mens-college-basketball/summary?event=401817515 "HTTP/1.1 200 OK"
15:58:42 [INFO] HTTP Request: GET https://site.api.espn.com/apis/site/v2/sports/basketball/mens-college-basketball/summary?event=401820193 "HTTP/1.1 200 OK"
15:58:53 [INFO] HTTP Request: GET https://site.api.espn.com/apis/site/v2/sports/basketball/mens-college-basketball/summary?event=401824364 "HTTP/1.1 200 OK"
15:59:04 [INFO] HTTP Request: GET https://site.api.espn.com/apis/site/v2/sports/basketball/mens-college-basketball/summary?event=401828673 "HTTP/1.1 200 OK"
15:59:14 [INFO] HTTP Request: GET https://site.api.espn.com/apis/site/v2/sports/basketball/mens-college-basketball/summary?event=401824386 "HTTP/1.1 200 OK"
15:59:25 [INFO] HTTP Request: GET https://site.api.espn.com/apis/site/v2/sports/basketball/mens-college-basketball/summary?event=401820164 "HTTP/1.1 200 OK"
15:59:36 [INFO] HTTP Request: GET https://site.api.espn.com/apis/site/v2/sports/basketball/mens-college-basketball/summary?event=401826819 "HTTP/1.1 200 OK"
15:59:46 [INFO] HTTP Request: GET https://site.api.espn.com/apis/site/v2/sports/basketball/mens-college-basketball/summary?event=401828674 "HTTP/1.1 200 OK"
15:59:57 [INFO] HTTP Request: GET https://site.api.espn.com/apis/site/v2/sports/basketball/mens-college-basketball/summary?event=401824389 "HTTP/1.1 200 OK"
16:00:07 [INFO] HTTP Request: GET https://site.api.espn.com/apis/site/v2/sports/basketball/mens-college-basketball/summary?event=401820201 "HTTP/1.1 200 OK"
16:00:18 [INFO] HTTP Request: GET https://site.api.espn.com/apis/site/v2/sports/basketball/mens-college-basketball/summary?event=401828675 "HTTP/1.1 200 OK"
16:00:29 [INFO] HTTP Request: GET https://site.api.espn.com/apis/site/v2/sports/basketball/mens-college-basketball/summary?event=401828676 "HTTP/1.1 200 OK"
16:00:39 [INFO] HTTP Request: GET https://site.api.espn.com/apis/site/v2/sports/basketball/mens-college-basketball/summary?event=401820171 "HTTP/1.1 200 OK"
16:00:51 [INFO] HTTP Request: GET https://site.api.espn.com/apis/site/v2/sports/basketball/mens-college-basketball/summary?event=401828677 "HTTP/1.1 200 OK"
16:01:01 [INFO] HTTP Request: GET https://site.api.espn.com/apis/site/v2/sports/basketball/mens-college-basketball/summary?event=401826823 "HTTP/1.1 200 OK"
16:01:12 [INFO] HTTP Request: GET https://site.api.espn.com/apis/site/v2/sports/basketball/mens-college-basketball/summary?event=401828678 "HTTP/1.1 200 OK"
16:01:23 [INFO] HTTP Request: GET https://site.api.espn.com/apis/site/v2/sports/basketball/mens-college-basketball/summary?event=401828679 "HTTP/1.1 200 OK"
16:01:34 [INFO] HTTP Request: GET https://site.api.espn.com/apis/site/v2/sports/basketball/mens-college-basketball/summary?event=401828680 "HTTP/1.1 200 OK"
16:01:34 [INFO]   Loaded: 30 games, 592 player-game-stat rows
16:01:34 [INFO] 
[2/10] Army Black Knights
16:01:34 [INFO] Scraping team: Army Black Knights (ESPN #349)
16:01:44 [INFO] HTTP Request: GET https://site.api.espn.com/apis/site/v2/sports/basketball/mens-college-basketball/teams/349/schedule?season=2026 "HTTP/1.1 200 OK"
16:01:44 [INFO]   Schedule: 30 completed games
16:01:55 [INFO] HTTP Request: GET https://site.api.espn.com/apis/site/v2/sports/basketball/mens-college-basketball/summary?event=401826792 "HTTP/1.1 200 OK"
16:02:06 [INFO] HTTP Request: GET https://site.api.espn.com/apis/site/v2/sports/basketball/mens-college-basketball/summary?event=401826793 "HTTP/1.1 200 OK"
16:02:17 [INFO] HTTP Request: GET https://site.api.espn.com/apis/site/v2/sports/basketball/mens-college-basketball/summary?event=401817230 "HTTP/1.1 200 OK"
16:02:27 [INFO] HTTP Request: GET https://site.api.espn.com/apis/site/v2/sports/basketball/mens-college-basketball/summary?event=401812602 "HTTP/1.1 200 OK"
16:02:38 [INFO] HTTP Request: GET https://site.api.espn.com/apis/site/v2/sports/basketball/mens-college-basketball/summary?event=401826794 "HTTP/1.1 200 OK"
16:02:49 [INFO] HTTP Request: GET https://site.api.espn.com/apis/site/v2/sports/basketball/mens-college-basketball/summary?event=401813322 "HTTP/1.1 200 OK"
16:02:59 [INFO] HTTP Request: GET https://site.api.espn.com/apis/site/v2/sports/basketball/mens-college-basketball/summary?event=401826815 "HTTP/1.1 200 OK"
16:03:10 [INFO] HTTP Request: GET https://site.api.espn.com/apis/site/v2/sports/basketball/mens-college-basketball/summary?event=401812288 "HTTP/1.1 200 OK"
16:03:21 [INFO] HTTP Request: GET https://site.api.espn.com/apis/site/v2/sports/basketball/mens-college-basketball/summary?event=401823861 "HTTP/1.1 200 OK"
16:03:32 [INFO] HTTP Request: GET https://site.api.espn.com/apis/site/v2/sports/basketball/mens-college-basketball/summary?event=401817148 "HTTP/1.1 200 OK"
16:03:43 [INFO] HTTP Request: GET https://site.api.espn.com/apis/site/v2/sports/basketball/mens-college-basketball/summary?event=401826816 "HTTP/1.1 200 OK"
16:03:54 [INFO] HTTP Request: GET https://site.api.espn.com/apis/site/v2/sports/basketball/mens-college-basketball/summary?event=401826056 "HTTP/1.1 200 OK"
16:04:05 [INFO] HTTP Request: GET https://site.api.espn.com/apis/site/v2/sports/basketball/mens-college-basketball/summary?event=401820611 "HTTP/1.1 200 OK"
16:04:15 [INFO] HTTP Request: GET https://site.api.espn.com/apis/site/v2/sports/basketball/mens-college-basketball/summary?event=401826817 "HTTP/1.1 200 OK"
16:04:26 [INFO] HTTP Request: GET https://site.api.espn.com/apis/site/v2/sports/basketball/mens-college-basketball/summary?event=401826818 "HTTP/1.1 200 OK"
16:04:37 [INFO] HTTP Request: GET https://site.api.espn.com/apis/site/v2/sports/basketball/mens-college-basketball/summary?event=401820195 "HTTP/1.1 200 OK"
16:04:47 [INFO] HTTP Request: GET https://site.api.espn.com/apis/site/v2/sports/basketball/mens-college-basketball/summary?event=401824366 "HTTP/1.1 200 OK"
16:04:57 [INFO] HTTP Request: GET https://site.api.espn.com/apis/site/v2/sports/basketball/mens-college-basketball/summary?event=401824387 "HTTP/1.1 200 OK"
16:05:08 [INFO] HTTP Request: GET https://site.api.espn.com/apis/site/v2/sports/basketball/mens-college-basketball/summary?event=401826819 "HTTP/1.1 200 OK"
16:05:20 [INFO] HTTP Request: GET https://site.api.espn.com/apis/site/v2/sports/basketball/mens-college-basketball/summary?event=401826820 "HTTP/1.1 200 OK"
16:05:31 [INFO] HTTP Request: GET https://site.api.espn.com/apis/site/v2/sports/basketball/mens-college-basketball/summary?event=401820167 "HTTP/1.1 200 OK"
16:05:41 [INFO] HTTP Request: GET https://site.api.espn.com/apis/site/v2/sports/basketball/mens-college-basketball/summary?event=401826827 "HTTP/1.1 200 OK"
16:05:52 [INFO] HTTP Request: GET https://site.api.espn.com/apis/site/v2/sports/basketball/mens-college-basketball/summary?event=401824391 "HTTP/1.1 200 OK"
16:06:02 [INFO] HTTP Request: GET https://site.api.espn.com/apis/site/v2/sports/basketball/mens-college-basketball/summary?event=401826821 "HTTP/1.1 200 OK"
16:06:13 [INFO] HTTP Request: GET https://site.api.espn.com/apis/site/v2/sports/basketball/mens-college-basketball/summary?event=401826822 "HTTP/1.1 200 OK"
16:06:24 [INFO] HTTP Request: GET https://site.api.espn.com/apis/site/v2/sports/basketball/mens-college-basketball/summary?event=401824372 "HTTP/1.1 200 OK"
16:06:34 [INFO] HTTP Request: GET https://site.api.espn.com/apis/site/v2/sports/basketball/mens-college-basketball/summary?event=401826823 "HTTP/1.1 200 OK"
16:06:45 [INFO] HTTP Request: GET https://site.api.espn.com/apis/site/v2/sports/basketball/mens-college-basketball/summary?event=401820206 "HTTP/1.1 200 OK"
16:06:56 [INFO] HTTP Request: GET https://site.api.espn.com/apis/site/v2/sports/basketball/mens-college-basketball/summary?event=401820175 "HTTP/1.1 200 OK"
16:07:07 [INFO] HTTP Request: GET https://site.api.espn.com/apis/site/v2/sports/basketball/mens-college-basketball/summary?event=401826824 "HTTP/1.1 200 OK"
16:07:08 [INFO]   Loaded: 30 games, 659 player-game-stat rows
16:07:08 [INFO] 
[3/10] Boston University Terriers
16:07:08 [INFO] Scraping team: Boston University Terriers (ESPN #104)
16:07:18 [INFO] HTTP Request: GET https://site.api.espn.com/apis/site/v2/sports/basketball/mens-college-basketball/teams/104/schedule?season=2026 "HTTP/1.1 200 OK"
16:07:18 [INFO]   Schedule: 30 completed games
16:07:29 [INFO] HTTP Request: GET https://site.api.espn.com/apis/site/v2/sports/basketball/mens-college-basketball/summary?event=401824356 "HTTP/1.1 200 OK"
16:07:40 [INFO] HTTP Request: GET https://site.api.espn.com/apis/site/v2/sports/basketball/mens-college-basketball/summary?event=401824357 "HTTP/1.1 200 OK"
16:07:51 [INFO] HTTP Request: GET https://site.api.espn.com/apis/site/v2/sports/basketball/mens-college-basketball/summary?event=401818549 "HTTP/1.1 200 OK"
16:08:01 [INFO] HTTP Request: GET https://site.api.espn.com/apis/site/v2/sports/basketball/mens-college-basketball/summary?event=401824358 "HTTP/1.1 200 OK"
16:08:12 [INFO] HTTP Request: GET https://site.api.espn.com/apis/site/v2/sports/basketball/mens-college-basketball/summary?event=401818369 "HTTP/1.1 200 OK"
16:08:23 [INFO] HTTP Request: GET https://site.api.espn.com/apis/site/v2/sports/basketball/mens-college-basketball/summary?event=401812605 "HTTP/1.1 200 OK"
16:08:34 [INFO] HTTP Request: GET https://site.api.espn.com/apis/site/v2/sports/basketball/mens-college-basketball/summary?event=401824359 "HTTP/1.1 200 OK"
16:08:44 [INFO] HTTP Request: GET https://site.api.espn.com/apis/site/v2/sports/basketball/mens-college-basketball/summary?event=401823388 "HTTP/1.1 200 OK"
16:08:55 [INFO] HTTP Request: GET https://site.api.espn.com/apis/site/v2/sports/basketball/mens-college-basketball/summary?event=401824360 "HTTP/1.1 200 OK"
16:09:06 [INFO] HTTP Request: GET https://site.api.espn.com/apis/site/v2/sports/basketball/mens-college-basketball/summary?event=401824361 "HTTP/1.1 200 OK"
16:09:16 [INFO] HTTP Request: GET https://site.api.espn.com/apis/site/v2/sports/basketball/mens-college-basketball/summary?event=401820630 "HTTP/1.1 200 OK"
16:09:27 [INFO] HTTP Request: GET https://site.api.espn.com/apis/site/v2/sports/basketball/mens-college-basketball/summary?event=401824362 "HTTP/1.1 200 OK"
16:09:38 [INFO] HTTP Request: GET https://site.api.espn.com/apis/site/v2/sports/basketball/mens-college-basketball/summary?event=401824363 "HTTP/1.1 200 OK"
16:09:49 [INFO] HTTP Request: GET https://site.api.espn.com/apis/site/v2/sports/basketball/mens-college-basketball/summary?event=401820160 "HTTP/1.1 200 OK"
16:09:59 [INFO] HTTP Request: GET https://site.api.espn.com/apis/site/v2/sports/basketball/mens-college-basketball/summary?event=401824364 "HTTP/1.1 200 OK"
16:10:10 [INFO] HTTP Request: GET https://site.api.espn.com/apis/site/v2/sports/basketball/mens-college-basketball/summary?event=401824365 "HTTP/1.1 200 OK"
16:10:20 [INFO] HTTP Request: GET https://site.api.espn.com/apis/site/v2/sports/basketball/mens-college-basketball/summary?event=401824366 "HTTP/1.1 200 OK"
16:10:31 [INFO] HTTP Request: GET https://site.api.espn.com/apis/site/v2/sports/basketball/mens-college-basketball/summary?event=401824367 "HTTP/1.1 200 OK"
16:10:41 [INFO] HTTP Request: GET https://site.api.espn.com/apis/site/v2/sports/basketball/mens-college-basketball/summary?event=401820198 "HTTP/1.1 200 OK"
16:10:52 [INFO] HTTP Request: GET https://site.api.espn.com/apis/site/v2/sports/basketball/mens-college-basketball/summary?event=401824368 "HTTP/1.1 200 OK"
16:11:02 [INFO] HTTP Request: GET https://site.api.espn.com/apis/site/v2/sports/basketball/mens-college-basketball/summary?event=401824369 "HTTP/1.1 200 OK"
16:11:14 [INFO] HTTP Request: GET https://site.api.espn.com/apis/site/v2/sports/basketball/mens-college-basketball/summary?event=401820168 "HTTP/1.1 200 OK"
16:11:24 [INFO] HTTP Request: GET https://site.api.espn.com/apis/site/v2/sports/basketball/mens-college-basketball/summary?event=401824370 "HTTP/1.1 200 OK"
16:11:35 [INFO] HTTP Request: GET https://site.api.espn.com/apis/site/v2/sports/basketball/mens-college-basketball/summary?event=401824371 "HTTP/1.1 200 OK"
16:11:46 [INFO] HTTP Request: GET https://site.api.espn.com/apis/site/v2/sports/basketball/mens-college-basketball/summary?event=401820203 "HTTP/1.1 200 OK"
16:11:57 [INFO] HTTP Request: GET https://site.api.espn.com/apis/site/v2/sports/basketball/mens-college-basketball/summary?event=401824372 "HTTP/1.1 200 OK"
16:12:07 [INFO] HTTP Request: GET https://site.api.espn.com/apis/site/v2/sports/basketball/mens-college-basketball/summary?event=401824373 "HTTP/1.1 200 OK"
16:12:18 [INFO] HTTP Request: GET https://site.api.espn.com/apis/site/v2/sports/basketball/mens-college-basketball/summary?event=401824374 "HTTP/1.1 200 OK"
16:12:29 [INFO] HTTP Request: GET https://site.api.espn.com/apis/site/v2/sports/basketball/mens-college-basketball/summary?event=401824375 "HTTP/1.1 200 OK"
16:12:40 [INFO] HTTP Request: GET https://site.api.espn.com/apis/site/v2/sports/basketball/mens-college-basketball/summary?event=401824376 "HTTP/1.1 200 OK"
16:12:40 [INFO]   Loaded: 30 games, 536 player-game-stat rows
16:12:40 [INFO] 
[4/10] Bucknell Bison
16:12:40 [INFO] Scraping team: Bucknell Bison (ESPN #2083)
16:12:51 [INFO] HTTP Request: GET https://site.api.espn.com/apis/site/v2/sports/basketball/mens-college-basketball/teams/2083/schedule?season=2026 "HTTP/1.1 200 OK"
16:12:51 [INFO]   Schedule: 30 completed games
16:13:02 [INFO] HTTP Request: GET https://site.api.espn.com/apis/site/v2/sports/basketball/mens-college-basketball/summary?event=401809073 "HTTP/1.1 200 OK"
16:13:12 [INFO] HTTP Request: GET https://site.api.espn.com/apis/site/v2/sports/basketball/mens-college-basketball/summary?event=401809074 "HTTP/1.1 200 OK"
16:13:23 [INFO] HTTP Request: GET https://site.api.espn.com/apis/site/v2/sports/basketball/mens-college-basketball/summary?event=401809075 "HTTP/1.1 200 OK"
16:13:34 [INFO] HTTP Request: GET https://site.api.espn.com/apis/site/v2/sports/basketball/mens-college-basketball/summary?event=401809076 "HTTP/1.1 200 OK"
16:13:44 [INFO] HTTP Request: GET https://site.api.espn.com/apis/site/v2/sports/basketball/mens-college-basketball/summary?event=401809077 "HTTP/1.1 200 OK"
16:13:55 [INFO] HTTP Request: GET https://site.api.espn.com/apis/site/v2/sports/basketball/mens-college-basketball/summary?event=401809078 "HTTP/1.1 200 OK"
16:14:06 [INFO] HTTP Request: GET https://site.api.espn.com/apis/site/v2/sports/basketball/mens-college-basketball/summary?event=401823420 "HTTP/1.1 200 OK"
16:14:17 [INFO] HTTP Request: GET https://site.api.espn.com/apis/site/v2/sports/basketball/mens-college-basketball/summary?event=401823431 "HTTP/1.1 200 OK"
16:14:29 [INFO] HTTP Request: GET https://site.api.espn.com/apis/site/v2/sports/basketball/mens-college-basketball/summary?event=401809079 "HTTP/1.1 200 OK"
16:14:40 [INFO] HTTP Request: GET https://site.api.espn.com/apis/site/v2/sports/basketball/mens-college-basketball/summary?event=401809080 "HTTP/1.1 200 OK"
16:14:50 [INFO] HTTP Request: GET https://site.api.espn.com/apis/site/v2/sports/basketball/mens-college-basketball/summary?event=401809081 "HTTP/1.1 200 OK"
16:15:01 [INFO] HTTP Request: GET https://site.api.espn.com/apis/site/v2/sports/basketball/mens-college-basketball/summary?event=401809082 "HTTP/1.1 200 OK"
16:15:11 [INFO] HTTP Request: GET https://site.api.espn.com/apis/site/v2/sports/basketball/mens-college-basketball/summary?event=401809083 "HTTP/1.1 200 OK"
16:15:22 [INFO] HTTP Request: GET https://site.api.espn.com/apis/site/v2/sports/basketball/mens-college-basketball/summary?event=401824384 "HTTP/1.1 200 OK"
16:15:33 [INFO] HTTP Request: GET https://site.api.espn.com/apis/site/v2/sports/basketball/mens-college-basketball/summary?event=401829396 "HTTP/1.1 200 OK"
16:15:44 [INFO] HTTP Request: GET https://site.api.espn.com/apis/site/v2/sports/basketball/mens-college-basketball/summary?event=401820162 "HTTP/1.1 200 OK"
16:15:55 [INFO] HTTP Request: GET https://site.api.espn.com/apis/site/v2/sports/basketball/mens-college-basketball/summary?event=401820196 "HTTP/1.1 200 OK"
16:16:07 [INFO] HTTP Request: GET https://site.api.espn.com/apis/site/v2/sports/basketball/mens-college-basketball/summary?event=401829397 "HTTP/1.1 200 OK"
16:16:17 [INFO] HTTP Request: GET https://site.api.espn.com/apis/site/v2/sports/basketball/mens-college-basketball/summary?event=401829401 "HTTP/1.1 200 OK"
16:16:28 [INFO] HTTP Request: GET https://site.api.espn.com/apis/site/v2/sports/basketball/mens-college-basketball/summary?event=401826820 "HTTP/1.1 200 OK"
16:16:39 [INFO] HTTP Request: GET https://site.api.espn.com/apis/site/v2/sports/basketball/mens-college-basketball/summary?event=401820200 "HTTP/1.1 200 OK"
16:16:49 [INFO] HTTP Request: GET https://site.api.espn.com/apis/site/v2/sports/basketball/mens-college-basketball/summary?event=401829398 "HTTP/1.1 200 OK"
16:17:00 [INFO] HTTP Request: GET https://site.api.espn.com/apis/site/v2/sports/basketball/mens-college-basketball/summary?event=401824370 "HTTP/1.1 200 OK"
16:17:10 [INFO] HTTP Request: GET https://site.api.espn.com/apis/site/v2/sports/basketball/mens-college-basketball/summary?event=401828676 "HTTP/1.1 200 OK"
16:17:22 [INFO] HTTP Request: GET https://site.api.espn.com/apis/site/v2/sports/basketball/mens-college-basketball/summary?event=401829399 "HTTP/1.1 200 OK"
16:17:33 [INFO] HTTP Request: GET https://site.api.espn.com/apis/site/v2/sports/basketball/mens-college-basketball/summary?event=401820172 "HTTP/1.1 200 OK"
16:17:44 [INFO] HTTP Request: GET https://site.api.espn.com/apis/site/v2/sports/basketball/mens-college-basketball/summary?event=401824373 "HTTP/1.1 200 OK"
16:17:54 [INFO] HTTP Request: GET https://site.api.espn.com/apis/site/v2/sports/basketball/mens-college-basketball/summary?event=401828678 "HTTP/1.1 200 OK"
16:18:05 [INFO] HTTP Request: GET https://site.api.espn.com/apis/site/v2/sports/basketball/mens-college-basketball/summary?event=401824435 "HTTP/1.1 200 OK"
16:18:16 [INFO] HTTP Request: GET https://site.api.espn.com/apis/site/v2/sports/basketball/mens-college-basketball/summary?event=401826824 "HTTP/1.1 200 OK"
16:18:16 [INFO]   Loaded: 30 games, 585 player-game-stat rows
16:18:16 [INFO] 
[5/10] Colgate Raiders
16:18:16 [INFO] Scraping team: Colgate Raiders (ESPN #2142)
16:18:27 [INFO] HTTP Request: GET https://site.api.espn.com/apis/site/v2/sports/basketball/mens-college-basketball/teams/2142/schedule?season=2026 "HTTP/1.1 200 OK"
16:18:27 [INFO]   Schedule: 30 completed games
16:18:38 [INFO] HTTP Request: GET https://site.api.espn.com/apis/site/v2/sports/basketball/mens-college-basketball/summary?event=401827219 "HTTP/1.1 200 OK"
16:18:50 [INFO] HTTP Request: GET https://site.api.espn.com/apis/site/v2/sports/basketball/mens-college-basketball/summary?event=401827273 "HTTP/1.1 200 OK"
16:19:00 [INFO] HTTP Request: GET https://site.api.espn.com/apis/site/v2/sports/basketball/mens-college-basketball/summary?event=401827512 "HTTP/1.1 200 OK"
16:19:11 [INFO] HTTP Request: GET https://site.api.espn.com/apis/site/v2/sports/basketball/mens-college-basketball/summary?event=401827180 "HTTP/1.1 200 OK"
16:19:22 [INFO] HTTP Request: GET https://site.api.espn.com/apis/site/v2/sports/basketball/mens-college-basketball/summary?event=401822833 "HTTP/1.1 200 OK"
16:19:33 [INFO] HTTP Request: GET https://site.api.espn.com/apis/site/v2/sports/basketball/mens-college-basketball/summary?event=401829402 "HTTP/1.1 200 OK"
16:19:44 [INFO] HTTP Request: GET https://site.api.espn.com/apis/site/v2/sports/basketball/mens-college-basketball/summary?event=401828269 "HTTP/1.1 200 OK"
16:19:54 [INFO] HTTP Request: GET https://site.api.espn.com/apis/site/v2/sports/basketball/mens-college-basketball/summary?event=401829403 "HTTP/1.1 200 OK"
16:20:04 [INFO] HTTP Request: GET https://site.api.espn.com/apis/site/v2/sports/basketball/mens-college-basketball/summary?event=401829404 "HTTP/1.1 200 OK"
16:20:15 [INFO] HTTP Request: GET https://site.api.espn.com/apis/site/v2/sports/basketball/mens-college-basketball/summary?event=401829405 "HTTP/1.1 200 OK"
16:20:26 [INFO] HTTP Request: GET https://site.api.espn.com/apis/site/v2/sports/basketball/mens-college-basketball/summary?event=401817203 "HTTP/1.1 200 OK"
16:20:36 [INFO] HTTP Request: GET https://site.api.espn.com/apis/site/v2/sports/basketball/mens-college-basketball/summary?event=401829406 "HTTP/1.1 200 OK"
16:20:47 [INFO] HTTP Request: GET https://site.api.espn.com/apis/site/v2/sports/basketball/mens-college-basketball/summary?event=401812612 "HTTP/1.1 200 OK"
16:20:57 [INFO] HTTP Request: GET https://site.api.espn.com/apis/site/v2/sports/basketball/mens-college-basketball/summary?event=401829407 "HTTP/1.1 200 OK"
16:21:08 [INFO] HTTP Request: GET https://site.api.espn.com/apis/site/v2/sports/basketball/mens-college-basketball/summary?event=401826818 "HTTP/1.1 200 OK"
16:21:19 [INFO] HTTP Request: GET https://site.api.espn.com/apis/site/v2/sports/basketball/mens-college-basketball/summary?event=401828673 "HTTP/1.1 200 OK"
16:21:29 [INFO] HTTP Request: GET https://site.api.espn.com/apis/site/v2/sports/basketball/mens-college-basketball/summary?event=401829408 "HTTP/1.1 200 OK"
16:21:40 [INFO] HTTP Request: GET https://site.api.espn.com/apis/site/v2/sports/basketball/mens-college-basketball/summary?event=401820197 "HTTP/1.1 200 OK"
16:21:50 [INFO] HTTP Request: GET https://site.api.espn.com/apis/site/v2/sports/basketball/mens-college-basketball/summary?event=401829401 "HTTP/1.1 200 OK"
16:22:01 [INFO] HTTP Request: GET https://site.api.espn.com/apis/site/v2/sports/basketball/mens-college-basketball/summary?event=401828674 "HTTP/1.1 200 OK"
16:22:12 [INFO] HTTP Request: GET https://site.api.espn.com/apis/site/v2/sports/basketball/mens-college-basketball/summary?event=401824369 "HTTP/1.1 200 OK"
16:22:23 [INFO] HTTP Request: GET https://site.api.espn.com/apis/site/v2/sports/basketball/mens-college-basketball/summary?event=401824390 "HTTP/1.1 200 OK"
16:22:33 [INFO] HTTP Request: GET https://site.api.espn.com/apis/site/v2/sports/basketball/mens-college-basketball/summary?event=401829409 "HTTP/1.1 200 OK"
16:22:44 [INFO] HTTP Request: GET https://site.api.espn.com/apis/site/v2/sports/basketball/mens-college-basketball/summary?event=401826821 "HTTP/1.1 200 OK"
16:22:55 [INFO] HTTP Request: GET https://site.api.espn.com/apis/site/v2/sports/basketball/mens-college-basketball/summary?event=401829399 "HTTP/1.1 200 OK"
16:23:06 [INFO] HTTP Request: GET https://site.api.espn.com/apis/site/v2/sports/basketball/mens-college-basketball/summary?event=401824393 "HTTP/1.1 200 OK"
16:23:16 [INFO] HTTP Request: GET https://site.api.espn.com/apis/site/v2/sports/basketball/mens-college-basketball/summary?event=401820173 "HTTP/1.1 200 OK"
16:23:28 [INFO] HTTP Request: GET https://site.api.espn.com/apis/site/v2/sports/basketball/mens-college-basketball/summary?event=401824374 "HTTP/1.1 200 OK"
16:23:38 [INFO] HTTP Request: GET https://site.api.espn.com/apis/site/v2/sports/basketball/mens-college-basketball/summary?event=401820207 "HTTP/1.1 200 OK"
16:23:50 [INFO] HTTP Request: GET https://site.api.espn.com/apis/site/v2/sports/basketball/mens-college-basketball/summary?event=401829410 "HTTP/1.1 200 OK"
16:23:50 [INFO]   Loaded: 30 games, 587 player-game-stat rows
16:23:50 [INFO] 
[6/10] Holy Cross Crusaders
16:23:50 [INFO] Scraping team: Holy Cross Crusaders (ESPN #107)
16:24:00 [INFO] HTTP Request: GET https://site.api.espn.com/apis/site/v2/sports/basketball/mens-college-basketball/teams/107/schedule?season=2026 "HTTP/1.1 200 OK"
16:24:00 [INFO]   Schedule: 30 completed games
16:24:11 [INFO] HTTP Request: GET https://site.api.espn.com/apis/site/v2/sports/basketball/mens-college-basketball/summary?event=401812659 "HTTP/1.1 200 OK"
16:24:22 [INFO] HTTP Request: GET https://site.api.espn.com/apis/site/v2/sports/basketball/mens-college-basketball/summary?event=401812660 "HTTP/1.1 200 OK"
16:24:33 [INFO] HTTP Request: GET https://site.api.espn.com/apis/site/v2/sports/basketball/mens-college-basketball/summary?event=401812661 "HTTP/1.1 200 OK"
16:24:44 [INFO] HTTP Request: GET https://site.api.espn.com/apis/site/v2/sports/basketball/mens-college-basketball/summary?event=401812662 "HTTP/1.1 200 OK"
16:24:55 [INFO] HTTP Request: GET https://site.api.espn.com/apis/site/v2/sports/basketball/mens-college-basketball/summary?event=401812663 "HTTP/1.1 200 OK"
16:25:05 [INFO] HTTP Request: GET https://site.api.espn.com/apis/site/v2/sports/basketball/mens-college-basketball/summary?event=401812664 "HTTP/1.1 200 OK"
16:25:16 [INFO] HTTP Request: GET https://site.api.espn.com/apis/site/v2/sports/basketball/mens-college-basketball/summary?event=401812665 "HTTP/1.1 200 OK"
16:25:27 [INFO] HTTP Request: GET https://site.api.espn.com/apis/site/v2/sports/basketball/mens-college-basketball/summary?event=401812666 "HTTP/1.1 200 OK"
16:25:37 [INFO] HTTP Request: GET https://site.api.espn.com/apis/site/v2/sports/basketball/mens-college-basketball/summary?event=401812667 "HTTP/1.1 200 OK"
16:25:48 [INFO] HTTP Request: GET https://site.api.espn.com/apis/site/v2/sports/basketball/mens-college-basketball/summary?event=401812668 "HTTP/1.1 200 OK"
16:25:59 [INFO] HTTP Request: GET https://site.api.espn.com/apis/site/v2/sports/basketball/mens-college-basketball/summary?event=401812669 "HTTP/1.1 200 OK"
16:26:09 [INFO] HTTP Request: GET https://site.api.espn.com/apis/site/v2/sports/basketball/mens-college-basketball/summary?event=401812670 "HTTP/1.1 200 OK"
16:26:21 [INFO] HTTP Request: GET https://site.api.espn.com/apis/site/v2/sports/basketball/mens-college-basketball/summary?event=401812610 "HTTP/1.1 200 OK"
16:26:32 [INFO] HTTP Request: GET https://site.api.espn.com/apis/site/v2/sports/basketball/mens-college-basketball/summary?event=401824384 "HTTP/1.1 200 OK"
16:26:43 [INFO] HTTP Request: GET https://site.api.espn.com/apis/site/v2/sports/basketball/mens-college-basketball/summary?event=401820161 "HTTP/1.1 200 OK"
16:26:54 [INFO] HTTP Request: GET https://site.api.espn.com/apis/site/v2/sports/basketball/mens-college-basketball/summary?event=401824385 "HTTP/1.1 200 OK"
16:27:04 [INFO] HTTP Request: GET https://site.api.espn.com/apis/site/v2/sports/basketball/mens-college-basketball/summary?event=401824386 "HTTP/1.1 200 OK"
16:27:15 [INFO] HTTP Request: GET https://site.api.espn.com/apis/site/v2/sports/basketball/mens-college-basketball/summary?event=401824387 "HTTP/1.1 200 OK"
16:27:26 [INFO] HTTP Request: GET https://site.api.espn.com/apis/site/v2/sports/basketball/mens-college-basketball/summary?event=401824388 "HTTP/1.1 200 OK"
16:27:36 [INFO] HTTP Request: GET https://site.api.espn.com/apis/site/v2/sports/basketball/mens-college-basketball/summary?event=401820166 "HTTP/1.1 200 OK"
16:27:48 [INFO] HTTP Request: GET https://site.api.espn.com/apis/site/v2/sports/basketball/mens-college-basketball/summary?event=401824389 "HTTP/1.1 200 OK"
16:27:58 [INFO] HTTP Request: GET https://site.api.espn.com/apis/site/v2/sports/basketball/mens-college-basketball/summary?event=401824390 "HTTP/1.1 200 OK"
16:28:09 [INFO] HTTP Request: GET https://site.api.espn.com/apis/site/v2/sports/basketball/mens-college-basketball/summary?event=401824391 "HTTP/1.1 200 OK"
16:28:20 [INFO] HTTP Request: GET https://site.api.espn.com/apis/site/v2/sports/basketball/mens-college-basketball/summary?event=401824371 "HTTP/1.1 200 OK"
16:28:30 [INFO] HTTP Request: GET https://site.api.espn.com/apis/site/v2/sports/basketball/mens-college-basketball/summary?event=401824392 "HTTP/1.1 200 OK"
16:28:41 [INFO] HTTP Request: GET https://site.api.espn.com/apis/site/v2/sports/basketball/mens-college-basketball/summary?event=401824393 "HTTP/1.1 200 OK"
16:28:52 [INFO] HTTP Request: GET https://site.api.espn.com/apis/site/v2/sports/basketball/mens-college-basketball/summary?event=401820205 "HTTP/1.1 200 OK"
16:29:03 [INFO] HTTP Request: GET https://site.api.espn.com/apis/site/v2/sports/basketball/mens-college-basketball/summary?event=401824394 "HTTP/1.1 200 OK"
16:29:13 [INFO] HTTP Request: GET https://site.api.espn.com/apis/site/v2/sports/basketball/mens-college-basketball/summary?event=401824435 "HTTP/1.1 200 OK"
16:29:24 [INFO] HTTP Request: GET https://site.api.espn.com/apis/site/v2/sports/basketball/mens-college-basketball/summary?event=401824376 "HTTP/1.1 200 OK"
16:29:24 [INFO]   Loaded: 30 games, 613 player-game-stat rows
16:29:24 [INFO] 
[7/10] Lafayette Leopards
16:29:24 [INFO] Scraping team: Lafayette Leopards (ESPN #322)
16:29:35 [INFO] HTTP Request: GET https://site.api.espn.com/apis/site/v2/sports/basketball/mens-college-basketball/teams/322/schedule?season=2026 "HTTP/1.1 200 OK"
16:29:35 [INFO]   Schedule: 30 completed games
16:29:45 [INFO] HTTP Request: GET https://site.api.espn.com/apis/site/v2/sports/basketball/mens-college-basketball/summary?event=401822666 "HTTP/1.1 200 OK"
16:29:56 [INFO] HTTP Request: GET https://site.api.espn.com/apis/site/v2/sports/basketball/mens-college-basketball/summary?event=401829411 "HTTP/1.1 200 OK"
16:30:08 [INFO] HTTP Request: GET https://site.api.espn.com/apis/site/v2/sports/basketball/mens-college-basketball/summary?event=401829412 "HTTP/1.1 200 OK"
16:30:19 [INFO] HTTP Request: GET https://site.api.espn.com/apis/site/v2/sports/basketball/mens-college-basketball/summary?event=401829413 "HTTP/1.1 200 OK"
16:30:29 [INFO] HTTP Request: GET https://site.api.espn.com/apis/site/v2/sports/basketball/mens-college-basketball/summary?event=401819917 "HTTP/1.1 200 OK"
16:30:40 [INFO] HTTP Request: GET https://site.api.espn.com/apis/site/v2/sports/basketball/mens-college-basketball/summary?event=401822351 "HTTP/1.1 200 OK"
16:30:51 [INFO] HTTP Request: GET https://site.api.espn.com/apis/site/v2/sports/basketball/mens-college-basketball/summary?event=401826857 "HTTP/1.1 200 OK"
16:31:01 [INFO] HTTP Request: GET https://site.api.espn.com/apis/site/v2/sports/basketball/mens-college-basketball/summary?event=401822323 "HTTP/1.1 200 OK"
16:31:12 [INFO] HTTP Request: GET https://site.api.espn.com/apis/site/v2/sports/basketball/mens-college-basketball/summary?event=401824863 "HTTP/1.1 200 OK"
16:31:22 [INFO] HTTP Request: GET https://site.api.espn.com/apis/site/v2/sports/basketball/mens-college-basketball/summary?event=401820213 "HTTP/1.1 200 OK"
16:31:33 [INFO] HTTP Request: GET https://site.api.espn.com/apis/site/v2/sports/basketball/mens-college-basketball/summary?event=401812581 "HTTP/1.1 200 OK"
16:31:43 [INFO] HTTP Request: GET https://site.api.espn.com/apis/site/v2/sports/basketball/mens-college-basketball/summary?event=401820804 "HTTP/1.1 200 OK"
16:31:54 [INFO] HTTP Request: GET https://site.api.espn.com/apis/site/v2/sports/basketball/mens-college-basketball/summary?event=401826755 "HTTP/1.1 200 OK"
16:32:04 [INFO] HTTP Request: GET https://site.api.espn.com/apis/site/v2/sports/basketball/mens-college-basketball/summary?event=401829407 "HTTP/1.1 200 OK"
16:32:15 [INFO] HTTP Request: GET https://site.api.espn.com/apis/site/v2/sports/basketball/mens-college-basketball/summary?event=401820194 "HTTP/1.1 200 OK"
16:32:25 [INFO] HTTP Request: GET https://site.api.espn.com/apis/site/v2/sports/basketball/mens-college-basketball/summary?event=401824365 "HTTP/1.1 200 OK"
16:32:36 [INFO] HTTP Request: GET https://site.api.espn.com/apis/site/v2/sports/basketball/mens-college-basketball/summary?event=401820163 "HTTP/1.1 200 OK"
16:32:46 [INFO] HTTP Request: GET https://site.api.espn.com/apis/site/v2/sports/basketball/mens-college-basketball/summary?event=401829397 "HTTP/1.1 200 OK"
16:32:57 [INFO] HTTP Request: GET https://site.api.espn.com/apis/site/v2/sports/basketball/mens-college-basketball/summary?event=401824388 "HTTP/1.1 200 OK"
16:33:08 [INFO] HTTP Request: GET https://site.api.espn.com/apis/site/v2/sports/basketball/mens-college-basketball/summary?event=401824368 "HTTP/1.1 200 OK"
16:33:18 [INFO] HTTP Request: GET https://site.api.espn.com/apis/site/v2/sports/basketball/mens-college-basketball/summary?event=401829417 "HTTP/1.1 200 OK"
16:33:29 [INFO] HTTP Request: GET https://site.api.espn.com/apis/site/v2/sports/basketball/mens-college-basketball/summary?event=401829398 "HTTP/1.1 200 OK"
16:33:40 [INFO] HTTP Request: GET https://site.api.espn.com/apis/site/v2/sports/basketball/mens-college-basketball/summary?event=401828675 "HTTP/1.1 200 OK"
16:33:51 [INFO] HTTP Request: GET https://site.api.espn.com/apis/site/v2/sports/basketball/mens-college-basketball/summary?event=401820170 "HTTP/1.1 200 OK"
16:34:02 [INFO] HTTP Request: GET https://site.api.espn.com/apis/site/v2/sports/basketball/mens-college-basketball/summary?event=401826822 "HTTP/1.1 200 OK"
16:34:13 [INFO] HTTP Request: GET https://site.api.espn.com/apis/site/v2/sports/basketball/mens-college-basketball/summary?event=401820204 "HTTP/1.1 200 OK"
16:34:24 [INFO] HTTP Request: GET https://site.api.espn.com/apis/site/v2/sports/basketball/mens-college-basketball/summary?event=401829418 "HTTP/1.1 200 OK"
16:34:35 [INFO] HTTP Request: GET https://site.api.espn.com/apis/site/v2/sports/basketball/mens-college-basketball/summary?event=401824394 "HTTP/1.1 200 OK"
16:34:46 [INFO] HTTP Request: GET https://site.api.espn.com/apis/site/v2/sports/basketball/mens-college-basketball/summary?event=401828679 "HTTP/1.1 200 OK"
16:34:56 [INFO] HTTP Request: GET https://site.api.espn.com/apis/site/v2/sports/basketball/mens-college-basketball/summary?event=401829410 "HTTP/1.1 200 OK"
16:34:56 [INFO]   Loaded: 30 games, 605 player-game-stat rows
16:34:56 [INFO] 
[8/10] Lehigh Mountain Hawks
16:34:56 [INFO] Scraping team: Lehigh Mountain Hawks (ESPN #2329)
16:35:07 [INFO] HTTP Request: GET https://site.api.espn.com/apis/site/v2/sports/basketball/mens-college-basketball/teams/2329/schedule?season=2026 "HTTP/1.1 200 OK"
16:35:07 [INFO]   Schedule: 30 completed games
16:35:18 [INFO] HTTP Request: GET https://site.api.espn.com/apis/site/v2/sports/basketball/mens-college-basketball/summary?event=401824809 "HTTP/1.1 200 OK"
16:35:29 [INFO] HTTP Request: GET https://site.api.espn.com/apis/site/v2/sports/basketball/mens-college-basketball/summary?event=401829414 "HTTP/1.1 200 OK"
16:35:40 [INFO] HTTP Request: GET https://site.api.espn.com/apis/site/v2/sports/basketball/mens-college-basketball/summary?event=401819916 "HTTP/1.1 200 OK"
16:35:50 [INFO] HTTP Request: GET https://site.api.espn.com/apis/site/v2/sports/basketball/mens-college-basketball/summary?event=401827433 "HTTP/1.1 200 OK"
16:36:01 [INFO] HTTP Request: GET https://site.api.espn.com/apis/site/v2/sports/basketball/mens-college-basketball/summary?event=401812381 "HTTP/1.1 200 OK"
16:36:13 [INFO] HTTP Request: GET https://site.api.espn.com/apis/site/v2/sports/basketball/mens-college-basketball/summary?event=401818370 "HTTP/1.1 200 OK"
16:36:23 [INFO] HTTP Request: GET https://site.api.espn.com/apis/site/v2/sports/basketball/mens-college-basketball/summary?event=401813323 "HTTP/1.1 200 OK"
16:36:34 [INFO] HTTP Request: GET https://site.api.espn.com/apis/site/v2/sports/basketball/mens-college-basketball/summary?event=401829415 "HTTP/1.1 200 OK"
16:36:44 [INFO] HTTP Request: GET https://site.api.espn.com/apis/site/v2/sports/basketball/mens-college-basketball/summary?event=401831225 "HTTP/1.1 200 OK"
16:36:57 [INFO] HTTP Request: GET https://site.api.espn.com/apis/site/v2/sports/basketball/mens-college-basketball/summary?event=401820609 "HTTP/1.1 200 OK"
16:37:09 [INFO] HTTP Request: GET https://site.api.espn.com/apis/site/v2/sports/basketball/mens-college-basketball/summary?event=401812360 "HTTP/1.1 200 OK"
16:37:20 [INFO] HTTP Request: GET https://site.api.espn.com/apis/site/v2/sports/basketball/mens-college-basketball/summary?event=401829416 "HTTP/1.1 200 OK"
16:37:35 [INFO] HTTP Request: GET https://site.api.espn.com/apis/site/v2/sports/basketball/mens-college-basketball/summary?event=401824866 "HTTP/1.1 200 OK"
16:37:46 [INFO] HTTP Request: GET https://site.api.espn.com/apis/site/v2/sports/basketball/mens-college-basketball/summary?event=401826817 "HTTP/1.1 200 OK"
16:37:58 [INFO] HTTP Request: GET https://site.api.espn.com/apis/site/v2/sports/basketball/mens-college-basketball/summary?event=401829396 "HTTP/1.1 200 OK"
16:38:10 [INFO] HTTP Request: GET https://site.api.espn.com/apis/site/v2/sports/basketball/mens-college-basketball/summary?event=401824385 "HTTP/1.1 200 OK"
16:38:21 [INFO] HTTP Request: GET https://site.api.espn.com/apis/site/v2/sports/basketball/mens-college-basketball/summary?event=401829408 "HTTP/1.1 200 OK"
16:38:32 [INFO] HTTP Request: GET https://site.api.espn.com/apis/site/v2/sports/basketball/mens-college-basketball/summary?event=401824367 "HTTP/1.1 200 OK"
16:38:44 [INFO] HTTP Request: GET https://site.api.espn.com/apis/site/v2/sports/basketball/mens-college-basketball/summary?event=401820165 "HTTP/1.1 200 OK"
16:38:55 [INFO] HTTP Request: GET https://site.api.espn.com/apis/site/v2/sports/basketball/mens-college-basketball/summary?event=401820199 "HTTP/1.1 200 OK"
16:39:06 [INFO] HTTP Request: GET https://site.api.espn.com/apis/site/v2/sports/basketball/mens-college-basketball/summary?event=401829417 "HTTP/1.1 200 OK"
16:39:17 [INFO] HTTP Request: GET https://site.api.espn.com/apis/site/v2/sports/basketball/mens-college-basketball/summary?event=401826827 "HTTP/1.1 200 OK"
16:39:28 [INFO] HTTP Request: GET https://site.api.espn.com/apis/site/v2/sports/basketball/mens-college-basketball/summary?event=401829409 "HTTP/1.1 200 OK"
16:39:40 [INFO] HTTP Request: GET https://site.api.espn.com/apis/site/v2/sports/basketball/mens-college-basketball/summary?event=401820202 "HTTP/1.1 200 OK"
16:39:52 [INFO] HTTP Request: GET https://site.api.espn.com/apis/site/v2/sports/basketball/mens-college-basketball/summary?event=401824392 "HTTP/1.1 200 OK"
16:40:02 [INFO] HTTP Request: GET https://site.api.espn.com/apis/site/v2/sports/basketball/mens-college-basketball/summary?event=401828677 "HTTP/1.1 200 OK"
16:40:13 [INFO] HTTP Request: GET https://site.api.espn.com/apis/site/v2/sports/basketball/mens-college-basketball/summary?event=401829418 "HTTP/1.1 200 OK"
16:40:23 [INFO] HTTP Request: GET https://site.api.espn.com/apis/site/v2/sports/basketball/mens-college-basketball/summary?event=401820174 "HTTP/1.1 200 OK"
16:40:34 [INFO] HTTP Request: GET https://site.api.espn.com/apis/site/v2/sports/basketball/mens-college-basketball/summary?event=401824375 "HTTP/1.1 200 OK"
16:40:45 [INFO] HTTP Request: GET https://site.api.espn.com/apis/site/v2/sports/basketball/mens-college-basketball/summary?event=401828680 "HTTP/1.1 200 OK"
16:40:45 [INFO]   Loaded: 30 games, 596 player-game-stat rows
16:40:45 [INFO] 
[9/10] Loyola Maryland Greyhounds
16:40:45 [INFO] Scraping team: Loyola Maryland Greyhounds (ESPN #2352)
16:40:55 [INFO] HTTP Request: GET https://site.api.espn.com/apis/site/v2/sports/basketball/mens-college-basketball/teams/2352/schedule?season=2026 "HTTP/1.1 200 OK"
16:40:56 [INFO]   Schedule: 30 completed games
16:41:06 [INFO] HTTP Request: GET https://site.api.espn.com/apis/site/v2/sports/basketball/mens-college-basketball/summary?event=401820182 "HTTP/1.1 200 OK"
16:41:17 [INFO] HTTP Request: GET https://site.api.espn.com/apis/site/v2/sports/basketball/mens-college-basketball/summary?event=401820183 "HTTP/1.1 200 OK"
16:41:28 [INFO] HTTP Request: GET https://site.api.espn.com/apis/site/v2/sports/basketball/mens-college-basketball/summary?event=401820184 "HTTP/1.1 200 OK"
16:41:39 [INFO] HTTP Request: GET https://site.api.espn.com/apis/site/v2/sports/basketball/mens-college-basketball/summary?event=401820185 "HTTP/1.1 200 OK"
16:41:49 [INFO] HTTP Request: GET https://site.api.espn.com/apis/site/v2/sports/basketball/mens-college-basketball/summary?event=401820186 "HTTP/1.1 200 OK"
16:42:00 [INFO] HTTP Request: GET https://site.api.espn.com/apis/site/v2/sports/basketball/mens-college-basketball/summary?event=401813448 "HTTP/1.1 200 OK"
16:42:10 [INFO] HTTP Request: GET https://site.api.espn.com/apis/site/v2/sports/basketball/mens-college-basketball/summary?event=401820187 "HTTP/1.1 200 OK"
16:42:21 [INFO] HTTP Request: GET https://site.api.espn.com/apis/site/v2/sports/basketball/mens-college-basketball/summary?event=401820188 "HTTP/1.1 200 OK"
16:42:31 [INFO] HTTP Request: GET https://site.api.espn.com/apis/site/v2/sports/basketball/mens-college-basketball/summary?event=401820189 "HTTP/1.1 200 OK"
16:42:42 [INFO] HTTP Request: GET https://site.api.espn.com/apis/site/v2/sports/basketball/mens-college-basketball/summary?event=401820190 "HTTP/1.1 200 OK"
16:42:53 [INFO] HTTP Request: GET https://site.api.espn.com/apis/site/v2/sports/basketball/mens-college-basketball/summary?event=401820191 "HTTP/1.1 200 OK"
16:43:04 [INFO] HTTP Request: GET https://site.api.espn.com/apis/site/v2/sports/basketball/mens-college-basketball/summary?event=401813404 "HTTP/1.1 200 OK"
16:43:15 [INFO] HTTP Request: GET https://site.api.espn.com/apis/site/v2/sports/basketball/mens-college-basketball/summary?event=401820192 "HTTP/1.1 200 OK"
16:43:25 [INFO] HTTP Request: GET https://site.api.espn.com/apis/site/v2/sports/basketball/mens-college-basketball/summary?event=401820193 "HTTP/1.1 200 OK"
16:43:36 [INFO] HTTP Request: GET https://site.api.espn.com/apis/site/v2/sports/basketball/mens-college-basketball/summary?event=401820194 "HTTP/1.1 200 OK"
16:43:47 [INFO] HTTP Request: GET https://site.api.espn.com/apis/site/v2/sports/basketball/mens-college-basketball/summary?event=401820195 "HTTP/1.1 200 OK"
16:43:57 [INFO] HTTP Request: GET https://site.api.espn.com/apis/site/v2/sports/basketball/mens-college-basketball/summary?event=401820196 "HTTP/1.1 200 OK"
16:44:08 [INFO] HTTP Request: GET https://site.api.espn.com/apis/site/v2/sports/basketball/mens-college-basketball/summary?event=401820197 "HTTP/1.1 200 OK"
16:44:19 [INFO] HTTP Request: GET https://site.api.espn.com/apis/site/v2/sports/basketball/mens-college-basketball/summary?event=401820198 "HTTP/1.1 200 OK"
16:44:29 [INFO] HTTP Request: GET https://site.api.espn.com/apis/site/v2/sports/basketball/mens-college-basketball/summary?event=401820199 "HTTP/1.1 200 OK"
16:44:40 [INFO] HTTP Request: GET https://site.api.espn.com/apis/site/v2/sports/basketball/mens-college-basketball/summary?event=401820200 "HTTP/1.1 200 OK"
16:44:51 [INFO] HTTP Request: GET https://site.api.espn.com/apis/site/v2/sports/basketball/mens-college-basketball/summary?event=401820201 "HTTP/1.1 200 OK"
16:45:02 [INFO] HTTP Request: GET https://site.api.espn.com/apis/site/v2/sports/basketball/mens-college-basketball/summary?event=401820169 "HTTP/1.1 200 OK"
16:45:16 [INFO] HTTP Request: GET https://site.api.espn.com/apis/site/v2/sports/basketball/mens-college-basketball/summary?event=401820202 "HTTP/1.1 200 OK"
16:45:27 [INFO] HTTP Request: GET https://site.api.espn.com/apis/site/v2/sports/basketball/mens-college-basketball/summary?event=401820203 "HTTP/1.1 200 OK"
16:45:38 [INFO] HTTP Request: GET https://site.api.espn.com/apis/site/v2/sports/basketball/mens-college-basketball/summary?event=401820204 "HTTP/1.1 200 OK"
16:45:48 [INFO] HTTP Request: GET https://site.api.espn.com/apis/site/v2/sports/basketball/mens-college-basketball/summary?event=401820205 "HTTP/1.1 200 OK"
16:45:59 [INFO] HTTP Request: GET https://site.api.espn.com/apis/site/v2/sports/basketball/mens-college-basketball/summary?event=401820206 "HTTP/1.1 200 OK"
16:46:10 [INFO] HTTP Request: GET https://site.api.espn.com/apis/site/v2/sports/basketball/mens-college-basketball/summary?event=401820207 "HTTP/1.1 200 OK"
16:46:21 [INFO] HTTP Request: GET https://site.api.espn.com/apis/site/v2/sports/basketball/mens-college-basketball/summary?event=401820176 "HTTP/1.1 200 OK"
16:46:21 [INFO]   Loaded: 30 games, 637 player-game-stat rows
16:46:21 [INFO] 
[10/10] Navy Midshipmen
16:46:21 [INFO] Scraping team: Navy Midshipmen (ESPN #2426)
16:46:31 [INFO] HTTP Request: GET https://site.api.espn.com/apis/site/v2/sports/basketball/mens-college-basketball/teams/2426/schedule?season=2026 "HTTP/1.1 200 OK"
16:46:31 [INFO]   Schedule: 30 completed games
16:46:42 [INFO] HTTP Request: GET https://site.api.espn.com/apis/site/v2/sports/basketball/mens-college-basketball/summary?event=401820149 "HTTP/1.1 200 OK"
16:46:53 [INFO] HTTP Request: GET https://site.api.espn.com/apis/site/v2/sports/basketball/mens-college-basketball/summary?event=401818298 "HTTP/1.1 200 OK"
16:47:03 [INFO] HTTP Request: GET https://site.api.espn.com/apis/site/v2/sports/basketball/mens-college-basketball/summary?event=401820150 "HTTP/1.1 200 OK"
16:47:14 [INFO] HTTP Request: GET https://site.api.espn.com/apis/site/v2/sports/basketball/mens-college-basketball/summary?event=401820151 "HTTP/1.1 200 OK"
16:47:24 [INFO] HTTP Request: GET https://site.api.espn.com/apis/site/v2/sports/basketball/mens-college-basketball/summary?event=401817266 "HTTP/1.1 200 OK"
16:47:36 [INFO] HTTP Request: GET https://site.api.espn.com/apis/site/v2/sports/basketball/mens-college-basketball/summary?event=401820152 "HTTP/1.1 200 OK"
16:47:47 [INFO] HTTP Request: GET https://site.api.espn.com/apis/site/v2/sports/basketball/mens-college-basketball/summary?event=401820153 "HTTP/1.1 200 OK"
16:47:58 [INFO] HTTP Request: GET https://site.api.espn.com/apis/site/v2/sports/basketball/mens-college-basketball/summary?event=401820154 "HTTP/1.1 200 OK"
16:48:09 [INFO] HTTP Request: GET https://site.api.espn.com/apis/site/v2/sports/basketball/mens-college-basketball/summary?event=401820155 "HTTP/1.1 200 OK"
16:48:21 [INFO] HTTP Request: GET https://site.api.espn.com/apis/site/v2/sports/basketball/mens-college-basketball/summary?event=401820156 "HTTP/1.1 200 OK"
16:48:32 [INFO] HTTP Request: GET https://site.api.espn.com/apis/site/v2/sports/basketball/mens-college-basketball/summary?event=401820157 "HTTP/1.1 200 OK"
16:48:43 [INFO] HTTP Request: GET https://site.api.espn.com/apis/site/v2/sports/basketball/mens-college-basketball/summary?event=401820158 "HTTP/1.1 200 OK"
16:48:54 [INFO] HTTP Request: GET https://site.api.espn.com/apis/site/v2/sports/basketball/mens-college-basketball/summary?event=401820159 "HTTP/1.1 200 OK"
16:49:04 [INFO] HTTP Request: GET https://site.api.espn.com/apis/site/v2/sports/basketball/mens-college-basketball/summary?event=401820160 "HTTP/1.1 200 OK"
16:49:15 [INFO] HTTP Request: GET https://site.api.espn.com/apis/site/v2/sports/basketball/mens-college-basketball/summary?event=401820161 "HTTP/1.1 200 OK"
16:49:26 [INFO] HTTP Request: GET https://site.api.espn.com/apis/site/v2/sports/basketball/mens-college-basketball/summary?event=401820162 "HTTP/1.1 200 OK"
16:49:37 [INFO] HTTP Request: GET https://site.api.espn.com/apis/site/v2/sports/basketball/mens-college-basketball/summary?event=401820163 "HTTP/1.1 200 OK"
16:49:49 [INFO] HTTP Request: GET https://site.api.espn.com/apis/site/v2/sports/basketball/mens-college-basketball/summary?event=401820164 "HTTP/1.1 200 OK"
16:50:00 [INFO] HTTP Request: GET https://site.api.espn.com/apis/site/v2/sports/basketball/mens-college-basketball/summary?event=401820165 "HTTP/1.1 200 OK"
16:50:11 [INFO] HTTP Request: GET https://site.api.espn.com/apis/site/v2/sports/basketball/mens-college-basketball/summary?event=401820166 "HTTP/1.1 200 OK"
16:50:22 [INFO] HTTP Request: GET https://site.api.espn.com/apis/site/v2/sports/basketball/mens-college-basketball/summary?event=401820167 "HTTP/1.1 200 OK"
16:50:33 [INFO] HTTP Request: GET https://site.api.espn.com/apis/site/v2/sports/basketball/mens-college-basketball/summary?event=401820168 "HTTP/1.1 200 OK"
16:50:46 [INFO] HTTP Request: GET https://site.api.espn.com/apis/site/v2/sports/basketball/mens-college-basketball/summary?event=401820169 "HTTP/1.1 200 OK"
16:50:57 [INFO] HTTP Request: GET https://site.api.espn.com/apis/site/v2/sports/basketball/mens-college-basketball/summary?event=401820170 "HTTP/1.1 200 OK"
16:51:08 [INFO] HTTP Request: GET https://site.api.espn.com/apis/site/v2/sports/basketball/mens-college-basketball/summary?event=401820171 "HTTP/1.1 200 OK"
16:51:19 [INFO] HTTP Request: GET https://site.api.espn.com/apis/site/v2/sports/basketball/mens-college-basketball/summary?event=401820172 "HTTP/1.1 200 OK"
16:51:29 [INFO] HTTP Request: GET https://site.api.espn.com/apis/site/v2/sports/basketball/mens-college-basketball/summary?event=401820173 "HTTP/1.1 200 OK"
16:51:40 [INFO] HTTP Request: GET https://site.api.espn.com/apis/site/v2/sports/basketball/mens-college-basketball/summary?event=401820174 "HTTP/1.1 200 OK"
16:51:50 [INFO] HTTP Request: GET https://site.api.espn.com/apis/site/v2/sports/basketball/mens-college-basketball/summary?event=401820175 "HTTP/1.1 200 OK"
16:52:01 [INFO] HTTP Request: GET https://site.api.espn.com/apis/site/v2/sports/basketball/mens-college-basketball/summary?event=401820176 "HTTP/1.1 200 OK"
16:52:01 [INFO]   Loaded: 30 games, 629 player-game-stat rows
16:52:01 [INFO] 
============================================================
16:52:01 [INFO]   BATCH COMPLETE: 10 teams, 300 games, 6039 PGS rows
16:52:01 [INFO] ============================================================

============================================================
  ESPN BATCH — FINAL SUMMARY
============================================================
  Total teams:                2965
  Total players:              29865
  Total games:                16492
  Total player_game_stats:    433979
============================================================
