23:06:06 [INFO] Batch: 18 NCAA D1 teams via ESPN
23:06:06 [INFO] 
[1/18] Boston College Eagles
23:06:06 [INFO] Scraping team: Boston College Eagles (ESPN #103)
23:06:06 [INFO] HTTP Request: GET https://site.api.espn.com/apis/site/v2/sports/basketball/mens-college-basketball/teams/103/schedule?season=2026 "HTTP/1.1 200 OK"
23:06:06 [INFO]   Schedule: 27 completed games
23:06:16 [INFO] HTTP Request: GET https://site.api.espn.com/apis/site/v2/sports/basketball/mens-college-basketball/summary?event=401817211 "HTTP/1.1 200 OK"
23:06:27 [INFO] HTTP Request: GET https://site.api.espn.com/apis/site/v2/sports/basketball/mens-college-basketball/summary?event=401817212 "HTTP/1.1 200 OK"
23:06:37 [INFO] HTTP Request: GET https://site.api.espn.com/apis/site/v2/sports/basketball/mens-college-basketball/summary?event=401812644 "HTTP/1.1 200 OK"
23:06:47 [INFO] HTTP Request: GET https://site.api.espn.com/apis/site/v2/sports/basketball/mens-college-basketball/summary?event=401817213 "HTTP/1.1 200 OK"
23:06:58 [INFO] HTTP Request: GET https://site.api.espn.com/apis/site/v2/sports/basketball/mens-college-basketball/summary?event=401817214 "HTTP/1.1 200 OK"
23:07:08 [INFO] HTTP Request: GET https://site.api.espn.com/apis/site/v2/sports/basketball/mens-college-basketball/summary?event=401809311 "HTTP/1.1 200 OK"
23:07:18 [INFO] HTTP Request: GET https://site.api.espn.com/apis/site/v2/sports/basketball/mens-college-basketball/summary?event=401831228 "HTTP/1.1 200 OK"
23:07:28 [INFO] HTTP Request: GET https://site.api.espn.com/apis/site/v2/sports/basketball/mens-college-basketball/summary?event=401812606 "HTTP/1.1 200 OK"
23:07:38 [INFO] HTTP Request: GET https://site.api.espn.com/apis/site/v2/sports/basketball/mens-college-basketball/summary?event=401806378 "HTTP/1.1 200 OK"
23:07:49 [INFO] HTTP Request: GET https://site.api.espn.com/apis/site/v2/sports/basketball/mens-college-basketball/summary?event=401817215 "HTTP/1.1 200 OK"
23:07:59 [INFO] HTTP Request: GET https://site.api.espn.com/apis/site/v2/sports/basketball/mens-college-basketball/summary?event=401817216 "HTTP/1.1 200 OK"
23:08:09 [INFO] HTTP Request: GET https://site.api.espn.com/apis/site/v2/sports/basketball/mens-college-basketball/summary?event=401812313 "HTTP/1.1 200 OK"
23:08:20 [INFO] HTTP Request: GET https://site.api.espn.com/apis/site/v2/sports/basketball/mens-college-basketball/summary?event=401817217 "HTTP/1.1 200 OK"
23:08:30 [INFO] HTTP Request: GET https://site.api.espn.com/apis/site/v2/sports/basketball/mens-college-basketball/summary?event=401820645 "HTTP/1.1 200 OK"
23:08:40 [INFO] HTTP Request: GET https://site.api.espn.com/apis/site/v2/sports/basketball/mens-college-basketball/summary?event=401820651 "HTTP/1.1 200 OK"
23:08:51 [INFO] HTTP Request: GET https://site.api.espn.com/apis/site/v2/sports/basketball/mens-college-basketball/summary?event=401820659 "HTTP/1.1 200 OK"
23:09:01 [INFO] HTTP Request: GET https://site.api.espn.com/apis/site/v2/sports/basketball/mens-college-basketball/summary?event=401820667 "HTTP/1.1 200 OK"
23:09:12 [INFO] HTTP Request: GET https://site.api.espn.com/apis/site/v2/sports/basketball/mens-college-basketball/summary?event=401820674 "HTTP/1.1 200 OK"
23:09:22 [INFO] HTTP Request: GET https://site.api.espn.com/apis/site/v2/sports/basketball/mens-college-basketball/summary?event=401820684 "HTTP/1.1 200 OK"
23:09:33 [INFO] HTTP Request: GET https://site.api.espn.com/apis/site/v2/sports/basketball/mens-college-basketball/summary?event=401820692 "HTTP/1.1 200 OK"
23:09:43 [INFO] HTTP Request: GET https://site.api.espn.com/apis/site/v2/sports/basketball/mens-college-basketball/summary?event=401820705 "HTTP/1.1 200 OK"
23:09:53 [INFO] HTTP Request: GET https://site.api.espn.com/apis/site/v2/sports/basketball/mens-college-basketball/summary?event=401820715 "HTTP/1.1 200 OK"
23:10:03 [INFO] HTTP Request: GET https://site.api.espn.com/apis/site/v2/sports/basketball/mens-college-basketball/summary?event=401820721 "HTTP/1.1 200 OK"
23:10:14 [INFO] HTTP Request: GET https://site.api.espn.com/apis/site/v2/sports/basketball/mens-college-basketball/summary?event=401820732 "HTTP/1.1 200 OK"
23:10:24 [INFO] HTTP Request: GET https://site.api.espn.com/apis/site/v2/sports/basketball/mens-college-basketball/summary?event=401820739 "HTTP/1.1 200 OK"
23:10:34 [INFO] HTTP Request: GET https://site.api.espn.com/apis/site/v2/sports/basketball/mens-college-basketball/summary?event=401820748 "HTTP/1.1 200 OK"
23:10:45 [INFO] HTTP Request: GET https://site.api.espn.com/apis/site/v2/sports/basketball/mens-college-basketball/summary?event=401820758 "HTTP/1.1 200 OK"
23:10:45 [INFO]   Loaded: 27 games, 522 player-game-stat rows
23:10:45 [INFO] 
[2/18] California Golden Bears
23:10:45 [INFO] Scraping team: California Golden Bears (ESPN #25)
23:10:55 [INFO] HTTP Request: GET https://site.api.espn.com/apis/site/v2/sports/basketball/mens-college-basketball/teams/25/schedule?season=2026 "HTTP/1.1 200 OK"
23:10:55 [INFO]   Schedule: 27 completed games
23:11:06 [INFO] HTTP Request: GET https://site.api.espn.com/apis/site/v2/sports/basketball/mens-college-basketball/summary?event=401817218 "HTTP/1.1 200 OK"
23:11:16 [INFO] HTTP Request: GET https://site.api.espn.com/apis/site/v2/sports/basketball/mens-college-basketball/summary?event=401817219 "HTTP/1.1 200 OK"
23:11:26 [INFO] HTTP Request: GET https://site.api.espn.com/apis/site/v2/sports/basketball/mens-college-basketball/summary?event=401817220 "HTTP/1.1 200 OK"
23:11:37 [INFO] HTTP Request: GET https://site.api.espn.com/apis/site/v2/sports/basketball/mens-college-basketball/summary?event=401817221 "HTTP/1.1 200 OK"
23:11:47 [INFO] HTTP Request: GET https://site.api.espn.com/apis/site/v2/sports/basketball/mens-college-basketball/summary?event=401817222 "HTTP/1.1 200 OK"
23:11:58 [INFO] HTTP Request: GET https://site.api.espn.com/apis/site/v2/sports/basketball/mens-college-basketball/summary?event=401817223 "HTTP/1.1 200 OK"
23:12:08 [INFO] HTTP Request: GET https://site.api.espn.com/apis/site/v2/sports/basketball/mens-college-basketball/summary?event=401813762 "HTTP/1.1 200 OK"
23:12:18 [INFO] HTTP Request: GET https://site.api.espn.com/apis/site/v2/sports/basketball/mens-college-basketball/summary?event=401817224 "HTTP/1.1 200 OK"
23:12:29 [INFO] HTTP Request: GET https://site.api.espn.com/apis/site/v2/sports/basketball/mens-college-basketball/summary?event=401817225 "HTTP/1.1 200 OK"
23:12:39 [INFO] HTTP Request: GET https://site.api.espn.com/apis/site/v2/sports/basketball/mens-college-basketball/summary?event=401820295 "HTTP/1.1 200 OK"
23:12:49 [INFO] HTTP Request: GET https://site.api.espn.com/apis/site/v2/sports/basketball/mens-college-basketball/summary?event=401817226 "HTTP/1.1 200 OK"
23:12:59 [INFO] HTTP Request: GET https://site.api.espn.com/apis/site/v2/sports/basketball/mens-college-basketball/summary?event=401813282 "HTTP/1.1 200 OK"
23:13:10 [INFO] HTTP Request: GET https://site.api.espn.com/apis/site/v2/sports/basketball/mens-college-basketball/summary?event=401817227 "HTTP/1.1 200 OK"
23:13:20 [INFO] HTTP Request: GET https://site.api.espn.com/apis/site/v2/sports/basketball/mens-college-basketball/summary?event=401820634 "HTTP/1.1 200 OK"
23:13:31 [INFO] HTTP Request: GET https://site.api.espn.com/apis/site/v2/sports/basketball/mens-college-basketball/summary?event=401820642 "HTTP/1.1 200 OK"
23:13:41 [INFO] HTTP Request: GET https://site.api.espn.com/apis/site/v2/sports/basketball/mens-college-basketball/summary?event=401820654 "HTTP/1.1 200 OK"
23:13:51 [INFO] HTTP Request: GET https://site.api.espn.com/apis/site/v2/sports/basketball/mens-college-basketball/summary?event=401820665 "HTTP/1.1 200 OK"
23:14:02 [INFO] HTTP Request: GET https://site.api.espn.com/apis/site/v2/sports/basketball/mens-college-basketball/summary?event=401820666 "HTTP/1.1 200 OK"
23:14:12 [INFO] HTTP Request: GET https://site.api.espn.com/apis/site/v2/sports/basketball/mens-college-basketball/summary?event=401820675 "HTTP/1.1 200 OK"
23:14:23 [INFO] HTTP Request: GET https://site.api.espn.com/apis/site/v2/sports/basketball/mens-college-basketball/summary?event=401820695 "HTTP/1.1 200 OK"
23:14:33 [INFO] HTTP Request: GET https://site.api.espn.com/apis/site/v2/sports/basketball/mens-college-basketball/summary?event=401820700 "HTTP/1.1 200 OK"
23:14:43 [INFO] HTTP Request: GET https://site.api.espn.com/apis/site/v2/sports/basketball/mens-college-basketball/summary?event=401820711 "HTTP/1.1 200 OK"
23:14:54 [INFO] HTTP Request: GET https://site.api.espn.com/apis/site/v2/sports/basketball/mens-college-basketball/summary?event=401820717 "HTTP/1.1 200 OK"
23:15:05 [INFO] HTTP Request: GET https://site.api.espn.com/apis/site/v2/sports/basketball/mens-college-basketball/summary?event=401820722 "HTTP/1.1 200 OK"
23:15:15 [INFO] HTTP Request: GET https://site.api.espn.com/apis/site/v2/sports/basketball/mens-college-basketball/summary?event=401820738 "HTTP/1.1 200 OK"
23:15:25 [INFO] HTTP Request: GET https://site.api.espn.com/apis/site/v2/sports/basketball/mens-college-basketball/summary?event=401820739 "HTTP/1.1 200 OK"
23:15:35 [INFO] HTTP Request: GET https://site.api.espn.com/apis/site/v2/sports/basketball/mens-college-basketball/summary?event=401820754 "HTTP/1.1 200 OK"
23:15:35 [INFO]   Loaded: 27 games, 543 player-game-stat rows
23:15:35 [INFO] 
[3/18] Clemson Tigers
23:15:35 [INFO] Scraping team: Clemson Tigers (ESPN #228)
23:15:45 [INFO] HTTP Request: GET https://site.api.espn.com/apis/site/v2/sports/basketball/mens-college-basketball/teams/228/schedule?season=2026 "HTTP/1.1 200 OK"
23:15:45 [INFO]   Schedule: 28 completed games
23:15:55 [INFO] HTTP Request: GET https://site.api.espn.com/apis/site/v2/sports/basketball/mens-college-basketball/summary?event=401812916 "HTTP/1.1 200 OK"
23:16:06 [INFO] HTTP Request: GET https://site.api.espn.com/apis/site/v2/sports/basketball/mens-college-basketball/summary?event=401812917 "HTTP/1.1 200 OK"
23:16:16 [INFO] HTTP Request: GET https://site.api.espn.com/apis/site/v2/sports/basketball/mens-college-basketball/summary?event=401812918 "HTTP/1.1 200 OK"
23:16:27 [INFO] HTTP Request: GET https://site.api.espn.com/apis/site/v2/sports/basketball/mens-college-basketball/summary?event=401812919 "HTTP/1.1 200 OK"
23:16:37 [INFO] HTTP Request: GET https://site.api.espn.com/apis/site/v2/sports/basketball/mens-college-basketball/summary?event=401812920 "HTTP/1.1 200 OK"
23:16:47 [INFO] HTTP Request: GET https://site.api.espn.com/apis/site/v2/sports/basketball/mens-college-basketball/summary?event=401809308 "HTTP/1.1 200 OK"
23:16:58 [INFO] HTTP Request: GET https://site.api.espn.com/apis/site/v2/sports/basketball/mens-college-basketball/summary?event=401831230 "HTTP/1.1 200 OK"
23:17:08 [INFO] HTTP Request: GET https://site.api.espn.com/apis/site/v2/sports/basketball/mens-college-basketball/summary?event=401827173 "HTTP/1.1 200 OK"
23:17:19 [INFO] HTTP Request: GET https://site.api.espn.com/apis/site/v2/sports/basketball/mens-college-basketball/summary?event=401806376 "HTTP/1.1 200 OK"
23:17:29 [INFO] HTTP Request: GET https://site.api.espn.com/apis/site/v2/sports/basketball/mens-college-basketball/summary?event=401812923 "HTTP/1.1 200 OK"
23:17:39 [INFO] HTTP Request: GET https://site.api.espn.com/apis/site/v2/sports/basketball/mens-college-basketball/summary?event=401812924 "HTTP/1.1 200 OK"
23:17:49 [INFO] HTTP Request: GET https://site.api.espn.com/apis/site/v2/sports/basketball/mens-college-basketball/summary?event=401812925 "HTTP/1.1 200 OK"
23:18:00 [INFO] HTTP Request: GET https://site.api.espn.com/apis/site/v2/sports/basketball/mens-college-basketball/summary?event=401812926 "HTTP/1.1 200 OK"
23:18:10 [INFO] HTTP Request: GET https://site.api.espn.com/apis/site/v2/sports/basketball/mens-college-basketball/summary?event=401820640 "HTTP/1.1 200 OK"
23:18:21 [INFO] HTTP Request: GET https://site.api.espn.com/apis/site/v2/sports/basketball/mens-college-basketball/summary?event=401820647 "HTTP/1.1 200 OK"
23:18:31 [INFO] HTTP Request: GET https://site.api.espn.com/apis/site/v2/sports/basketball/mens-college-basketball/summary?event=401820652 "HTTP/1.1 200 OK"
23:18:42 [INFO] HTTP Request: GET https://site.api.espn.com/apis/site/v2/sports/basketball/mens-college-basketball/summary?event=401820662 "HTTP/1.1 200 OK"
23:18:52 [INFO] HTTP Request: GET https://site.api.espn.com/apis/site/v2/sports/basketball/mens-college-basketball/summary?event=401820667 "HTTP/1.1 200 OK"
23:19:03 [INFO] HTTP Request: GET https://site.api.espn.com/apis/site/v2/sports/basketball/mens-college-basketball/summary?event=401820676 "HTTP/1.1 200 OK"
23:19:13 [INFO] HTTP Request: GET https://site.api.espn.com/apis/site/v2/sports/basketball/mens-college-basketball/summary?event=401820685 "HTTP/1.1 200 OK"
23:19:23 [INFO] HTTP Request: GET https://site.api.espn.com/apis/site/v2/sports/basketball/mens-college-basketball/summary?event=401820690 "HTTP/1.1 200 OK"
23:19:34 [INFO] HTTP Request: GET https://site.api.espn.com/apis/site/v2/sports/basketball/mens-college-basketball/summary?event=401820707 "HTTP/1.1 200 OK"
23:19:44 [INFO] HTTP Request: GET https://site.api.espn.com/apis/site/v2/sports/basketball/mens-college-basketball/summary?event=401820720 "HTTP/1.1 200 OK"
23:19:55 [INFO] HTTP Request: GET https://site.api.espn.com/apis/site/v2/sports/basketball/mens-college-basketball/summary?event=401820722 "HTTP/1.1 200 OK"
23:20:05 [INFO] HTTP Request: GET https://site.api.espn.com/apis/site/v2/sports/basketball/mens-college-basketball/summary?event=401820733 "HTTP/1.1 200 OK"
23:20:15 [INFO] HTTP Request: GET https://site.api.espn.com/apis/site/v2/sports/basketball/mens-college-basketball/summary?event=401820740 "HTTP/1.1 200 OK"
23:20:26 [INFO] HTTP Request: GET https://site.api.espn.com/apis/site/v2/sports/basketball/mens-college-basketball/summary?event=401820753 "HTTP/1.1 200 OK"
23:20:36 [INFO] HTTP Request: GET https://site.api.espn.com/apis/site/v2/sports/basketball/mens-college-basketball/summary?event=401820755 "HTTP/1.1 200 OK"
23:20:36 [INFO]   Loaded: 28 games, 558 player-game-stat rows
23:20:36 [INFO] 
[4/18] Duke Blue Devils
23:20:36 [INFO] Scraping team: Duke Blue Devils (ESPN #150)
23:20:47 [INFO] HTTP Request: GET https://site.api.espn.com/apis/site/v2/sports/basketball/mens-college-basketball/teams/150/schedule?season=2026 "HTTP/1.1 200 OK"
23:20:47 [INFO]   Schedule: 28 completed games
23:20:57 [INFO] HTTP Request: GET https://site.api.espn.com/apis/site/v2/sports/basketball/mens-college-basketball/summary?event=401817228 "HTTP/1.1 200 OK"
23:21:07 [INFO] HTTP Request: GET https://site.api.espn.com/apis/site/v2/sports/basketball/mens-college-basketball/summary?event=401817229 "HTTP/1.1 200 OK"
23:21:17 [INFO] HTTP Request: GET https://site.api.espn.com/apis/site/v2/sports/basketball/mens-college-basketball/summary?event=401817230 "HTTP/1.1 200 OK"
23:21:28 [INFO] HTTP Request: GET https://site.api.espn.com/apis/site/v2/sports/basketball/mens-college-basketball/summary?event=401817231 "HTTP/1.1 200 OK"
23:21:38 [INFO] HTTP Request: GET https://site.api.espn.com/apis/site/v2/sports/basketball/mens-college-basketball/summary?event=401817232 "HTTP/1.1 200 OK"
23:21:48 [INFO] HTTP Request: GET https://site.api.espn.com/apis/site/v2/sports/basketball/mens-college-basketball/summary?event=401813377 "HTTP/1.1 200 OK"
23:21:59 [INFO] HTTP Request: GET https://site.api.espn.com/apis/site/v2/sports/basketball/mens-college-basketball/summary?event=401817233 "HTTP/1.1 200 OK"
23:22:09 [INFO] HTTP Request: GET https://site.api.espn.com/apis/site/v2/sports/basketball/mens-college-basketball/summary?event=401817234 "HTTP/1.1 200 OK"
23:22:20 [INFO] HTTP Request: GET https://site.api.espn.com/apis/site/v2/sports/basketball/mens-college-basketball/summary?event=401806364 "HTTP/1.1 200 OK"
23:22:30 [INFO] HTTP Request: GET https://site.api.espn.com/apis/site/v2/sports/basketball/mens-college-basketball/summary?event=401817235 "HTTP/1.1 200 OK"
23:22:41 [INFO] HTTP Request: GET https://site.api.espn.com/apis/site/v2/sports/basketball/mens-college-basketball/summary?event=401817236 "HTTP/1.1 200 OK"
23:22:51 [INFO] HTTP Request: GET https://site.api.espn.com/apis/site/v2/sports/basketball/mens-college-basketball/summary?event=401817237 "HTTP/1.1 200 OK"
23:23:01 [INFO] HTTP Request: GET https://site.api.espn.com/apis/site/v2/sports/basketball/mens-college-basketball/summary?event=401820636 "HTTP/1.1 200 OK"
23:23:12 [INFO] HTTP Request: GET https://site.api.espn.com/apis/site/v2/sports/basketball/mens-college-basketball/summary?event=401820644 "HTTP/1.1 200 OK"
23:23:22 [INFO] HTTP Request: GET https://site.api.espn.com/apis/site/v2/sports/basketball/mens-college-basketball/summary?event=401820650 "HTTP/1.1 200 OK"
23:23:32 [INFO] HTTP Request: GET https://site.api.espn.com/apis/site/v2/sports/basketball/mens-college-basketball/summary?event=401820657 "HTTP/1.1 200 OK"
23:23:42 [INFO] HTTP Request: GET https://site.api.espn.com/apis/site/v2/sports/basketball/mens-college-basketball/summary?event=401820666 "HTTP/1.1 200 OK"
23:23:53 [INFO] HTTP Request: GET https://site.api.espn.com/apis/site/v2/sports/basketball/mens-college-basketball/summary?event=401820681 "HTTP/1.1 200 OK"
23:24:03 [INFO] HTTP Request: GET https://site.api.espn.com/apis/site/v2/sports/basketball/mens-college-basketball/summary?event=401820689 "HTTP/1.1 200 OK"
23:24:13 [INFO] HTTP Request: GET https://site.api.espn.com/apis/site/v2/sports/basketball/mens-college-basketball/summary?event=401820698 "HTTP/1.1 200 OK"
23:24:23 [INFO] HTTP Request: GET https://site.api.espn.com/apis/site/v2/sports/basketball/mens-college-basketball/summary?event=401820712 "HTTP/1.1 200 OK"
23:24:34 [INFO] HTTP Request: GET https://site.api.espn.com/apis/site/v2/sports/basketball/mens-college-basketball/summary?event=401820715 "HTTP/1.1 200 OK"
23:24:44 [INFO] HTTP Request: GET https://site.api.espn.com/apis/site/v2/sports/basketball/mens-college-basketball/summary?event=401820724 "HTTP/1.1 200 OK"
23:24:54 [INFO] HTTP Request: GET https://site.api.espn.com/apis/site/v2/sports/basketball/mens-college-basketball/summary?event=401820736 "HTTP/1.1 200 OK"
23:25:05 [INFO] HTTP Request: GET https://site.api.espn.com/apis/site/v2/sports/basketball/mens-college-basketball/summary?event=401820740 "HTTP/1.1 200 OK"
23:25:15 [INFO] HTTP Request: GET https://site.api.espn.com/apis/site/v2/sports/basketball/mens-college-basketball/summary?event=401820747 "HTTP/1.1 200 OK"
23:25:25 [INFO] HTTP Request: GET https://site.api.espn.com/apis/site/v2/sports/basketball/mens-college-basketball/summary?event=401817238 "HTTP/1.1 200 OK"
23:25:36 [INFO] HTTP Request: GET https://site.api.espn.com/apis/site/v2/sports/basketball/mens-college-basketball/summary?event=401820767 "HTTP/1.1 200 OK"
23:25:36 [INFO]   Loaded: 28 games, 557 player-game-stat rows
23:25:36 [INFO] 
[5/18] Florida State Seminoles
23:25:36 [INFO] Scraping team: Florida State Seminoles (ESPN #52)
23:25:46 [INFO] HTTP Request: GET https://site.api.espn.com/apis/site/v2/sports/basketball/mens-college-basketball/teams/52/schedule?season=2026 "HTTP/1.1 200 OK"
23:25:46 [INFO]   Schedule: 28 completed games
23:25:56 [INFO] HTTP Request: GET https://site.api.espn.com/apis/site/v2/sports/basketball/mens-college-basketball/summary?event=401826705 "HTTP/1.1 200 OK"
23:26:06 [INFO] HTTP Request: GET https://site.api.espn.com/apis/site/v2/sports/basketball/mens-college-basketball/summary?event=401826706 "HTTP/1.1 200 OK"
23:26:16 [INFO] HTTP Request: GET https://site.api.espn.com/apis/site/v2/sports/basketball/mens-college-basketball/summary?event=401826707 "HTTP/1.1 200 OK"
23:26:27 [INFO] HTTP Request: GET https://site.api.espn.com/apis/site/v2/sports/basketball/mens-college-basketball/summary?event=401826708 "HTTP/1.1 200 OK"
23:26:37 [INFO] HTTP Request: GET https://site.api.espn.com/apis/site/v2/sports/basketball/mens-college-basketball/summary?event=401826709 "HTTP/1.1 200 OK"
23:26:47 [INFO] HTTP Request: GET https://site.api.espn.com/apis/site/v2/sports/basketball/mens-college-basketball/summary?event=401823735 "HTTP/1.1 200 OK"
23:26:58 [INFO] HTTP Request: GET https://site.api.espn.com/apis/site/v2/sports/basketball/mens-college-basketball/summary?event=401826710 "HTTP/1.1 200 OK"
23:27:08 [INFO] HTTP Request: GET https://site.api.espn.com/apis/site/v2/sports/basketball/mens-college-basketball/summary?event=401806369 "HTTP/1.1 200 OK"
23:27:18 [INFO] HTTP Request: GET https://site.api.espn.com/apis/site/v2/sports/basketball/mens-college-basketball/summary?event=401824813 "HTTP/1.1 200 OK"
23:27:28 [INFO] HTTP Request: GET https://site.api.espn.com/apis/site/v2/sports/basketball/mens-college-basketball/summary?event=401826711 "HTTP/1.1 200 OK"
23:27:38 [INFO] HTTP Request: GET https://site.api.espn.com/apis/site/v2/sports/basketball/mens-college-basketball/summary?event=401813443 "HTTP/1.1 200 OK"
23:27:49 [INFO] HTTP Request: GET https://site.api.espn.com/apis/site/v2/sports/basketball/mens-college-basketball/summary?event=401826712 "HTTP/1.1 200 OK"
23:27:59 [INFO] HTTP Request: GET https://site.api.espn.com/apis/site/v2/sports/basketball/mens-college-basketball/summary?event=401823350 "HTTP/1.1 200 OK"
23:28:10 [INFO] HTTP Request: GET https://site.api.espn.com/apis/site/v2/sports/basketball/mens-college-basketball/summary?event=401820639 "HTTP/1.1 200 OK"
23:28:20 [INFO] HTTP Request: GET https://site.api.espn.com/apis/site/v2/sports/basketball/mens-college-basketball/summary?event=401820644 "HTTP/1.1 200 OK"
23:28:31 [INFO] HTTP Request: GET https://site.api.espn.com/apis/site/v2/sports/basketball/mens-college-basketball/summary?event=401820658 "HTTP/1.1 200 OK"
23:28:41 [INFO] HTTP Request: GET https://site.api.espn.com/apis/site/v2/sports/basketball/mens-college-basketball/summary?event=401820673 "HTTP/1.1 200 OK"
23:28:51 [INFO] HTTP Request: GET https://site.api.espn.com/apis/site/v2/sports/basketball/mens-college-basketball/summary?event=401820677 "HTTP/1.1 200 OK"
23:29:02 [INFO] HTTP Request: GET https://site.api.espn.com/apis/site/v2/sports/basketball/mens-college-basketball/summary?event=401820686 "HTTP/1.1 200 OK"
23:29:12 [INFO] HTTP Request: GET https://site.api.espn.com/apis/site/v2/sports/basketball/mens-college-basketball/summary?event=401820694 "HTTP/1.1 200 OK"
23:29:23 [INFO] HTTP Request: GET https://site.api.espn.com/apis/site/v2/sports/basketball/mens-college-basketball/summary?event=401820700 "HTTP/1.1 200 OK"
23:29:33 [INFO] HTTP Request: GET https://site.api.espn.com/apis/site/v2/sports/basketball/mens-college-basketball/summary?event=401820708 "HTTP/1.1 200 OK"
23:29:43 [INFO] HTTP Request: GET https://site.api.espn.com/apis/site/v2/sports/basketball/mens-college-basketball/summary?event=401820725 "HTTP/1.1 200 OK"
23:29:54 [INFO] HTTP Request: GET https://site.api.espn.com/apis/site/v2/sports/basketball/mens-college-basketball/summary?event=401820734 "HTTP/1.1 200 OK"
23:30:04 [INFO] HTTP Request: GET https://site.api.espn.com/apis/site/v2/sports/basketball/mens-college-basketball/summary?event=401820745 "HTTP/1.1 200 OK"
23:30:15 [INFO] HTTP Request: GET https://site.api.espn.com/apis/site/v2/sports/basketball/mens-college-basketball/summary?event=401820748 "HTTP/1.1 200 OK"
23:30:25 [INFO] HTTP Request: GET https://site.api.espn.com/apis/site/v2/sports/basketball/mens-college-basketball/summary?event=401820755 "HTTP/1.1 200 OK"
23:30:36 [INFO] HTTP Request: GET https://site.api.espn.com/apis/site/v2/sports/basketball/mens-college-basketball/summary?event=401820766 "HTTP/1.1 200 OK"
23:30:36 [INFO]   Loaded: 28 games, 557 player-game-stat rows
23:30:36 [INFO] 
[6/18] Georgia Tech Yellow Jackets
23:30:36 [INFO] Scraping team: Georgia Tech Yellow Jackets (ESPN #59)
23:30:46 [INFO] HTTP Request: GET https://site.api.espn.com/apis/site/v2/sports/basketball/mens-college-basketball/teams/59/schedule?season=2026 "HTTP/1.1 200 OK"
23:30:46 [INFO]   Schedule: 28 completed games
23:30:56 [INFO] HTTP Request: GET https://site.api.espn.com/apis/site/v2/sports/basketball/mens-college-basketball/summary?event=401820296 "HTTP/1.1 200 OK"
23:31:06 [INFO] HTTP Request: GET https://site.api.espn.com/apis/site/v2/sports/basketball/mens-college-basketball/summary?event=401820614 "HTTP/1.1 200 OK"
23:31:16 [INFO] HTTP Request: GET https://site.api.espn.com/apis/site/v2/sports/basketball/mens-college-basketball/summary?event=401808950 "HTTP/1.1 200 OK"
23:31:27 [INFO] HTTP Request: GET https://site.api.espn.com/apis/site/v2/sports/basketball/mens-college-basketball/summary?event=401826713 "HTTP/1.1 200 OK"
23:31:37 [INFO] HTTP Request: GET https://site.api.espn.com/apis/site/v2/sports/basketball/mens-college-basketball/summary?event=401826714 "HTTP/1.1 200 OK"
23:31:47 [INFO] HTTP Request: GET https://site.api.espn.com/apis/site/v2/sports/basketball/mens-college-basketball/summary?event=401825386 "HTTP/1.1 200 OK"
23:31:58 [INFO] HTTP Request: GET https://site.api.espn.com/apis/site/v2/sports/basketball/mens-college-basketball/summary?event=401825573 "HTTP/1.1 200 OK"
23:32:08 [INFO] HTTP Request: GET https://site.api.espn.com/apis/site/v2/sports/basketball/mens-college-basketball/summary?event=401830884 "HTTP/1.1 200 OK"
23:32:18 [INFO] HTTP Request: GET https://site.api.espn.com/apis/site/v2/sports/basketball/mens-college-basketball/summary?event=401806377 "HTTP/1.1 200 OK"
23:32:29 [INFO] HTTP Request: GET https://site.api.espn.com/apis/site/v2/sports/basketball/mens-college-basketball/summary?event=401824865 "HTTP/1.1 200 OK"
23:32:39 [INFO] HTTP Request: GET https://site.api.espn.com/apis/site/v2/sports/basketball/mens-college-basketball/summary?event=401813326 "HTTP/1.1 200 OK"
23:32:49 [INFO] HTTP Request: GET https://site.api.espn.com/apis/site/v2/sports/basketball/mens-college-basketball/summary?event=401826755 "HTTP/1.1 200 OK"
23:32:59 [INFO] HTTP Request: GET https://site.api.espn.com/apis/site/v2/sports/basketball/mens-college-basketball/summary?event=401826756 "HTTP/1.1 200 OK"
23:33:10 [INFO] HTTP Request: GET https://site.api.espn.com/apis/site/v2/sports/basketball/mens-college-basketball/summary?event=401820636 "HTTP/1.1 200 OK"
23:33:20 [INFO] HTTP Request: GET https://site.api.espn.com/apis/site/v2/sports/basketball/mens-college-basketball/summary?event=401820645 "HTTP/1.1 200 OK"
23:33:31 [INFO] HTTP Request: GET https://site.api.espn.com/apis/site/v2/sports/basketball/mens-college-basketball/summary?event=401820653 "HTTP/1.1 200 OK"
23:33:41 [INFO] HTTP Request: GET https://site.api.espn.com/apis/site/v2/sports/basketball/mens-college-basketball/summary?event=401820660 "HTTP/1.1 200 OK"
23:33:52 [INFO] HTTP Request: GET https://site.api.espn.com/apis/site/v2/sports/basketball/mens-college-basketball/summary?event=401820668 "HTTP/1.1 200 OK"
23:34:02 [INFO] HTTP Request: GET https://site.api.espn.com/apis/site/v2/sports/basketball/mens-college-basketball/summary?event=401820678 "HTTP/1.1 200 OK"
23:34:12 [INFO] HTTP Request: GET https://site.api.espn.com/apis/site/v2/sports/basketball/mens-college-basketball/summary?event=401820690 "HTTP/1.1 200 OK"
23:34:23 [INFO] HTTP Request: GET https://site.api.espn.com/apis/site/v2/sports/basketball/mens-college-basketball/summary?event=401820699 "HTTP/1.1 200 OK"
23:34:33 [INFO] HTTP Request: GET https://site.api.espn.com/apis/site/v2/sports/basketball/mens-college-basketball/summary?event=401820709 "HTTP/1.1 200 OK"
23:34:43 [INFO] HTTP Request: GET https://site.api.espn.com/apis/site/v2/sports/basketball/mens-college-basketball/summary?event=401820717 "HTTP/1.1 200 OK"
23:34:54 [INFO] HTTP Request: GET https://site.api.espn.com/apis/site/v2/sports/basketball/mens-college-basketball/summary?event=401820727 "HTTP/1.1 200 OK"
23:35:04 [INFO] HTTP Request: GET https://site.api.espn.com/apis/site/v2/sports/basketball/mens-college-basketball/summary?event=401820735 "HTTP/1.1 200 OK"
23:35:14 [INFO] HTTP Request: GET https://site.api.espn.com/apis/site/v2/sports/basketball/mens-college-basketball/summary?event=401820743 "HTTP/1.1 200 OK"
23:35:25 [INFO] HTTP Request: GET https://site.api.espn.com/apis/site/v2/sports/basketball/mens-college-basketball/summary?event=401820750 "HTTP/1.1 200 OK"
23:35:35 [INFO] HTTP Request: GET https://site.api.espn.com/apis/site/v2/sports/basketball/mens-college-basketball/summary?event=401820756 "HTTP/1.1 200 OK"
23:35:35 [INFO]   Loaded: 28 games, 548 player-game-stat rows
23:35:35 [INFO] 
[7/18] Louisville Cardinals
23:35:35 [INFO] Scraping team: Louisville Cardinals (ESPN #97)
23:35:46 [INFO] HTTP Request: GET https://site.api.espn.com/apis/site/v2/sports/basketball/mens-college-basketball/teams/97/schedule?season=2026 "HTTP/1.1 200 OK"
23:35:46 [INFO]   Schedule: 28 completed games
23:35:56 [INFO] HTTP Request: GET https://site.api.espn.com/apis/site/v2/sports/basketball/mens-college-basketball/summary?event=401817239 "HTTP/1.1 200 OK"
23:36:06 [INFO] HTTP Request: GET https://site.api.espn.com/apis/site/v2/sports/basketball/mens-college-basketball/summary?event=401817240 "HTTP/1.1 200 OK"
23:36:17 [INFO] HTTP Request: GET https://site.api.espn.com/apis/site/v2/sports/basketball/mens-college-basketball/summary?event=401817241 "HTTP/1.1 200 OK"
23:36:27 [INFO] HTTP Request: GET https://site.api.espn.com/apis/site/v2/sports/basketball/mens-college-basketball/summary?event=401817242 "HTTP/1.1 200 OK"
23:36:38 [INFO] HTTP Request: GET https://site.api.espn.com/apis/site/v2/sports/basketball/mens-college-basketball/summary?event=401817243 "HTTP/1.1 200 OK"
23:36:49 [INFO] HTTP Request: GET https://site.api.espn.com/apis/site/v2/sports/basketball/mens-college-basketball/summary?event=401817244 "HTTP/1.1 200 OK"
23:37:00 [INFO] HTTP Request: GET https://site.api.espn.com/apis/site/v2/sports/basketball/mens-college-basketball/summary?event=401817245 "HTTP/1.1 200 OK"
23:37:10 [INFO] HTTP Request: GET https://site.api.espn.com/apis/site/v2/sports/basketball/mens-college-basketball/summary?event=401806374 "HTTP/1.1 200 OK"
23:37:20 [INFO] HTTP Request: GET https://site.api.espn.com/apis/site/v2/sports/basketball/mens-college-basketball/summary?event=401817246 "HTTP/1.1 200 OK"
23:37:31 [INFO] HTTP Request: GET https://site.api.espn.com/apis/site/v2/sports/basketball/mens-college-basketball/summary?event=401817247 "HTTP/1.1 200 OK"
23:37:41 [INFO] HTTP Request: GET https://site.api.espn.com/apis/site/v2/sports/basketball/mens-college-basketball/summary?event=401817248 "HTTP/1.1 200 OK"
23:37:51 [INFO] HTTP Request: GET https://site.api.espn.com/apis/site/v2/sports/basketball/mens-college-basketball/summary?event=401817249 "HTTP/1.1 200 OK"
23:38:01 [INFO] HTTP Request: GET https://site.api.espn.com/apis/site/v2/sports/basketball/mens-college-basketball/summary?event=401820634 "HTTP/1.1 200 OK"
23:38:11 [INFO] HTTP Request: GET https://site.api.espn.com/apis/site/v2/sports/basketball/mens-college-basketball/summary?event=401820643 "HTTP/1.1 200 OK"
23:38:22 [INFO] HTTP Request: GET https://site.api.espn.com/apis/site/v2/sports/basketball/mens-college-basketball/summary?event=401820650 "HTTP/1.1 200 OK"
23:38:32 [INFO] HTTP Request: GET https://site.api.espn.com/apis/site/v2/sports/basketball/mens-college-basketball/summary?event=401820659 "HTTP/1.1 200 OK"
23:38:42 [INFO] HTTP Request: GET https://site.api.espn.com/apis/site/v2/sports/basketball/mens-college-basketball/summary?event=401820669 "HTTP/1.1 200 OK"
23:38:53 [INFO] HTTP Request: GET https://site.api.espn.com/apis/site/v2/sports/basketball/mens-college-basketball/summary?event=401820679 "HTTP/1.1 200 OK"
23:39:03 [INFO] HTTP Request: GET https://site.api.espn.com/apis/site/v2/sports/basketball/mens-college-basketball/summary?event=401820691 "HTTP/1.1 200 OK"
23:39:14 [INFO] HTTP Request: GET https://site.api.espn.com/apis/site/v2/sports/basketball/mens-college-basketball/summary?event=401820698 "HTTP/1.1 200 OK"
23:39:24 [INFO] HTTP Request: GET https://site.api.espn.com/apis/site/v2/sports/basketball/mens-college-basketball/summary?event=401820710 "HTTP/1.1 200 OK"
23:39:34 [INFO] HTTP Request: GET https://site.api.espn.com/apis/site/v2/sports/basketball/mens-college-basketball/summary?event=401820718 "HTTP/1.1 200 OK"
23:39:44 [INFO] HTTP Request: GET https://site.api.espn.com/apis/site/v2/sports/basketball/mens-college-basketball/summary?event=401820729 "HTTP/1.1 200 OK"
23:39:54 [INFO] HTTP Request: GET https://site.api.espn.com/apis/site/v2/sports/basketball/mens-college-basketball/summary?event=401820730 "HTTP/1.1 200 OK"
23:40:05 [INFO] HTTP Request: GET https://site.api.espn.com/apis/site/v2/sports/basketball/mens-college-basketball/summary?event=401817250 "HTTP/1.1 200 OK"
23:40:15 [INFO] HTTP Request: GET https://site.api.espn.com/apis/site/v2/sports/basketball/mens-college-basketball/summary?event=401820749 "HTTP/1.1 200 OK"
23:40:25 [INFO] HTTP Request: GET https://site.api.espn.com/apis/site/v2/sports/basketball/mens-college-basketball/summary?event=401820756 "HTTP/1.1 200 OK"
23:40:36 [INFO] HTTP Request: GET https://site.api.espn.com/apis/site/v2/sports/basketball/mens-college-basketball/summary?event=401820762 "HTTP/1.1 200 OK"
23:40:36 [INFO]   Loaded: 28 games, 576 player-game-stat rows
23:40:36 [INFO] 
[8/18] Miami Hurricanes
23:40:36 [INFO] Scraping team: Miami Hurricanes (ESPN #2390)
23:40:47 [INFO] HTTP Request: GET https://site.api.espn.com/apis/site/v2/sports/basketball/mens-college-basketball/teams/2390/schedule?season=2026 "HTTP/1.1 200 OK"
23:40:47 [INFO]   Schedule: 28 completed games
23:40:57 [INFO] HTTP Request: GET https://site.api.espn.com/apis/site/v2/sports/basketball/mens-college-basketball/summary?event=401809413 "HTTP/1.1 200 OK"
23:41:07 [INFO] HTTP Request: GET https://site.api.espn.com/apis/site/v2/sports/basketball/mens-college-basketball/summary?event=401809414 "HTTP/1.1 200 OK"
23:41:18 [INFO] HTTP Request: GET https://site.api.espn.com/apis/site/v2/sports/basketball/mens-college-basketball/summary?event=401809415 "HTTP/1.1 200 OK"
23:41:28 [INFO] HTTP Request: GET https://site.api.espn.com/apis/site/v2/sports/basketball/mens-college-basketball/summary?event=401809416 "HTTP/1.1 200 OK"
23:41:38 [INFO] HTTP Request: GET https://site.api.espn.com/apis/site/v2/sports/basketball/mens-college-basketball/summary?event=401809417 "HTTP/1.1 200 OK"
23:41:48 [INFO] HTTP Request: GET https://site.api.espn.com/apis/site/v2/sports/basketball/mens-college-basketball/summary?event=401809418 "HTTP/1.1 200 OK"
23:41:59 [INFO] HTTP Request: GET https://site.api.espn.com/apis/site/v2/sports/basketball/mens-college-basketball/summary?event=401809419 "HTTP/1.1 200 OK"
23:42:09 [INFO] HTTP Request: GET https://site.api.espn.com/apis/site/v2/sports/basketball/mens-college-basketball/summary?event=401830887 "HTTP/1.1 200 OK"
23:42:20 [INFO] HTTP Request: GET https://site.api.espn.com/apis/site/v2/sports/basketball/mens-college-basketball/summary?event=401806371 "HTTP/1.1 200 OK"
23:42:30 [INFO] HTTP Request: GET https://site.api.espn.com/apis/site/v2/sports/basketball/mens-college-basketball/summary?event=401809420 "HTTP/1.1 200 OK"
23:42:41 [INFO] HTTP Request: GET https://site.api.espn.com/apis/site/v2/sports/basketball/mens-college-basketball/summary?event=401809421 "HTTP/1.1 200 OK"
23:42:51 [INFO] HTTP Request: GET https://site.api.espn.com/apis/site/v2/sports/basketball/mens-college-basketball/summary?event=401809422 "HTTP/1.1 200 OK"
23:43:01 [INFO] HTTP Request: GET https://site.api.espn.com/apis/site/v2/sports/basketball/mens-college-basketball/summary?event=401809423 "HTTP/1.1 200 OK"
23:43:12 [INFO] HTTP Request: GET https://site.api.espn.com/apis/site/v2/sports/basketball/mens-college-basketball/summary?event=401820637 "HTTP/1.1 200 OK"
23:43:22 [INFO] HTTP Request: GET https://site.api.espn.com/apis/site/v2/sports/basketball/mens-college-basketball/summary?event=401820656 "HTTP/1.1 200 OK"
23:43:33 [INFO] HTTP Request: GET https://site.api.espn.com/apis/site/v2/sports/basketball/mens-college-basketball/summary?event=401820660 "HTTP/1.1 200 OK"
23:43:43 [INFO] HTTP Request: GET https://site.api.espn.com/apis/site/v2/sports/basketball/mens-college-basketball/summary?event=401820670 "HTTP/1.1 200 OK"
23:43:54 [INFO] HTTP Request: GET https://site.api.espn.com/apis/site/v2/sports/basketball/mens-college-basketball/summary?event=401820676 "HTTP/1.1 200 OK"
23:44:04 [INFO] HTTP Request: GET https://site.api.espn.com/apis/site/v2/sports/basketball/mens-college-basketball/summary?event=401820686 "HTTP/1.1 200 OK"
23:44:15 [INFO] HTTP Request: GET https://site.api.espn.com/apis/site/v2/sports/basketball/mens-college-basketball/summary?event=401820696 "HTTP/1.1 200 OK"
23:44:25 [INFO] HTTP Request: GET https://site.api.espn.com/apis/site/v2/sports/basketball/mens-college-basketball/summary?event=401820701 "HTTP/1.1 200 OK"
23:44:36 [INFO] HTTP Request: GET https://site.api.espn.com/apis/site/v2/sports/basketball/mens-college-basketball/summary?event=401820711 "HTTP/1.1 200 OK"
23:44:46 [INFO] HTTP Request: GET https://site.api.espn.com/apis/site/v2/sports/basketball/mens-college-basketball/summary?event=401820721 "HTTP/1.1 200 OK"
23:44:57 [INFO] HTTP Request: GET https://site.api.espn.com/apis/site/v2/sports/basketball/mens-college-basketball/summary?event=401820731 "HTTP/1.1 200 OK"
23:45:07 [INFO] HTTP Request: GET https://site.api.espn.com/apis/site/v2/sports/basketball/mens-college-basketball/summary?event=401820741 "HTTP/1.1 200 OK"
23:45:17 [INFO] HTTP Request: GET https://site.api.espn.com/apis/site/v2/sports/basketball/mens-college-basketball/summary?event=401820751 "HTTP/1.1 200 OK"
23:45:28 [INFO] HTTP Request: GET https://site.api.espn.com/apis/site/v2/sports/basketball/mens-college-basketball/summary?event=401820760 "HTTP/1.1 200 OK"
23:45:38 [INFO] HTTP Request: GET https://site.api.espn.com/apis/site/v2/sports/basketball/mens-college-basketball/summary?event=401820766 "HTTP/1.1 200 OK"
23:45:38 [INFO]   Loaded: 28 games, 541 player-game-stat rows
23:45:38 [INFO] 
[9/18] NC State Wolfpack
23:45:38 [INFO] Scraping team: NC State Wolfpack (ESPN #152)
23:45:48 [INFO] HTTP Request: GET https://site.api.espn.com/apis/site/v2/sports/basketball/mens-college-basketball/teams/152/schedule?season=2026 "HTTP/1.1 200 OK"
23:45:48 [INFO]   Schedule: 28 completed games
23:45:59 [INFO] HTTP Request: GET https://site.api.espn.com/apis/site/v2/sports/basketball/mens-college-basketball/summary?event=401817252 "HTTP/1.1 200 OK"
23:46:09 [INFO] HTTP Request: GET https://site.api.espn.com/apis/site/v2/sports/basketball/mens-college-basketball/summary?event=401817253 "HTTP/1.1 200 OK"
23:46:19 [INFO] HTTP Request: GET https://site.api.espn.com/apis/site/v2/sports/basketball/mens-college-basketball/summary?event=401817254 "HTTP/1.1 200 OK"
23:46:30 [INFO] HTTP Request: GET https://site.api.espn.com/apis/site/v2/sports/basketball/mens-college-basketball/summary?event=401817255 "HTTP/1.1 200 OK"
23:46:40 [INFO] HTTP Request: GET https://site.api.espn.com/apis/site/v2/sports/basketball/mens-college-basketball/summary?event=401817256 "HTTP/1.1 200 OK"
23:46:51 [INFO] HTTP Request: GET https://site.api.espn.com/apis/site/v2/sports/basketball/mens-college-basketball/summary?event=401831198 "HTTP/1.1 200 OK"
23:47:01 [INFO] HTTP Request: GET https://site.api.espn.com/apis/site/v2/sports/basketball/mens-college-basketball/summary?event=401831202 "HTTP/1.1 200 OK"
23:47:12 [INFO] HTTP Request: GET https://site.api.espn.com/apis/site/v2/sports/basketball/mens-college-basketball/summary?event=401806373 "HTTP/1.1 200 OK"
23:47:22 [INFO] HTTP Request: GET https://site.api.espn.com/apis/site/v2/sports/basketball/mens-college-basketball/summary?event=401817257 "HTTP/1.1 200 OK"
23:47:32 [INFO] HTTP Request: GET https://site.api.espn.com/apis/site/v2/sports/basketball/mens-college-basketball/summary?event=401817258 "HTTP/1.1 200 OK"
23:47:43 [INFO] HTTP Request: GET https://site.api.espn.com/apis/site/v2/sports/basketball/mens-college-basketball/summary?event=401817259 "HTTP/1.1 200 OK"
23:47:53 [INFO] HTTP Request: GET https://site.api.espn.com/apis/site/v2/sports/basketball/mens-college-basketball/summary?event=401817260 "HTTP/1.1 200 OK"
23:48:03 [INFO] HTTP Request: GET https://site.api.espn.com/apis/site/v2/sports/basketball/mens-college-basketball/summary?event=401817261 "HTTP/1.1 200 OK"
23:48:14 [INFO] HTTP Request: GET https://site.api.espn.com/apis/site/v2/sports/basketball/mens-college-basketball/summary?event=401820638 "HTTP/1.1 200 OK"
23:48:24 [INFO] HTTP Request: GET https://site.api.espn.com/apis/site/v2/sports/basketball/mens-college-basketball/summary?event=401820646 "HTTP/1.1 200 OK"
23:48:34 [INFO] HTTP Request: GET https://site.api.espn.com/apis/site/v2/sports/basketball/mens-college-basketball/summary?event=401820651 "HTTP/1.1 200 OK"
23:48:45 [INFO] HTTP Request: GET https://site.api.espn.com/apis/site/v2/sports/basketball/mens-college-basketball/summary?event=401820658 "HTTP/1.1 200 OK"
23:48:55 [INFO] HTTP Request: GET https://site.api.espn.com/apis/site/v2/sports/basketball/mens-college-basketball/summary?event=401820678 "HTTP/1.1 200 OK"
23:49:06 [INFO] HTTP Request: GET https://site.api.espn.com/apis/site/v2/sports/basketball/mens-college-basketball/summary?event=401820685 "HTTP/1.1 200 OK"
23:49:16 [INFO] HTTP Request: GET https://site.api.espn.com/apis/site/v2/sports/basketball/mens-college-basketball/summary?event=401820693 "HTTP/1.1 200 OK"
23:49:26 [INFO] HTTP Request: GET https://site.api.espn.com/apis/site/v2/sports/basketball/mens-college-basketball/summary?event=401820702 "HTTP/1.1 200 OK"
23:49:37 [INFO] HTTP Request: GET https://site.api.espn.com/apis/site/v2/sports/basketball/mens-college-basketball/summary?event=401820713 "HTTP/1.1 200 OK"
23:49:47 [INFO] HTTP Request: GET https://site.api.espn.com/apis/site/v2/sports/basketball/mens-college-basketball/summary?event=401820719 "HTTP/1.1 200 OK"
23:49:57 [INFO] HTTP Request: GET https://site.api.espn.com/apis/site/v2/sports/basketball/mens-college-basketball/summary?event=401820723 "HTTP/1.1 200 OK"
23:50:07 [INFO] HTTP Request: GET https://site.api.espn.com/apis/site/v2/sports/basketball/mens-college-basketball/summary?event=401820730 "HTTP/1.1 200 OK"
23:50:18 [INFO] HTTP Request: GET https://site.api.espn.com/apis/site/v2/sports/basketball/mens-college-basketball/summary?event=401820741 "HTTP/1.1 200 OK"
23:50:29 [INFO] HTTP Request: GET https://site.api.espn.com/apis/site/v2/sports/basketball/mens-college-basketball/summary?event=401820752 "HTTP/1.1 200 OK"
23:50:39 [INFO] HTTP Request: GET https://site.api.espn.com/apis/site/v2/sports/basketball/mens-college-basketball/summary?event=401820763 "HTTP/1.1 200 OK"
23:50:39 [INFO]   Loaded: 28 games, 556 player-game-stat rows
23:50:39 [INFO] 
[10/18] North Carolina Tar Heels
23:50:39 [INFO] Scraping team: North Carolina Tar Heels (ESPN #153)
23:50:49 [INFO] HTTP Request: GET https://site.api.espn.com/apis/site/v2/sports/basketball/mens-college-basketball/teams/153/schedule?season=2026 "HTTP/1.1 200 OK"
23:50:50 [INFO]   Schedule: 28 completed games
23:51:00 [INFO] HTTP Request: GET https://site.api.espn.com/apis/site/v2/sports/basketball/mens-college-basketball/summary?event=401817262 "HTTP/1.1 200 OK"
23:51:10 [INFO] HTTP Request: GET https://site.api.espn.com/apis/site/v2/sports/basketball/mens-college-basketball/summary?event=401817263 "HTTP/1.1 200 OK"
23:51:21 [INFO] HTTP Request: GET https://site.api.espn.com/apis/site/v2/sports/basketball/mens-college-basketball/summary?event=401817264 "HTTP/1.1 200 OK"
23:51:31 [INFO] HTTP Request: GET https://site.api.espn.com/apis/site/v2/sports/basketball/mens-college-basketball/summary?event=401817265 "HTTP/1.1 200 OK"
23:51:42 [INFO] HTTP Request: GET https://site.api.espn.com/apis/site/v2/sports/basketball/mens-college-basketball/summary?event=401817266 "HTTP/1.1 200 OK"
23:51:52 [INFO] HTTP Request: GET https://site.api.espn.com/apis/site/v2/sports/basketball/mens-college-basketball/summary?event=401817198 "HTTP/1.1 200 OK"
23:52:02 [INFO] HTTP Request: GET https://site.api.espn.com/apis/site/v2/sports/basketball/mens-college-basketball/summary?event=401817267 "HTTP/1.1 200 OK"
23:52:13 [INFO] HTTP Request: GET https://site.api.espn.com/apis/site/v2/sports/basketball/mens-college-basketball/summary?event=401806365 "HTTP/1.1 200 OK"
23:52:23 [INFO] HTTP Request: GET https://site.api.espn.com/apis/site/v2/sports/basketball/mens-college-basketball/summary?event=401817268 "HTTP/1.1 200 OK"
23:52:33 [INFO] HTTP Request: GET https://site.api.espn.com/apis/site/v2/sports/basketball/mens-college-basketball/summary?event=401817269 "HTTP/1.1 200 OK"
23:52:43 [INFO] HTTP Request: GET https://site.api.espn.com/apis/site/v2/sports/basketball/mens-college-basketball/summary?event=401817270 "HTTP/1.1 200 OK"
23:52:54 [INFO] HTTP Request: GET https://site.api.espn.com/apis/site/v2/sports/basketball/mens-college-basketball/summary?event=401809307 "HTTP/1.1 200 OK"
23:53:04 [INFO] HTTP Request: GET https://site.api.espn.com/apis/site/v2/sports/basketball/mens-college-basketball/summary?event=401817271 "HTTP/1.1 200 OK"
23:53:15 [INFO] HTTP Request: GET https://site.api.espn.com/apis/site/v2/sports/basketball/mens-college-basketball/summary?event=401820639 "HTTP/1.1 200 OK"
23:53:25 [INFO] HTTP Request: GET https://site.api.espn.com/apis/site/v2/sports/basketball/mens-college-basketball/summary?event=401820648 "HTTP/1.1 200 OK"
23:53:36 [INFO] HTTP Request: GET https://site.api.espn.com/apis/site/v2/sports/basketball/mens-college-basketball/summary?event=401820661 "HTTP/1.1 200 OK"
23:53:46 [INFO] HTTP Request: GET https://site.api.espn.com/apis/site/v2/sports/basketball/mens-college-basketball/summary?event=401820672 "HTTP/1.1 200 OK"
23:53:56 [INFO] HTTP Request: GET https://site.api.espn.com/apis/site/v2/sports/basketball/mens-college-basketball/summary?event=401820675 "HTTP/1.1 200 OK"
23:54:07 [INFO] HTTP Request: GET https://site.api.espn.com/apis/site/v2/sports/basketball/mens-college-basketball/summary?event=401820687 "HTTP/1.1 200 OK"
23:54:17 [INFO] HTTP Request: GET https://site.api.espn.com/apis/site/v2/sports/basketball/mens-college-basketball/summary?event=401820697 "HTTP/1.1 200 OK"
23:54:27 [INFO] HTTP Request: GET https://site.api.espn.com/apis/site/v2/sports/basketball/mens-college-basketball/summary?event=401820709 "HTTP/1.1 200 OK"
23:54:38 [INFO] HTTP Request: GET https://site.api.espn.com/apis/site/v2/sports/basketball/mens-college-basketball/summary?event=401820714 "HTTP/1.1 200 OK"
23:54:48 [INFO] HTTP Request: GET https://site.api.espn.com/apis/site/v2/sports/basketball/mens-college-basketball/summary?event=401820724 "HTTP/1.1 200 OK"
23:54:58 [INFO] HTTP Request: GET https://site.api.espn.com/apis/site/v2/sports/basketball/mens-college-basketball/summary?event=401820731 "HTTP/1.1 200 OK"
23:55:09 [INFO] HTTP Request: GET https://site.api.espn.com/apis/site/v2/sports/basketball/mens-college-basketball/summary?event=401820742 "HTTP/1.1 200 OK"
23:55:19 [INFO] HTTP Request: GET https://site.api.espn.com/apis/site/v2/sports/basketball/mens-college-basketball/summary?event=401820752 "HTTP/1.1 200 OK"
23:55:29 [INFO] HTTP Request: GET https://site.api.espn.com/apis/site/v2/sports/basketball/mens-college-basketball/summary?event=401820759 "HTTP/1.1 200 OK"
23:55:40 [INFO] HTTP Request: GET https://site.api.espn.com/apis/site/v2/sports/basketball/mens-college-basketball/summary?event=401820762 "HTTP/1.1 200 OK"
23:55:40 [INFO]   Loaded: 28 games, 575 player-game-stat rows
23:55:40 [INFO] 
[11/18] Notre Dame Fighting Irish
23:55:40 [INFO] Scraping team: Notre Dame Fighting Irish (ESPN #87)
23:55:50 [INFO] HTTP Request: GET https://site.api.espn.com/apis/site/v2/sports/basketball/mens-college-basketball/teams/87/schedule?season=2026 "HTTP/1.1 200 OK"
23:55:51 [INFO]   Schedule: 28 completed games
23:56:01 [INFO] HTTP Request: GET https://site.api.espn.com/apis/site/v2/sports/basketball/mens-college-basketball/summary?event=401812350 "HTTP/1.1 200 OK"
23:56:11 [INFO] HTTP Request: GET https://site.api.espn.com/apis/site/v2/sports/basketball/mens-college-basketball/summary?event=401817132 "HTTP/1.1 200 OK"
23:56:21 [INFO] HTTP Request: GET https://site.api.espn.com/apis/site/v2/sports/basketball/mens-college-basketball/summary?event=401817433 "HTTP/1.1 200 OK"
23:56:32 [INFO] HTTP Request: GET https://site.api.espn.com/apis/site/v2/sports/basketball/mens-college-basketball/summary?event=401817434 "HTTP/1.1 200 OK"
23:56:42 [INFO] HTTP Request: GET https://site.api.espn.com/apis/site/v2/sports/basketball/mens-college-basketball/summary?event=401817435 "HTTP/1.1 200 OK"
23:56:52 [INFO] HTTP Request: GET https://site.api.espn.com/apis/site/v2/sports/basketball/mens-college-basketball/summary?event=401817436 "HTTP/1.1 200 OK"
23:57:03 [INFO] HTTP Request: GET https://site.api.espn.com/apis/site/v2/sports/basketball/mens-college-basketball/summary?event=401817437 "HTTP/1.1 200 OK"
23:57:13 [INFO] HTTP Request: GET https://site.api.espn.com/apis/site/v2/sports/basketball/mens-college-basketball/summary?event=401831217 "HTTP/1.1 200 OK"
23:57:24 [INFO] HTTP Request: GET https://site.api.espn.com/apis/site/v2/sports/basketball/mens-college-basketball/summary?event=401806368 "HTTP/1.1 200 OK"
23:57:34 [INFO] HTTP Request: GET https://site.api.espn.com/apis/site/v2/sports/basketball/mens-college-basketball/summary?event=401812254 "HTTP/1.1 200 OK"
23:57:45 [INFO] HTTP Request: GET https://site.api.espn.com/apis/site/v2/sports/basketball/mens-college-basketball/summary?event=401817438 "HTTP/1.1 200 OK"
23:57:55 [INFO] HTTP Request: GET https://site.api.espn.com/apis/site/v2/sports/basketball/mens-college-basketball/summary?event=401817439 "HTTP/1.1 200 OK"
23:58:05 [INFO] HTTP Request: GET https://site.api.espn.com/apis/site/v2/sports/basketball/mens-college-basketball/summary?event=401817440 "HTTP/1.1 200 OK"
23:58:16 [INFO] HTTP Request: GET https://site.api.espn.com/apis/site/v2/sports/basketball/mens-college-basketball/summary?event=401820635 "HTTP/1.1 200 OK"
23:58:26 [INFO] HTTP Request: GET https://site.api.espn.com/apis/site/v2/sports/basketball/mens-college-basketball/summary?event=401820642 "HTTP/1.1 200 OK"
23:58:37 [INFO] HTTP Request: GET https://site.api.espn.com/apis/site/v2/sports/basketball/mens-college-basketball/summary?event=401820662 "HTTP/1.1 200 OK"
23:58:47 [INFO] HTTP Request: GET https://site.api.espn.com/apis/site/v2/sports/basketball/mens-college-basketball/summary?event=401820670 "HTTP/1.1 200 OK"
23:58:57 [INFO] HTTP Request: GET https://site.api.espn.com/apis/site/v2/sports/basketball/mens-college-basketball/summary?event=401820682 "HTTP/1.1 200 OK"
23:59:07 [INFO] HTTP Request: GET https://site.api.espn.com/apis/site/v2/sports/basketball/mens-college-basketball/summary?event=401820687 "HTTP/1.1 200 OK"
23:59:18 [INFO] HTTP Request: GET https://site.api.espn.com/apis/site/v2/sports/basketball/mens-college-basketball/summary?event=401820692 "HTTP/1.1 200 OK"
23:59:28 [INFO] HTTP Request: GET https://site.api.espn.com/apis/site/v2/sports/basketball/mens-college-basketball/summary?event=401820703 "HTTP/1.1 200 OK"
23:59:38 [INFO] HTTP Request: GET https://site.api.espn.com/apis/site/v2/sports/basketball/mens-college-basketball/summary?event=401820706 "HTTP/1.1 200 OK"
23:59:49 [INFO] HTTP Request: GET https://site.api.espn.com/apis/site/v2/sports/basketball/mens-college-basketball/summary?event=401820718 "HTTP/1.1 200 OK"
00:00:00 [INFO] HTTP Request: GET https://site.api.espn.com/apis/site/v2/sports/basketball/mens-college-basketball/summary?event=401820725 "HTTP/1.1 200 OK"
00:00:16 [INFO] HTTP Request: GET https://site.api.espn.com/apis/site/v2/sports/basketball/mens-college-basketball/summary?event=401820737 "HTTP/1.1 200 OK"
00:00:26 [INFO] HTTP Request: GET https://site.api.espn.com/apis/site/v2/sports/basketball/mens-college-basketball/summary?event=401820743 "HTTP/1.1 200 OK"
00:00:36 [INFO] HTTP Request: GET https://site.api.espn.com/apis/site/v2/sports/basketball/mens-college-basketball/summary?event=401820757 "HTTP/1.1 200 OK"
00:00:47 [INFO] HTTP Request: GET https://site.api.espn.com/apis/site/v2/sports/basketball/mens-college-basketball/summary?event=401820767 "HTTP/1.1 200 OK"
00:00:47 [INFO]   Loaded: 28 games, 564 player-game-stat rows
00:00:47 [INFO] 
[12/18] Pittsburgh Panthers
00:00:47 [INFO] Scraping team: Pittsburgh Panthers (ESPN #221)
00:00:57 [INFO] HTTP Request: GET https://site.api.espn.com/apis/site/v2/sports/basketball/mens-college-basketball/teams/221/schedule?season=2026 "HTTP/1.1 200 OK"
00:00:57 [INFO]   Schedule: 27 completed games
00:01:08 [INFO] HTTP Request: GET https://site.api.espn.com/apis/site/v2/sports/basketball/mens-college-basketball/summary?event=401817441 "HTTP/1.1 200 OK"
00:01:18 [INFO] HTTP Request: GET https://site.api.espn.com/apis/site/v2/sports/basketball/mens-college-basketball/summary?event=401817442 "HTTP/1.1 200 OK"
00:01:28 [INFO] HTTP Request: GET https://site.api.espn.com/apis/site/v2/sports/basketball/mens-college-basketball/summary?event=401817443 "HTTP/1.1 200 OK"
00:01:38 [INFO] HTTP Request: GET https://site.api.espn.com/apis/site/v2/sports/basketball/mens-college-basketball/summary?event=401817444 "HTTP/1.1 200 OK"
00:01:49 [INFO] HTTP Request: GET https://site.api.espn.com/apis/site/v2/sports/basketball/mens-college-basketball/summary?event=401809077 "HTTP/1.1 200 OK"
00:01:59 [INFO] HTTP Request: GET https://site.api.espn.com/apis/site/v2/sports/basketball/mens-college-basketball/summary?event=401817445 "HTTP/1.1 200 OK"
00:02:09 [INFO] HTTP Request: GET https://site.api.espn.com/apis/site/v2/sports/basketball/mens-college-basketball/summary?event=401817446 "HTTP/1.1 200 OK"
00:02:20 [INFO] HTTP Request: GET https://site.api.espn.com/apis/site/v2/sports/basketball/mens-college-basketball/summary?event=401817447 "HTTP/1.1 200 OK"
00:02:30 [INFO] HTTP Request: GET https://site.api.espn.com/apis/site/v2/sports/basketball/mens-college-basketball/summary?event=401806367 "HTTP/1.1 200 OK"
00:02:41 [INFO] HTTP Request: GET https://site.api.espn.com/apis/site/v2/sports/basketball/mens-college-basketball/summary?event=401817448 "HTTP/1.1 200 OK"
00:02:51 [INFO] HTTP Request: GET https://site.api.espn.com/apis/site/v2/sports/basketball/mens-college-basketball/summary?event=401817449 "HTTP/1.1 200 OK"
00:03:02 [INFO] HTTP Request: GET https://site.api.espn.com/apis/site/v2/sports/basketball/mens-college-basketball/summary?event=401817450 "HTTP/1.1 200 OK"
00:03:12 [INFO] HTTP Request: GET https://site.api.espn.com/apis/site/v2/sports/basketball/mens-college-basketball/summary?event=401817451 "HTTP/1.1 200 OK"
00:03:22 [INFO] HTTP Request: GET https://site.api.espn.com/apis/site/v2/sports/basketball/mens-college-basketball/summary?event=401820637 "HTTP/1.1 200 OK"
00:03:33 [INFO] HTTP Request: GET https://site.api.espn.com/apis/site/v2/sports/basketball/mens-college-basketball/summary?event=401820647 "HTTP/1.1 200 OK"
00:03:43 [INFO] HTTP Request: GET https://site.api.espn.com/apis/site/v2/sports/basketball/mens-college-basketball/summary?event=401820663 "HTTP/1.1 200 OK"
00:03:54 [INFO] HTTP Request: GET https://site.api.espn.com/apis/site/v2/sports/basketball/mens-college-basketball/summary?event=401820668 "HTTP/1.1 200 OK"
00:04:04 [INFO] HTTP Request: GET https://site.api.espn.com/apis/site/v2/sports/basketball/mens-college-basketball/summary?event=401820679 "HTTP/1.1 200 OK"
00:04:14 [INFO] HTTP Request: GET https://site.api.espn.com/apis/site/v2/sports/basketball/mens-college-basketball/summary?event=401820684 "HTTP/1.1 200 OK"
00:04:25 [INFO] HTTP Request: GET https://site.api.espn.com/apis/site/v2/sports/basketball/mens-college-basketball/summary?event=401820693 "HTTP/1.1 200 OK"
00:04:35 [INFO] HTTP Request: GET https://site.api.espn.com/apis/site/v2/sports/basketball/mens-college-basketball/summary?event=401820704 "HTTP/1.1 200 OK"
00:04:45 [INFO] HTTP Request: GET https://site.api.espn.com/apis/site/v2/sports/basketball/mens-college-basketball/summary?event=401820707 "HTTP/1.1 200 OK"
00:04:56 [INFO] HTTP Request: GET https://site.api.espn.com/apis/site/v2/sports/basketball/mens-college-basketball/summary?event=401820716 "HTTP/1.1 200 OK"
00:05:06 [INFO] HTTP Request: GET https://site.api.espn.com/apis/site/v2/sports/basketball/mens-college-basketball/summary?event=401820726 "HTTP/1.1 200 OK"
00:05:16 [INFO] HTTP Request: GET https://site.api.espn.com/apis/site/v2/sports/basketball/mens-college-basketball/summary?event=401820736 "HTTP/1.1 200 OK"
00:05:27 [INFO] HTTP Request: GET https://site.api.espn.com/apis/site/v2/sports/basketball/mens-college-basketball/summary?event=401820742 "HTTP/1.1 200 OK"
00:05:37 [INFO] HTTP Request: GET https://site.api.espn.com/apis/site/v2/sports/basketball/mens-college-basketball/summary?event=401820757 "HTTP/1.1 200 OK"
00:05:37 [INFO]   Loaded: 27 games, 487 player-game-stat rows
00:05:37 [INFO] 
[13/18] SMU Mustangs
00:05:37 [INFO] Scraping team: SMU Mustangs (ESPN #2567)
00:05:48 [INFO] HTTP Request: GET https://site.api.espn.com/apis/site/v2/sports/basketball/mens-college-basketball/teams/2567/schedule?season=2026 "HTTP/1.1 200 OK"
00:05:48 [INFO]   Schedule: 27 completed games
00:05:58 [INFO] HTTP Request: GET https://site.api.espn.com/apis/site/v2/sports/basketball/mens-college-basketball/summary?event=401817452 "HTTP/1.1 200 OK"
00:06:09 [INFO] HTTP Request: GET https://site.api.espn.com/apis/site/v2/sports/basketball/mens-college-basketball/summary?event=401817453 "HTTP/1.1 200 OK"
00:06:19 [INFO] HTTP Request: GET https://site.api.espn.com/apis/site/v2/sports/basketball/mens-college-basketball/summary?event=401817454 "HTTP/1.1 200 OK"
00:06:30 [INFO] HTTP Request: GET https://site.api.espn.com/apis/site/v2/sports/basketball/mens-college-basketball/summary?event=401817455 "HTTP/1.1 200 OK"
00:06:40 [INFO] HTTP Request: GET https://site.api.espn.com/apis/site/v2/sports/basketball/mens-college-basketball/summary?event=401817456 "HTTP/1.1 200 OK"
00:06:50 [INFO] HTTP Request: GET https://site.api.espn.com/apis/site/v2/sports/basketball/mens-college-basketball/summary?event=401817457 "HTTP/1.1 200 OK"
00:07:00 [INFO] HTTP Request: GET https://site.api.espn.com/apis/site/v2/sports/basketball/mens-college-basketball/summary?event=401817458 "HTTP/1.1 200 OK"
00:07:11 [INFO] HTTP Request: GET https://site.api.espn.com/apis/site/v2/sports/basketball/mens-college-basketball/summary?event=401817459 "HTTP/1.1 200 OK"
00:07:21 [INFO] HTTP Request: GET https://site.api.espn.com/apis/site/v2/sports/basketball/mens-college-basketball/summary?event=401806375 "HTTP/1.1 200 OK"
00:07:32 [INFO] HTTP Request: GET https://site.api.espn.com/apis/site/v2/sports/basketball/mens-college-basketball/summary?event=401817460 "HTTP/1.1 200 OK"
00:07:42 [INFO] HTTP Request: GET https://site.api.espn.com/apis/site/v2/sports/basketball/mens-college-basketball/summary?event=401817461 "HTTP/1.1 200 OK"
00:07:52 [INFO] HTTP Request: GET https://site.api.espn.com/apis/site/v2/sports/basketball/mens-college-basketball/summary?event=401817462 "HTTP/1.1 200 OK"
00:08:02 [INFO] HTTP Request: GET https://site.api.espn.com/apis/site/v2/sports/basketball/mens-college-basketball/summary?event=401817463 "HTTP/1.1 200 OK"
00:08:13 [INFO] HTTP Request: GET https://site.api.espn.com/apis/site/v2/sports/basketball/mens-college-basketball/summary?event=401820648 "HTTP/1.1 200 OK"
00:08:23 [INFO] HTTP Request: GET https://site.api.espn.com/apis/site/v2/sports/basketball/mens-college-basketball/summary?event=401820652 "HTTP/1.1 200 OK"
00:08:33 [INFO] HTTP Request: GET https://site.api.espn.com/apis/site/v2/sports/basketball/mens-college-basketball/summary?event=401820657 "HTTP/1.1 200 OK"
00:08:43 [INFO] HTTP Request: GET https://site.api.espn.com/apis/site/v2/sports/basketball/mens-college-basketball/summary?event=401820671 "HTTP/1.1 200 OK"
00:08:54 [INFO] HTTP Request: GET https://site.api.espn.com/apis/site/v2/sports/basketball/mens-college-basketball/summary?event=401820680 "HTTP/1.1 200 OK"
00:09:04 [INFO] HTTP Request: GET https://site.api.espn.com/apis/site/v2/sports/basketball/mens-college-basketball/summary?event=401820683 "HTTP/1.1 200 OK"
00:09:15 [INFO] HTTP Request: GET https://site.api.espn.com/apis/site/v2/sports/basketball/mens-college-basketball/summary?event=401820694 "HTTP/1.1 200 OK"
00:09:25 [INFO] HTTP Request: GET https://site.api.espn.com/apis/site/v2/sports/basketball/mens-college-basketball/summary?event=401820710 "HTTP/1.1 200 OK"
00:09:36 [INFO] HTTP Request: GET https://site.api.espn.com/apis/site/v2/sports/basketball/mens-college-basketball/summary?event=401820719 "HTTP/1.1 200 OK"
00:09:47 [INFO] HTTP Request: GET https://site.api.espn.com/apis/site/v2/sports/basketball/mens-college-basketball/summary?event=401820726 "HTTP/1.1 200 OK"
00:09:57 [INFO] HTTP Request: GET https://site.api.espn.com/apis/site/v2/sports/basketball/mens-college-basketball/summary?event=401820737 "HTTP/1.1 200 OK"
00:10:07 [INFO] HTTP Request: GET https://site.api.espn.com/apis/site/v2/sports/basketball/mens-college-basketball/summary?event=401820744 "HTTP/1.1 200 OK"
00:10:18 [INFO] HTTP Request: GET https://site.api.espn.com/apis/site/v2/sports/basketball/mens-college-basketball/summary?event=401820749 "HTTP/1.1 200 OK"
00:10:28 [INFO] HTTP Request: GET https://site.api.espn.com/apis/site/v2/sports/basketball/mens-college-basketball/summary?event=401820758 "HTTP/1.1 200 OK"
00:10:28 [INFO]   Loaded: 27 games, 538 player-game-stat rows
00:10:28 [INFO] 
[14/18] Stanford Cardinal
00:10:28 [INFO] Scraping team: Stanford Cardinal (ESPN #24)
00:10:38 [INFO] HTTP Request: GET https://site.api.espn.com/apis/site/v2/sports/basketball/mens-college-basketball/teams/24/schedule?season=2026 "HTTP/1.1 200 OK"
00:10:38 [INFO]   Schedule: 27 completed games
00:10:49 [INFO] HTTP Request: GET https://site.api.espn.com/apis/site/v2/sports/basketball/mens-college-basketball/summary?event=401817464 "HTTP/1.1 200 OK"
00:11:00 [INFO] HTTP Request: GET https://site.api.espn.com/apis/site/v2/sports/basketball/mens-college-basketball/summary?event=401817465 "HTTP/1.1 200 OK"
00:11:10 [INFO] HTTP Request: GET https://site.api.espn.com/apis/site/v2/sports/basketball/mens-college-basketball/summary?event=401817466 "HTTP/1.1 200 OK"
00:11:20 [INFO] HTTP Request: GET https://site.api.espn.com/apis/site/v2/sports/basketball/mens-college-basketball/summary?event=401817467 "HTTP/1.1 200 OK"
00:11:30 [INFO] HTTP Request: GET https://site.api.espn.com/apis/site/v2/sports/basketball/mens-college-basketball/summary?event=401817468 "HTTP/1.1 200 OK"
00:11:41 [INFO] HTTP Request: GET https://site.api.espn.com/apis/site/v2/sports/basketball/mens-college-basketball/summary?event=401817469 "HTTP/1.1 200 OK"
00:11:51 [INFO] HTTP Request: GET https://site.api.espn.com/apis/site/v2/sports/basketball/mens-college-basketball/summary?event=401830750 "HTTP/1.1 200 OK"
00:12:01 [INFO] HTTP Request: GET https://site.api.espn.com/apis/site/v2/sports/basketball/mens-college-basketball/summary?event=401817470 "HTTP/1.1 200 OK"
00:12:11 [INFO] HTTP Request: GET https://site.api.espn.com/apis/site/v2/sports/basketball/mens-college-basketball/summary?event=401817471 "HTTP/1.1 200 OK"
00:12:22 [INFO] HTTP Request: GET https://site.api.espn.com/apis/site/v2/sports/basketball/mens-college-basketball/summary?event=401817472 "HTTP/1.1 200 OK"
00:12:32 [INFO] HTTP Request: GET https://site.api.espn.com/apis/site/v2/sports/basketball/mens-college-basketball/summary?event=401817473 "HTTP/1.1 200 OK"
00:12:42 [INFO] HTTP Request: GET https://site.api.espn.com/apis/site/v2/sports/basketball/mens-college-basketball/summary?event=401817474 "HTTP/1.1 200 OK"
00:12:53 [INFO] HTTP Request: GET https://site.api.espn.com/apis/site/v2/sports/basketball/mens-college-basketball/summary?event=401817475 "HTTP/1.1 200 OK"
00:13:04 [INFO] HTTP Request: GET https://site.api.espn.com/apis/site/v2/sports/basketball/mens-college-basketball/summary?event=401820635 "HTTP/1.1 200 OK"
00:13:14 [INFO] HTTP Request: GET https://site.api.espn.com/apis/site/v2/sports/basketball/mens-college-basketball/summary?event=401820643 "HTTP/1.1 200 OK"
00:13:25 [INFO] HTTP Request: GET https://site.api.espn.com/apis/site/v2/sports/basketball/mens-college-basketball/summary?event=401820655 "HTTP/1.1 200 OK"
00:13:35 [INFO] HTTP Request: GET https://site.api.espn.com/apis/site/v2/sports/basketball/mens-college-basketball/summary?event=401820664 "HTTP/1.1 200 OK"
00:13:45 [INFO] HTTP Request: GET https://site.api.espn.com/apis/site/v2/sports/basketball/mens-college-basketball/summary?event=401820672 "HTTP/1.1 200 OK"
00:13:55 [INFO] HTTP Request: GET https://site.api.espn.com/apis/site/v2/sports/basketball/mens-college-basketball/summary?event=401820681 "HTTP/1.1 200 OK"
00:14:06 [INFO] HTTP Request: GET https://site.api.espn.com/apis/site/v2/sports/basketball/mens-college-basketball/summary?event=401820695 "HTTP/1.1 200 OK"
00:14:16 [INFO] HTTP Request: GET https://site.api.espn.com/apis/site/v2/sports/basketball/mens-college-basketball/summary?event=401820701 "HTTP/1.1 200 OK"
00:14:27 [INFO] HTTP Request: GET https://site.api.espn.com/apis/site/v2/sports/basketball/mens-college-basketball/summary?event=401820708 "HTTP/1.1 200 OK"
00:14:37 [INFO] HTTP Request: GET https://site.api.espn.com/apis/site/v2/sports/basketball/mens-college-basketball/summary?event=401820720 "HTTP/1.1 200 OK"
00:14:47 [INFO] HTTP Request: GET https://site.api.espn.com/apis/site/v2/sports/basketball/mens-college-basketball/summary?event=401820727 "HTTP/1.1 200 OK"
00:14:58 [INFO] HTTP Request: GET https://site.api.espn.com/apis/site/v2/sports/basketball/mens-college-basketball/summary?event=401820732 "HTTP/1.1 200 OK"
00:15:08 [INFO] HTTP Request: GET https://site.api.espn.com/apis/site/v2/sports/basketball/mens-college-basketball/summary?event=401820746 "HTTP/1.1 200 OK"
00:15:19 [INFO] HTTP Request: GET https://site.api.espn.com/apis/site/v2/sports/basketball/mens-college-basketball/summary?event=401820754 "HTTP/1.1 200 OK"
00:15:20 [INFO]   Loaded: 27 games, 525 player-game-stat rows
00:15:20 [INFO] 
[15/18] Syracuse Orange
00:15:20 [INFO] Scraping team: Syracuse Orange (ESPN #183)
00:15:30 [INFO] HTTP Request: GET https://site.api.espn.com/apis/site/v2/sports/basketball/mens-college-basketball/teams/183/schedule?season=2026 "HTTP/1.1 200 OK"
00:15:30 [INFO]   Schedule: 28 completed games
00:15:40 [INFO] HTTP Request: GET https://site.api.espn.com/apis/site/v2/sports/basketball/mens-college-basketball/summary?event=401817476 "HTTP/1.1 200 OK"
00:15:51 [INFO] HTTP Request: GET https://site.api.espn.com/apis/site/v2/sports/basketball/mens-college-basketball/summary?event=401817477 "HTTP/1.1 200 OK"
00:16:01 [INFO] HTTP Request: GET https://site.api.espn.com/apis/site/v2/sports/basketball/mens-college-basketball/summary?event=401817478 "HTTP/1.1 200 OK"
00:16:11 [INFO] HTTP Request: GET https://site.api.espn.com/apis/site/v2/sports/basketball/mens-college-basketball/summary?event=401817479 "HTTP/1.1 200 OK"
00:16:22 [INFO] HTTP Request: GET https://site.api.espn.com/apis/site/v2/sports/basketball/mens-college-basketball/summary?event=401817481 "HTTP/1.1 200 OK"
00:16:32 [INFO] HTTP Request: GET https://site.api.espn.com/apis/site/v2/sports/basketball/mens-college-basketball/summary?event=401817482 "HTTP/1.1 200 OK"
00:16:43 [INFO] HTTP Request: GET https://site.api.espn.com/apis/site/v2/sports/basketball/mens-college-basketball/summary?event=401831216 "HTTP/1.1 200 OK"
00:16:53 [INFO] HTTP Request: GET https://site.api.espn.com/apis/site/v2/sports/basketball/mens-college-basketball/summary?event=401806366 "HTTP/1.1 200 OK"
00:17:03 [INFO] HTTP Request: GET https://site.api.espn.com/apis/site/v2/sports/basketball/mens-college-basketball/summary?event=401817480 "HTTP/1.1 200 OK"
00:17:14 [INFO] HTTP Request: GET https://site.api.espn.com/apis/site/v2/sports/basketball/mens-college-basketball/summary?event=401817483 "HTTP/1.1 200 OK"
00:17:24 [INFO] HTTP Request: GET https://site.api.espn.com/apis/site/v2/sports/basketball/mens-college-basketball/summary?event=401817484 "HTTP/1.1 200 OK"
00:17:34 [INFO] HTTP Request: GET https://site.api.espn.com/apis/site/v2/sports/basketball/mens-college-basketball/summary?event=401817485 "HTTP/1.1 200 OK"
00:17:45 [INFO] HTTP Request: GET https://site.api.espn.com/apis/site/v2/sports/basketball/mens-college-basketball/summary?event=401817486 "HTTP/1.1 200 OK"
00:17:55 [INFO] HTTP Request: GET https://site.api.espn.com/apis/site/v2/sports/basketball/mens-college-basketball/summary?event=401820640 "HTTP/1.1 200 OK"
00:18:05 [INFO] HTTP Request: GET https://site.api.espn.com/apis/site/v2/sports/basketball/mens-college-basketball/summary?event=401820653 "HTTP/1.1 200 OK"
00:18:16 [INFO] HTTP Request: GET https://site.api.espn.com/apis/site/v2/sports/basketball/mens-college-basketball/summary?event=401820663 "HTTP/1.1 200 OK"
00:18:26 [INFO] HTTP Request: GET https://site.api.espn.com/apis/site/v2/sports/basketball/mens-college-basketball/summary?event=401820673 "HTTP/1.1 200 OK"
00:18:36 [INFO] HTTP Request: GET https://site.api.espn.com/apis/site/v2/sports/basketball/mens-college-basketball/summary?event=401820674 "HTTP/1.1 200 OK"
00:18:47 [INFO] HTTP Request: GET https://site.api.espn.com/apis/site/v2/sports/basketball/mens-college-basketball/summary?event=401820688 "HTTP/1.1 200 OK"
00:18:57 [INFO] HTTP Request: GET https://site.api.espn.com/apis/site/v2/sports/basketball/mens-college-basketball/summary?event=401820696 "HTTP/1.1 200 OK"
00:19:07 [INFO] HTTP Request: GET https://site.api.espn.com/apis/site/v2/sports/basketball/mens-college-basketball/summary?event=401820702 "HTTP/1.1 200 OK"
00:19:18 [INFO] HTTP Request: GET https://site.api.espn.com/apis/site/v2/sports/basketball/mens-college-basketball/summary?event=401820706 "HTTP/1.1 200 OK"
00:19:28 [INFO] HTTP Request: GET https://site.api.espn.com/apis/site/v2/sports/basketball/mens-college-basketball/summary?event=401820714 "HTTP/1.1 200 OK"
00:19:39 [INFO] HTTP Request: GET https://site.api.espn.com/apis/site/v2/sports/basketball/mens-college-basketball/summary?event=401820728 "HTTP/1.1 200 OK"
00:19:49 [INFO] HTTP Request: GET https://site.api.espn.com/apis/site/v2/sports/basketball/mens-college-basketball/summary?event=401820738 "HTTP/1.1 200 OK"
00:20:00 [INFO] HTTP Request: GET https://site.api.espn.com/apis/site/v2/sports/basketball/mens-college-basketball/summary?event=401820744 "HTTP/1.1 200 OK"
00:20:10 [INFO] HTTP Request: GET https://site.api.espn.com/apis/site/v2/sports/basketball/mens-college-basketball/summary?event=401820747 "HTTP/1.1 200 OK"
00:20:20 [INFO] HTTP Request: GET https://site.api.espn.com/apis/site/v2/sports/basketball/mens-college-basketball/summary?event=401820759 "HTTP/1.1 200 OK"
00:20:20 [INFO]   Loaded: 28 games, 545 player-game-stat rows
00:20:20 [INFO] 
[16/18] Virginia Cavaliers
00:20:20 [INFO] Scraping team: Virginia Cavaliers (ESPN #258)
00:20:31 [INFO] HTTP Request: GET https://site.api.espn.com/apis/site/v2/sports/basketball/mens-college-basketball/teams/258/schedule?season=2026 "HTTP/1.1 200 OK"
00:20:31 [INFO]   Schedule: 28 completed games
00:20:41 [INFO] HTTP Request: GET https://site.api.espn.com/apis/site/v2/sports/basketball/mens-college-basketball/summary?event=401812625 "HTTP/1.1 200 OK"
00:20:52 [INFO] HTTP Request: GET https://site.api.espn.com/apis/site/v2/sports/basketball/mens-college-basketball/summary?event=401817487 "HTTP/1.1 200 OK"
00:21:02 [INFO] HTTP Request: GET https://site.api.espn.com/apis/site/v2/sports/basketball/mens-college-basketball/summary?event=401817488 "HTTP/1.1 200 OK"
00:21:12 [INFO] HTTP Request: GET https://site.api.espn.com/apis/site/v2/sports/basketball/mens-college-basketball/summary?event=401817489 "HTTP/1.1 200 OK"
00:21:23 [INFO] HTTP Request: GET https://site.api.espn.com/apis/site/v2/sports/basketball/mens-college-basketball/summary?event=401817490 "HTTP/1.1 200 OK"
00:21:33 [INFO] HTTP Request: GET https://site.api.espn.com/apis/site/v2/sports/basketball/mens-college-basketball/summary?event=401817491 "HTTP/1.1 200 OK"
00:21:44 [INFO] HTTP Request: GET https://site.api.espn.com/apis/site/v2/sports/basketball/mens-college-basketball/summary?event=401817492 "HTTP/1.1 200 OK"
00:21:54 [INFO] HTTP Request: GET https://site.api.espn.com/apis/site/v2/sports/basketball/mens-college-basketball/summary?event=401806379 "HTTP/1.1 200 OK"
00:22:04 [INFO] HTTP Request: GET https://site.api.espn.com/apis/site/v2/sports/basketball/mens-college-basketball/summary?event=401813441 "HTTP/1.1 200 OK"
00:22:15 [INFO] HTTP Request: GET https://site.api.espn.com/apis/site/v2/sports/basketball/mens-college-basketball/summary?event=401817513 "HTTP/1.1 200 OK"
00:22:25 [INFO] HTTP Request: GET https://site.api.espn.com/apis/site/v2/sports/basketball/mens-college-basketball/summary?event=401817514 "HTTP/1.1 200 OK"
00:22:36 [INFO] HTTP Request: GET https://site.api.espn.com/apis/site/v2/sports/basketball/mens-college-basketball/summary?event=401817515 "HTTP/1.1 200 OK"
00:22:46 [INFO] HTTP Request: GET https://site.api.espn.com/apis/site/v2/sports/basketball/mens-college-basketball/summary?event=401820641 "HTTP/1.1 200 OK"
00:22:56 [INFO] HTTP Request: GET https://site.api.espn.com/apis/site/v2/sports/basketball/mens-college-basketball/summary?event=401820646 "HTTP/1.1 200 OK"
00:23:07 [INFO] HTTP Request: GET https://site.api.espn.com/apis/site/v2/sports/basketball/mens-college-basketball/summary?event=401820654 "HTTP/1.1 200 OK"
00:23:17 [INFO] HTTP Request: GET https://site.api.espn.com/apis/site/v2/sports/basketball/mens-college-basketball/summary?event=401820664 "HTTP/1.1 200 OK"
00:23:28 [INFO] HTTP Request: GET https://site.api.espn.com/apis/site/v2/sports/basketball/mens-college-basketball/summary?event=401820669 "HTTP/1.1 200 OK"
00:23:38 [INFO] HTTP Request: GET https://site.api.espn.com/apis/site/v2/sports/basketball/mens-college-basketball/summary?event=401820680 "HTTP/1.1 200 OK"
00:23:48 [INFO] HTTP Request: GET https://site.api.espn.com/apis/site/v2/sports/basketball/mens-college-basketball/summary?event=401820697 "HTTP/1.1 200 OK"
00:23:59 [INFO] HTTP Request: GET https://site.api.espn.com/apis/site/v2/sports/basketball/mens-college-basketball/summary?event=401820703 "HTTP/1.1 200 OK"
00:24:09 [INFO] HTTP Request: GET https://site.api.espn.com/apis/site/v2/sports/basketball/mens-college-basketball/summary?event=401820705 "HTTP/1.1 200 OK"
00:24:19 [INFO] HTTP Request: GET https://site.api.espn.com/apis/site/v2/sports/basketball/mens-college-basketball/summary?event=401820716 "HTTP/1.1 200 OK"
00:24:30 [INFO] HTTP Request: GET https://site.api.espn.com/apis/site/v2/sports/basketball/mens-college-basketball/summary?event=401820728 "HTTP/1.1 200 OK"
00:24:40 [INFO] HTTP Request: GET https://site.api.espn.com/apis/site/v2/sports/basketball/mens-college-basketball/summary?event=401820734 "HTTP/1.1 200 OK"
00:24:50 [INFO] HTTP Request: GET https://site.api.espn.com/apis/site/v2/sports/basketball/mens-college-basketball/summary?event=401817516 "HTTP/1.1 200 OK"
00:25:00 [INFO] HTTP Request: GET https://site.api.espn.com/apis/site/v2/sports/basketball/mens-college-basketball/summary?event=401820750 "HTTP/1.1 200 OK"
00:25:11 [INFO] HTTP Request: GET https://site.api.espn.com/apis/site/v2/sports/basketball/mens-college-basketball/summary?event=401820760 "HTTP/1.1 200 OK"
00:25:21 [INFO] HTTP Request: GET https://site.api.espn.com/apis/site/v2/sports/basketball/mens-college-basketball/summary?event=401820763 "HTTP/1.1 200 OK"
00:25:21 [INFO]   Loaded: 28 games, 582 player-game-stat rows
00:25:21 [INFO] 
[17/18] Virginia Tech Hokies
00:25:21 [INFO] Scraping team: Virginia Tech Hokies (ESPN #259)
00:25:32 [INFO] HTTP Request: GET https://site.api.espn.com/apis/site/v2/sports/basketball/mens-college-basketball/teams/259/schedule?season=2026 "HTTP/1.1 200 OK"
00:25:32 [INFO]   Schedule: 28 completed games
00:25:42 [INFO] HTTP Request: GET https://site.api.espn.com/apis/site/v2/sports/basketball/mens-college-basketball/summary?event=401817517 "HTTP/1.1 200 OK"
00:25:53 [INFO] HTTP Request: GET https://site.api.espn.com/apis/site/v2/sports/basketball/mens-college-basketball/summary?event=401817518 "HTTP/1.1 200 OK"
00:26:03 [INFO] HTTP Request: GET https://site.api.espn.com/apis/site/v2/sports/basketball/mens-college-basketball/summary?event=401817519 "HTTP/1.1 200 OK"
00:26:13 [INFO] HTTP Request: GET https://site.api.espn.com/apis/site/v2/sports/basketball/mens-college-basketball/summary?event=401817520 "HTTP/1.1 200 OK"
00:26:24 [INFO] HTTP Request: GET https://site.api.espn.com/apis/site/v2/sports/basketball/mens-college-basketball/summary?event=401817521 "HTTP/1.1 200 OK"
00:26:34 [INFO] HTTP Request: GET https://site.api.espn.com/apis/site/v2/sports/basketball/mens-college-basketball/summary?event=401817522 "HTTP/1.1 200 OK"
00:26:44 [INFO] HTTP Request: GET https://site.api.espn.com/apis/site/v2/sports/basketball/mens-college-basketball/summary?event=401830753 "HTTP/1.1 200 OK"
00:26:55 [INFO] HTTP Request: GET https://site.api.espn.com/apis/site/v2/sports/basketball/mens-college-basketball/summary?event=401830878 "HTTP/1.1 200 OK"
00:27:05 [INFO] HTTP Request: GET https://site.api.espn.com/apis/site/v2/sports/basketball/mens-college-basketball/summary?event=401806372 "HTTP/1.1 200 OK"
00:27:15 [INFO] HTTP Request: GET https://site.api.espn.com/apis/site/v2/sports/basketball/mens-college-basketball/summary?event=401817523 "HTTP/1.1 200 OK"
00:27:26 [INFO] HTTP Request: GET https://site.api.espn.com/apis/site/v2/sports/basketball/mens-college-basketball/summary?event=401817524 "HTTP/1.1 200 OK"
00:27:36 [INFO] HTTP Request: GET https://site.api.espn.com/apis/site/v2/sports/basketball/mens-college-basketball/summary?event=401817525 "HTTP/1.1 200 OK"
00:27:47 [INFO] HTTP Request: GET https://site.api.espn.com/apis/site/v2/sports/basketball/mens-college-basketball/summary?event=401817526 "HTTP/1.1 200 OK"
00:27:57 [INFO] HTTP Request: GET https://site.api.espn.com/apis/site/v2/sports/basketball/mens-college-basketball/summary?event=401820641 "HTTP/1.1 200 OK"
00:28:07 [INFO] HTTP Request: GET https://site.api.espn.com/apis/site/v2/sports/basketball/mens-college-basketball/summary?event=401820649 "HTTP/1.1 200 OK"
00:28:18 [INFO] HTTP Request: GET https://site.api.espn.com/apis/site/v2/sports/basketball/mens-college-basketball/summary?event=401820655 "HTTP/1.1 200 OK"
00:28:28 [INFO] HTTP Request: GET https://site.api.espn.com/apis/site/v2/sports/basketball/mens-college-basketball/summary?event=401820665 "HTTP/1.1 200 OK"
00:28:38 [INFO] HTTP Request: GET https://site.api.espn.com/apis/site/v2/sports/basketball/mens-college-basketball/summary?event=401820671 "HTTP/1.1 200 OK"
00:28:49 [INFO] HTTP Request: GET https://site.api.espn.com/apis/site/v2/sports/basketball/mens-college-basketball/summary?event=401820682 "HTTP/1.1 200 OK"
00:28:59 [INFO] HTTP Request: GET https://site.api.espn.com/apis/site/v2/sports/basketball/mens-college-basketball/summary?event=401820688 "HTTP/1.1 200 OK"
00:29:09 [INFO] HTTP Request: GET https://site.api.espn.com/apis/site/v2/sports/basketball/mens-college-basketball/summary?event=401820691 "HTTP/1.1 200 OK"
00:29:20 [INFO] HTTP Request: GET https://site.api.espn.com/apis/site/v2/sports/basketball/mens-college-basketball/summary?event=401820699 "HTTP/1.1 200 OK"
00:29:30 [INFO] HTTP Request: GET https://site.api.espn.com/apis/site/v2/sports/basketball/mens-college-basketball/summary?event=401820712 "HTTP/1.1 200 OK"
00:29:40 [INFO] HTTP Request: GET https://site.api.espn.com/apis/site/v2/sports/basketball/mens-college-basketball/summary?event=401820723 "HTTP/1.1 200 OK"
00:29:50 [INFO] HTTP Request: GET https://site.api.espn.com/apis/site/v2/sports/basketball/mens-college-basketball/summary?event=401820733 "HTTP/1.1 200 OK"
00:30:01 [INFO] HTTP Request: GET https://site.api.espn.com/apis/site/v2/sports/basketball/mens-college-basketball/summary?event=401820745 "HTTP/1.1 200 OK"
00:30:11 [INFO] HTTP Request: GET https://site.api.espn.com/apis/site/v2/sports/basketball/mens-college-basketball/summary?event=401820751 "HTTP/1.1 200 OK"
00:30:22 [INFO] HTTP Request: GET https://site.api.espn.com/apis/site/v2/sports/basketball/mens-college-basketball/summary?event=401820761 "HTTP/1.1 200 OK"
00:30:22 [INFO]   Loaded: 28 games, 523 player-game-stat rows
00:30:22 [INFO] 
[18/18] Wake Forest Demon Deacons
00:30:22 [INFO] Scraping team: Wake Forest Demon Deacons (ESPN #154)
00:30:33 [INFO] HTTP Request: GET https://site.api.espn.com/apis/site/v2/sports/basketball/mens-college-basketball/teams/154/schedule?season=2026 "HTTP/1.1 200 OK"
00:30:33 [INFO]   Schedule: 27 completed games
00:30:43 [INFO] HTTP Request: GET https://site.api.espn.com/apis/site/v2/sports/basketball/mens-college-basketball/summary?event=401817527 "HTTP/1.1 200 OK"
00:30:53 [INFO] HTTP Request: GET https://site.api.espn.com/apis/site/v2/sports/basketball/mens-college-basketball/summary?event=401817528 "HTTP/1.1 200 OK"
00:31:03 [INFO] HTTP Request: GET https://site.api.espn.com/apis/site/v2/sports/basketball/mens-college-basketball/summary?event=401817529 "HTTP/1.1 200 OK"
00:31:14 [INFO] HTTP Request: GET https://site.api.espn.com/apis/site/v2/sports/basketball/mens-college-basketball/summary?event=401817530 "HTTP/1.1 200 OK"
00:31:24 [INFO] HTTP Request: GET https://site.api.espn.com/apis/site/v2/sports/basketball/mens-college-basketball/summary?event=401817531 "HTTP/1.1 200 OK"
00:31:34 [INFO] HTTP Request: GET https://site.api.espn.com/apis/site/v2/sports/basketball/mens-college-basketball/summary?event=401823638 "HTTP/1.1 200 OK"
00:31:44 [INFO] HTTP Request: GET https://site.api.espn.com/apis/site/v2/sports/basketball/mens-college-basketball/summary?event=401817532 "HTTP/1.1 200 OK"
00:31:55 [INFO] HTTP Request: GET https://site.api.espn.com/apis/site/v2/sports/basketball/mens-college-basketball/summary?event=401817533 "HTTP/1.1 200 OK"
00:32:05 [INFO] HTTP Request: GET https://site.api.espn.com/apis/site/v2/sports/basketball/mens-college-basketball/summary?event=401806370 "HTTP/1.1 200 OK"
00:32:15 [INFO] HTTP Request: GET https://site.api.espn.com/apis/site/v2/sports/basketball/mens-college-basketball/summary?event=401817534 "HTTP/1.1 200 OK"
00:32:25 [INFO] HTTP Request: GET https://site.api.espn.com/apis/site/v2/sports/basketball/mens-college-basketball/summary?event=401817535 "HTTP/1.1 200 OK"
00:32:36 [INFO] HTTP Request: GET https://site.api.espn.com/apis/site/v2/sports/basketball/mens-college-basketball/summary?event=401817536 "HTTP/1.1 200 OK"
00:32:46 [INFO] HTTP Request: GET https://site.api.espn.com/apis/site/v2/sports/basketball/mens-college-basketball/summary?event=401817537 "HTTP/1.1 200 OK"
00:32:57 [INFO] HTTP Request: GET https://site.api.espn.com/apis/site/v2/sports/basketball/mens-college-basketball/summary?event=401820638 "HTTP/1.1 200 OK"
00:33:08 [INFO] HTTP Request: GET https://site.api.espn.com/apis/site/v2/sports/basketball/mens-college-basketball/summary?event=401820649 "HTTP/1.1 200 OK"
00:33:18 [INFO] HTTP Request: GET https://site.api.espn.com/apis/site/v2/sports/basketball/mens-college-basketball/summary?event=401820656 "HTTP/1.1 200 OK"
00:33:29 [INFO] HTTP Request: GET https://site.api.espn.com/apis/site/v2/sports/basketball/mens-college-basketball/summary?event=401820661 "HTTP/1.1 200 OK"
00:33:39 [INFO] HTTP Request: GET https://site.api.espn.com/apis/site/v2/sports/basketball/mens-college-basketball/summary?event=401820677 "HTTP/1.1 200 OK"
00:33:49 [INFO] HTTP Request: GET https://site.api.espn.com/apis/site/v2/sports/basketball/mens-college-basketball/summary?event=401820683 "HTTP/1.1 200 OK"
00:34:00 [INFO] HTTP Request: GET https://site.api.espn.com/apis/site/v2/sports/basketball/mens-college-basketball/summary?event=401820689 "HTTP/1.1 200 OK"
00:34:10 [INFO] HTTP Request: GET https://site.api.espn.com/apis/site/v2/sports/basketball/mens-college-basketball/summary?event=401820704 "HTTP/1.1 200 OK"
00:34:20 [INFO] HTTP Request: GET https://site.api.espn.com/apis/site/v2/sports/basketball/mens-college-basketball/summary?event=401820713 "HTTP/1.1 200 OK"
00:34:31 [INFO] HTTP Request: GET https://site.api.espn.com/apis/site/v2/sports/basketball/mens-college-basketball/summary?event=401820729 "HTTP/1.1 200 OK"
00:34:41 [INFO] HTTP Request: GET https://site.api.espn.com/apis/site/v2/sports/basketball/mens-college-basketball/summary?event=401820735 "HTTP/1.1 200 OK"
00:34:52 [INFO] HTTP Request: GET https://site.api.espn.com/apis/site/v2/sports/basketball/mens-college-basketball/summary?event=401820746 "HTTP/1.1 200 OK"
00:35:03 [INFO] HTTP Request: GET https://site.api.espn.com/apis/site/v2/sports/basketball/mens-college-basketball/summary?event=401820753 "HTTP/1.1 200 OK"
00:35:13 [INFO] HTTP Request: GET https://site.api.espn.com/apis/site/v2/sports/basketball/mens-college-basketball/summary?event=401820761 "HTTP/1.1 200 OK"
00:35:13 [INFO]   Loaded: 27 games, 536 player-game-stat rows
00:35:13 [INFO] 
============================================================
00:35:13 [INFO]   BATCH COMPLETE: 18 teams, 498 games, 9833 PGS rows
00:35:13 [INFO] ============================================================

============================================================
  ESPN BATCH — FINAL SUMMARY
============================================================
  Total teams:                412
  Total players:              4533
  Total games:                865
  Total player_game_stats:    21663
============================================================
