23:28:16 [INFO] Batch: 12 NCAA D1 teams via ESPN
23:28:16 [INFO] 
[1/12] Air Force Falcons
23:28:16 [INFO] Scraping team: Air Force Falcons (ESPN #2005)
23:28:17 [INFO] HTTP Request: GET https://site.api.espn.com/apis/site/v2/sports/basketball/mens-college-basketball/teams/2005/schedule?season=2026 "HTTP/1.1 200 OK"
23:28:17 [INFO]   Schedule: 28 completed games
23:28:27 [INFO] HTTP Request: GET https://site.api.espn.com/apis/site/v2/sports/basketball/mens-college-basketball/summary?event=401811965 "HTTP/1.1 200 OK"
23:28:38 [INFO] HTTP Request: GET https://site.api.espn.com/apis/site/v2/sports/basketball/mens-college-basketball/summary?event=401820550 "HTTP/1.1 200 OK"
23:28:48 [INFO] HTTP Request: GET https://site.api.espn.com/apis/site/v2/sports/basketball/mens-college-basketball/summary?event=401812353 "HTTP/1.1 200 OK"
23:28:59 [INFO] HTTP Request: GET https://site.api.espn.com/apis/site/v2/sports/basketball/mens-college-basketball/summary?event=401820551 "HTTP/1.1 200 OK"
23:29:09 [INFO] HTTP Request: GET https://site.api.espn.com/apis/site/v2/sports/basketball/mens-college-basketball/summary?event=401820552 "HTTP/1.1 200 OK"
23:29:20 [INFO] HTTP Request: GET https://site.api.espn.com/apis/site/v2/sports/basketball/mens-college-basketball/summary?event=401820553 "HTTP/1.1 200 OK"
23:29:30 [INFO] HTTP Request: GET https://site.api.espn.com/apis/site/v2/sports/basketball/mens-college-basketball/summary?event=401820554 "HTTP/1.1 200 OK"
23:29:40 [INFO] HTTP Request: GET https://site.api.espn.com/apis/site/v2/sports/basketball/mens-college-basketball/summary?event=401820555 "HTTP/1.1 200 OK"
23:29:51 [INFO] HTTP Request: GET https://site.api.espn.com/apis/site/v2/sports/basketball/mens-college-basketball/summary?event=401811108 "HTTP/1.1 200 OK"
23:30:01 [INFO] HTTP Request: GET https://site.api.espn.com/apis/site/v2/sports/basketball/mens-college-basketball/summary?event=401820556 "HTTP/1.1 200 OK"
23:30:11 [INFO] HTTP Request: GET https://site.api.espn.com/apis/site/v2/sports/basketball/mens-college-basketball/summary?event=401820157 "HTTP/1.1 200 OK"
23:30:21 [INFO] HTTP Request: GET https://site.api.espn.com/apis/site/v2/sports/basketball/mens-college-basketball/summary?event=401820557 "HTTP/1.1 200 OK"
23:30:32 [INFO] HTTP Request: GET https://site.api.espn.com/apis/site/v2/sports/basketball/mens-college-basketball/summary?event=401820558 "HTTP/1.1 200 OK"
23:30:42 [INFO] HTTP Request: GET https://site.api.espn.com/apis/site/v2/sports/basketball/mens-college-basketball/summary?event=401820559 "HTTP/1.1 200 OK"
23:30:52 [INFO] HTTP Request: GET https://site.api.espn.com/apis/site/v2/sports/basketball/mens-college-basketball/summary?event=401820560 "HTTP/1.1 200 OK"
23:31:03 [INFO] HTTP Request: GET https://site.api.espn.com/apis/site/v2/sports/basketball/mens-college-basketball/summary?event=401820561 "HTTP/1.1 200 OK"
23:31:13 [INFO] HTTP Request: GET https://site.api.espn.com/apis/site/v2/sports/basketball/mens-college-basketball/summary?event=401820562 "HTTP/1.1 200 OK"
23:31:23 [INFO] HTTP Request: GET https://site.api.espn.com/apis/site/v2/sports/basketball/mens-college-basketball/summary?event=401820563 "HTTP/1.1 200 OK"
23:31:34 [INFO] HTTP Request: GET https://site.api.espn.com/apis/site/v2/sports/basketball/mens-college-basketball/summary?event=401820564 "HTTP/1.1 200 OK"
23:31:44 [INFO] HTTP Request: GET https://site.api.espn.com/apis/site/v2/sports/basketball/mens-college-basketball/summary?event=401820565 "HTTP/1.1 200 OK"
23:31:54 [INFO] HTTP Request: GET https://site.api.espn.com/apis/site/v2/sports/basketball/mens-college-basketball/summary?event=401820566 "HTTP/1.1 200 OK"
23:32:04 [INFO] HTTP Request: GET https://site.api.espn.com/apis/site/v2/sports/basketball/mens-college-basketball/summary?event=401820567 "HTTP/1.1 200 OK"
23:32:15 [INFO] HTTP Request: GET https://site.api.espn.com/apis/site/v2/sports/basketball/mens-college-basketball/summary?event=401820568 "HTTP/1.1 200 OK"
23:32:25 [INFO] HTTP Request: GET https://site.api.espn.com/apis/site/v2/sports/basketball/mens-college-basketball/summary?event=401820569 "HTTP/1.1 200 OK"
23:32:35 [INFO] HTTP Request: GET https://site.api.espn.com/apis/site/v2/sports/basketball/mens-college-basketball/summary?event=401820570 "HTTP/1.1 200 OK"
23:32:46 [INFO] HTTP Request: GET https://site.api.espn.com/apis/site/v2/sports/basketball/mens-college-basketball/summary?event=401820571 "HTTP/1.1 200 OK"
23:32:56 [INFO] HTTP Request: GET https://site.api.espn.com/apis/site/v2/sports/basketball/mens-college-basketball/summary?event=401820572 "HTTP/1.1 200 OK"
23:33:06 [INFO] HTTP Request: GET https://site.api.espn.com/apis/site/v2/sports/basketball/mens-college-basketball/summary?event=401820573 "HTTP/1.1 200 OK"
23:33:06 [INFO]   Loaded: 28 games, 601 player-game-stat rows
23:33:06 [INFO] 
[2/12] Boise State Broncos
23:33:06 [INFO] Scraping team: Boise State Broncos (ESPN #68)
23:33:17 [INFO] HTTP Request: GET https://site.api.espn.com/apis/site/v2/sports/basketball/mens-college-basketball/teams/68/schedule?season=2026 "HTTP/1.1 200 OK"
23:33:17 [INFO]   Schedule: 28 completed games
23:33:27 [INFO] HTTP Request: GET https://site.api.espn.com/apis/site/v2/sports/basketball/mens-college-basketball/summary?event=401823813 "HTTP/1.1 200 OK"
23:33:37 [INFO] HTTP Request: GET https://site.api.espn.com/apis/site/v2/sports/basketball/mens-college-basketball/summary?event=401823814 "HTTP/1.1 200 OK"
23:33:48 [INFO] HTTP Request: GET https://site.api.espn.com/apis/site/v2/sports/basketball/mens-college-basketball/summary?event=401823815 "HTTP/1.1 200 OK"
23:33:58 [INFO] HTTP Request: GET https://site.api.espn.com/apis/site/v2/sports/basketball/mens-college-basketball/summary?event=401823816 "HTTP/1.1 200 OK"
23:34:08 [INFO] HTTP Request: GET https://site.api.espn.com/apis/site/v2/sports/basketball/mens-college-basketball/summary?event=401823817 "HTTP/1.1 200 OK"
23:34:19 [INFO] HTTP Request: GET https://site.api.espn.com/apis/site/v2/sports/basketball/mens-college-basketball/summary?event=401823818 "HTTP/1.1 200 OK"
23:34:30 [INFO] HTTP Request: GET https://site.api.espn.com/apis/site/v2/sports/basketball/mens-college-basketball/summary?event=401831198 "HTTP/1.1 200 OK"
23:34:41 [INFO] HTTP Request: GET https://site.api.espn.com/apis/site/v2/sports/basketball/mens-college-basketball/summary?event=401831203 "HTTP/1.1 200 OK"
23:34:51 [INFO] HTTP Request: GET https://site.api.espn.com/apis/site/v2/sports/basketball/mens-college-basketball/summary?event=401820828 "HTTP/1.1 200 OK"
23:35:02 [INFO] HTTP Request: GET https://site.api.espn.com/apis/site/v2/sports/basketball/mens-college-basketball/summary?event=401813453 "HTTP/1.1 200 OK"
23:35:12 [INFO] HTTP Request: GET https://site.api.espn.com/apis/site/v2/sports/basketball/mens-college-basketball/summary?event=401823819 "HTTP/1.1 200 OK"
23:35:22 [INFO] HTTP Request: GET https://site.api.espn.com/apis/site/v2/sports/basketball/mens-college-basketball/summary?event=401823820 "HTTP/1.1 200 OK"
23:35:32 [INFO] HTTP Request: GET https://site.api.espn.com/apis/site/v2/sports/basketball/mens-college-basketball/summary?event=401823821 "HTTP/1.1 200 OK"
23:35:42 [INFO] HTTP Request: GET https://site.api.espn.com/apis/site/v2/sports/basketball/mens-college-basketball/summary?event=401823771 "HTTP/1.1 200 OK"
23:35:53 [INFO] HTTP Request: GET https://site.api.espn.com/apis/site/v2/sports/basketball/mens-college-basketball/summary?event=401823793 "HTTP/1.1 200 OK"
23:36:03 [INFO] HTTP Request: GET https://site.api.espn.com/apis/site/v2/sports/basketball/mens-college-basketball/summary?event=401823822 "HTTP/1.1 200 OK"
23:36:14 [INFO] HTTP Request: GET https://site.api.espn.com/apis/site/v2/sports/basketball/mens-college-basketball/summary?event=401823823 "HTTP/1.1 200 OK"
23:36:24 [INFO] HTTP Request: GET https://site.api.espn.com/apis/site/v2/sports/basketball/mens-college-basketball/summary?event=401830828 "HTTP/1.1 200 OK"
23:36:34 [INFO] HTTP Request: GET https://site.api.espn.com/apis/site/v2/sports/basketball/mens-college-basketball/summary?event=401823825 "HTTP/1.1 200 OK"
23:36:45 [INFO] HTTP Request: GET https://site.api.espn.com/apis/site/v2/sports/basketball/mens-college-basketball/summary?event=401820565 "HTTP/1.1 200 OK"
23:36:55 [INFO] HTTP Request: GET https://site.api.espn.com/apis/site/v2/sports/basketball/mens-college-basketball/summary?event=401823826 "HTTP/1.1 200 OK"
23:37:06 [INFO] HTTP Request: GET https://site.api.espn.com/apis/site/v2/sports/basketball/mens-college-basketball/summary?event=401823799 "HTTP/1.1 200 OK"
23:37:16 [INFO] HTTP Request: GET https://site.api.espn.com/apis/site/v2/sports/basketball/mens-college-basketball/summary?event=401823827 "HTTP/1.1 200 OK"
23:37:26 [INFO] HTTP Request: GET https://site.api.espn.com/apis/site/v2/sports/basketball/mens-college-basketball/summary?event=401823828 "HTTP/1.1 200 OK"
23:37:37 [INFO] HTTP Request: GET https://site.api.espn.com/apis/site/v2/sports/basketball/mens-college-basketball/summary?event=401823829 "HTTP/1.1 200 OK"
23:37:47 [INFO] HTTP Request: GET https://site.api.espn.com/apis/site/v2/sports/basketball/mens-college-basketball/summary?event=401823830 "HTTP/1.1 200 OK"
23:37:58 [INFO] HTTP Request: GET https://site.api.espn.com/apis/site/v2/sports/basketball/mens-college-basketball/summary?event=401823831 "HTTP/1.1 200 OK"
23:38:08 [INFO] HTTP Request: GET https://site.api.espn.com/apis/site/v2/sports/basketball/mens-college-basketball/summary?event=401823832 "HTTP/1.1 200 OK"
23:38:08 [INFO]   Loaded: 28 games, 572 player-game-stat rows
23:38:08 [INFO] 
[3/12] Colorado State Rams
23:38:08 [INFO] Scraping team: Colorado State Rams (ESPN #36)
23:38:18 [INFO] HTTP Request: GET https://site.api.espn.com/apis/site/v2/sports/basketball/mens-college-basketball/teams/36/schedule?season=2026 "HTTP/1.1 200 OK"
23:38:18 [INFO]   Schedule: 28 completed games
23:38:29 [INFO] HTTP Request: GET https://site.api.espn.com/apis/site/v2/sports/basketball/mens-college-basketball/summary?event=401823807 "HTTP/1.1 200 OK"
23:38:39 [INFO] HTTP Request: GET https://site.api.espn.com/apis/site/v2/sports/basketball/mens-college-basketball/summary?event=401823808 "HTTP/1.1 200 OK"
23:38:50 [INFO] HTTP Request: GET https://site.api.espn.com/apis/site/v2/sports/basketball/mens-college-basketball/summary?event=401823809 "HTTP/1.1 200 OK"
23:39:32 [ERROR] Request failed: https://site.api.espn.com/apis/site/v2/sports/basketball/mens-college-basketball/summary — [Errno 8] nodename nor servname provided, or not known
23:39:42 [INFO] HTTP Request: GET https://site.api.espn.com/apis/site/v2/sports/basketball/mens-college-basketball/summary?event=401823810 "HTTP/1.1 200 OK"
23:39:53 [INFO] HTTP Request: GET https://site.api.espn.com/apis/site/v2/sports/basketball/mens-college-basketball/summary?event=401817522 "HTTP/1.1 200 OK"
23:40:03 [INFO] HTTP Request: GET https://site.api.espn.com/apis/site/v2/sports/basketball/mens-college-basketball/summary?event=401830754 "HTTP/1.1 200 OK"
23:40:13 [INFO] HTTP Request: GET https://site.api.espn.com/apis/site/v2/sports/basketball/mens-college-basketball/summary?event=401830876 "HTTP/1.1 200 OK"
23:40:24 [INFO] HTTP Request: GET https://site.api.espn.com/apis/site/v2/sports/basketball/mens-college-basketball/summary?event=401819867 "HTTP/1.1 200 OK"
23:40:34 [INFO] HTTP Request: GET https://site.api.espn.com/apis/site/v2/sports/basketball/mens-college-basketball/summary?event=401823811 "HTTP/1.1 200 OK"
23:40:44 [INFO] HTTP Request: GET https://site.api.espn.com/apis/site/v2/sports/basketball/mens-college-basketball/summary?event=401823812 "HTTP/1.1 200 OK"
23:40:54 [INFO] HTTP Request: GET https://site.api.espn.com/apis/site/v2/sports/basketball/mens-college-basketball/summary?event=401827913 "HTTP/1.1 200 OK"
23:41:05 [INFO] HTTP Request: GET https://site.api.espn.com/apis/site/v2/sports/basketball/mens-college-basketball/summary?event=401829292 "HTTP/1.1 200 OK"
23:41:15 [INFO] HTTP Request: GET https://site.api.espn.com/apis/site/v2/sports/basketball/mens-college-basketball/summary?event=401823792 "HTTP/1.1 200 OK"
23:41:26 [INFO] HTTP Request: GET https://site.api.espn.com/apis/site/v2/sports/basketball/mens-college-basketball/summary?event=401830321 "HTTP/1.1 200 OK"
23:41:36 [INFO] HTTP Request: GET https://site.api.espn.com/apis/site/v2/sports/basketball/mens-college-basketball/summary?event=401830827 "HTTP/1.1 200 OK"
23:41:46 [INFO] HTTP Request: GET https://site.api.espn.com/apis/site/v2/sports/basketball/mens-college-basketball/summary?event=401828927 "HTTP/1.1 200 OK"
23:41:56 [INFO] HTTP Request: GET https://site.api.espn.com/apis/site/v2/sports/basketball/mens-college-basketball/summary?event=401830828 "HTTP/1.1 200 OK"
23:42:07 [INFO] HTTP Request: GET https://site.api.espn.com/apis/site/v2/sports/basketball/mens-college-basketball/summary?event=401820564 "HTTP/1.1 200 OK"
23:42:17 [INFO] HTTP Request: GET https://site.api.espn.com/apis/site/v2/sports/basketball/mens-college-basketball/summary?event=401830829 "HTTP/1.1 200 OK"
23:42:28 [INFO] HTTP Request: GET https://site.api.espn.com/apis/site/v2/sports/basketball/mens-college-basketball/summary?event=401830830 "HTTP/1.1 200 OK"
23:42:38 [INFO] HTTP Request: GET https://site.api.espn.com/apis/site/v2/sports/basketball/mens-college-basketball/summary?event=401830825 "HTTP/1.1 200 OK"
23:42:49 [INFO] HTTP Request: GET https://site.api.espn.com/apis/site/v2/sports/basketball/mens-college-basketball/summary?event=401829331 "HTTP/1.1 200 OK"
23:43:00 [INFO] HTTP Request: GET https://site.api.espn.com/apis/site/v2/sports/basketball/mens-college-basketball/summary?event=401820569 "HTTP/1.1 200 OK"
23:43:10 [INFO] HTTP Request: GET https://site.api.espn.com/apis/site/v2/sports/basketball/mens-college-basketball/summary?event=401830826 "HTTP/1.1 200 OK"
23:43:20 [INFO] HTTP Request: GET https://site.api.espn.com/apis/site/v2/sports/basketball/mens-college-basketball/summary?event=401830831 "HTTP/1.1 200 OK"
23:43:31 [INFO] HTTP Request: GET https://site.api.espn.com/apis/site/v2/sports/basketball/mens-college-basketball/summary?event=401823783 "HTTP/1.1 200 OK"
23:43:41 [INFO] HTTP Request: GET https://site.api.espn.com/apis/site/v2/sports/basketball/mens-college-basketball/summary?event=401828935 "HTTP/1.1 200 OK"
23:43:41 [INFO]   Loaded: 27 games, 538 player-game-stat rows
23:43:41 [INFO] 
[4/12] Fresno State Bulldogs
23:43:41 [INFO] Scraping team: Fresno State Bulldogs (ESPN #278)
23:43:51 [INFO] HTTP Request: GET https://site.api.espn.com/apis/site/v2/sports/basketball/mens-college-basketball/teams/278/schedule?season=2026 "HTTP/1.1 200 OK"
23:43:51 [INFO]   Schedule: 28 completed games
23:44:01 [INFO] HTTP Request: GET https://site.api.espn.com/apis/site/v2/sports/basketball/mens-college-basketball/summary?event=401828922 "HTTP/1.1 200 OK"
23:44:12 [INFO] HTTP Request: GET https://site.api.espn.com/apis/site/v2/sports/basketball/mens-college-basketball/summary?event=401827058 "HTTP/1.1 200 OK"
23:44:22 [INFO] HTTP Request: GET https://site.api.espn.com/apis/site/v2/sports/basketball/mens-college-basketball/summary?event=401823305 "HTTP/1.1 200 OK"
23:44:33 [INFO] HTTP Request: GET https://site.api.espn.com/apis/site/v2/sports/basketball/mens-college-basketball/summary?event=401826908 "HTTP/1.1 200 OK"
23:44:43 [INFO] HTTP Request: GET https://site.api.espn.com/apis/site/v2/sports/basketball/mens-college-basketball/summary?event=401826948 "HTTP/1.1 200 OK"
23:44:53 [INFO] HTTP Request: GET https://site.api.espn.com/apis/site/v2/sports/basketball/mens-college-basketball/summary?event=401828923 "HTTP/1.1 200 OK"
23:45:03 [INFO] HTTP Request: GET https://site.api.espn.com/apis/site/v2/sports/basketball/mens-college-basketball/summary?event=401808895 "HTTP/1.1 200 OK"
23:45:14 [INFO] HTTP Request: GET https://site.api.espn.com/apis/site/v2/sports/basketball/mens-college-basketball/summary?event=401824072 "HTTP/1.1 200 OK"
23:45:24 [INFO] HTTP Request: GET https://site.api.espn.com/apis/site/v2/sports/basketball/mens-college-basketball/summary?event=401823736 "HTTP/1.1 200 OK"
23:45:34 [INFO] HTTP Request: GET https://site.api.espn.com/apis/site/v2/sports/basketball/mens-college-basketball/summary?event=401826791 "HTTP/1.1 200 OK"
23:45:45 [INFO] HTTP Request: GET https://site.api.espn.com/apis/site/v2/sports/basketball/mens-college-basketball/summary?event=401823262 "HTTP/1.1 200 OK"
23:45:55 [INFO] HTTP Request: GET https://site.api.espn.com/apis/site/v2/sports/basketball/mens-college-basketball/summary?event=401828924 "HTTP/1.1 200 OK"
23:46:05 [INFO] HTTP Request: GET https://site.api.espn.com/apis/site/v2/sports/basketball/mens-college-basketball/summary?event=401827914 "HTTP/1.1 200 OK"
23:46:15 [INFO] HTTP Request: GET https://site.api.espn.com/apis/site/v2/sports/basketball/mens-college-basketball/summary?event=401828925 "HTTP/1.1 200 OK"
23:46:26 [INFO] HTTP Request: GET https://site.api.espn.com/apis/site/v2/sports/basketball/mens-college-basketball/summary?event=401828926 "HTTP/1.1 200 OK"
23:46:36 [INFO] HTTP Request: GET https://site.api.espn.com/apis/site/v2/sports/basketball/mens-college-basketball/summary?event=401823773 "HTTP/1.1 200 OK"
23:46:46 [INFO] HTTP Request: GET https://site.api.espn.com/apis/site/v2/sports/basketball/mens-college-basketball/summary?event=401828927 "HTTP/1.1 200 OK"
23:46:56 [INFO] HTTP Request: GET https://site.api.espn.com/apis/site/v2/sports/basketball/mens-college-basketball/summary?event=401828928 "HTTP/1.1 200 OK"
23:47:07 [INFO] HTTP Request: GET https://site.api.espn.com/apis/site/v2/sports/basketball/mens-college-basketball/summary?event=401828929 "HTTP/1.1 200 OK"
23:47:17 [INFO] HTTP Request: GET https://site.api.espn.com/apis/site/v2/sports/basketball/mens-college-basketball/summary?event=401823797 "HTTP/1.1 200 OK"
23:47:28 [INFO] HTTP Request: GET https://site.api.espn.com/apis/site/v2/sports/basketball/mens-college-basketball/summary?event=401820566 "HTTP/1.1 200 OK"
23:47:38 [INFO] HTTP Request: GET https://site.api.espn.com/apis/site/v2/sports/basketball/mens-college-basketball/summary?event=401828930 "HTTP/1.1 200 OK"
23:47:49 [INFO] HTTP Request: GET https://site.api.espn.com/apis/site/v2/sports/basketball/mens-college-basketball/summary?event=401828931 "HTTP/1.1 200 OK"
23:47:59 [INFO] HTTP Request: GET https://site.api.espn.com/apis/site/v2/sports/basketball/mens-college-basketball/summary?event=401828932 "HTTP/1.1 200 OK"
23:48:10 [INFO] HTTP Request: GET https://site.api.espn.com/apis/site/v2/sports/basketball/mens-college-basketball/summary?event=401820570 "HTTP/1.1 200 OK"
23:48:20 [INFO] HTTP Request: GET https://site.api.espn.com/apis/site/v2/sports/basketball/mens-college-basketball/summary?event=401828933 "HTTP/1.1 200 OK"
23:48:31 [INFO] HTTP Request: GET https://site.api.espn.com/apis/site/v2/sports/basketball/mens-college-basketball/summary?event=401828934 "HTTP/1.1 200 OK"
23:48:41 [INFO] HTTP Request: GET https://site.api.espn.com/apis/site/v2/sports/basketball/mens-college-basketball/summary?event=401828935 "HTTP/1.1 200 OK"
23:48:41 [INFO]   Loaded: 28 games, 577 player-game-stat rows
23:48:41 [INFO] 
[5/12] Grand Canyon Lopes
23:48:41 [INFO] Scraping team: Grand Canyon Lopes (ESPN #2253)
23:48:51 [INFO] HTTP Request: GET https://site.api.espn.com/apis/site/v2/sports/basketball/mens-college-basketball/teams/2253/schedule?season=2026 "HTTP/1.1 200 OK"
23:48:51 [INFO]   Schedule: 28 completed games
23:49:01 [INFO] HTTP Request: GET https://site.api.espn.com/apis/site/v2/sports/basketball/mens-college-basketball/summary?event=401823391 "HTTP/1.1 200 OK"
23:49:12 [INFO] HTTP Request: GET https://site.api.espn.com/apis/site/v2/sports/basketball/mens-college-basketball/summary?event=401823002 "HTTP/1.1 200 OK"
23:49:22 [INFO] HTTP Request: GET https://site.api.espn.com/apis/site/v2/sports/basketball/mens-college-basketball/summary?event=401823462 "HTTP/1.1 200 OK"
23:49:33 [INFO] HTTP Request: GET https://site.api.espn.com/apis/site/v2/sports/basketball/mens-college-basketball/summary?event=401817185 "HTTP/1.1 200 OK"
23:49:43 [INFO] HTTP Request: GET https://site.api.espn.com/apis/site/v2/sports/basketball/mens-college-basketball/summary?event=401823788 "HTTP/1.1 200 OK"
23:49:54 [INFO] HTTP Request: GET https://site.api.espn.com/apis/site/v2/sports/basketball/mens-college-basketball/summary?event=401819910 "HTTP/1.1 200 OK"
23:50:04 [INFO] HTTP Request: GET https://site.api.espn.com/apis/site/v2/sports/basketball/mens-college-basketball/summary?event=401830744 "HTTP/1.1 200 OK"
23:50:15 [INFO] HTTP Request: GET https://site.api.espn.com/apis/site/v2/sports/basketball/mens-college-basketball/summary?event=401823789 "HTTP/1.1 200 OK"
23:50:25 [INFO] HTTP Request: GET https://site.api.espn.com/apis/site/v2/sports/basketball/mens-college-basketball/summary?event=401813293 "HTTP/1.1 200 OK"
23:50:35 [INFO] HTTP Request: GET https://site.api.espn.com/apis/site/v2/sports/basketball/mens-college-basketball/summary?event=401823790 "HTTP/1.1 200 OK"
23:50:45 [INFO] HTTP Request: GET https://site.api.espn.com/apis/site/v2/sports/basketball/mens-college-basketball/summary?event=401823791 "HTTP/1.1 200 OK"
23:50:56 [INFO] HTTP Request: GET https://site.api.espn.com/apis/site/v2/sports/basketball/mens-college-basketball/summary?event=401823380 "HTTP/1.1 200 OK"
23:51:06 [INFO] HTTP Request: GET https://site.api.espn.com/apis/site/v2/sports/basketball/mens-college-basketball/summary?event=401823792 "HTTP/1.1 200 OK"
23:51:17 [INFO] HTTP Request: GET https://site.api.espn.com/apis/site/v2/sports/basketball/mens-college-basketball/summary?event=401823793 "HTTP/1.1 200 OK"
23:51:27 [INFO] HTTP Request: GET https://site.api.espn.com/apis/site/v2/sports/basketball/mens-college-basketball/summary?event=401823794 "HTTP/1.1 200 OK"
23:51:37 [INFO] HTTP Request: GET https://site.api.espn.com/apis/site/v2/sports/basketball/mens-college-basketball/summary?event=401823795 "HTTP/1.1 200 OK"
23:51:48 [INFO] HTTP Request: GET https://site.api.espn.com/apis/site/v2/sports/basketball/mens-college-basketball/summary?event=401823796 "HTTP/1.1 200 OK"
23:51:58 [INFO] HTTP Request: GET https://site.api.espn.com/apis/site/v2/sports/basketball/mens-college-basketball/summary?event=401823776 "HTTP/1.1 200 OK"
23:52:09 [INFO] HTTP Request: GET https://site.api.espn.com/apis/site/v2/sports/basketball/mens-college-basketball/summary?event=401823797 "HTTP/1.1 200 OK"
23:52:19 [INFO] HTTP Request: GET https://site.api.espn.com/apis/site/v2/sports/basketball/mens-college-basketball/summary?event=401823798 "HTTP/1.1 200 OK"
23:52:30 [INFO] HTTP Request: GET https://site.api.espn.com/apis/site/v2/sports/basketball/mens-college-basketball/summary?event=401823799 "HTTP/1.1 200 OK"
23:52:40 [INFO] HTTP Request: GET https://site.api.espn.com/apis/site/v2/sports/basketball/mens-college-basketball/summary?event=401820567 "HTTP/1.1 200 OK"
23:52:50 [INFO] HTTP Request: GET https://site.api.espn.com/apis/site/v2/sports/basketball/mens-college-basketball/summary?event=401823800 "HTTP/1.1 200 OK"
23:53:01 [INFO] HTTP Request: GET https://site.api.espn.com/apis/site/v2/sports/basketball/mens-college-basketball/summary?event=401823801 "HTTP/1.1 200 OK"
23:53:11 [INFO] HTTP Request: GET https://site.api.espn.com/apis/site/v2/sports/basketball/mens-college-basketball/summary?event=401823802 "HTTP/1.1 200 OK"
23:53:21 [INFO] HTTP Request: GET https://site.api.espn.com/apis/site/v2/sports/basketball/mens-college-basketball/summary?event=401823782 "HTTP/1.1 200 OK"
23:53:32 [INFO] HTTP Request: GET https://site.api.espn.com/apis/site/v2/sports/basketball/mens-college-basketball/summary?event=401823803 "HTTP/1.1 200 OK"
23:53:42 [INFO] HTTP Request: GET https://site.api.espn.com/apis/site/v2/sports/basketball/mens-college-basketball/summary?event=401823804 "HTTP/1.1 200 OK"
23:53:42 [INFO]   Loaded: 28 games, 548 player-game-stat rows
23:53:42 [INFO] 
[6/12] Nevada Wolf Pack
23:53:42 [INFO] Scraping team: Nevada Wolf Pack (ESPN #2440)
23:53:52 [INFO] HTTP Request: GET https://site.api.espn.com/apis/site/v2/sports/basketball/mens-college-basketball/teams/2440/schedule?season=2026 "HTTP/1.1 200 OK"
23:53:52 [INFO]   Schedule: 28 completed games
23:54:03 [INFO] HTTP Request: GET https://site.api.espn.com/apis/site/v2/sports/basketball/mens-college-basketball/summary?event=401826895 "HTTP/1.1 200 OK"
23:54:13 [INFO] HTTP Request: GET https://site.api.espn.com/apis/site/v2/sports/basketball/mens-college-basketball/summary?event=401824062 "HTTP/1.1 200 OK"
23:54:23 [INFO] HTTP Request: GET https://site.api.espn.com/apis/site/v2/sports/basketball/mens-college-basketball/summary?event=401828918 "HTTP/1.1 200 OK"
23:54:34 [INFO] HTTP Request: GET https://site.api.espn.com/apis/site/v2/sports/basketball/mens-college-basketball/summary?event=401824120 "HTTP/1.1 200 OK"
23:54:44 [INFO] HTTP Request: GET https://site.api.espn.com/apis/site/v2/sports/basketball/mens-college-basketball/summary?event=401826088 "HTTP/1.1 200 OK"
23:54:54 [INFO] HTTP Request: GET https://site.api.espn.com/apis/site/v2/sports/basketball/mens-college-basketball/summary?event=401829291 "HTTP/1.1 200 OK"
23:55:05 [INFO] HTTP Request: GET https://site.api.espn.com/apis/site/v2/sports/basketball/mens-college-basketball/summary?event=401827268 "HTTP/1.1 200 OK"
23:55:15 [INFO] HTTP Request: GET https://site.api.espn.com/apis/site/v2/sports/basketball/mens-college-basketball/summary?event=401830748 "HTTP/1.1 200 OK"
23:55:26 [INFO] HTTP Request: GET https://site.api.espn.com/apis/site/v2/sports/basketball/mens-college-basketball/summary?event=401826909 "HTTP/1.1 200 OK"
23:55:36 [INFO] HTTP Request: GET https://site.api.espn.com/apis/site/v2/sports/basketball/mens-college-basketball/summary?event=401824139 "HTTP/1.1 200 OK"
23:55:47 [INFO] HTTP Request: GET https://site.api.espn.com/apis/site/v2/sports/basketball/mens-college-basketball/summary?event=401813454 "HTTP/1.1 200 OK"
23:55:57 [INFO] HTTP Request: GET https://site.api.espn.com/apis/site/v2/sports/basketball/mens-college-basketball/summary?event=401823820 "HTTP/1.1 200 OK"
23:56:07 [INFO] HTTP Request: GET https://site.api.espn.com/apis/site/v2/sports/basketball/mens-college-basketball/summary?event=401829292 "HTTP/1.1 200 OK"
23:56:17 [INFO] HTTP Request: GET https://site.api.espn.com/apis/site/v2/sports/basketball/mens-college-basketball/summary?event=401828925 "HTTP/1.1 200 OK"
23:56:28 [INFO] HTTP Request: GET https://site.api.espn.com/apis/site/v2/sports/basketball/mens-college-basketball/summary?event=401823772 "HTTP/1.1 200 OK"
23:56:38 [INFO] HTTP Request: GET https://site.api.espn.com/apis/site/v2/sports/basketball/mens-college-basketball/summary?event=401829293 "HTTP/1.1 200 OK"
23:56:48 [INFO] HTTP Request: GET https://site.api.espn.com/apis/site/v2/sports/basketball/mens-college-basketball/summary?event=401829294 "HTTP/1.1 200 OK"
23:56:58 [INFO] HTTP Request: GET https://site.api.espn.com/apis/site/v2/sports/basketball/mens-college-basketball/summary?event=401820563 "HTTP/1.1 200 OK"
23:57:09 [INFO] HTTP Request: GET https://site.api.espn.com/apis/site/v2/sports/basketball/mens-college-basketball/summary?event=401829315 "HTTP/1.1 200 OK"
23:57:19 [INFO] HTTP Request: GET https://site.api.espn.com/apis/site/v2/sports/basketball/mens-college-basketball/summary?event=401829316 "HTTP/1.1 200 OK"
23:57:30 [INFO] HTTP Request: GET https://site.api.espn.com/apis/site/v2/sports/basketball/mens-college-basketball/summary?event=401823798 "HTTP/1.1 200 OK"
23:57:40 [INFO] HTTP Request: GET https://site.api.espn.com/apis/site/v2/sports/basketball/mens-college-basketball/summary?event=401829317 "HTTP/1.1 200 OK"
23:57:51 [INFO] HTTP Request: GET https://site.api.espn.com/apis/site/v2/sports/basketball/mens-college-basketball/summary?event=401823827 "HTTP/1.1 200 OK"
23:58:01 [INFO] HTTP Request: GET https://site.api.espn.com/apis/site/v2/sports/basketball/mens-college-basketball/summary?event=401828931 "HTTP/1.1 200 OK"
23:58:12 [INFO] HTTP Request: GET https://site.api.espn.com/apis/site/v2/sports/basketball/mens-college-basketball/summary?event=401823781 "HTTP/1.1 200 OK"
23:58:22 [INFO] HTTP Request: GET https://site.api.espn.com/apis/site/v2/sports/basketball/mens-college-basketball/summary?event=401829318 "HTTP/1.1 200 OK"
23:58:32 [INFO] HTTP Request: GET https://site.api.espn.com/apis/site/v2/sports/basketball/mens-college-basketball/summary?event=401829319 "HTTP/1.1 200 OK"
23:58:43 [INFO] HTTP Request: GET https://site.api.espn.com/apis/site/v2/sports/basketball/mens-college-basketball/summary?event=401829320 "HTTP/1.1 200 OK"
23:58:43 [INFO]   Loaded: 28 games, 585 player-game-stat rows
23:58:43 [INFO] 
[7/12] New Mexico Lobos
23:58:43 [INFO] Scraping team: New Mexico Lobos (ESPN #167)
23:58:53 [INFO] HTTP Request: GET https://site.api.espn.com/apis/site/v2/sports/basketball/mens-college-basketball/teams/167/schedule?season=2026 "HTTP/1.1 200 OK"
23:58:53 [INFO]   Schedule: 28 completed games
23:59:04 [INFO] HTTP Request: GET https://site.api.espn.com/apis/site/v2/sports/basketball/mens-college-basketball/summary?event=401830318 "HTTP/1.1 200 OK"
23:59:14 [INFO] HTTP Request: GET https://site.api.espn.com/apis/site/v2/sports/basketball/mens-college-basketball/summary?event=401823865 "HTTP/1.1 200 OK"
23:59:24 [INFO] HTTP Request: GET https://site.api.espn.com/apis/site/v2/sports/basketball/mens-college-basketball/summary?event=401826043 "HTTP/1.1 200 OK"
23:59:34 [INFO] HTTP Request: GET https://site.api.espn.com/apis/site/v2/sports/basketball/mens-college-basketball/summary?event=401820224 "HTTP/1.1 200 OK"
23:59:45 [INFO] HTTP Request: GET https://site.api.espn.com/apis/site/v2/sports/basketball/mens-college-basketball/summary?event=401827238 "HTTP/1.1 200 OK"
23:59:55 [INFO] HTTP Request: GET https://site.api.espn.com/apis/site/v2/sports/basketball/mens-college-basketball/summary?event=401831194 "HTTP/1.1 200 OK"
00:00:08 [INFO] HTTP Request: GET https://site.api.espn.com/apis/site/v2/sports/basketball/mens-college-basketball/summary?event=401827155 "HTTP/1.1 200 OK"
00:00:22 [INFO] HTTP Request: GET https://site.api.espn.com/apis/site/v2/sports/basketball/mens-college-basketball/summary?event=401830319 "HTTP/1.1 200 OK"
00:00:32 [INFO] HTTP Request: GET https://site.api.espn.com/apis/site/v2/sports/basketball/mens-college-basketball/summary?event=401824122 "HTTP/1.1 200 OK"
00:00:42 [INFO] HTTP Request: GET https://site.api.espn.com/apis/site/v2/sports/basketball/mens-college-basketball/summary?event=401822740 "HTTP/1.1 200 OK"
00:00:52 [INFO] HTTP Request: GET https://site.api.espn.com/apis/site/v2/sports/basketball/mens-college-basketball/summary?event=401823234 "HTTP/1.1 200 OK"
00:01:03 [INFO] HTTP Request: GET https://site.api.espn.com/apis/site/v2/sports/basketball/mens-college-basketball/summary?event=401829327 "HTTP/1.1 200 OK"
00:01:13 [INFO] HTTP Request: GET https://site.api.espn.com/apis/site/v2/sports/basketball/mens-college-basketball/summary?event=401823821 "HTTP/1.1 200 OK"
00:01:23 [INFO] HTTP Request: GET https://site.api.espn.com/apis/site/v2/sports/basketball/mens-college-basketball/summary?event=401830320 "HTTP/1.1 200 OK"
00:01:33 [INFO] HTTP Request: GET https://site.api.espn.com/apis/site/v2/sports/basketball/mens-college-basketball/summary?event=401830321 "HTTP/1.1 200 OK"
00:01:44 [INFO] HTTP Request: GET https://site.api.espn.com/apis/site/v2/sports/basketball/mens-college-basketball/summary?event=401820561 "HTTP/1.1 200 OK"
00:01:54 [INFO] HTTP Request: GET https://site.api.espn.com/apis/site/v2/sports/basketball/mens-college-basketball/summary?event=401823795 "HTTP/1.1 200 OK"
00:02:04 [INFO] HTTP Request: GET https://site.api.espn.com/apis/site/v2/sports/basketball/mens-college-basketball/summary?event=401823775 "HTTP/1.1 200 OK"
00:02:15 [INFO] HTTP Request: GET https://site.api.espn.com/apis/site/v2/sports/basketball/mens-college-basketball/summary?event=401828929 "HTTP/1.1 200 OK"
00:02:25 [INFO] HTTP Request: GET https://site.api.espn.com/apis/site/v2/sports/basketball/mens-college-basketball/summary?event=401829316 "HTTP/1.1 200 OK"
00:02:36 [INFO] HTTP Request: GET https://site.api.espn.com/apis/site/v2/sports/basketball/mens-college-basketball/summary?event=401830322 "HTTP/1.1 200 OK"
00:02:46 [INFO] HTTP Request: GET https://site.api.espn.com/apis/site/v2/sports/basketball/mens-college-basketball/summary?event=401829330 "HTTP/1.1 200 OK"
00:02:56 [INFO] HTTP Request: GET https://site.api.espn.com/apis/site/v2/sports/basketball/mens-college-basketball/summary?event=401829337 "HTTP/1.1 200 OK"
00:10:30 [ERROR] Request failed: https://site.api.espn.com/apis/site/v2/sports/basketball/mens-college-basketball/summary — [Errno 8] nodename nor servname provided, or not known
00:10:40 [INFO] HTTP Request: GET https://site.api.espn.com/apis/site/v2/sports/basketball/mens-college-basketball/summary?event=401823801 "HTTP/1.1 200 OK"
00:10:51 [INFO] HTTP Request: GET https://site.api.espn.com/apis/site/v2/sports/basketball/mens-college-basketball/summary?event=401820571 "HTTP/1.1 200 OK"
00:11:01 [INFO] HTTP Request: GET https://site.api.espn.com/apis/site/v2/sports/basketball/mens-college-basketball/summary?event=401828934 "HTTP/1.1 200 OK"
00:11:11 [INFO] HTTP Request: GET https://site.api.espn.com/apis/site/v2/sports/basketball/mens-college-basketball/summary?event=401829320 "HTTP/1.1 200 OK"
00:11:11 [INFO]   Loaded: 27 games, 524 player-game-stat rows
00:11:11 [INFO] 
[8/12] San Diego State Aztecs
00:11:11 [INFO] Scraping team: San Diego State Aztecs (ESPN #21)
00:11:22 [INFO] HTTP Request: GET https://site.api.espn.com/apis/site/v2/sports/basketball/mens-college-basketball/teams/21/schedule?season=2026 "HTTP/1.1 200 OK"
00:11:22 [INFO]   Schedule: 27 completed games
00:11:32 [INFO] HTTP Request: GET https://site.api.espn.com/apis/site/v2/sports/basketball/mens-college-basketball/summary?event=401823304 "HTTP/1.1 200 OK"
00:11:43 [INFO] HTTP Request: GET https://site.api.espn.com/apis/site/v2/sports/basketball/mens-college-basketball/summary?event=401823555 "HTTP/1.1 200 OK"
00:11:53 [INFO] HTTP Request: GET https://site.api.espn.com/apis/site/v2/sports/basketball/mens-college-basketball/summary?event=401823763 "HTTP/1.1 200 OK"
00:12:03 [INFO] HTTP Request: GET https://site.api.espn.com/apis/site/v2/sports/basketball/mens-college-basketball/summary?event=401823764 "HTTP/1.1 200 OK"
00:12:14 [INFO] HTTP Request: GET https://site.api.espn.com/apis/site/v2/sports/basketball/mens-college-basketball/summary?event=401823765 "HTTP/1.1 200 OK"
00:12:25 [INFO] HTTP Request: GET https://site.api.espn.com/apis/site/v2/sports/basketball/mens-college-basketball/summary?event=401831219 "HTTP/1.1 200 OK"
00:12:35 [INFO] HTTP Request: GET https://site.api.espn.com/apis/site/v2/sports/basketball/mens-college-basketball/summary?event=401823766 "HTTP/1.1 200 OK"
00:12:46 [INFO] HTTP Request: GET https://site.api.espn.com/apis/site/v2/sports/basketball/mens-college-basketball/summary?event=401823767 "HTTP/1.1 200 OK"
00:12:56 [INFO] HTTP Request: GET https://site.api.espn.com/apis/site/v2/sports/basketball/mens-college-basketball/summary?event=401820557 "HTTP/1.1 200 OK"
00:13:06 [INFO] HTTP Request: GET https://site.api.espn.com/apis/site/v2/sports/basketball/mens-college-basketball/summary?event=401823768 "HTTP/1.1 200 OK"
00:13:17 [INFO] HTTP Request: GET https://site.api.espn.com/apis/site/v2/sports/basketball/mens-college-basketball/summary?event=401823769 "HTTP/1.1 200 OK"
00:13:27 [INFO] HTTP Request: GET https://site.api.espn.com/apis/site/v2/sports/basketball/mens-college-basketball/summary?event=401823770 "HTTP/1.1 200 OK"
00:13:37 [INFO] HTTP Request: GET https://site.api.espn.com/apis/site/v2/sports/basketball/mens-college-basketball/summary?event=401823771 "HTTP/1.1 200 OK"
00:13:47 [INFO] HTTP Request: GET https://site.api.espn.com/apis/site/v2/sports/basketball/mens-college-basketball/summary?event=401823772 "HTTP/1.1 200 OK"
00:13:58 [INFO] HTTP Request: GET https://site.api.espn.com/apis/site/v2/sports/basketball/mens-college-basketball/summary?event=401823773 "HTTP/1.1 200 OK"
00:14:08 [INFO] HTTP Request: GET https://site.api.espn.com/apis/site/v2/sports/basketball/mens-college-basketball/summary?event=401830823 "HTTP/1.1 200 OK"
00:14:19 [INFO] HTTP Request: GET https://site.api.espn.com/apis/site/v2/sports/basketball/mens-college-basketball/summary?event=401823775 "HTTP/1.1 200 OK"
00:14:30 [INFO] HTTP Request: GET https://site.api.espn.com/apis/site/v2/sports/basketball/mens-college-basketball/summary?event=401823776 "HTTP/1.1 200 OK"
00:14:40 [INFO] HTTP Request: GET https://site.api.espn.com/apis/site/v2/sports/basketball/mens-college-basketball/summary?event=401823777 "HTTP/1.1 200 OK"
00:14:50 [INFO] HTTP Request: GET https://site.api.espn.com/apis/site/v2/sports/basketball/mens-college-basketball/summary?event=401830830 "HTTP/1.1 200 OK"
00:15:00 [INFO] HTTP Request: GET https://site.api.espn.com/apis/site/v2/sports/basketball/mens-college-basketball/summary?event=401823779 "HTTP/1.1 200 OK"
00:15:11 [INFO] HTTP Request: GET https://site.api.espn.com/apis/site/v2/sports/basketball/mens-college-basketball/summary?event=401823780 "HTTP/1.1 200 OK"
00:15:21 [INFO] HTTP Request: GET https://site.api.espn.com/apis/site/v2/sports/basketball/mens-college-basketball/summary?event=401820568 "HTTP/1.1 200 OK"
00:15:32 [INFO] HTTP Request: GET https://site.api.espn.com/apis/site/v2/sports/basketball/mens-college-basketball/summary?event=401823781 "HTTP/1.1 200 OK"
00:15:42 [INFO] HTTP Request: GET https://site.api.espn.com/apis/site/v2/sports/basketball/mens-college-basketball/summary?event=401823782 "HTTP/1.1 200 OK"
00:15:52 [INFO] HTTP Request: GET https://site.api.espn.com/apis/site/v2/sports/basketball/mens-college-basketball/summary?event=401823783 "HTTP/1.1 200 OK"
00:16:03 [INFO] HTTP Request: GET https://site.api.espn.com/apis/site/v2/sports/basketball/mens-college-basketball/summary?event=401823784 "HTTP/1.1 200 OK"
00:16:03 [INFO]   Loaded: 27 games, 576 player-game-stat rows
00:16:03 [INFO] 
[9/12] San José State Spartans
00:16:03 [INFO] Scraping team: San José State Spartans (ESPN #23)
00:16:13 [INFO] HTTP Request: GET https://site.api.espn.com/apis/site/v2/sports/basketball/mens-college-basketball/teams/23/schedule?season=2026 "HTTP/1.1 200 OK"
00:16:13 [INFO]   Schedule: 28 completed games
00:16:23 [INFO] HTTP Request: GET https://site.api.espn.com/apis/site/v2/sports/basketball/mens-college-basketball/summary?event=401819905 "HTTP/1.1 200 OK"
00:16:34 [INFO] HTTP Request: GET https://site.api.espn.com/apis/site/v2/sports/basketball/mens-college-basketball/summary?event=401829324 "HTTP/1.1 200 OK"
00:16:44 [INFO] HTTP Request: GET https://site.api.espn.com/apis/site/v2/sports/basketball/mens-college-basketball/summary?event=401827220 "HTTP/1.1 200 OK"
00:16:54 [INFO] HTTP Request: GET https://site.api.espn.com/apis/site/v2/sports/basketball/mens-college-basketball/summary?event=401829325 "HTTP/1.1 200 OK"
00:17:05 [INFO] HTTP Request: GET https://site.api.espn.com/apis/site/v2/sports/basketball/mens-college-basketball/summary?event=401827014 "HTTP/1.1 200 OK"
00:17:15 [INFO] HTTP Request: GET https://site.api.espn.com/apis/site/v2/sports/basketball/mens-college-basketball/summary?event=401828284 "HTTP/1.1 200 OK"
00:17:26 [INFO] HTTP Request: GET https://site.api.espn.com/apis/site/v2/sports/basketball/mens-college-basketball/summary?event=401830746 "HTTP/1.1 200 OK"
00:17:36 [INFO] HTTP Request: GET https://site.api.espn.com/apis/site/v2/sports/basketball/mens-college-basketball/summary?event=401829326 "HTTP/1.1 200 OK"
00:17:46 [INFO] HTTP Request: GET https://site.api.espn.com/apis/site/v2/sports/basketball/mens-college-basketball/summary?event=401824113 "HTTP/1.1 200 OK"
00:17:57 [INFO] HTTP Request: GET https://site.api.espn.com/apis/site/v2/sports/basketball/mens-college-basketball/summary?event=401823312 "HTTP/1.1 200 OK"
00:18:08 [INFO] HTTP Request: GET https://site.api.espn.com/apis/site/v2/sports/basketball/mens-college-basketball/summary?event=401817472 "HTTP/1.1 200 OK"
00:18:18 [INFO] HTTP Request: GET https://site.api.espn.com/apis/site/v2/sports/basketball/mens-college-basketball/summary?event=401829327 "HTTP/1.1 200 OK"
00:18:28 [INFO] HTTP Request: GET https://site.api.espn.com/apis/site/v2/sports/basketball/mens-college-basketball/summary?event=401823770 "HTTP/1.1 200 OK"
00:18:39 [INFO] HTTP Request: GET https://site.api.espn.com/apis/site/v2/sports/basketball/mens-college-basketball/summary?event=401827935 "HTTP/1.1 200 OK"
00:18:50 [INFO] HTTP Request: GET https://site.api.espn.com/apis/site/v2/sports/basketball/mens-college-basketball/summary?event=401828926 "HTTP/1.1 200 OK"
00:19:00 [INFO] HTTP Request: GET https://site.api.espn.com/apis/site/v2/sports/basketball/mens-college-basketball/summary?event=401823794 "HTTP/1.1 200 OK"
00:19:10 [INFO] HTTP Request: GET https://site.api.espn.com/apis/site/v2/sports/basketball/mens-college-basketball/summary?event=401820562 "HTTP/1.1 200 OK"
00:19:21 [INFO] HTTP Request: GET https://site.api.espn.com/apis/site/v2/sports/basketball/mens-college-basketball/summary?event=401829328 "HTTP/1.1 200 OK"
00:19:31 [INFO] HTTP Request: GET https://site.api.espn.com/apis/site/v2/sports/basketball/mens-college-basketball/summary?event=401829315 "HTTP/1.1 200 OK"
00:19:41 [INFO] HTTP Request: GET https://site.api.espn.com/apis/site/v2/sports/basketball/mens-college-basketball/summary?event=401829329 "HTTP/1.1 200 OK"
00:19:52 [INFO] HTTP Request: GET https://site.api.espn.com/apis/site/v2/sports/basketball/mens-college-basketball/summary?event=401823826 "HTTP/1.1 200 OK"
00:20:02 [INFO] HTTP Request: GET https://site.api.espn.com/apis/site/v2/sports/basketball/mens-college-basketball/summary?event=401829330 "HTTP/1.1 200 OK"
00:20:12 [INFO] HTTP Request: GET https://site.api.espn.com/apis/site/v2/sports/basketball/mens-college-basketball/summary?event=401829331 "HTTP/1.1 200 OK"
00:20:23 [INFO] HTTP Request: GET https://site.api.espn.com/apis/site/v2/sports/basketball/mens-college-basketball/summary?event=401829332 "HTTP/1.1 200 OK"
00:20:33 [INFO] HTTP Request: GET https://site.api.espn.com/apis/site/v2/sports/basketball/mens-college-basketball/summary?event=401823802 "HTTP/1.1 200 OK"
00:20:44 [INFO] HTTP Request: GET https://site.api.espn.com/apis/site/v2/sports/basketball/mens-college-basketball/summary?event=401829318 "HTTP/1.1 200 OK"
00:20:54 [INFO] HTTP Request: GET https://site.api.espn.com/apis/site/v2/sports/basketball/mens-college-basketball/summary?event=401823831 "HTTP/1.1 200 OK"
00:21:04 [INFO] HTTP Request: GET https://site.api.espn.com/apis/site/v2/sports/basketball/mens-college-basketball/summary?event=401820573 "HTTP/1.1 200 OK"
00:21:04 [INFO]   Loaded: 28 games, 530 player-game-stat rows
00:21:04 [INFO] 
[10/12] UNLV Rebels
00:21:04 [INFO] Scraping team: UNLV Rebels (ESPN #2439)
00:21:15 [INFO] HTTP Request: GET https://site.api.espn.com/apis/site/v2/sports/basketball/mens-college-basketball/teams/2439/schedule?season=2026 "HTTP/1.1 200 OK"
00:21:15 [INFO]   Schedule: 28 completed games
00:21:25 [INFO] HTTP Request: GET https://site.api.espn.com/apis/site/v2/sports/basketball/mens-college-basketball/summary?event=401820395 "HTTP/1.1 200 OK"
00:21:36 [INFO] HTTP Request: GET https://site.api.espn.com/apis/site/v2/sports/basketball/mens-college-basketball/summary?event=401820396 "HTTP/1.1 200 OK"
00:21:46 [INFO] HTTP Request: GET https://site.api.espn.com/apis/site/v2/sports/basketball/mens-college-basketball/summary?event=401820397 "HTTP/1.1 200 OK"
00:21:56 [INFO] HTTP Request: GET https://site.api.espn.com/apis/site/v2/sports/basketball/mens-college-basketball/summary?event=401820398 "HTTP/1.1 200 OK"
00:22:07 [INFO] HTTP Request: GET https://site.api.espn.com/apis/site/v2/sports/basketball/mens-college-basketball/summary?event=401820399 "HTTP/1.1 200 OK"
00:22:17 [INFO] HTTP Request: GET https://site.api.espn.com/apis/site/v2/sports/basketball/mens-college-basketball/summary?event=401820400 "HTTP/1.1 200 OK"
00:22:28 [INFO] HTTP Request: GET https://site.api.espn.com/apis/site/v2/sports/basketball/mens-college-basketball/summary?event=401812264 "HTTP/1.1 200 OK"
00:22:38 [INFO] HTTP Request: GET https://site.api.espn.com/apis/site/v2/sports/basketball/mens-college-basketball/summary?event=401831222 "HTTP/1.1 200 OK"
00:22:49 [INFO] HTTP Request: GET https://site.api.espn.com/apis/site/v2/sports/basketball/mens-college-basketball/summary?event=401817471 "HTTP/1.1 200 OK"
00:22:59 [INFO] HTTP Request: GET https://site.api.espn.com/apis/site/v2/sports/basketball/mens-college-basketball/summary?event=401820401 "HTTP/1.1 200 OK"
00:23:10 [INFO] HTTP Request: GET https://site.api.espn.com/apis/site/v2/sports/basketball/mens-college-basketball/summary?event=401828924 "HTTP/1.1 200 OK"
00:23:20 [INFO] HTTP Request: GET https://site.api.espn.com/apis/site/v2/sports/basketball/mens-college-basketball/summary?event=401820402 "HTTP/1.1 200 OK"
00:23:30 [INFO] HTTP Request: GET https://site.api.espn.com/apis/site/v2/sports/basketball/mens-college-basketball/summary?event=401820559 "HTTP/1.1 200 OK"
00:23:41 [INFO] HTTP Request: GET https://site.api.espn.com/apis/site/v2/sports/basketball/mens-college-basketball/summary?event=401830822 "HTTP/1.1 200 OK"
00:23:51 [INFO] HTTP Request: GET https://site.api.espn.com/apis/site/v2/sports/basketball/mens-college-basketball/summary?event=401830827 "HTTP/1.1 200 OK"
00:24:02 [INFO] HTTP Request: GET https://site.api.espn.com/apis/site/v2/sports/basketball/mens-college-basketball/summary?event=401823823 "HTTP/1.1 200 OK"
00:24:12 [INFO] HTTP Request: GET https://site.api.espn.com/apis/site/v2/sports/basketball/mens-college-basketball/summary?event=401829328 "HTTP/1.1 200 OK"
00:24:22 [INFO] HTTP Request: GET https://site.api.espn.com/apis/site/v2/sports/basketball/mens-college-basketball/summary?event=401827948 "HTTP/1.1 200 OK"
00:24:33 [INFO] HTTP Request: GET https://site.api.espn.com/apis/site/v2/sports/basketball/mens-college-basketball/summary?event=401823777 "HTTP/1.1 200 OK"
00:24:44 [INFO] HTTP Request: GET https://site.api.espn.com/apis/site/v2/sports/basketball/mens-college-basketball/summary?event=401830322 "HTTP/1.1 200 OK"
00:24:54 [INFO] HTTP Request: GET https://site.api.espn.com/apis/site/v2/sports/basketball/mens-college-basketball/summary?event=401829317 "HTTP/1.1 200 OK"
00:25:04 [INFO] HTTP Request: GET https://site.api.espn.com/apis/site/v2/sports/basketball/mens-college-basketball/summary?event=401828930 "HTTP/1.1 200 OK"
00:25:14 [INFO] HTTP Request: GET https://site.api.espn.com/apis/site/v2/sports/basketball/mens-college-basketball/summary?event=401823800 "HTTP/1.1 200 OK"
00:25:25 [INFO] HTTP Request: GET https://site.api.espn.com/apis/site/v2/sports/basketball/mens-college-basketball/summary?event=401829332 "HTTP/1.1 200 OK"
00:25:35 [INFO] HTTP Request: GET https://site.api.espn.com/apis/site/v2/sports/basketball/mens-college-basketball/summary?event=401823829 "HTTP/1.1 200 OK"
00:25:46 [INFO] HTTP Request: GET https://site.api.espn.com/apis/site/v2/sports/basketball/mens-college-basketball/summary?event=401830831 "HTTP/1.1 200 OK"
00:25:56 [INFO] HTTP Request: GET https://site.api.espn.com/apis/site/v2/sports/basketball/mens-college-basketball/summary?event=401820572 "HTTP/1.1 200 OK"
00:26:06 [INFO] HTTP Request: GET https://site.api.espn.com/apis/site/v2/sports/basketball/mens-college-basketball/summary?event=401823804 "HTTP/1.1 200 OK"
00:26:06 [INFO]   Loaded: 28 games, 543 player-game-stat rows
00:26:06 [INFO] 
[11/12] Utah State Aggies
00:26:06 [INFO] Scraping team: Utah State Aggies (ESPN #328)
00:26:16 [INFO] HTTP Request: GET https://site.api.espn.com/apis/site/v2/sports/basketball/mens-college-basketball/teams/328/schedule?season=2026 "HTTP/1.1 200 OK"
00:26:16 [INFO]   Schedule: 28 completed games
00:26:26 [INFO] HTTP Request: GET https://site.api.espn.com/apis/site/v2/sports/basketball/mens-college-basketball/summary?event=401827910 "HTTP/1.1 200 OK"
00:26:37 [INFO] HTTP Request: GET https://site.api.espn.com/apis/site/v2/sports/basketball/mens-college-basketball/summary?event=401822735 "HTTP/1.1 200 OK"
00:26:47 [INFO] HTTP Request: GET https://site.api.espn.com/apis/site/v2/sports/basketball/mens-college-basketball/summary?event=401826931 "HTTP/1.1 200 OK"
00:26:58 [INFO] HTTP Request: GET https://site.api.espn.com/apis/site/v2/sports/basketball/mens-college-basketball/summary?event=401827911 "HTTP/1.1 200 OK"
00:27:08 [INFO] HTTP Request: GET https://site.api.espn.com/apis/site/v2/sports/basketball/mens-college-basketball/summary?event=401809310 "HTTP/1.1 200 OK"
00:27:19 [INFO] HTTP Request: GET https://site.api.espn.com/apis/site/v2/sports/basketball/mens-college-basketball/summary?event=401831229 "HTTP/1.1 200 OK"
00:27:30 [INFO] HTTP Request: GET https://site.api.espn.com/apis/site/v2/sports/basketball/mens-college-basketball/summary?event=401825579 "HTTP/1.1 200 OK"
00:27:40 [INFO] HTTP Request: GET https://site.api.espn.com/apis/site/v2/sports/basketball/mens-college-basketball/summary?event=401826835 "HTTP/1.1 200 OK"
00:27:50 [INFO] HTTP Request: GET https://site.api.espn.com/apis/site/v2/sports/basketball/mens-college-basketball/summary?event=401820802 "HTTP/1.1 200 OK"
00:28:00 [INFO] HTTP Request: GET https://site.api.espn.com/apis/site/v2/sports/basketball/mens-college-basketball/summary?event=401813261 "HTTP/1.1 200 OK"
00:28:11 [INFO] HTTP Request: GET https://site.api.espn.com/apis/site/v2/sports/basketball/mens-college-basketball/summary?event=401827913 "HTTP/1.1 200 OK"
00:28:21 [INFO] HTTP Request: GET https://site.api.espn.com/apis/site/v2/sports/basketball/mens-college-basketball/summary?event=401827914 "HTTP/1.1 200 OK"
00:28:32 [INFO] HTTP Request: GET https://site.api.espn.com/apis/site/v2/sports/basketball/mens-college-basketball/summary?event=401827935 "HTTP/1.1 200 OK"
00:28:42 [INFO] HTTP Request: GET https://site.api.espn.com/apis/site/v2/sports/basketball/mens-college-basketball/summary?event=401820560 "HTTP/1.1 200 OK"
00:28:53 [INFO] HTTP Request: GET https://site.api.espn.com/apis/site/v2/sports/basketball/mens-college-basketball/summary?event=401823822 "HTTP/1.1 200 OK"
00:29:03 [INFO] HTTP Request: GET https://site.api.espn.com/apis/site/v2/sports/basketball/mens-college-basketball/summary?event=401829294 "HTTP/1.1 200 OK"
00:29:13 [INFO] HTTP Request: GET https://site.api.espn.com/apis/site/v2/sports/basketball/mens-college-basketball/summary?event=401823796 "HTTP/1.1 200 OK"
00:29:24 [INFO] HTTP Request: GET https://site.api.espn.com/apis/site/v2/sports/basketball/mens-college-basketball/summary?event=401827948 "HTTP/1.1 200 OK"
00:29:34 [INFO] HTTP Request: GET https://site.api.espn.com/apis/site/v2/sports/basketball/mens-college-basketball/summary?event=401830829 "HTTP/1.1 200 OK"
00:29:45 [INFO] HTTP Request: GET https://site.api.espn.com/apis/site/v2/sports/basketball/mens-college-basketball/summary?event=401830824 "HTTP/1.1 200 OK"
00:29:55 [INFO] HTTP Request: GET https://site.api.espn.com/apis/site/v2/sports/basketball/mens-college-basketball/summary?event=401823779 "HTTP/1.1 200 OK"
00:30:06 [INFO] HTTP Request: GET https://site.api.espn.com/apis/site/v2/sports/basketball/mens-college-basketball/summary?event=401829337 "HTTP/1.1 200 OK"
00:30:16 [INFO] HTTP Request: GET https://site.api.espn.com/apis/site/v2/sports/basketball/mens-college-basketball/summary?event=401829338 "HTTP/1.1 200 OK"
00:30:26 [INFO] HTTP Request: GET https://site.api.espn.com/apis/site/v2/sports/basketball/mens-college-basketball/summary?event=401828932 "HTTP/1.1 200 OK"
00:30:37 [INFO] HTTP Request: GET https://site.api.espn.com/apis/site/v2/sports/basketball/mens-college-basketball/summary?event=401826802 "HTTP/1.1 200 OK"
00:30:47 [INFO] HTTP Request: GET https://site.api.espn.com/apis/site/v2/sports/basketball/mens-college-basketball/summary?event=401823830 "HTTP/1.1 200 OK"
00:30:57 [INFO] HTTP Request: GET https://site.api.espn.com/apis/site/v2/sports/basketball/mens-college-basketball/summary?event=401829319 "HTTP/1.1 200 OK"
00:31:07 [INFO] HTTP Request: GET https://site.api.espn.com/apis/site/v2/sports/basketball/mens-college-basketball/summary?event=401823784 "HTTP/1.1 200 OK"
00:31:07 [INFO]   Loaded: 28 games, 584 player-game-stat rows
00:31:07 [INFO] 
[12/12] Wyoming Cowboys
00:31:07 [INFO] Scraping team: Wyoming Cowboys (ESPN #2751)
00:31:17 [INFO] HTTP Request: GET https://site.api.espn.com/apis/site/v2/sports/basketball/mens-college-basketball/teams/2751/schedule?season=2026 "HTTP/1.1 200 OK"
00:31:17 [INFO]   Schedule: 28 completed games
00:31:28 [INFO] HTTP Request: GET https://site.api.espn.com/apis/site/v2/sports/basketball/mens-college-basketball/summary?event=401823756 "HTTP/1.1 200 OK"
00:31:38 [INFO] HTTP Request: GET https://site.api.espn.com/apis/site/v2/sports/basketball/mens-college-basketball/summary?event=401822729 "HTTP/1.1 200 OK"
00:31:49 [INFO] HTTP Request: GET https://site.api.espn.com/apis/site/v2/sports/basketball/mens-college-basketball/summary?event=401823757 "HTTP/1.1 200 OK"
00:31:59 [INFO] HTTP Request: GET https://site.api.espn.com/apis/site/v2/sports/basketball/mens-college-basketball/summary?event=401823758 "HTTP/1.1 200 OK"
00:32:09 [INFO] HTTP Request: GET https://site.api.espn.com/apis/site/v2/sports/basketball/mens-college-basketball/summary?event=401823331 "HTTP/1.1 200 OK"
00:32:20 [INFO] HTTP Request: GET https://site.api.espn.com/apis/site/v2/sports/basketball/mens-college-basketball/summary?event=401823759 "HTTP/1.1 200 OK"
00:32:30 [INFO] HTTP Request: GET https://site.api.espn.com/apis/site/v2/sports/basketball/mens-college-basketball/summary?event=401823760 "HTTP/1.1 200 OK"
00:32:40 [INFO] HTTP Request: GET https://site.api.espn.com/apis/site/v2/sports/basketball/mens-college-basketball/summary?event=401819901 "HTTP/1.1 200 OK"
00:32:51 [INFO] HTTP Request: GET https://site.api.espn.com/apis/site/v2/sports/basketball/mens-college-basketball/summary?event=401823761 "HTTP/1.1 200 OK"
00:33:01 [INFO] HTTP Request: GET https://site.api.espn.com/apis/site/v2/sports/basketball/mens-college-basketball/summary?event=401811111 "HTTP/1.1 200 OK"
00:33:11 [INFO] HTTP Request: GET https://site.api.espn.com/apis/site/v2/sports/basketball/mens-college-basketball/summary?event=401823762 "HTTP/1.1 200 OK"
00:33:22 [INFO] HTTP Request: GET https://site.api.espn.com/apis/site/v2/sports/basketball/mens-college-basketball/summary?event=401823791 "HTTP/1.1 200 OK"
00:33:32 [INFO] HTTP Request: GET https://site.api.espn.com/apis/site/v2/sports/basketball/mens-college-basketball/summary?event=401820558 "HTTP/1.1 200 OK"
00:33:43 [INFO] HTTP Request: GET https://site.api.espn.com/apis/site/v2/sports/basketball/mens-college-basketball/summary?event=401830320 "HTTP/1.1 200 OK"
00:33:53 [INFO] HTTP Request: GET https://site.api.espn.com/apis/site/v2/sports/basketball/mens-college-basketball/summary?event=401830822 "HTTP/1.1 200 OK"
00:34:04 [INFO] HTTP Request: GET https://site.api.espn.com/apis/site/v2/sports/basketball/mens-college-basketball/summary?event=401829293 "HTTP/1.1 200 OK"
00:34:14 [INFO] HTTP Request: GET https://site.api.espn.com/apis/site/v2/sports/basketball/mens-college-basketball/summary?event=401830823 "HTTP/1.1 200 OK"
00:34:25 [INFO] HTTP Request: GET https://site.api.espn.com/apis/site/v2/sports/basketball/mens-college-basketball/summary?event=401828928 "HTTP/1.1 200 OK"
00:34:35 [INFO] HTTP Request: GET https://site.api.espn.com/apis/site/v2/sports/basketball/mens-college-basketball/summary?event=401823825 "HTTP/1.1 200 OK"
00:34:46 [INFO] HTTP Request: GET https://site.api.espn.com/apis/site/v2/sports/basketball/mens-college-basketball/summary?event=401829329 "HTTP/1.1 200 OK"
00:34:56 [INFO] HTTP Request: GET https://site.api.espn.com/apis/site/v2/sports/basketball/mens-college-basketball/summary?event=401830824 "HTTP/1.1 200 OK"
00:35:06 [INFO] HTTP Request: GET https://site.api.espn.com/apis/site/v2/sports/basketball/mens-college-basketball/summary?event=401830825 "HTTP/1.1 200 OK"
00:35:17 [INFO] HTTP Request: GET https://site.api.espn.com/apis/site/v2/sports/basketball/mens-college-basketball/summary?event=401823780 "HTTP/1.1 200 OK"
00:35:27 [INFO] HTTP Request: GET https://site.api.espn.com/apis/site/v2/sports/basketball/mens-college-basketball/summary?event=401829338 "HTTP/1.1 200 OK"
00:35:38 [INFO] HTTP Request: GET https://site.api.espn.com/apis/site/v2/sports/basketball/mens-college-basketball/summary?event=401830826 "HTTP/1.1 200 OK"
00:35:48 [INFO] HTTP Request: GET https://site.api.espn.com/apis/site/v2/sports/basketball/mens-college-basketball/summary?event=401828933 "HTTP/1.1 200 OK"
00:35:58 [INFO] HTTP Request: GET https://site.api.espn.com/apis/site/v2/sports/basketball/mens-college-basketball/summary?event=401823803 "HTTP/1.1 200 OK"
00:36:09 [INFO] HTTP Request: GET https://site.api.espn.com/apis/site/v2/sports/basketball/mens-college-basketball/summary?event=401823832 "HTTP/1.1 200 OK"
00:36:09 [INFO]   Loaded: 28 games, 585 player-game-stat rows
00:36:09 [INFO] 
============================================================
00:36:09 [INFO]   BATCH COMPLETE: 12 teams, 333 games, 6763 PGS rows
00:36:09 [INFO] ============================================================

============================================================
  ESPN BATCH — FINAL SUMMARY
============================================================
  Total teams:                2791
  Total players:              28686
  Total games:                15222
  Total player_game_stats:    393570
============================================================
