20:53:50 [INFO] Batch: 10 NCAA D1 teams via ESPN
20:53:50 [INFO] 
[1/10] Chattanooga Mocs
20:53:50 [INFO] Scraping team: Chattanooga Mocs (ESPN #236)
20:53:52 [INFO] HTTP Request: GET https://site.api.espn.com/apis/site/v2/sports/basketball/mens-college-basketball/teams/236/schedule?season=2026 "HTTP/1.1 200 OK"
20:53:52 [INFO]   Schedule: 30 completed games
20:54:03 [INFO] HTTP Request: GET https://site.api.espn.com/apis/site/v2/sports/basketball/mens-college-basketball/summary?event=401829429 "HTTP/1.1 200 OK"
20:54:14 [INFO] HTTP Request: GET https://site.api.espn.com/apis/site/v2/sports/basketball/mens-college-basketball/summary?event=401829430 "HTTP/1.1 200 OK"
20:54:24 [INFO] HTTP Request: GET https://site.api.espn.com/apis/site/v2/sports/basketball/mens-college-basketball/summary?event=401820396 "HTTP/1.1 200 OK"
20:54:35 [INFO] HTTP Request: GET https://site.api.espn.com/apis/site/v2/sports/basketball/mens-college-basketball/summary?event=401823227 "HTTP/1.1 200 OK"
20:54:45 [INFO] HTTP Request: GET https://site.api.espn.com/apis/site/v2/sports/basketball/mens-college-basketball/summary?event=401829278 "HTTP/1.1 200 OK"
20:54:56 [INFO] HTTP Request: GET https://site.api.espn.com/apis/site/v2/sports/basketball/mens-college-basketball/summary?event=401823435 "HTTP/1.1 200 OK"
20:55:07 [INFO] HTTP Request: GET https://site.api.espn.com/apis/site/v2/sports/basketball/mens-college-basketball/summary?event=401829431 "HTTP/1.1 200 OK"
20:55:17 [INFO] HTTP Request: GET https://site.api.espn.com/apis/site/v2/sports/basketball/mens-college-basketball/summary?event=401829388 "HTTP/1.1 200 OK"
20:55:28 [INFO] HTTP Request: GET https://site.api.espn.com/apis/site/v2/sports/basketball/mens-college-basketball/summary?event=401829350 "HTTP/1.1 200 OK"
20:55:39 [INFO] HTTP Request: GET https://site.api.espn.com/apis/site/v2/sports/basketball/mens-college-basketball/summary?event=401829432 "HTTP/1.1 200 OK"
20:55:49 [INFO] HTTP Request: GET https://site.api.espn.com/apis/site/v2/sports/basketball/mens-college-basketball/summary?event=401823481 "HTTP/1.1 200 OK"
20:56:00 [INFO] HTTP Request: GET https://site.api.espn.com/apis/site/v2/sports/basketball/mens-college-basketball/summary?event=401823222 "HTTP/1.1 200 OK"
20:56:10 [INFO] HTTP Request: GET https://site.api.espn.com/apis/site/v2/sports/basketball/mens-college-basketball/summary?event=401827198 "HTTP/1.1 200 OK"
20:56:21 [INFO] HTTP Request: GET https://site.api.espn.com/apis/site/v2/sports/basketball/mens-college-basketball/summary?event=401809226 "HTTP/1.1 200 OK"
20:56:32 [INFO] HTTP Request: GET https://site.api.espn.com/apis/site/v2/sports/basketball/mens-college-basketball/summary?event=401809232 "HTTP/1.1 200 OK"
20:56:42 [INFO] HTTP Request: GET https://site.api.espn.com/apis/site/v2/sports/basketball/mens-college-basketball/summary?event=401809313 "HTTP/1.1 200 OK"
20:56:53 [INFO] HTTP Request: GET https://site.api.espn.com/apis/site/v2/sports/basketball/mens-college-basketball/summary?event=401809318 "HTTP/1.1 200 OK"
20:57:03 [INFO] HTTP Request: GET https://site.api.espn.com/apis/site/v2/sports/basketball/mens-college-basketball/summary?event=401809325 "HTTP/1.1 200 OK"
20:57:14 [INFO] HTTP Request: GET https://site.api.espn.com/apis/site/v2/sports/basketball/mens-college-basketball/summary?event=401809332 "HTTP/1.1 200 OK"
20:57:24 [INFO] HTTP Request: GET https://site.api.espn.com/apis/site/v2/sports/basketball/mens-college-basketball/summary?event=401809333 "HTTP/1.1 200 OK"
20:57:35 [INFO] HTTP Request: GET https://site.api.espn.com/apis/site/v2/sports/basketball/mens-college-basketball/summary?event=401809339 "HTTP/1.1 200 OK"
20:57:46 [INFO] HTTP Request: GET https://site.api.espn.com/apis/site/v2/sports/basketball/mens-college-basketball/summary?event=401809343 "HTTP/1.1 200 OK"
20:57:57 [INFO] HTTP Request: GET https://site.api.espn.com/apis/site/v2/sports/basketball/mens-college-basketball/summary?event=401809348 "HTTP/1.1 200 OK"
20:58:07 [INFO] HTTP Request: GET https://site.api.espn.com/apis/site/v2/sports/basketball/mens-college-basketball/summary?event=401809356 "HTTP/1.1 200 OK"
20:58:18 [INFO] HTTP Request: GET https://site.api.espn.com/apis/site/v2/sports/basketball/mens-college-basketball/summary?event=401809358 "HTTP/1.1 200 OK"
20:58:28 [INFO] HTTP Request: GET https://site.api.espn.com/apis/site/v2/sports/basketball/mens-college-basketball/summary?event=401809363 "HTTP/1.1 200 OK"
20:58:39 [INFO] HTTP Request: GET https://site.api.espn.com/apis/site/v2/sports/basketball/mens-college-basketball/summary?event=401809368 "HTTP/1.1 200 OK"
20:58:49 [INFO] HTTP Request: GET https://site.api.espn.com/apis/site/v2/sports/basketball/mens-college-basketball/summary?event=401809376 "HTTP/1.1 200 OK"
20:59:00 [INFO] HTTP Request: GET https://site.api.espn.com/apis/site/v2/sports/basketball/mens-college-basketball/summary?event=401809379 "HTTP/1.1 200 OK"
20:59:11 [INFO] HTTP Request: GET https://site.api.espn.com/apis/site/v2/sports/basketball/mens-college-basketball/summary?event=401809386 "HTTP/1.1 200 OK"
20:59:11 [INFO]   Loaded: 30 games, 628 player-game-stat rows
20:59:11 [INFO] 
[2/10] East Tennessee State Buccaneers
20:59:11 [INFO] Scraping team: East Tennessee State Buccaneers (ESPN #2193)
20:59:22 [INFO] HTTP Request: GET https://site.api.espn.com/apis/site/v2/sports/basketball/mens-college-basketball/teams/2193/schedule?season=2026 "HTTP/1.1 200 OK"
20:59:22 [INFO]   Schedule: 30 completed games
20:59:32 [INFO] HTTP Request: GET https://site.api.espn.com/apis/site/v2/sports/basketball/mens-college-basketball/summary?event=401824884 "HTTP/1.1 200 OK"
20:59:43 [INFO] HTTP Request: GET https://site.api.espn.com/apis/site/v2/sports/basketball/mens-college-basketball/summary?event=401824885 "HTTP/1.1 200 OK"
20:59:53 [INFO] HTTP Request: GET https://site.api.espn.com/apis/site/v2/sports/basketball/mens-college-basketball/summary?event=401824886 "HTTP/1.1 200 OK"
21:00:05 [INFO] HTTP Request: GET https://site.api.espn.com/apis/site/v2/sports/basketball/mens-college-basketball/summary?event=401824887 "HTTP/1.1 200 OK"
21:00:16 [INFO] HTTP Request: GET https://site.api.espn.com/apis/site/v2/sports/basketball/mens-college-basketball/summary?event=401824888 "HTTP/1.1 200 OK"
21:00:26 [INFO] HTTP Request: GET https://site.api.espn.com/apis/site/v2/sports/basketball/mens-college-basketball/summary?event=401824889 "HTTP/1.1 200 OK"
21:00:37 [INFO] HTTP Request: GET https://site.api.espn.com/apis/site/v2/sports/basketball/mens-college-basketball/summary?event=401824890 "HTTP/1.1 200 OK"
21:00:48 [INFO] HTTP Request: GET https://site.api.espn.com/apis/site/v2/sports/basketball/mens-college-basketball/summary?event=401813440 "HTTP/1.1 200 OK"
21:00:59 [INFO] HTTP Request: GET https://site.api.espn.com/apis/site/v2/sports/basketball/mens-college-basketball/summary?event=401824891 "HTTP/1.1 200 OK"
21:01:09 [INFO] HTTP Request: GET https://site.api.espn.com/apis/site/v2/sports/basketball/mens-college-basketball/summary?event=401824892 "HTTP/1.1 200 OK"
21:01:20 [INFO] HTTP Request: GET https://site.api.espn.com/apis/site/v2/sports/basketball/mens-college-basketball/summary?event=401824893 "HTTP/1.1 200 OK"
21:01:30 [INFO] HTTP Request: GET https://site.api.espn.com/apis/site/v2/sports/basketball/mens-college-basketball/summary?event=401817270 "HTTP/1.1 200 OK"
21:01:41 [INFO] HTTP Request: GET https://site.api.espn.com/apis/site/v2/sports/basketball/mens-college-basketball/summary?event=401824894 "HTTP/1.1 200 OK"
21:01:52 [INFO] HTTP Request: GET https://site.api.espn.com/apis/site/v2/sports/basketball/mens-college-basketball/summary?event=401809224 "HTTP/1.1 200 OK"
21:02:02 [INFO] HTTP Request: GET https://site.api.espn.com/apis/site/v2/sports/basketball/mens-college-basketball/summary?event=401809228 "HTTP/1.1 200 OK"
21:02:13 [INFO] HTTP Request: GET https://site.api.espn.com/apis/site/v2/sports/basketball/mens-college-basketball/summary?event=401809314 "HTTP/1.1 200 OK"
21:02:24 [INFO] HTTP Request: GET https://site.api.espn.com/apis/site/v2/sports/basketball/mens-college-basketball/summary?event=401809319 "HTTP/1.1 200 OK"
21:02:35 [INFO] HTTP Request: GET https://site.api.espn.com/apis/site/v2/sports/basketball/mens-college-basketball/summary?event=401809324 "HTTP/1.1 200 OK"
21:02:46 [INFO] HTTP Request: GET https://site.api.espn.com/apis/site/v2/sports/basketball/mens-college-basketball/summary?event=401809329 "HTTP/1.1 200 OK"
21:02:57 [INFO] HTTP Request: GET https://site.api.espn.com/apis/site/v2/sports/basketball/mens-college-basketball/summary?event=401809333 "HTTP/1.1 200 OK"
21:03:08 [INFO] HTTP Request: GET https://site.api.espn.com/apis/site/v2/sports/basketball/mens-college-basketball/summary?event=401809338 "HTTP/1.1 200 OK"
21:03:18 [INFO] HTTP Request: GET https://site.api.espn.com/apis/site/v2/sports/basketball/mens-college-basketball/summary?event=401809344 "HTTP/1.1 200 OK"
21:03:29 [INFO] HTTP Request: GET https://site.api.espn.com/apis/site/v2/sports/basketball/mens-college-basketball/summary?event=401809352 "HTTP/1.1 200 OK"
21:03:41 [INFO] HTTP Request: GET https://site.api.espn.com/apis/site/v2/sports/basketball/mens-college-basketball/summary?event=401809353 "HTTP/1.1 200 OK"
21:03:51 [INFO] HTTP Request: GET https://site.api.espn.com/apis/site/v2/sports/basketball/mens-college-basketball/summary?event=401809361 "HTTP/1.1 200 OK"
21:04:02 [INFO] HTTP Request: GET https://site.api.espn.com/apis/site/v2/sports/basketball/mens-college-basketball/summary?event=401809363 "HTTP/1.1 200 OK"
21:04:13 [INFO] HTTP Request: GET https://site.api.espn.com/apis/site/v2/sports/basketball/mens-college-basketball/summary?event=401809369 "HTTP/1.1 200 OK"
21:04:23 [INFO] HTTP Request: GET https://site.api.espn.com/apis/site/v2/sports/basketball/mens-college-basketball/summary?event=401809373 "HTTP/1.1 200 OK"
21:04:34 [INFO] HTTP Request: GET https://site.api.espn.com/apis/site/v2/sports/basketball/mens-college-basketball/summary?event=401809380 "HTTP/1.1 200 OK"
21:04:44 [INFO] HTTP Request: GET https://site.api.espn.com/apis/site/v2/sports/basketball/mens-college-basketball/summary?event=401809383 "HTTP/1.1 200 OK"
21:04:44 [INFO]   Loaded: 30 games, 594 player-game-stat rows
21:04:44 [INFO] 
[3/10] Furman Paladins
21:04:44 [INFO] Scraping team: Furman Paladins (ESPN #231)
21:04:55 [INFO] HTTP Request: GET https://site.api.espn.com/apis/site/v2/sports/basketball/mens-college-basketball/teams/231/schedule?season=2026 "HTTP/1.1 200 OK"
21:04:55 [INFO]   Schedule: 30 completed games
21:05:06 [INFO] HTTP Request: GET https://site.api.espn.com/apis/site/v2/sports/basketball/mens-college-basketball/summary?event=401824867 "HTTP/1.1 200 OK"
21:05:18 [INFO] HTTP Request: GET https://site.api.espn.com/apis/site/v2/sports/basketball/mens-college-basketball/summary?event=401824868 "HTTP/1.1 200 OK"
21:05:29 [INFO] HTTP Request: GET https://site.api.espn.com/apis/site/v2/sports/basketball/mens-college-basketball/summary?event=401824869 "HTTP/1.1 200 OK"
21:05:40 [INFO] HTTP Request: GET https://site.api.espn.com/apis/site/v2/sports/basketball/mens-college-basketball/summary?event=401820543 "HTTP/1.1 200 OK"
21:05:51 [INFO] HTTP Request: GET https://site.api.espn.com/apis/site/v2/sports/basketball/mens-college-basketball/summary?event=401824870 "HTTP/1.1 200 OK"
21:06:02 [INFO] HTTP Request: GET https://site.api.espn.com/apis/site/v2/sports/basketball/mens-college-basketball/summary?event=401823494 "HTTP/1.1 200 OK"
21:06:12 [INFO] HTTP Request: GET https://site.api.espn.com/apis/site/v2/sports/basketball/mens-college-basketball/summary?event=401809397 "HTTP/1.1 200 OK"
21:06:23 [INFO] HTTP Request: GET https://site.api.espn.com/apis/site/v2/sports/basketball/mens-college-basketball/summary?event=401830916 "HTTP/1.1 200 OK"
21:06:33 [INFO] HTTP Request: GET https://site.api.espn.com/apis/site/v2/sports/basketball/mens-college-basketball/summary?event=401824871 "HTTP/1.1 200 OK"
21:06:44 [INFO] HTTP Request: GET https://site.api.espn.com/apis/site/v2/sports/basketball/mens-college-basketball/summary?event=401812609 "HTTP/1.1 200 OK"
21:06:54 [INFO] HTTP Request: GET https://site.api.espn.com/apis/site/v2/sports/basketball/mens-college-basketball/summary?event=401824872 "HTTP/1.1 200 OK"
21:07:05 [INFO] HTTP Request: GET https://site.api.espn.com/apis/site/v2/sports/basketball/mens-college-basketball/summary?event=401823862 "HTTP/1.1 200 OK"
21:07:15 [INFO] HTTP Request: GET https://site.api.espn.com/apis/site/v2/sports/basketball/mens-college-basketball/summary?event=401820848 "HTTP/1.1 200 OK"
21:07:26 [INFO] HTTP Request: GET https://site.api.espn.com/apis/site/v2/sports/basketball/mens-college-basketball/summary?event=401809223 "HTTP/1.1 200 OK"
21:07:36 [INFO] HTTP Request: GET https://site.api.espn.com/apis/site/v2/sports/basketball/mens-college-basketball/summary?event=401809229 "HTTP/1.1 200 OK"
21:07:47 [INFO] HTTP Request: GET https://site.api.espn.com/apis/site/v2/sports/basketball/mens-college-basketball/summary?event=401809313 "HTTP/1.1 200 OK"
21:07:58 [INFO] HTTP Request: GET https://site.api.espn.com/apis/site/v2/sports/basketball/mens-college-basketball/summary?event=401809320 "HTTP/1.1 200 OK"
21:08:09 [INFO] HTTP Request: GET https://site.api.espn.com/apis/site/v2/sports/basketball/mens-college-basketball/summary?event=401809323 "HTTP/1.1 200 OK"
21:08:19 [INFO] HTTP Request: GET https://site.api.espn.com/apis/site/v2/sports/basketball/mens-college-basketball/summary?event=401809328 "HTTP/1.1 200 OK"
21:08:30 [INFO] HTTP Request: GET https://site.api.espn.com/apis/site/v2/sports/basketball/mens-college-basketball/summary?event=401809335 "HTTP/1.1 200 OK"
21:08:40 [INFO] HTTP Request: GET https://site.api.espn.com/apis/site/v2/sports/basketball/mens-college-basketball/summary?event=401809340 "HTTP/1.1 200 OK"
21:08:51 [INFO] HTTP Request: GET https://site.api.espn.com/apis/site/v2/sports/basketball/mens-college-basketball/summary?event=401809345 "HTTP/1.1 200 OK"
21:09:01 [INFO] HTTP Request: GET https://site.api.espn.com/apis/site/v2/sports/basketball/mens-college-basketball/summary?event=401809348 "HTTP/1.1 200 OK"
21:09:12 [INFO] HTTP Request: GET https://site.api.espn.com/apis/site/v2/sports/basketball/mens-college-basketball/summary?event=401809353 "HTTP/1.1 200 OK"
21:09:22 [INFO] HTTP Request: GET https://site.api.espn.com/apis/site/v2/sports/basketball/mens-college-basketball/summary?event=401809359 "HTTP/1.1 200 OK"
21:09:33 [INFO] HTTP Request: GET https://site.api.espn.com/apis/site/v2/sports/basketball/mens-college-basketball/summary?event=401809364 "HTTP/1.1 200 OK"
21:09:44 [INFO] HTTP Request: GET https://site.api.espn.com/apis/site/v2/sports/basketball/mens-college-basketball/summary?event=401809372 "HTTP/1.1 200 OK"
21:09:54 [INFO] HTTP Request: GET https://site.api.espn.com/apis/site/v2/sports/basketball/mens-college-basketball/summary?event=401809373 "HTTP/1.1 200 OK"
21:10:05 [INFO] HTTP Request: GET https://site.api.espn.com/apis/site/v2/sports/basketball/mens-college-basketball/summary?event=401809382 "HTTP/1.1 200 OK"
21:10:15 [INFO] HTTP Request: GET https://site.api.espn.com/apis/site/v2/sports/basketball/mens-college-basketball/summary?event=401809384 "HTTP/1.1 200 OK"
21:10:15 [INFO]   Loaded: 30 games, 570 player-game-stat rows
21:10:15 [INFO] 
[4/10] Mercer Bears
21:10:15 [INFO] Scraping team: Mercer Bears (ESPN #2382)
21:10:26 [INFO] HTTP Request: GET https://site.api.espn.com/apis/site/v2/sports/basketball/mens-college-basketball/teams/2382/schedule?season=2026 "HTTP/1.1 200 OK"
21:10:26 [INFO]   Schedule: 30 completed games
21:10:36 [INFO] HTTP Request: GET https://site.api.espn.com/apis/site/v2/sports/basketball/mens-college-basketball/summary?event=401823483 "HTTP/1.1 200 OK"
21:10:47 [INFO] HTTP Request: GET https://site.api.espn.com/apis/site/v2/sports/basketball/mens-college-basketball/summary?event=401823484 "HTTP/1.1 200 OK"
21:10:57 [INFO] HTTP Request: GET https://site.api.espn.com/apis/site/v2/sports/basketball/mens-college-basketball/summary?event=401823485 "HTTP/1.1 200 OK"
21:11:08 [INFO] HTTP Request: GET https://site.api.espn.com/apis/site/v2/sports/basketball/mens-college-basketball/summary?event=401823486 "HTTP/1.1 200 OK"
21:11:18 [INFO] HTTP Request: GET https://site.api.espn.com/apis/site/v2/sports/basketball/mens-college-basketball/summary?event=401818792 "HTTP/1.1 200 OK"
21:11:29 [INFO] HTTP Request: GET https://site.api.espn.com/apis/site/v2/sports/basketball/mens-college-basketball/summary?event=401823487 "HTTP/1.1 200 OK"
21:11:39 [INFO] HTTP Request: GET https://site.api.espn.com/apis/site/v2/sports/basketball/mens-college-basketball/summary?event=401823488 "HTTP/1.1 200 OK"
21:11:50 [INFO] HTTP Request: GET https://site.api.espn.com/apis/site/v2/sports/basketball/mens-college-basketball/summary?event=401823489 "HTTP/1.1 200 OK"
21:12:01 [INFO] HTTP Request: GET https://site.api.espn.com/apis/site/v2/sports/basketball/mens-college-basketball/summary?event=401823490 "HTTP/1.1 200 OK"
21:12:11 [INFO] HTTP Request: GET https://site.api.espn.com/apis/site/v2/sports/basketball/mens-college-basketball/summary?event=401812924 "HTTP/1.1 200 OK"
21:12:22 [INFO] HTTP Request: GET https://site.api.espn.com/apis/site/v2/sports/basketball/mens-college-basketball/summary?event=401823491 "HTTP/1.1 200 OK"
21:12:32 [INFO] HTTP Request: GET https://site.api.espn.com/apis/site/v2/sports/basketball/mens-college-basketball/summary?event=401823492 "HTTP/1.1 200 OK"
21:12:43 [INFO] HTTP Request: GET https://site.api.espn.com/apis/site/v2/sports/basketball/mens-college-basketball/summary?event=401832544 "HTTP/1.1 200 OK"
21:12:54 [INFO] HTTP Request: GET https://site.api.espn.com/apis/site/v2/sports/basketball/mens-college-basketball/summary?event=401809223 "HTTP/1.1 200 OK"
21:13:04 [INFO] HTTP Request: GET https://site.api.espn.com/apis/site/v2/sports/basketball/mens-college-basketball/summary?event=401809228 "HTTP/1.1 200 OK"
21:13:15 [INFO] HTTP Request: GET https://site.api.espn.com/apis/site/v2/sports/basketball/mens-college-basketball/summary?event=401809315 "HTTP/1.1 200 OK"
21:13:25 [INFO] HTTP Request: GET https://site.api.espn.com/apis/site/v2/sports/basketball/mens-college-basketball/summary?event=401809321 "HTTP/1.1 200 OK"
21:13:36 [INFO] HTTP Request: GET https://site.api.espn.com/apis/site/v2/sports/basketball/mens-college-basketball/summary?event=401809327 "HTTP/1.1 200 OK"
21:13:46 [INFO] HTTP Request: GET https://site.api.espn.com/apis/site/v2/sports/basketball/mens-college-basketball/summary?event=401809330 "HTTP/1.1 200 OK"
21:13:57 [INFO] HTTP Request: GET https://site.api.espn.com/apis/site/v2/sports/basketball/mens-college-basketball/summary?event=401809334 "HTTP/1.1 200 OK"
21:14:07 [INFO] HTTP Request: GET https://site.api.espn.com/apis/site/v2/sports/basketball/mens-college-basketball/summary?event=401809342 "HTTP/1.1 200 OK"
21:14:18 [INFO] HTTP Request: GET https://site.api.espn.com/apis/site/v2/sports/basketball/mens-college-basketball/summary?event=401809346 "HTTP/1.1 200 OK"
21:14:28 [INFO] HTTP Request: GET https://site.api.espn.com/apis/site/v2/sports/basketball/mens-college-basketball/summary?event=401809349 "HTTP/1.1 200 OK"
21:14:39 [INFO] HTTP Request: GET https://site.api.espn.com/apis/site/v2/sports/basketball/mens-college-basketball/summary?event=401809356 "HTTP/1.1 200 OK"
21:14:49 [INFO] HTTP Request: GET https://site.api.espn.com/apis/site/v2/sports/basketball/mens-college-basketball/summary?event=401809360 "HTTP/1.1 200 OK"
21:15:00 [INFO] HTTP Request: GET https://site.api.espn.com/apis/site/v2/sports/basketball/mens-college-basketball/summary?event=401809364 "HTTP/1.1 200 OK"
21:15:10 [INFO] HTTP Request: GET https://site.api.espn.com/apis/site/v2/sports/basketball/mens-college-basketball/summary?event=401809370 "HTTP/1.1 200 OK"
21:15:21 [INFO] HTTP Request: GET https://site.api.espn.com/apis/site/v2/sports/basketball/mens-college-basketball/summary?event=401809376 "HTTP/1.1 200 OK"
21:15:32 [INFO] HTTP Request: GET https://site.api.espn.com/apis/site/v2/sports/basketball/mens-college-basketball/summary?event=401809378 "HTTP/1.1 200 OK"
21:15:42 [INFO] HTTP Request: GET https://site.api.espn.com/apis/site/v2/sports/basketball/mens-college-basketball/summary?event=401809385 "HTTP/1.1 200 OK"
21:15:42 [INFO]   Loaded: 30 games, 588 player-game-stat rows
21:15:42 [INFO] 
[5/10] Samford Bulldogs
21:15:42 [INFO] Scraping team: Samford Bulldogs (ESPN #2535)
21:15:53 [INFO] HTTP Request: GET https://site.api.espn.com/apis/site/v2/sports/basketball/mens-college-basketball/teams/2535/schedule?season=2026 "HTTP/1.1 200 OK"
21:15:53 [INFO]   Schedule: 30 completed games
21:16:03 [INFO] HTTP Request: GET https://site.api.espn.com/apis/site/v2/sports/basketball/mens-college-basketball/summary?event=401826842 "HTTP/1.1 200 OK"
21:16:14 [INFO] HTTP Request: GET https://site.api.espn.com/apis/site/v2/sports/basketball/mens-college-basketball/summary?event=401829277 "HTTP/1.1 200 OK"
21:16:24 [INFO] HTTP Request: GET https://site.api.espn.com/apis/site/v2/sports/basketball/mens-college-basketball/summary?event=401827004 "HTTP/1.1 200 OK"
21:16:35 [INFO] HTTP Request: GET https://site.api.espn.com/apis/site/v2/sports/basketball/mens-college-basketball/summary?event=401826786 "HTTP/1.1 200 OK"
21:16:46 [INFO] HTTP Request: GET https://site.api.espn.com/apis/site/v2/sports/basketball/mens-college-basketball/summary?event=401824936 "HTTP/1.1 200 OK"
21:16:56 [INFO] HTTP Request: GET https://site.api.espn.com/apis/site/v2/sports/basketball/mens-college-basketball/summary?event=401823228 "HTTP/1.1 200 OK"
21:17:06 [INFO] HTTP Request: GET https://site.api.espn.com/apis/site/v2/sports/basketball/mens-college-basketball/summary?event=401820225 "HTTP/1.1 200 OK"
21:17:17 [INFO] HTTP Request: GET https://site.api.espn.com/apis/site/v2/sports/basketball/mens-college-basketball/summary?event=401829433 "HTTP/1.1 200 OK"
21:17:27 [INFO] HTTP Request: GET https://site.api.espn.com/apis/site/v2/sports/basketball/mens-college-basketball/summary?event=401826951 "HTTP/1.1 200 OK"
21:17:38 [INFO] HTTP Request: GET https://site.api.espn.com/apis/site/v2/sports/basketball/mens-college-basketball/summary?event=401822739 "HTTP/1.1 200 OK"
21:17:48 [INFO] HTTP Request: GET https://site.api.espn.com/apis/site/v2/sports/basketball/mens-college-basketball/summary?event=401829434 "HTTP/1.1 200 OK"
21:17:59 [INFO] HTTP Request: GET https://site.api.espn.com/apis/site/v2/sports/basketball/mens-college-basketball/summary?event=401829435 "HTTP/1.1 200 OK"
21:18:10 [INFO] HTTP Request: GET https://site.api.espn.com/apis/site/v2/sports/basketball/mens-college-basketball/summary?event=401829436 "HTTP/1.1 200 OK"
21:18:20 [INFO] HTTP Request: GET https://site.api.espn.com/apis/site/v2/sports/basketball/mens-college-basketball/summary?event=401809227 "HTTP/1.1 200 OK"
21:18:31 [INFO] HTTP Request: GET https://site.api.espn.com/apis/site/v2/sports/basketball/mens-college-basketball/summary?event=401809231 "HTTP/1.1 200 OK"
21:18:43 [INFO] HTTP Request: GET https://site.api.espn.com/apis/site/v2/sports/basketball/mens-college-basketball/summary?event=401809316 "HTTP/1.1 200 OK"
21:18:54 [INFO] HTTP Request: GET https://site.api.espn.com/apis/site/v2/sports/basketball/mens-college-basketball/summary?event=401809318 "HTTP/1.1 200 OK"
21:19:05 [INFO] HTTP Request: GET https://site.api.espn.com/apis/site/v2/sports/basketball/mens-college-basketball/summary?event=401809323 "HTTP/1.1 200 OK"
21:19:15 [INFO] HTTP Request: GET https://site.api.espn.com/apis/site/v2/sports/basketball/mens-college-basketball/summary?event=401809329 "HTTP/1.1 200 OK"
21:19:27 [INFO] HTTP Request: GET https://site.api.espn.com/apis/site/v2/sports/basketball/mens-college-basketball/summary?event=401809337 "HTTP/1.1 200 OK"
21:19:38 [INFO] HTTP Request: GET https://site.api.espn.com/apis/site/v2/sports/basketball/mens-college-basketball/summary?event=401809339 "HTTP/1.1 200 OK"
21:19:48 [INFO] HTTP Request: GET https://site.api.espn.com/apis/site/v2/sports/basketball/mens-college-basketball/summary?event=401809345 "HTTP/1.1 200 OK"
21:19:59 [INFO] HTTP Request: GET https://site.api.espn.com/apis/site/v2/sports/basketball/mens-college-basketball/summary?event=401809351 "HTTP/1.1 200 OK"
21:20:09 [INFO] HTTP Request: GET https://site.api.espn.com/apis/site/v2/sports/basketball/mens-college-basketball/summary?event=401809357 "HTTP/1.1 200 OK"
21:20:20 [INFO] HTTP Request: GET https://site.api.espn.com/apis/site/v2/sports/basketball/mens-college-basketball/summary?event=401809360 "HTTP/1.1 200 OK"
21:20:30 [INFO] HTTP Request: GET https://site.api.espn.com/apis/site/v2/sports/basketball/mens-college-basketball/summary?event=401809365 "HTTP/1.1 200 OK"
21:20:41 [INFO] HTTP Request: GET https://site.api.espn.com/apis/site/v2/sports/basketball/mens-college-basketball/summary?event=401809369 "HTTP/1.1 200 OK"
21:20:51 [INFO] HTTP Request: GET https://site.api.espn.com/apis/site/v2/sports/basketball/mens-college-basketball/summary?event=401809377 "HTTP/1.1 200 OK"
21:21:02 [INFO] HTTP Request: GET https://site.api.espn.com/apis/site/v2/sports/basketball/mens-college-basketball/summary?event=401809378 "HTTP/1.1 200 OK"
21:21:14 [INFO] HTTP Request: GET https://site.api.espn.com/apis/site/v2/sports/basketball/mens-college-basketball/summary?event=401809387 "HTTP/1.1 200 OK"
21:21:14 [INFO]   Loaded: 30 games, 598 player-game-stat rows
21:21:14 [INFO] 
[6/10] The Citadel Bulldogs
21:21:14 [INFO] Scraping team: The Citadel Bulldogs (ESPN #2643)
21:21:24 [INFO] HTTP Request: GET https://site.api.espn.com/apis/site/v2/sports/basketball/mens-college-basketball/teams/2643/schedule?season=2026 "HTTP/1.1 200 OK"
21:21:24 [INFO]   Schedule: 30 completed games
21:21:35 [INFO] HTTP Request: GET https://site.api.espn.com/apis/site/v2/sports/basketball/mens-college-basketball/summary?event=401829437 "HTTP/1.1 200 OK"
21:21:45 [INFO] HTTP Request: GET https://site.api.espn.com/apis/site/v2/sports/basketball/mens-college-basketball/summary?event=401817212 "HTTP/1.1 200 OK"
21:21:57 [INFO] HTTP Request: GET https://site.api.espn.com/apis/site/v2/sports/basketball/mens-college-basketball/summary?event=401820838 "HTTP/1.1 200 OK"
21:22:07 [INFO] HTTP Request: GET https://site.api.espn.com/apis/site/v2/sports/basketball/mens-college-basketball/summary?event=401825383 "HTTP/1.1 200 OK"
21:22:18 [INFO] HTTP Request: GET https://site.api.espn.com/apis/site/v2/sports/basketball/mens-college-basketball/summary?event=401829438 "HTTP/1.1 200 OK"
21:22:29 [INFO] HTTP Request: GET https://site.api.espn.com/apis/site/v2/sports/basketball/mens-college-basketball/summary?event=401823216 "HTTP/1.1 200 OK"
21:22:40 [INFO] HTTP Request: GET https://site.api.espn.com/apis/site/v2/sports/basketball/mens-college-basketball/summary?event=401828333 "HTTP/1.1 200 OK"
21:22:51 [INFO] HTTP Request: GET https://site.api.espn.com/apis/site/v2/sports/basketball/mens-college-basketball/summary?event=401826942 "HTTP/1.1 200 OK"
21:23:01 [INFO] HTTP Request: GET https://site.api.espn.com/apis/site/v2/sports/basketball/mens-college-basketball/summary?event=401828643 "HTTP/1.1 200 OK"
21:23:12 [INFO] HTTP Request: GET https://site.api.espn.com/apis/site/v2/sports/basketball/mens-college-basketball/summary?event=401829439 "HTTP/1.1 200 OK"
21:23:22 [INFO] HTTP Request: GET https://site.api.espn.com/apis/site/v2/sports/basketball/mens-college-basketball/summary?event=401829424 "HTTP/1.1 200 OK"
21:23:33 [INFO] HTTP Request: GET https://site.api.espn.com/apis/site/v2/sports/basketball/mens-college-basketball/summary?event=401827453 "HTTP/1.1 200 OK"
21:23:43 [INFO] HTTP Request: GET https://site.api.espn.com/apis/site/v2/sports/basketball/mens-college-basketball/summary?event=401817180 "HTTP/1.1 200 OK"
21:23:54 [INFO] HTTP Request: GET https://site.api.espn.com/apis/site/v2/sports/basketball/mens-college-basketball/summary?event=401809224 "HTTP/1.1 200 OK"
21:24:04 [INFO] HTTP Request: GET https://site.api.espn.com/apis/site/v2/sports/basketball/mens-college-basketball/summary?event=401809230 "HTTP/1.1 200 OK"
21:24:15 [INFO] HTTP Request: GET https://site.api.espn.com/apis/site/v2/sports/basketball/mens-college-basketball/summary?event=401809315 "HTTP/1.1 200 OK"
21:24:25 [INFO] HTTP Request: GET https://site.api.espn.com/apis/site/v2/sports/basketball/mens-college-basketball/summary?event=401809322 "HTTP/1.1 200 OK"
21:24:36 [INFO] HTTP Request: GET https://site.api.espn.com/apis/site/v2/sports/basketball/mens-college-basketball/summary?event=401809326 "HTTP/1.1 200 OK"
21:24:47 [INFO] HTTP Request: GET https://site.api.espn.com/apis/site/v2/sports/basketball/mens-college-basketball/summary?event=401809331 "HTTP/1.1 200 OK"
21:24:58 [INFO] HTTP Request: GET https://site.api.espn.com/apis/site/v2/sports/basketball/mens-college-basketball/summary?event=401809335 "HTTP/1.1 200 OK"
21:25:08 [INFO] HTTP Request: GET https://site.api.espn.com/apis/site/v2/sports/basketball/mens-college-basketball/summary?event=401809338 "HTTP/1.1 200 OK"
21:25:19 [INFO] HTTP Request: GET https://site.api.espn.com/apis/site/v2/sports/basketball/mens-college-basketball/summary?event=401809347 "HTTP/1.1 200 OK"
21:25:30 [INFO] HTTP Request: GET https://site.api.espn.com/apis/site/v2/sports/basketball/mens-college-basketball/summary?event=401809350 "HTTP/1.1 200 OK"
21:25:41 [INFO] HTTP Request: GET https://site.api.espn.com/apis/site/v2/sports/basketball/mens-college-basketball/summary?event=401809357 "HTTP/1.1 200 OK"
21:25:52 [INFO] HTTP Request: GET https://site.api.espn.com/apis/site/v2/sports/basketball/mens-college-basketball/summary?event=401809358 "HTTP/1.1 200 OK"
21:26:03 [INFO] HTTP Request: GET https://site.api.espn.com/apis/site/v2/sports/basketball/mens-college-basketball/summary?event=401809367 "HTTP/1.1 200 OK"
21:26:13 [INFO] HTTP Request: GET https://site.api.espn.com/apis/site/v2/sports/basketball/mens-college-basketball/summary?event=401809370 "HTTP/1.1 200 OK"
21:26:24 [INFO] HTTP Request: GET https://site.api.espn.com/apis/site/v2/sports/basketball/mens-college-basketball/summary?event=401809377 "HTTP/1.1 200 OK"
21:26:35 [INFO] HTTP Request: GET https://site.api.espn.com/apis/site/v2/sports/basketball/mens-college-basketball/summary?event=401809379 "HTTP/1.1 200 OK"
21:26:45 [INFO] HTTP Request: GET https://site.api.espn.com/apis/site/v2/sports/basketball/mens-college-basketball/summary?event=401809384 "HTTP/1.1 200 OK"
21:26:45 [INFO]   Loaded: 30 games, 663 player-game-stat rows
21:26:45 [INFO] 
[7/10] UNC Greensboro Spartans
21:26:45 [INFO] Scraping team: UNC Greensboro Spartans (ESPN #2430)
21:26:55 [INFO] HTTP Request: GET https://site.api.espn.com/apis/site/v2/sports/basketball/mens-college-basketball/teams/2430/schedule?season=2026 "HTTP/1.1 200 OK"
21:26:56 [INFO]   Schedule: 30 completed games
21:27:06 [INFO] HTTP Request: GET https://site.api.espn.com/apis/site/v2/sports/basketball/mens-college-basketball/summary?event=401819888 "HTTP/1.1 200 OK"
21:27:17 [INFO] HTTP Request: GET https://site.api.espn.com/apis/site/v2/sports/basketball/mens-college-basketball/summary?event=401827518 "HTTP/1.1 200 OK"
21:27:27 [INFO] HTTP Request: GET https://site.api.espn.com/apis/site/v2/sports/basketball/mens-college-basketball/summary?event=401817254 "HTTP/1.1 200 OK"
21:27:37 [INFO] HTTP Request: GET https://site.api.espn.com/apis/site/v2/sports/basketball/mens-college-basketball/summary?event=401830115 "HTTP/1.1 200 OK"
21:27:48 [INFO] HTTP Request: GET https://site.api.espn.com/apis/site/v2/sports/basketball/mens-college-basketball/summary?event=401823493 "HTTP/1.1 200 OK"
21:27:59 [INFO] HTTP Request: GET https://site.api.espn.com/apis/site/v2/sports/basketball/mens-college-basketball/summary?event=401830116 "HTTP/1.1 200 OK"
21:28:09 [INFO] HTTP Request: GET https://site.api.espn.com/apis/site/v2/sports/basketball/mens-college-basketball/summary?event=401828304 "HTTP/1.1 200 OK"
21:28:20 [INFO] HTTP Request: GET https://site.api.espn.com/apis/site/v2/sports/basketball/mens-college-basketball/summary?event=401830117 "HTTP/1.1 200 OK"
21:28:30 [INFO] HTTP Request: GET https://site.api.espn.com/apis/site/v2/sports/basketball/mens-college-basketball/summary?event=401830118 "HTTP/1.1 200 OK"
21:28:41 [INFO] HTTP Request: GET https://site.api.espn.com/apis/site/v2/sports/basketball/mens-college-basketball/summary?event=401820812 "HTTP/1.1 200 OK"
21:28:52 [INFO] HTTP Request: GET https://site.api.espn.com/apis/site/v2/sports/basketball/mens-college-basketball/summary?event=401830119 "HTTP/1.1 200 OK"
21:29:03 [INFO] HTTP Request: GET https://site.api.espn.com/apis/site/v2/sports/basketball/mens-college-basketball/summary?event=401827530 "HTTP/1.1 200 OK"
21:29:14 [INFO] HTTP Request: GET https://site.api.espn.com/apis/site/v2/sports/basketball/mens-college-basketball/summary?event=401830120 "HTTP/1.1 200 OK"
21:29:25 [INFO] HTTP Request: GET https://site.api.espn.com/apis/site/v2/sports/basketball/mens-college-basketball/summary?event=401809226 "HTTP/1.1 200 OK"
21:29:36 [INFO] HTTP Request: GET https://site.api.espn.com/apis/site/v2/sports/basketball/mens-college-basketball/summary?event=401809231 "HTTP/1.1 200 OK"
21:29:47 [INFO] HTTP Request: GET https://site.api.espn.com/apis/site/v2/sports/basketball/mens-college-basketball/summary?event=401809317 "HTTP/1.1 200 OK"
21:29:58 [INFO] HTTP Request: GET https://site.api.espn.com/apis/site/v2/sports/basketball/mens-college-basketball/summary?event=401809319 "HTTP/1.1 200 OK"
21:30:08 [INFO] HTTP Request: GET https://site.api.espn.com/apis/site/v2/sports/basketball/mens-college-basketball/summary?event=401809326 "HTTP/1.1 200 OK"
21:30:19 [INFO] HTTP Request: GET https://site.api.espn.com/apis/site/v2/sports/basketball/mens-college-basketball/summary?event=401809330 "HTTP/1.1 200 OK"
21:30:30 [INFO] HTTP Request: GET https://site.api.espn.com/apis/site/v2/sports/basketball/mens-college-basketball/summary?event=401809336 "HTTP/1.1 200 OK"
21:30:40 [INFO] HTTP Request: GET https://site.api.espn.com/apis/site/v2/sports/basketball/mens-college-basketball/summary?event=401809340 "HTTP/1.1 200 OK"
21:30:51 [INFO] HTTP Request: GET https://site.api.espn.com/apis/site/v2/sports/basketball/mens-college-basketball/summary?event=401809346 "HTTP/1.1 200 OK"
21:31:02 [INFO] HTTP Request: GET https://site.api.espn.com/apis/site/v2/sports/basketball/mens-college-basketball/summary?event=401809350 "HTTP/1.1 200 OK"
21:31:12 [INFO] HTTP Request: GET https://site.api.espn.com/apis/site/v2/sports/basketball/mens-college-basketball/summary?event=401809354 "HTTP/1.1 200 OK"
21:31:23 [INFO] HTTP Request: GET https://site.api.espn.com/apis/site/v2/sports/basketball/mens-college-basketball/summary?event=401809359 "HTTP/1.1 200 OK"
21:31:34 [INFO] HTTP Request: GET https://site.api.espn.com/apis/site/v2/sports/basketball/mens-college-basketball/summary?event=401809366 "HTTP/1.1 200 OK"
21:31:44 [INFO] HTTP Request: GET https://site.api.espn.com/apis/site/v2/sports/basketball/mens-college-basketball/summary?event=401809371 "HTTP/1.1 200 OK"
21:31:55 [INFO] HTTP Request: GET https://site.api.espn.com/apis/site/v2/sports/basketball/mens-college-basketball/summary?event=401809374 "HTTP/1.1 200 OK"
21:32:05 [INFO] HTTP Request: GET https://site.api.espn.com/apis/site/v2/sports/basketball/mens-college-basketball/summary?event=401809380 "HTTP/1.1 200 OK"
21:32:16 [INFO] HTTP Request: GET https://site.api.espn.com/apis/site/v2/sports/basketball/mens-college-basketball/summary?event=401809386 "HTTP/1.1 200 OK"
21:32:16 [INFO]   Loaded: 30 games, 600 player-game-stat rows
21:32:16 [INFO] 
[8/10] VMI Keydets
21:32:16 [INFO] Scraping team: VMI Keydets (ESPN #2678)
21:32:26 [INFO] HTTP Request: GET https://site.api.espn.com/apis/site/v2/sports/basketball/mens-college-basketball/teams/2678/schedule?season=2026 "HTTP/1.1 200 OK"
21:32:26 [INFO]   Schedule: 30 completed games
21:32:37 [INFO] HTTP Request: GET https://site.api.espn.com/apis/site/v2/sports/basketball/mens-college-basketball/summary?event=401823513 "HTTP/1.1 200 OK"
21:32:48 [INFO] HTTP Request: GET https://site.api.espn.com/apis/site/v2/sports/basketball/mens-college-basketball/summary?event=401823514 "HTTP/1.1 200 OK"
21:32:58 [INFO] HTTP Request: GET https://site.api.espn.com/apis/site/v2/sports/basketball/mens-college-basketball/summary?event=401823515 "HTTP/1.1 200 OK"
21:33:09 [INFO] HTTP Request: GET https://site.api.espn.com/apis/site/v2/sports/basketball/mens-college-basketball/summary?event=401823516 "HTTP/1.1 200 OK"
21:33:20 [INFO] HTTP Request: GET https://site.api.espn.com/apis/site/v2/sports/basketball/mens-college-basketball/summary?event=401823342 "HTTP/1.1 200 OK"
21:33:30 [INFO] HTTP Request: GET https://site.api.espn.com/apis/site/v2/sports/basketball/mens-college-basketball/summary?event=401817175 "HTTP/1.1 200 OK"
21:33:41 [INFO] HTTP Request: GET https://site.api.espn.com/apis/site/v2/sports/basketball/mens-college-basketball/summary?event=401823517 "HTTP/1.1 200 OK"
21:33:56 [INFO] HTTP Request: GET https://site.api.espn.com/apis/site/v2/sports/basketball/mens-college-basketball/summary?event=401823430 "HTTP/1.1 200 OK"
21:34:06 [INFO] HTTP Request: GET https://site.api.espn.com/apis/site/v2/sports/basketball/mens-college-basketball/summary?event=401823421 "HTTP/1.1 200 OK"
21:34:17 [INFO] HTTP Request: GET https://site.api.espn.com/apis/site/v2/sports/basketball/mens-college-basketball/summary?event=401823518 "HTTP/1.1 200 OK"
21:34:28 [INFO] HTTP Request: GET https://site.api.espn.com/apis/site/v2/sports/basketball/mens-college-basketball/summary?event=401823519 "HTTP/1.1 200 OK"
21:34:39 [INFO] HTTP Request: GET https://site.api.espn.com/apis/site/v2/sports/basketball/mens-college-basketball/summary?event=401820191 "HTTP/1.1 200 OK"
21:34:50 [INFO] HTTP Request: GET https://site.api.espn.com/apis/site/v2/sports/basketball/mens-college-basketball/summary?event=401823520 "HTTP/1.1 200 OK"
21:35:00 [INFO] HTTP Request: GET https://site.api.espn.com/apis/site/v2/sports/basketball/mens-college-basketball/summary?event=401809227 "HTTP/1.1 200 OK"
21:35:11 [INFO] HTTP Request: GET https://site.api.espn.com/apis/site/v2/sports/basketball/mens-college-basketball/summary?event=401809232 "HTTP/1.1 200 OK"
21:35:22 [INFO] HTTP Request: GET https://site.api.espn.com/apis/site/v2/sports/basketball/mens-college-basketball/summary?event=401809314 "HTTP/1.1 200 OK"
21:35:33 [INFO] HTTP Request: GET https://site.api.espn.com/apis/site/v2/sports/basketball/mens-college-basketball/summary?event=401809320 "HTTP/1.1 200 OK"
21:35:43 [INFO] HTTP Request: GET https://site.api.espn.com/apis/site/v2/sports/basketball/mens-college-basketball/summary?event=401809327 "HTTP/1.1 200 OK"
21:35:54 [INFO] HTTP Request: GET https://site.api.espn.com/apis/site/v2/sports/basketball/mens-college-basketball/summary?event=401809331 "HTTP/1.1 200 OK"
21:36:04 [INFO] HTTP Request: GET https://site.api.espn.com/apis/site/v2/sports/basketball/mens-college-basketball/summary?event=401809336 "HTTP/1.1 200 OK"
21:36:15 [INFO] HTTP Request: GET https://site.api.espn.com/apis/site/v2/sports/basketball/mens-college-basketball/summary?event=401809341 "HTTP/1.1 200 OK"
21:36:26 [INFO] HTTP Request: GET https://site.api.espn.com/apis/site/v2/sports/basketball/mens-college-basketball/summary?event=401809347 "HTTP/1.1 200 OK"
21:36:36 [INFO] HTTP Request: GET https://site.api.espn.com/apis/site/v2/sports/basketball/mens-college-basketball/summary?event=401809349 "HTTP/1.1 200 OK"
21:36:47 [INFO] HTTP Request: GET https://site.api.espn.com/apis/site/v2/sports/basketball/mens-college-basketball/summary?event=401809355 "HTTP/1.1 200 OK"
21:36:57 [INFO] HTTP Request: GET https://site.api.espn.com/apis/site/v2/sports/basketball/mens-college-basketball/summary?event=401809361 "HTTP/1.1 200 OK"
21:37:08 [INFO] HTTP Request: GET https://site.api.espn.com/apis/site/v2/sports/basketball/mens-college-basketball/summary?event=401809366 "HTTP/1.1 200 OK"
21:37:18 [INFO] HTTP Request: GET https://site.api.espn.com/apis/site/v2/sports/basketball/mens-college-basketball/summary?event=401809372 "HTTP/1.1 200 OK"
21:37:29 [INFO] HTTP Request: GET https://site.api.espn.com/apis/site/v2/sports/basketball/mens-college-basketball/summary?event=401809375 "HTTP/1.1 200 OK"
21:37:41 [INFO] HTTP Request: GET https://site.api.espn.com/apis/site/v2/sports/basketball/mens-college-basketball/summary?event=401809381 "HTTP/1.1 200 OK"
21:37:53 [INFO] HTTP Request: GET https://site.api.espn.com/apis/site/v2/sports/basketball/mens-college-basketball/summary?event=401809387 "HTTP/1.1 200 OK"
21:37:53 [INFO]   Loaded: 30 games, 579 player-game-stat rows
21:37:53 [INFO] 
[9/10] Western Carolina Catamounts
21:37:53 [INFO] Scraping team: Western Carolina Catamounts (ESPN #2717)
21:38:03 [INFO] HTTP Request: GET https://site.api.espn.com/apis/site/v2/sports/basketball/mens-college-basketball/teams/2717/schedule?season=2026 "HTTP/1.1 200 OK"
21:38:03 [INFO]   Schedule: 28 completed games
21:38:14 [INFO] HTTP Request: GET https://site.api.espn.com/apis/site/v2/sports/basketball/mens-college-basketball/summary?event=401819842 "HTTP/1.1 200 OK"
21:38:25 [INFO] HTTP Request: GET https://site.api.espn.com/apis/site/v2/sports/basketball/mens-college-basketball/summary?event=401817229 "HTTP/1.1 200 OK"
21:38:35 [INFO] HTTP Request: GET https://site.api.espn.com/apis/site/v2/sports/basketball/mens-college-basketball/summary?event=401826750 "HTTP/1.1 200 OK"
21:38:46 [INFO] HTTP Request: GET https://site.api.espn.com/apis/site/v2/sports/basketball/mens-college-basketball/summary?event=401825205 "HTTP/1.1 200 OK"
21:38:56 [INFO] HTTP Request: GET https://site.api.espn.com/apis/site/v2/sports/basketball/mens-college-basketball/summary?event=401826751 "HTTP/1.1 200 OK"
21:39:07 [INFO] HTTP Request: GET https://site.api.espn.com/apis/site/v2/sports/basketball/mens-college-basketball/summary?event=401824949 "HTTP/1.1 200 OK"
21:39:17 [INFO] HTTP Request: GET https://site.api.espn.com/apis/site/v2/sports/basketball/mens-college-basketball/summary?event=401826752 "HTTP/1.1 200 OK"
21:39:28 [INFO] HTTP Request: GET https://site.api.espn.com/apis/site/v2/sports/basketball/mens-college-basketball/summary?event=401826753 "HTTP/1.1 200 OK"
21:39:38 [INFO] HTTP Request: GET https://site.api.espn.com/apis/site/v2/sports/basketball/mens-college-basketball/summary?event=401826754 "HTTP/1.1 200 OK"
21:39:49 [INFO] HTTP Request: GET https://site.api.espn.com/apis/site/v2/sports/basketball/mens-college-basketball/summary?event=401817524 "HTTP/1.1 200 OK"
21:40:00 [INFO] HTTP Request: GET https://site.api.espn.com/apis/site/v2/sports/basketball/mens-college-basketball/summary?event=401826775 "HTTP/1.1 200 OK"
21:40:10 [INFO] HTTP Request: GET https://site.api.espn.com/apis/site/v2/sports/basketball/mens-college-basketball/summary?event=401809225 "HTTP/1.1 200 OK"
21:40:21 [INFO] HTTP Request: GET https://site.api.espn.com/apis/site/v2/sports/basketball/mens-college-basketball/summary?event=401809229 "HTTP/1.1 200 OK"
21:40:34 [INFO] HTTP Request: GET https://site.api.espn.com/apis/site/v2/sports/basketball/mens-college-basketball/summary?event=401809316 "HTTP/1.1 200 OK"
21:40:44 [INFO] HTTP Request: GET https://site.api.espn.com/apis/site/v2/sports/basketball/mens-college-basketball/summary?event=401809322 "HTTP/1.1 200 OK"
21:40:56 [INFO] HTTP Request: GET https://site.api.espn.com/apis/site/v2/sports/basketball/mens-college-basketball/summary?event=401809324 "HTTP/1.1 200 OK"
21:41:06 [INFO] HTTP Request: GET https://site.api.espn.com/apis/site/v2/sports/basketball/mens-college-basketball/summary?event=401809332 "HTTP/1.1 200 OK"
21:41:18 [INFO] HTTP Request: GET https://site.api.espn.com/apis/site/v2/sports/basketball/mens-college-basketball/summary?event=401809334 "HTTP/1.1 200 OK"
21:41:29 [INFO] HTTP Request: GET https://site.api.espn.com/apis/site/v2/sports/basketball/mens-college-basketball/summary?event=401809341 "HTTP/1.1 200 OK"
21:41:39 [INFO] HTTP Request: GET https://site.api.espn.com/apis/site/v2/sports/basketball/mens-college-basketball/summary?event=401809344 "HTTP/1.1 200 OK"
21:41:49 [INFO] HTTP Request: GET https://site.api.espn.com/apis/site/v2/sports/basketball/mens-college-basketball/summary?event=401809351 "HTTP/1.1 200 OK"
21:42:00 [INFO] HTTP Request: GET https://site.api.espn.com/apis/site/v2/sports/basketball/mens-college-basketball/summary?event=401809354 "HTTP/1.1 200 OK"
21:42:11 [INFO] HTTP Request: GET https://site.api.espn.com/apis/site/v2/sports/basketball/mens-college-basketball/summary?event=401809362 "HTTP/1.1 200 OK"
21:42:22 [INFO] HTTP Request: GET https://site.api.espn.com/apis/site/v2/sports/basketball/mens-college-basketball/summary?event=401809367 "HTTP/1.1 200 OK"
21:42:32 [INFO] HTTP Request: GET https://site.api.espn.com/apis/site/v2/sports/basketball/mens-college-basketball/summary?event=401809368 "HTTP/1.1 200 OK"
21:42:43 [INFO] HTTP Request: GET https://site.api.espn.com/apis/site/v2/sports/basketball/mens-college-basketball/summary?event=401809374 "HTTP/1.1 200 OK"
21:42:54 [INFO] HTTP Request: GET https://site.api.espn.com/apis/site/v2/sports/basketball/mens-college-basketball/summary?event=401809381 "HTTP/1.1 200 OK"
21:43:04 [INFO] HTTP Request: GET https://site.api.espn.com/apis/site/v2/sports/basketball/mens-college-basketball/summary?event=401809385 "HTTP/1.1 200 OK"
21:43:04 [INFO]   Loaded: 28 games, 572 player-game-stat rows
21:43:04 [INFO] 
[10/10] Wofford Terriers
21:43:04 [INFO] Scraping team: Wofford Terriers (ESPN #2747)
21:43:15 [INFO] HTTP Request: GET https://site.api.espn.com/apis/site/v2/sports/basketball/mens-college-basketball/teams/2747/schedule?season=2026 "HTTP/1.1 200 OK"
21:43:15 [INFO]   Schedule: 30 completed games
21:43:26 [INFO] HTTP Request: GET https://site.api.espn.com/apis/site/v2/sports/basketball/mens-college-basketball/summary?event=401826697 "HTTP/1.1 200 OK"
21:43:36 [INFO] HTTP Request: GET https://site.api.espn.com/apis/site/v2/sports/basketball/mens-college-basketball/summary?event=401822309 "HTTP/1.1 200 OK"
21:43:47 [INFO] HTTP Request: GET https://site.api.espn.com/apis/site/v2/sports/basketball/mens-college-basketball/summary?event=401823476 "HTTP/1.1 200 OK"
21:43:59 [INFO] HTTP Request: GET https://site.api.espn.com/apis/site/v2/sports/basketball/mens-college-basketball/summary?event=401823215 "HTTP/1.1 200 OK"
21:44:09 [INFO] HTTP Request: GET https://site.api.espn.com/apis/site/v2/sports/basketball/mens-college-basketball/summary?event=401823444 "HTTP/1.1 200 OK"
21:44:20 [INFO] HTTP Request: GET https://site.api.espn.com/apis/site/v2/sports/basketball/mens-college-basketball/summary?event=401829440 "HTTP/1.1 200 OK"
21:44:31 [INFO] HTTP Request: GET https://site.api.espn.com/apis/site/v2/sports/basketball/mens-college-basketball/summary?event=401823387 "HTTP/1.1 200 OK"
21:44:41 [INFO] HTTP Request: GET https://site.api.espn.com/apis/site/v2/sports/basketball/mens-college-basketball/summary?event=401828545 "HTTP/1.1 200 OK"
21:44:52 [INFO] HTTP Request: GET https://site.api.espn.com/apis/site/v2/sports/basketball/mens-college-basketball/summary?event=401826943 "HTTP/1.1 200 OK"
21:45:02 [INFO] HTTP Request: GET https://site.api.espn.com/apis/site/v2/sports/basketball/mens-college-basketball/summary?event=401827519 "HTTP/1.1 200 OK"
21:45:13 [INFO] HTTP Request: GET https://site.api.espn.com/apis/site/v2/sports/basketball/mens-college-basketball/summary?event=401826972 "HTTP/1.1 200 OK"
21:45:24 [INFO] HTTP Request: GET https://site.api.espn.com/apis/site/v2/sports/basketball/mens-college-basketball/summary?event=401826883 "HTTP/1.1 200 OK"
21:45:35 [INFO] HTTP Request: GET https://site.api.espn.com/apis/site/v2/sports/basketball/mens-college-basketball/summary?event=401829441 "HTTP/1.1 200 OK"
21:45:45 [INFO] HTTP Request: GET https://site.api.espn.com/apis/site/v2/sports/basketball/mens-college-basketball/summary?event=401809225 "HTTP/1.1 200 OK"
21:45:56 [INFO] HTTP Request: GET https://site.api.espn.com/apis/site/v2/sports/basketball/mens-college-basketball/summary?event=401809230 "HTTP/1.1 200 OK"
21:46:07 [INFO] HTTP Request: GET https://site.api.espn.com/apis/site/v2/sports/basketball/mens-college-basketball/summary?event=401809317 "HTTP/1.1 200 OK"
21:46:17 [INFO] HTTP Request: GET https://site.api.espn.com/apis/site/v2/sports/basketball/mens-college-basketball/summary?event=401809321 "HTTP/1.1 200 OK"
21:46:28 [INFO] HTTP Request: GET https://site.api.espn.com/apis/site/v2/sports/basketball/mens-college-basketball/summary?event=401809325 "HTTP/1.1 200 OK"
21:46:39 [INFO] HTTP Request: GET https://site.api.espn.com/apis/site/v2/sports/basketball/mens-college-basketball/summary?event=401809328 "HTTP/1.1 200 OK"
21:46:49 [INFO] HTTP Request: GET https://site.api.espn.com/apis/site/v2/sports/basketball/mens-college-basketball/summary?event=401809337 "HTTP/1.1 200 OK"
21:47:00 [INFO] HTTP Request: GET https://site.api.espn.com/apis/site/v2/sports/basketball/mens-college-basketball/summary?event=401809342 "HTTP/1.1 200 OK"
21:47:10 [INFO] HTTP Request: GET https://site.api.espn.com/apis/site/v2/sports/basketball/mens-college-basketball/summary?event=401809343 "HTTP/1.1 200 OK"
21:47:21 [INFO] HTTP Request: GET https://site.api.espn.com/apis/site/v2/sports/basketball/mens-college-basketball/summary?event=401809352 "HTTP/1.1 200 OK"
21:47:36 [INFO] HTTP Request: GET https://site.api.espn.com/apis/site/v2/sports/basketball/mens-college-basketball/summary?event=401809355 "HTTP/1.1 200 OK"
21:47:47 [INFO] HTTP Request: GET https://site.api.espn.com/apis/site/v2/sports/basketball/mens-college-basketball/summary?event=401809362 "HTTP/1.1 200 OK"
21:48:04 [INFO] HTTP Request: GET https://site.api.espn.com/apis/site/v2/sports/basketball/mens-college-basketball/summary?event=401809365 "HTTP/1.1 200 OK"
21:48:14 [INFO] HTTP Request: GET https://site.api.espn.com/apis/site/v2/sports/basketball/mens-college-basketball/summary?event=401809371 "HTTP/1.1 200 OK"
21:48:31 [INFO] HTTP Request: GET https://site.api.espn.com/apis/site/v2/sports/basketball/mens-college-basketball/summary?event=401809375 "HTTP/1.1 200 OK"
21:48:48 [INFO] HTTP Request: GET https://site.api.espn.com/apis/site/v2/sports/basketball/mens-college-basketball/summary?event=401809382 "HTTP/1.1 200 OK"
21:49:00 [INFO] HTTP Request: GET https://site.api.espn.com/apis/site/v2/sports/basketball/mens-college-basketball/summary?event=401809383 "HTTP/1.1 200 OK"
21:49:00 [INFO]   Loaded: 30 games, 579 player-game-stat rows
21:49:00 [INFO] 
============================================================
21:49:00 [INFO]   BATCH COMPLETE: 10 teams, 298 games, 5971 PGS rows
21:49:00 [INFO] ============================================================

============================================================
  ESPN BATCH — FINAL SUMMARY
============================================================
  Total teams:                3082
  Total players:              30371
  Total games:                17216
  Total player_game_stats:    456174
============================================================
