10:10:41 [INFO] Batch: 14 NCAA D1 teams via ESPN
10:10:41 [INFO] 
[1/14] App State Mountaineers
10:10:41 [INFO] Scraping team: App State Mountaineers (ESPN #2026)
10:10:43 [INFO] HTTP Request: GET https://site.api.espn.com/apis/site/v2/sports/basketball/mens-college-basketball/teams/2026/schedule?season=2026 "HTTP/1.1 200 OK"
10:10:43 [INFO]   Schedule: 31 completed games
10:10:54 [INFO] HTTP Request: GET https://site.api.espn.com/apis/site/v2/sports/basketball/mens-college-basketball/summary?event=401823454 "HTTP/1.1 200 OK"
10:11:04 [INFO] HTTP Request: GET https://site.api.espn.com/apis/site/v2/sports/basketball/mens-college-basketball/summary?event=401826731 "HTTP/1.1 200 OK"
10:11:15 [INFO] HTTP Request: GET https://site.api.espn.com/apis/site/v2/sports/basketball/mens-college-basketball/summary?event=401826732 "HTTP/1.1 200 OK"
10:11:25 [INFO] HTTP Request: GET https://site.api.espn.com/apis/site/v2/sports/basketball/mens-college-basketball/summary?event=401826733 "HTTP/1.1 200 OK"
10:11:35 [INFO] HTTP Request: GET https://site.api.espn.com/apis/site/v2/sports/basketball/mens-college-basketball/summary?event=401830742 "HTTP/1.1 200 OK"
10:11:46 [INFO] HTTP Request: GET https://site.api.espn.com/apis/site/v2/sports/basketball/mens-college-basketball/summary?event=401820799 "HTTP/1.1 200 OK"
10:11:56 [INFO] HTTP Request: GET https://site.api.espn.com/apis/site/v2/sports/basketball/mens-college-basketball/summary?event=401826734 "HTTP/1.1 200 OK"
10:12:06 [INFO] HTTP Request: GET https://site.api.espn.com/apis/site/v2/sports/basketball/mens-college-basketball/summary?event=401823487 "HTTP/1.1 200 OK"
10:12:17 [INFO] HTTP Request: GET https://site.api.espn.com/apis/site/v2/sports/basketball/mens-college-basketball/summary?event=401826735 "HTTP/1.1 200 OK"
10:12:27 [INFO] HTTP Request: GET https://site.api.espn.com/apis/site/v2/sports/basketball/mens-college-basketball/summary?event=401826736 "HTTP/1.1 200 OK"
10:12:37 [INFO] HTTP Request: GET https://site.api.espn.com/apis/site/v2/sports/basketball/mens-college-basketball/summary?event=401820813 "HTTP/1.1 200 OK"
10:12:48 [INFO] HTTP Request: GET https://site.api.espn.com/apis/site/v2/sports/basketball/mens-college-basketball/summary?event=401826737 "HTTP/1.1 200 OK"
10:12:58 [INFO] HTTP Request: GET https://site.api.espn.com/apis/site/v2/sports/basketball/mens-college-basketball/summary?event=401808579 "HTTP/1.1 200 OK"
10:13:09 [INFO] HTTP Request: GET https://site.api.espn.com/apis/site/v2/sports/basketball/mens-college-basketball/summary?event=401808581 "HTTP/1.1 200 OK"
10:13:19 [INFO] HTTP Request: GET https://site.api.espn.com/apis/site/v2/sports/basketball/mens-college-basketball/summary?event=401808588 "HTTP/1.1 200 OK"
10:13:29 [INFO] HTTP Request: GET https://site.api.espn.com/apis/site/v2/sports/basketball/mens-college-basketball/summary?event=401808594 "HTTP/1.1 200 OK"
10:13:40 [INFO] HTTP Request: GET https://site.api.espn.com/apis/site/v2/sports/basketball/mens-college-basketball/summary?event=401808604 "HTTP/1.1 200 OK"
10:13:51 [INFO] HTTP Request: GET https://site.api.espn.com/apis/site/v2/sports/basketball/mens-college-basketball/summary?event=401808607 "HTTP/1.1 200 OK"
10:14:01 [INFO] HTTP Request: GET https://site.api.espn.com/apis/site/v2/sports/basketball/mens-college-basketball/summary?event=401808617 "HTTP/1.1 200 OK"
10:14:11 [INFO] HTTP Request: GET https://site.api.espn.com/apis/site/v2/sports/basketball/mens-college-basketball/summary?event=401808620 "HTTP/1.1 200 OK"
10:14:22 [INFO] HTTP Request: GET https://site.api.espn.com/apis/site/v2/sports/basketball/mens-college-basketball/summary?event=401808628 "HTTP/1.1 200 OK"
10:14:32 [INFO] HTTP Request: GET https://site.api.espn.com/apis/site/v2/sports/basketball/mens-college-basketball/summary?event=401808634 "HTTP/1.1 200 OK"
10:14:42 [INFO] HTTP Request: GET https://site.api.espn.com/apis/site/v2/sports/basketball/mens-college-basketball/summary?event=401808643 "HTTP/1.1 200 OK"
10:14:53 [INFO] HTTP Request: GET https://site.api.espn.com/apis/site/v2/sports/basketball/mens-college-basketball/summary?event=401808648 "HTTP/1.1 200 OK"
10:15:03 [INFO] HTTP Request: GET https://site.api.espn.com/apis/site/v2/sports/basketball/mens-college-basketball/summary?event=401808655 "HTTP/1.1 200 OK"
10:15:13 [INFO] HTTP Request: GET https://site.api.espn.com/apis/site/v2/sports/basketball/mens-college-basketball/summary?event=401845836 "HTTP/1.1 200 OK"
10:15:24 [INFO] HTTP Request: GET https://site.api.espn.com/apis/site/v2/sports/basketball/mens-college-basketball/summary?event=401808662 "HTTP/1.1 200 OK"
10:15:34 [INFO] HTTP Request: GET https://site.api.espn.com/apis/site/v2/sports/basketball/mens-college-basketball/summary?event=401808669 "HTTP/1.1 200 OK"
10:15:44 [INFO] HTTP Request: GET https://site.api.espn.com/apis/site/v2/sports/basketball/mens-college-basketball/summary?event=401808677 "HTTP/1.1 200 OK"
10:15:55 [INFO] HTTP Request: GET https://site.api.espn.com/apis/site/v2/sports/basketball/mens-college-basketball/summary?event=401808681 "HTTP/1.1 200 OK"
10:16:05 [INFO] HTTP Request: GET https://site.api.espn.com/apis/site/v2/sports/basketball/mens-college-basketball/summary?event=401808697 "HTTP/1.1 200 OK"
10:16:05 [INFO]   Loaded: 31 games, 592 player-game-stat rows
10:16:05 [INFO] 
[2/14] Arkansas State Red Wolves
10:16:05 [INFO] Scraping team: Arkansas State Red Wolves (ESPN #2032)
10:16:16 [INFO] HTTP Request: GET https://site.api.espn.com/apis/site/v2/sports/basketball/mens-college-basketball/teams/2032/schedule?season=2026 "HTTP/1.1 200 OK"
10:16:16 [INFO]   Schedule: 31 completed games
10:16:30 [INFO] HTTP Request: GET https://site.api.espn.com/apis/site/v2/sports/basketball/mens-college-basketball/summary?event=401829048 "HTTP/1.1 200 OK"
10:16:40 [INFO] HTTP Request: GET https://site.api.espn.com/apis/site/v2/sports/basketball/mens-college-basketball/summary?event=401829448 "HTTP/1.1 200 OK"
10:16:51 [INFO] HTTP Request: GET https://site.api.espn.com/apis/site/v2/sports/basketball/mens-college-basketball/summary?event=401823323 "HTTP/1.1 200 OK"
10:17:01 [INFO] HTTP Request: GET https://site.api.espn.com/apis/site/v2/sports/basketball/mens-college-basketball/summary?event=401829483 "HTTP/1.1 200 OK"
10:17:11 [INFO] HTTP Request: GET https://site.api.espn.com/apis/site/v2/sports/basketball/mens-college-basketball/summary?event=401829484 "HTTP/1.1 200 OK"
10:17:22 [INFO] HTTP Request: GET https://site.api.espn.com/apis/site/v2/sports/basketball/mens-college-basketball/summary?event=401817457 "HTTP/1.1 200 OK"
10:17:32 [INFO] HTTP Request: GET https://site.api.espn.com/apis/site/v2/sports/basketball/mens-college-basketball/summary?event=401828310 "HTTP/1.1 200 OK"
10:17:43 [INFO] HTTP Request: GET https://site.api.espn.com/apis/site/v2/sports/basketball/mens-college-basketball/summary?event=401829463 "HTTP/1.1 200 OK"
10:17:54 [INFO] HTTP Request: GET https://site.api.espn.com/apis/site/v2/sports/basketball/mens-college-basketball/summary?event=401823871 "HTTP/1.1 200 OK"
10:18:04 [INFO] HTTP Request: GET https://site.api.espn.com/apis/site/v2/sports/basketball/mens-college-basketball/summary?event=401825189 "HTTP/1.1 200 OK"
10:18:15 [INFO] HTTP Request: GET https://site.api.espn.com/apis/site/v2/sports/basketball/mens-college-basketball/summary?event=401826810 "HTTP/1.1 200 OK"
10:18:25 [INFO] HTTP Request: GET https://site.api.espn.com/apis/site/v2/sports/basketball/mens-college-basketball/summary?event=401808575 "HTTP/1.1 200 OK"
10:18:36 [INFO] HTTP Request: GET https://site.api.espn.com/apis/site/v2/sports/basketball/mens-college-basketball/summary?event=401808584 "HTTP/1.1 200 OK"
10:18:46 [INFO] HTTP Request: GET https://site.api.espn.com/apis/site/v2/sports/basketball/mens-college-basketball/summary?event=401829485 "HTTP/1.1 200 OK"
10:18:56 [INFO] HTTP Request: GET https://site.api.espn.com/apis/site/v2/sports/basketball/mens-college-basketball/summary?event=401808597 "HTTP/1.1 200 OK"
10:19:07 [INFO] HTTP Request: GET https://site.api.espn.com/apis/site/v2/sports/basketball/mens-college-basketball/summary?event=401808602 "HTTP/1.1 200 OK"
10:19:17 [INFO] HTTP Request: GET https://site.api.espn.com/apis/site/v2/sports/basketball/mens-college-basketball/summary?event=401808611 "HTTP/1.1 200 OK"
10:19:28 [INFO] HTTP Request: GET https://site.api.espn.com/apis/site/v2/sports/basketball/mens-college-basketball/summary?event=401808619 "HTTP/1.1 200 OK"
10:19:39 [INFO] HTTP Request: GET https://site.api.espn.com/apis/site/v2/sports/basketball/mens-college-basketball/summary?event=401808626 "HTTP/1.1 200 OK"
10:19:50 [INFO] HTTP Request: GET https://site.api.espn.com/apis/site/v2/sports/basketball/mens-college-basketball/summary?event=401808630 "HTTP/1.1 200 OK"
10:20:00 [INFO] HTTP Request: GET https://site.api.espn.com/apis/site/v2/sports/basketball/mens-college-basketball/summary?event=401808637 "HTTP/1.1 200 OK"
10:20:10 [INFO] HTTP Request: GET https://site.api.espn.com/apis/site/v2/sports/basketball/mens-college-basketball/summary?event=401808641 "HTTP/1.1 200 OK"
10:20:21 [INFO] HTTP Request: GET https://site.api.espn.com/apis/site/v2/sports/basketball/mens-college-basketball/summary?event=401808653 "HTTP/1.1 200 OK"
10:20:31 [INFO] HTTP Request: GET https://site.api.espn.com/apis/site/v2/sports/basketball/mens-college-basketball/summary?event=401808656 "HTTP/1.1 200 OK"
10:20:42 [INFO] HTTP Request: GET https://site.api.espn.com/apis/site/v2/sports/basketball/mens-college-basketball/summary?event=401845837 "HTTP/1.1 200 OK"
10:20:53 [INFO] HTTP Request: GET https://site.api.espn.com/apis/site/v2/sports/basketball/mens-college-basketball/summary?event=401808664 "HTTP/1.1 200 OK"
10:21:05 [INFO] HTTP Request: GET https://site.api.espn.com/apis/site/v2/sports/basketball/mens-college-basketball/summary?event=401808672 "HTTP/1.1 200 OK"
10:21:15 [INFO] HTTP Request: GET https://site.api.espn.com/apis/site/v2/sports/basketball/mens-college-basketball/summary?event=401808679 "HTTP/1.1 200 OK"
10:21:25 [INFO] HTTP Request: GET https://site.api.espn.com/apis/site/v2/sports/basketball/mens-college-basketball/summary?event=401808687 "HTTP/1.1 200 OK"
10:21:36 [INFO] HTTP Request: GET https://site.api.espn.com/apis/site/v2/sports/basketball/mens-college-basketball/summary?event=401808690 "HTTP/1.1 200 OK"
10:21:46 [INFO] HTTP Request: GET https://site.api.espn.com/apis/site/v2/sports/basketball/mens-college-basketball/summary?event=401808698 "HTTP/1.1 200 OK"
10:21:46 [INFO]   Loaded: 31 games, 620 player-game-stat rows
10:21:46 [INFO] 
[3/14] Coastal Carolina Chanticleers
10:21:46 [INFO] Scraping team: Coastal Carolina Chanticleers (ESPN #324)
10:21:56 [INFO] HTTP Request: GET https://site.api.espn.com/apis/site/v2/sports/basketball/mens-college-basketball/teams/324/schedule?season=2026 "HTTP/1.1 200 OK"
10:21:56 [INFO]   Schedule: 31 completed games
10:22:07 [INFO] HTTP Request: GET https://site.api.espn.com/apis/site/v2/sports/basketball/mens-college-basketball/summary?event=401829052 "HTTP/1.1 200 OK"
10:22:17 [INFO] HTTP Request: GET https://site.api.espn.com/apis/site/v2/sports/basketball/mens-college-basketball/summary?event=401829486 "HTTP/1.1 200 OK"
10:22:27 [INFO] HTTP Request: GET https://site.api.espn.com/apis/site/v2/sports/basketball/mens-college-basketball/summary?event=401827066 "HTTP/1.1 200 OK"
10:22:38 [INFO] HTTP Request: GET https://site.api.espn.com/apis/site/v2/sports/basketball/mens-college-basketball/summary?event=401828308 "HTTP/1.1 200 OK"
10:22:48 [INFO] HTTP Request: GET https://site.api.espn.com/apis/site/v2/sports/basketball/mens-college-basketball/summary?event=401829487 "HTTP/1.1 200 OK"
10:22:59 [INFO] HTTP Request: GET https://site.api.espn.com/apis/site/v2/sports/basketball/mens-college-basketball/summary?event=401829457 "HTTP/1.1 200 OK"
10:23:09 [INFO] HTTP Request: GET https://site.api.espn.com/apis/site/v2/sports/basketball/mens-college-basketball/summary?event=401813258 "HTTP/1.1 200 OK"
10:23:19 [INFO] HTTP Request: GET https://site.api.espn.com/apis/site/v2/sports/basketball/mens-college-basketball/summary?event=401827174 "HTTP/1.1 200 OK"
10:23:29 [INFO] HTTP Request: GET https://site.api.espn.com/apis/site/v2/sports/basketball/mens-college-basketball/summary?event=401827063 "HTTP/1.1 200 OK"
10:23:40 [INFO] HTTP Request: GET https://site.api.espn.com/apis/site/v2/sports/basketball/mens-college-basketball/summary?event=401827070 "HTTP/1.1 200 OK"
10:23:50 [INFO] HTTP Request: GET https://site.api.espn.com/apis/site/v2/sports/basketball/mens-college-basketball/summary?event=401823790 "HTTP/1.1 200 OK"
10:24:00 [INFO] HTTP Request: GET https://site.api.espn.com/apis/site/v2/sports/basketball/mens-college-basketball/summary?event=401808579 "HTTP/1.1 200 OK"
10:24:11 [INFO] HTTP Request: GET https://site.api.espn.com/apis/site/v2/sports/basketball/mens-college-basketball/summary?event=401808583 "HTTP/1.1 200 OK"
10:24:21 [INFO] HTTP Request: GET https://site.api.espn.com/apis/site/v2/sports/basketball/mens-college-basketball/summary?event=401822672 "HTTP/1.1 200 OK"
10:24:32 [INFO] HTTP Request: GET https://site.api.espn.com/apis/site/v2/sports/basketball/mens-college-basketball/summary?event=401808592 "HTTP/1.1 200 OK"
10:24:42 [INFO] HTTP Request: GET https://site.api.espn.com/apis/site/v2/sports/basketball/mens-college-basketball/summary?event=401808596 "HTTP/1.1 200 OK"
10:24:53 [INFO] HTTP Request: GET https://site.api.espn.com/apis/site/v2/sports/basketball/mens-college-basketball/summary?event=401808603 "HTTP/1.1 200 OK"
10:25:03 [INFO] HTTP Request: GET https://site.api.espn.com/apis/site/v2/sports/basketball/mens-college-basketball/summary?event=401808607 "HTTP/1.1 200 OK"
10:25:14 [INFO] HTTP Request: GET https://site.api.espn.com/apis/site/v2/sports/basketball/mens-college-basketball/summary?event=401808614 "HTTP/1.1 200 OK"
10:25:24 [INFO] HTTP Request: GET https://site.api.espn.com/apis/site/v2/sports/basketball/mens-college-basketball/summary?event=401808622 "HTTP/1.1 200 OK"
10:25:34 [INFO] HTTP Request: GET https://site.api.espn.com/apis/site/v2/sports/basketball/mens-college-basketball/summary?event=401808629 "HTTP/1.1 200 OK"
10:25:45 [INFO] HTTP Request: GET https://site.api.espn.com/apis/site/v2/sports/basketball/mens-college-basketball/summary?event=401808635 "HTTP/1.1 200 OK"
10:25:55 [INFO] HTTP Request: GET https://site.api.espn.com/apis/site/v2/sports/basketball/mens-college-basketball/summary?event=401808644 "HTTP/1.1 200 OK"
10:26:05 [INFO] HTTP Request: GET https://site.api.espn.com/apis/site/v2/sports/basketball/mens-college-basketball/summary?event=401808649 "HTTP/1.1 200 OK"
10:26:16 [INFO] HTTP Request: GET https://site.api.espn.com/apis/site/v2/sports/basketball/mens-college-basketball/summary?event=401808656 "HTTP/1.1 200 OK"
10:26:26 [INFO] HTTP Request: GET https://site.api.espn.com/apis/site/v2/sports/basketball/mens-college-basketball/summary?event=401845838 "HTTP/1.1 200 OK"
10:26:37 [INFO] HTTP Request: GET https://site.api.espn.com/apis/site/v2/sports/basketball/mens-college-basketball/summary?event=401808667 "HTTP/1.1 200 OK"
10:26:47 [INFO] HTTP Request: GET https://site.api.espn.com/apis/site/v2/sports/basketball/mens-college-basketball/summary?event=401808675 "HTTP/1.1 200 OK"
10:26:57 [INFO] HTTP Request: GET https://site.api.espn.com/apis/site/v2/sports/basketball/mens-college-basketball/summary?event=401808682 "HTTP/1.1 200 OK"
10:27:14 [INFO] HTTP Request: GET https://site.api.espn.com/apis/site/v2/sports/basketball/mens-college-basketball/summary?event=401808688 "HTTP/1.1 200 OK"
10:27:24 [INFO] HTTP Request: GET https://site.api.espn.com/apis/site/v2/sports/basketball/mens-college-basketball/summary?event=401808695 "HTTP/1.1 200 OK"
10:27:24 [INFO]   Loaded: 31 games, 628 player-game-stat rows
10:27:24 [INFO] 
[4/14] Georgia Southern Eagles
10:27:24 [INFO] Scraping team: Georgia Southern Eagles (ESPN #290)
10:27:34 [INFO] HTTP Request: GET https://site.api.espn.com/apis/site/v2/sports/basketball/mens-college-basketball/teams/290/schedule?season=2026 "HTTP/1.1 200 OK"
10:27:35 [INFO]   Schedule: 31 completed games
10:27:45 [INFO] HTTP Request: GET https://site.api.espn.com/apis/site/v2/sports/basketball/mens-college-basketball/summary?event=401820806 "HTTP/1.1 200 OK"
10:27:56 [INFO] HTTP Request: GET https://site.api.espn.com/apis/site/v2/sports/basketball/mens-college-basketball/summary?event=401829488 "HTTP/1.1 200 OK"
10:28:06 [INFO] HTTP Request: GET https://site.api.espn.com/apis/site/v2/sports/basketball/mens-college-basketball/summary?event=401823226 "HTTP/1.1 200 OK"
10:32:49 [INFO] HTTP Request: GET https://site.api.espn.com/apis/site/v2/sports/basketball/mens-college-basketball/summary?event=401829489 "HTTP/1.1 200 OK"
10:33:00 [INFO] HTTP Request: GET https://site.api.espn.com/apis/site/v2/sports/basketball/mens-college-basketball/summary?event=401826714 "HTTP/1.1 200 OK"
10:33:53 [ERROR] Request failed: https://site.api.espn.com/apis/site/v2/sports/basketball/mens-college-basketball/summary — EOF occurred in violation of protocol (_ssl.c:1129)
10:34:03 [INFO] HTTP Request: GET https://site.api.espn.com/apis/site/v2/sports/basketball/mens-college-basketball/summary?event=401829490 "HTTP/1.1 200 OK"
10:38:51 [INFO] HTTP Request: GET https://site.api.espn.com/apis/site/v2/sports/basketball/mens-college-basketball/summary?event=401829491 "HTTP/1.1 200 OK"
10:39:04 [INFO] HTTP Request: GET https://site.api.espn.com/apis/site/v2/sports/basketball/mens-college-basketball/summary?event=401828334 "HTTP/1.1 200 OK"
10:39:14 [INFO] HTTP Request: GET https://site.api.espn.com/apis/site/v2/sports/basketball/mens-college-basketball/summary?event=401826901 "HTTP/1.1 200 OK"
10:39:25 [INFO] HTTP Request: GET https://site.api.espn.com/apis/site/v2/sports/basketball/mens-college-basketball/summary?event=401826970 "HTTP/1.1 200 OK"
10:39:35 [INFO] HTTP Request: GET https://site.api.espn.com/apis/site/v2/sports/basketball/mens-college-basketball/summary?event=401829492 "HTTP/1.1 200 OK"
10:39:47 [INFO] HTTP Request: GET https://site.api.espn.com/apis/site/v2/sports/basketball/mens-college-basketball/summary?event=401825389 "HTTP/1.1 200 OK"
10:39:57 [INFO] HTTP Request: GET https://site.api.espn.com/apis/site/v2/sports/basketball/mens-college-basketball/summary?event=401808576 "HTTP/1.1 200 OK"
10:40:08 [INFO] HTTP Request: GET https://site.api.espn.com/apis/site/v2/sports/basketball/mens-college-basketball/summary?event=401808582 "HTTP/1.1 200 OK"
10:40:18 [INFO] HTTP Request: GET https://site.api.espn.com/apis/site/v2/sports/basketball/mens-college-basketball/summary?event=401808592 "HTTP/1.1 200 OK"
10:40:28 [INFO] HTTP Request: GET https://site.api.espn.com/apis/site/v2/sports/basketball/mens-college-basketball/summary?event=401808595 "HTTP/1.1 200 OK"
10:40:39 [INFO] HTTP Request: GET https://site.api.espn.com/apis/site/v2/sports/basketball/mens-college-basketball/summary?event=401808610 "HTTP/1.1 200 OK"
10:40:49 [INFO] HTTP Request: GET https://site.api.espn.com/apis/site/v2/sports/basketball/mens-college-basketball/summary?event=401808618 "HTTP/1.1 200 OK"
10:40:59 [INFO] HTTP Request: GET https://site.api.espn.com/apis/site/v2/sports/basketball/mens-college-basketball/summary?event=401808622 "HTTP/1.1 200 OK"
10:41:10 [INFO] HTTP Request: GET https://site.api.espn.com/apis/site/v2/sports/basketball/mens-college-basketball/summary?event=401808630 "HTTP/1.1 200 OK"
10:41:20 [INFO] HTTP Request: GET https://site.api.espn.com/apis/site/v2/sports/basketball/mens-college-basketball/summary?event=401808636 "HTTP/1.1 200 OK"
10:41:31 [INFO] HTTP Request: GET https://site.api.espn.com/apis/site/v2/sports/basketball/mens-college-basketball/summary?event=401858731 "HTTP/1.1 200 OK"
10:41:41 [INFO] HTTP Request: GET https://site.api.espn.com/apis/site/v2/sports/basketball/mens-college-basketball/summary?event=401808650 "HTTP/1.1 200 OK"
10:41:51 [INFO] HTTP Request: GET https://site.api.espn.com/apis/site/v2/sports/basketball/mens-college-basketball/summary?event=401808657 "HTTP/1.1 200 OK"
10:42:02 [INFO] HTTP Request: GET https://site.api.espn.com/apis/site/v2/sports/basketball/mens-college-basketball/summary?event=401808662 "HTTP/1.1 200 OK"
10:42:12 [INFO] HTTP Request: GET https://site.api.espn.com/apis/site/v2/sports/basketball/mens-college-basketball/summary?event=401808671 "HTTP/1.1 200 OK"
10:42:22 [INFO] HTTP Request: GET https://site.api.espn.com/apis/site/v2/sports/basketball/mens-college-basketball/summary?event=401808678 "HTTP/1.1 200 OK"
10:42:33 [INFO] HTTP Request: GET https://site.api.espn.com/apis/site/v2/sports/basketball/mens-college-basketball/summary?event=401808681 "HTTP/1.1 200 OK"
10:42:43 [INFO] HTTP Request: GET https://site.api.espn.com/apis/site/v2/sports/basketball/mens-college-basketball/summary?event=401808692 "HTTP/1.1 200 OK"
10:42:53 [INFO] HTTP Request: GET https://site.api.espn.com/apis/site/v2/sports/basketball/mens-college-basketball/summary?event=401808696 "HTTP/1.1 200 OK"
10:42:53 [INFO]   Loaded: 30 games, 592 player-game-stat rows
10:42:53 [INFO] 
[5/14] Georgia State Panthers
10:42:53 [INFO] Scraping team: Georgia State Panthers (ESPN #2247)
10:43:18 [INFO] HTTP Request: GET https://site.api.espn.com/apis/site/v2/sports/basketball/mens-college-basketball/teams/2247/schedule?season=2026 "HTTP/1.1 200 OK"
10:43:18 [INFO]   Schedule: 31 completed games
10:43:29 [INFO] HTTP Request: GET https://site.api.espn.com/apis/site/v2/sports/basketball/mens-college-basketball/summary?event=401827734 "HTTP/1.1 200 OK"
10:43:39 [INFO] HTTP Request: GET https://site.api.espn.com/apis/site/v2/sports/basketball/mens-college-basketball/summary?event=401819843 "HTTP/1.1 200 OK"
10:43:50 [INFO] HTTP Request: GET https://site.api.espn.com/apis/site/v2/sports/basketball/mens-college-basketball/summary?event=401826938 "HTTP/1.1 200 OK"
10:44:00 [INFO] HTTP Request: GET https://site.api.espn.com/apis/site/v2/sports/basketball/mens-college-basketball/summary?event=401829493 "HTTP/1.1 200 OK"
10:44:10 [INFO] HTTP Request: GET https://site.api.espn.com/apis/site/v2/sports/basketball/mens-college-basketball/summary?event=401819816 "HTTP/1.1 200 OK"
10:44:21 [INFO] HTTP Request: GET https://site.api.espn.com/apis/site/v2/sports/basketball/mens-college-basketball/summary?event=401829474 "HTTP/1.1 200 OK"
10:44:31 [INFO] HTTP Request: GET https://site.api.espn.com/apis/site/v2/sports/basketball/mens-college-basketball/summary?event=401829433 "HTTP/1.1 200 OK"
10:44:41 [INFO] HTTP Request: GET https://site.api.espn.com/apis/site/v2/sports/basketball/mens-college-basketball/summary?event=401820227 "HTTP/1.1 200 OK"
10:44:52 [INFO] HTTP Request: GET https://site.api.espn.com/apis/site/v2/sports/basketball/mens-college-basketball/summary?event=401823489 "HTTP/1.1 200 OK"
10:45:02 [INFO] HTTP Request: GET https://site.api.espn.com/apis/site/v2/sports/basketball/mens-college-basketball/summary?event=401828341 "HTTP/1.1 200 OK"
10:45:12 [INFO] HTTP Request: GET https://site.api.espn.com/apis/site/v2/sports/basketball/mens-college-basketball/summary?event=401828313 "HTTP/1.1 200 OK"
10:45:23 [INFO] HTTP Request: GET https://site.api.espn.com/apis/site/v2/sports/basketball/mens-college-basketball/summary?event=401808576 "HTTP/1.1 200 OK"
10:45:33 [INFO] HTTP Request: GET https://site.api.espn.com/apis/site/v2/sports/basketball/mens-college-basketball/summary?event=401808581 "HTTP/1.1 200 OK"
10:45:44 [INFO] HTTP Request: GET https://site.api.espn.com/apis/site/v2/sports/basketball/mens-college-basketball/summary?event=401829494 "HTTP/1.1 200 OK"
10:45:55 [INFO] HTTP Request: GET https://site.api.espn.com/apis/site/v2/sports/basketball/mens-college-basketball/summary?event=401808589 "HTTP/1.1 200 OK"
10:46:05 [INFO] HTTP Request: GET https://site.api.espn.com/apis/site/v2/sports/basketball/mens-college-basketball/summary?event=401808596 "HTTP/1.1 200 OK"
10:46:18 [INFO] HTTP Request: GET https://site.api.espn.com/apis/site/v2/sports/basketball/mens-college-basketball/summary?event=401808604 "HTTP/1.1 200 OK"
10:46:29 [INFO] HTTP Request: GET https://site.api.espn.com/apis/site/v2/sports/basketball/mens-college-basketball/summary?event=401808608 "HTTP/1.1 200 OK"
10:46:39 [INFO] HTTP Request: GET https://site.api.espn.com/apis/site/v2/sports/basketball/mens-college-basketball/summary?event=401808623 "HTTP/1.1 200 OK"
10:46:50 [INFO] HTTP Request: GET https://site.api.espn.com/apis/site/v2/sports/basketball/mens-college-basketball/summary?event=401808631 "HTTP/1.1 200 OK"
10:47:02 [INFO] HTTP Request: GET https://site.api.espn.com/apis/site/v2/sports/basketball/mens-college-basketball/summary?event=401808637 "HTTP/1.1 200 OK"
10:47:14 [INFO] HTTP Request: GET https://site.api.espn.com/apis/site/v2/sports/basketball/mens-college-basketball/summary?event=401808645 "HTTP/1.1 200 OK"
10:47:25 [INFO] HTTP Request: GET https://site.api.espn.com/apis/site/v2/sports/basketball/mens-college-basketball/summary?event=401808651 "HTTP/1.1 200 OK"
10:47:36 [INFO] HTTP Request: GET https://site.api.espn.com/apis/site/v2/sports/basketball/mens-college-basketball/summary?event=401808658 "HTTP/1.1 200 OK"
10:48:07 [ERROR] Request failed: https://site.api.espn.com/apis/site/v2/sports/basketball/mens-college-basketball/summary — EOF occurred in violation of protocol (_ssl.c:1129)
10:48:19 [INFO] HTTP Request: GET https://site.api.espn.com/apis/site/v2/sports/basketball/mens-college-basketball/summary?event=401808666 "HTTP/1.1 200 OK"
10:48:29 [INFO] HTTP Request: GET https://site.api.espn.com/apis/site/v2/sports/basketball/mens-college-basketball/summary?event=401808670 "HTTP/1.1 200 OK"
10:48:41 [INFO] HTTP Request: GET https://site.api.espn.com/apis/site/v2/sports/basketball/mens-college-basketball/summary?event=401808678 "HTTP/1.1 200 OK"
10:48:53 [INFO] HTTP Request: GET https://site.api.espn.com/apis/site/v2/sports/basketball/mens-college-basketball/summary?event=401808683 "HTTP/1.1 200 OK"
10:49:04 [INFO] HTTP Request: GET https://site.api.espn.com/apis/site/v2/sports/basketball/mens-college-basketball/summary?event=401808688 "HTTP/1.1 200 OK"
10:49:15 [INFO] HTTP Request: GET https://site.api.espn.com/apis/site/v2/sports/basketball/mens-college-basketball/summary?event=401808694 "HTTP/1.1 200 OK"
10:49:15 [INFO]   Loaded: 30 games, 597 player-game-stat rows
10:49:15 [INFO] 
[6/14] James Madison Dukes
10:49:15 [INFO] Scraping team: James Madison Dukes (ESPN #256)
10:49:25 [INFO] HTTP Request: GET https://site.api.espn.com/apis/site/v2/sports/basketball/mens-college-basketball/teams/256/schedule?season=2026 "HTTP/1.1 200 OK"
10:49:25 [INFO]   Schedule: 31 completed games
10:49:36 [INFO] HTTP Request: GET https://site.api.espn.com/apis/site/v2/sports/basketball/mens-college-basketball/summary?event=401820595 "HTTP/1.1 200 OK"
10:49:50 [INFO] HTTP Request: GET https://site.api.espn.com/apis/site/v2/sports/basketball/mens-college-basketball/summary?event=401829495 "HTTP/1.1 200 OK"
10:50:00 [INFO] HTTP Request: GET https://site.api.espn.com/apis/site/v2/sports/basketball/mens-college-basketball/summary?event=401822758 "HTTP/1.1 200 OK"
10:50:11 [INFO] HTTP Request: GET https://site.api.espn.com/apis/site/v2/sports/basketball/mens-college-basketball/summary?event=401826992 "HTTP/1.1 200 OK"
10:50:25 [INFO] HTTP Request: GET https://site.api.espn.com/apis/site/v2/sports/basketball/mens-college-basketball/summary?event=401812354 "HTTP/1.1 200 OK"
10:50:35 [INFO] HTTP Request: GET https://site.api.espn.com/apis/site/v2/sports/basketball/mens-college-basketball/summary?event=401827499 "HTTP/1.1 200 OK"
10:50:47 [INFO] HTTP Request: GET https://site.api.espn.com/apis/site/v2/sports/basketball/mens-college-basketball/summary?event=401829045 "HTTP/1.1 200 OK"
10:50:57 [INFO] HTTP Request: GET https://site.api.espn.com/apis/site/v2/sports/basketball/mens-college-basketball/summary?event=401829467 "HTTP/1.1 200 OK"
10:51:08 [INFO] HTTP Request: GET https://site.api.espn.com/apis/site/v2/sports/basketball/mens-college-basketball/summary?event=401826702 "HTTP/1.1 200 OK"
10:51:18 [INFO] HTTP Request: GET https://site.api.espn.com/apis/site/v2/sports/basketball/mens-college-basketball/summary?event=401828737 "HTTP/1.1 200 OK"
10:51:30 [INFO] HTTP Request: GET https://site.api.espn.com/apis/site/v2/sports/basketball/mens-college-basketball/summary?event=401828722 "HTTP/1.1 200 OK"
10:51:40 [INFO] HTTP Request: GET https://site.api.espn.com/apis/site/v2/sports/basketball/mens-college-basketball/summary?event=401808577 "HTTP/1.1 200 OK"
10:51:51 [INFO] HTTP Request: GET https://site.api.espn.com/apis/site/v2/sports/basketball/mens-college-basketball/summary?event=401808582 "HTTP/1.1 200 OK"
10:52:02 [INFO] HTTP Request: GET https://site.api.espn.com/apis/site/v2/sports/basketball/mens-college-basketball/summary?event=401826790 "HTTP/1.1 200 OK"
10:52:13 [INFO] HTTP Request: GET https://site.api.espn.com/apis/site/v2/sports/basketball/mens-college-basketball/summary?event=401808597 "HTTP/1.1 200 OK"
10:52:23 [INFO] HTTP Request: GET https://site.api.espn.com/apis/site/v2/sports/basketball/mens-college-basketball/summary?event=401808601 "HTTP/1.1 200 OK"
10:52:34 [INFO] HTTP Request: GET https://site.api.espn.com/apis/site/v2/sports/basketball/mens-college-basketball/summary?event=401808609 "HTTP/1.1 200 OK"
10:52:44 [INFO] HTTP Request: GET https://site.api.espn.com/apis/site/v2/sports/basketball/mens-college-basketball/summary?event=401808617 "HTTP/1.1 200 OK"
10:52:55 [INFO] HTTP Request: GET https://site.api.espn.com/apis/site/v2/sports/basketball/mens-college-basketball/summary?event=401808621 "HTTP/1.1 200 OK"
10:53:06 [INFO] HTTP Request: GET https://site.api.espn.com/apis/site/v2/sports/basketball/mens-college-basketball/summary?event=401808632 "HTTP/1.1 200 OK"
10:53:17 [INFO] HTTP Request: GET https://site.api.espn.com/apis/site/v2/sports/basketball/mens-college-basketball/summary?event=401808638 "HTTP/1.1 200 OK"
10:53:27 [INFO] HTTP Request: GET https://site.api.espn.com/apis/site/v2/sports/basketball/mens-college-basketball/summary?event=401808647 "HTTP/1.1 200 OK"
10:53:38 [INFO] HTTP Request: GET https://site.api.espn.com/apis/site/v2/sports/basketball/mens-college-basketball/summary?event=401808652 "HTTP/1.1 200 OK"
10:53:48 [INFO] HTTP Request: GET https://site.api.espn.com/apis/site/v2/sports/basketball/mens-college-basketball/summary?event=401808659 "HTTP/1.1 200 OK"
10:54:02 [INFO] HTTP Request: GET https://site.api.espn.com/apis/site/v2/sports/basketball/mens-college-basketball/summary?event=401845840 "HTTP/1.1 200 OK"
10:54:14 [INFO] HTTP Request: GET https://site.api.espn.com/apis/site/v2/sports/basketball/mens-college-basketball/summary?event=401808666 "HTTP/1.1 200 OK"
10:54:25 [INFO] HTTP Request: GET https://site.api.espn.com/apis/site/v2/sports/basketball/mens-college-basketball/summary?event=401808669 "HTTP/1.1 200 OK"
10:54:36 [INFO] HTTP Request: GET https://site.api.espn.com/apis/site/v2/sports/basketball/mens-college-basketball/summary?event=401808675 "HTTP/1.1 200 OK"
10:54:47 [INFO] HTTP Request: GET https://site.api.espn.com/apis/site/v2/sports/basketball/mens-college-basketball/summary?event=401808683 "HTTP/1.1 200 OK"
10:54:58 [INFO] HTTP Request: GET https://site.api.espn.com/apis/site/v2/sports/basketball/mens-college-basketball/summary?event=401808692 "HTTP/1.1 200 OK"
10:55:08 [INFO] HTTP Request: GET https://site.api.espn.com/apis/site/v2/sports/basketball/mens-college-basketball/summary?event=401808695 "HTTP/1.1 200 OK"
10:55:08 [INFO]   Loaded: 31 games, 627 player-game-stat rows
10:55:08 [INFO] 
[7/14] Louisiana Ragin' Cajuns
10:55:08 [INFO] Scraping team: Louisiana Ragin' Cajuns (ESPN #309)
10:55:18 [INFO] HTTP Request: GET https://site.api.espn.com/apis/site/v2/sports/basketball/mens-college-basketball/teams/309/schedule?season=2026 "HTTP/1.1 200 OK"
10:55:19 [INFO]   Schedule: 31 completed games
10:55:29 [INFO] HTTP Request: GET https://site.api.espn.com/apis/site/v2/sports/basketball/mens-college-basketball/summary?event=401822317 "HTTP/1.1 200 OK"
10:55:39 [INFO] HTTP Request: GET https://site.api.espn.com/apis/site/v2/sports/basketball/mens-college-basketball/summary?event=401808949 "HTTP/1.1 200 OK"
10:55:50 [INFO] HTTP Request: GET https://site.api.espn.com/apis/site/v2/sports/basketball/mens-college-basketball/summary?event=401826844 "HTTP/1.1 200 OK"
10:56:00 [INFO] HTTP Request: GET https://site.api.espn.com/apis/site/v2/sports/basketball/mens-college-basketball/summary?event=401829444 "HTTP/1.1 200 OK"
10:56:11 [INFO] HTTP Request: GET https://site.api.espn.com/apis/site/v2/sports/basketball/mens-college-basketball/summary?event=401817467 "HTTP/1.1 200 OK"
10:56:21 [INFO] HTTP Request: GET https://site.api.espn.com/apis/site/v2/sports/basketball/mens-college-basketball/summary?event=401824121 "HTTP/1.1 200 OK"
10:56:32 [INFO] HTTP Request: GET https://site.api.espn.com/apis/site/v2/sports/basketball/mens-college-basketball/summary?event=401826089 "HTTP/1.1 200 OK"
10:56:42 [INFO] HTTP Request: GET https://site.api.espn.com/apis/site/v2/sports/basketball/mens-college-basketball/summary?event=401828662 "HTTP/1.1 200 OK"
10:56:54 [INFO] HTTP Request: GET https://site.api.espn.com/apis/site/v2/sports/basketball/mens-college-basketball/summary?event=401828514 "HTTP/1.1 200 OK"
10:57:06 [INFO] HTTP Request: GET https://site.api.espn.com/apis/site/v2/sports/basketball/mens-college-basketball/summary?event=401823595 "HTTP/1.1 200 OK"
10:57:16 [INFO] HTTP Request: GET https://site.api.espn.com/apis/site/v2/sports/basketball/mens-college-basketball/summary?event=401826903 "HTTP/1.1 200 OK"
10:57:27 [INFO] HTTP Request: GET https://site.api.espn.com/apis/site/v2/sports/basketball/mens-college-basketball/summary?event=401808580 "HTTP/1.1 200 OK"
10:57:37 [INFO] HTTP Request: GET https://site.api.espn.com/apis/site/v2/sports/basketball/mens-college-basketball/summary?event=401808585 "HTTP/1.1 200 OK"
10:57:48 [INFO] HTTP Request: GET https://site.api.espn.com/apis/site/v2/sports/basketball/mens-college-basketball/summary?event=401828723 "HTTP/1.1 200 OK"
10:57:58 [INFO] HTTP Request: GET https://site.api.espn.com/apis/site/v2/sports/basketball/mens-college-basketball/summary?event=401808590 "HTTP/1.1 200 OK"
10:58:08 [INFO] HTTP Request: GET https://site.api.espn.com/apis/site/v2/sports/basketball/mens-college-basketball/summary?event=401808598 "HTTP/1.1 200 OK"
10:58:19 [INFO] HTTP Request: GET https://site.api.espn.com/apis/site/v2/sports/basketball/mens-college-basketball/summary?event=401808605 "HTTP/1.1 200 OK"
10:58:30 [INFO] HTTP Request: GET https://site.api.espn.com/apis/site/v2/sports/basketball/mens-college-basketball/summary?event=401808613 "HTTP/1.1 200 OK"
10:58:40 [INFO] HTTP Request: GET https://site.api.espn.com/apis/site/v2/sports/basketball/mens-college-basketball/summary?event=401808616 "HTTP/1.1 200 OK"
10:58:50 [INFO] HTTP Request: GET https://site.api.espn.com/apis/site/v2/sports/basketball/mens-college-basketball/summary?event=401808624 "HTTP/1.1 200 OK"
10:59:01 [INFO] HTTP Request: GET https://site.api.espn.com/apis/site/v2/sports/basketball/mens-college-basketball/summary?event=401808628 "HTTP/1.1 200 OK"
10:59:11 [INFO] HTTP Request: GET https://site.api.espn.com/apis/site/v2/sports/basketball/mens-college-basketball/summary?event=401808645 "HTTP/1.1 200 OK"
10:59:23 [INFO] HTTP Request: GET https://site.api.espn.com/apis/site/v2/sports/basketball/mens-college-basketball/summary?event=401808650 "HTTP/1.1 200 OK"
10:59:33 [INFO] HTTP Request: GET https://site.api.espn.com/apis/site/v2/sports/basketball/mens-college-basketball/summary?event=401808659 "HTTP/1.1 200 OK"
10:59:43 [INFO] HTTP Request: GET https://site.api.espn.com/apis/site/v2/sports/basketball/mens-college-basketball/summary?event=401845841 "HTTP/1.1 200 OK"
10:59:54 [INFO] HTTP Request: GET https://site.api.espn.com/apis/site/v2/sports/basketball/mens-college-basketball/summary?event=401808667 "HTTP/1.1 200 OK"
11:00:04 [INFO] HTTP Request: GET https://site.api.espn.com/apis/site/v2/sports/basketball/mens-college-basketball/summary?event=401808640 "HTTP/1.1 200 OK"
11:00:15 [INFO] HTTP Request: GET https://site.api.espn.com/apis/site/v2/sports/basketball/mens-college-basketball/summary?event=401808679 "HTTP/1.1 200 OK"
11:00:25 [INFO] HTTP Request: GET https://site.api.espn.com/apis/site/v2/sports/basketball/mens-college-basketball/summary?event=401808686 "HTTP/1.1 200 OK"
11:00:35 [INFO] HTTP Request: GET https://site.api.espn.com/apis/site/v2/sports/basketball/mens-college-basketball/summary?event=401808691 "HTTP/1.1 200 OK"
11:00:46 [INFO] HTTP Request: GET https://site.api.espn.com/apis/site/v2/sports/basketball/mens-college-basketball/summary?event=401808698 "HTTP/1.1 200 OK"
11:00:46 [INFO]   Loaded: 31 games, 620 player-game-stat rows
11:00:46 [INFO] 
[8/14] Marshall Thundering Herd
11:00:46 [INFO] Scraping team: Marshall Thundering Herd (ESPN #276)
11:00:56 [INFO] HTTP Request: GET https://site.api.espn.com/apis/site/v2/sports/basketball/mens-college-basketball/teams/276/schedule?season=2026 "HTTP/1.1 200 OK"
11:00:56 [INFO]   Schedule: 31 completed games
11:01:06 [INFO] HTTP Request: GET https://site.api.espn.com/apis/site/v2/sports/basketball/mens-college-basketball/summary?event=401827261 "HTTP/1.1 200 OK"
11:01:16 [INFO] HTTP Request: GET https://site.api.espn.com/apis/site/v2/sports/basketball/mens-college-basketball/summary?event=401823469 "HTTP/1.1 200 OK"
11:01:27 [INFO] HTTP Request: GET https://site.api.espn.com/apis/site/v2/sports/basketball/mens-college-basketball/summary?event=401827262 "HTTP/1.1 200 OK"
11:01:37 [INFO] HTTP Request: GET https://site.api.espn.com/apis/site/v2/sports/basketball/mens-college-basketball/summary?event=401817489 "HTTP/1.1 200 OK"
11:01:48 [INFO] HTTP Request: GET https://site.api.espn.com/apis/site/v2/sports/basketball/mens-college-basketball/summary?event=401827130 "HTTP/1.1 200 OK"
11:02:00 [INFO] HTTP Request: GET https://site.api.espn.com/apis/site/v2/sports/basketball/mens-college-basketball/summary?event=401820212 "HTTP/1.1 200 OK"
11:02:10 [INFO] HTTP Request: GET https://site.api.espn.com/apis/site/v2/sports/basketball/mens-college-basketball/summary?event=401824950 "HTTP/1.1 200 OK"
11:02:20 [INFO] HTTP Request: GET https://site.api.espn.com/apis/site/v2/sports/basketball/mens-college-basketball/summary?event=401823594 "HTTP/1.1 200 OK"
11:02:31 [INFO] HTTP Request: GET https://site.api.espn.com/apis/site/v2/sports/basketball/mens-college-basketball/summary?event=401827263 "HTTP/1.1 200 OK"
11:02:41 [INFO] HTTP Request: GET https://site.api.espn.com/apis/site/v2/sports/basketball/mens-college-basketball/summary?event=401823364 "HTTP/1.1 200 OK"
11:02:51 [INFO] HTTP Request: GET https://site.api.espn.com/apis/site/v2/sports/basketball/mens-college-basketball/summary?event=401823412 "HTTP/1.1 200 OK"
11:03:02 [INFO] HTTP Request: GET https://site.api.espn.com/apis/site/v2/sports/basketball/mens-college-basketball/summary?event=401808587 "HTTP/1.1 200 OK"
11:03:12 [INFO] HTTP Request: GET https://site.api.espn.com/apis/site/v2/sports/basketball/mens-college-basketball/summary?event=401827264 "HTTP/1.1 200 OK"
11:03:23 [INFO] HTTP Request: GET https://site.api.espn.com/apis/site/v2/sports/basketball/mens-college-basketball/summary?event=401808589 "HTTP/1.1 200 OK"
11:03:33 [INFO] HTTP Request: GET https://site.api.espn.com/apis/site/v2/sports/basketball/mens-college-basketball/summary?event=401808594 "HTTP/1.1 200 OK"
11:03:43 [INFO] HTTP Request: GET https://site.api.espn.com/apis/site/v2/sports/basketball/mens-college-basketball/summary?event=401808601 "HTTP/1.1 200 OK"
11:03:54 [INFO] HTTP Request: GET https://site.api.espn.com/apis/site/v2/sports/basketball/mens-college-basketball/summary?event=401808608 "HTTP/1.1 200 OK"
11:04:04 [INFO] HTTP Request: GET https://site.api.espn.com/apis/site/v2/sports/basketball/mens-college-basketball/summary?event=401808614 "HTTP/1.1 200 OK"
11:04:15 [INFO] HTTP Request: GET https://site.api.espn.com/apis/site/v2/sports/basketball/mens-college-basketball/summary?event=401808621 "HTTP/1.1 200 OK"
11:04:25 [INFO] HTTP Request: GET https://site.api.espn.com/apis/site/v2/sports/basketball/mens-college-basketball/summary?event=401808633 "HTTP/1.1 200 OK"
11:04:35 [INFO] HTTP Request: GET https://site.api.espn.com/apis/site/v2/sports/basketball/mens-college-basketball/summary?event=401808642 "HTTP/1.1 200 OK"
11:04:46 [INFO] HTTP Request: GET https://site.api.espn.com/apis/site/v2/sports/basketball/mens-college-basketball/summary?event=401808653 "HTTP/1.1 200 OK"
11:04:56 [INFO] HTTP Request: GET https://site.api.espn.com/apis/site/v2/sports/basketball/mens-college-basketball/summary?event=401808660 "HTTP/1.1 200 OK"
11:05:07 [INFO] HTTP Request: GET https://site.api.espn.com/apis/site/v2/sports/basketball/mens-college-basketball/summary?event=401845843 "HTTP/1.1 200 OK"
11:05:17 [INFO] HTTP Request: GET https://site.api.espn.com/apis/site/v2/sports/basketball/mens-college-basketball/summary?event=401808663 "HTTP/1.1 200 OK"
11:05:27 [INFO] HTTP Request: GET https://site.api.espn.com/apis/site/v2/sports/basketball/mens-college-basketball/summary?event=401808671 "HTTP/1.1 200 OK"
11:05:38 [INFO] HTTP Request: GET https://site.api.espn.com/apis/site/v2/sports/basketball/mens-college-basketball/summary?event=401808639 "HTTP/1.1 200 OK"
11:05:48 [INFO] HTTP Request: GET https://site.api.espn.com/apis/site/v2/sports/basketball/mens-college-basketball/summary?event=401808677 "HTTP/1.1 200 OK"
11:06:00 [INFO] HTTP Request: GET https://site.api.espn.com/apis/site/v2/sports/basketball/mens-college-basketball/summary?event=401808682 "HTTP/1.1 200 OK"
11:06:11 [INFO] HTTP Request: GET https://site.api.espn.com/apis/site/v2/sports/basketball/mens-college-basketball/summary?event=401808689 "HTTP/1.1 200 OK"
11:06:21 [INFO] HTTP Request: GET https://site.api.espn.com/apis/site/v2/sports/basketball/mens-college-basketball/summary?event=401808696 "HTTP/1.1 200 OK"
11:06:21 [INFO]   Loaded: 31 games, 633 player-game-stat rows
11:06:21 [INFO] 
[9/14] Old Dominion Monarchs
11:06:21 [INFO] Scraping team: Old Dominion Monarchs (ESPN #295)
11:06:31 [INFO] HTTP Request: GET https://site.api.espn.com/apis/site/v2/sports/basketball/mens-college-basketball/teams/295/schedule?season=2026 "HTTP/1.1 200 OK"
11:06:31 [INFO]   Schedule: 31 completed games
11:06:42 [INFO] HTTP Request: GET https://site.api.espn.com/apis/site/v2/sports/basketball/mens-college-basketball/summary?event=401829496 "HTTP/1.1 200 OK"
11:06:52 [INFO] HTTP Request: GET https://site.api.espn.com/apis/site/v2/sports/basketball/mens-college-basketball/summary?event=401829497 "HTTP/1.1 200 OK"
11:07:07 [INFO] HTTP Request: GET https://site.api.espn.com/apis/site/v2/sports/basketball/mens-college-basketball/summary?event=401828720 "HTTP/1.1 200 OK"
11:07:17 [INFO] HTTP Request: GET https://site.api.espn.com/apis/site/v2/sports/basketball/mens-college-basketball/summary?event=401817144 "HTTP/1.1 200 OK"
11:07:27 [INFO] HTTP Request: GET https://site.api.espn.com/apis/site/v2/sports/basketball/mens-college-basketball/summary?event=401823561 "HTTP/1.1 200 OK"
11:07:38 [INFO] HTTP Request: GET https://site.api.espn.com/apis/site/v2/sports/basketball/mens-college-basketball/summary?event=401813277 "HTTP/1.1 200 OK"
11:07:48 [INFO] HTTP Request: GET https://site.api.espn.com/apis/site/v2/sports/basketball/mens-college-basketball/summary?event=401827514 "HTTP/1.1 200 OK"
11:07:59 [INFO] HTTP Request: GET https://site.api.espn.com/apis/site/v2/sports/basketball/mens-college-basketball/summary?event=401823564 "HTTP/1.1 200 OK"
11:08:09 [INFO] HTTP Request: GET https://site.api.espn.com/apis/site/v2/sports/basketball/mens-college-basketball/summary?event=401827508 "HTTP/1.1 200 OK"
11:08:19 [INFO] HTTP Request: GET https://site.api.espn.com/apis/site/v2/sports/basketball/mens-college-basketball/summary?event=401817177 "HTTP/1.1 200 OK"
11:08:30 [INFO] HTTP Request: GET https://site.api.espn.com/apis/site/v2/sports/basketball/mens-college-basketball/summary?event=401826704 "HTTP/1.1 200 OK"
11:08:40 [INFO] HTTP Request: GET https://site.api.espn.com/apis/site/v2/sports/basketball/mens-college-basketball/summary?event=401808577 "HTTP/1.1 200 OK"
11:08:50 [INFO] HTTP Request: GET https://site.api.espn.com/apis/site/v2/sports/basketball/mens-college-basketball/summary?event=401808583 "HTTP/1.1 200 OK"
11:09:01 [INFO] HTTP Request: GET https://site.api.espn.com/apis/site/v2/sports/basketball/mens-college-basketball/summary?event=401827218 "HTTP/1.1 200 OK"
11:09:11 [INFO] HTTP Request: GET https://site.api.espn.com/apis/site/v2/sports/basketball/mens-college-basketball/summary?event=401808588 "HTTP/1.1 200 OK"
11:09:21 [INFO] HTTP Request: GET https://site.api.espn.com/apis/site/v2/sports/basketball/mens-college-basketball/summary?event=401808595 "HTTP/1.1 200 OK"
11:09:32 [INFO] HTTP Request: GET https://site.api.espn.com/apis/site/v2/sports/basketball/mens-college-basketball/summary?event=401808603 "HTTP/1.1 200 OK"
11:09:42 [INFO] HTTP Request: GET https://site.api.espn.com/apis/site/v2/sports/basketball/mens-college-basketball/summary?event=401808609 "HTTP/1.1 200 OK"
11:09:53 [INFO] HTTP Request: GET https://site.api.espn.com/apis/site/v2/sports/basketball/mens-college-basketball/summary?event=401808618 "HTTP/1.1 200 OK"
11:10:03 [INFO] HTTP Request: GET https://site.api.espn.com/apis/site/v2/sports/basketball/mens-college-basketball/summary?event=401808620 "HTTP/1.1 200 OK"
11:10:14 [INFO] HTTP Request: GET https://site.api.espn.com/apis/site/v2/sports/basketball/mens-college-basketball/summary?event=401808627 "HTTP/1.1 200 OK"
11:10:24 [INFO] HTTP Request: GET https://site.api.espn.com/apis/site/v2/sports/basketball/mens-college-basketball/summary?event=401808641 "HTTP/1.1 200 OK"
11:10:35 [INFO] HTTP Request: GET https://site.api.espn.com/apis/site/v2/sports/basketball/mens-college-basketball/summary?event=401808654 "HTTP/1.1 200 OK"
11:10:45 [INFO] HTTP Request: GET https://site.api.espn.com/apis/site/v2/sports/basketball/mens-college-basketball/summary?event=401808661 "HTTP/1.1 200 OK"
11:10:55 [INFO] HTTP Request: GET https://site.api.espn.com/apis/site/v2/sports/basketball/mens-college-basketball/summary?event=401845844 "HTTP/1.1 200 OK"
11:11:06 [INFO] HTTP Request: GET https://site.api.espn.com/apis/site/v2/sports/basketball/mens-college-basketball/summary?event=401808663 "HTTP/1.1 200 OK"
11:11:16 [INFO] HTTP Request: GET https://site.api.espn.com/apis/site/v2/sports/basketball/mens-college-basketball/summary?event=401808670 "HTTP/1.1 200 OK"
11:11:27 [INFO] HTTP Request: GET https://site.api.espn.com/apis/site/v2/sports/basketball/mens-college-basketball/summary?event=401808640 "HTTP/1.1 200 OK"
11:11:37 [INFO] HTTP Request: GET https://site.api.espn.com/apis/site/v2/sports/basketball/mens-college-basketball/summary?event=401808684 "HTTP/1.1 200 OK"
11:11:48 [INFO] HTTP Request: GET https://site.api.espn.com/apis/site/v2/sports/basketball/mens-college-basketball/summary?event=401808689 "HTTP/1.1 200 OK"
11:11:58 [INFO] HTTP Request: GET https://site.api.espn.com/apis/site/v2/sports/basketball/mens-college-basketball/summary?event=401808694 "HTTP/1.1 200 OK"
11:11:58 [INFO]   Loaded: 31 games, 630 player-game-stat rows
11:11:58 [INFO] 
[10/14] South Alabama Jaguars
11:11:58 [INFO] Scraping team: South Alabama Jaguars (ESPN #6)
11:12:09 [INFO] HTTP Request: GET https://site.api.espn.com/apis/site/v2/sports/basketball/mens-college-basketball/teams/6/schedule?season=2026 "HTTP/1.1 200 OK"
11:12:09 [INFO]   Schedule: 31 completed games
11:12:19 [INFO] HTTP Request: GET https://site.api.espn.com/apis/site/v2/sports/basketball/mens-college-basketball/summary?event=401823468 "HTTP/1.1 200 OK"
11:12:29 [INFO] HTTP Request: GET https://site.api.espn.com/apis/site/v2/sports/basketball/mens-college-basketball/summary?event=401829685 "HTTP/1.1 200 OK"
11:12:40 [INFO] HTTP Request: GET https://site.api.espn.com/apis/site/v2/sports/basketball/mens-college-basketball/summary?event=401831377 "HTTP/1.1 200 OK"
11:12:51 [INFO] HTTP Request: GET https://site.api.espn.com/apis/site/v2/sports/basketball/mens-college-basketball/summary?event=401831227 "HTTP/1.1 200 OK"
11:13:01 [INFO] HTTP Request: GET https://site.api.espn.com/apis/site/v2/sports/basketball/mens-college-basketball/summary?event=401822761 "HTTP/1.1 200 OK"
11:13:12 [INFO] HTTP Request: GET https://site.api.espn.com/apis/site/v2/sports/basketball/mens-college-basketball/summary?event=401828309 "HTTP/1.1 200 OK"
11:13:22 [INFO] HTTP Request: GET https://site.api.espn.com/apis/site/v2/sports/basketball/mens-college-basketball/summary?event=401826854 "HTTP/1.1 200 OK"
11:13:32 [INFO] HTTP Request: GET https://site.api.espn.com/apis/site/v2/sports/basketball/mens-college-basketball/summary?event=401831376 "HTTP/1.1 200 OK"
11:13:43 [INFO] HTTP Request: GET https://site.api.espn.com/apis/site/v2/sports/basketball/mens-college-basketball/summary?event=401830631 "HTTP/1.1 200 OK"
11:13:53 [INFO] HTTP Request: GET https://site.api.espn.com/apis/site/v2/sports/basketball/mens-college-basketball/summary?event=401824891 "HTTP/1.1 200 OK"
11:14:03 [INFO] HTTP Request: GET https://site.api.espn.com/apis/site/v2/sports/basketball/mens-college-basketball/summary?event=401828279 "HTTP/1.1 200 OK"
11:14:14 [INFO] HTTP Request: GET https://site.api.espn.com/apis/site/v2/sports/basketball/mens-college-basketball/summary?event=401808578 "HTTP/1.1 200 OK"
11:14:24 [INFO] HTTP Request: GET https://site.api.espn.com/apis/site/v2/sports/basketball/mens-college-basketball/summary?event=401808586 "HTTP/1.1 200 OK"
11:14:35 [INFO] HTTP Request: GET https://site.api.espn.com/apis/site/v2/sports/basketball/mens-college-basketball/summary?event=401831555 "HTTP/1.1 200 OK"
11:14:45 [INFO] HTTP Request: GET https://site.api.espn.com/apis/site/v2/sports/basketball/mens-college-basketball/summary?event=401808590 "HTTP/1.1 200 OK"
11:14:56 [INFO] HTTP Request: GET https://site.api.espn.com/apis/site/v2/sports/basketball/mens-college-basketball/summary?event=401808599 "HTTP/1.1 200 OK"
11:15:06 [INFO] HTTP Request: GET https://site.api.espn.com/apis/site/v2/sports/basketball/mens-college-basketball/summary?event=401808610 "HTTP/1.1 200 OK"
11:15:17 [INFO] HTTP Request: GET https://site.api.espn.com/apis/site/v2/sports/basketball/mens-college-basketball/summary?event=401808619 "HTTP/1.1 200 OK"
11:15:27 [INFO] HTTP Request: GET https://site.api.espn.com/apis/site/v2/sports/basketball/mens-college-basketball/summary?event=401808624 "HTTP/1.1 200 OK"
11:15:38 [INFO] HTTP Request: GET https://site.api.espn.com/apis/site/v2/sports/basketball/mens-college-basketball/summary?event=401808632 "HTTP/1.1 200 OK"
11:15:48 [INFO] HTTP Request: GET https://site.api.espn.com/apis/site/v2/sports/basketball/mens-college-basketball/summary?event=401808644 "HTTP/1.1 200 OK"
11:15:59 [INFO] HTTP Request: GET https://site.api.espn.com/apis/site/v2/sports/basketball/mens-college-basketball/summary?event=401808651 "HTTP/1.1 200 OK"
11:16:10 [INFO] HTTP Request: GET https://site.api.espn.com/apis/site/v2/sports/basketball/mens-college-basketball/summary?event=401808655 "HTTP/1.1 200 OK"
11:16:20 [INFO] HTTP Request: GET https://site.api.espn.com/apis/site/v2/sports/basketball/mens-college-basketball/summary?event=401845845 "HTTP/1.1 200 OK"
11:16:30 [INFO] HTTP Request: GET https://site.api.espn.com/apis/site/v2/sports/basketball/mens-college-basketball/summary?event=401808668 "HTTP/1.1 200 OK"
11:16:41 [INFO] HTTP Request: GET https://site.api.espn.com/apis/site/v2/sports/basketball/mens-college-basketball/summary?event=401808672 "HTTP/1.1 200 OK"
11:16:52 [INFO] HTTP Request: GET https://site.api.espn.com/apis/site/v2/sports/basketball/mens-college-basketball/summary?event=401808639 "HTTP/1.1 200 OK"
11:17:02 [INFO] HTTP Request: GET https://site.api.espn.com/apis/site/v2/sports/basketball/mens-college-basketball/summary?event=401808680 "HTTP/1.1 200 OK"
11:17:13 [INFO] HTTP Request: GET https://site.api.espn.com/apis/site/v2/sports/basketball/mens-college-basketball/summary?event=401808685 "HTTP/1.1 200 OK"
11:17:23 [INFO] HTTP Request: GET https://site.api.espn.com/apis/site/v2/sports/basketball/mens-college-basketball/summary?event=401808693 "HTTP/1.1 200 OK"
11:17:33 [INFO] HTTP Request: GET https://site.api.espn.com/apis/site/v2/sports/basketball/mens-college-basketball/summary?event=401808699 "HTTP/1.1 200 OK"
11:17:34 [INFO]   Loaded: 31 games, 582 player-game-stat rows
11:17:34 [INFO] 
[11/14] Southern Miss Golden Eagles
11:17:34 [INFO] Scraping team: Southern Miss Golden Eagles (ESPN #2572)
11:17:44 [INFO] HTTP Request: GET https://site.api.espn.com/apis/site/v2/sports/basketball/mens-college-basketball/teams/2572/schedule?season=2026 "HTTP/1.1 200 OK"
11:17:44 [INFO]   Schedule: 31 completed games
11:17:54 [INFO] HTTP Request: GET https://site.api.espn.com/apis/site/v2/sports/basketball/mens-college-basketball/summary?event=401823425 "HTTP/1.1 200 OK"
11:18:05 [INFO] HTTP Request: GET https://site.api.espn.com/apis/site/v2/sports/basketball/mens-college-basketball/summary?event=401827256 "HTTP/1.1 200 OK"
11:18:15 [INFO] HTTP Request: GET https://site.api.espn.com/apis/site/v2/sports/basketball/mens-college-basketball/summary?event=401827257 "HTTP/1.1 200 OK"
11:18:26 [INFO] HTTP Request: GET https://site.api.espn.com/apis/site/v2/sports/basketball/mens-college-basketball/summary?event=401827089 "HTTP/1.1 200 OK"
11:18:36 [INFO] HTTP Request: GET https://site.api.espn.com/apis/site/v2/sports/basketball/mens-college-basketball/summary?event=401827258 "HTTP/1.1 200 OK"
11:18:46 [INFO] HTTP Request: GET https://site.api.espn.com/apis/site/v2/sports/basketball/mens-college-basketball/summary?event=401823445 "HTTP/1.1 200 OK"
11:18:57 [INFO] HTTP Request: GET https://site.api.espn.com/apis/site/v2/sports/basketball/mens-college-basketball/summary?event=401831213 "HTTP/1.1 200 OK"
11:19:08 [INFO] HTTP Request: GET https://site.api.espn.com/apis/site/v2/sports/basketball/mens-college-basketball/summary?event=401826073 "HTTP/1.1 200 OK"
11:19:19 [INFO] HTTP Request: GET https://site.api.espn.com/apis/site/v2/sports/basketball/mens-college-basketball/summary?event=401809420 "HTTP/1.1 200 OK"
11:19:29 [INFO] HTTP Request: GET https://site.api.espn.com/apis/site/v2/sports/basketball/mens-college-basketball/summary?event=401827090 "HTTP/1.1 200 OK"
11:19:40 [INFO] HTTP Request: GET https://site.api.espn.com/apis/site/v2/sports/basketball/mens-college-basketball/summary?event=401827259 "HTTP/1.1 200 OK"
11:19:50 [INFO] HTTP Request: GET https://site.api.espn.com/apis/site/v2/sports/basketball/mens-college-basketball/summary?event=401808580 "HTTP/1.1 200 OK"
11:20:00 [INFO] HTTP Request: GET https://site.api.espn.com/apis/site/v2/sports/basketball/mens-college-basketball/summary?event=401808584 "HTTP/1.1 200 OK"
11:20:11 [INFO] HTTP Request: GET https://site.api.espn.com/apis/site/v2/sports/basketball/mens-college-basketball/summary?event=401827260 "HTTP/1.1 200 OK"
11:20:21 [INFO] HTTP Request: GET https://site.api.espn.com/apis/site/v2/sports/basketball/mens-college-basketball/summary?event=401808593 "HTTP/1.1 200 OK"
11:20:31 [INFO] HTTP Request: GET https://site.api.espn.com/apis/site/v2/sports/basketball/mens-college-basketball/summary?event=401808598 "HTTP/1.1 200 OK"
11:20:50 [INFO] HTTP Request: GET https://site.api.espn.com/apis/site/v2/sports/basketball/mens-college-basketball/summary?event=401808606 "HTTP/1.1 200 OK"
11:21:00 [INFO] HTTP Request: GET https://site.api.espn.com/apis/site/v2/sports/basketball/mens-college-basketball/summary?event=401808612 "HTTP/1.1 200 OK"
11:21:11 [INFO] HTTP Request: GET https://site.api.espn.com/apis/site/v2/sports/basketball/mens-college-basketball/summary?event=401808615 "HTTP/1.1 200 OK"
11:21:21 [INFO] HTTP Request: GET https://site.api.espn.com/apis/site/v2/sports/basketball/mens-college-basketball/summary?event=401808625 "HTTP/1.1 200 OK"
11:21:31 [INFO] HTTP Request: GET https://site.api.espn.com/apis/site/v2/sports/basketball/mens-college-basketball/summary?event=401808631 "HTTP/1.1 200 OK"
11:21:42 [INFO] HTTP Request: GET https://site.api.espn.com/apis/site/v2/sports/basketball/mens-college-basketball/summary?event=401808635 "HTTP/1.1 200 OK"
11:21:52 [INFO] HTTP Request: GET https://site.api.espn.com/apis/site/v2/sports/basketball/mens-college-basketball/summary?event=401808643 "HTTP/1.1 200 OK"
11:22:04 [INFO] HTTP Request: GET https://site.api.espn.com/apis/site/v2/sports/basketball/mens-college-basketball/summary?event=401808652 "HTTP/1.1 200 OK"
11:22:17 [INFO] HTTP Request: GET https://site.api.espn.com/apis/site/v2/sports/basketball/mens-college-basketball/summary?event=401808660 "HTTP/1.1 200 OK"
11:22:27 [INFO] HTTP Request: GET https://site.api.espn.com/apis/site/v2/sports/basketball/mens-college-basketball/summary?event=401845846 "HTTP/1.1 200 OK"
11:22:38 [INFO] HTTP Request: GET https://site.api.espn.com/apis/site/v2/sports/basketball/mens-college-basketball/summary?event=401808668 "HTTP/1.1 200 OK"
11:22:48 [INFO] HTTP Request: GET https://site.api.espn.com/apis/site/v2/sports/basketball/mens-college-basketball/summary?event=401808673 "HTTP/1.1 200 OK"
11:22:59 [INFO] HTTP Request: GET https://site.api.espn.com/apis/site/v2/sports/basketball/mens-college-basketball/summary?event=401808684 "HTTP/1.1 200 OK"
11:23:10 [INFO] HTTP Request: GET https://site.api.espn.com/apis/site/v2/sports/basketball/mens-college-basketball/summary?event=401808690 "HTTP/1.1 200 OK"
11:23:20 [INFO] HTTP Request: GET https://site.api.espn.com/apis/site/v2/sports/basketball/mens-college-basketball/summary?event=401808699 "HTTP/1.1 200 OK"
11:23:20 [INFO]   Loaded: 31 games, 657 player-game-stat rows
11:23:20 [INFO] 
[12/14] Texas State Bobcats
11:23:20 [INFO] Scraping team: Texas State Bobcats (ESPN #326)
11:23:30 [INFO] HTTP Request: GET https://site.api.espn.com/apis/site/v2/sports/basketball/mens-college-basketball/teams/326/schedule?season=2026 "HTTP/1.1 200 OK"
11:23:30 [INFO]   Schedule: 31 completed games
11:23:41 [INFO] HTTP Request: GET https://site.api.espn.com/apis/site/v2/sports/basketball/mens-college-basketball/summary?event=401823415 "HTTP/1.1 200 OK"
11:23:51 [INFO] HTTP Request: GET https://site.api.espn.com/apis/site/v2/sports/basketball/mens-college-basketball/summary?event=401827212 "HTTP/1.1 200 OK"
11:24:02 [INFO] HTTP Request: GET https://site.api.espn.com/apis/site/v2/sports/basketball/mens-college-basketball/summary?event=401826843 "HTTP/1.1 200 OK"
11:24:12 [INFO] HTTP Request: GET https://site.api.espn.com/apis/site/v2/sports/basketball/mens-college-basketball/summary?event=401827213 "HTTP/1.1 200 OK"
11:24:23 [INFO] HTTP Request: GET https://site.api.espn.com/apis/site/v2/sports/basketball/mens-college-basketball/summary?event=401827005 "HTTP/1.1 200 OK"
11:24:35 [INFO] HTTP Request: GET https://site.api.espn.com/apis/site/v2/sports/basketball/mens-college-basketball/summary?event=401823525 "HTTP/1.1 200 OK"
11:24:46 [INFO] HTTP Request: GET https://site.api.espn.com/apis/site/v2/sports/basketball/mens-college-basketball/summary?event=401825187 "HTTP/1.1 200 OK"
11:24:58 [INFO] HTTP Request: GET https://site.api.espn.com/apis/site/v2/sports/basketball/mens-college-basketball/summary?event=401827214 "HTTP/1.1 200 OK"
11:25:08 [INFO] HTTP Request: GET https://site.api.espn.com/apis/site/v2/sports/basketball/mens-college-basketball/summary?event=401824127 "HTTP/1.1 200 OK"
11:25:19 [INFO] HTTP Request: GET https://site.api.espn.com/apis/site/v2/sports/basketball/mens-college-basketball/summary?event=401831225 "HTTP/1.1 200 OK"
11:25:29 [INFO] HTTP Request: GET https://site.api.espn.com/apis/site/v2/sports/basketball/mens-college-basketball/summary?event=401826809 "HTTP/1.1 200 OK"
11:25:39 [INFO] HTTP Request: GET https://site.api.espn.com/apis/site/v2/sports/basketball/mens-college-basketball/summary?event=401827018 "HTTP/1.1 200 OK"
11:25:50 [INFO] HTTP Request: GET https://site.api.espn.com/apis/site/v2/sports/basketball/mens-college-basketball/summary?event=401808575 "HTTP/1.1 200 OK"
11:26:00 [INFO] HTTP Request: GET https://site.api.espn.com/apis/site/v2/sports/basketball/mens-college-basketball/summary?event=401808586 "HTTP/1.1 200 OK"
11:26:11 [INFO] HTTP Request: GET https://site.api.espn.com/apis/site/v2/sports/basketball/mens-college-basketball/summary?event=401808591 "HTTP/1.1 200 OK"
11:26:21 [INFO] HTTP Request: GET https://site.api.espn.com/apis/site/v2/sports/basketball/mens-college-basketball/summary?event=401808600 "HTTP/1.1 200 OK"
11:26:31 [INFO] HTTP Request: GET https://site.api.espn.com/apis/site/v2/sports/basketball/mens-college-basketball/summary?event=401808606 "HTTP/1.1 200 OK"
11:26:42 [INFO] HTTP Request: GET https://site.api.espn.com/apis/site/v2/sports/basketball/mens-college-basketball/summary?event=401808611 "HTTP/1.1 200 OK"
11:26:52 [INFO] HTTP Request: GET https://site.api.espn.com/apis/site/v2/sports/basketball/mens-college-basketball/summary?event=401808616 "HTTP/1.1 200 OK"
11:27:02 [INFO] HTTP Request: GET https://site.api.espn.com/apis/site/v2/sports/basketball/mens-college-basketball/summary?event=401808625 "HTTP/1.1 200 OK"
11:27:13 [INFO] HTTP Request: GET https://site.api.espn.com/apis/site/v2/sports/basketball/mens-college-basketball/summary?event=401808629 "HTTP/1.1 200 OK"
11:27:23 [INFO] HTTP Request: GET https://site.api.espn.com/apis/site/v2/sports/basketball/mens-college-basketball/summary?event=401808638 "HTTP/1.1 200 OK"
11:27:34 [INFO] HTTP Request: GET https://site.api.espn.com/apis/site/v2/sports/basketball/mens-college-basketball/summary?event=401808642 "HTTP/1.1 200 OK"
11:27:44 [INFO] HTTP Request: GET https://site.api.espn.com/apis/site/v2/sports/basketball/mens-college-basketball/summary?event=401808654 "HTTP/1.1 200 OK"
11:27:54 [INFO] HTTP Request: GET https://site.api.espn.com/apis/site/v2/sports/basketball/mens-college-basketball/summary?event=401808657 "HTTP/1.1 200 OK"
11:28:05 [INFO] HTTP Request: GET https://site.api.espn.com/apis/site/v2/sports/basketball/mens-college-basketball/summary?event=401845847 "HTTP/1.1 200 OK"
11:28:15 [INFO] HTTP Request: GET https://site.api.espn.com/apis/site/v2/sports/basketball/mens-college-basketball/summary?event=401808665 "HTTP/1.1 200 OK"
11:28:25 [INFO] HTTP Request: GET https://site.api.espn.com/apis/site/v2/sports/basketball/mens-college-basketball/summary?event=401808674 "HTTP/1.1 200 OK"
11:28:36 [INFO] HTTP Request: GET https://site.api.espn.com/apis/site/v2/sports/basketball/mens-college-basketball/summary?event=401808680 "HTTP/1.1 200 OK"
11:28:46 [INFO] HTTP Request: GET https://site.api.espn.com/apis/site/v2/sports/basketball/mens-college-basketball/summary?event=401808686 "HTTP/1.1 200 OK"
11:28:56 [INFO] HTTP Request: GET https://site.api.espn.com/apis/site/v2/sports/basketball/mens-college-basketball/summary?event=401808697 "HTTP/1.1 200 OK"
11:28:56 [INFO]   Loaded: 31 games, 635 player-game-stat rows
11:28:56 [INFO] 
[13/14] Troy Trojans
11:28:56 [INFO] Scraping team: Troy Trojans (ESPN #2653)
11:29:07 [INFO] HTTP Request: GET https://site.api.espn.com/apis/site/v2/sports/basketball/mens-college-basketball/teams/2653/schedule?season=2026 "HTTP/1.1 200 OK"
11:29:07 [INFO]   Schedule: 31 completed games
11:29:17 [INFO] HTTP Request: GET https://site.api.espn.com/apis/site/v2/sports/basketball/mens-college-basketball/summary?event=401823008 "HTTP/1.1 200 OK"
11:29:27 [INFO] HTTP Request: GET https://site.api.espn.com/apis/site/v2/sports/basketball/mens-college-basketball/summary?event=401824868 "HTTP/1.1 200 OK"
11:29:38 [INFO] HTTP Request: GET https://site.api.espn.com/apis/site/v2/sports/basketball/mens-college-basketball/summary?event=401827209 "HTTP/1.1 200 OK"
11:29:48 [INFO] HTTP Request: GET https://site.api.espn.com/apis/site/v2/sports/basketball/mens-college-basketball/summary?event=401824040 "HTTP/1.1 200 OK"
11:29:58 [INFO] HTTP Request: GET https://site.api.espn.com/apis/site/v2/sports/basketball/mens-college-basketball/summary?event=401823258 "HTTP/1.1 200 OK"
11:30:09 [INFO] HTTP Request: GET https://site.api.espn.com/apis/site/v2/sports/basketball/mens-college-basketball/summary?event=401823763 "HTTP/1.1 200 OK"
11:30:19 [INFO] HTTP Request: GET https://site.api.espn.com/apis/site/v2/sports/basketball/mens-college-basketball/summary?event=401827210 "HTTP/1.1 200 OK"
11:30:30 [INFO] HTTP Request: GET https://site.api.espn.com/apis/site/v2/sports/basketball/mens-college-basketball/summary?event=401829680 "HTTP/1.1 200 OK"
11:30:40 [INFO] HTTP Request: GET https://site.api.espn.com/apis/site/v2/sports/basketball/mens-college-basketball/summary?event=401830883 "HTTP/1.1 200 OK"
11:30:51 [INFO] HTTP Request: GET https://site.api.espn.com/apis/site/v2/sports/basketball/mens-college-basketball/summary?event=401825387 "HTTP/1.1 200 OK"
11:31:03 [INFO] HTTP Request: GET https://site.api.espn.com/apis/site/v2/sports/basketball/mens-college-basketball/summary?event=401827211 "HTTP/1.1 200 OK"
11:31:13 [INFO] HTTP Request: GET https://site.api.espn.com/apis/site/v2/sports/basketball/mens-college-basketball/summary?event=401826876 "HTTP/1.1 200 OK"
11:31:23 [INFO] HTTP Request: GET https://site.api.espn.com/apis/site/v2/sports/basketball/mens-college-basketball/summary?event=401808587 "HTTP/1.1 200 OK"
11:31:34 [INFO] HTTP Request: GET https://site.api.espn.com/apis/site/v2/sports/basketball/mens-college-basketball/summary?event=401808591 "HTTP/1.1 200 OK"
11:31:44 [INFO] HTTP Request: GET https://site.api.espn.com/apis/site/v2/sports/basketball/mens-college-basketball/summary?event=401808599 "HTTP/1.1 200 OK"
11:31:55 [INFO] HTTP Request: GET https://site.api.espn.com/apis/site/v2/sports/basketball/mens-college-basketball/summary?event=401808602 "HTTP/1.1 200 OK"
11:32:05 [INFO] HTTP Request: GET https://site.api.espn.com/apis/site/v2/sports/basketball/mens-college-basketball/summary?event=401808613 "HTTP/1.1 200 OK"
11:32:16 [INFO] HTTP Request: GET https://site.api.espn.com/apis/site/v2/sports/basketball/mens-college-basketball/summary?event=401808615 "HTTP/1.1 200 OK"
11:32:26 [INFO] HTTP Request: GET https://site.api.espn.com/apis/site/v2/sports/basketball/mens-college-basketball/summary?event=401808626 "HTTP/1.1 200 OK"
11:32:37 [INFO] HTTP Request: GET https://site.api.espn.com/apis/site/v2/sports/basketball/mens-college-basketball/summary?event=401808627 "HTTP/1.1 200 OK"
11:32:47 [INFO] HTTP Request: GET https://site.api.espn.com/apis/site/v2/sports/basketball/mens-college-basketball/summary?event=401808636 "HTTP/1.1 200 OK"
11:32:58 [INFO] HTTP Request: GET https://site.api.espn.com/apis/site/v2/sports/basketball/mens-college-basketball/summary?event=401808647 "HTTP/1.1 200 OK"
11:33:08 [INFO] HTTP Request: GET https://site.api.espn.com/apis/site/v2/sports/basketball/mens-college-basketball/summary?event=401808648 "HTTP/1.1 200 OK"
11:33:18 [INFO] HTTP Request: GET https://site.api.espn.com/apis/site/v2/sports/basketball/mens-college-basketball/summary?event=401808658 "HTTP/1.1 200 OK"
11:33:29 [INFO] HTTP Request: GET https://site.api.espn.com/apis/site/v2/sports/basketball/mens-college-basketball/summary?event=401845848 "HTTP/1.1 200 OK"
11:33:39 [INFO] HTTP Request: GET https://site.api.espn.com/apis/site/v2/sports/basketball/mens-college-basketball/summary?event=401808665 "HTTP/1.1 200 OK"
11:33:50 [INFO] HTTP Request: GET https://site.api.espn.com/apis/site/v2/sports/basketball/mens-college-basketball/summary?event=401808673 "HTTP/1.1 200 OK"
11:34:00 [INFO] HTTP Request: GET https://site.api.espn.com/apis/site/v2/sports/basketball/mens-college-basketball/summary?event=401808676 "HTTP/1.1 200 OK"
11:34:11 [INFO] HTTP Request: GET https://site.api.espn.com/apis/site/v2/sports/basketball/mens-college-basketball/summary?event=401808685 "HTTP/1.1 200 OK"
11:34:21 [INFO] HTTP Request: GET https://site.api.espn.com/apis/site/v2/sports/basketball/mens-college-basketball/summary?event=401808691 "HTTP/1.1 200 OK"
11:34:32 [INFO] HTTP Request: GET https://site.api.espn.com/apis/site/v2/sports/basketball/mens-college-basketball/summary?event=401808700 "HTTP/1.1 200 OK"
11:34:32 [INFO]   Loaded: 31 games, 618 player-game-stat rows
11:34:32 [INFO] 
[14/14] UL Monroe Warhawks
11:34:32 [INFO] Scraping team: UL Monroe Warhawks (ESPN #2433)
11:34:43 [INFO] HTTP Request: GET https://site.api.espn.com/apis/site/v2/sports/basketball/mens-college-basketball/teams/2433/schedule?season=2026 "HTTP/1.1 200 OK"
11:34:43 [INFO]   Schedule: 31 completed games
11:34:53 [INFO] HTTP Request: GET https://site.api.espn.com/apis/site/v2/sports/basketball/mens-college-basketball/summary?event=401823460 "HTTP/1.1 200 OK"
11:35:04 [INFO] HTTP Request: GET https://site.api.espn.com/apis/site/v2/sports/basketball/mens-college-basketball/summary?event=401828492 "HTTP/1.1 200 OK"
11:35:14 [INFO] HTTP Request: GET https://site.api.espn.com/apis/site/v2/sports/basketball/mens-college-basketball/summary?event=401830124 "HTTP/1.1 200 OK"
11:35:25 [INFO] HTTP Request: GET https://site.api.espn.com/apis/site/v2/sports/basketball/mens-college-basketball/summary?event=401828331 "HTTP/1.1 200 OK"
11:35:35 [INFO] HTTP Request: GET https://site.api.espn.com/apis/site/v2/sports/basketball/mens-college-basketball/summary?event=401828512 "HTTP/1.1 200 OK"
11:35:45 [INFO] HTTP Request: GET https://site.api.espn.com/apis/site/v2/sports/basketball/mens-college-basketball/summary?event=401830125 "HTTP/1.1 200 OK"
11:35:56 [INFO] HTTP Request: GET https://site.api.espn.com/apis/site/v2/sports/basketball/mens-college-basketball/summary?event=401824889 "HTTP/1.1 200 OK"
11:36:08 [INFO] HTTP Request: GET https://site.api.espn.com/apis/site/v2/sports/basketball/mens-college-basketball/summary?event=401830126 "HTTP/1.1 200 OK"
11:36:18 [INFO] HTTP Request: GET https://site.api.espn.com/apis/site/v2/sports/basketball/mens-college-basketball/summary?event=401829449 "HTTP/1.1 200 OK"
11:36:30 [INFO] HTTP Request: GET https://site.api.espn.com/apis/site/v2/sports/basketball/mens-college-basketball/summary?event=401830127 "HTTP/1.1 200 OK"
11:36:40 [INFO] HTTP Request: GET https://site.api.espn.com/apis/site/v2/sports/basketball/mens-college-basketball/summary?event=401809421 "HTTP/1.1 200 OK"
11:36:54 [INFO] HTTP Request: GET https://site.api.espn.com/apis/site/v2/sports/basketball/mens-college-basketball/summary?event=401808578 "HTTP/1.1 200 OK"
11:37:05 [INFO] HTTP Request: GET https://site.api.espn.com/apis/site/v2/sports/basketball/mens-college-basketball/summary?event=401808585 "HTTP/1.1 200 OK"
11:37:15 [INFO] HTTP Request: GET https://site.api.espn.com/apis/site/v2/sports/basketball/mens-college-basketball/summary?event=401819897 "HTTP/1.1 200 OK"
11:37:25 [INFO] HTTP Request: GET https://site.api.espn.com/apis/site/v2/sports/basketball/mens-college-basketball/summary?event=401808593 "HTTP/1.1 200 OK"
11:37:36 [INFO] HTTP Request: GET https://site.api.espn.com/apis/site/v2/sports/basketball/mens-college-basketball/summary?event=401808600 "HTTP/1.1 200 OK"
11:37:46 [INFO] HTTP Request: GET https://site.api.espn.com/apis/site/v2/sports/basketball/mens-college-basketball/summary?event=401808605 "HTTP/1.1 200 OK"
11:37:57 [INFO] HTTP Request: GET https://site.api.espn.com/apis/site/v2/sports/basketball/mens-college-basketball/summary?event=401808612 "HTTP/1.1 200 OK"
11:38:07 [INFO] HTTP Request: GET https://site.api.espn.com/apis/site/v2/sports/basketball/mens-college-basketball/summary?event=401808623 "HTTP/1.1 200 OK"
11:38:17 [INFO] HTTP Request: GET https://site.api.espn.com/apis/site/v2/sports/basketball/mens-college-basketball/summary?event=401808633 "HTTP/1.1 200 OK"
11:38:28 [INFO] HTTP Request: GET https://site.api.espn.com/apis/site/v2/sports/basketball/mens-college-basketball/summary?event=401808634 "HTTP/1.1 200 OK"
11:38:38 [INFO] HTTP Request: GET https://site.api.espn.com/apis/site/v2/sports/basketball/mens-college-basketball/summary?event=401858731 "HTTP/1.1 200 OK"
11:38:49 [INFO] HTTP Request: GET https://site.api.espn.com/apis/site/v2/sports/basketball/mens-college-basketball/summary?event=401808649 "HTTP/1.1 200 OK"
11:38:59 [INFO] HTTP Request: GET https://site.api.espn.com/apis/site/v2/sports/basketball/mens-college-basketball/summary?event=401808661 "HTTP/1.1 200 OK"
11:39:09 [INFO] HTTP Request: GET https://site.api.espn.com/apis/site/v2/sports/basketball/mens-college-basketball/summary?event=401845842 "HTTP/1.1 200 OK"
11:39:20 [INFO] HTTP Request: GET https://site.api.espn.com/apis/site/v2/sports/basketball/mens-college-basketball/summary?event=401808664 "HTTP/1.1 200 OK"
11:39:30 [INFO] HTTP Request: GET https://site.api.espn.com/apis/site/v2/sports/basketball/mens-college-basketball/summary?event=401808674 "HTTP/1.1 200 OK"
11:39:41 [INFO] HTTP Request: GET https://site.api.espn.com/apis/site/v2/sports/basketball/mens-college-basketball/summary?event=401808676 "HTTP/1.1 200 OK"
11:39:51 [INFO] HTTP Request: GET https://site.api.espn.com/apis/site/v2/sports/basketball/mens-college-basketball/summary?event=401808687 "HTTP/1.1 200 OK"
11:40:01 [INFO] HTTP Request: GET https://site.api.espn.com/apis/site/v2/sports/basketball/mens-college-basketball/summary?event=401808693 "HTTP/1.1 200 OK"
11:40:13 [INFO] HTTP Request: GET https://site.api.espn.com/apis/site/v2/sports/basketball/mens-college-basketball/summary?event=401808700 "HTTP/1.1 200 OK"
11:40:13 [INFO]   Loaded: 31 games, 630 player-game-stat rows
11:40:13 [INFO] 
============================================================
11:40:13 [INFO]   BATCH COMPLETE: 14 teams, 432 games, 8661 PGS rows
11:40:13 [INFO] ============================================================

============================================================
  ESPN BATCH — FINAL SUMMARY
============================================================
  Total teams:                3213
  Total players:              30772
  Total games:                18008
  Total player_game_stats:    484797
============================================================
