09:19:36 [INFO] Batch: 9 NCAA D1 teams via ESPN
09:19:36 [INFO] 
[1/9] Denver Pioneers
09:19:36 [INFO] Scraping team: Denver Pioneers (ESPN #2172)
09:19:37 [INFO] HTTP Request: GET https://site.api.espn.com/apis/site/v2/sports/basketball/mens-college-basketball/teams/2172/schedule?season=2026 "HTTP/1.1 200 OK"
09:19:37 [INFO]   Schedule: 31 completed games
09:19:47 [INFO] HTTP Request: GET https://site.api.espn.com/apis/site/v2/sports/basketball/mens-college-basketball/summary?event=401824125 "HTTP/1.1 200 OK"
09:19:57 [INFO] HTTP Request: GET https://site.api.espn.com/apis/site/v2/sports/basketball/mens-college-basketball/summary?event=401826738 "HTTP/1.1 200 OK"
09:20:08 [INFO] HTTP Request: GET https://site.api.espn.com/apis/site/v2/sports/basketball/mens-college-basketball/summary?event=401825577 "HTTP/1.1 200 OK"
09:20:18 [INFO] HTTP Request: GET https://site.api.espn.com/apis/site/v2/sports/basketball/mens-college-basketball/summary?event=401826739 "HTTP/1.1 200 OK"
09:20:28 [INFO] HTTP Request: GET https://site.api.espn.com/apis/site/v2/sports/basketball/mens-college-basketball/summary?event=401823810 "HTTP/1.1 200 OK"
09:20:39 [INFO] HTTP Request: GET https://site.api.espn.com/apis/site/v2/sports/basketball/mens-college-basketball/summary?event=401826740 "HTTP/1.1 200 OK"
09:20:49 [INFO] HTTP Request: GET https://site.api.espn.com/apis/site/v2/sports/basketball/mens-college-basketball/summary?event=401823760 "HTTP/1.1 200 OK"
09:20:59 [INFO] HTTP Request: GET https://site.api.espn.com/apis/site/v2/sports/basketball/mens-college-basketball/summary?event=401823504 "HTTP/1.1 200 OK"
09:21:10 [INFO] HTTP Request: GET https://site.api.espn.com/apis/site/v2/sports/basketball/mens-college-basketball/summary?event=401824856 "HTTP/1.1 200 OK"
09:21:20 [INFO] HTTP Request: GET https://site.api.espn.com/apis/site/v2/sports/basketball/mens-college-basketball/summary?event=401826741 "HTTP/1.1 200 OK"
09:21:30 [INFO] HTTP Request: GET https://site.api.espn.com/apis/site/v2/sports/basketball/mens-college-basketball/summary?event=401826742 "HTTP/1.1 200 OK"
09:21:41 [INFO] HTTP Request: GET https://site.api.espn.com/apis/site/v2/sports/basketball/mens-college-basketball/summary?event=401823176 "HTTP/1.1 200 OK"
09:21:51 [INFO] HTTP Request: GET https://site.api.espn.com/apis/site/v2/sports/basketball/mens-college-basketball/summary?event=401826743 "HTTP/1.1 200 OK"
09:22:01 [INFO] HTTP Request: GET https://site.api.espn.com/apis/site/v2/sports/basketball/mens-college-basketball/summary?event=401826744 "HTTP/1.1 200 OK"
09:22:12 [INFO] HTTP Request: GET https://site.api.espn.com/apis/site/v2/sports/basketball/mens-college-basketball/summary?event=401826745 "HTTP/1.1 200 OK"
09:22:22 [INFO] HTTP Request: GET https://site.api.espn.com/apis/site/v2/sports/basketball/mens-college-basketball/summary?event=401818330 "HTTP/1.1 200 OK"
09:22:33 [INFO] HTTP Request: GET https://site.api.espn.com/apis/site/v2/sports/basketball/mens-college-basketball/summary?event=401818376 "HTTP/1.1 200 OK"
09:22:43 [INFO] HTTP Request: GET https://site.api.espn.com/apis/site/v2/sports/basketball/mens-college-basketball/summary?event=401818380 "HTTP/1.1 200 OK"
09:22:53 [INFO] HTTP Request: GET https://site.api.espn.com/apis/site/v2/sports/basketball/mens-college-basketball/summary?event=401818383 "HTTP/1.1 200 OK"
09:23:04 [INFO] HTTP Request: GET https://site.api.espn.com/apis/site/v2/sports/basketball/mens-college-basketball/summary?event=401818386 "HTTP/1.1 200 OK"
09:23:14 [INFO] HTTP Request: GET https://site.api.espn.com/apis/site/v2/sports/basketball/mens-college-basketball/summary?event=401818395 "HTTP/1.1 200 OK"
09:23:25 [INFO] HTTP Request: GET https://site.api.espn.com/apis/site/v2/sports/basketball/mens-college-basketball/summary?event=401818397 "HTTP/1.1 200 OK"
09:23:36 [INFO] HTTP Request: GET https://site.api.espn.com/apis/site/v2/sports/basketball/mens-college-basketball/summary?event=401818402 "HTTP/1.1 200 OK"
09:23:46 [INFO] HTTP Request: GET https://site.api.espn.com/apis/site/v2/sports/basketball/mens-college-basketball/summary?event=401818406 "HTTP/1.1 200 OK"
09:23:56 [INFO] HTTP Request: GET https://site.api.espn.com/apis/site/v2/sports/basketball/mens-college-basketball/summary?event=401818411 "HTTP/1.1 200 OK"
09:24:07 [INFO] HTTP Request: GET https://site.api.espn.com/apis/site/v2/sports/basketball/mens-college-basketball/summary?event=401818415 "HTTP/1.1 200 OK"
09:24:17 [INFO] HTTP Request: GET https://site.api.espn.com/apis/site/v2/sports/basketball/mens-college-basketball/summary?event=401818417 "HTTP/1.1 200 OK"
09:24:27 [INFO] HTTP Request: GET https://site.api.espn.com/apis/site/v2/sports/basketball/mens-college-basketball/summary?event=401818423 "HTTP/1.1 200 OK"
09:24:37 [INFO] HTTP Request: GET https://site.api.espn.com/apis/site/v2/sports/basketball/mens-college-basketball/summary?event=401818426 "HTTP/1.1 200 OK"
09:24:48 [INFO] HTTP Request: GET https://site.api.espn.com/apis/site/v2/sports/basketball/mens-college-basketball/summary?event=401818430 "HTTP/1.1 200 OK"
09:24:58 [INFO] HTTP Request: GET https://site.api.espn.com/apis/site/v2/sports/basketball/mens-college-basketball/summary?event=401818435 "HTTP/1.1 200 OK"
09:24:58 [INFO]   Loaded: 31 games, 584 player-game-stat rows
09:24:58 [INFO] 
[2/9] Kansas City Roos
09:24:58 [INFO] Scraping team: Kansas City Roos (ESPN #140)
09:25:08 [INFO] HTTP Request: GET https://site.api.espn.com/apis/site/v2/sports/basketball/mens-college-basketball/teams/140/schedule?season=2026 "HTTP/1.1 200 OK"
09:25:08 [INFO]   Schedule: 29 completed games
09:25:19 [INFO] HTTP Request: GET https://site.api.espn.com/apis/site/v2/sports/basketball/mens-college-basketball/summary?event=401829451 "HTTP/1.1 200 OK"
09:25:29 [INFO] HTTP Request: GET https://site.api.espn.com/apis/site/v2/sports/basketball/mens-college-basketball/summary?event=401828917 "HTTP/1.1 200 OK"
09:25:39 [INFO] HTTP Request: GET https://site.api.espn.com/apis/site/v2/sports/basketball/mens-college-basketball/summary?event=401824303 "HTTP/1.1 200 OK"
09:25:49 [INFO] HTTP Request: GET https://site.api.espn.com/apis/site/v2/sports/basketball/mens-college-basketball/summary?event=401829425 "HTTP/1.1 200 OK"
09:26:00 [INFO] HTTP Request: GET https://site.api.espn.com/apis/site/v2/sports/basketball/mens-college-basketball/summary?event=401812253 "HTTP/1.1 200 OK"
09:26:11 [INFO] HTTP Request: GET https://site.api.espn.com/apis/site/v2/sports/basketball/mens-college-basketball/summary?event=401822393 "HTTP/1.1 200 OK"
09:26:21 [INFO] HTTP Request: GET https://site.api.espn.com/apis/site/v2/sports/basketball/mens-college-basketball/summary?event=401826934 "HTTP/1.1 200 OK"
09:26:32 [INFO] HTTP Request: GET https://site.api.espn.com/apis/site/v2/sports/basketball/mens-college-basketball/summary?event=401824855 "HTTP/1.1 200 OK"
09:26:42 [INFO] HTTP Request: GET https://site.api.espn.com/apis/site/v2/sports/basketball/mens-college-basketball/summary?event=401823505 "HTTP/1.1 200 OK"
09:26:53 [INFO] HTTP Request: GET https://site.api.espn.com/apis/site/v2/sports/basketball/mens-college-basketball/summary?event=401826957 "HTTP/1.1 200 OK"
09:27:03 [INFO] HTTP Request: GET https://site.api.espn.com/apis/site/v2/sports/basketball/mens-college-basketball/summary?event=401829452 "HTTP/1.1 200 OK"
09:27:14 [INFO] HTTP Request: GET https://site.api.espn.com/apis/site/v2/sports/basketball/mens-college-basketball/summary?event=401826781 "HTTP/1.1 200 OK"
09:27:25 [INFO] HTTP Request: GET https://site.api.espn.com/apis/site/v2/sports/basketball/mens-college-basketball/summary?event=401813295 "HTTP/1.1 200 OK"
09:27:35 [INFO] HTTP Request: GET https://site.api.espn.com/apis/site/v2/sports/basketball/mens-college-basketball/summary?event=401829454 "HTTP/1.1 200 OK"
09:27:46 [INFO] HTTP Request: GET https://site.api.espn.com/apis/site/v2/sports/basketball/mens-college-basketball/summary?event=401818330 "HTTP/1.1 200 OK"
09:27:56 [INFO] HTTP Request: GET https://site.api.espn.com/apis/site/v2/sports/basketball/mens-college-basketball/summary?event=401818375 "HTTP/1.1 200 OK"
09:28:06 [INFO] HTTP Request: GET https://site.api.espn.com/apis/site/v2/sports/basketball/mens-college-basketball/summary?event=401818379 "HTTP/1.1 200 OK"
09:28:17 [INFO] HTTP Request: GET https://site.api.espn.com/apis/site/v2/sports/basketball/mens-college-basketball/summary?event=401818381 "HTTP/1.1 200 OK"
09:28:27 [INFO] HTTP Request: GET https://site.api.espn.com/apis/site/v2/sports/basketball/mens-college-basketball/summary?event=401818388 "HTTP/1.1 200 OK"
09:28:37 [INFO] HTTP Request: GET https://site.api.espn.com/apis/site/v2/sports/basketball/mens-college-basketball/summary?event=401818392 "HTTP/1.1 200 OK"
09:28:48 [INFO] HTTP Request: GET https://site.api.espn.com/apis/site/v2/sports/basketball/mens-college-basketball/summary?event=401818399 "HTTP/1.1 200 OK"
09:28:58 [INFO] HTTP Request: GET https://site.api.espn.com/apis/site/v2/sports/basketball/mens-college-basketball/summary?event=401818402 "HTTP/1.1 200 OK"
09:29:08 [INFO] HTTP Request: GET https://site.api.espn.com/apis/site/v2/sports/basketball/mens-college-basketball/summary?event=401829482 "HTTP/1.1 200 OK"
09:29:19 [INFO] HTTP Request: GET https://site.api.espn.com/apis/site/v2/sports/basketball/mens-college-basketball/summary?event=401818408 "HTTP/1.1 200 OK"
09:29:29 [INFO] HTTP Request: GET https://site.api.espn.com/apis/site/v2/sports/basketball/mens-college-basketball/summary?event=401818419 "HTTP/1.1 200 OK"
09:29:39 [INFO] HTTP Request: GET https://site.api.espn.com/apis/site/v2/sports/basketball/mens-college-basketball/summary?event=401818422 "HTTP/1.1 200 OK"
09:29:50 [INFO] HTTP Request: GET https://site.api.espn.com/apis/site/v2/sports/basketball/mens-college-basketball/summary?event=401818427 "HTTP/1.1 200 OK"
09:30:00 [INFO] HTTP Request: GET https://site.api.espn.com/apis/site/v2/sports/basketball/mens-college-basketball/summary?event=401818431 "HTTP/1.1 200 OK"
09:30:11 [INFO] HTTP Request: GET https://site.api.espn.com/apis/site/v2/sports/basketball/mens-college-basketball/summary?event=401818433 "HTTP/1.1 200 OK"
09:30:11 [INFO]   Loaded: 29 games, 585 player-game-stat rows
09:30:11 [INFO] 
[3/9] North Dakota Fighting Hawks
09:30:11 [INFO] Scraping team: North Dakota Fighting Hawks (ESPN #155)
09:30:21 [INFO] HTTP Request: GET https://site.api.espn.com/apis/site/v2/sports/basketball/mens-college-basketball/teams/155/schedule?season=2026 "HTTP/1.1 200 OK"
09:30:21 [INFO]   Schedule: 31 completed games
09:30:31 [INFO] HTTP Request: GET https://site.api.espn.com/apis/site/v2/sports/basketball/mens-college-basketball/summary?event=401812260 "HTTP/1.1 200 OK"
09:30:42 [INFO] HTTP Request: GET https://site.api.espn.com/apis/site/v2/sports/basketball/mens-college-basketball/summary?event=401826042 "HTTP/1.1 200 OK"
09:30:52 [INFO] HTTP Request: GET https://site.api.espn.com/apis/site/v2/sports/basketball/mens-college-basketball/summary?event=401823256 "HTTP/1.1 200 OK"
09:31:02 [INFO] HTTP Request: GET https://site.api.espn.com/apis/site/v2/sports/basketball/mens-college-basketball/summary?event=401829455 "HTTP/1.1 200 OK"
09:31:12 [INFO] HTTP Request: GET https://site.api.espn.com/apis/site/v2/sports/basketball/mens-college-basketball/summary?event=401826044 "HTTP/1.1 200 OK"
09:31:23 [INFO] HTTP Request: GET https://site.api.espn.com/apis/site/v2/sports/basketball/mens-college-basketball/summary?event=401820833 "HTTP/1.1 200 OK"
09:31:33 [INFO] HTTP Request: GET https://site.api.espn.com/apis/site/v2/sports/basketball/mens-college-basketball/summary?event=401829457 "HTTP/1.1 200 OK"
09:31:44 [INFO] HTTP Request: GET https://site.api.espn.com/apis/site/v2/sports/basketball/mens-college-basketball/summary?event=401829456 "HTTP/1.1 200 OK"
09:31:54 [INFO] HTTP Request: GET https://site.api.espn.com/apis/site/v2/sports/basketball/mens-college-basketball/summary?event=401824900 "HTTP/1.1 200 OK"
09:32:05 [INFO] HTTP Request: GET https://site.api.espn.com/apis/site/v2/sports/basketball/mens-college-basketball/summary?event=401823568 "HTTP/1.1 200 OK"
09:32:15 [INFO] HTTP Request: GET https://site.api.espn.com/apis/site/v2/sports/basketball/mens-college-basketball/summary?event=401828293 "HTTP/1.1 200 OK"
09:32:25 [INFO] HTTP Request: GET https://site.api.espn.com/apis/site/v2/sports/basketball/mens-college-basketball/summary?event=401829458 "HTTP/1.1 200 OK"
09:32:36 [INFO] HTTP Request: GET https://site.api.espn.com/apis/site/v2/sports/basketball/mens-college-basketball/summary?event=401829459 "HTTP/1.1 200 OK"
09:32:46 [INFO] HTTP Request: GET https://site.api.espn.com/apis/site/v2/sports/basketball/mens-college-basketball/summary?event=401827073 "HTTP/1.1 200 OK"
09:32:58 [INFO] HTTP Request: GET https://site.api.espn.com/apis/site/v2/sports/basketball/mens-college-basketball/summary?event=401827239 "HTTP/1.1 200 OK"
09:33:08 [INFO] HTTP Request: GET https://site.api.espn.com/apis/site/v2/sports/basketball/mens-college-basketball/summary?event=401829460 "HTTP/1.1 200 OK"
09:33:19 [INFO] HTTP Request: GET https://site.api.espn.com/apis/site/v2/sports/basketball/mens-college-basketball/summary?event=401818331 "HTTP/1.1 200 OK"
09:33:29 [INFO] HTTP Request: GET https://site.api.espn.com/apis/site/v2/sports/basketball/mens-college-basketball/summary?event=401818373 "HTTP/1.1 200 OK"
09:33:40 [INFO] HTTP Request: GET https://site.api.espn.com/apis/site/v2/sports/basketball/mens-college-basketball/summary?event=401818378 "HTTP/1.1 200 OK"
09:33:51 [INFO] HTTP Request: GET https://site.api.espn.com/apis/site/v2/sports/basketball/mens-college-basketball/summary?event=401818381 "HTTP/1.1 200 OK"
09:34:02 [INFO] HTTP Request: GET https://site.api.espn.com/apis/site/v2/sports/basketball/mens-college-basketball/summary?event=401818387 "HTTP/1.1 200 OK"
09:34:13 [INFO] HTTP Request: GET https://site.api.espn.com/apis/site/v2/sports/basketball/mens-college-basketball/summary?event=401818389 "HTTP/1.1 200 OK"
09:34:25 [INFO] HTTP Request: GET https://site.api.espn.com/apis/site/v2/sports/basketball/mens-college-basketball/summary?event=401818394 "HTTP/1.1 200 OK"
09:34:35 [INFO] HTTP Request: GET https://site.api.espn.com/apis/site/v2/sports/basketball/mens-college-basketball/summary?event=401818397 "HTTP/1.1 200 OK"
09:34:48 [INFO] HTTP Request: GET https://site.api.espn.com/apis/site/v2/sports/basketball/mens-college-basketball/summary?event=401818403 "HTTP/1.1 200 OK"
09:34:58 [INFO] HTTP Request: GET https://site.api.espn.com/apis/site/v2/sports/basketball/mens-college-basketball/summary?event=401818410 "HTTP/1.1 200 OK"
09:35:09 [INFO] HTTP Request: GET https://site.api.espn.com/apis/site/v2/sports/basketball/mens-college-basketball/summary?event=401818415 "HTTP/1.1 200 OK"
09:35:19 [INFO] HTTP Request: GET https://site.api.espn.com/apis/site/v2/sports/basketball/mens-college-basketball/summary?event=401818416 "HTTP/1.1 200 OK"
09:35:30 [INFO] HTTP Request: GET https://site.api.espn.com/apis/site/v2/sports/basketball/mens-college-basketball/summary?event=401818420 "HTTP/1.1 200 OK"
09:35:40 [INFO] HTTP Request: GET https://site.api.espn.com/apis/site/v2/sports/basketball/mens-college-basketball/summary?event=401818427 "HTTP/1.1 200 OK"
09:35:50 [INFO] HTTP Request: GET https://site.api.espn.com/apis/site/v2/sports/basketball/mens-college-basketball/summary?event=401818428 "HTTP/1.1 200 OK"
09:35:51 [INFO]   Loaded: 31 games, 646 player-game-stat rows
09:35:51 [INFO] 
[4/9] North Dakota State Bison
09:35:51 [INFO] Scraping team: North Dakota State Bison (ESPN #2449)
09:36:01 [INFO] HTTP Request: GET https://site.api.espn.com/apis/site/v2/sports/basketball/mens-college-basketball/teams/2449/schedule?season=2026 "HTTP/1.1 200 OK"
09:36:01 [INFO]   Schedule: 30 completed games
09:36:12 [INFO] HTTP Request: GET https://site.api.espn.com/apis/site/v2/sports/basketball/mens-college-basketball/summary?event=401824054 "HTTP/1.1 200 OK"
09:36:22 [INFO] HTTP Request: GET https://site.api.espn.com/apis/site/v2/sports/basketball/mens-college-basketball/summary?event=401826086 "HTTP/1.1 200 OK"
09:36:33 [INFO] HTTP Request: GET https://site.api.espn.com/apis/site/v2/sports/basketball/mens-college-basketball/summary?event=401823257 "HTTP/1.1 200 OK"
09:36:43 [INFO] HTTP Request: GET https://site.api.espn.com/apis/site/v2/sports/basketball/mens-college-basketball/summary?event=401829461 "HTTP/1.1 200 OK"
09:36:54 [INFO] HTTP Request: GET https://site.api.espn.com/apis/site/v2/sports/basketball/mens-college-basketball/summary?event=401828919 "HTTP/1.1 200 OK"
09:37:04 [INFO] HTTP Request: GET https://site.api.espn.com/apis/site/v2/sports/basketball/mens-college-basketball/summary?event=401829462 "HTTP/1.1 200 OK"
09:37:15 [INFO] HTTP Request: GET https://site.api.espn.com/apis/site/v2/sports/basketball/mens-college-basketball/summary?event=401828311 "HTTP/1.1 200 OK"
09:37:26 [INFO] HTTP Request: GET https://site.api.espn.com/apis/site/v2/sports/basketball/mens-college-basketball/summary?event=401829463 "HTTP/1.1 200 OK"
09:37:36 [INFO] HTTP Request: GET https://site.api.espn.com/apis/site/v2/sports/basketball/mens-college-basketball/summary?event=401828292 "HTTP/1.1 200 OK"
09:37:47 [INFO] HTTP Request: GET https://site.api.espn.com/apis/site/v2/sports/basketball/mens-college-basketball/summary?event=401825593 "HTTP/1.1 200 OK"
09:37:58 [INFO] HTTP Request: GET https://site.api.espn.com/apis/site/v2/sports/basketball/mens-college-basketball/summary?event=401823738 "HTTP/1.1 200 OK"
09:38:08 [INFO] HTTP Request: GET https://site.api.espn.com/apis/site/v2/sports/basketball/mens-college-basketball/summary?event=401828910 "HTTP/1.1 200 OK"
09:38:19 [INFO] HTTP Request: GET https://site.api.espn.com/apis/site/v2/sports/basketball/mens-college-basketball/summary?event=401829464 "HTTP/1.1 200 OK"
09:38:30 [INFO] HTTP Request: GET https://site.api.espn.com/apis/site/v2/sports/basketball/mens-college-basketball/summary?event=401829465 "HTTP/1.1 200 OK"
09:38:40 [INFO] HTTP Request: GET https://site.api.espn.com/apis/site/v2/sports/basketball/mens-college-basketball/summary?event=401831232 "HTTP/1.1 200 OK"
09:38:51 [INFO] HTTP Request: GET https://site.api.espn.com/apis/site/v2/sports/basketball/mens-college-basketball/summary?event=401818329 "HTTP/1.1 200 OK"
09:39:02 [INFO] HTTP Request: GET https://site.api.espn.com/apis/site/v2/sports/basketball/mens-college-basketball/summary?event=401818374 "HTTP/1.1 200 OK"
09:39:12 [INFO] HTTP Request: GET https://site.api.espn.com/apis/site/v2/sports/basketball/mens-college-basketball/summary?event=401818379 "HTTP/1.1 200 OK"
09:39:23 [INFO] HTTP Request: GET https://site.api.espn.com/apis/site/v2/sports/basketball/mens-college-basketball/summary?event=401818382 "HTTP/1.1 200 OK"
09:39:34 [INFO] HTTP Request: GET https://site.api.espn.com/apis/site/v2/sports/basketball/mens-college-basketball/summary?event=401818385 "HTTP/1.1 200 OK"
09:39:45 [INFO] HTTP Request: GET https://site.api.espn.com/apis/site/v2/sports/basketball/mens-college-basketball/summary?event=401818391 "HTTP/1.1 200 OK"
09:39:56 [INFO] HTTP Request: GET https://site.api.espn.com/apis/site/v2/sports/basketball/mens-college-basketball/summary?event=401818395 "HTTP/1.1 200 OK"
09:40:06 [INFO] HTTP Request: GET https://site.api.espn.com/apis/site/v2/sports/basketball/mens-college-basketball/summary?event=401818398 "HTTP/1.1 200 OK"
09:40:17 [INFO] HTTP Request: GET https://site.api.espn.com/apis/site/v2/sports/basketball/mens-college-basketball/summary?event=401818405 "HTTP/1.1 200 OK"
09:40:27 [INFO] HTTP Request: GET https://site.api.espn.com/apis/site/v2/sports/basketball/mens-college-basketball/summary?event=401818411 "HTTP/1.1 200 OK"
09:40:38 [INFO] HTTP Request: GET https://site.api.espn.com/apis/site/v2/sports/basketball/mens-college-basketball/summary?event=401818413 "HTTP/1.1 200 OK"
09:40:48 [INFO] HTTP Request: GET https://site.api.espn.com/apis/site/v2/sports/basketball/mens-college-basketball/summary?event=401818420 "HTTP/1.1 200 OK"
09:40:59 [INFO] HTTP Request: GET https://site.api.espn.com/apis/site/v2/sports/basketball/mens-college-basketball/summary?event=401818424 "HTTP/1.1 200 OK"
09:41:09 [INFO] HTTP Request: GET https://site.api.espn.com/apis/site/v2/sports/basketball/mens-college-basketball/summary?event=401818431 "HTTP/1.1 200 OK"
09:41:20 [INFO] HTTP Request: GET https://site.api.espn.com/apis/site/v2/sports/basketball/mens-college-basketball/summary?event=401818432 "HTTP/1.1 200 OK"
09:41:20 [INFO]   Loaded: 30 games, 611 player-game-stat rows
09:41:20 [INFO] 
[5/9] Omaha Mavericks
09:41:20 [INFO] Scraping team: Omaha Mavericks (ESPN #2437)
09:41:31 [INFO] HTTP Request: GET https://site.api.espn.com/apis/site/v2/sports/basketball/mens-college-basketball/teams/2437/schedule?season=2026 "HTTP/1.1 200 OK"
09:41:31 [INFO]   Schedule: 30 completed games
09:41:41 [INFO] HTTP Request: GET https://site.api.espn.com/apis/site/v2/sports/basketball/mens-college-basketball/summary?event=401826859 "HTTP/1.1 200 OK"
09:41:52 [INFO] HTTP Request: GET https://site.api.espn.com/apis/site/v2/sports/basketball/mens-college-basketball/summary?event=401823522 "HTTP/1.1 200 OK"
09:42:02 [INFO] HTTP Request: GET https://site.api.espn.com/apis/site/v2/sports/basketball/mens-college-basketball/summary?event=401823808 "HTTP/1.1 200 OK"
09:42:13 [INFO] HTTP Request: GET https://site.api.espn.com/apis/site/v2/sports/basketball/mens-college-basketball/summary?event=401823541 "HTTP/1.1 200 OK"
09:42:24 [INFO] HTTP Request: GET https://site.api.espn.com/apis/site/v2/sports/basketball/mens-college-basketball/summary?event=401829466 "HTTP/1.1 200 OK"
09:42:34 [INFO] HTTP Request: GET https://site.api.espn.com/apis/site/v2/sports/basketball/mens-college-basketball/summary?event=401829422 "HTTP/1.1 200 OK"
09:42:44 [INFO] HTTP Request: GET https://site.api.espn.com/apis/site/v2/sports/basketball/mens-college-basketball/summary?event=401829467 "HTTP/1.1 200 OK"
09:42:55 [INFO] HTTP Request: GET https://site.api.espn.com/apis/site/v2/sports/basketball/mens-college-basketball/summary?event=401829046 "HTTP/1.1 200 OK"
09:43:05 [INFO] HTTP Request: GET https://site.api.espn.com/apis/site/v2/sports/basketball/mens-college-basketball/summary?event=401829468 "HTTP/1.1 200 OK"
09:43:16 [INFO] HTTP Request: GET https://site.api.espn.com/apis/site/v2/sports/basketball/mens-college-basketball/summary?event=401826921 "HTTP/1.1 200 OK"
09:43:26 [INFO] HTTP Request: GET https://site.api.espn.com/apis/site/v2/sports/basketball/mens-college-basketball/summary?event=401826924 "HTTP/1.1 200 OK"
09:43:36 [INFO] HTTP Request: GET https://site.api.espn.com/apis/site/v2/sports/basketball/mens-college-basketball/summary?event=401829469 "HTTP/1.1 200 OK"
09:43:47 [INFO] HTTP Request: GET https://site.api.espn.com/apis/site/v2/sports/basketball/mens-college-basketball/summary?event=401829470 "HTTP/1.1 200 OK"
09:43:57 [INFO] HTTP Request: GET https://site.api.espn.com/apis/site/v2/sports/basketball/mens-college-basketball/summary?event=401828515 "HTTP/1.1 200 OK"
09:44:08 [INFO] HTTP Request: GET https://site.api.espn.com/apis/site/v2/sports/basketball/mens-college-basketball/summary?event=401827266 "HTTP/1.1 200 OK"
09:44:18 [INFO] HTTP Request: GET https://site.api.espn.com/apis/site/v2/sports/basketball/mens-college-basketball/summary?event=401818332 "HTTP/1.1 200 OK"
09:44:28 [INFO] HTTP Request: GET https://site.api.espn.com/apis/site/v2/sports/basketball/mens-college-basketball/summary?event=401818375 "HTTP/1.1 200 OK"
09:44:39 [INFO] HTTP Request: GET https://site.api.espn.com/apis/site/v2/sports/basketball/mens-college-basketball/summary?event=401818378 "HTTP/1.1 200 OK"
09:44:49 [INFO] HTTP Request: GET https://site.api.espn.com/apis/site/v2/sports/basketball/mens-college-basketball/summary?event=401818382 "HTTP/1.1 200 OK"
09:44:59 [INFO] HTTP Request: GET https://site.api.espn.com/apis/site/v2/sports/basketball/mens-college-basketball/summary?event=401818390 "HTTP/1.1 200 OK"
09:45:10 [INFO] HTTP Request: GET https://site.api.espn.com/apis/site/v2/sports/basketball/mens-college-basketball/summary?event=401818393 "HTTP/1.1 200 OK"
09:45:20 [INFO] HTTP Request: GET https://site.api.espn.com/apis/site/v2/sports/basketball/mens-college-basketball/summary?event=401818399 "HTTP/1.1 200 OK"
09:45:30 [INFO] HTTP Request: GET https://site.api.espn.com/apis/site/v2/sports/basketball/mens-college-basketball/summary?event=401818401 "HTTP/1.1 200 OK"
09:45:41 [INFO] HTTP Request: GET https://site.api.espn.com/apis/site/v2/sports/basketball/mens-college-basketball/summary?event=401818406 "HTTP/1.1 200 OK"
09:45:51 [INFO] HTTP Request: GET https://site.api.espn.com/apis/site/v2/sports/basketball/mens-college-basketball/summary?event=401818410 "HTTP/1.1 200 OK"
09:46:02 [INFO] HTTP Request: GET https://site.api.espn.com/apis/site/v2/sports/basketball/mens-college-basketball/summary?event=401818413 "HTTP/1.1 200 OK"
09:46:12 [INFO] HTTP Request: GET https://site.api.espn.com/apis/site/v2/sports/basketball/mens-college-basketball/summary?event=401818418 "HTTP/1.1 200 OK"
09:46:23 [INFO] HTTP Request: GET https://site.api.espn.com/apis/site/v2/sports/basketball/mens-college-basketball/summary?event=401818423 "HTTP/1.1 200 OK"
09:46:33 [INFO] HTTP Request: GET https://site.api.espn.com/apis/site/v2/sports/basketball/mens-college-basketball/summary?event=401818425 "HTTP/1.1 200 OK"
09:46:46 [INFO] HTTP Request: GET https://site.api.espn.com/apis/site/v2/sports/basketball/mens-college-basketball/summary?event=401818434 "HTTP/1.1 200 OK"
09:46:47 [INFO]   Loaded: 30 games, 582 player-game-stat rows
09:46:47 [INFO] 
[6/9] Oral Roberts Golden Eagles
09:46:47 [INFO] Scraping team: Oral Roberts Golden Eagles (ESPN #198)
09:46:57 [INFO] HTTP Request: GET https://site.api.espn.com/apis/site/v2/sports/basketball/mens-college-basketball/teams/198/schedule?season=2026 "HTTP/1.1 200 OK"
09:46:57 [INFO]   Schedule: 30 completed games
09:47:07 [INFO] HTTP Request: GET https://site.api.espn.com/apis/site/v2/sports/basketball/mens-college-basketball/summary?event=401813286 "HTTP/1.1 200 OK"
09:47:18 [INFO] HTTP Request: GET https://site.api.espn.com/apis/site/v2/sports/basketball/mens-college-basketball/summary?event=401828526 "HTTP/1.1 200 OK"
09:47:28 [INFO] HTTP Request: GET https://site.api.espn.com/apis/site/v2/sports/basketball/mens-college-basketball/summary?event=401828282 "HTTP/1.1 200 OK"
09:47:38 [INFO] HTTP Request: GET https://site.api.espn.com/apis/site/v2/sports/basketball/mens-college-basketball/summary?event=401811967 "HTTP/1.1 200 OK"
09:47:49 [INFO] HTTP Request: GET https://site.api.espn.com/apis/site/v2/sports/basketball/mens-college-basketball/summary?event=401828527 "HTTP/1.1 200 OK"
09:47:59 [INFO] HTTP Request: GET https://site.api.espn.com/apis/site/v2/sports/basketball/mens-college-basketball/summary?event=401826779 "HTTP/1.1 200 OK"
09:48:09 [INFO] HTTP Request: GET https://site.api.espn.com/apis/site/v2/sports/basketball/mens-college-basketball/summary?event=401823229 "HTTP/1.1 200 OK"
09:48:20 [INFO] HTTP Request: GET https://site.api.espn.com/apis/site/v2/sports/basketball/mens-college-basketball/summary?event=401828339 "HTTP/1.1 200 OK"
09:48:30 [INFO] HTTP Request: GET https://site.api.espn.com/apis/site/v2/sports/basketball/mens-college-basketball/summary?event=401829616 "HTTP/1.1 200 OK"
09:48:41 [INFO] HTTP Request: GET https://site.api.espn.com/apis/site/v2/sports/basketball/mens-college-basketball/summary?event=401826955 "HTTP/1.1 200 OK"
09:48:51 [INFO] HTTP Request: GET https://site.api.espn.com/apis/site/v2/sports/basketball/mens-college-basketball/summary?event=401825581 "HTTP/1.1 200 OK"
09:49:02 [INFO] HTTP Request: GET https://site.api.espn.com/apis/site/v2/sports/basketball/mens-college-basketball/summary?event=401828528 "HTTP/1.1 200 OK"
09:49:12 [INFO] HTTP Request: GET https://site.api.espn.com/apis/site/v2/sports/basketball/mens-college-basketball/summary?event=401823329 "HTTP/1.1 200 OK"
09:49:22 [INFO] HTTP Request: GET https://site.api.espn.com/apis/site/v2/sports/basketball/mens-college-basketball/summary?event=401812257 "HTTP/1.1 200 OK"
09:49:33 [INFO] HTTP Request: GET https://site.api.espn.com/apis/site/v2/sports/basketball/mens-college-basketball/summary?event=401823873 "HTTP/1.1 200 OK"
09:49:43 [INFO] HTTP Request: GET https://site.api.espn.com/apis/site/v2/sports/basketball/mens-college-basketball/summary?event=401818331 "HTTP/1.1 200 OK"
09:49:53 [INFO] HTTP Request: GET https://site.api.espn.com/apis/site/v2/sports/basketball/mens-college-basketball/summary?event=401818374 "HTTP/1.1 200 OK"
09:50:04 [INFO] HTTP Request: GET https://site.api.espn.com/apis/site/v2/sports/basketball/mens-college-basketball/summary?event=401818384 "HTTP/1.1 200 OK"
09:50:14 [INFO] HTTP Request: GET https://site.api.espn.com/apis/site/v2/sports/basketball/mens-college-basketball/summary?event=401818386 "HTTP/1.1 200 OK"
09:50:24 [INFO] HTTP Request: GET https://site.api.espn.com/apis/site/v2/sports/basketball/mens-college-basketball/summary?event=401818390 "HTTP/1.1 200 OK"
09:50:35 [INFO] HTTP Request: GET https://site.api.espn.com/apis/site/v2/sports/basketball/mens-college-basketball/summary?event=401818394 "HTTP/1.1 200 OK"
09:50:45 [INFO] HTTP Request: GET https://site.api.espn.com/apis/site/v2/sports/basketball/mens-college-basketball/summary?event=401818398 "HTTP/1.1 200 OK"
09:50:56 [INFO] HTTP Request: GET https://site.api.espn.com/apis/site/v2/sports/basketball/mens-college-basketball/summary?event=401818404 "HTTP/1.1 200 OK"
09:51:06 [INFO] HTTP Request: GET https://site.api.espn.com/apis/site/v2/sports/basketball/mens-college-basketball/summary?event=401818407 "HTTP/1.1 200 OK"
09:51:17 [INFO] HTTP Request: GET https://site.api.espn.com/apis/site/v2/sports/basketball/mens-college-basketball/summary?event=401818414 "HTTP/1.1 200 OK"
09:51:27 [INFO] HTTP Request: GET https://site.api.espn.com/apis/site/v2/sports/basketball/mens-college-basketball/summary?event=401818419 "HTTP/1.1 200 OK"
09:51:38 [INFO] HTTP Request: GET https://site.api.espn.com/apis/site/v2/sports/basketball/mens-college-basketball/summary?event=401818421 "HTTP/1.1 200 OK"
09:51:48 [INFO] HTTP Request: GET https://site.api.espn.com/apis/site/v2/sports/basketball/mens-college-basketball/summary?event=401818425 "HTTP/1.1 200 OK"
09:51:58 [INFO] HTTP Request: GET https://site.api.espn.com/apis/site/v2/sports/basketball/mens-college-basketball/summary?event=401818429 "HTTP/1.1 200 OK"
09:52:09 [INFO] HTTP Request: GET https://site.api.espn.com/apis/site/v2/sports/basketball/mens-college-basketball/summary?event=401818435 "HTTP/1.1 200 OK"
09:52:09 [INFO]   Loaded: 30 games, 595 player-game-stat rows
09:52:09 [INFO] 
[7/9] South Dakota Coyotes
09:52:09 [INFO] Scraping team: South Dakota Coyotes (ESPN #233)
09:52:20 [INFO] HTTP Request: GET https://site.api.espn.com/apis/site/v2/sports/basketball/mens-college-basketball/teams/233/schedule?season=2026 "HTTP/1.1 200 OK"
09:52:20 [INFO]   Schedule: 30 completed games
09:52:30 [INFO] HTTP Request: GET https://site.api.espn.com/apis/site/v2/sports/basketball/mens-college-basketball/summary?event=401811101 "HTTP/1.1 200 OK"
09:52:40 [INFO] HTTP Request: GET https://site.api.espn.com/apis/site/v2/sports/basketball/mens-college-basketball/summary?event=401811102 "HTTP/1.1 200 OK"
09:52:50 [INFO] HTTP Request: GET https://site.api.espn.com/apis/site/v2/sports/basketball/mens-college-basketball/summary?event=401811103 "HTTP/1.1 200 OK"
09:53:01 [INFO] HTTP Request: GET https://site.api.espn.com/apis/site/v2/sports/basketball/mens-college-basketball/summary?event=401811104 "HTTP/1.1 200 OK"
09:53:11 [INFO] HTTP Request: GET https://site.api.espn.com/apis/site/v2/sports/basketball/mens-college-basketball/summary?event=401811105 "HTTP/1.1 200 OK"
09:53:21 [INFO] HTTP Request: GET https://site.api.espn.com/apis/site/v2/sports/basketball/mens-college-basketball/summary?event=401811106 "HTTP/1.1 200 OK"
09:53:32 [INFO] HTTP Request: GET https://site.api.espn.com/apis/site/v2/sports/basketball/mens-college-basketball/summary?event=401829279 "HTTP/1.1 200 OK"
09:53:42 [INFO] HTTP Request: GET https://site.api.espn.com/apis/site/v2/sports/basketball/mens-college-basketball/summary?event=401811108 "HTTP/1.1 200 OK"
09:53:53 [INFO] HTTP Request: GET https://site.api.espn.com/apis/site/v2/sports/basketball/mens-college-basketball/summary?event=401811109 "HTTP/1.1 200 OK"
09:54:03 [INFO] HTTP Request: GET https://site.api.espn.com/apis/site/v2/sports/basketball/mens-college-basketball/summary?event=401811110 "HTTP/1.1 200 OK"
09:54:13 [INFO] HTTP Request: GET https://site.api.espn.com/apis/site/v2/sports/basketball/mens-college-basketball/summary?event=401811111 "HTTP/1.1 200 OK"
09:54:24 [INFO] HTTP Request: GET https://site.api.espn.com/apis/site/v2/sports/basketball/mens-college-basketball/summary?event=401811112 "HTTP/1.1 200 OK"
09:54:34 [INFO] HTTP Request: GET https://site.api.espn.com/apis/site/v2/sports/basketball/mens-college-basketball/summary?event=401811113 "HTTP/1.1 200 OK"
09:54:45 [INFO] HTTP Request: GET https://site.api.espn.com/apis/site/v2/sports/basketball/mens-college-basketball/summary?event=401811114 "HTTP/1.1 200 OK"
09:54:55 [INFO] HTTP Request: GET https://site.api.espn.com/apis/site/v2/sports/basketball/mens-college-basketball/summary?event=401811115 "HTTP/1.1 200 OK"
09:55:05 [INFO] HTTP Request: GET https://site.api.espn.com/apis/site/v2/sports/basketball/mens-college-basketball/summary?event=401818329 "HTTP/1.1 200 OK"
09:55:16 [INFO] HTTP Request: GET https://site.api.espn.com/apis/site/v2/sports/basketball/mens-college-basketball/summary?event=401818377 "HTTP/1.1 200 OK"
09:55:26 [INFO] HTTP Request: GET https://site.api.espn.com/apis/site/v2/sports/basketball/mens-college-basketball/summary?event=401818383 "HTTP/1.1 200 OK"
09:55:36 [INFO] HTTP Request: GET https://site.api.espn.com/apis/site/v2/sports/basketball/mens-college-basketball/summary?event=401818388 "HTTP/1.1 200 OK"
09:55:46 [INFO] HTTP Request: GET https://site.api.espn.com/apis/site/v2/sports/basketball/mens-college-basketball/summary?event=401818389 "HTTP/1.1 200 OK"
09:55:57 [INFO] HTTP Request: GET https://site.api.espn.com/apis/site/v2/sports/basketball/mens-college-basketball/summary?event=401818393 "HTTP/1.1 200 OK"
09:56:07 [INFO] HTTP Request: GET https://site.api.espn.com/apis/site/v2/sports/basketball/mens-college-basketball/summary?event=401818400 "HTTP/1.1 200 OK"
09:56:18 [INFO] HTTP Request: GET https://site.api.espn.com/apis/site/v2/sports/basketball/mens-college-basketball/summary?event=401818404 "HTTP/1.1 200 OK"
09:56:28 [INFO] HTTP Request: GET https://site.api.espn.com/apis/site/v2/sports/basketball/mens-college-basketball/summary?event=401818405 "HTTP/1.1 200 OK"
09:56:38 [INFO] HTTP Request: GET https://site.api.espn.com/apis/site/v2/sports/basketball/mens-college-basketball/summary?event=401818408 "HTTP/1.1 200 OK"
09:56:49 [INFO] HTTP Request: GET https://site.api.espn.com/apis/site/v2/sports/basketball/mens-college-basketball/summary?event=401818412 "HTTP/1.1 200 OK"
09:56:59 [INFO] HTTP Request: GET https://site.api.espn.com/apis/site/v2/sports/basketball/mens-college-basketball/summary?event=401818416 "HTTP/1.1 200 OK"
09:57:09 [INFO] HTTP Request: GET https://site.api.espn.com/apis/site/v2/sports/basketball/mens-college-basketball/summary?event=401818426 "HTTP/1.1 200 OK"
09:57:20 [INFO] HTTP Request: GET https://site.api.espn.com/apis/site/v2/sports/basketball/mens-college-basketball/summary?event=401818429 "HTTP/1.1 200 OK"
09:57:30 [INFO] HTTP Request: GET https://site.api.espn.com/apis/site/v2/sports/basketball/mens-college-basketball/summary?event=401818434 "HTTP/1.1 200 OK"
09:57:30 [INFO]   Loaded: 30 games, 605 player-game-stat rows
09:57:30 [INFO] 
[8/9] South Dakota State Jackrabbits
09:57:30 [INFO] Scraping team: South Dakota State Jackrabbits (ESPN #2571)
09:57:41 [INFO] HTTP Request: GET https://site.api.espn.com/apis/site/v2/sports/basketball/mens-college-basketball/teams/2571/schedule?season=2026 "HTTP/1.1 200 OK"
09:57:41 [INFO]   Schedule: 30 completed games
09:57:51 [INFO] HTTP Request: GET https://site.api.espn.com/apis/site/v2/sports/basketball/mens-college-basketball/summary?event=401829471 "HTTP/1.1 200 OK"
09:58:01 [INFO] HTTP Request: GET https://site.api.espn.com/apis/site/v2/sports/basketball/mens-college-basketball/summary?event=401829472 "HTTP/1.1 200 OK"
09:58:12 [INFO] HTTP Request: GET https://site.api.espn.com/apis/site/v2/sports/basketball/mens-college-basketball/summary?event=401820542 "HTTP/1.1 200 OK"
09:58:22 [INFO] HTTP Request: GET https://site.api.espn.com/apis/site/v2/sports/basketball/mens-college-basketball/summary?event=401827265 "HTTP/1.1 200 OK"
09:58:32 [INFO] HTTP Request: GET https://site.api.espn.com/apis/site/v2/sports/basketball/mens-college-basketball/summary?event=401829473 "HTTP/1.1 200 OK"
09:58:43 [INFO] HTTP Request: GET https://site.api.espn.com/apis/site/v2/sports/basketball/mens-college-basketball/summary?event=401829474 "HTTP/1.1 200 OK"
09:58:53 [INFO] HTTP Request: GET https://site.api.espn.com/apis/site/v2/sports/basketball/mens-college-basketball/summary?event=401826950 "HTTP/1.1 200 OK"
09:59:03 [INFO] HTTP Request: GET https://site.api.espn.com/apis/site/v2/sports/basketball/mens-college-basketball/summary?event=401829475 "HTTP/1.1 200 OK"
09:59:14 [INFO] HTTP Request: GET https://site.api.espn.com/apis/site/v2/sports/basketball/mens-college-basketball/summary?event=401825592 "HTTP/1.1 200 OK"
09:59:24 [INFO] HTTP Request: GET https://site.api.espn.com/apis/site/v2/sports/basketball/mens-college-basketball/summary?event=401823569 "HTTP/1.1 200 OK"
09:59:34 [INFO] HTTP Request: GET https://site.api.espn.com/apis/site/v2/sports/basketball/mens-college-basketball/summary?event=401822326 "HTTP/1.1 200 OK"
09:59:45 [INFO] HTTP Request: GET https://site.api.espn.com/apis/site/v2/sports/basketball/mens-college-basketball/summary?event=401829476 "HTTP/1.1 200 OK"
09:59:55 [INFO] HTTP Request: GET https://site.api.espn.com/apis/site/v2/sports/basketball/mens-college-basketball/summary?event=401823762 "HTTP/1.1 200 OK"
10:00:06 [INFO] HTTP Request: GET https://site.api.espn.com/apis/site/v2/sports/basketball/mens-college-basketball/summary?event=401822315 "HTTP/1.1 200 OK"
10:00:17 [INFO] HTTP Request: GET https://site.api.espn.com/apis/site/v2/sports/basketball/mens-college-basketball/summary?event=401826888 "HTTP/1.1 200 OK"
10:00:29 [INFO] HTTP Request: GET https://site.api.espn.com/apis/site/v2/sports/basketball/mens-college-basketball/summary?event=401818332 "HTTP/1.1 200 OK"
10:00:40 [INFO] HTTP Request: GET https://site.api.espn.com/apis/site/v2/sports/basketball/mens-college-basketball/summary?event=401818373 "HTTP/1.1 200 OK"
10:00:51 [INFO] HTTP Request: GET https://site.api.espn.com/apis/site/v2/sports/basketball/mens-college-basketball/summary?event=401818380 "HTTP/1.1 200 OK"
10:01:02 [INFO] HTTP Request: GET https://site.api.espn.com/apis/site/v2/sports/basketball/mens-college-basketball/summary?event=401818385 "HTTP/1.1 200 OK"
10:01:15 [INFO] HTTP Request: GET https://site.api.espn.com/apis/site/v2/sports/basketball/mens-college-basketball/summary?event=401818392 "HTTP/1.1 200 OK"
10:01:26 [INFO] HTTP Request: GET https://site.api.espn.com/apis/site/v2/sports/basketball/mens-college-basketball/summary?event=401818396 "HTTP/1.1 200 OK"
10:01:36 [INFO] HTTP Request: GET https://site.api.espn.com/apis/site/v2/sports/basketball/mens-college-basketball/summary?event=401818401 "HTTP/1.1 200 OK"
10:01:46 [INFO] HTTP Request: GET https://site.api.espn.com/apis/site/v2/sports/basketball/mens-college-basketball/summary?event=401818407 "HTTP/1.1 200 OK"
10:01:57 [INFO] HTTP Request: GET https://site.api.espn.com/apis/site/v2/sports/basketball/mens-college-basketball/summary?event=401818409 "HTTP/1.1 200 OK"
10:02:07 [INFO] HTTP Request: GET https://site.api.espn.com/apis/site/v2/sports/basketball/mens-college-basketball/summary?event=401818412 "HTTP/1.1 200 OK"
10:02:17 [INFO] HTTP Request: GET https://site.api.espn.com/apis/site/v2/sports/basketball/mens-college-basketball/summary?event=401818417 "HTTP/1.1 200 OK"
10:02:28 [INFO] HTTP Request: GET https://site.api.espn.com/apis/site/v2/sports/basketball/mens-college-basketball/summary?event=401818421 "HTTP/1.1 200 OK"
10:02:38 [INFO] HTTP Request: GET https://site.api.espn.com/apis/site/v2/sports/basketball/mens-college-basketball/summary?event=401818424 "HTTP/1.1 200 OK"
10:02:48 [INFO] HTTP Request: GET https://site.api.espn.com/apis/site/v2/sports/basketball/mens-college-basketball/summary?event=401818428 "HTTP/1.1 200 OK"
10:02:59 [INFO] HTTP Request: GET https://site.api.espn.com/apis/site/v2/sports/basketball/mens-college-basketball/summary?event=401818433 "HTTP/1.1 200 OK"
10:02:59 [INFO]   Loaded: 30 games, 585 player-game-stat rows
10:02:59 [INFO] 
[9/9] St. Thomas-Minnesota Tommies
10:02:59 [INFO] Scraping team: St. Thomas-Minnesota Tommies (ESPN #2900)
10:03:09 [INFO] HTTP Request: GET https://site.api.espn.com/apis/site/v2/sports/basketball/mens-college-basketball/teams/2900/schedule?season=2026 "HTTP/1.1 200 OK"
10:03:09 [INFO]   Schedule: 30 completed games
10:03:19 [INFO] HTTP Request: GET https://site.api.espn.com/apis/site/v2/sports/basketball/mens-college-basketball/summary?event=401829477 "HTTP/1.1 200 OK"
10:03:30 [INFO] HTTP Request: GET https://site.api.espn.com/apis/site/v2/sports/basketball/mens-college-basketball/summary?event=401826793 "HTTP/1.1 200 OK"
10:03:40 [INFO] HTTP Request: GET https://site.api.espn.com/apis/site/v2/sports/basketball/mens-college-basketball/summary?event=401824135 "HTTP/1.1 200 OK"
10:03:50 [INFO] HTTP Request: GET https://site.api.espn.com/apis/site/v2/sports/basketball/mens-college-basketball/summary?event=401828477 "HTTP/1.1 200 OK"
10:04:01 [INFO] HTTP Request: GET https://site.api.espn.com/apis/site/v2/sports/basketball/mens-college-basketball/summary?event=401829347 "HTTP/1.1 200 OK"
10:04:11 [INFO] HTTP Request: GET https://site.api.espn.com/apis/site/v2/sports/basketball/mens-college-basketball/summary?event=401826919 "HTTP/1.1 200 OK"
10:04:22 [INFO] HTTP Request: GET https://site.api.espn.com/apis/site/v2/sports/basketball/mens-college-basketball/summary?event=401822732 "HTTP/1.1 200 OK"
10:04:33 [INFO] HTTP Request: GET https://site.api.espn.com/apis/site/v2/sports/basketball/mens-college-basketball/summary?event=401824091 "HTTP/1.1 200 OK"
10:04:43 [INFO] HTTP Request: GET https://site.api.espn.com/apis/site/v2/sports/basketball/mens-college-basketball/summary?event=401829478 "HTTP/1.1 200 OK"
10:04:54 [INFO] HTTP Request: GET https://site.api.espn.com/apis/site/v2/sports/basketball/mens-college-basketball/summary?event=401825580 "HTTP/1.1 200 OK"
10:05:04 [INFO] HTTP Request: GET https://site.api.espn.com/apis/site/v2/sports/basketball/mens-college-basketball/summary?event=401826956 "HTTP/1.1 200 OK"
10:05:14 [INFO] HTTP Request: GET https://site.api.espn.com/apis/site/v2/sports/basketball/mens-college-basketball/summary?event=401829479 "HTTP/1.1 200 OK"
10:05:25 [INFO] HTTP Request: GET https://site.api.espn.com/apis/site/v2/sports/basketball/mens-college-basketball/summary?event=401829480 "HTTP/1.1 200 OK"
10:05:35 [INFO] HTTP Request: GET https://site.api.espn.com/apis/site/v2/sports/basketball/mens-college-basketball/summary?event=401826047 "HTTP/1.1 200 OK"
10:05:45 [INFO] HTTP Request: GET https://site.api.espn.com/apis/site/v2/sports/basketball/mens-college-basketball/summary?event=401829481 "HTTP/1.1 200 OK"
10:05:56 [INFO] HTTP Request: GET https://site.api.espn.com/apis/site/v2/sports/basketball/mens-college-basketball/summary?event=401818376 "HTTP/1.1 200 OK"
10:06:06 [INFO] HTTP Request: GET https://site.api.espn.com/apis/site/v2/sports/basketball/mens-college-basketball/summary?event=401818377 "HTTP/1.1 200 OK"
10:06:17 [INFO] HTTP Request: GET https://site.api.espn.com/apis/site/v2/sports/basketball/mens-college-basketball/summary?event=401818384 "HTTP/1.1 200 OK"
10:06:27 [INFO] HTTP Request: GET https://site.api.espn.com/apis/site/v2/sports/basketball/mens-college-basketball/summary?event=401818387 "HTTP/1.1 200 OK"
10:06:38 [INFO] HTTP Request: GET https://site.api.espn.com/apis/site/v2/sports/basketball/mens-college-basketball/summary?event=401818391 "HTTP/1.1 200 OK"
10:06:48 [INFO] HTTP Request: GET https://site.api.espn.com/apis/site/v2/sports/basketball/mens-college-basketball/summary?event=401818396 "HTTP/1.1 200 OK"
10:06:58 [INFO] HTTP Request: GET https://site.api.espn.com/apis/site/v2/sports/basketball/mens-college-basketball/summary?event=401818400 "HTTP/1.1 200 OK"
10:07:09 [INFO] HTTP Request: GET https://site.api.espn.com/apis/site/v2/sports/basketball/mens-college-basketball/summary?event=401818403 "HTTP/1.1 200 OK"
10:07:19 [INFO] HTTP Request: GET https://site.api.espn.com/apis/site/v2/sports/basketball/mens-college-basketball/summary?event=401829482 "HTTP/1.1 200 OK"
10:07:30 [INFO] HTTP Request: GET https://site.api.espn.com/apis/site/v2/sports/basketball/mens-college-basketball/summary?event=401818409 "HTTP/1.1 200 OK"
10:07:40 [INFO] HTTP Request: GET https://site.api.espn.com/apis/site/v2/sports/basketball/mens-college-basketball/summary?event=401818414 "HTTP/1.1 200 OK"
10:07:50 [INFO] HTTP Request: GET https://site.api.espn.com/apis/site/v2/sports/basketball/mens-college-basketball/summary?event=401818418 "HTTP/1.1 200 OK"
10:08:01 [INFO] HTTP Request: GET https://site.api.espn.com/apis/site/v2/sports/basketball/mens-college-basketball/summary?event=401818422 "HTTP/1.1 200 OK"
10:08:11 [INFO] HTTP Request: GET https://site.api.espn.com/apis/site/v2/sports/basketball/mens-college-basketball/summary?event=401818430 "HTTP/1.1 200 OK"
10:08:21 [INFO] HTTP Request: GET https://site.api.espn.com/apis/site/v2/sports/basketball/mens-college-basketball/summary?event=401818432 "HTTP/1.1 200 OK"
10:08:21 [INFO]   Loaded: 30 games, 623 player-game-stat rows
10:08:21 [INFO] 
============================================================
10:08:21 [INFO]   BATCH COMPLETE: 9 teams, 271 games, 5416 PGS rows
10:08:21 [INFO] ============================================================

============================================================
  ESPN BATCH — FINAL SUMMARY
============================================================
  Total teams:                3159
  Total players:              30568
  Total games:                17717
  Total player_game_stats:    473284
============================================================
