21:54:24 [INFO] Batch: 12 NCAA D1 teams via ESPN
21:54:24 [INFO] 
[1/12] East Texas A&M Lions
21:54:24 [INFO] Scraping team: East Texas A&M Lions (ESPN #2837)
21:54:27 [INFO] HTTP Request: GET https://site.api.espn.com/apis/site/v2/sports/basketball/mens-college-basketball/teams/2837/schedule?season=2026 "HTTP/1.1 200 OK"
21:54:27 [INFO]   Schedule: 30 completed games
21:54:38 [INFO] HTTP Request: GET https://site.api.espn.com/apis/site/v2/sports/basketball/mens-college-basketball/summary?event=401830655 "HTTP/1.1 200 OK"
21:54:50 [INFO] HTTP Request: GET https://site.api.espn.com/apis/site/v2/sports/basketball/mens-college-basketball/summary?event=401830318 "HTTP/1.1 200 OK"
21:55:01 [INFO] HTTP Request: GET https://site.api.espn.com/apis/site/v2/sports/basketball/mens-college-basketball/summary?event=401824896 "HTTP/1.1 200 OK"
21:55:15 [INFO] HTTP Request: GET https://site.api.espn.com/apis/site/v2/sports/basketball/mens-college-basketball/summary?event=401826806 "HTTP/1.1 200 OK"
21:55:26 [INFO] HTTP Request: GET https://site.api.espn.com/apis/site/v2/sports/basketball/mens-college-basketball/summary?event=401830656 "HTTP/1.1 200 OK"
21:55:36 [INFO] HTTP Request: GET https://site.api.espn.com/apis/site/v2/sports/basketball/mens-college-basketball/summary?event=401812287 "HTTP/1.1 200 OK"
21:55:48 [INFO] HTTP Request: GET https://site.api.espn.com/apis/site/v2/sports/basketball/mens-college-basketball/summary?event=401826815 "HTTP/1.1 200 OK"
21:55:58 [INFO] HTTP Request: GET https://site.api.espn.com/apis/site/v2/sports/basketball/mens-college-basketball/summary?event=401812792 "HTTP/1.1 200 OK"
21:56:10 [INFO] HTTP Request: GET https://site.api.espn.com/apis/site/v2/sports/basketball/mens-college-basketball/summary?event=401824939 "HTTP/1.1 200 OK"
21:56:21 [INFO] HTTP Request: GET https://site.api.espn.com/apis/site/v2/sports/basketball/mens-college-basketball/summary?event=401808702 "HTTP/1.1 200 OK"
21:56:32 [INFO] HTTP Request: GET https://site.api.espn.com/apis/site/v2/sports/basketball/mens-college-basketball/summary?event=401808703 "HTTP/1.1 200 OK"
21:56:42 [INFO] HTTP Request: GET https://site.api.espn.com/apis/site/v2/sports/basketball/mens-college-basketball/summary?event=401829428 "HTTP/1.1 200 OK"
21:56:53 [INFO] HTTP Request: GET https://site.api.espn.com/apis/site/v2/sports/basketball/mens-college-basketball/summary?event=401808704 "HTTP/1.1 200 OK"
21:57:03 [INFO] HTTP Request: GET https://site.api.espn.com/apis/site/v2/sports/basketball/mens-college-basketball/summary?event=401808705 "HTTP/1.1 200 OK"
21:57:14 [INFO] HTTP Request: GET https://site.api.espn.com/apis/site/v2/sports/basketball/mens-college-basketball/summary?event=401808706 "HTTP/1.1 200 OK"
21:57:25 [INFO] HTTP Request: GET https://site.api.espn.com/apis/site/v2/sports/basketball/mens-college-basketball/summary?event=401808707 "HTTP/1.1 200 OK"
21:57:35 [INFO] HTTP Request: GET https://site.api.espn.com/apis/site/v2/sports/basketball/mens-college-basketball/summary?event=401808708 "HTTP/1.1 200 OK"
21:57:46 [INFO] HTTP Request: GET https://site.api.espn.com/apis/site/v2/sports/basketball/mens-college-basketball/summary?event=401808709 "HTTP/1.1 200 OK"
21:57:56 [INFO] HTTP Request: GET https://site.api.espn.com/apis/site/v2/sports/basketball/mens-college-basketball/summary?event=401808710 "HTTP/1.1 200 OK"
21:58:07 [INFO] HTTP Request: GET https://site.api.espn.com/apis/site/v2/sports/basketball/mens-college-basketball/summary?event=401808711 "HTTP/1.1 200 OK"
21:58:17 [INFO] HTTP Request: GET https://site.api.espn.com/apis/site/v2/sports/basketball/mens-college-basketball/summary?event=401858320 "HTTP/1.1 200 OK"
21:58:28 [INFO] HTTP Request: GET https://site.api.espn.com/apis/site/v2/sports/basketball/mens-college-basketball/summary?event=401808714 "HTTP/1.1 200 OK"
21:58:39 [INFO] HTTP Request: GET https://site.api.espn.com/apis/site/v2/sports/basketball/mens-college-basketball/summary?event=401808715 "HTTP/1.1 200 OK"
21:58:50 [INFO] HTTP Request: GET https://site.api.espn.com/apis/site/v2/sports/basketball/mens-college-basketball/summary?event=401858697 "HTTP/1.1 200 OK"
21:59:00 [INFO] HTTP Request: GET https://site.api.espn.com/apis/site/v2/sports/basketball/mens-college-basketball/summary?event=401808716 "HTTP/1.1 200 OK"
21:59:10 [INFO] HTTP Request: GET https://site.api.espn.com/apis/site/v2/sports/basketball/mens-college-basketball/summary?event=401808717 "HTTP/1.1 200 OK"
21:59:21 [INFO] HTTP Request: GET https://site.api.espn.com/apis/site/v2/sports/basketball/mens-college-basketball/summary?event=401808718 "HTTP/1.1 200 OK"
21:59:32 [INFO] HTTP Request: GET https://site.api.espn.com/apis/site/v2/sports/basketball/mens-college-basketball/summary?event=401808719 "HTTP/1.1 200 OK"
21:59:42 [INFO] HTTP Request: GET https://site.api.espn.com/apis/site/v2/sports/basketball/mens-college-basketball/summary?event=401808720 "HTTP/1.1 200 OK"
21:59:53 [INFO] HTTP Request: GET https://site.api.espn.com/apis/site/v2/sports/basketball/mens-college-basketball/summary?event=401808721 "HTTP/1.1 200 OK"
21:59:53 [INFO]   Loaded: 30 games, 626 player-game-stat rows
21:59:53 [INFO] 
[2/12] Houston Christian Huskies
21:59:53 [INFO] Scraping team: Houston Christian Huskies (ESPN #2277)
22:00:03 [INFO] HTTP Request: GET https://site.api.espn.com/apis/site/v2/sports/basketball/mens-college-basketball/teams/2277/schedule?season=2026 "HTTP/1.1 200 OK"
22:00:04 [INFO]   Schedule: 29 completed games
22:00:14 [INFO] HTTP Request: GET https://site.api.espn.com/apis/site/v2/sports/basketball/mens-college-basketball/summary?event=401828330 "HTTP/1.1 200 OK"
22:00:24 [INFO] HTTP Request: GET https://site.api.espn.com/apis/site/v2/sports/basketball/mens-college-basketball/summary?event=401826907 "HTTP/1.1 200 OK"
22:00:35 [INFO] HTTP Request: GET https://site.api.espn.com/apis/site/v2/sports/basketball/mens-college-basketball/summary?event=401828331 "HTTP/1.1 200 OK"
22:00:45 [INFO] HTTP Request: GET https://site.api.espn.com/apis/site/v2/sports/basketball/mens-college-basketball/summary?event=401828332 "HTTP/1.1 200 OK"
22:00:56 [INFO] HTTP Request: GET https://site.api.espn.com/apis/site/v2/sports/basketball/mens-college-basketball/summary?event=401823217 "HTTP/1.1 200 OK"
22:01:07 [INFO] HTTP Request: GET https://site.api.espn.com/apis/site/v2/sports/basketball/mens-college-basketball/summary?event=401828333 "HTTP/1.1 200 OK"
22:01:18 [INFO] HTTP Request: GET https://site.api.espn.com/apis/site/v2/sports/basketball/mens-college-basketball/summary?event=401828334 "HTTP/1.1 200 OK"
22:01:29 [INFO] HTTP Request: GET https://site.api.espn.com/apis/site/v2/sports/basketball/mens-college-basketball/summary?event=401828278 "HTTP/1.1 200 OK"
22:01:39 [INFO] HTTP Request: GET https://site.api.espn.com/apis/site/v2/sports/basketball/mens-college-basketball/summary?event=401808899 "HTTP/1.1 200 OK"
22:01:50 [INFO] HTTP Request: GET https://site.api.espn.com/apis/site/v2/sports/basketball/mens-college-basketball/summary?event=401808953 "HTTP/1.1 200 OK"
22:02:01 [INFO] HTTP Request: GET https://site.api.espn.com/apis/site/v2/sports/basketball/mens-college-basketball/summary?event=401820475 "HTTP/1.1 200 OK"
22:02:11 [INFO] HTTP Request: GET https://site.api.espn.com/apis/site/v2/sports/basketball/mens-college-basketball/summary?event=401808919 "HTTP/1.1 200 OK"
22:02:22 [INFO] HTTP Request: GET https://site.api.espn.com/apis/site/v2/sports/basketball/mens-college-basketball/summary?event=401819881 "HTTP/1.1 200 OK"
22:02:32 [INFO] HTTP Request: GET https://site.api.espn.com/apis/site/v2/sports/basketball/mens-college-basketball/summary?event=401820476 "HTTP/1.1 200 OK"
22:02:43 [INFO] HTTP Request: GET https://site.api.espn.com/apis/site/v2/sports/basketball/mens-college-basketball/summary?event=401820477 "HTTP/1.1 200 OK"
22:02:53 [INFO] HTTP Request: GET https://site.api.espn.com/apis/site/v2/sports/basketball/mens-college-basketball/summary?event=401808968 "HTTP/1.1 200 OK"
22:03:04 [INFO] HTTP Request: GET https://site.api.espn.com/apis/site/v2/sports/basketball/mens-college-basketball/summary?event=401820478 "HTTP/1.1 200 OK"
22:03:15 [INFO] HTTP Request: GET https://site.api.espn.com/apis/site/v2/sports/basketball/mens-college-basketball/summary?event=401808710 "HTTP/1.1 200 OK"
22:03:26 [INFO] HTTP Request: GET https://site.api.espn.com/apis/site/v2/sports/basketball/mens-college-basketball/summary?event=401808940 "HTTP/1.1 200 OK"
22:03:36 [INFO] HTTP Request: GET https://site.api.espn.com/apis/site/v2/sports/basketball/mens-college-basketball/summary?event=401808979 "HTTP/1.1 200 OK"
22:03:47 [INFO] HTTP Request: GET https://site.api.espn.com/apis/site/v2/sports/basketball/mens-college-basketball/summary?event=401820479 "HTTP/1.1 200 OK"
22:03:58 [INFO] HTTP Request: GET https://site.api.espn.com/apis/site/v2/sports/basketball/mens-college-basketball/summary?event=401820480 "HTTP/1.1 200 OK"
22:04:08 [INFO] HTTP Request: GET https://site.api.espn.com/apis/site/v2/sports/basketball/mens-college-basketball/summary?event=401808982 "HTTP/1.1 200 OK"
22:04:18 [INFO] HTTP Request: GET https://site.api.espn.com/apis/site/v2/sports/basketball/mens-college-basketball/summary?event=401808962 "HTTP/1.1 200 OK"
22:04:29 [INFO] HTTP Request: GET https://site.api.espn.com/apis/site/v2/sports/basketball/mens-college-basketball/summary?event=401808884 "HTTP/1.1 200 OK"
22:04:40 [INFO] HTTP Request: GET https://site.api.espn.com/apis/site/v2/sports/basketball/mens-college-basketball/summary?event=401808913 "HTTP/1.1 200 OK"
22:04:50 [INFO] HTTP Request: GET https://site.api.espn.com/apis/site/v2/sports/basketball/mens-college-basketball/summary?event=401808930 "HTTP/1.1 200 OK"
22:05:01 [INFO] HTTP Request: GET https://site.api.espn.com/apis/site/v2/sports/basketball/mens-college-basketball/summary?event=401808944 "HTTP/1.1 200 OK"
22:05:11 [INFO] HTTP Request: GET https://site.api.espn.com/apis/site/v2/sports/basketball/mens-college-basketball/summary?event=401808721 "HTTP/1.1 200 OK"
22:05:11 [INFO]   Loaded: 29 games, 593 player-game-stat rows
22:05:11 [INFO] 
[3/12] Incarnate Word Cardinals
22:05:11 [INFO] Scraping team: Incarnate Word Cardinals (ESPN #2916)
22:05:22 [INFO] HTTP Request: GET https://site.api.espn.com/apis/site/v2/sports/basketball/mens-college-basketball/teams/2916/schedule?season=2026 "HTTP/1.1 200 OK"
22:05:22 [INFO]   Schedule: 29 completed games
22:05:32 [INFO] HTTP Request: GET https://site.api.espn.com/apis/site/v2/sports/basketball/mens-college-basketball/summary?event=401823807 "HTTP/1.1 200 OK"
22:05:43 [INFO] HTTP Request: GET https://site.api.espn.com/apis/site/v2/sports/basketball/mens-college-basketball/summary?event=401828495 "HTTP/1.1 200 OK"
22:05:54 [INFO] HTTP Request: GET https://site.api.espn.com/apis/site/v2/sports/basketball/mens-college-basketball/summary?event=401828496 "HTTP/1.1 200 OK"
22:06:05 [INFO] HTTP Request: GET https://site.api.espn.com/apis/site/v2/sports/basketball/mens-college-basketball/summary?event=401827189 "HTTP/1.1 200 OK"
22:06:15 [INFO] HTTP Request: GET https://site.api.espn.com/apis/site/v2/sports/basketball/mens-college-basketball/summary?event=401820482 "HTTP/1.1 200 OK"
22:06:26 [INFO] HTTP Request: GET https://site.api.espn.com/apis/site/v2/sports/basketball/mens-college-basketball/summary?event=401830880 "HTTP/1.1 200 OK"
22:06:36 [INFO] HTTP Request: GET https://site.api.espn.com/apis/site/v2/sports/basketball/mens-college-basketball/summary?event=401828497 "HTTP/1.1 200 OK"
22:06:47 [INFO] HTTP Request: GET https://site.api.espn.com/apis/site/v2/sports/basketball/mens-college-basketball/summary?event=401808731 "HTTP/1.1 200 OK"
22:06:58 [INFO] HTTP Request: GET https://site.api.espn.com/apis/site/v2/sports/basketball/mens-college-basketball/summary?event=401808918 "HTTP/1.1 200 OK"
22:07:09 [INFO] HTTP Request: GET https://site.api.espn.com/apis/site/v2/sports/basketball/mens-college-basketball/summary?event=401808900 "HTTP/1.1 200 OK"
22:07:19 [INFO] HTTP Request: GET https://site.api.espn.com/apis/site/v2/sports/basketball/mens-college-basketball/summary?event=401812256 "HTTP/1.1 200 OK"
22:07:35 [INFO] HTTP Request: GET https://site.api.espn.com/apis/site/v2/sports/basketball/mens-college-basketball/summary?event=401820494 "HTTP/1.1 200 OK"
22:07:46 [INFO] HTTP Request: GET https://site.api.espn.com/apis/site/v2/sports/basketball/mens-college-basketball/summary?event=401820495 "HTTP/1.1 200 OK"
22:07:57 [INFO] HTTP Request: GET https://site.api.espn.com/apis/site/v2/sports/basketball/mens-college-basketball/summary?event=401820476 "HTTP/1.1 200 OK"
22:08:08 [INFO] HTTP Request: GET https://site.api.espn.com/apis/site/v2/sports/basketball/mens-college-basketball/summary?event=401808978 "HTTP/1.1 200 OK"
22:08:18 [INFO] HTTP Request: GET https://site.api.espn.com/apis/site/v2/sports/basketball/mens-college-basketball/summary?event=401820496 "HTTP/1.1 200 OK"
22:08:29 [INFO] HTTP Request: GET https://site.api.espn.com/apis/site/v2/sports/basketball/mens-college-basketball/summary?event=401808969 "HTTP/1.1 200 OK"
22:08:39 [INFO] HTTP Request: GET https://site.api.espn.com/apis/site/v2/sports/basketball/mens-college-basketball/summary?event=401808939 "HTTP/1.1 200 OK"
22:08:50 [INFO] HTTP Request: GET https://site.api.espn.com/apis/site/v2/sports/basketball/mens-college-basketball/summary?event=401808711 "HTTP/1.1 200 OK"
22:09:01 [INFO] HTTP Request: GET https://site.api.espn.com/apis/site/v2/sports/basketball/mens-college-basketball/summary?event=401820491 "HTTP/1.1 200 OK"
22:09:11 [INFO] HTTP Request: GET https://site.api.espn.com/apis/site/v2/sports/basketball/mens-college-basketball/summary?event=401820479 "HTTP/1.1 200 OK"
22:09:23 [INFO] HTTP Request: GET https://site.api.espn.com/apis/site/v2/sports/basketball/mens-college-basketball/summary?event=401808981 "HTTP/1.1 200 OK"
22:09:34 [INFO] HTTP Request: GET https://site.api.espn.com/apis/site/v2/sports/basketball/mens-college-basketball/summary?event=401820492 "HTTP/1.1 200 OK"
22:09:45 [INFO] HTTP Request: GET https://site.api.espn.com/apis/site/v2/sports/basketball/mens-college-basketball/summary?event=401808883 "HTTP/1.1 200 OK"
22:09:56 [INFO] HTTP Request: GET https://site.api.espn.com/apis/site/v2/sports/basketball/mens-college-basketball/summary?event=401808963 "HTTP/1.1 200 OK"
22:10:07 [INFO] HTTP Request: GET https://site.api.espn.com/apis/site/v2/sports/basketball/mens-college-basketball/summary?event=401808929 "HTTP/1.1 200 OK"
22:10:18 [INFO] HTTP Request: GET https://site.api.espn.com/apis/site/v2/sports/basketball/mens-college-basketball/summary?event=401808914 "HTTP/1.1 200 OK"
22:10:29 [INFO] HTTP Request: GET https://site.api.espn.com/apis/site/v2/sports/basketball/mens-college-basketball/summary?event=401808720 "HTTP/1.1 200 OK"
22:10:39 [INFO] HTTP Request: GET https://site.api.espn.com/apis/site/v2/sports/basketball/mens-college-basketball/summary?event=401808945 "HTTP/1.1 200 OK"
22:10:39 [INFO]   Loaded: 29 games, 614 player-game-stat rows
22:10:39 [INFO] 
[4/12] Lamar Cardinals
22:10:39 [INFO] Scraping team: Lamar Cardinals (ESPN #2320)
22:10:50 [INFO] HTTP Request: GET https://site.api.espn.com/apis/site/v2/sports/basketball/mens-college-basketball/teams/2320/schedule?season=2026 "HTTP/1.1 200 OK"
22:10:50 [INFO]   Schedule: 29 completed games
22:11:01 [INFO] HTTP Request: GET https://site.api.espn.com/apis/site/v2/sports/basketball/mens-college-basketball/summary?event=401828511 "HTTP/1.1 200 OK"
22:11:11 [INFO] HTTP Request: GET https://site.api.espn.com/apis/site/v2/sports/basketball/mens-college-basketball/summary?event=401812251 "HTTP/1.1 200 OK"
22:11:23 [INFO] HTTP Request: GET https://site.api.espn.com/apis/site/v2/sports/basketball/mens-college-basketball/summary?event=401828512 "HTTP/1.1 200 OK"
22:11:33 [INFO] HTTP Request: GET https://site.api.espn.com/apis/site/v2/sports/basketball/mens-college-basketball/summary?event=401828291 "HTTP/1.1 200 OK"
22:11:43 [INFO] HTTP Request: GET https://site.api.espn.com/apis/site/v2/sports/basketball/mens-college-basketball/summary?event=401826872 "HTTP/1.1 200 OK"
22:11:54 [INFO] HTTP Request: GET https://site.api.espn.com/apis/site/v2/sports/basketball/mens-college-basketball/summary?event=401828513 "HTTP/1.1 200 OK"
22:12:05 [INFO] HTTP Request: GET https://site.api.espn.com/apis/site/v2/sports/basketball/mens-college-basketball/summary?event=401828514 "HTTP/1.1 200 OK"
22:12:15 [INFO] HTTP Request: GET https://site.api.espn.com/apis/site/v2/sports/basketball/mens-college-basketball/summary?event=401820488 "HTTP/1.1 200 OK"
22:12:26 [INFO] HTTP Request: GET https://site.api.espn.com/apis/site/v2/sports/basketball/mens-college-basketball/summary?event=401823767 "HTTP/1.1 200 OK"
22:12:36 [INFO] HTTP Request: GET https://site.api.espn.com/apis/site/v2/sports/basketball/mens-college-basketball/summary?event=401808976 "HTTP/1.1 200 OK"
22:12:47 [INFO] HTTP Request: GET https://site.api.espn.com/apis/site/v2/sports/basketball/mens-college-basketball/summary?event=401828515 "HTTP/1.1 200 OK"
22:12:57 [INFO] HTTP Request: GET https://site.api.espn.com/apis/site/v2/sports/basketball/mens-college-basketball/summary?event=401808935 "HTTP/1.1 200 OK"
22:13:08 [INFO] HTTP Request: GET https://site.api.espn.com/apis/site/v2/sports/basketball/mens-college-basketball/summary?event=401808705 "HTTP/1.1 200 OK"
22:13:18 [INFO] HTTP Request: GET https://site.api.espn.com/apis/site/v2/sports/basketball/mens-college-basketball/summary?event=401808873 "HTTP/1.1 200 OK"
22:13:29 [INFO] HTTP Request: GET https://site.api.espn.com/apis/site/v2/sports/basketball/mens-college-basketball/summary?event=401808957 "HTTP/1.1 200 OK"
22:13:40 [INFO] HTTP Request: GET https://site.api.espn.com/apis/site/v2/sports/basketball/mens-college-basketball/summary?event=401820496 "HTTP/1.1 200 OK"
22:13:50 [INFO] HTTP Request: GET https://site.api.espn.com/apis/site/v2/sports/basketball/mens-college-basketball/summary?event=401820478 "HTTP/1.1 200 OK"
22:14:01 [INFO] HTTP Request: GET https://site.api.espn.com/apis/site/v2/sports/basketball/mens-college-basketball/summary?event=401808923 "HTTP/1.1 200 OK"
22:14:12 [INFO] HTTP Request: GET https://site.api.espn.com/apis/site/v2/sports/basketball/mens-college-basketball/summary?event=401808908 "HTTP/1.1 200 OK"
22:14:22 [INFO] HTTP Request: GET https://site.api.espn.com/apis/site/v2/sports/basketball/mens-college-basketball/summary?event=401808970 "HTTP/1.1 200 OK"
22:14:33 [INFO] HTTP Request: GET https://site.api.espn.com/apis/site/v2/sports/basketball/mens-college-basketball/summary?event=401858320 "HTTP/1.1 200 OK"
22:14:43 [INFO] HTTP Request: GET https://site.api.espn.com/apis/site/v2/sports/basketball/mens-college-basketball/summary?event=401808881 "HTTP/1.1 200 OK"
22:14:54 [INFO] HTTP Request: GET https://site.api.espn.com/apis/site/v2/sports/basketball/mens-college-basketball/summary?event=401808961 "HTTP/1.1 200 OK"
22:15:05 [INFO] HTTP Request: GET https://site.api.espn.com/apis/site/v2/sports/basketball/mens-college-basketball/summary?event=401808971 "HTTP/1.1 200 OK"
22:15:15 [INFO] HTTP Request: GET https://site.api.espn.com/apis/site/v2/sports/basketball/mens-college-basketball/summary?event=401808942 "HTTP/1.1 200 OK"
22:15:26 [INFO] HTTP Request: GET https://site.api.espn.com/apis/site/v2/sports/basketball/mens-college-basketball/summary?event=401820493 "HTTP/1.1 200 OK"
22:15:37 [INFO] HTTP Request: GET https://site.api.espn.com/apis/site/v2/sports/basketball/mens-college-basketball/summary?event=401808983 "HTTP/1.1 200 OK"
22:15:47 [INFO] HTTP Request: GET https://site.api.espn.com/apis/site/v2/sports/basketball/mens-college-basketball/summary?event=401808915 "HTTP/1.1 200 OK"
22:15:58 [INFO] HTTP Request: GET https://site.api.espn.com/apis/site/v2/sports/basketball/mens-college-basketball/summary?event=401808932 "HTTP/1.1 200 OK"
22:15:58 [INFO]   Loaded: 29 games, 602 player-game-stat rows
22:15:58 [INFO] 
[5/12] McNeese Cowboys
22:15:58 [INFO] Scraping team: McNeese Cowboys (ESPN #2377)
22:16:08 [INFO] HTTP Request: GET https://site.api.espn.com/apis/site/v2/sports/basketball/mens-college-basketball/teams/2377/schedule?season=2026 "HTTP/1.1 200 OK"
22:16:08 [INFO]   Schedule: 29 completed games
22:16:19 [INFO] HTTP Request: GET https://site.api.espn.com/apis/site/v2/sports/basketball/mens-college-basketball/summary?event=401829442 "HTTP/1.1 200 OK"
22:16:30 [INFO] HTTP Request: GET https://site.api.espn.com/apis/site/v2/sports/basketball/mens-college-basketball/summary?event=401824119 "HTTP/1.1 200 OK"
22:16:40 [INFO] HTTP Request: GET https://site.api.espn.com/apis/site/v2/sports/basketball/mens-college-basketball/summary?event=401829443 "HTTP/1.1 200 OK"
22:16:51 [INFO] HTTP Request: GET https://site.api.espn.com/apis/site/v2/sports/basketball/mens-college-basketball/summary?event=401829444 "HTTP/1.1 200 OK"
22:17:03 [INFO] HTTP Request: GET https://site.api.espn.com/apis/site/v2/sports/basketball/mens-college-basketball/summary?event=401808728 "HTTP/1.1 200 OK"
22:17:13 [INFO] HTTP Request: GET https://site.api.espn.com/apis/site/v2/sports/basketball/mens-college-basketball/summary?event=401808729 "HTTP/1.1 200 OK"
22:17:56 [INFO] HTTP Request: GET https://site.api.espn.com/apis/site/v2/sports/basketball/mens-college-basketball/summary?event=401808730 "HTTP/1.1 200 OK"
22:53:13 [ERROR] Request failed: https://site.api.espn.com/apis/site/v2/sports/basketball/mens-college-basketball/summary — [Errno 60] Operation timed out
23:10:10 [INFO] HTTP Request: GET https://site.api.espn.com/apis/site/v2/sports/basketball/mens-college-basketball/summary?event=401808732 "HTTP/1.1 200 OK"
23:41:39 [INFO] HTTP Request: GET https://site.api.espn.com/apis/site/v2/sports/basketball/mens-college-basketball/summary?event=401817170 "HTTP/1.1 200 OK"
23:45:26 [INFO] HTTP Request: GET https://site.api.espn.com/apis/site/v2/sports/basketball/mens-college-basketball/summary?event=401808702 "HTTP/1.1 200 OK"
23:49:15 [INFO] HTTP Request: GET https://site.api.espn.com/apis/site/v2/sports/basketball/mens-college-basketball/summary?event=401820475 "HTTP/1.1 200 OK"
00:00:26 [INFO] HTTP Request: GET https://site.api.espn.com/apis/site/v2/sports/basketball/mens-college-basketball/summary?event=401826084 "HTTP/1.1 200 OK"
00:18:15 [INFO] HTTP Request: GET https://site.api.espn.com/apis/site/v2/sports/basketball/mens-college-basketball/summary?event=401808873 "HTTP/1.1 200 OK"
00:19:39 [INFO] HTTP Request: GET https://site.api.espn.com/apis/site/v2/sports/basketball/mens-college-basketball/summary?event=401808874 "HTTP/1.1 200 OK"
00:36:02 [INFO] HTTP Request: GET https://site.api.espn.com/apis/site/v2/sports/basketball/mens-college-basketball/summary?event=401808875 "HTTP/1.1 200 OK"
01:08:39 [INFO] HTTP Request: GET https://site.api.espn.com/apis/site/v2/sports/basketball/mens-college-basketball/summary?event=401808876 "HTTP/1.1 200 OK"
01:19:19 [INFO] HTTP Request: GET https://site.api.espn.com/apis/site/v2/sports/basketball/mens-college-basketball/summary?event=401808877 "HTTP/1.1 200 OK"
01:52:48 [INFO] HTTP Request: GET https://site.api.espn.com/apis/site/v2/sports/basketball/mens-college-basketball/summary?event=401808878 "HTTP/1.1 200 OK"
02:32:36 [ERROR] Request failed: https://site.api.espn.com/apis/site/v2/sports/basketball/mens-college-basketball/summary — [Errno 60] Operation timed out
02:40:28 [INFO] HTTP Request: GET https://site.api.espn.com/apis/site/v2/sports/basketball/mens-college-basketball/summary?event=401808880 "HTTP/1.1 200 OK"
02:58:22 [INFO] HTTP Request: GET https://site.api.espn.com/apis/site/v2/sports/basketball/mens-college-basketball/summary?event=401808881 "HTTP/1.1 200 OK"
03:21:16 [INFO] HTTP Request: GET https://site.api.espn.com/apis/site/v2/sports/basketball/mens-college-basketball/summary?event=401808882 "HTTP/1.1 200 OK"
03:39:02 [INFO] HTTP Request: GET https://site.api.espn.com/apis/site/v2/sports/basketball/mens-college-basketball/summary?event=401808883 "HTTP/1.1 200 OK"
04:12:06 [INFO] HTTP Request: GET https://site.api.espn.com/apis/site/v2/sports/basketball/mens-college-basketball/summary?event=401808884 "HTTP/1.1 200 OK"
04:22:19 [INFO] HTTP Request: GET https://site.api.espn.com/apis/site/v2/sports/basketball/mens-college-basketball/summary?event=401808718 "HTTP/1.1 200 OK"
04:30:19 [INFO] HTTP Request: GET https://site.api.espn.com/apis/site/v2/sports/basketball/mens-college-basketball/summary?event=401808885 "HTTP/1.1 200 OK"
05:01:55 [ERROR] Request failed: https://site.api.espn.com/apis/site/v2/sports/basketball/mens-college-basketball/summary — [Errno 8] nodename nor servname provided, or not known
05:18:23 [INFO] HTTP Request: GET https://site.api.espn.com/apis/site/v2/sports/basketball/mens-college-basketball/summary?event=401808887 "HTTP/1.1 200 OK"
05:18:23 [INFO]   Loaded: 26 games, 528 player-game-stat rows
05:18:23 [INFO] 
[6/12] New Orleans Privateers
05:18:23 [INFO] Scraping team: New Orleans Privateers (ESPN #2443)
05:39:33 [INFO] HTTP Request: GET https://site.api.espn.com/apis/site/v2/sports/basketball/mens-college-basketball/teams/2443/schedule?season=2026 "HTTP/1.1 200 OK"
05:39:33 [INFO]   Schedule: 29 completed games
06:24:15 [ERROR] Request failed: https://site.api.espn.com/apis/site/v2/sports/basketball/mens-college-basketball/summary — [Errno 60] Operation timed out
06:39:25 [INFO] HTTP Request: GET https://site.api.espn.com/apis/site/v2/sports/basketball/mens-college-basketball/summary?event=401808892 "HTTP/1.1 200 OK"
07:14:11 [INFO] HTTP Request: GET https://site.api.espn.com/apis/site/v2/sports/basketball/mens-college-basketball/summary?event=401808893 "HTTP/1.1 200 OK"
07:25:19 [INFO] HTTP Request: GET https://site.api.espn.com/apis/site/v2/sports/basketball/mens-college-basketball/summary?event=401808894 "HTTP/1.1 200 OK"
07:54:04 [INFO] HTTP Request: GET https://site.api.espn.com/apis/site/v2/sports/basketball/mens-college-basketball/summary?event=401808895 "HTTP/1.1 200 OK"
08:03:40 [INFO] HTTP Request: GET https://site.api.espn.com/apis/site/v2/sports/basketball/mens-college-basketball/summary?event=401808896 "HTTP/1.1 200 OK"
08:03:51 [INFO] HTTP Request: GET https://site.api.espn.com/apis/site/v2/sports/basketball/mens-college-basketball/summary?event=401808897 "HTTP/1.1 200 OK"
08:04:02 [INFO] HTTP Request: GET https://site.api.espn.com/apis/site/v2/sports/basketball/mens-college-basketball/summary?event=401808898 "HTTP/1.1 200 OK"
08:04:12 [INFO] HTTP Request: GET https://site.api.espn.com/apis/site/v2/sports/basketball/mens-college-basketball/summary?event=401808899 "HTTP/1.1 200 OK"
08:04:22 [INFO] HTTP Request: GET https://site.api.espn.com/apis/site/v2/sports/basketball/mens-college-basketball/summary?event=401808900 "HTTP/1.1 200 OK"
08:04:33 [INFO] HTTP Request: GET https://site.api.espn.com/apis/site/v2/sports/basketball/mens-college-basketball/summary?event=401808901 "HTTP/1.1 200 OK"
08:04:43 [INFO] HTTP Request: GET https://site.api.espn.com/apis/site/v2/sports/basketball/mens-college-basketball/summary?event=401808902 "HTTP/1.1 200 OK"
08:04:54 [INFO] HTTP Request: GET https://site.api.espn.com/apis/site/v2/sports/basketball/mens-college-basketball/summary?event=401808903 "HTTP/1.1 200 OK"
08:05:04 [INFO] HTTP Request: GET https://site.api.espn.com/apis/site/v2/sports/basketball/mens-college-basketball/summary?event=401808904 "HTTP/1.1 200 OK"
08:05:15 [INFO] HTTP Request: GET https://site.api.espn.com/apis/site/v2/sports/basketball/mens-college-basketball/summary?event=401808707 "HTTP/1.1 200 OK"
08:05:25 [INFO] HTTP Request: GET https://site.api.espn.com/apis/site/v2/sports/basketball/mens-college-basketball/summary?event=401808905 "HTTP/1.1 200 OK"
08:05:35 [INFO] HTTP Request: GET https://site.api.espn.com/apis/site/v2/sports/basketball/mens-college-basketball/summary?event=401808906 "HTTP/1.1 200 OK"
08:05:46 [INFO] HTTP Request: GET https://site.api.espn.com/apis/site/v2/sports/basketball/mens-college-basketball/summary?event=401808907 "HTTP/1.1 200 OK"
08:05:56 [INFO] HTTP Request: GET https://site.api.espn.com/apis/site/v2/sports/basketball/mens-college-basketball/summary?event=401808908 "HTTP/1.1 200 OK"
08:06:11 [INFO] HTTP Request: GET https://site.api.espn.com/apis/site/v2/sports/basketball/mens-college-basketball/summary?event=401808879 "HTTP/1.1 200 OK"
08:06:21 [INFO] HTTP Request: GET https://site.api.espn.com/apis/site/v2/sports/basketball/mens-college-basketball/summary?event=401808909 "HTTP/1.1 200 OK"
08:06:31 [INFO] HTTP Request: GET https://site.api.espn.com/apis/site/v2/sports/basketball/mens-college-basketball/summary?event=401808910 "HTTP/1.1 200 OK"
08:06:42 [INFO] HTTP Request: GET https://site.api.espn.com/apis/site/v2/sports/basketball/mens-college-basketball/summary?event=401808715 "HTTP/1.1 200 OK"
08:06:52 [INFO] HTTP Request: GET https://site.api.espn.com/apis/site/v2/sports/basketball/mens-college-basketball/summary?event=401808911 "HTTP/1.1 200 OK"
08:07:02 [INFO] HTTP Request: GET https://site.api.espn.com/apis/site/v2/sports/basketball/mens-college-basketball/summary?event=401808912 "HTTP/1.1 200 OK"
08:07:13 [INFO] HTTP Request: GET https://site.api.espn.com/apis/site/v2/sports/basketball/mens-college-basketball/summary?event=401808913 "HTTP/1.1 200 OK"
08:07:23 [INFO] HTTP Request: GET https://site.api.espn.com/apis/site/v2/sports/basketball/mens-college-basketball/summary?event=401808914 "HTTP/1.1 200 OK"
08:07:33 [INFO] HTTP Request: GET https://site.api.espn.com/apis/site/v2/sports/basketball/mens-college-basketball/summary?event=401808915 "HTTP/1.1 200 OK"
08:07:44 [INFO] HTTP Request: GET https://site.api.espn.com/apis/site/v2/sports/basketball/mens-college-basketball/summary?event=401808916 "HTTP/1.1 200 OK"
08:07:44 [INFO]   Loaded: 28 games, 588 player-game-stat rows
08:07:44 [INFO] 
[7/12] Nicholls Colonels
08:07:44 [INFO] Scraping team: Nicholls Colonels (ESPN #2447)
08:07:54 [INFO] HTTP Request: GET https://site.api.espn.com/apis/site/v2/sports/basketball/mens-college-basketball/teams/2447/schedule?season=2026 "HTTP/1.1 200 OK"
08:07:54 [INFO]   Schedule: 29 completed games
08:08:04 [INFO] HTTP Request: GET https://site.api.espn.com/apis/site/v2/sports/basketball/mens-college-basketball/summary?event=401826746 "HTTP/1.1 200 OK"
08:08:15 [INFO] HTTP Request: GET https://site.api.espn.com/apis/site/v2/sports/basketball/mens-college-basketball/summary?event=401822366 "HTTP/1.1 200 OK"
08:08:25 [INFO] HTTP Request: GET https://site.api.espn.com/apis/site/v2/sports/basketball/mens-college-basketball/summary?event=401822331 "HTTP/1.1 200 OK"
08:08:35 [INFO] HTTP Request: GET https://site.api.espn.com/apis/site/v2/sports/basketball/mens-college-basketball/summary?event=401826747 "HTTP/1.1 200 OK"
08:08:45 [INFO] HTTP Request: GET https://site.api.espn.com/apis/site/v2/sports/basketball/mens-college-basketball/summary?event=401813291 "HTTP/1.1 200 OK"
08:08:56 [INFO] HTTP Request: GET https://site.api.espn.com/apis/site/v2/sports/basketball/mens-college-basketball/summary?event=401826748 "HTTP/1.1 200 OK"
08:09:06 [INFO] HTTP Request: GET https://site.api.espn.com/apis/site/v2/sports/basketball/mens-college-basketball/summary?event=401820834 "HTTP/1.1 200 OK"
08:09:17 [INFO] HTTP Request: GET https://site.api.espn.com/apis/site/v2/sports/basketball/mens-college-basketball/summary?event=401808918 "HTTP/1.1 200 OK"
08:09:27 [INFO] HTTP Request: GET https://site.api.espn.com/apis/site/v2/sports/basketball/mens-college-basketball/summary?event=401826749 "HTTP/1.1 200 OK"
08:09:37 [INFO] HTTP Request: GET https://site.api.espn.com/apis/site/v2/sports/basketball/mens-college-basketball/summary?event=401808919 "HTTP/1.1 200 OK"
08:09:48 [INFO] HTTP Request: GET https://site.api.espn.com/apis/site/v2/sports/basketball/mens-college-basketball/summary?event=401824067 "HTTP/1.1 200 OK"
08:09:58 [INFO] HTTP Request: GET https://site.api.espn.com/apis/site/v2/sports/basketball/mens-college-basketball/summary?event=401808920 "HTTP/1.1 200 OK"
08:10:08 [INFO] HTTP Request: GET https://site.api.espn.com/apis/site/v2/sports/basketball/mens-college-basketball/summary?event=401808921 "HTTP/1.1 200 OK"
08:10:19 [INFO] HTTP Request: GET https://site.api.espn.com/apis/site/v2/sports/basketball/mens-college-basketball/summary?event=401808706 "HTTP/1.1 200 OK"
08:10:29 [INFO] HTTP Request: GET https://site.api.espn.com/apis/site/v2/sports/basketball/mens-college-basketball/summary?event=401808922 "HTTP/1.1 200 OK"
08:10:39 [INFO] HTTP Request: GET https://site.api.espn.com/apis/site/v2/sports/basketball/mens-college-basketball/summary?event=401808905 "HTTP/1.1 200 OK"
08:10:50 [INFO] HTTP Request: GET https://site.api.espn.com/apis/site/v2/sports/basketball/mens-college-basketball/summary?event=401808876 "HTTP/1.1 200 OK"
08:11:00 [INFO] HTTP Request: GET https://site.api.espn.com/apis/site/v2/sports/basketball/mens-college-basketball/summary?event=401808923 "HTTP/1.1 200 OK"
08:11:11 [INFO] HTTP Request: GET https://site.api.espn.com/apis/site/v2/sports/basketball/mens-college-basketball/summary?event=401808924 "HTTP/1.1 200 OK"
08:11:21 [INFO] HTTP Request: GET https://site.api.espn.com/apis/site/v2/sports/basketball/mens-college-basketball/summary?event=401808925 "HTTP/1.1 200 OK"
08:11:31 [INFO] HTTP Request: GET https://site.api.espn.com/apis/site/v2/sports/basketball/mens-college-basketball/summary?event=401808909 "HTTP/1.1 200 OK"
08:11:42 [INFO] HTTP Request: GET https://site.api.espn.com/apis/site/v2/sports/basketball/mens-college-basketball/summary?event=401808714 "HTTP/1.1 200 OK"
08:11:52 [INFO] HTTP Request: GET https://site.api.espn.com/apis/site/v2/sports/basketball/mens-college-basketball/summary?event=401808926 "HTTP/1.1 200 OK"
08:12:02 [INFO] HTTP Request: GET https://site.api.espn.com/apis/site/v2/sports/basketball/mens-college-basketball/summary?event=401808927 "HTTP/1.1 200 OK"
08:12:13 [INFO] HTTP Request: GET https://site.api.espn.com/apis/site/v2/sports/basketball/mens-college-basketball/summary?event=401808928 "HTTP/1.1 200 OK"
08:12:23 [INFO] HTTP Request: GET https://site.api.espn.com/apis/site/v2/sports/basketball/mens-college-basketball/summary?event=401808929 "HTTP/1.1 200 OK"
08:12:33 [INFO] HTTP Request: GET https://site.api.espn.com/apis/site/v2/sports/basketball/mens-college-basketball/summary?event=401808930 "HTTP/1.1 200 OK"
08:12:44 [INFO] HTTP Request: GET https://site.api.espn.com/apis/site/v2/sports/basketball/mens-college-basketball/summary?event=401808931 "HTTP/1.1 200 OK"
08:12:54 [INFO] HTTP Request: GET https://site.api.espn.com/apis/site/v2/sports/basketball/mens-college-basketball/summary?event=401808932 "HTTP/1.1 200 OK"
08:12:54 [INFO]   Loaded: 29 games, 581 player-game-stat rows
08:12:54 [INFO] 
[8/12] Northwestern State Demons
08:12:54 [INFO] Scraping team: Northwestern State Demons (ESPN #2466)
08:13:04 [INFO] HTTP Request: GET https://site.api.espn.com/apis/site/v2/sports/basketball/mens-college-basketball/teams/2466/schedule?season=2026 "HTTP/1.1 200 OK"
08:13:04 [INFO]   Schedule: 29 completed games
08:13:15 [INFO] HTTP Request: GET https://site.api.espn.com/apis/site/v2/sports/basketball/mens-college-basketball/summary?event=401829426 "HTTP/1.1 200 OK"
08:13:25 [INFO] HTTP Request: GET https://site.api.espn.com/apis/site/v2/sports/basketball/mens-college-basketball/summary?event=401828275 "HTTP/1.1 200 OK"
08:13:35 [INFO] HTTP Request: GET https://site.api.espn.com/apis/site/v2/sports/basketball/mens-college-basketball/summary?event=401823433 "HTTP/1.1 200 OK"
08:13:46 [INFO] HTTP Request: GET https://site.api.espn.com/apis/site/v2/sports/basketball/mens-college-basketball/summary?event=401829445 "HTTP/1.1 200 OK"
08:13:56 [INFO] HTTP Request: GET https://site.api.espn.com/apis/site/v2/sports/basketball/mens-college-basketball/summary?event=401826728 "HTTP/1.1 200 OK"
08:14:07 [INFO] HTTP Request: GET https://site.api.espn.com/apis/site/v2/sports/basketball/mens-college-basketball/summary?event=401823788 "HTTP/1.1 200 OK"
08:14:17 [INFO] HTTP Request: GET https://site.api.espn.com/apis/site/v2/sports/basketball/mens-college-basketball/summary?event=401827015 "HTTP/1.1 200 OK"
08:14:27 [INFO] HTTP Request: GET https://site.api.espn.com/apis/site/v2/sports/basketball/mens-college-basketball/summary?event=401808732 "HTTP/1.1 200 OK"
08:14:38 [INFO] HTTP Request: GET https://site.api.espn.com/apis/site/v2/sports/basketball/mens-college-basketball/summary?event=401808934 "HTTP/1.1 200 OK"
08:14:48 [INFO] HTTP Request: GET https://site.api.espn.com/apis/site/v2/sports/basketball/mens-college-basketball/summary?event=401817226 "HTTP/1.1 200 OK"
08:14:58 [INFO] HTTP Request: GET https://site.api.espn.com/apis/site/v2/sports/basketball/mens-college-basketball/summary?event=401829446 "HTTP/1.1 200 OK"
08:15:09 [INFO] HTTP Request: GET https://site.api.espn.com/apis/site/v2/sports/basketball/mens-college-basketball/summary?event=401808935 "HTTP/1.1 200 OK"
08:15:19 [INFO] HTTP Request: GET https://site.api.espn.com/apis/site/v2/sports/basketball/mens-college-basketball/summary?event=401808936 "HTTP/1.1 200 OK"
08:15:29 [INFO] HTTP Request: GET https://site.api.espn.com/apis/site/v2/sports/basketball/mens-college-basketball/summary?event=401808904 "HTTP/1.1 200 OK"
08:15:40 [INFO] HTTP Request: GET https://site.api.espn.com/apis/site/v2/sports/basketball/mens-college-basketball/summary?event=401808922 "HTTP/1.1 200 OK"
08:15:50 [INFO] HTTP Request: GET https://site.api.espn.com/apis/site/v2/sports/basketball/mens-college-basketball/summary?event=401808937 "HTTP/1.1 200 OK"
08:16:01 [INFO] HTTP Request: GET https://site.api.espn.com/apis/site/v2/sports/basketball/mens-college-basketball/summary?event=401808938 "HTTP/1.1 200 OK"
08:16:11 [INFO] HTTP Request: GET https://site.api.espn.com/apis/site/v2/sports/basketball/mens-college-basketball/summary?event=401808939 "HTTP/1.1 200 OK"
08:16:21 [INFO] HTTP Request: GET https://site.api.espn.com/apis/site/v2/sports/basketball/mens-college-basketball/summary?event=401808940 "HTTP/1.1 200 OK"
08:16:32 [INFO] HTTP Request: GET https://site.api.espn.com/apis/site/v2/sports/basketball/mens-college-basketball/summary?event=401808941 "HTTP/1.1 200 OK"
08:16:42 [INFO] HTTP Request: GET https://site.api.espn.com/apis/site/v2/sports/basketball/mens-college-basketball/summary?event=401808910 "HTTP/1.1 200 OK"
08:16:52 [INFO] HTTP Request: GET https://site.api.espn.com/apis/site/v2/sports/basketball/mens-college-basketball/summary?event=401808926 "HTTP/1.1 200 OK"
08:17:03 [INFO] HTTP Request: GET https://site.api.espn.com/apis/site/v2/sports/basketball/mens-college-basketball/summary?event=401858697 "HTTP/1.1 200 OK"
08:17:13 [INFO] HTTP Request: GET https://site.api.espn.com/apis/site/v2/sports/basketball/mens-college-basketball/summary?event=401808716 "HTTP/1.1 200 OK"
08:17:23 [INFO] HTTP Request: GET https://site.api.espn.com/apis/site/v2/sports/basketball/mens-college-basketball/summary?event=401808942 "HTTP/1.1 200 OK"
08:17:34 [INFO] HTTP Request: GET https://site.api.espn.com/apis/site/v2/sports/basketball/mens-college-basketball/summary?event=401808943 "HTTP/1.1 200 OK"
08:17:44 [INFO] HTTP Request: GET https://site.api.espn.com/apis/site/v2/sports/basketball/mens-college-basketball/summary?event=401808885 "HTTP/1.1 200 OK"
08:17:55 [INFO] HTTP Request: GET https://site.api.espn.com/apis/site/v2/sports/basketball/mens-college-basketball/summary?event=401808944 "HTTP/1.1 200 OK"
08:18:05 [INFO] HTTP Request: GET https://site.api.espn.com/apis/site/v2/sports/basketball/mens-college-basketball/summary?event=401808945 "HTTP/1.1 200 OK"
08:18:05 [INFO]   Loaded: 29 games, 599 player-game-stat rows
08:18:05 [INFO] 
[9/12] SE Louisiana Lions
08:18:05 [INFO] Scraping team: SE Louisiana Lions (ESPN #2545)
08:18:15 [INFO] HTTP Request: GET https://site.api.espn.com/apis/site/v2/sports/basketball/mens-college-basketball/teams/2545/schedule?season=2026 "HTTP/1.1 200 OK"
08:18:15 [INFO]   Schedule: 29 completed games
08:18:26 [INFO] HTTP Request: GET https://site.api.espn.com/apis/site/v2/sports/basketball/mens-college-basketball/summary?event=401808948 "HTTP/1.1 200 OK"
08:18:36 [INFO] HTTP Request: GET https://site.api.espn.com/apis/site/v2/sports/basketball/mens-college-basketball/summary?event=401808949 "HTTP/1.1 200 OK"
08:18:46 [INFO] HTTP Request: GET https://site.api.espn.com/apis/site/v2/sports/basketball/mens-college-basketball/summary?event=401808950 "HTTP/1.1 200 OK"
08:18:57 [INFO] HTTP Request: GET https://site.api.espn.com/apis/site/v2/sports/basketball/mens-college-basketball/summary?event=401808951 "HTTP/1.1 200 OK"
08:19:07 [INFO] HTTP Request: GET https://site.api.espn.com/apis/site/v2/sports/basketball/mens-college-basketball/summary?event=401808952 "HTTP/1.1 200 OK"
08:19:17 [INFO] HTTP Request: GET https://site.api.espn.com/apis/site/v2/sports/basketball/mens-college-basketball/summary?event=401823591 "HTTP/1.1 200 OK"
08:19:28 [INFO] HTTP Request: GET https://site.api.espn.com/apis/site/v2/sports/basketball/mens-college-basketball/summary?event=401823592 "HTTP/1.1 200 OK"
08:19:38 [INFO] HTTP Request: GET https://site.api.espn.com/apis/site/v2/sports/basketball/mens-college-basketball/summary?event=401820155 "HTTP/1.1 200 OK"
08:19:48 [INFO] HTTP Request: GET https://site.api.espn.com/apis/site/v2/sports/basketball/mens-college-basketball/summary?event=401808934 "HTTP/1.1 200 OK"
08:19:59 [INFO] HTTP Request: GET https://site.api.espn.com/apis/site/v2/sports/basketball/mens-college-basketball/summary?event=401808953 "HTTP/1.1 200 OK"
08:20:09 [INFO] HTTP Request: GET https://site.api.espn.com/apis/site/v2/sports/basketball/mens-college-basketball/summary?event=401808703 "HTTP/1.1 200 OK"
08:20:19 [INFO] HTTP Request: GET https://site.api.espn.com/apis/site/v2/sports/basketball/mens-college-basketball/summary?event=401808954 "HTTP/1.1 200 OK"
08:20:30 [INFO] HTTP Request: GET https://site.api.espn.com/apis/site/v2/sports/basketball/mens-college-basketball/summary?event=401820495 "HTTP/1.1 200 OK"
08:20:40 [INFO] HTTP Request: GET https://site.api.espn.com/apis/site/v2/sports/basketball/mens-college-basketball/summary?event=401808956 "HTTP/1.1 200 OK"
08:20:51 [INFO] HTTP Request: GET https://site.api.espn.com/apis/site/v2/sports/basketball/mens-college-basketball/summary?event=401808957 "HTTP/1.1 200 OK"
08:21:01 [INFO] HTTP Request: GET https://site.api.espn.com/apis/site/v2/sports/basketball/mens-college-basketball/summary?event=401808875 "HTTP/1.1 200 OK"
08:21:11 [INFO] HTTP Request: GET https://site.api.espn.com/apis/site/v2/sports/basketball/mens-college-basketball/summary?event=401808906 "HTTP/1.1 200 OK"
08:21:21 [INFO] HTTP Request: GET https://site.api.espn.com/apis/site/v2/sports/basketball/mens-college-basketball/summary?event=401808958 "HTTP/1.1 200 OK"
08:21:32 [INFO] HTTP Request: GET https://site.api.espn.com/apis/site/v2/sports/basketball/mens-college-basketball/summary?event=401808959 "HTTP/1.1 200 OK"
08:21:42 [INFO] HTTP Request: GET https://site.api.espn.com/apis/site/v2/sports/basketball/mens-college-basketball/summary?event=401808925 "HTTP/1.1 200 OK"
08:21:52 [INFO] HTTP Request: GET https://site.api.espn.com/apis/site/v2/sports/basketball/mens-college-basketball/summary?event=401808880 "HTTP/1.1 200 OK"
08:22:03 [INFO] HTTP Request: GET https://site.api.espn.com/apis/site/v2/sports/basketball/mens-college-basketball/summary?event=401808960 "HTTP/1.1 200 OK"
08:22:13 [INFO] HTTP Request: GET https://site.api.espn.com/apis/site/v2/sports/basketball/mens-college-basketball/summary?event=401808961 "HTTP/1.1 200 OK"
08:22:23 [INFO] HTTP Request: GET https://site.api.espn.com/apis/site/v2/sports/basketball/mens-college-basketball/summary?event=401808962 "HTTP/1.1 200 OK"
08:22:34 [INFO] HTTP Request: GET https://site.api.espn.com/apis/site/v2/sports/basketball/mens-college-basketball/summary?event=401808963 "HTTP/1.1 200 OK"
08:22:44 [INFO] HTTP Request: GET https://site.api.espn.com/apis/site/v2/sports/basketball/mens-college-basketball/summary?event=401808943 "HTTP/1.1 200 OK"
08:22:54 [INFO] HTTP Request: GET https://site.api.espn.com/apis/site/v2/sports/basketball/mens-college-basketball/summary?event=401808719 "HTTP/1.1 200 OK"
08:23:05 [INFO] HTTP Request: GET https://site.api.espn.com/apis/site/v2/sports/basketball/mens-college-basketball/summary?event=401808964 "HTTP/1.1 200 OK"
08:23:15 [INFO] HTTP Request: GET https://site.api.espn.com/apis/site/v2/sports/basketball/mens-college-basketball/summary?event=401808965 "HTTP/1.1 200 OK"
08:23:15 [INFO]   Loaded: 29 games, 634 player-game-stat rows
08:23:15 [INFO] 
[10/12] Stephen F. Austin Lumberjacks
08:23:15 [INFO] Scraping team: Stephen F. Austin Lumberjacks (ESPN #2617)
08:23:26 [INFO] HTTP Request: GET https://site.api.espn.com/apis/site/v2/sports/basketball/mens-college-basketball/teams/2617/schedule?season=2026 "HTTP/1.1 200 OK"
08:23:26 [INFO]   Schedule: 29 completed games
08:23:36 [INFO] HTTP Request: GET https://site.api.espn.com/apis/site/v2/sports/basketball/mens-college-basketball/summary?event=401829447 "HTTP/1.1 200 OK"
08:23:46 [INFO] HTTP Request: GET https://site.api.espn.com/apis/site/v2/sports/basketball/mens-college-basketball/summary?event=401829448 "HTTP/1.1 200 OK"
08:23:57 [INFO] HTTP Request: GET https://site.api.espn.com/apis/site/v2/sports/basketball/mens-college-basketball/summary?event=401826805 "HTTP/1.1 200 OK"
08:24:07 [INFO] HTTP Request: GET https://site.api.espn.com/apis/site/v2/sports/basketball/mens-college-basketball/summary?event=401823524 "HTTP/1.1 200 OK"
08:24:17 [INFO] HTTP Request: GET https://site.api.espn.com/apis/site/v2/sports/basketball/mens-college-basketball/summary?event=401828923 "HTTP/1.1 200 OK"
08:24:27 [INFO] HTTP Request: GET https://site.api.espn.com/apis/site/v2/sports/basketball/mens-college-basketball/summary?event=401824071 "HTTP/1.1 200 OK"
08:24:38 [INFO] HTTP Request: GET https://site.api.espn.com/apis/site/v2/sports/basketball/mens-college-basketball/summary?event=401823870 "HTTP/1.1 200 OK"
08:24:48 [INFO] HTTP Request: GET https://site.api.espn.com/apis/site/v2/sports/basketball/mens-college-basketball/summary?event=401808966 "HTTP/1.1 200 OK"
08:24:59 [INFO] HTTP Request: GET https://site.api.espn.com/apis/site/v2/sports/basketball/mens-college-basketball/summary?event=401829449 "HTTP/1.1 200 OK"
08:25:09 [INFO] HTTP Request: GET https://site.api.espn.com/apis/site/v2/sports/basketball/mens-college-basketball/summary?event=401808967 "HTTP/1.1 200 OK"
08:25:19 [INFO] HTTP Request: GET https://site.api.espn.com/apis/site/v2/sports/basketball/mens-college-basketball/summary?event=401829450 "HTTP/1.1 200 OK"
08:25:30 [INFO] HTTP Request: GET https://site.api.espn.com/apis/site/v2/sports/basketball/mens-college-basketball/summary?event=401808704 "HTTP/1.1 200 OK"
08:25:40 [INFO] HTTP Request: GET https://site.api.espn.com/apis/site/v2/sports/basketball/mens-college-basketball/summary?event=401808936 "HTTP/1.1 200 OK"
08:25:50 [INFO] HTTP Request: GET https://site.api.espn.com/apis/site/v2/sports/basketball/mens-college-basketball/summary?event=401808956 "HTTP/1.1 200 OK"
08:26:01 [INFO] HTTP Request: GET https://site.api.espn.com/apis/site/v2/sports/basketball/mens-college-basketball/summary?event=401808874 "HTTP/1.1 200 OK"
08:26:11 [INFO] HTTP Request: GET https://site.api.espn.com/apis/site/v2/sports/basketball/mens-college-basketball/summary?event=401808968 "HTTP/1.1 200 OK"
08:26:21 [INFO] HTTP Request: GET https://site.api.espn.com/apis/site/v2/sports/basketball/mens-college-basketball/summary?event=401808969 "HTTP/1.1 200 OK"
08:26:31 [INFO] HTTP Request: GET https://site.api.espn.com/apis/site/v2/sports/basketball/mens-college-basketball/summary?event=401808907 "HTTP/1.1 200 OK"
08:26:42 [INFO] HTTP Request: GET https://site.api.espn.com/apis/site/v2/sports/basketball/mens-college-basketball/summary?event=401808924 "HTTP/1.1 200 OK"
08:26:52 [INFO] HTTP Request: GET https://site.api.espn.com/apis/site/v2/sports/basketball/mens-college-basketball/summary?event=401808970 "HTTP/1.1 200 OK"
08:27:03 [INFO] HTTP Request: GET https://site.api.espn.com/apis/site/v2/sports/basketball/mens-college-basketball/summary?event=401808941 "HTTP/1.1 200 OK"
08:27:13 [INFO] HTTP Request: GET https://site.api.espn.com/apis/site/v2/sports/basketball/mens-college-basketball/summary?event=401808960 "HTTP/1.1 200 OK"
08:27:23 [INFO] HTTP Request: GET https://site.api.espn.com/apis/site/v2/sports/basketball/mens-college-basketball/summary?event=401808882 "HTTP/1.1 200 OK"
08:27:33 [INFO] HTTP Request: GET https://site.api.espn.com/apis/site/v2/sports/basketball/mens-college-basketball/summary?event=401808971 "HTTP/1.1 200 OK"
08:27:44 [INFO] HTTP Request: GET https://site.api.espn.com/apis/site/v2/sports/basketball/mens-college-basketball/summary?event=401808717 "HTTP/1.1 200 OK"
08:27:54 [INFO] HTTP Request: GET https://site.api.espn.com/apis/site/v2/sports/basketball/mens-college-basketball/summary?event=401808972 "HTTP/1.1 200 OK"
08:28:04 [INFO] HTTP Request: GET https://site.api.espn.com/apis/site/v2/sports/basketball/mens-college-basketball/summary?event=401808973 "HTTP/1.1 200 OK"
08:28:15 [INFO] HTTP Request: GET https://site.api.espn.com/apis/site/v2/sports/basketball/mens-college-basketball/summary?event=401808931 "HTTP/1.1 200 OK"
08:28:25 [INFO] HTTP Request: GET https://site.api.espn.com/apis/site/v2/sports/basketball/mens-college-basketball/summary?event=401808916 "HTTP/1.1 200 OK"
08:28:25 [INFO]   Loaded: 29 games, 627 player-game-stat rows
08:28:25 [INFO] 
[11/12] Texas A&M-Corpus Christi Islanders
08:28:25 [INFO] Scraping team: Texas A&M-Corpus Christi Islanders (ESPN #357)
08:28:35 [INFO] HTTP Request: GET https://site.api.espn.com/apis/site/v2/sports/basketball/mens-college-basketball/teams/357/schedule?season=2026 "HTTP/1.1 200 OK"
08:28:35 [INFO]   Schedule: 29 completed games
08:28:46 [INFO] HTTP Request: GET https://site.api.espn.com/apis/site/v2/sports/basketball/mens-college-basketball/summary?event=401820484 "HTTP/1.1 200 OK"
08:28:56 [INFO] HTTP Request: GET https://site.api.espn.com/apis/site/v2/sports/basketball/mens-college-basketball/summary?event=401817453 "HTTP/1.1 200 OK"
08:29:07 [INFO] HTTP Request: GET https://site.api.espn.com/apis/site/v2/sports/basketball/mens-college-basketball/summary?event=401820485 "HTTP/1.1 200 OK"
08:29:17 [INFO] HTTP Request: GET https://site.api.espn.com/apis/site/v2/sports/basketball/mens-college-basketball/summary?event=401819883 "HTTP/1.1 200 OK"
08:29:27 [INFO] HTTP Request: GET https://site.api.espn.com/apis/site/v2/sports/basketball/mens-college-basketball/summary?event=401813289 "HTTP/1.1 200 OK"
08:29:38 [INFO] HTTP Request: GET https://site.api.espn.com/apis/site/v2/sports/basketball/mens-college-basketball/summary?event=401820486 "HTTP/1.1 200 OK"
08:29:48 [INFO] HTTP Request: GET https://site.api.espn.com/apis/site/v2/sports/basketball/mens-college-basketball/summary?event=401820487 "HTTP/1.1 200 OK"
08:29:58 [INFO] HTTP Request: GET https://site.api.espn.com/apis/site/v2/sports/basketball/mens-college-basketball/summary?event=401820488 "HTTP/1.1 200 OK"
08:30:09 [INFO] HTTP Request: GET https://site.api.espn.com/apis/site/v2/sports/basketball/mens-college-basketball/summary?event=401820489 "HTTP/1.1 200 OK"
08:30:19 [INFO] HTTP Request: GET https://site.api.espn.com/apis/site/v2/sports/basketball/mens-college-basketball/summary?event=401808967 "HTTP/1.1 200 OK"
08:30:29 [INFO] HTTP Request: GET https://site.api.espn.com/apis/site/v2/sports/basketball/mens-college-basketball/summary?event=401820490 "HTTP/1.1 200 OK"
08:30:40 [INFO] HTTP Request: GET https://site.api.espn.com/apis/site/v2/sports/basketball/mens-college-basketball/summary?event=401808920 "HTTP/1.1 200 OK"
08:30:50 [INFO] HTTP Request: GET https://site.api.espn.com/apis/site/v2/sports/basketball/mens-college-basketball/summary?event=401808903 "HTTP/1.1 200 OK"
08:31:00 [INFO] HTTP Request: GET https://site.api.espn.com/apis/site/v2/sports/basketball/mens-college-basketball/summary?event=401808977 "HTTP/1.1 200 OK"
08:31:11 [INFO] HTTP Request: GET https://site.api.espn.com/apis/site/v2/sports/basketball/mens-college-basketball/summary?event=401820477 "HTTP/1.1 200 OK"
08:31:21 [INFO] HTTP Request: GET https://site.api.espn.com/apis/site/v2/sports/basketball/mens-college-basketball/summary?event=401808937 "HTTP/1.1 200 OK"
08:31:31 [INFO] HTTP Request: GET https://site.api.espn.com/apis/site/v2/sports/basketball/mens-college-basketball/summary?event=401808709 "HTTP/1.1 200 OK"
08:31:42 [INFO] HTTP Request: GET https://site.api.espn.com/apis/site/v2/sports/basketball/mens-college-basketball/summary?event=401808958 "HTTP/1.1 200 OK"
08:31:52 [INFO] HTTP Request: GET https://site.api.espn.com/apis/site/v2/sports/basketball/mens-college-basketball/summary?event=401808878 "HTTP/1.1 200 OK"
08:32:02 [INFO] HTTP Request: GET https://site.api.espn.com/apis/site/v2/sports/basketball/mens-college-basketball/summary?event=401820491 "HTTP/1.1 200 OK"
08:32:13 [INFO] HTTP Request: GET https://site.api.espn.com/apis/site/v2/sports/basketball/mens-college-basketball/summary?event=401808980 "HTTP/1.1 200 OK"
08:32:23 [INFO] HTTP Request: GET https://site.api.espn.com/apis/site/v2/sports/basketball/mens-college-basketball/summary?event=401820480 "HTTP/1.1 200 OK"
08:32:33 [INFO] HTTP Request: GET https://site.api.espn.com/apis/site/v2/sports/basketball/mens-college-basketball/summary?event=401820492 "HTTP/1.1 200 OK"
08:32:44 [INFO] HTTP Request: GET https://site.api.espn.com/apis/site/v2/sports/basketball/mens-college-basketball/summary?event=401808927 "HTTP/1.1 200 OK"
08:32:54 [INFO] HTTP Request: GET https://site.api.espn.com/apis/site/v2/sports/basketball/mens-college-basketball/summary?event=401808912 "HTTP/1.1 200 OK"
08:33:05 [INFO] HTTP Request: GET https://site.api.espn.com/apis/site/v2/sports/basketball/mens-college-basketball/summary?event=401820493 "HTTP/1.1 200 OK"
08:33:15 [INFO] HTTP Request: GET https://site.api.espn.com/apis/site/v2/sports/basketball/mens-college-basketball/summary?event=401808973 "HTTP/1.1 200 OK"
08:33:25 [INFO] HTTP Request: GET https://site.api.espn.com/apis/site/v2/sports/basketball/mens-college-basketball/summary?event=401808886 "HTTP/1.1 200 OK"
08:33:36 [INFO] HTTP Request: GET https://site.api.espn.com/apis/site/v2/sports/basketball/mens-college-basketball/summary?event=401808965 "HTTP/1.1 200 OK"
08:33:36 [INFO]   Loaded: 29 games, 663 player-game-stat rows
08:33:36 [INFO] 
[12/12] UT Rio Grande Valley Vaqueros
08:33:36 [INFO] Scraping team: UT Rio Grande Valley Vaqueros (ESPN #292)
08:33:46 [INFO] HTTP Request: GET https://site.api.espn.com/apis/site/v2/sports/basketball/mens-college-basketball/teams/292/schedule?season=2026 "HTTP/1.1 200 OK"
08:33:46 [INFO]   Schedule: 29 completed games
08:33:56 [INFO] HTTP Request: GET https://site.api.espn.com/apis/site/v2/sports/basketball/mens-college-basketball/summary?event=401819823 "HTTP/1.1 200 OK"
08:34:07 [INFO] HTTP Request: GET https://site.api.espn.com/apis/site/v2/sports/basketball/mens-college-basketball/summary?event=401823539 "HTTP/1.1 200 OK"
08:34:17 [INFO] HTTP Request: GET https://site.api.espn.com/apis/site/v2/sports/basketball/mens-college-basketball/summary?event=401823815 "HTTP/1.1 200 OK"
08:34:28 [INFO] HTTP Request: GET https://site.api.espn.com/apis/site/v2/sports/basketball/mens-college-basketball/summary?event=401830121 "HTTP/1.1 200 OK"
08:34:38 [INFO] HTTP Request: GET https://site.api.espn.com/apis/site/v2/sports/basketball/mens-college-basketball/summary?event=401823325 "HTTP/1.1 200 OK"
08:34:48 [INFO] HTTP Request: GET https://site.api.espn.com/apis/site/v2/sports/basketball/mens-college-basketball/summary?event=401827181 "HTTP/1.1 200 OK"
08:34:59 [INFO] HTTP Request: GET https://site.api.espn.com/apis/site/v2/sports/basketball/mens-college-basketball/summary?event=401808966 "HTTP/1.1 200 OK"
08:35:09 [INFO] HTTP Request: GET https://site.api.espn.com/apis/site/v2/sports/basketball/mens-college-basketball/summary?event=401830122 "HTTP/1.1 200 OK"
08:35:19 [INFO] HTTP Request: GET https://site.api.espn.com/apis/site/v2/sports/basketball/mens-college-basketball/summary?event=401823872 "HTTP/1.1 200 OK"
08:35:30 [INFO] HTTP Request: GET https://site.api.espn.com/apis/site/v2/sports/basketball/mens-college-basketball/summary?event=401808976 "HTTP/1.1 200 OK"
08:35:40 [INFO] HTTP Request: GET https://site.api.espn.com/apis/site/v2/sports/basketball/mens-college-basketball/summary?event=401830123 "HTTP/1.1 200 OK"
08:35:51 [INFO] HTTP Request: GET https://site.api.espn.com/apis/site/v2/sports/basketball/mens-college-basketball/summary?event=401808902 "HTTP/1.1 200 OK"
08:36:01 [INFO] HTTP Request: GET https://site.api.espn.com/apis/site/v2/sports/basketball/mens-college-basketball/summary?event=401808921 "HTTP/1.1 200 OK"
08:36:11 [INFO] HTTP Request: GET https://site.api.espn.com/apis/site/v2/sports/basketball/mens-college-basketball/summary?event=401808977 "HTTP/1.1 200 OK"
08:36:21 [INFO] HTTP Request: GET https://site.api.espn.com/apis/site/v2/sports/basketball/mens-college-basketball/summary?event=401808978 "HTTP/1.1 200 OK"
08:36:32 [INFO] HTTP Request: GET https://site.api.espn.com/apis/site/v2/sports/basketball/mens-college-basketball/summary?event=401808708 "HTTP/1.1 200 OK"
08:36:42 [INFO] HTTP Request: GET https://site.api.espn.com/apis/site/v2/sports/basketball/mens-college-basketball/summary?event=401808938 "HTTP/1.1 200 OK"
08:36:53 [INFO] HTTP Request: GET https://site.api.espn.com/apis/site/v2/sports/basketball/mens-college-basketball/summary?event=401808877 "HTTP/1.1 200 OK"
08:37:03 [INFO] HTTP Request: GET https://site.api.espn.com/apis/site/v2/sports/basketball/mens-college-basketball/summary?event=401808959 "HTTP/1.1 200 OK"
08:37:13 [INFO] HTTP Request: GET https://site.api.espn.com/apis/site/v2/sports/basketball/mens-college-basketball/summary?event=401808979 "HTTP/1.1 200 OK"
08:37:24 [INFO] HTTP Request: GET https://site.api.espn.com/apis/site/v2/sports/basketball/mens-college-basketball/summary?event=401808980 "HTTP/1.1 200 OK"
08:37:34 [INFO] HTTP Request: GET https://site.api.espn.com/apis/site/v2/sports/basketball/mens-college-basketball/summary?event=401808981 "HTTP/1.1 200 OK"
08:37:44 [INFO] HTTP Request: GET https://site.api.espn.com/apis/site/v2/sports/basketball/mens-college-basketball/summary?event=401808982 "HTTP/1.1 200 OK"
08:37:55 [INFO] HTTP Request: GET https://site.api.espn.com/apis/site/v2/sports/basketball/mens-college-basketball/summary?event=401808911 "HTTP/1.1 200 OK"
08:38:05 [INFO] HTTP Request: GET https://site.api.espn.com/apis/site/v2/sports/basketball/mens-college-basketball/summary?event=401808928 "HTTP/1.1 200 OK"
08:38:15 [INFO] HTTP Request: GET https://site.api.espn.com/apis/site/v2/sports/basketball/mens-college-basketball/summary?event=401808972 "HTTP/1.1 200 OK"
08:38:26 [INFO] HTTP Request: GET https://site.api.espn.com/apis/site/v2/sports/basketball/mens-college-basketball/summary?event=401808983 "HTTP/1.1 200 OK"
08:38:36 [INFO] HTTP Request: GET https://site.api.espn.com/apis/site/v2/sports/basketball/mens-college-basketball/summary?event=401808964 "HTTP/1.1 200 OK"
08:38:46 [INFO] HTTP Request: GET https://site.api.espn.com/apis/site/v2/sports/basketball/mens-college-basketball/summary?event=401808887 "HTTP/1.1 200 OK"
08:38:46 [INFO]   Loaded: 29 games, 627 player-game-stat rows
08:38:46 [INFO] 
============================================================
08:38:46 [INFO]   BATCH COMPLETE: 12 teams, 345 games, 7282 PGS rows
08:38:46 [INFO] ============================================================

============================================================
  ESPN BATCH — FINAL SUMMARY
============================================================
  Total teams:                3113
  Total players:              30476
  Total games:                17502
  Total player_game_stats:    465902
============================================================
