13:06:58 [INFO] Batch: 7 NCAA D1 teams via ESPN
13:06:58 [INFO] 
[1/7] Abilene Christian Wildcats
13:06:58 [INFO] Scraping team: Abilene Christian Wildcats (ESPN #2000)
13:06:59 [INFO] HTTP Request: GET https://site.api.espn.com/apis/site/v2/sports/basketball/mens-college-basketball/teams/2000/schedule?season=2026 "HTTP/1.1 200 OK"
13:06:59 [INFO]   Schedule: 28 completed games
13:07:09 [INFO] HTTP Request: GET https://site.api.espn.com/apis/site/v2/sports/basketball/mens-college-basketball/summary?event=401823521 "HTTP/1.1 200 OK"
13:07:20 [INFO] HTTP Request: GET https://site.api.espn.com/apis/site/v2/sports/basketball/mens-college-basketball/summary?event=401823522 "HTTP/1.1 200 OK"
13:07:30 [INFO] HTTP Request: GET https://site.api.espn.com/apis/site/v2/sports/basketball/mens-college-basketball/summary?event=401823523 "HTTP/1.1 200 OK"
13:07:40 [INFO] HTTP Request: GET https://site.api.espn.com/apis/site/v2/sports/basketball/mens-college-basketball/summary?event=401823524 "HTTP/1.1 200 OK"
13:07:51 [INFO] HTTP Request: GET https://site.api.espn.com/apis/site/v2/sports/basketball/mens-college-basketball/summary?event=401823525 "HTTP/1.1 200 OK"
13:08:01 [INFO] HTTP Request: GET https://site.api.espn.com/apis/site/v2/sports/basketball/mens-college-basketball/summary?event=401830347 "HTTP/1.1 200 OK"
13:08:11 [INFO] HTTP Request: GET https://site.api.espn.com/apis/site/v2/sports/basketball/mens-college-basketball/summary?event=401827507 "HTTP/1.1 200 OK"
13:08:22 [INFO] HTTP Request: GET https://site.api.espn.com/apis/site/v2/sports/basketball/mens-college-basketball/summary?event=401823526 "HTTP/1.1 200 OK"
13:08:36 [INFO] HTTP Request: GET https://site.api.espn.com/apis/site/v2/sports/basketball/mens-college-basketball/summary?event=401823527 "HTTP/1.1 200 OK"
13:08:47 [INFO] HTTP Request: GET https://site.api.espn.com/apis/site/v2/sports/basketball/mens-college-basketball/summary?event=401823528 "HTTP/1.1 200 OK"
13:08:57 [INFO] HTTP Request: GET https://site.api.espn.com/apis/site/v2/sports/basketball/mens-college-basketball/summary?event=401823529 "HTTP/1.1 200 OK"
13:09:08 [INFO] HTTP Request: GET https://site.api.espn.com/apis/site/v2/sports/basketball/mens-college-basketball/summary?event=401819840 "HTTP/1.1 200 OK"
13:09:18 [INFO] HTTP Request: GET https://site.api.espn.com/apis/site/v2/sports/basketball/mens-college-basketball/summary?event=401827009 "HTTP/1.1 200 OK"
13:09:28 [INFO] HTTP Request: GET https://site.api.espn.com/apis/site/v2/sports/basketball/mens-college-basketball/summary?event=401805157 "HTTP/1.1 200 OK"
13:09:39 [INFO] HTTP Request: GET https://site.api.espn.com/apis/site/v2/sports/basketball/mens-college-basketball/summary?event=401805160 "HTTP/1.1 200 OK"
13:09:49 [INFO] HTTP Request: GET https://site.api.espn.com/apis/site/v2/sports/basketball/mens-college-basketball/summary?event=401805163 "HTTP/1.1 200 OK"
13:09:59 [INFO] HTTP Request: GET https://site.api.espn.com/apis/site/v2/sports/basketball/mens-college-basketball/summary?event=401805166 "HTTP/1.1 200 OK"
13:10:10 [INFO] HTTP Request: GET https://site.api.espn.com/apis/site/v2/sports/basketball/mens-college-basketball/summary?event=401805169 "HTTP/1.1 200 OK"
13:10:20 [INFO] HTTP Request: GET https://site.api.espn.com/apis/site/v2/sports/basketball/mens-college-basketball/summary?event=401805172 "HTTP/1.1 200 OK"
13:10:31 [INFO] HTTP Request: GET https://site.api.espn.com/apis/site/v2/sports/basketball/mens-college-basketball/summary?event=401805181 "HTTP/1.1 200 OK"
13:10:41 [INFO] HTTP Request: GET https://site.api.espn.com/apis/site/v2/sports/basketball/mens-college-basketball/summary?event=401805184 "HTTP/1.1 200 OK"
13:10:52 [INFO] HTTP Request: GET https://site.api.espn.com/apis/site/v2/sports/basketball/mens-college-basketball/summary?event=401805187 "HTTP/1.1 200 OK"
13:11:02 [INFO] HTTP Request: GET https://site.api.espn.com/apis/site/v2/sports/basketball/mens-college-basketball/summary?event=401805190 "HTTP/1.1 200 OK"
13:11:12 [INFO] HTTP Request: GET https://site.api.espn.com/apis/site/v2/sports/basketball/mens-college-basketball/summary?event=401805193 "HTTP/1.1 200 OK"
13:11:23 [INFO] HTTP Request: GET https://site.api.espn.com/apis/site/v2/sports/basketball/mens-college-basketball/summary?event=401805196 "HTTP/1.1 200 OK"
13:11:33 [INFO] HTTP Request: GET https://site.api.espn.com/apis/site/v2/sports/basketball/mens-college-basketball/summary?event=401858742 "HTTP/1.1 200 OK"
13:11:43 [INFO] HTTP Request: GET https://site.api.espn.com/apis/site/v2/sports/basketball/mens-college-basketball/summary?event=401805202 "HTTP/1.1 200 OK"
13:11:54 [INFO] HTTP Request: GET https://site.api.espn.com/apis/site/v2/sports/basketball/mens-college-basketball/summary?event=401805205 "HTTP/1.1 200 OK"
13:11:54 [INFO]   Loaded: 28 games, 610 player-game-stat rows
13:11:54 [INFO] 
[2/7] California Baptist Lancers
13:11:54 [INFO] Scraping team: California Baptist Lancers (ESPN #2856)
13:12:04 [INFO] HTTP Request: GET https://site.api.espn.com/apis/site/v2/sports/basketball/mens-college-basketball/teams/2856/schedule?season=2026 "HTTP/1.1 200 OK"
13:12:04 [INFO]   Schedule: 28 completed games
13:12:14 [INFO] HTTP Request: GET https://site.api.espn.com/apis/site/v2/sports/basketball/mens-college-basketball/summary?event=401823530 "HTTP/1.1 200 OK"
13:12:25 [INFO] HTTP Request: GET https://site.api.espn.com/apis/site/v2/sports/basketball/mens-college-basketball/summary?event=401823531 "HTTP/1.1 200 OK"
13:12:35 [INFO] HTTP Request: GET https://site.api.espn.com/apis/site/v2/sports/basketball/mens-college-basketball/summary?event=401823532 "HTTP/1.1 200 OK"
13:12:45 [INFO] HTTP Request: GET https://site.api.espn.com/apis/site/v2/sports/basketball/mens-college-basketball/summary?event=401823533 "HTTP/1.1 200 OK"
13:12:56 [INFO] HTTP Request: GET https://site.api.espn.com/apis/site/v2/sports/basketball/mens-college-basketball/summary?event=401823534 "HTTP/1.1 200 OK"
13:13:06 [INFO] HTTP Request: GET https://site.api.espn.com/apis/site/v2/sports/basketball/mens-college-basketball/summary?event=401823535 "HTTP/1.1 200 OK"
13:13:16 [INFO] HTTP Request: GET https://site.api.espn.com/apis/site/v2/sports/basketball/mens-college-basketball/summary?event=401823536 "HTTP/1.1 200 OK"
13:13:27 [INFO] HTTP Request: GET https://site.api.espn.com/apis/site/v2/sports/basketball/mens-college-basketball/summary?event=401819866 "HTTP/1.1 200 OK"
13:13:37 [INFO] HTTP Request: GET https://site.api.espn.com/apis/site/v2/sports/basketball/mens-college-basketball/summary?event=401819837 "HTTP/1.1 200 OK"
13:13:47 [INFO] HTTP Request: GET https://site.api.espn.com/apis/site/v2/sports/basketball/mens-college-basketball/summary?event=401819911 "HTTP/1.1 200 OK"
13:13:58 [INFO] HTTP Request: GET https://site.api.espn.com/apis/site/v2/sports/basketball/mens-college-basketball/summary?event=401823506 "HTTP/1.1 200 OK"
13:14:08 [INFO] HTTP Request: GET https://site.api.espn.com/apis/site/v2/sports/basketball/mens-college-basketball/summary?event=401823537 "HTTP/1.1 200 OK"
13:14:19 [INFO] HTTP Request: GET https://site.api.espn.com/apis/site/v2/sports/basketball/mens-college-basketball/summary?event=401823538 "HTTP/1.1 200 OK"
13:14:29 [INFO] HTTP Request: GET https://site.api.espn.com/apis/site/v2/sports/basketball/mens-college-basketball/summary?event=401805156 "HTTP/1.1 200 OK"
13:14:40 [INFO] HTTP Request: GET https://site.api.espn.com/apis/site/v2/sports/basketball/mens-college-basketball/summary?event=401805159 "HTTP/1.1 200 OK"
13:14:50 [INFO] HTTP Request: GET https://site.api.espn.com/apis/site/v2/sports/basketball/mens-college-basketball/summary?event=401805161 "HTTP/1.1 200 OK"
13:15:01 [INFO] HTTP Request: GET https://site.api.espn.com/apis/site/v2/sports/basketball/mens-college-basketball/summary?event=401805164 "HTTP/1.1 200 OK"
13:15:11 [INFO] HTTP Request: GET https://site.api.espn.com/apis/site/v2/sports/basketball/mens-college-basketball/summary?event=401805168 "HTTP/1.1 200 OK"
13:15:21 [INFO] HTTP Request: GET https://site.api.espn.com/apis/site/v2/sports/basketball/mens-college-basketball/summary?event=401805169 "HTTP/1.1 200 OK"
13:15:32 [INFO] HTTP Request: GET https://site.api.espn.com/apis/site/v2/sports/basketball/mens-college-basketball/summary?event=401805176 "HTTP/1.1 200 OK"
13:15:42 [INFO] HTTP Request: GET https://site.api.espn.com/apis/site/v2/sports/basketball/mens-college-basketball/summary?event=401805180 "HTTP/1.1 200 OK"
13:15:53 [INFO] HTTP Request: GET https://site.api.espn.com/apis/site/v2/sports/basketball/mens-college-basketball/summary?event=401805186 "HTTP/1.1 200 OK"
13:16:03 [INFO] HTTP Request: GET https://site.api.espn.com/apis/site/v2/sports/basketball/mens-college-basketball/summary?event=401805188 "HTTP/1.1 200 OK"
13:16:13 [INFO] HTTP Request: GET https://site.api.espn.com/apis/site/v2/sports/basketball/mens-college-basketball/summary?event=401805190 "HTTP/1.1 200 OK"
13:16:24 [INFO] HTTP Request: GET https://site.api.espn.com/apis/site/v2/sports/basketball/mens-college-basketball/summary?event=401805195 "HTTP/1.1 200 OK"
13:16:34 [INFO] HTTP Request: GET https://site.api.espn.com/apis/site/v2/sports/basketball/mens-college-basketball/summary?event=401805198 "HTTP/1.1 200 OK"
13:16:44 [INFO] HTTP Request: GET https://site.api.espn.com/apis/site/v2/sports/basketball/mens-college-basketball/summary?event=401805201 "HTTP/1.1 200 OK"
13:16:55 [INFO] HTTP Request: GET https://site.api.espn.com/apis/site/v2/sports/basketball/mens-college-basketball/summary?event=401805207 "HTTP/1.1 200 OK"
13:16:55 [INFO]   Loaded: 28 games, 551 player-game-stat rows
13:16:55 [INFO] 
[3/7] Southern Utah Thunderbirds
13:16:55 [INFO] Scraping team: Southern Utah Thunderbirds (ESPN #253)
13:17:05 [INFO] HTTP Request: GET https://site.api.espn.com/apis/site/v2/sports/basketball/mens-college-basketball/teams/253/schedule?season=2026 "HTTP/1.1 200 OK"
13:17:05 [INFO]   Schedule: 28 completed games
13:17:16 [INFO] HTTP Request: GET https://site.api.espn.com/apis/site/v2/sports/basketball/mens-college-basketball/summary?event=401819813 "HTTP/1.1 200 OK"
13:17:26 [INFO] HTTP Request: GET https://site.api.espn.com/apis/site/v2/sports/basketball/mens-college-basketball/summary?event=401823539 "HTTP/1.1 200 OK"
13:17:36 [INFO] HTTP Request: GET https://site.api.espn.com/apis/site/v2/sports/basketball/mens-college-basketball/summary?event=401823540 "HTTP/1.1 200 OK"
13:17:47 [INFO] HTTP Request: GET https://site.api.espn.com/apis/site/v2/sports/basketball/mens-college-basketball/summary?event=401823541 "HTTP/1.1 200 OK"
13:17:57 [INFO] HTTP Request: GET https://site.api.espn.com/apis/site/v2/sports/basketball/mens-college-basketball/summary?event=401823542 "HTTP/1.1 200 OK"
13:18:08 [INFO] HTTP Request: GET https://site.api.espn.com/apis/site/v2/sports/basketball/mens-college-basketball/summary?event=401823543 "HTTP/1.1 200 OK"
13:18:18 [INFO] HTTP Request: GET https://site.api.espn.com/apis/site/v2/sports/basketball/mens-college-basketball/summary?event=401823544 "HTTP/1.1 200 OK"
13:18:29 [INFO] HTTP Request: GET https://site.api.espn.com/apis/site/v2/sports/basketball/mens-college-basketball/summary?event=401823404 "HTTP/1.1 200 OK"
13:18:39 [INFO] HTTP Request: GET https://site.api.espn.com/apis/site/v2/sports/basketball/mens-college-basketball/summary?event=401823545 "HTTP/1.1 200 OK"
13:18:50 [INFO] HTTP Request: GET https://site.api.espn.com/apis/site/v2/sports/basketball/mens-college-basketball/summary?event=401823546 "HTTP/1.1 200 OK"
13:19:00 [INFO] HTTP Request: GET https://site.api.espn.com/apis/site/v2/sports/basketball/mens-college-basketball/summary?event=401823547 "HTTP/1.1 200 OK"
13:19:10 [INFO] HTTP Request: GET https://site.api.espn.com/apis/site/v2/sports/basketball/mens-college-basketball/summary?event=401823548 "HTTP/1.1 200 OK"
13:19:21 [INFO] HTTP Request: GET https://site.api.espn.com/apis/site/v2/sports/basketball/mens-college-basketball/summary?event=401823549 "HTTP/1.1 200 OK"
13:19:31 [INFO] HTTP Request: GET https://site.api.espn.com/apis/site/v2/sports/basketball/mens-college-basketball/summary?event=401805155 "HTTP/1.1 200 OK"
13:19:42 [INFO] HTTP Request: GET https://site.api.espn.com/apis/site/v2/sports/basketball/mens-college-basketball/summary?event=401805162 "HTTP/1.1 200 OK"
13:19:52 [INFO] HTTP Request: GET https://site.api.espn.com/apis/site/v2/sports/basketball/mens-college-basketball/summary?event=401805165 "HTTP/1.1 200 OK"
13:20:03 [INFO] HTTP Request: GET https://site.api.espn.com/apis/site/v2/sports/basketball/mens-college-basketball/summary?event=401805168 "HTTP/1.1 200 OK"
13:20:13 [INFO] HTTP Request: GET https://site.api.espn.com/apis/site/v2/sports/basketball/mens-college-basketball/summary?event=401805170 "HTTP/1.1 200 OK"
13:20:23 [INFO] HTTP Request: GET https://site.api.espn.com/apis/site/v2/sports/basketball/mens-college-basketball/summary?event=401805172 "HTTP/1.1 200 OK"
13:20:34 [INFO] HTTP Request: GET https://site.api.espn.com/apis/site/v2/sports/basketball/mens-college-basketball/summary?event=401805177 "HTTP/1.1 200 OK"
13:20:44 [INFO] HTTP Request: GET https://site.api.espn.com/apis/site/v2/sports/basketball/mens-college-basketball/summary?event=401805179 "HTTP/1.1 200 OK"
13:20:55 [INFO] HTTP Request: GET https://site.api.espn.com/apis/site/v2/sports/basketball/mens-college-basketball/summary?event=401805183 "HTTP/1.1 200 OK"
13:21:05 [INFO] HTTP Request: GET https://site.api.espn.com/apis/site/v2/sports/basketball/mens-college-basketball/summary?event=401805184 "HTTP/1.1 200 OK"
13:21:15 [INFO] HTTP Request: GET https://site.api.espn.com/apis/site/v2/sports/basketball/mens-college-basketball/summary?event=401805191 "HTTP/1.1 200 OK"
13:21:26 [INFO] HTTP Request: GET https://site.api.espn.com/apis/site/v2/sports/basketball/mens-college-basketball/summary?event=401805195 "HTTP/1.1 200 OK"
13:21:36 [INFO] HTTP Request: GET https://site.api.espn.com/apis/site/v2/sports/basketball/mens-college-basketball/summary?event=401805197 "HTTP/1.1 200 OK"
13:21:46 [INFO] HTTP Request: GET https://site.api.espn.com/apis/site/v2/sports/basketball/mens-college-basketball/summary?event=401805199 "HTTP/1.1 200 OK"
13:21:57 [INFO] HTTP Request: GET https://site.api.espn.com/apis/site/v2/sports/basketball/mens-college-basketball/summary?event=401805202 "HTTP/1.1 200 OK"
13:21:57 [INFO]   Loaded: 28 games, 603 player-game-stat rows
13:21:57 [INFO] 
[4/7] Tarleton State Texans
13:21:57 [INFO] Scraping team: Tarleton State Texans (ESPN #2627)
13:22:07 [INFO] HTTP Request: GET https://site.api.espn.com/apis/site/v2/sports/basketball/mens-college-basketball/teams/2627/schedule?season=2026 "HTTP/1.1 200 OK"
13:22:07 [INFO]   Schedule: 29 completed games
13:22:17 [INFO] HTTP Request: GET https://site.api.espn.com/apis/site/v2/sports/basketball/mens-college-basketball/summary?event=401817452 "HTTP/1.1 200 OK"
13:22:28 [INFO] HTTP Request: GET https://site.api.espn.com/apis/site/v2/sports/basketball/mens-college-basketball/summary?event=401826995 "HTTP/1.1 200 OK"
13:22:38 [INFO] HTTP Request: GET https://site.api.espn.com/apis/site/v2/sports/basketball/mens-college-basketball/summary?event=401820485 "HTTP/1.1 200 OK"
13:22:48 [INFO] HTTP Request: GET https://site.api.espn.com/apis/site/v2/sports/basketball/mens-college-basketball/summary?event=401826996 "HTTP/1.1 200 OK"
13:22:59 [INFO] HTTP Request: GET https://site.api.espn.com/apis/site/v2/sports/basketball/mens-college-basketball/summary?event=401819825 "HTTP/1.1 200 OK"
13:23:09 [INFO] HTTP Request: GET https://site.api.espn.com/apis/site/v2/sports/basketball/mens-college-basketball/summary?event=401826997 "HTTP/1.1 200 OK"
13:23:20 [INFO] HTTP Request: GET https://site.api.espn.com/apis/site/v2/sports/basketball/mens-college-basketball/summary?event=401826808 "HTTP/1.1 200 OK"
13:23:30 [INFO] HTTP Request: GET https://site.api.espn.com/apis/site/v2/sports/basketball/mens-college-basketball/summary?event=401826998 "HTTP/1.1 200 OK"
13:23:40 [INFO] HTTP Request: GET https://site.api.espn.com/apis/site/v2/sports/basketball/mens-college-basketball/summary?event=401819846 "HTTP/1.1 200 OK"
13:23:51 [INFO] HTTP Request: GET https://site.api.espn.com/apis/site/v2/sports/basketball/mens-college-basketball/summary?event=401826999 "HTTP/1.1 200 OK"
13:24:01 [INFO] HTTP Request: GET https://site.api.espn.com/apis/site/v2/sports/basketball/mens-college-basketball/summary?event=401827000 "HTTP/1.1 200 OK"
13:24:12 [INFO] HTTP Request: GET https://site.api.espn.com/apis/site/v2/sports/basketball/mens-college-basketball/summary?event=401827001 "HTTP/1.1 200 OK"
13:24:22 [INFO] HTTP Request: GET https://site.api.espn.com/apis/site/v2/sports/basketball/mens-college-basketball/summary?event=401827002 "HTTP/1.1 200 OK"
13:24:32 [INFO] HTTP Request: GET https://site.api.espn.com/apis/site/v2/sports/basketball/mens-college-basketball/summary?event=401805154 "HTTP/1.1 200 OK"
13:24:43 [INFO] HTTP Request: GET https://site.api.espn.com/apis/site/v2/sports/basketball/mens-college-basketball/summary?event=401805158 "HTTP/1.1 200 OK"
13:24:53 [INFO] HTTP Request: GET https://site.api.espn.com/apis/site/v2/sports/basketball/mens-college-basketball/summary?event=401805161 "HTTP/1.1 200 OK"
13:25:03 [INFO] HTTP Request: GET https://site.api.espn.com/apis/site/v2/sports/basketball/mens-college-basketball/summary?event=401805163 "HTTP/1.1 200 OK"
13:25:14 [INFO] HTTP Request: GET https://site.api.espn.com/apis/site/v2/sports/basketball/mens-college-basketball/summary?event=401805170 "HTTP/1.1 200 OK"
13:25:24 [INFO] HTTP Request: GET https://site.api.espn.com/apis/site/v2/sports/basketball/mens-college-basketball/summary?event=401805173 "HTTP/1.1 200 OK"
13:25:34 [INFO] HTTP Request: GET https://site.api.espn.com/apis/site/v2/sports/basketball/mens-college-basketball/summary?event=401805175 "HTTP/1.1 200 OK"
13:25:45 [INFO] HTTP Request: GET https://site.api.espn.com/apis/site/v2/sports/basketball/mens-college-basketball/summary?event=401805182 "HTTP/1.1 200 OK"
13:25:55 [INFO] HTTP Request: GET https://site.api.espn.com/apis/site/v2/sports/basketball/mens-college-basketball/summary?event=401805185 "HTTP/1.1 200 OK"
13:26:06 [INFO] HTTP Request: GET https://site.api.espn.com/apis/site/v2/sports/basketball/mens-college-basketball/summary?event=401805188 "HTTP/1.1 200 OK"
13:26:16 [INFO] HTTP Request: GET https://site.api.espn.com/apis/site/v2/sports/basketball/mens-college-basketball/summary?event=401805191 "HTTP/1.1 200 OK"
13:26:27 [INFO] HTTP Request: GET https://site.api.espn.com/apis/site/v2/sports/basketball/mens-college-basketball/summary?event=401805196 "HTTP/1.1 200 OK"
13:26:37 [INFO] HTTP Request: GET https://site.api.espn.com/apis/site/v2/sports/basketball/mens-college-basketball/summary?event=401858742 "HTTP/1.1 200 OK"
13:26:47 [INFO] HTTP Request: GET https://site.api.espn.com/apis/site/v2/sports/basketball/mens-college-basketball/summary?event=401805199 "HTTP/1.1 200 OK"
13:26:58 [INFO] HTTP Request: GET https://site.api.espn.com/apis/site/v2/sports/basketball/mens-college-basketball/summary?event=401805203 "HTTP/1.1 200 OK"
13:27:08 [INFO] HTTP Request: GET https://site.api.espn.com/apis/site/v2/sports/basketball/mens-college-basketball/summary?event=401805206 "HTTP/1.1 200 OK"
13:27:08 [INFO]   Loaded: 29 games, 618 player-game-stat rows
13:27:08 [INFO] 
[5/7] UT Arlington Mavericks
13:27:08 [INFO] Scraping team: UT Arlington Mavericks (ESPN #250)
13:27:19 [INFO] HTTP Request: GET https://site.api.espn.com/apis/site/v2/sports/basketball/mens-college-basketball/teams/250/schedule?season=2026 "HTTP/1.1 200 OK"
13:27:19 [INFO]   Schedule: 28 completed games
13:27:29 [INFO] HTTP Request: GET https://site.api.espn.com/apis/site/v2/sports/basketball/mens-college-basketball/summary?event=401823864 "HTTP/1.1 200 OK"
13:27:39 [INFO] HTTP Request: GET https://site.api.espn.com/apis/site/v2/sports/basketball/mens-college-basketball/summary?event=401823865 "HTTP/1.1 200 OK"
13:27:50 [INFO] HTTP Request: GET https://site.api.espn.com/apis/site/v2/sports/basketball/mens-college-basketball/summary?event=401823866 "HTTP/1.1 200 OK"
13:28:00 [INFO] HTTP Request: GET https://site.api.espn.com/apis/site/v2/sports/basketball/mens-college-basketball/summary?event=401823324 "HTTP/1.1 200 OK"
13:28:10 [INFO] HTTP Request: GET https://site.api.espn.com/apis/site/v2/sports/basketball/mens-college-basketball/summary?event=401823867 "HTTP/1.1 200 OK"
13:28:21 [INFO] HTTP Request: GET https://site.api.espn.com/apis/site/v2/sports/basketball/mens-college-basketball/summary?event=401823868 "HTTP/1.1 200 OK"
13:28:31 [INFO] HTTP Request: GET https://site.api.espn.com/apis/site/v2/sports/basketball/mens-college-basketball/summary?event=401823869 "HTTP/1.1 200 OK"
13:28:42 [INFO] HTTP Request: GET https://site.api.espn.com/apis/site/v2/sports/basketball/mens-college-basketball/summary?event=401823870 "HTTP/1.1 200 OK"
13:28:52 [INFO] HTTP Request: GET https://site.api.espn.com/apis/site/v2/sports/basketball/mens-college-basketball/summary?event=401823871 "HTTP/1.1 200 OK"
13:29:02 [INFO] HTTP Request: GET https://site.api.espn.com/apis/site/v2/sports/basketball/mens-college-basketball/summary?event=401823872 "HTTP/1.1 200 OK"
13:29:13 [INFO] HTTP Request: GET https://site.api.espn.com/apis/site/v2/sports/basketball/mens-college-basketball/summary?event=401817473 "HTTP/1.1 200 OK"
13:29:23 [INFO] HTTP Request: GET https://site.api.espn.com/apis/site/v2/sports/basketball/mens-college-basketball/summary?event=401823873 "HTTP/1.1 200 OK"
13:29:33 [INFO] HTTP Request: GET https://site.api.espn.com/apis/site/v2/sports/basketball/mens-college-basketball/summary?event=401805154 "HTTP/1.1 200 OK"
13:29:44 [INFO] HTTP Request: GET https://site.api.espn.com/apis/site/v2/sports/basketball/mens-college-basketball/summary?event=401805159 "HTTP/1.1 200 OK"
13:29:54 [INFO] HTTP Request: GET https://site.api.espn.com/apis/site/v2/sports/basketball/mens-college-basketball/summary?event=401805162 "HTTP/1.1 200 OK"
13:30:05 [INFO] HTTP Request: GET https://site.api.espn.com/apis/site/v2/sports/basketball/mens-college-basketball/summary?event=401805166 "HTTP/1.1 200 OK"
13:30:15 [INFO] HTTP Request: GET https://site.api.espn.com/apis/site/v2/sports/basketball/mens-college-basketball/summary?event=401805171 "HTTP/1.1 200 OK"
13:30:25 [INFO] HTTP Request: GET https://site.api.espn.com/apis/site/v2/sports/basketball/mens-college-basketball/summary?event=401805174 "HTTP/1.1 200 OK"
13:30:36 [INFO] HTTP Request: GET https://site.api.espn.com/apis/site/v2/sports/basketball/mens-college-basketball/summary?event=401805175 "HTTP/1.1 200 OK"
13:30:46 [INFO] HTTP Request: GET https://site.api.espn.com/apis/site/v2/sports/basketball/mens-college-basketball/summary?event=401805183 "HTTP/1.1 200 OK"
13:30:56 [INFO] HTTP Request: GET https://site.api.espn.com/apis/site/v2/sports/basketball/mens-college-basketball/summary?event=401805186 "HTTP/1.1 200 OK"
13:31:07 [INFO] HTTP Request: GET https://site.api.espn.com/apis/site/v2/sports/basketball/mens-college-basketball/summary?event=401805189 "HTTP/1.1 200 OK"
13:31:17 [INFO] HTTP Request: GET https://site.api.espn.com/apis/site/v2/sports/basketball/mens-college-basketball/summary?event=401805192 "HTTP/1.1 200 OK"
13:31:27 [INFO] HTTP Request: GET https://site.api.espn.com/apis/site/v2/sports/basketball/mens-college-basketball/summary?event=401805193 "HTTP/1.1 200 OK"
13:31:38 [INFO] HTTP Request: GET https://site.api.espn.com/apis/site/v2/sports/basketball/mens-college-basketball/summary?event=401805197 "HTTP/1.1 200 OK"
13:31:48 [INFO] HTTP Request: GET https://site.api.espn.com/apis/site/v2/sports/basketball/mens-college-basketball/summary?event=401805200 "HTTP/1.1 200 OK"
13:31:59 [INFO] HTTP Request: GET https://site.api.espn.com/apis/site/v2/sports/basketball/mens-college-basketball/summary?event=401805204 "HTTP/1.1 200 OK"
13:32:09 [INFO] HTTP Request: GET https://site.api.espn.com/apis/site/v2/sports/basketball/mens-college-basketball/summary?event=401805207 "HTTP/1.1 200 OK"
13:32:09 [INFO]   Loaded: 28 games, 579 player-game-stat rows
13:32:09 [INFO] 
[6/7] Utah Tech Trailblazers
13:32:09 [INFO] Scraping team: Utah Tech Trailblazers (ESPN #3101)
13:32:19 [INFO] HTTP Request: GET https://site.api.espn.com/apis/site/v2/sports/basketball/mens-college-basketball/teams/3101/schedule?season=2026 "HTTP/1.1 200 OK"
13:32:19 [INFO]   Schedule: 30 completed games
13:32:30 [INFO] HTTP Request: GET https://site.api.espn.com/apis/site/v2/sports/basketball/mens-college-basketball/summary?event=401811101 "HTTP/1.1 200 OK"
13:32:40 [INFO] HTTP Request: GET https://site.api.espn.com/apis/site/v2/sports/basketball/mens-college-basketball/summary?event=401824022 "HTTP/1.1 200 OK"
13:32:50 [INFO] HTTP Request: GET https://site.api.espn.com/apis/site/v2/sports/basketball/mens-college-basketball/summary?event=401824023 "HTTP/1.1 200 OK"
13:33:00 [INFO] HTTP Request: GET https://site.api.espn.com/apis/site/v2/sports/basketball/mens-college-basketball/summary?event=401819814 "HTTP/1.1 200 OK"
13:33:11 [INFO] HTTP Request: GET https://site.api.espn.com/apis/site/v2/sports/basketball/mens-college-basketball/summary?event=401830348 "HTTP/1.1 200 OK"
13:33:21 [INFO] HTTP Request: GET https://site.api.espn.com/apis/site/v2/sports/basketball/mens-college-basketball/summary?event=401830342 "HTTP/1.1 200 OK"
13:33:31 [INFO] HTTP Request: GET https://site.api.espn.com/apis/site/v2/sports/basketball/mens-college-basketball/summary?event=401824898 "HTTP/1.1 200 OK"
13:33:42 [INFO] HTTP Request: GET https://site.api.espn.com/apis/site/v2/sports/basketball/mens-college-basketball/summary?event=401824025 "HTTP/1.1 200 OK"
13:33:52 [INFO] HTTP Request: GET https://site.api.espn.com/apis/site/v2/sports/basketball/mens-college-basketball/summary?event=401824026 "HTTP/1.1 200 OK"
13:34:02 [INFO] HTTP Request: GET https://site.api.espn.com/apis/site/v2/sports/basketball/mens-college-basketball/summary?event=401824027 "HTTP/1.1 200 OK"
13:34:12 [INFO] HTTP Request: GET https://site.api.espn.com/apis/site/v2/sports/basketball/mens-college-basketball/summary?event=401824028 "HTTP/1.1 200 OK"
13:34:23 [INFO] HTTP Request: GET https://site.api.espn.com/apis/site/v2/sports/basketball/mens-college-basketball/summary?event=401824029 "HTTP/1.1 200 OK"
13:34:33 [INFO] HTTP Request: GET https://site.api.espn.com/apis/site/v2/sports/basketball/mens-college-basketball/summary?event=401824030 "HTTP/1.1 200 OK"
13:34:43 [INFO] HTTP Request: GET https://site.api.espn.com/apis/site/v2/sports/basketball/mens-college-basketball/summary?event=401820836 "HTTP/1.1 200 OK"
13:34:54 [INFO] HTTP Request: GET https://site.api.espn.com/apis/site/v2/sports/basketball/mens-college-basketball/summary?event=401805155 "HTTP/1.1 200 OK"
13:35:04 [INFO] HTTP Request: GET https://site.api.espn.com/apis/site/v2/sports/basketball/mens-college-basketball/summary?event=401805157 "HTTP/1.1 200 OK"
13:35:14 [INFO] HTTP Request: GET https://site.api.espn.com/apis/site/v2/sports/basketball/mens-college-basketball/summary?event=401805164 "HTTP/1.1 200 OK"
13:35:25 [INFO] HTTP Request: GET https://site.api.espn.com/apis/site/v2/sports/basketball/mens-college-basketball/summary?event=401805167 "HTTP/1.1 200 OK"
13:35:35 [INFO] HTTP Request: GET https://site.api.espn.com/apis/site/v2/sports/basketball/mens-college-basketball/summary?event=401805171 "HTTP/1.1 200 OK"
13:35:45 [INFO] HTTP Request: GET https://site.api.espn.com/apis/site/v2/sports/basketball/mens-college-basketball/summary?event=401805173 "HTTP/1.1 200 OK"
13:35:56 [INFO] HTTP Request: GET https://site.api.espn.com/apis/site/v2/sports/basketball/mens-college-basketball/summary?event=401805176 "HTTP/1.1 200 OK"
13:36:08 [INFO] HTTP Request: GET https://site.api.espn.com/apis/site/v2/sports/basketball/mens-college-basketball/summary?event=401805179 "HTTP/1.1 200 OK"
13:36:18 [INFO] HTTP Request: GET https://site.api.espn.com/apis/site/v2/sports/basketball/mens-college-basketball/summary?event=401805181 "HTTP/1.1 200 OK"
13:36:28 [INFO] HTTP Request: GET https://site.api.espn.com/apis/site/v2/sports/basketball/mens-college-basketball/summary?event=401805185 "HTTP/1.1 200 OK"
13:36:38 [INFO] HTTP Request: GET https://site.api.espn.com/apis/site/v2/sports/basketball/mens-college-basketball/summary?event=401805189 "HTTP/1.1 200 OK"
13:36:49 [INFO] HTTP Request: GET https://site.api.espn.com/apis/site/v2/sports/basketball/mens-college-basketball/summary?event=401805194 "HTTP/1.1 200 OK"
13:36:59 [INFO] HTTP Request: GET https://site.api.espn.com/apis/site/v2/sports/basketball/mens-college-basketball/summary?event=401805198 "HTTP/1.1 200 OK"
13:37:10 [INFO] HTTP Request: GET https://site.api.espn.com/apis/site/v2/sports/basketball/mens-college-basketball/summary?event=401805200 "HTTP/1.1 200 OK"
13:37:20 [INFO] HTTP Request: GET https://site.api.espn.com/apis/site/v2/sports/basketball/mens-college-basketball/summary?event=401805203 "HTTP/1.1 200 OK"
13:37:30 [INFO] HTTP Request: GET https://site.api.espn.com/apis/site/v2/sports/basketball/mens-college-basketball/summary?event=401805205 "HTTP/1.1 200 OK"
13:37:30 [INFO]   Loaded: 30 games, 574 player-game-stat rows
13:37:30 [INFO] 
[7/7] Utah Valley Wolverines
13:37:30 [INFO] Scraping team: Utah Valley Wolverines (ESPN #3084)
13:37:41 [INFO] HTTP Request: GET https://site.api.espn.com/apis/site/v2/sports/basketball/mens-college-basketball/teams/3084/schedule?season=2026 "HTTP/1.1 200 OK"
13:37:41 [INFO]   Schedule: 28 completed games
13:37:51 [INFO] HTTP Request: GET https://site.api.espn.com/apis/site/v2/sports/basketball/mens-college-basketball/summary?event=401826946 "HTTP/1.1 200 OK"
13:38:01 [INFO] HTTP Request: GET https://site.api.espn.com/apis/site/v2/sports/basketball/mens-college-basketball/summary?event=401823814 "HTTP/1.1 200 OK"
13:38:12 [INFO] HTTP Request: GET https://site.api.espn.com/apis/site/v2/sports/basketball/mens-college-basketball/summary?event=401826947 "HTTP/1.1 200 OK"
13:38:22 [INFO] HTTP Request: GET https://site.api.espn.com/apis/site/v2/sports/basketball/mens-college-basketball/summary?event=401826948 "HTTP/1.1 200 OK"
13:38:32 [INFO] HTTP Request: GET https://site.api.espn.com/apis/site/v2/sports/basketball/mens-college-basketball/summary?event=401826949 "HTTP/1.1 200 OK"
13:38:42 [INFO] HTTP Request: GET https://site.api.espn.com/apis/site/v2/sports/basketball/mens-college-basketball/summary?event=401826950 "HTTP/1.1 200 OK"
13:38:53 [INFO] HTTP Request: GET https://site.api.espn.com/apis/site/v2/sports/basketball/mens-college-basketball/summary?event=401826951 "HTTP/1.1 200 OK"
13:39:03 [INFO] HTTP Request: GET https://site.api.espn.com/apis/site/v2/sports/basketball/mens-college-basketball/summary?event=401823766 "HTTP/1.1 200 OK"
13:39:13 [INFO] HTTP Request: GET https://site.api.espn.com/apis/site/v2/sports/basketball/mens-college-basketball/summary?event=401823422 "HTTP/1.1 200 OK"
13:39:23 [INFO] HTTP Request: GET https://site.api.espn.com/apis/site/v2/sports/basketball/mens-college-basketball/summary?event=401824857 "HTTP/1.1 200 OK"
13:39:34 [INFO] HTTP Request: GET https://site.api.espn.com/apis/site/v2/sports/basketball/mens-college-basketball/summary?event=401826952 "HTTP/1.1 200 OK"
13:39:44 [INFO] HTTP Request: GET https://site.api.espn.com/apis/site/v2/sports/basketball/mens-college-basketball/summary?event=401826953 "HTTP/1.1 200 OK"
13:39:54 [INFO] HTTP Request: GET https://site.api.espn.com/apis/site/v2/sports/basketball/mens-college-basketball/summary?event=401826954 "HTTP/1.1 200 OK"
13:40:05 [INFO] HTTP Request: GET https://site.api.espn.com/apis/site/v2/sports/basketball/mens-college-basketball/summary?event=401805156 "HTTP/1.1 200 OK"
13:40:15 [INFO] HTTP Request: GET https://site.api.espn.com/apis/site/v2/sports/basketball/mens-college-basketball/summary?event=401805158 "HTTP/1.1 200 OK"
13:40:25 [INFO] HTTP Request: GET https://site.api.espn.com/apis/site/v2/sports/basketball/mens-college-basketball/summary?event=401805160 "HTTP/1.1 200 OK"
13:40:35 [INFO] HTTP Request: GET https://site.api.espn.com/apis/site/v2/sports/basketball/mens-college-basketball/summary?event=401805165 "HTTP/1.1 200 OK"
13:40:46 [INFO] HTTP Request: GET https://site.api.espn.com/apis/site/v2/sports/basketball/mens-college-basketball/summary?event=401805167 "HTTP/1.1 200 OK"
13:40:56 [INFO] HTTP Request: GET https://site.api.espn.com/apis/site/v2/sports/basketball/mens-college-basketball/summary?event=401805174 "HTTP/1.1 200 OK"
13:41:06 [INFO] HTTP Request: GET https://site.api.espn.com/apis/site/v2/sports/basketball/mens-college-basketball/summary?event=401805177 "HTTP/1.1 200 OK"
13:41:17 [INFO] HTTP Request: GET https://site.api.espn.com/apis/site/v2/sports/basketball/mens-college-basketball/summary?event=401805180 "HTTP/1.1 200 OK"
13:41:27 [INFO] HTTP Request: GET https://site.api.espn.com/apis/site/v2/sports/basketball/mens-college-basketball/summary?event=401805182 "HTTP/1.1 200 OK"
13:41:37 [INFO] HTTP Request: GET https://site.api.espn.com/apis/site/v2/sports/basketball/mens-college-basketball/summary?event=401805187 "HTTP/1.1 200 OK"
13:41:48 [INFO] HTTP Request: GET https://site.api.espn.com/apis/site/v2/sports/basketball/mens-college-basketball/summary?event=401805192 "HTTP/1.1 200 OK"
13:41:58 [INFO] HTTP Request: GET https://site.api.espn.com/apis/site/v2/sports/basketball/mens-college-basketball/summary?event=401805194 "HTTP/1.1 200 OK"
13:42:08 [INFO] HTTP Request: GET https://site.api.espn.com/apis/site/v2/sports/basketball/mens-college-basketball/summary?event=401805201 "HTTP/1.1 200 OK"
13:42:18 [INFO] HTTP Request: GET https://site.api.espn.com/apis/site/v2/sports/basketball/mens-college-basketball/summary?event=401805204 "HTTP/1.1 200 OK"
13:42:29 [INFO] HTTP Request: GET https://site.api.espn.com/apis/site/v2/sports/basketball/mens-college-basketball/summary?event=401805206 "HTTP/1.1 200 OK"
13:42:29 [INFO]   Loaded: 28 games, 584 player-game-stat rows
13:42:29 [INFO] 
============================================================
13:42:29 [INFO]   BATCH COMPLETE: 7 teams, 199 games, 4119 PGS rows
13:42:29 [INFO] ============================================================

============================================================
  ESPN BATCH — FINAL SUMMARY
============================================================
  Total teams:                3264
  Total players:              31194
  Total games:                18377
  Total player_game_stats:    495438
============================================================
