14:19:31 [INFO] Batch: 21 teams, level=naia, assoc=naia
14:19:31 [INFO] 
[1/21] Alice Lloyd College
14:19:31 [INFO] Scraping team: Alice Lloyd College (alicelloydky)
14:19:33 [INFO] HTTP Request: GET https://naiastats.prestosports.com/sports/mbkb/2025-26/teams/alicelloydky?view=roster "HTTP/1.1 200 OK"
14:19:33 [INFO]   Roster: 0 players
14:19:45 [INFO] HTTP Request: GET https://naiastats.prestosports.com/sports/mbkb/2025-26/teams/alicelloydky?view=gamelog "HTTP/1.1 200 OK"
14:19:45 [INFO]   Games: 27 with box scores
14:19:56 [INFO] HTTP Request: GET https://naiastats.prestosports.com/sports/mbkb/2025-26/boxscores/20251101_pq6f.xml "HTTP/1.1 200 OK"
14:20:08 [INFO] HTTP Request: GET https://naiastats.prestosports.com/sports/mbkb/2025-26/boxscores/20251104_aldj.xml "HTTP/1.1 200 OK"
14:20:21 [INFO] HTTP Request: GET https://naiastats.prestosports.com/sports/mbkb/2025-26/boxscores/20251107_h3nf.xml "HTTP/1.1 200 OK"
14:20:21 [WARNING] Could not parse score table from https://naiastats.prestosports.com/sports/mbkb/2025-26/boxscores/20251107_h3nf.xml
14:20:32 [INFO] HTTP Request: GET https://naiastats.prestosports.com/sports/mbkb/2025-26/boxscores/20251108_dvpv.xml "HTTP/1.1 200 OK"
14:20:43 [INFO] HTTP Request: GET https://naiastats.prestosports.com/sports/mbkb/2025-26/boxscores/20251114_sd8y.xml "HTTP/1.1 200 OK"
14:20:54 [INFO] HTTP Request: GET https://naiastats.prestosports.com/sports/mbkb/2025-26/boxscores/20251115_dt4g.xml "HTTP/1.1 200 OK"
14:21:04 [INFO] HTTP Request: GET https://naiastats.prestosports.com/sports/mbkb/2025-26/boxscores/20251118_zu3a.xml "HTTP/1.1 200 OK"
14:21:15 [INFO] HTTP Request: GET https://naiastats.prestosports.com/sports/mbkb/2025-26/boxscores/20251120_pgl4.xml "HTTP/1.1 200 OK"
14:21:26 [INFO] HTTP Request: GET https://naiastats.prestosports.com/sports/mbkb/2025-26/boxscores/20251122_c6zp.xml "HTTP/1.1 200 OK"
14:21:37 [INFO] HTTP Request: GET https://naiastats.prestosports.com/sports/mbkb/2025-26/boxscores/20251124_bh4l.xml "HTTP/1.1 200 OK"
14:21:48 [INFO] HTTP Request: GET https://naiastats.prestosports.com/sports/mbkb/2025-26/boxscores/20251206_kqia.xml "HTTP/1.1 200 OK"
14:22:01 [INFO] HTTP Request: GET https://naiastats.prestosports.com/sports/mbkb/2025-26/boxscores/20251209_a6nm.xml "HTTP/1.1 200 OK"
14:22:12 [INFO] HTTP Request: GET https://naiastats.prestosports.com/sports/mbkb/2025-26/boxscores/20251211_5alk.xml "HTTP/1.1 200 OK"
14:22:22 [INFO] HTTP Request: GET https://naiastats.prestosports.com/sports/mbkb/2025-26/boxscores/20251213_kxl3.xml "HTTP/1.1 200 OK"
14:22:34 [INFO] HTTP Request: GET https://naiastats.prestosports.com/sports/mbkb/2025-26/boxscores/20251216_hez6.xml "HTTP/1.1 200 OK"
14:22:45 [INFO] HTTP Request: GET https://naiastats.prestosports.com/sports/mbkb/2025-26/boxscores/20251220_i3n1.xml "HTTP/1.1 200 OK"
14:22:56 [INFO] HTTP Request: GET https://naiastats.prestosports.com/sports/mbkb/2025-26/boxscores/20251230_7q6u.xml "HTTP/1.1 200 OK"
14:23:06 [INFO] HTTP Request: GET https://naiastats.prestosports.com/sports/mbkb/2025-26/boxscores/20260102_6z7f.xml "HTTP/1.1 200 OK"
14:23:20 [INFO] HTTP Request: GET https://naiastats.prestosports.com/sports/mbkb/2025-26/boxscores/20260117_nk93.xml "HTTP/1.1 200 OK"
14:23:31 [INFO] HTTP Request: GET https://naiastats.prestosports.com/sports/mbkb/2025-26/boxscores/20260123_3t3q.xml "HTTP/1.1 200 OK"
14:23:44 [INFO] HTTP Request: GET https://naiastats.prestosports.com/sports/mbkb/2025-26/boxscores/20260202_vn6b.xml "HTTP/1.1 200 OK"
14:23:56 [INFO] HTTP Request: GET https://naiastats.prestosports.com/sports/mbkb/2025-26/boxscores/20260206_c4sk.xml "HTTP/1.1 200 OK"
14:24:07 [INFO] HTTP Request: GET https://naiastats.prestosports.com/sports/mbkb/2025-26/boxscores/20260207_ui5l.xml "HTTP/1.1 200 OK"
14:24:19 [INFO] HTTP Request: GET https://naiastats.prestosports.com/sports/mbkb/2025-26/boxscores/20260208_u542.xml "HTTP/1.1 200 OK"
14:24:30 [INFO] HTTP Request: GET https://naiastats.prestosports.com/sports/mbkb/2025-26/boxscores/20260213_hy22.xml "HTTP/1.1 200 OK"
14:24:41 [INFO] HTTP Request: GET https://naiastats.prestosports.com/sports/mbkb/2025-26/boxscores/20260214_czp1.xml "HTTP/1.1 200 OK"
14:24:51 [INFO] HTTP Request: GET https://naiastats.prestosports.com/sports/mbkb/2025-26/boxscores/20260217_rbr2.xml "HTTP/1.1 200 OK"
14:24:52 [INFO]   Loaded: 26 games, 689 player-game-stat rows
14:24:52 [INFO] 
[2/21] Aquinas College - Michigan
14:24:52 [INFO] Scraping team: Aquinas College - Michigan (aquinasmi)
14:25:03 [INFO] HTTP Request: GET https://naiastats.prestosports.com/sports/mbkb/2025-26/teams/aquinasmi?view=roster "HTTP/1.1 200 OK"
14:25:03 [INFO]   Roster: 0 players
14:25:15 [INFO] HTTP Request: GET https://naiastats.prestosports.com/sports/mbkb/2025-26/teams/aquinasmi?view=gamelog "HTTP/1.1 200 OK"
14:25:15 [INFO]   Games: 28 with box scores
14:25:27 [INFO] HTTP Request: GET https://naiastats.prestosports.com/sports/mbkb/2025-26/boxscores/20251101_v4bf.xml "HTTP/1.1 200 OK"
14:25:40 [INFO] HTTP Request: GET https://naiastats.prestosports.com/sports/mbkb/2025-26/boxscores/20251107_sjno.xml "HTTP/1.1 200 OK"
14:25:51 [INFO] HTTP Request: GET https://naiastats.prestosports.com/sports/mbkb/2025-26/boxscores/20251108_gh2y.xml "HTTP/1.1 200 OK"
14:26:02 [INFO] HTTP Request: GET https://naiastats.prestosports.com/sports/mbkb/2025-26/boxscores/20251115_soig.xml "HTTP/1.1 200 OK"
14:26:14 [INFO] HTTP Request: GET https://naiastats.prestosports.com/sports/mbkb/2025-26/boxscores/20251119_5dgg.xml "HTTP/1.1 200 OK"
14:26:26 [INFO] HTTP Request: GET https://naiastats.prestosports.com/sports/mbkb/2025-26/boxscores/20251122_6wyy.xml "HTTP/1.1 200 OK"
14:26:37 [INFO] HTTP Request: GET https://naiastats.prestosports.com/sports/mbkb/2025-26/boxscores/20251125_yr80.xml "HTTP/1.1 200 OK"
14:26:48 [INFO] HTTP Request: GET https://naiastats.prestosports.com/sports/mbkb/2025-26/boxscores/20251203_onzt.xml "HTTP/1.1 200 OK"
14:26:59 [INFO] HTTP Request: GET https://naiastats.prestosports.com/sports/mbkb/2025-26/boxscores/20251206_9vnx.xml "HTTP/1.1 200 OK"
14:27:10 [INFO] HTTP Request: GET https://naiastats.prestosports.com/sports/mbkb/2025-26/boxscores/20251213_lc9i.xml "HTTP/1.1 200 OK"
14:27:21 [INFO] HTTP Request: GET https://naiastats.prestosports.com/sports/mbkb/2025-26/boxscores/20251217_lyii.xml "HTTP/1.1 200 OK"
14:27:32 [INFO] HTTP Request: GET https://naiastats.prestosports.com/sports/mbkb/2025-26/boxscores/20251220_84vd.xml "HTTP/1.1 200 OK"
14:27:43 [INFO] HTTP Request: GET https://naiastats.prestosports.com/sports/mbkb/2025-26/boxscores/20251221_98ry.xml "HTTP/1.1 200 OK"
14:27:55 [INFO] HTTP Request: GET https://naiastats.prestosports.com/sports/mbkb/2025-26/boxscores/20260103_z4fc.xml "HTTP/1.1 200 OK"
14:28:06 [INFO] HTTP Request: GET https://naiastats.prestosports.com/sports/mbkb/2025-26/boxscores/20260107_3z0n.xml "HTTP/1.1 200 OK"
14:28:17 [INFO] HTTP Request: GET https://naiastats.prestosports.com/sports/mbkb/2025-26/boxscores/20260111_31v7.xml "HTTP/1.1 200 OK"
14:28:28 [INFO] HTTP Request: GET https://naiastats.prestosports.com/sports/mbkb/2025-26/boxscores/20260114_5gfa.xml "HTTP/1.1 200 OK"
14:28:39 [INFO] HTTP Request: GET https://naiastats.prestosports.com/sports/mbkb/2025-26/boxscores/20260117_awdd.xml "HTTP/1.1 200 OK"
14:28:50 [INFO] HTTP Request: GET https://naiastats.prestosports.com/sports/mbkb/2025-26/boxscores/20260121_1izx.xml "HTTP/1.1 200 OK"
14:29:01 [INFO] HTTP Request: GET https://naiastats.prestosports.com/sports/mbkb/2025-26/boxscores/20260124_2y26.xml "HTTP/1.1 200 OK"
14:29:12 [INFO] HTTP Request: GET https://naiastats.prestosports.com/sports/mbkb/2025-26/boxscores/20260128_s5e7.xml "HTTP/1.1 200 OK"
14:29:23 [INFO] HTTP Request: GET https://naiastats.prestosports.com/sports/mbkb/2025-26/boxscores/20260131_qmzo.xml "HTTP/1.1 200 OK"
14:29:34 [INFO] HTTP Request: GET https://naiastats.prestosports.com/sports/mbkb/2025-26/boxscores/20260204_tl1f.xml "HTTP/1.1 200 OK"
14:29:47 [INFO] HTTP Request: GET https://naiastats.prestosports.com/sports/mbkb/2025-26/boxscores/20260207_twg3.xml "HTTP/1.1 200 OK"
14:29:58 [INFO] HTTP Request: GET https://naiastats.prestosports.com/sports/mbkb/2025-26/boxscores/20260211_hjjn.xml "HTTP/1.1 200 OK"
14:30:10 [INFO] HTTP Request: GET https://naiastats.prestosports.com/sports/mbkb/2025-26/boxscores/20260214_2res.xml "HTTP/1.1 200 OK"
14:30:21 [INFO] HTTP Request: GET https://naiastats.prestosports.com/sports/mbkb/2025-26/boxscores/20260218_er39.xml "HTTP/1.1 200 OK"
14:30:32 [INFO] HTTP Request: GET https://naiastats.prestosports.com/sports/mbkb/2025-26/boxscores/20260221_0jfu.xml "HTTP/1.1 200 OK"
14:30:32 [INFO]   Loaded: 28 games, 670 player-game-stat rows
14:30:32 [INFO] 
[3/21] Arizona Christian University
14:30:32 [INFO] Scraping team: Arizona Christian University (arizonachristianaz)
14:30:43 [INFO] HTTP Request: GET https://naiastats.prestosports.com/sports/mbkb/2025-26/teams/arizonachristianaz?view=roster "HTTP/1.1 200 OK"
14:30:44 [INFO]   Roster: 0 players
14:30:55 [INFO] HTTP Request: GET https://naiastats.prestosports.com/sports/mbkb/2025-26/teams/arizonachristianaz?view=gamelog "HTTP/1.1 200 OK"
14:30:55 [INFO]   Games: 29 with box scores
14:31:06 [INFO] HTTP Request: GET https://naiastats.prestosports.com/sports/mbkb/2025-26/boxscores/20251024_ai9m.xml "HTTP/1.1 200 OK"
14:31:19 [INFO] HTTP Request: GET https://naiastats.prestosports.com/sports/mbkb/2025-26/boxscores/20251031_x2i3.xml "HTTP/1.1 200 OK"
14:31:30 [INFO] HTTP Request: GET https://naiastats.prestosports.com/sports/mbkb/2025-26/boxscores/20251101_hhqm.xml "HTTP/1.1 200 OK"
14:31:40 [INFO] HTTP Request: GET https://naiastats.prestosports.com/sports/mbkb/2025-26/boxscores/20251102_7n47.xml "HTTP/1.1 200 OK"
14:31:51 [INFO] HTTP Request: GET https://naiastats.prestosports.com/sports/mbkb/2025-26/boxscores/20251107_7h8g.xml "HTTP/1.1 200 OK"
14:32:02 [INFO] HTTP Request: GET https://naiastats.prestosports.com/sports/mbkb/2025-26/boxscores/20251108_qpph.xml "HTTP/1.1 200 OK"
14:32:13 [INFO] HTTP Request: GET https://naiastats.prestosports.com/sports/mbkb/2025-26/boxscores/20251114_grn7.xml "HTTP/1.1 200 OK"
14:32:24 [INFO] HTTP Request: GET https://naiastats.prestosports.com/sports/mbkb/2025-26/boxscores/20251120_vd0m.xml "HTTP/1.1 200 OK"
14:32:35 [INFO] HTTP Request: GET https://naiastats.prestosports.com/sports/mbkb/2025-26/boxscores/20251122_y729.xml "HTTP/1.1 200 OK"
14:32:46 [INFO] HTTP Request: GET https://naiastats.prestosports.com/sports/mbkb/2025-26/boxscores/20251125_j9d8.xml "HTTP/1.1 200 OK"
14:32:57 [INFO] HTTP Request: GET https://naiastats.prestosports.com/sports/mbkb/2025-26/boxscores/20251128_kj44.xml "HTTP/1.1 200 OK"
14:33:08 [INFO] HTTP Request: GET https://naiastats.prestosports.com/sports/mbkb/2025-26/boxscores/20251206_7bl3.xml "HTTP/1.1 200 OK"
14:33:18 [INFO] HTTP Request: GET https://naiastats.prestosports.com/sports/mbkb/2025-26/boxscores/20251211_o49d.xml "HTTP/1.1 200 OK"
14:33:29 [INFO] HTTP Request: GET https://naiastats.prestosports.com/sports/mbkb/2025-26/boxscores/20251216_w4bw.xml "HTTP/1.1 200 OK"
14:33:40 [INFO] HTTP Request: GET https://naiastats.prestosports.com/sports/mbkb/2025-26/boxscores/20251218_2g7b.xml "HTTP/1.1 200 OK"
14:33:51 [INFO] HTTP Request: GET https://naiastats.prestosports.com/sports/mbkb/2025-26/boxscores/20251220_f4oe.xml "HTTP/1.1 200 OK"
14:34:02 [INFO] HTTP Request: GET https://naiastats.prestosports.com/sports/mbkb/2025-26/boxscores/20260103_hhbj.xml "HTTP/1.1 200 OK"
14:34:14 [INFO] HTTP Request: GET https://naiastats.prestosports.com/sports/mbkb/2025-26/boxscores/20260110_4073.xml "HTTP/1.1 200 OK"
14:34:25 [INFO] HTTP Request: GET https://naiastats.prestosports.com/sports/mbkb/2025-26/boxscores/20260115_b2bn.xml "HTTP/1.1 200 OK"
14:34:36 [INFO] HTTP Request: GET https://naiastats.prestosports.com/sports/mbkb/2025-26/boxscores/20260117_b225.xml "HTTP/1.1 200 OK"
14:34:49 [INFO] HTTP Request: GET https://naiastats.prestosports.com/sports/mbkb/2025-26/boxscores/20260122_i7x4.xml "HTTP/1.1 200 OK"
14:35:01 [INFO] HTTP Request: GET https://naiastats.prestosports.com/sports/mbkb/2025-26/boxscores/20260124_xltk.xml "HTTP/1.1 200 OK"
14:35:12 [INFO] HTTP Request: GET https://naiastats.prestosports.com/sports/mbkb/2025-26/boxscores/20260129_58qt.xml "HTTP/1.1 200 OK"
14:35:23 [INFO] HTTP Request: GET https://naiastats.prestosports.com/sports/mbkb/2025-26/boxscores/20260131_0j6s.xml "HTTP/1.1 200 OK"
14:35:34 [INFO] HTTP Request: GET https://naiastats.prestosports.com/sports/mbkb/2025-26/boxscores/20260205_zidm.xml "HTTP/1.1 200 OK"
14:35:45 [INFO] HTTP Request: GET https://naiastats.prestosports.com/sports/mbkb/2025-26/boxscores/20260212_219y.xml "HTTP/1.1 200 OK"
14:35:56 [INFO] HTTP Request: GET https://naiastats.prestosports.com/sports/mbkb/2025-26/boxscores/20260214_1ggc.xml "HTTP/1.1 200 OK"
14:36:07 [INFO] HTTP Request: GET https://naiastats.prestosports.com/sports/mbkb/2025-26/boxscores/20260219_ickm.xml "HTTP/1.1 200 OK"
14:36:18 [INFO] HTTP Request: GET https://naiastats.prestosports.com/sports/mbkb/2025-26/boxscores/20260221_vkjg.xml "HTTP/1.1 200 OK"
14:36:18 [INFO]   Loaded: 29 games, 660 player-game-stat rows
14:36:18 [INFO] 
[4/21] Arkansas Baptist College
14:36:18 [INFO] Scraping team: Arkansas Baptist College (arkansasbaptist)
14:36:29 [INFO] HTTP Request: GET https://naiastats.prestosports.com/sports/mbkb/2025-26/teams/arkansasbaptist?view=roster "HTTP/1.1 200 OK"
14:36:29 [INFO]   Roster: 0 players
14:36:41 [INFO] HTTP Request: GET https://naiastats.prestosports.com/sports/mbkb/2025-26/teams/arkansasbaptist?view=gamelog "HTTP/1.1 200 OK"
14:36:41 [INFO]   Games: 24 with box scores
14:36:52 [INFO] HTTP Request: GET https://naiastats.prestosports.com/sports/mbkb/2025-26/boxscores/20251028_6k7l.xml "HTTP/1.1 200 OK"
14:37:04 [INFO] HTTP Request: GET https://naiastats.prestosports.com/sports/mbkb/2025-26/boxscores/20251106_bhfb.xml "HTTP/1.1 200 OK"
14:37:15 [INFO] HTTP Request: GET https://naiastats.prestosports.com/sports/mbkb/2025-26/boxscores/20251110_7vae.xml "HTTP/1.1 200 OK"
14:37:26 [INFO] HTTP Request: GET https://naiastats.prestosports.com/sports/mbkb/2025-26/boxscores/20251113_q3r8.xml "HTTP/1.1 200 OK"
14:37:37 [INFO] HTTP Request: GET https://naiastats.prestosports.com/sports/mbkb/2025-26/boxscores/20251115_xh5c.xml "HTTP/1.1 200 OK"
14:37:48 [INFO] HTTP Request: GET https://naiastats.prestosports.com/sports/mbkb/2025-26/boxscores/20251117_vtxb.xml "HTTP/1.1 200 OK"
14:38:01 [INFO] HTTP Request: GET https://naiastats.prestosports.com/sports/mbkb/2025-26/boxscores/20251122_y4yh.xml "HTTP/1.1 200 OK"
14:38:12 [INFO] HTTP Request: GET https://naiastats.prestosports.com/sports/mbkb/2025-26/boxscores/20251124_l0ao.xml "HTTP/1.1 200 OK"
14:38:22 [INFO] HTTP Request: GET https://naiastats.prestosports.com/sports/mbkb/2025-26/boxscores/20251129_6q4h.xml "HTTP/1.1 200 OK"
14:38:33 [INFO] HTTP Request: GET https://naiastats.prestosports.com/sports/mbkb/2025-26/boxscores/20251201_rkjx.xml "HTTP/1.1 200 OK"
14:38:44 [INFO] HTTP Request: GET https://naiastats.prestosports.com/sports/mbkb/2025-26/boxscores/20251206_hruw.xml "HTTP/1.1 200 OK"
14:38:55 [INFO] HTTP Request: GET https://naiastats.prestosports.com/sports/mbkb/2025-26/boxscores/20251215_7579.xml "HTTP/1.1 200 OK"
14:39:06 [INFO] HTTP Request: GET https://naiastats.prestosports.com/sports/mbkb/2025-26/boxscores/20260109_bdi3.xml "HTTP/1.1 200 OK"
14:39:17 [INFO] HTTP Request: GET https://naiastats.prestosports.com/sports/mbkb/2025-26/boxscores/20260112_mlxr.xml "HTTP/1.1 200 OK"
14:39:28 [INFO] HTTP Request: GET https://naiastats.prestosports.com/sports/mbkb/2025-26/boxscores/20260116_x12k.xml "HTTP/1.1 200 OK"
14:39:39 [INFO] HTTP Request: GET https://naiastats.prestosports.com/sports/mbkb/2025-26/boxscores/20260117_bp1o.xml "HTTP/1.1 200 OK"
14:39:50 [INFO] HTTP Request: GET https://naiastats.prestosports.com/sports/mbkb/2025-26/boxscores/20260119_7ap6.xml "HTTP/1.1 200 OK"
14:40:01 [INFO] HTTP Request: GET https://naiastats.prestosports.com/sports/mbkb/2025-26/boxscores/20260121_6gub.xml "HTTP/1.1 200 OK"
14:40:12 [INFO] HTTP Request: GET https://naiastats.prestosports.com/sports/mbkb/2025-26/boxscores/20260131_ncnb.xml "HTTP/1.1 200 OK"
14:40:23 [INFO] HTTP Request: GET https://naiastats.prestosports.com/sports/mbkb/2025-26/boxscores/20260205_jz9k.xml "HTTP/1.1 200 OK"
14:40:34 [INFO] HTTP Request: GET https://naiastats.prestosports.com/sports/mbkb/2025-26/boxscores/20260207_k74g.xml "HTTP/1.1 200 OK"
14:40:46 [INFO] HTTP Request: GET https://naiastats.prestosports.com/sports/mbkb/2025-26/boxscores/20260214_de12.xml "HTTP/1.1 200 OK"
14:40:57 [INFO] HTTP Request: GET https://naiastats.prestosports.com/sports/mbkb/2025-26/boxscores/20260216_8dvh.xml "HTTP/1.1 200 OK"
14:41:07 [INFO] HTTP Request: GET https://naiastats.prestosports.com/sports/mbkb/2025-26/boxscores/20260219_ascf.xml "HTTP/1.1 200 OK"
14:41:08 [INFO]   Loaded: 24 games, 596 player-game-stat rows
14:41:08 [INFO] 
[5/21] Ave Maria University
14:41:08 [INFO] Scraping team: Ave Maria University (avemariafl)
14:41:19 [INFO] HTTP Request: GET https://naiastats.prestosports.com/sports/mbkb/2025-26/teams/avemariafl?view=roster "HTTP/1.1 200 OK"
14:41:19 [INFO]   Roster: 0 players
14:41:31 [INFO] HTTP Request: GET https://naiastats.prestosports.com/sports/mbkb/2025-26/teams/avemariafl?view=gamelog "HTTP/1.1 200 OK"
14:41:31 [INFO]   Games: 27 with box scores
14:41:42 [INFO] HTTP Request: GET https://naiastats.prestosports.com/sports/mbkb/2025-26/boxscores/20251024_gnhn.xml "HTTP/1.1 200 OK"
14:41:52 [INFO] HTTP Request: GET https://naiastats.prestosports.com/sports/mbkb/2025-26/boxscores/20251025_ozkf.xml "HTTP/1.1 200 OK"
14:42:03 [INFO] HTTP Request: GET https://naiastats.prestosports.com/sports/mbkb/2025-26/boxscores/20251030_ic1w.xml "HTTP/1.1 200 OK"
14:42:16 [INFO] HTTP Request: GET https://naiastats.prestosports.com/sports/mbkb/2025-26/boxscores/20251101_imri.xml "HTTP/1.1 200 OK"
14:42:27 [INFO] HTTP Request: GET https://naiastats.prestosports.com/sports/mbkb/2025-26/boxscores/20251102_ho8w.xml "HTTP/1.1 200 OK"
14:42:38 [INFO] HTTP Request: GET https://naiastats.prestosports.com/sports/mbkb/2025-26/boxscores/20251111_k0kg.xml "HTTP/1.1 200 OK"
14:42:49 [INFO] HTTP Request: GET https://naiastats.prestosports.com/sports/mbkb/2025-26/boxscores/20251115_j44m.xml "HTTP/1.1 200 OK"
14:43:00 [INFO] HTTP Request: GET https://naiastats.prestosports.com/sports/mbkb/2025-26/boxscores/20251119_5k09.xml "HTTP/1.1 200 OK"
14:43:11 [INFO] HTTP Request: GET https://naiastats.prestosports.com/sports/mbkb/2025-26/boxscores/20251122_6nw8.xml "HTTP/1.1 200 OK"
14:43:23 [INFO] HTTP Request: GET https://naiastats.prestosports.com/sports/mbkb/2025-26/boxscores/20251128_njk2.xml "HTTP/1.1 200 OK"
14:43:34 [INFO] HTTP Request: GET https://naiastats.prestosports.com/sports/mbkb/2025-26/boxscores/20251129_oh26.xml "HTTP/1.1 200 OK"
14:43:45 [INFO] HTTP Request: GET https://naiastats.prestosports.com/sports/mbkb/2025-26/boxscores/20251203_c450.xml "HTTP/1.1 200 OK"
14:43:56 [INFO] HTTP Request: GET https://naiastats.prestosports.com/sports/mbkb/2025-26/boxscores/20251205_0ch9.xml "HTTP/1.1 200 OK"
14:44:07 [INFO] HTTP Request: GET https://naiastats.prestosports.com/sports/mbkb/2025-26/boxscores/20251217_ucnr.xml "HTTP/1.1 200 OK"
14:44:18 [INFO] HTTP Request: GET https://naiastats.prestosports.com/sports/mbkb/2025-26/boxscores/20251218_8iiy.xml "HTTP/1.1 200 OK"
14:44:28 [INFO] HTTP Request: GET https://naiastats.prestosports.com/sports/mbkb/2025-26/boxscores/20260103_2w09.xml "HTTP/1.1 200 OK"
14:44:39 [INFO] HTTP Request: GET https://naiastats.prestosports.com/sports/mbkb/2025-26/boxscores/20260107_cdjg.xml "HTTP/1.1 200 OK"
14:44:50 [INFO] HTTP Request: GET https://naiastats.prestosports.com/sports/mbkb/2025-26/boxscores/20260114_6ddi.xml "HTTP/1.1 200 OK"
14:45:03 [INFO] HTTP Request: GET https://naiastats.prestosports.com/sports/mbkb/2025-26/boxscores/20260117_fpl1.xml "HTTP/1.1 200 OK"
14:45:14 [INFO] HTTP Request: GET https://naiastats.prestosports.com/sports/mbkb/2025-26/boxscores/20260121_mmgl.xml "HTTP/1.1 200 OK"
14:45:27 [INFO] HTTP Request: GET https://naiastats.prestosports.com/sports/mbkb/2025-26/boxscores/20260124_4y5c.xml "HTTP/1.1 200 OK"
14:45:37 [INFO] HTTP Request: GET https://naiastats.prestosports.com/sports/mbkb/2025-26/boxscores/20260128_1r5b.xml "HTTP/1.1 200 OK"
14:45:50 [INFO] HTTP Request: GET https://naiastats.prestosports.com/sports/mbkb/2025-26/boxscores/20260204_xein.xml "HTTP/1.1 200 OK"
14:46:03 [INFO] HTTP Request: GET https://naiastats.prestosports.com/sports/mbkb/2025-26/boxscores/20260209_5hni.xml "HTTP/1.1 200 OK"
14:46:14 [INFO] HTTP Request: GET https://naiastats.prestosports.com/sports/mbkb/2025-26/boxscores/20260214_w1cm.xml "HTTP/1.1 200 OK"
14:46:24 [INFO] HTTP Request: GET https://naiastats.prestosports.com/sports/mbkb/2025-26/boxscores/20260218_w0ng.xml "HTTP/1.1 200 OK"
14:46:35 [INFO] HTTP Request: GET https://naiastats.prestosports.com/sports/mbkb/2025-26/boxscores/20260221_zj68.xml "HTTP/1.1 200 OK"
14:46:36 [INFO]   Loaded: 27 games, 606 player-game-stat rows
14:46:36 [INFO] 
[6/21] Avila University
14:46:36 [INFO] Scraping team: Avila University (avilamo)
14:46:47 [INFO] HTTP Request: GET https://naiastats.prestosports.com/sports/mbkb/2025-26/teams/avilamo?view=roster "HTTP/1.1 200 OK"
14:46:47 [INFO]   Roster: 0 players
14:46:59 [INFO] HTTP Request: GET https://naiastats.prestosports.com/sports/mbkb/2025-26/teams/avilamo?view=gamelog "HTTP/1.1 200 OK"
14:46:59 [INFO]   Games: 28 with box scores
14:47:10 [INFO] HTTP Request: GET https://naiastats.prestosports.com/sports/mbkb/2025-26/boxscores/20251024_r0mc.xml "HTTP/1.1 200 OK"
14:47:21 [INFO] HTTP Request: GET https://naiastats.prestosports.com/sports/mbkb/2025-26/boxscores/20251030_7889.xml "HTTP/1.1 200 OK"
14:47:31 [INFO] HTTP Request: GET https://naiastats.prestosports.com/sports/mbkb/2025-26/boxscores/20251101_4aij.xml "HTTP/1.1 200 OK"
14:47:42 [INFO] HTTP Request: GET https://naiastats.prestosports.com/sports/mbkb/2025-26/boxscores/20251107_f23k.xml "HTTP/1.1 200 OK"
14:47:53 [INFO] HTTP Request: GET https://naiastats.prestosports.com/sports/mbkb/2025-26/boxscores/20251108_nwtt.xml "HTTP/1.1 200 OK"
14:48:06 [INFO] HTTP Request: GET https://naiastats.prestosports.com/sports/mbkb/2025-26/boxscores/20251115_co4z.xml "HTTP/1.1 200 OK"
14:48:17 [INFO] HTTP Request: GET https://naiastats.prestosports.com/sports/mbkb/2025-26/boxscores/20251119_ivt2.xml "HTTP/1.1 200 OK"
14:48:28 [INFO] HTTP Request: GET https://naiastats.prestosports.com/sports/mbkb/2025-26/boxscores/20251122_2zah.xml "HTTP/1.1 200 OK"
14:48:40 [INFO] HTTP Request: GET https://naiastats.prestosports.com/sports/mbkb/2025-26/boxscores/20251125_vama.xml "HTTP/1.1 200 OK"
14:48:51 [INFO] HTTP Request: GET https://naiastats.prestosports.com/sports/mbkb/2025-26/boxscores/20251203_to5t.xml "HTTP/1.1 200 OK"
14:49:02 [INFO] HTTP Request: GET https://naiastats.prestosports.com/sports/mbkb/2025-26/boxscores/20251206_5vk9.xml "HTTP/1.1 200 OK"
14:49:13 [INFO] HTTP Request: GET https://naiastats.prestosports.com/sports/mbkb/2025-26/boxscores/20251210_cp3g.xml "HTTP/1.1 200 OK"
14:49:23 [INFO] HTTP Request: GET https://naiastats.prestosports.com/sports/mbkb/2025-26/boxscores/20251213_wbsp.xml "HTTP/1.1 200 OK"
14:49:34 [INFO] HTTP Request: GET https://naiastats.prestosports.com/sports/mbkb/2025-26/boxscores/20260103_h2j7.xml "HTTP/1.1 200 OK"
14:49:45 [INFO] HTTP Request: GET https://naiastats.prestosports.com/sports/mbkb/2025-26/boxscores/20260107_cnzr.xml "HTTP/1.1 200 OK"
14:49:56 [INFO] HTTP Request: GET https://naiastats.prestosports.com/sports/mbkb/2025-26/boxscores/20260110_z6cz.xml "HTTP/1.1 200 OK"
14:50:08 [INFO] HTTP Request: GET https://naiastats.prestosports.com/sports/mbkb/2025-26/boxscores/20260114_c7ke.xml "HTTP/1.1 200 OK"
14:50:18 [INFO] HTTP Request: GET https://naiastats.prestosports.com/sports/mbkb/2025-26/boxscores/20260117_lbz3.xml "HTTP/1.1 200 OK"
14:50:31 [INFO] HTTP Request: GET https://naiastats.prestosports.com/sports/mbkb/2025-26/boxscores/20260121_d2py.xml "HTTP/1.1 200 OK"
14:50:42 [INFO] HTTP Request: GET https://naiastats.prestosports.com/sports/mbkb/2025-26/boxscores/20260126_h1w8.xml "HTTP/1.1 200 OK"
14:50:53 [INFO] HTTP Request: GET https://naiastats.prestosports.com/sports/mbkb/2025-26/boxscores/20260128_y79s.xml "HTTP/1.1 200 OK"
14:51:06 [INFO] HTTP Request: GET https://naiastats.prestosports.com/sports/mbkb/2025-26/boxscores/20260131_ex12.xml "HTTP/1.1 200 OK"
14:51:17 [INFO] HTTP Request: GET https://naiastats.prestosports.com/sports/mbkb/2025-26/boxscores/20260204_1ui5.xml "HTTP/1.1 200 OK"
14:51:28 [INFO] HTTP Request: GET https://naiastats.prestosports.com/sports/mbkb/2025-26/boxscores/20260207_48fz.xml "HTTP/1.1 200 OK"
14:51:39 [INFO] HTTP Request: GET https://naiastats.prestosports.com/sports/mbkb/2025-26/boxscores/20260211_aag9.xml "HTTP/1.1 200 OK"
14:51:50 [INFO] HTTP Request: GET https://naiastats.prestosports.com/sports/mbkb/2025-26/boxscores/20260214_4431.xml "HTTP/1.1 200 OK"
14:52:02 [INFO] HTTP Request: GET https://naiastats.prestosports.com/sports/mbkb/2025-26/boxscores/20260218_hqyt.xml "HTTP/1.1 200 OK"
14:52:13 [INFO] HTTP Request: GET https://naiastats.prestosports.com/sports/mbkb/2025-26/boxscores/20260221_tswr.xml "HTTP/1.1 200 OK"
14:52:13 [INFO]   Loaded: 28 games, 639 player-game-stat rows
14:52:13 [INFO] 
[7/21] Baker University
14:52:13 [INFO] Scraping team: Baker University (bakerks)
14:52:24 [INFO] HTTP Request: GET https://naiastats.prestosports.com/sports/mbkb/2025-26/teams/bakerks?view=roster "HTTP/1.1 200 OK"
14:52:24 [INFO]   Roster: 0 players
14:52:36 [INFO] HTTP Request: GET https://naiastats.prestosports.com/sports/mbkb/2025-26/teams/bakerks?view=gamelog "HTTP/1.1 200 OK"
14:52:36 [INFO]   Games: 28 with box scores
14:52:46 [INFO] HTTP Request: GET https://naiastats.prestosports.com/sports/mbkb/2025-26/boxscores/20251030_72nq.xml "HTTP/1.1 200 OK"
14:52:57 [INFO] HTTP Request: GET https://naiastats.prestosports.com/sports/mbkb/2025-26/boxscores/20251103_tjxt.xml "HTTP/1.1 200 OK"
14:53:09 [INFO] HTTP Request: GET https://naiastats.prestosports.com/sports/mbkb/2025-26/boxscores/20251107_92hl.xml "HTTP/1.1 200 OK"
14:53:19 [INFO] HTTP Request: GET https://naiastats.prestosports.com/sports/mbkb/2025-26/boxscores/20251109_qmyu.xml "HTTP/1.1 200 OK"
14:53:30 [INFO] HTTP Request: GET https://naiastats.prestosports.com/sports/mbkb/2025-26/boxscores/20251112_scac.xml "HTTP/1.1 200 OK"
14:53:41 [INFO] HTTP Request: GET https://naiastats.prestosports.com/sports/mbkb/2025-26/boxscores/20251115_3ram.xml "HTTP/1.1 200 OK"
14:53:54 [INFO] HTTP Request: GET https://naiastats.prestosports.com/sports/mbkb/2025-26/boxscores/20251119_edxy.xml "HTTP/1.1 200 OK"
14:54:05 [INFO] HTTP Request: GET https://naiastats.prestosports.com/sports/mbkb/2025-26/boxscores/20251122_re5w.xml "HTTP/1.1 200 OK"
14:54:16 [INFO] HTTP Request: GET https://naiastats.prestosports.com/sports/mbkb/2025-26/boxscores/20251125_2m1r.xml "HTTP/1.1 200 OK"
14:54:27 [INFO] HTTP Request: GET https://naiastats.prestosports.com/sports/mbkb/2025-26/boxscores/20251128_y7u7.xml "HTTP/1.1 200 OK"
14:54:38 [INFO] HTTP Request: GET https://naiastats.prestosports.com/sports/mbkb/2025-26/boxscores/20251129_elmm.xml "HTTP/1.1 200 OK"
14:54:51 [INFO] HTTP Request: GET https://naiastats.prestosports.com/sports/mbkb/2025-26/boxscores/20251203_crr5.xml "HTTP/1.1 200 OK"
14:55:03 [INFO] HTTP Request: GET https://naiastats.prestosports.com/sports/mbkb/2025-26/boxscores/20251213_06tc.xml "HTTP/1.1 200 OK"
14:55:15 [INFO] HTTP Request: GET https://naiastats.prestosports.com/sports/mbkb/2025-26/boxscores/20251217_2r57.xml "HTTP/1.1 200 OK"
14:55:28 [INFO] HTTP Request: GET https://naiastats.prestosports.com/sports/mbkb/2025-26/boxscores/20260103_dij8.xml "HTTP/1.1 200 OK"
14:55:39 [INFO] HTTP Request: GET https://naiastats.prestosports.com/sports/mbkb/2025-26/boxscores/20260110_13en.xml "HTTP/1.1 200 OK"
14:55:50 [INFO] HTTP Request: GET https://naiastats.prestosports.com/sports/mbkb/2025-26/boxscores/20260114_fzza.xml "HTTP/1.1 200 OK"
14:56:01 [INFO] HTTP Request: GET https://naiastats.prestosports.com/sports/mbkb/2025-26/boxscores/20260117_z0h4.xml "HTTP/1.1 200 OK"
14:56:11 [INFO] HTTP Request: GET https://naiastats.prestosports.com/sports/mbkb/2025-26/boxscores/20260121_r53t.xml "HTTP/1.1 200 OK"
14:56:22 [INFO] HTTP Request: GET https://naiastats.prestosports.com/sports/mbkb/2025-26/boxscores/20260128_zylk.xml "HTTP/1.1 200 OK"
14:56:35 [INFO] HTTP Request: GET https://naiastats.prestosports.com/sports/mbkb/2025-26/boxscores/20260131_vkin.xml "HTTP/1.1 200 OK"
14:56:47 [INFO] HTTP Request: GET https://naiastats.prestosports.com/sports/mbkb/2025-26/boxscores/20260204_dtu7.xml "HTTP/1.1 200 OK"
14:56:58 [INFO] HTTP Request: GET https://naiastats.prestosports.com/sports/mbkb/2025-26/boxscores/20260207_l80e.xml "HTTP/1.1 200 OK"
14:57:09 [INFO] HTTP Request: GET https://naiastats.prestosports.com/sports/mbkb/2025-26/boxscores/20260211_24r9.xml "HTTP/1.1 200 OK"
14:57:20 [INFO] HTTP Request: GET https://naiastats.prestosports.com/sports/mbkb/2025-26/boxscores/20260214_f41v.xml "HTTP/1.1 200 OK"
14:57:31 [INFO] HTTP Request: GET https://naiastats.prestosports.com/sports/mbkb/2025-26/boxscores/20260216_0pei.xml "HTTP/1.1 200 OK"
14:57:43 [INFO] HTTP Request: GET https://naiastats.prestosports.com/sports/mbkb/2025-26/boxscores/20260218_ikdu.xml "HTTP/1.1 200 OK"
14:57:54 [INFO] HTTP Request: GET https://naiastats.prestosports.com/sports/mbkb/2025-26/boxscores/20260221_85gp.xml "HTTP/1.1 200 OK"
14:57:55 [INFO]   Loaded: 28 games, 671 player-game-stat rows
14:57:55 [INFO] 
[8/21] Bellevue University
14:57:55 [INFO] Scraping team: Bellevue University (bellevuene)
14:58:06 [INFO] HTTP Request: GET https://naiastats.prestosports.com/sports/mbkb/2025-26/teams/bellevuene?view=roster "HTTP/1.1 200 OK"
14:58:06 [INFO]   Roster: 0 players
14:58:18 [INFO] HTTP Request: GET https://naiastats.prestosports.com/sports/mbkb/2025-26/teams/bellevuene?view=gamelog "HTTP/1.1 200 OK"
14:58:18 [INFO]   Games: 29 with box scores
14:58:29 [INFO] HTTP Request: GET https://naiastats.prestosports.com/sports/mbkb/2025-26/boxscores/20251024_d5tu.xml "HTTP/1.1 200 OK"
14:58:40 [INFO] HTTP Request: GET https://naiastats.prestosports.com/sports/mbkb/2025-26/boxscores/20251025_n627.xml "HTTP/1.1 200 OK"
14:58:51 [INFO] HTTP Request: GET https://naiastats.prestosports.com/sports/mbkb/2025-26/boxscores/20251101_jx8e.xml "HTTP/1.1 200 OK"
14:59:03 [INFO] HTTP Request: GET https://naiastats.prestosports.com/sports/mbkb/2025-26/boxscores/20251107_pec0.xml "HTTP/1.1 200 OK"
14:59:14 [INFO] HTTP Request: GET https://naiastats.prestosports.com/sports/mbkb/2025-26/boxscores/20251108_ffxg.xml "HTTP/1.1 200 OK"
14:59:25 [INFO] HTTP Request: GET https://naiastats.prestosports.com/sports/mbkb/2025-26/boxscores/20251115_3rxt.xml "HTTP/1.1 200 OK"
14:59:38 [INFO] HTTP Request: GET https://naiastats.prestosports.com/sports/mbkb/2025-26/boxscores/20251121_lwne.xml "HTTP/1.1 200 OK"
14:59:49 [INFO] HTTP Request: GET https://naiastats.prestosports.com/sports/mbkb/2025-26/boxscores/20251122_fxdw.xml "HTTP/1.1 200 OK"
15:00:00 [INFO] HTTP Request: GET https://naiastats.prestosports.com/sports/mbkb/2025-26/boxscores/20251130_x7ba.xml "HTTP/1.1 200 OK"
15:00:11 [INFO] HTTP Request: GET https://naiastats.prestosports.com/sports/mbkb/2025-26/boxscores/20251205_h4dx.xml "HTTP/1.1 200 OK"
15:00:23 [INFO] HTTP Request: GET https://naiastats.prestosports.com/sports/mbkb/2025-26/boxscores/20251207_f8y3.xml "HTTP/1.1 200 OK"
15:00:34 [INFO] HTTP Request: GET https://naiastats.prestosports.com/sports/mbkb/2025-26/boxscores/20251212_91js.xml "HTTP/1.1 200 OK"
15:00:45 [INFO] HTTP Request: GET https://naiastats.prestosports.com/sports/mbkb/2025-26/boxscores/20251213_cxcg.xml "HTTP/1.1 200 OK"
15:00:56 [INFO] HTTP Request: GET https://naiastats.prestosports.com/sports/mbkb/2025-26/boxscores/20251219_e6b8.xml "HTTP/1.1 200 OK"
15:01:07 [INFO] HTTP Request: GET https://naiastats.prestosports.com/sports/mbkb/2025-26/boxscores/20260102_ltik.xml "HTTP/1.1 200 OK"
15:01:18 [INFO] HTTP Request: GET https://naiastats.prestosports.com/sports/mbkb/2025-26/boxscores/20260103_vxz4.xml "HTTP/1.1 200 OK"
15:01:28 [INFO] HTTP Request: GET https://naiastats.prestosports.com/sports/mbkb/2025-26/boxscores/20260109_zqft.xml "HTTP/1.1 200 OK"
15:01:39 [INFO] HTTP Request: GET https://naiastats.prestosports.com/sports/mbkb/2025-26/boxscores/20260110_2htc.xml "HTTP/1.1 200 OK"
15:01:50 [INFO] HTTP Request: GET https://naiastats.prestosports.com/sports/mbkb/2025-26/boxscores/20260116_s4r7.xml "HTTP/1.1 200 OK"
15:02:03 [INFO] HTTP Request: GET https://naiastats.prestosports.com/sports/mbkb/2025-26/boxscores/20260117_vq4y.xml "HTTP/1.1 200 OK"
15:02:13 [INFO] HTTP Request: GET https://naiastats.prestosports.com/sports/mbkb/2025-26/boxscores/20260123_73qt.xml "HTTP/1.1 200 OK"
15:02:24 [INFO] HTTP Request: GET https://naiastats.prestosports.com/sports/mbkb/2025-26/boxscores/20260130_4tt3.xml "HTTP/1.1 200 OK"
15:02:35 [INFO] HTTP Request: GET https://naiastats.prestosports.com/sports/mbkb/2025-26/boxscores/20260131_0kjg.xml "HTTP/1.1 200 OK"
15:02:48 [INFO] HTTP Request: GET https://naiastats.prestosports.com/sports/mbkb/2025-26/boxscores/20260206_0fjw.xml "HTTP/1.1 200 OK"
15:02:59 [INFO] HTTP Request: GET https://naiastats.prestosports.com/sports/mbkb/2025-26/boxscores/20260207_oe1n.xml "HTTP/1.1 200 OK"
15:03:09 [INFO] HTTP Request: GET https://naiastats.prestosports.com/sports/mbkb/2025-26/boxscores/20260213_n6wa.xml "HTTP/1.1 200 OK"
15:03:20 [INFO] HTTP Request: GET https://naiastats.prestosports.com/sports/mbkb/2025-26/boxscores/20260214_2veh.xml "HTTP/1.1 200 OK"
15:03:32 [INFO] HTTP Request: GET https://naiastats.prestosports.com/sports/mbkb/2025-26/boxscores/20260220_dxoc.xml "HTTP/1.1 200 OK"
15:03:45 [INFO] HTTP Request: GET https://naiastats.prestosports.com/sports/mbkb/2025-26/boxscores/20260221_6zyn.xml "HTTP/1.1 200 OK"
15:03:45 [INFO]   Loaded: 29 games, 640 player-game-stat rows
15:03:45 [INFO] 
[9/21] Benedictine College
15:03:45 [INFO] Scraping team: Benedictine College (benedictineks)
15:03:57 [INFO] HTTP Request: GET https://naiastats.prestosports.com/sports/mbkb/2025-26/teams/benedictineks?view=roster "HTTP/1.1 200 OK"
15:03:57 [INFO]   Roster: 0 players
15:04:09 [INFO] HTTP Request: GET https://naiastats.prestosports.com/sports/mbkb/2025-26/teams/benedictineks?view=gamelog "HTTP/1.1 200 OK"
15:04:09 [INFO]   Games: 29 with box scores
15:04:19 [INFO] HTTP Request: GET https://naiastats.prestosports.com/sports/mbkb/2025-26/boxscores/20251030_3605.xml "HTTP/1.1 200 OK"
15:04:32 [INFO] HTTP Request: GET https://naiastats.prestosports.com/sports/mbkb/2025-26/boxscores/20251106_6zds.xml "HTTP/1.1 200 OK"
15:04:43 [INFO] HTTP Request: GET https://naiastats.prestosports.com/sports/mbkb/2025-26/boxscores/20251108_oz64.xml "HTTP/1.1 200 OK"
15:04:57 [INFO] HTTP Request: GET https://naiastats.prestosports.com/sports/mbkb/2025-26/boxscores/20251112_fip0.xml "HTTP/1.1 200 OK"
15:05:08 [INFO] HTTP Request: GET https://naiastats.prestosports.com/sports/mbkb/2025-26/boxscores/20251115_3srz.xml "HTTP/1.1 200 OK"
15:05:19 [INFO] HTTP Request: GET https://naiastats.prestosports.com/sports/mbkb/2025-26/boxscores/20251119_ey6m.xml "HTTP/1.1 200 OK"
15:05:30 [INFO] HTTP Request: GET https://naiastats.prestosports.com/sports/mbkb/2025-26/boxscores/20251122_upf1.xml "HTTP/1.1 200 OK"
15:05:42 [INFO] HTTP Request: GET https://naiastats.prestosports.com/sports/mbkb/2025-26/boxscores/20251125_8u28.xml "HTTP/1.1 200 OK"
15:05:53 [INFO] HTTP Request: GET https://naiastats.prestosports.com/sports/mbkb/2025-26/boxscores/20251128_fe16.xml "HTTP/1.1 200 OK"
15:06:04 [INFO] HTTP Request: GET https://naiastats.prestosports.com/sports/mbkb/2025-26/boxscores/20251129_4tuq.xml "HTTP/1.1 200 OK"
15:06:15 [INFO] HTTP Request: GET https://naiastats.prestosports.com/sports/mbkb/2025-26/boxscores/20251206_ijyy.xml "HTTP/1.1 200 OK"
15:06:26 [INFO] HTTP Request: GET https://naiastats.prestosports.com/sports/mbkb/2025-26/boxscores/20251213_kxhg.xml "HTTP/1.1 200 OK"
15:06:37 [INFO] HTTP Request: GET https://naiastats.prestosports.com/sports/mbkb/2025-26/boxscores/20251217_a1ee.xml "HTTP/1.1 200 OK"
15:06:48 [INFO] HTTP Request: GET https://naiastats.prestosports.com/sports/mbkb/2025-26/boxscores/20251220_x7jo.xml "HTTP/1.1 200 OK"
15:06:59 [INFO] HTTP Request: GET https://naiastats.prestosports.com/sports/mbkb/2025-26/boxscores/20260103_0dbi.xml "HTTP/1.1 200 OK"
15:07:11 [INFO] HTTP Request: GET https://naiastats.prestosports.com/sports/mbkb/2025-26/boxscores/20260107_pl60.xml "HTTP/1.1 200 OK"
15:07:22 [INFO] HTTP Request: GET https://naiastats.prestosports.com/sports/mbkb/2025-26/boxscores/20260110_3zct.xml "HTTP/1.1 200 OK"
15:07:33 [INFO] HTTP Request: GET https://naiastats.prestosports.com/sports/mbkb/2025-26/boxscores/20260114_fzza.xml "HTTP/1.1 200 OK"
15:07:44 [INFO] HTTP Request: GET https://naiastats.prestosports.com/sports/mbkb/2025-26/boxscores/20260117_yrkn.xml "HTTP/1.1 200 OK"
15:07:55 [INFO] HTTP Request: GET https://naiastats.prestosports.com/sports/mbkb/2025-26/boxscores/20260121_ggvl.xml "HTTP/1.1 200 OK"
15:08:07 [INFO] HTTP Request: GET https://naiastats.prestosports.com/sports/mbkb/2025-26/boxscores/20260126_e8fl.xml "HTTP/1.1 200 OK"
15:08:18 [INFO] HTTP Request: GET https://naiastats.prestosports.com/sports/mbkb/2025-26/boxscores/20260131_ubn0.xml "HTTP/1.1 200 OK"
15:08:29 [INFO] HTTP Request: GET https://naiastats.prestosports.com/sports/mbkb/2025-26/boxscores/20260204_namb.xml "HTTP/1.1 200 OK"
15:08:40 [INFO] HTTP Request: GET https://naiastats.prestosports.com/sports/mbkb/2025-26/boxscores/20260207_sslr.xml "HTTP/1.1 200 OK"
15:08:51 [INFO] HTTP Request: GET https://naiastats.prestosports.com/sports/mbkb/2025-26/boxscores/20260211_24r9.xml "HTTP/1.1 200 OK"
15:09:02 [INFO] HTTP Request: GET https://naiastats.prestosports.com/sports/mbkb/2025-26/boxscores/20260214_dm7u.xml "HTTP/1.1 200 OK"
15:09:15 [INFO] HTTP Request: GET https://naiastats.prestosports.com/sports/mbkb/2025-26/boxscores/20260218_sbl7.xml "HTTP/1.1 200 OK"
15:09:25 [INFO] HTTP Request: GET https://naiastats.prestosports.com/sports/mbkb/2025-26/boxscores/20260221_6co0.xml "HTTP/1.1 200 OK"
15:09:36 [INFO] HTTP Request: GET https://naiastats.prestosports.com/sports/mbkb/2025-26/boxscores/20260224_rsyh.xml "HTTP/1.1 200 OK"
15:09:37 [INFO]   Loaded: 29 games, 694 player-game-stat rows
15:09:37 [INFO] 
[10/21] Benedictine University - Mesa
15:09:37 [INFO] Scraping team: Benedictine University - Mesa (benedictinemesaaz)
15:09:48 [INFO] HTTP Request: GET https://naiastats.prestosports.com/sports/mbkb/2025-26/teams/benedictinemesaaz?view=roster "HTTP/1.1 200 OK"
15:09:49 [INFO]   Roster: 0 players
15:10:00 [INFO] HTTP Request: GET https://naiastats.prestosports.com/sports/mbkb/2025-26/teams/benedictinemesaaz?view=gamelog "HTTP/1.1 200 OK"
15:10:00 [INFO]   Games: 29 with box scores
15:10:11 [INFO] HTTP Request: GET https://naiastats.prestosports.com/sports/mbkb/2025-26/boxscores/20251024_8zhi.xml "HTTP/1.1 200 OK"
15:10:22 [INFO] HTTP Request: GET https://naiastats.prestosports.com/sports/mbkb/2025-26/boxscores/20251030_pkx6.xml "HTTP/1.1 200 OK"
15:10:33 [INFO] HTTP Request: GET https://naiastats.prestosports.com/sports/mbkb/2025-26/boxscores/20251101_egfn.xml "HTTP/1.1 200 OK"
15:10:44 [INFO] HTTP Request: GET https://naiastats.prestosports.com/sports/mbkb/2025-26/boxscores/20251104_crz7.xml "HTTP/1.1 200 OK"
15:10:55 [INFO] HTTP Request: GET https://naiastats.prestosports.com/sports/mbkb/2025-26/boxscores/20251108_4w4d.xml "HTTP/1.1 200 OK"
15:11:06 [INFO] HTTP Request: GET https://naiastats.prestosports.com/sports/mbkb/2025-26/boxscores/20251113_6kxd.xml "HTTP/1.1 200 OK"
15:11:17 [INFO] HTTP Request: GET https://naiastats.prestosports.com/sports/mbkb/2025-26/boxscores/20251115_6alq.xml "HTTP/1.1 200 OK"
15:11:28 [INFO] HTTP Request: GET https://naiastats.prestosports.com/sports/mbkb/2025-26/boxscores/20251122_go04.xml "HTTP/1.1 200 OK"
15:11:39 [INFO] HTTP Request: GET https://naiastats.prestosports.com/sports/mbkb/2025-26/boxscores/20251124_iw7c.xml "HTTP/1.1 200 OK"
15:11:50 [INFO] HTTP Request: GET https://naiastats.prestosports.com/sports/mbkb/2025-26/boxscores/20251125_xjx1.xml "HTTP/1.1 200 OK"
15:12:01 [INFO] HTTP Request: GET https://naiastats.prestosports.com/sports/mbkb/2025-26/boxscores/20251129_fo8v.xml "HTTP/1.1 200 OK"
15:12:12 [INFO] HTTP Request: GET https://naiastats.prestosports.com/sports/mbkb/2025-26/boxscores/20251204_xykd.xml "HTTP/1.1 200 OK"
15:12:23 [INFO] HTTP Request: GET https://naiastats.prestosports.com/sports/mbkb/2025-26/boxscores/20251206_7bl3.xml "HTTP/1.1 200 OK"
15:12:34 [INFO] HTTP Request: GET https://naiastats.prestosports.com/sports/mbkb/2025-26/boxscores/20251213_f26k.xml "HTTP/1.1 200 OK"
15:12:45 [INFO] HTTP Request: GET https://naiastats.prestosports.com/sports/mbkb/2025-26/boxscores/20251216_m95p.xml "HTTP/1.1 200 OK"
15:12:57 [INFO] HTTP Request: GET https://naiastats.prestosports.com/sports/mbkb/2025-26/boxscores/20251217_9199.xml "HTTP/1.1 200 OK"
15:13:08 [INFO] HTTP Request: GET https://naiastats.prestosports.com/sports/mbkb/2025-26/boxscores/20260103_he7o.xml "HTTP/1.1 200 OK"
15:13:19 [INFO] HTTP Request: GET https://naiastats.prestosports.com/sports/mbkb/2025-26/boxscores/20260108_vdf6.xml "HTTP/1.1 200 OK"
15:13:30 [INFO] HTTP Request: GET https://naiastats.prestosports.com/sports/mbkb/2025-26/boxscores/20260110_sirw.xml "HTTP/1.1 200 OK"
15:13:41 [INFO] HTTP Request: GET https://naiastats.prestosports.com/sports/mbkb/2025-26/boxscores/20260115_h087.xml "HTTP/1.1 200 OK"
15:13:53 [INFO] HTTP Request: GET https://naiastats.prestosports.com/sports/mbkb/2025-26/boxscores/20260117_4r81.xml "HTTP/1.1 200 OK"
15:14:04 [INFO] HTTP Request: GET https://naiastats.prestosports.com/sports/mbkb/2025-26/boxscores/20260122_n3jr.xml "HTTP/1.1 200 OK"
15:14:15 [INFO] HTTP Request: GET https://naiastats.prestosports.com/sports/mbkb/2025-26/boxscores/20260124_eiqp.xml "HTTP/1.1 200 OK"
15:14:26 [INFO] HTTP Request: GET https://naiastats.prestosports.com/sports/mbkb/2025-26/boxscores/20260129_58qt.xml "HTTP/1.1 200 OK"
15:14:37 [INFO] HTTP Request: GET https://naiastats.prestosports.com/sports/mbkb/2025-26/boxscores/20260205_okri.xml "HTTP/1.1 200 OK"
15:14:48 [INFO] HTTP Request: GET https://naiastats.prestosports.com/sports/mbkb/2025-26/boxscores/20260207_rnfy.xml "HTTP/1.1 200 OK"
15:14:59 [INFO] HTTP Request: GET https://naiastats.prestosports.com/sports/mbkb/2025-26/boxscores/20260214_1fym.xml "HTTP/1.1 200 OK"
15:15:11 [INFO] HTTP Request: GET https://naiastats.prestosports.com/sports/mbkb/2025-26/boxscores/20260219_d32i.xml "HTTP/1.1 200 OK"
15:15:22 [INFO] HTTP Request: GET https://naiastats.prestosports.com/sports/mbkb/2025-26/boxscores/20260221_mlum.xml "HTTP/1.1 200 OK"
15:15:22 [INFO]   Loaded: 29 games, 703 player-game-stat rows
15:15:22 [INFO] 
[11/21] Bethany College - Kansas
15:15:22 [INFO] Scraping team: Bethany College - Kansas (bethanyks)
15:15:34 [INFO] HTTP Request: GET https://naiastats.prestosports.com/sports/mbkb/2025-26/teams/bethanyks?view=roster "HTTP/1.1 200 OK"
15:15:34 [INFO]   Roster: 0 players
15:15:46 [INFO] HTTP Request: GET https://naiastats.prestosports.com/sports/mbkb/2025-26/teams/bethanyks?view=gamelog "HTTP/1.1 200 OK"
15:15:46 [INFO]   Games: 30 with box scores
15:15:57 [INFO] HTTP Request: GET https://naiastats.prestosports.com/sports/mbkb/2025-26/boxscores/20251031_5rdv.xml "HTTP/1.1 200 OK"
15:16:08 [INFO] HTTP Request: GET https://naiastats.prestosports.com/sports/mbkb/2025-26/boxscores/20251103_ka34.xml "HTTP/1.1 200 OK"
15:16:19 [INFO] HTTP Request: GET https://naiastats.prestosports.com/sports/mbkb/2025-26/boxscores/20251106_txa2.xml "HTTP/1.1 200 OK"
15:16:30 [INFO] HTTP Request: GET https://naiastats.prestosports.com/sports/mbkb/2025-26/boxscores/20251111_utpo.xml "HTTP/1.1 200 OK"
15:16:41 [INFO] HTTP Request: GET https://naiastats.prestosports.com/sports/mbkb/2025-26/boxscores/20251115_co4z.xml "HTTP/1.1 200 OK"
15:16:52 [INFO] HTTP Request: GET https://naiastats.prestosports.com/sports/mbkb/2025-26/boxscores/20251117_effg.xml "HTTP/1.1 200 OK"
15:17:03 [INFO] HTTP Request: GET https://naiastats.prestosports.com/sports/mbkb/2025-26/boxscores/20251119_u883.xml "HTTP/1.1 200 OK"
15:17:14 [INFO] HTTP Request: GET https://naiastats.prestosports.com/sports/mbkb/2025-26/boxscores/20251122_bxki.xml "HTTP/1.1 200 OK"
15:17:25 [INFO] HTTP Request: GET https://naiastats.prestosports.com/sports/mbkb/2025-26/boxscores/20251130_ngi1.xml "HTTP/1.1 200 OK"
15:17:36 [INFO] HTTP Request: GET https://naiastats.prestosports.com/sports/mbkb/2025-26/boxscores/20251203_e30k.xml "HTTP/1.1 200 OK"
15:17:46 [INFO] HTTP Request: GET https://naiastats.prestosports.com/sports/mbkb/2025-26/boxscores/20251206_qjz4.xml "HTTP/1.1 200 OK"
15:17:58 [INFO] HTTP Request: GET https://naiastats.prestosports.com/sports/mbkb/2025-26/boxscores/20251210_5ew0.xml "HTTP/1.1 200 OK"
15:18:09 [INFO] HTTP Request: GET https://naiastats.prestosports.com/sports/mbkb/2025-26/boxscores/20251213_6jjl.xml "HTTP/1.1 200 OK"
15:18:21 [INFO] HTTP Request: GET https://naiastats.prestosports.com/sports/mbkb/2025-26/boxscores/20251218_293o.xml "HTTP/1.1 200 OK"
15:18:34 [INFO] HTTP Request: GET https://naiastats.prestosports.com/sports/mbkb/2025-26/boxscores/20251219_yz72.xml "HTTP/1.1 200 OK"
15:18:45 [INFO] HTTP Request: GET https://naiastats.prestosports.com/sports/mbkb/2025-26/boxscores/20260103_02ee.xml "HTTP/1.1 200 OK"
15:18:56 [INFO] HTTP Request: GET https://naiastats.prestosports.com/sports/mbkb/2025-26/boxscores/20260107_ixqw.xml "HTTP/1.1 200 OK"
15:19:07 [INFO] HTTP Request: GET https://naiastats.prestosports.com/sports/mbkb/2025-26/boxscores/20260110_4fno.xml "HTTP/1.1 200 OK"
15:19:19 [INFO] HTTP Request: GET https://naiastats.prestosports.com/sports/mbkb/2025-26/boxscores/20260114_gjen.xml "HTTP/1.1 200 OK"
15:19:30 [INFO] HTTP Request: GET https://naiastats.prestosports.com/sports/mbkb/2025-26/boxscores/20260117_2cgh.xml "HTTP/1.1 200 OK"
15:19:41 [INFO] HTTP Request: GET https://naiastats.prestosports.com/sports/mbkb/2025-26/boxscores/20260121_2ekh.xml "HTTP/1.1 200 OK"
15:19:52 [INFO] HTTP Request: GET https://naiastats.prestosports.com/sports/mbkb/2025-26/boxscores/20260126_vm8a.xml "HTTP/1.1 200 OK"
15:20:03 [INFO] HTTP Request: GET https://naiastats.prestosports.com/sports/mbkb/2025-26/boxscores/20260128_nyou.xml "HTTP/1.1 200 OK"
15:20:14 [INFO] HTTP Request: GET https://naiastats.prestosports.com/sports/mbkb/2025-26/boxscores/20260131_gzja.xml "HTTP/1.1 200 OK"
15:20:25 [INFO] HTTP Request: GET https://naiastats.prestosports.com/sports/mbkb/2025-26/boxscores/20260204_ti29.xml "HTTP/1.1 200 OK"
15:20:38 [INFO] HTTP Request: GET https://naiastats.prestosports.com/sports/mbkb/2025-26/boxscores/20260207_7whh.xml "HTTP/1.1 200 OK"
15:20:49 [INFO] HTTP Request: GET https://naiastats.prestosports.com/sports/mbkb/2025-26/boxscores/20260211_k0ec.xml "HTTP/1.1 200 OK"
15:21:00 [INFO] HTTP Request: GET https://naiastats.prestosports.com/sports/mbkb/2025-26/boxscores/20260214_61ek.xml "HTTP/1.1 200 OK"
15:21:12 [INFO] HTTP Request: GET https://naiastats.prestosports.com/sports/mbkb/2025-26/boxscores/20260218_nzku.xml "HTTP/1.1 200 OK"
15:21:23 [INFO] HTTP Request: GET https://naiastats.prestosports.com/sports/mbkb/2025-26/boxscores/20260221_4cf9.xml "HTTP/1.1 200 OK"
15:21:23 [INFO]   Loaded: 30 games, 757 player-game-stat rows
15:21:23 [INFO] 
[12/21] Bethel College - Kansas
15:21:23 [INFO] Scraping team: Bethel College - Kansas (bethelks)
15:21:35 [INFO] HTTP Request: GET https://naiastats.prestosports.com/sports/mbkb/2025-26/teams/bethelks?view=roster "HTTP/1.1 200 OK"
15:21:35 [INFO]   Roster: 0 players
15:21:46 [INFO] HTTP Request: GET https://naiastats.prestosports.com/sports/mbkb/2025-26/teams/bethelks?view=gamelog "HTTP/1.1 200 OK"
15:21:46 [INFO]   Games: 28 with box scores
15:22:00 [INFO] HTTP Request: GET https://naiastats.prestosports.com/sports/mbkb/2025-26/boxscores/20251023_0r43.xml "HTTP/1.1 200 OK"
15:22:11 [INFO] HTTP Request: GET https://naiastats.prestosports.com/sports/mbkb/2025-26/boxscores/20251031_smv1.xml "HTTP/1.1 200 OK"
15:22:22 [INFO] HTTP Request: GET https://naiastats.prestosports.com/sports/mbkb/2025-26/boxscores/20251101_yyic.xml "HTTP/1.1 200 OK"
15:22:33 [INFO] HTTP Request: GET https://naiastats.prestosports.com/sports/mbkb/2025-26/boxscores/20251106_ni3j.xml "HTTP/1.1 200 OK"
15:22:43 [INFO] HTTP Request: GET https://naiastats.prestosports.com/sports/mbkb/2025-26/boxscores/20251107_ajfa.xml "HTTP/1.1 200 OK"
15:22:56 [INFO] HTTP Request: GET https://naiastats.prestosports.com/sports/mbkb/2025-26/boxscores/20251115_dzlm.xml "HTTP/1.1 200 OK"
15:23:07 [INFO] HTTP Request: GET https://naiastats.prestosports.com/sports/mbkb/2025-26/boxscores/20251119_9kac.xml "HTTP/1.1 200 OK"
15:23:18 [INFO] HTTP Request: GET https://naiastats.prestosports.com/sports/mbkb/2025-26/boxscores/20251122_bxki.xml "HTTP/1.1 200 OK"
15:23:29 [INFO] HTTP Request: GET https://naiastats.prestosports.com/sports/mbkb/2025-26/boxscores/20251203_0dfx.xml "HTTP/1.1 200 OK"
15:23:40 [INFO] HTTP Request: GET https://naiastats.prestosports.com/sports/mbkb/2025-26/boxscores/20251206_8eby.xml "HTTP/1.1 200 OK"
15:23:51 [INFO] HTTP Request: GET https://naiastats.prestosports.com/sports/mbkb/2025-26/boxscores/20251210_lavo.xml "HTTP/1.1 200 OK"
15:24:03 [INFO] HTTP Request: GET https://naiastats.prestosports.com/sports/mbkb/2025-26/boxscores/20251213_hoe5.xml "HTTP/1.1 200 OK"
15:24:14 [INFO] HTTP Request: GET https://naiastats.prestosports.com/sports/mbkb/2025-26/boxscores/20251230_44jw.xml "HTTP/1.1 200 OK"
15:24:26 [INFO] HTTP Request: GET https://naiastats.prestosports.com/sports/mbkb/2025-26/boxscores/20260103_h2j7.xml "HTTP/1.1 200 OK"
15:24:37 [INFO] HTTP Request: GET https://naiastats.prestosports.com/sports/mbkb/2025-26/boxscores/20260107_54uo.xml "HTTP/1.1 200 OK"
15:24:48 [INFO] HTTP Request: GET https://naiastats.prestosports.com/sports/mbkb/2025-26/boxscores/20260110_bc09.xml "HTTP/1.1 200 OK"
15:24:58 [INFO] HTTP Request: GET https://naiastats.prestosports.com/sports/mbkb/2025-26/boxscores/20260114_g602.xml "HTTP/1.1 200 OK"
15:25:09 [INFO] HTTP Request: GET https://naiastats.prestosports.com/sports/mbkb/2025-26/boxscores/20260117_pk29.xml "HTTP/1.1 200 OK"
15:25:20 [INFO] HTTP Request: GET https://naiastats.prestosports.com/sports/mbkb/2025-26/boxscores/20260121_airc.xml "HTTP/1.1 200 OK"
15:25:31 [INFO] HTTP Request: GET https://naiastats.prestosports.com/sports/mbkb/2025-26/boxscores/20260125_2wgl.xml "HTTP/1.1 200 OK"
15:25:43 [INFO] HTTP Request: GET https://naiastats.prestosports.com/sports/mbkb/2025-26/boxscores/20260128_rcr4.xml "HTTP/1.1 200 OK"
15:25:55 [INFO] HTTP Request: GET https://naiastats.prestosports.com/sports/mbkb/2025-26/boxscores/20260131_lnm8.xml "HTTP/1.1 200 OK"
15:26:06 [INFO] HTTP Request: GET https://naiastats.prestosports.com/sports/mbkb/2025-26/boxscores/20260204_pky5.xml "HTTP/1.1 200 OK"
15:26:17 [INFO] HTTP Request: GET https://naiastats.prestosports.com/sports/mbkb/2025-26/boxscores/20260207_48fz.xml "HTTP/1.1 200 OK"
15:26:28 [INFO] HTTP Request: GET https://naiastats.prestosports.com/sports/mbkb/2025-26/boxscores/20260211_w4ap.xml "HTTP/1.1 200 OK"
15:26:41 [INFO] HTTP Request: GET https://naiastats.prestosports.com/sports/mbkb/2025-26/boxscores/20260214_tfre.xml "HTTP/1.1 200 OK"
15:26:52 [INFO] HTTP Request: GET https://naiastats.prestosports.com/sports/mbkb/2025-26/boxscores/20260218_2qlk.xml "HTTP/1.1 200 OK"
15:27:03 [INFO] HTTP Request: GET https://naiastats.prestosports.com/sports/mbkb/2025-26/boxscores/20260221_s427.xml "HTTP/1.1 200 OK"
15:27:03 [INFO]   Loaded: 28 games, 692 player-game-stat rows
15:27:03 [INFO] 
[13/21] Bethel University - Indiana
15:27:03 [INFO] Scraping team: Bethel University - Indiana (bethelin)
15:27:14 [INFO] HTTP Request: GET https://naiastats.prestosports.com/sports/mbkb/2025-26/teams/bethelin?view=roster "HTTP/1.1 200 OK"
15:27:14 [INFO]   Roster: 0 players
15:27:26 [INFO] HTTP Request: GET https://naiastats.prestosports.com/sports/mbkb/2025-26/teams/bethelin?view=gamelog "HTTP/1.1 200 OK"
15:27:26 [INFO]   Games: 28 with box scores
15:27:37 [INFO] HTTP Request: GET https://naiastats.prestosports.com/sports/mbkb/2025-26/boxscores/20251104_4qcz.xml "HTTP/1.1 200 OK"
15:27:48 [INFO] HTTP Request: GET https://naiastats.prestosports.com/sports/mbkb/2025-26/boxscores/20251107_2y6w.xml "HTTP/1.1 200 OK"
15:27:59 [INFO] HTTP Request: GET https://naiastats.prestosports.com/sports/mbkb/2025-26/boxscores/20251108_y9w6.xml "HTTP/1.1 200 OK"
15:28:10 [INFO] HTTP Request: GET https://naiastats.prestosports.com/sports/mbkb/2025-26/boxscores/20251112_cefi.xml "HTTP/1.1 200 OK"
15:28:20 [INFO] HTTP Request: GET https://naiastats.prestosports.com/sports/mbkb/2025-26/boxscores/20251115_6xhk.xml "HTTP/1.1 200 OK"
15:28:31 [INFO] HTTP Request: GET https://naiastats.prestosports.com/sports/mbkb/2025-26/boxscores/20251119_ydtv.xml "HTTP/1.1 200 OK"
15:28:42 [INFO] HTTP Request: GET https://naiastats.prestosports.com/sports/mbkb/2025-26/boxscores/20251122_ke1l.xml "HTTP/1.1 200 OK"
15:28:56 [INFO] HTTP Request: GET https://naiastats.prestosports.com/sports/mbkb/2025-26/boxscores/20251124_rpow.xml "HTTP/1.1 200 OK"
15:29:08 [INFO] HTTP Request: GET https://naiastats.prestosports.com/sports/mbkb/2025-26/boxscores/20251203_gr77.xml "HTTP/1.1 200 OK"
15:29:19 [INFO] HTTP Request: GET https://naiastats.prestosports.com/sports/mbkb/2025-26/boxscores/20251206_6v48.xml "HTTP/1.1 200 OK"
15:29:31 [INFO] HTTP Request: GET https://naiastats.prestosports.com/sports/mbkb/2025-26/boxscores/20251213_fvld.xml "HTTP/1.1 200 OK"
15:29:44 [INFO] HTTP Request: GET https://naiastats.prestosports.com/sports/mbkb/2025-26/boxscores/20251218_810n.xml "HTTP/1.1 200 OK"
15:29:55 [INFO] HTTP Request: GET https://naiastats.prestosports.com/sports/mbkb/2025-26/boxscores/20251229_tp0o.xml "HTTP/1.1 200 OK"
15:30:06 [INFO] HTTP Request: GET https://naiastats.prestosports.com/sports/mbkb/2025-26/boxscores/20251230_sqe9.xml "HTTP/1.1 200 OK"
15:30:17 [INFO] HTTP Request: GET https://naiastats.prestosports.com/sports/mbkb/2025-26/boxscores/20260103_ro8z.xml "HTTP/1.1 200 OK"
15:30:28 [INFO] HTTP Request: GET https://naiastats.prestosports.com/sports/mbkb/2025-26/boxscores/20260107_0o3h.xml "HTTP/1.1 200 OK"
15:30:39 [INFO] HTTP Request: GET https://naiastats.prestosports.com/sports/mbkb/2025-26/boxscores/20260110_dsl5.xml "HTTP/1.1 200 OK"
15:30:50 [INFO] HTTP Request: GET https://naiastats.prestosports.com/sports/mbkb/2025-26/boxscores/20260114_o3ux.xml "HTTP/1.1 200 OK"
15:31:01 [INFO] HTTP Request: GET https://naiastats.prestosports.com/sports/mbkb/2025-26/boxscores/20260117_dgm0.xml "HTTP/1.1 200 OK"
15:31:12 [INFO] HTTP Request: GET https://naiastats.prestosports.com/sports/mbkb/2025-26/boxscores/20260124_jxje.xml "HTTP/1.1 200 OK"
15:31:23 [INFO] HTTP Request: GET https://naiastats.prestosports.com/sports/mbkb/2025-26/boxscores/20260128_j5rj.xml "HTTP/1.1 200 OK"
15:31:35 [INFO] HTTP Request: GET https://naiastats.prestosports.com/sports/mbkb/2025-26/boxscores/20260131_qfjv.xml "HTTP/1.1 200 OK"
15:31:47 [INFO] HTTP Request: GET https://naiastats.prestosports.com/sports/mbkb/2025-26/boxscores/20260204_6cad.xml "HTTP/1.1 200 OK"
15:31:59 [INFO] HTTP Request: GET https://naiastats.prestosports.com/sports/mbkb/2025-26/boxscores/20260207_g2p5.xml "HTTP/1.1 200 OK"
15:32:10 [INFO] HTTP Request: GET https://naiastats.prestosports.com/sports/mbkb/2025-26/boxscores/20260211_24nz.xml "HTTP/1.1 200 OK"
15:32:22 [INFO] HTTP Request: GET https://naiastats.prestosports.com/sports/mbkb/2025-26/boxscores/20260214_fzsy.xml "HTTP/1.1 200 OK"
15:32:35 [INFO] HTTP Request: GET https://naiastats.prestosports.com/sports/mbkb/2025-26/boxscores/20260218_qrsp.xml "HTTP/1.1 200 OK"
15:32:46 [INFO] HTTP Request: GET https://naiastats.prestosports.com/sports/mbkb/2025-26/boxscores/20260221_fslw.xml "HTTP/1.1 200 OK"
15:32:46 [INFO]   Loaded: 28 games, 649 player-game-stat rows
15:32:46 [INFO] 
[14/21] Bethel University - Tennessee
15:32:46 [INFO] Scraping team: Bethel University - Tennessee (betheltn)
15:32:58 [INFO] HTTP Request: GET https://naiastats.prestosports.com/sports/mbkb/2025-26/teams/betheltn?view=roster "HTTP/1.1 200 OK"
15:32:58 [INFO]   Roster: 0 players
15:33:09 [INFO] HTTP Request: GET https://naiastats.prestosports.com/sports/mbkb/2025-26/teams/betheltn?view=gamelog "HTTP/1.1 200 OK"
15:33:09 [INFO]   Games: 28 with box scores
15:33:20 [INFO] HTTP Request: GET https://naiastats.prestosports.com/sports/mbkb/2025-26/boxscores/20251107_654g.xml "HTTP/1.1 200 OK"
15:33:31 [INFO] HTTP Request: GET https://naiastats.prestosports.com/sports/mbkb/2025-26/boxscores/20251108_ykfv.xml "HTTP/1.1 200 OK"
15:33:42 [INFO] HTTP Request: GET https://naiastats.prestosports.com/sports/mbkb/2025-26/boxscores/20251110_fvqh.xml "HTTP/1.1 200 OK"
15:33:53 [INFO] HTTP Request: GET https://naiastats.prestosports.com/sports/mbkb/2025-26/boxscores/20251114_ekwj.xml "HTTP/1.1 200 OK"
15:34:04 [INFO] HTTP Request: GET https://naiastats.prestosports.com/sports/mbkb/2025-26/boxscores/20251115_u9r0.xml "HTTP/1.1 200 OK"
15:34:14 [INFO] HTTP Request: GET https://naiastats.prestosports.com/sports/mbkb/2025-26/boxscores/20251121_c0ua.xml "HTTP/1.1 200 OK"
15:34:25 [INFO] HTTP Request: GET https://naiastats.prestosports.com/sports/mbkb/2025-26/boxscores/20251122_1xtl.xml "HTTP/1.1 200 OK"
15:34:36 [INFO] HTTP Request: GET https://naiastats.prestosports.com/sports/mbkb/2025-26/boxscores/20251125_4uat.xml "HTTP/1.1 200 OK"
15:34:47 [INFO] HTTP Request: GET https://naiastats.prestosports.com/sports/mbkb/2025-26/boxscores/20251202_wtvr.xml "HTTP/1.1 200 OK"
15:34:58 [INFO] HTTP Request: GET https://naiastats.prestosports.com/sports/mbkb/2025-26/boxscores/20251206_3bu6.xml "HTTP/1.1 200 OK"
15:35:09 [INFO] HTTP Request: GET https://naiastats.prestosports.com/sports/mbkb/2025-26/boxscores/20251216_mr9x.xml "HTTP/1.1 200 OK"
15:35:20 [INFO] HTTP Request: GET https://naiastats.prestosports.com/sports/mbkb/2025-26/boxscores/20251218_6kb4.xml "HTTP/1.1 200 OK"
15:35:31 [INFO] HTTP Request: GET https://naiastats.prestosports.com/sports/mbkb/2025-26/boxscores/20251229_zuhy.xml "HTTP/1.1 200 OK"
15:35:42 [INFO] HTTP Request: GET https://naiastats.prestosports.com/sports/mbkb/2025-26/boxscores/20251230_pllu.xml "HTTP/1.1 200 OK"
15:35:53 [INFO] HTTP Request: GET https://naiastats.prestosports.com/sports/mbkb/2025-26/boxscores/20260102_vuuc.xml "HTTP/1.1 200 OK"
15:36:04 [INFO] HTTP Request: GET https://naiastats.prestosports.com/sports/mbkb/2025-26/boxscores/20260103_43y9.xml "HTTP/1.1 200 OK"
15:36:17 [INFO] HTTP Request: GET https://naiastats.prestosports.com/sports/mbkb/2025-26/boxscores/20260108_39zv.xml "HTTP/1.1 200 OK"
15:36:28 [INFO] HTTP Request: GET https://naiastats.prestosports.com/sports/mbkb/2025-26/boxscores/20260110_uekj.xml "HTTP/1.1 200 OK"
15:36:39 [INFO] HTTP Request: GET https://naiastats.prestosports.com/sports/mbkb/2025-26/boxscores/20260115_fvx6.xml "HTTP/1.1 200 OK"
15:36:50 [INFO] HTTP Request: GET https://naiastats.prestosports.com/sports/mbkb/2025-26/boxscores/20260117_dtun.xml "HTTP/1.1 200 OK"
15:37:01 [INFO] HTTP Request: GET https://naiastats.prestosports.com/sports/mbkb/2025-26/boxscores/20260122_f43a.xml "HTTP/1.1 200 OK"
15:37:12 [INFO] HTTP Request: GET https://naiastats.prestosports.com/sports/mbkb/2025-26/boxscores/20260129_9c9m.xml "HTTP/1.1 200 OK"
15:37:23 [INFO] HTTP Request: GET https://naiastats.prestosports.com/sports/mbkb/2025-26/boxscores/20260131_88j5.xml "HTTP/1.1 200 OK"
15:37:35 [INFO] HTTP Request: GET https://naiastats.prestosports.com/sports/mbkb/2025-26/boxscores/20260205_uic1.xml "HTTP/1.1 200 OK"
15:37:46 [INFO] HTTP Request: GET https://naiastats.prestosports.com/sports/mbkb/2025-26/boxscores/20260207_hxpw.xml "HTTP/1.1 200 OK"
15:37:59 [INFO] HTTP Request: GET https://naiastats.prestosports.com/sports/mbkb/2025-26/boxscores/20260212_ew9s.xml "HTTP/1.1 200 OK"
15:38:10 [INFO] HTTP Request: GET https://naiastats.prestosports.com/sports/mbkb/2025-26/boxscores/20260214_fpsb.xml "HTTP/1.1 200 OK"
15:38:21 [INFO] HTTP Request: GET https://naiastats.prestosports.com/sports/mbkb/2025-26/boxscores/20260221_nxgf.xml "HTTP/1.1 200 OK"
15:38:21 [INFO]   Loaded: 28 games, 710 player-game-stat rows
15:38:21 [INFO] 
[15/21] Blue Mountain College
15:38:21 [INFO] Scraping team: Blue Mountain College (bluemountainchristianms)
15:38:33 [INFO] HTTP Request: GET https://naiastats.prestosports.com/sports/mbkb/2025-26/teams/bluemountainchristianms?view=roster "HTTP/1.1 200 OK"
15:38:33 [INFO]   Roster: 0 players
15:38:45 [INFO] HTTP Request: GET https://naiastats.prestosports.com/sports/mbkb/2025-26/teams/bluemountainchristianms?view=gamelog "HTTP/1.1 200 OK"
15:38:45 [INFO]   Games: 27 with box scores
15:38:56 [INFO] HTTP Request: GET https://naiastats.prestosports.com/sports/mbkb/2025-26/boxscores/20251101_2x3l.xml "HTTP/1.1 200 OK"
15:39:07 [INFO] HTTP Request: GET https://naiastats.prestosports.com/sports/mbkb/2025-26/boxscores/20251106_sprg.xml "HTTP/1.1 200 OK"
15:39:17 [INFO] HTTP Request: GET https://naiastats.prestosports.com/sports/mbkb/2025-26/boxscores/20251110_fvqh.xml "HTTP/1.1 200 OK"
15:39:28 [INFO] HTTP Request: GET https://naiastats.prestosports.com/sports/mbkb/2025-26/boxscores/20251111_9k3o.xml "HTTP/1.1 200 OK"
15:39:39 [INFO] HTTP Request: GET https://naiastats.prestosports.com/sports/mbkb/2025-26/boxscores/20251114_jko3.xml "HTTP/1.1 200 OK"
15:39:52 [INFO] HTTP Request: GET https://naiastats.prestosports.com/sports/mbkb/2025-26/boxscores/20251120_pcer.xml "HTTP/1.1 200 OK"
15:40:03 [INFO] HTTP Request: GET https://naiastats.prestosports.com/sports/mbkb/2025-26/boxscores/20251122_3k99.xml "HTTP/1.1 200 OK"
15:40:15 [INFO] HTTP Request: GET https://naiastats.prestosports.com/sports/mbkb/2025-26/boxscores/20251204_omr4.xml "HTTP/1.1 200 OK"
15:40:26 [INFO] HTTP Request: GET https://naiastats.prestosports.com/sports/mbkb/2025-26/boxscores/20251206_erbg.xml "HTTP/1.1 200 OK"
15:40:37 [INFO] HTTP Request: GET https://naiastats.prestosports.com/sports/mbkb/2025-26/boxscores/20251213_fqx1.xml "HTTP/1.1 200 OK"
15:40:48 [INFO] HTTP Request: GET https://naiastats.prestosports.com/sports/mbkb/2025-26/boxscores/20251218_2kgy.xml "HTTP/1.1 200 OK"
15:40:59 [INFO] HTTP Request: GET https://naiastats.prestosports.com/sports/mbkb/2025-26/boxscores/20260101_sawh.xml "HTTP/1.1 200 OK"
15:41:10 [INFO] HTTP Request: GET https://naiastats.prestosports.com/sports/mbkb/2025-26/boxscores/20260103_43y9.xml "HTTP/1.1 200 OK"
15:41:21 [INFO] HTTP Request: GET https://naiastats.prestosports.com/sports/mbkb/2025-26/boxscores/20260105_htan.xml "HTTP/1.1 200 OK"
15:41:32 [INFO] HTTP Request: GET https://naiastats.prestosports.com/sports/mbkb/2025-26/boxscores/20260110_6y6c.xml "HTTP/1.1 200 OK"
15:41:43 [INFO] HTTP Request: GET https://naiastats.prestosports.com/sports/mbkb/2025-26/boxscores/20260115_7fvs.xml "HTTP/1.1 200 OK"
15:41:54 [INFO] HTTP Request: GET https://naiastats.prestosports.com/sports/mbkb/2025-26/boxscores/20260117_etwc.xml "HTTP/1.1 200 OK"
15:42:05 [INFO] HTTP Request: GET https://naiastats.prestosports.com/sports/mbkb/2025-26/boxscores/20260122_bvz7.xml "HTTP/1.1 200 OK"
15:42:19 [INFO] HTTP Request: GET https://naiastats.prestosports.com/sports/mbkb/2025-26/boxscores/20260202_zytx.xml "HTTP/1.1 200 OK"
15:42:31 [INFO] HTTP Request: GET https://naiastats.prestosports.com/sports/mbkb/2025-26/boxscores/20260203_9kkd.xml "HTTP/1.1 200 OK"
15:42:42 [INFO] HTTP Request: GET https://naiastats.prestosports.com/sports/mbkb/2025-26/boxscores/20260205_lp1l.xml "HTTP/1.1 200 OK"
15:42:53 [INFO] HTTP Request: GET https://naiastats.prestosports.com/sports/mbkb/2025-26/boxscores/20260207_tojt.xml "HTTP/1.1 200 OK"
15:43:04 [INFO] HTTP Request: GET https://naiastats.prestosports.com/sports/mbkb/2025-26/boxscores/20260210_3u9u.xml "HTTP/1.1 200 OK"
15:43:16 [INFO] HTTP Request: GET https://naiastats.prestosports.com/sports/mbkb/2025-26/boxscores/20260214_8wjh.xml "HTTP/1.1 200 OK"
15:43:27 [INFO] HTTP Request: GET https://naiastats.prestosports.com/sports/mbkb/2025-26/boxscores/20260216_7zwr.xml "HTTP/1.1 200 OK"
15:43:38 [INFO] HTTP Request: GET https://naiastats.prestosports.com/sports/mbkb/2025-26/boxscores/20260219_x6aw.xml "HTTP/1.1 200 OK"
15:43:49 [INFO] HTTP Request: GET https://naiastats.prestosports.com/sports/mbkb/2025-26/boxscores/20260221_s19x.xml "HTTP/1.1 200 OK"
15:43:49 [INFO]   Loaded: 27 games, 630 player-game-stat rows
15:43:49 [INFO] 
[16/21] Bluefield University
15:43:49 [INFO] Scraping team: Bluefield University (bluefieldva)
15:44:01 [INFO] HTTP Request: GET https://naiastats.prestosports.com/sports/mbkb/2025-26/teams/bluefieldva?view=roster "HTTP/1.1 200 OK"
15:44:01 [INFO]   Roster: 0 players
15:44:13 [INFO] HTTP Request: GET https://naiastats.prestosports.com/sports/mbkb/2025-26/teams/bluefieldva?view=gamelog "HTTP/1.1 200 OK"
15:44:13 [INFO]   Games: 27 with box scores
15:44:24 [INFO] HTTP Request: GET https://naiastats.prestosports.com/sports/mbkb/2025-26/boxscores/20251101_ttop.xml "HTTP/1.1 200 OK"
15:44:35 [INFO] HTTP Request: GET https://naiastats.prestosports.com/sports/mbkb/2025-26/boxscores/20251105_drza.xml "HTTP/1.1 200 OK"
15:44:47 [INFO] HTTP Request: GET https://naiastats.prestosports.com/sports/mbkb/2025-26/boxscores/20251112_t1fj.xml "HTTP/1.1 200 OK"
15:44:58 [INFO] HTTP Request: GET https://naiastats.prestosports.com/sports/mbkb/2025-26/boxscores/20251115_9q8c.xml "HTTP/1.1 200 OK"
15:45:09 [INFO] HTTP Request: GET https://naiastats.prestosports.com/sports/mbkb/2025-26/boxscores/20251119_eqmb.xml "HTTP/1.1 200 OK"
15:45:20 [INFO] HTTP Request: GET https://naiastats.prestosports.com/sports/mbkb/2025-26/boxscores/20251120_20dw.xml "HTTP/1.1 200 OK"
15:45:31 [INFO] HTTP Request: GET https://naiastats.prestosports.com/sports/mbkb/2025-26/boxscores/20251122_dn2r.xml "HTTP/1.1 200 OK"
15:45:44 [INFO] HTTP Request: GET https://naiastats.prestosports.com/sports/mbkb/2025-26/boxscores/20251123_lqd3.xml "HTTP/1.1 200 OK"
15:45:55 [INFO] HTTP Request: GET https://naiastats.prestosports.com/sports/mbkb/2025-26/boxscores/20251126_7m6r.xml "HTTP/1.1 200 OK"
15:46:07 [INFO] HTTP Request: GET https://naiastats.prestosports.com/sports/mbkb/2025-26/boxscores/20251203_9v7y.xml "HTTP/1.1 200 OK"
15:46:18 [INFO] HTTP Request: GET https://naiastats.prestosports.com/sports/mbkb/2025-26/boxscores/20251206_778h.xml "HTTP/1.1 200 OK"
15:46:29 [INFO] HTTP Request: GET https://naiastats.prestosports.com/sports/mbkb/2025-26/boxscores/20251210_cg1e.xml "HTTP/1.1 200 OK"
15:46:41 [INFO] HTTP Request: GET https://naiastats.prestosports.com/sports/mbkb/2025-26/boxscores/20251213_872v.xml "HTTP/1.1 200 OK"
15:46:51 [INFO] HTTP Request: GET https://naiastats.prestosports.com/sports/mbkb/2025-26/boxscores/20251218_p90o.xml "HTTP/1.1 200 OK"
15:47:03 [INFO] HTTP Request: GET https://naiastats.prestosports.com/sports/mbkb/2025-26/boxscores/20260103_o2k3.xml "HTTP/1.1 200 OK"
15:47:14 [INFO] HTTP Request: GET https://naiastats.prestosports.com/sports/mbkb/2025-26/boxscores/20260107_yiw4.xml "HTTP/1.1 200 OK"
15:47:25 [INFO] HTTP Request: GET https://naiastats.prestosports.com/sports/mbkb/2025-26/boxscores/20260110_skms.xml "HTTP/1.1 200 OK"
15:47:36 [INFO] HTTP Request: GET https://naiastats.prestosports.com/sports/mbkb/2025-26/boxscores/20260114_my4t.xml "HTTP/1.1 200 OK"
15:47:48 [INFO] HTTP Request: GET https://naiastats.prestosports.com/sports/mbkb/2025-26/boxscores/20260117_kcrn.xml "HTTP/1.1 200 OK"
15:47:59 [INFO] HTTP Request: GET https://naiastats.prestosports.com/sports/mbkb/2025-26/boxscores/20260119_gw0p.xml "HTTP/1.1 200 OK"
15:48:10 [INFO] HTTP Request: GET https://naiastats.prestosports.com/sports/mbkb/2025-26/boxscores/20260121_8jvu.xml "HTTP/1.1 200 OK"
15:48:24 [INFO] HTTP Request: GET https://naiastats.prestosports.com/sports/mbkb/2025-26/boxscores/20260202_lwpt.xml "HTTP/1.1 200 OK"
15:48:35 [INFO] HTTP Request: GET https://naiastats.prestosports.com/sports/mbkb/2025-26/boxscores/20260207_blgh.xml "HTTP/1.1 200 OK"
15:48:46 [INFO] HTTP Request: GET https://naiastats.prestosports.com/sports/mbkb/2025-26/boxscores/20260211_suzs.xml "HTTP/1.1 200 OK"
15:48:58 [INFO] HTTP Request: GET https://naiastats.prestosports.com/sports/mbkb/2025-26/boxscores/20260214_at0i.xml "HTTP/1.1 200 OK"
15:49:09 [INFO] HTTP Request: GET https://naiastats.prestosports.com/sports/mbkb/2025-26/boxscores/20260219_nket.xml "HTTP/1.1 200 OK"
15:49:20 [INFO] HTTP Request: GET https://naiastats.prestosports.com/sports/mbkb/2025-26/boxscores/20260221_ivo7.xml "HTTP/1.1 200 OK"
15:49:20 [INFO]   Loaded: 27 games, 651 player-game-stat rows
15:49:20 [INFO] 
[17/21] Brescia University
15:49:20 [INFO] Scraping team: Brescia University (bresciaky)
15:49:31 [INFO] HTTP Request: GET https://naiastats.prestosports.com/sports/mbkb/2025-26/teams/bresciaky?view=roster "HTTP/1.1 200 OK"
15:49:32 [INFO]   Roster: 0 players
15:49:43 [INFO] HTTP Request: GET https://naiastats.prestosports.com/sports/mbkb/2025-26/teams/bresciaky?view=gamelog "HTTP/1.1 200 OK"
15:49:43 [INFO]   Games: 25 with box scores
15:49:54 [INFO] HTTP Request: GET https://naiastats.prestosports.com/sports/mbkb/2025-26/boxscores/20251026_bwl3.xml "HTTP/1.1 200 OK"
15:50:05 [INFO] HTTP Request: GET https://naiastats.prestosports.com/sports/mbkb/2025-26/boxscores/20251104_kzyk.xml "HTTP/1.1 200 OK"
15:50:16 [INFO] HTTP Request: GET https://naiastats.prestosports.com/sports/mbkb/2025-26/boxscores/20251107_h2f9.xml "HTTP/1.1 200 OK"
15:50:27 [INFO] HTTP Request: GET https://naiastats.prestosports.com/sports/mbkb/2025-26/boxscores/20251108_afx1.xml "HTTP/1.1 200 OK"
15:50:38 [INFO] HTTP Request: GET https://naiastats.prestosports.com/sports/mbkb/2025-26/boxscores/20251114_eouz.xml "HTTP/1.1 200 OK"
15:50:49 [INFO] HTTP Request: GET https://naiastats.prestosports.com/sports/mbkb/2025-26/boxscores/20251115_7yfo.xml "HTTP/1.1 200 OK"
15:51:00 [INFO] HTTP Request: GET https://naiastats.prestosports.com/sports/mbkb/2025-26/boxscores/20251118_a2wb.xml "HTTP/1.1 200 OK"
15:51:11 [INFO] HTTP Request: GET https://naiastats.prestosports.com/sports/mbkb/2025-26/boxscores/20251216_hcgu.xml "HTTP/1.1 200 OK"
15:51:22 [INFO] HTTP Request: GET https://naiastats.prestosports.com/sports/mbkb/2025-26/boxscores/20251218_6kb4.xml "HTTP/1.1 200 OK"
15:51:32 [INFO] HTTP Request: GET https://naiastats.prestosports.com/sports/mbkb/2025-26/boxscores/20260103_9zfq.xml "HTTP/1.1 200 OK"
15:51:43 [INFO] HTTP Request: GET https://naiastats.prestosports.com/sports/mbkb/2025-26/boxscores/20260106_zavb.xml "HTTP/1.1 200 OK"
15:51:56 [INFO] HTTP Request: GET https://naiastats.prestosports.com/sports/mbkb/2025-26/boxscores/20260110_5lyw.xml "HTTP/1.1 200 OK"
15:52:07 [INFO] HTTP Request: GET https://naiastats.prestosports.com/sports/mbkb/2025-26/boxscores/20260113_avjn.xml "HTTP/1.1 200 OK"
15:52:18 [INFO] HTTP Request: GET https://naiastats.prestosports.com/sports/mbkb/2025-26/boxscores/20260115_010q.xml "HTTP/1.1 200 OK"
15:52:29 [INFO] HTTP Request: GET https://naiastats.prestosports.com/sports/mbkb/2025-26/boxscores/20260117_8ldv.xml "HTTP/1.1 200 OK"
15:52:42 [INFO] HTTP Request: GET https://naiastats.prestosports.com/sports/mbkb/2025-26/boxscores/20260120_dnro.xml "HTTP/1.1 200 OK"
15:52:53 [INFO] HTTP Request: GET https://naiastats.prestosports.com/sports/mbkb/2025-26/boxscores/20260123_c9sd.xml "HTTP/1.1 200 OK"
15:53:04 [INFO] HTTP Request: GET https://naiastats.prestosports.com/sports/mbkb/2025-26/boxscores/20260129_yo2g.xml "HTTP/1.1 200 OK"
15:53:15 [INFO] HTTP Request: GET https://naiastats.prestosports.com/sports/mbkb/2025-26/boxscores/20260131_i5f4.xml "HTTP/1.1 200 OK"
15:53:28 [INFO] HTTP Request: GET https://naiastats.prestosports.com/sports/mbkb/2025-26/boxscores/20260203_sw5o.xml "HTTP/1.1 200 OK"
15:53:39 [INFO] HTTP Request: GET https://naiastats.prestosports.com/sports/mbkb/2025-26/boxscores/20260207_y8gh.xml "HTTP/1.1 200 OK"
15:53:52 [INFO] HTTP Request: GET https://naiastats.prestosports.com/sports/mbkb/2025-26/boxscores/20260210_iadv.xml "HTTP/1.1 200 OK"
15:54:03 [INFO] HTTP Request: GET https://naiastats.prestosports.com/sports/mbkb/2025-26/boxscores/20260214_24z6.xml "HTTP/1.1 200 OK"
15:54:14 [INFO] HTTP Request: GET https://naiastats.prestosports.com/sports/mbkb/2025-26/boxscores/20260217_jsta.xml "HTTP/1.1 200 OK"
15:54:25 [INFO] HTTP Request: GET https://naiastats.prestosports.com/sports/mbkb/2025-26/boxscores/20260221_zimy.xml "HTTP/1.1 200 OK"
15:54:25 [INFO]   Loaded: 25 games, 595 player-game-stat rows
15:54:25 [INFO] 
[18/21] Brewton-Parker College
15:54:25 [INFO] Scraping team: Brewton-Parker College (brewtonparkerga)
15:54:37 [INFO] HTTP Request: GET https://naiastats.prestosports.com/sports/mbkb/2025-26/teams/brewtonparkerga?view=roster "HTTP/1.1 200 OK"
15:54:37 [INFO]   Roster: 0 players
15:54:49 [INFO] HTTP Request: GET https://naiastats.prestosports.com/sports/mbkb/2025-26/teams/brewtonparkerga?view=gamelog "HTTP/1.1 200 OK"
15:54:49 [INFO]   Games: 28 with box scores
15:55:00 [INFO] HTTP Request: GET https://naiastats.prestosports.com/sports/mbkb/2025-26/boxscores/20251027_ae6k.xml "HTTP/1.1 200 OK"
15:55:10 [INFO] HTTP Request: GET https://naiastats.prestosports.com/sports/mbkb/2025-26/boxscores/20251031_xw3i.xml "HTTP/1.1 200 OK"
15:55:21 [INFO] HTTP Request: GET https://naiastats.prestosports.com/sports/mbkb/2025-26/boxscores/20251101_fpgh.xml "HTTP/1.1 200 OK"
15:55:32 [INFO] HTTP Request: GET https://naiastats.prestosports.com/sports/mbkb/2025-26/boxscores/20251111_6bxc.xml "HTTP/1.1 200 OK"
15:55:43 [INFO] HTTP Request: GET https://naiastats.prestosports.com/sports/mbkb/2025-26/boxscores/20251114_ksw1.xml "HTTP/1.1 200 OK"
15:55:54 [INFO] HTTP Request: GET https://naiastats.prestosports.com/sports/mbkb/2025-26/boxscores/20251120_7q9q.xml "HTTP/1.1 200 OK"
15:56:05 [INFO] HTTP Request: GET https://naiastats.prestosports.com/sports/mbkb/2025-26/boxscores/20251122_6bu1.xml "HTTP/1.1 200 OK"
15:56:16 [INFO] HTTP Request: GET https://naiastats.prestosports.com/sports/mbkb/2025-26/boxscores/20251129_xbhv.xml "HTTP/1.1 200 OK"
15:56:27 [INFO] HTTP Request: GET https://naiastats.prestosports.com/sports/mbkb/2025-26/boxscores/20251201_3gfd.xml "HTTP/1.1 200 OK"
15:56:38 [INFO] HTTP Request: GET https://naiastats.prestosports.com/sports/mbkb/2025-26/boxscores/20251206_20q4.xml "HTTP/1.1 200 OK"
15:56:50 [INFO] HTTP Request: GET https://naiastats.prestosports.com/sports/mbkb/2025-26/boxscores/20251210_jrv2.xml "HTTP/1.1 200 OK"
15:57:01 [INFO] HTTP Request: GET https://naiastats.prestosports.com/sports/mbkb/2025-26/boxscores/20251213_2pgj.xml "HTTP/1.1 200 OK"
15:57:12 [INFO] HTTP Request: GET https://naiastats.prestosports.com/sports/mbkb/2025-26/boxscores/20251229_7li6.xml "HTTP/1.1 200 OK"
15:57:23 [INFO] HTTP Request: GET https://naiastats.prestosports.com/sports/mbkb/2025-26/boxscores/20260106_63o8.xml "HTTP/1.1 200 OK"
15:57:34 [INFO] HTTP Request: GET https://naiastats.prestosports.com/sports/mbkb/2025-26/boxscores/20260108_5dm2.xml "HTTP/1.1 200 OK"
15:57:45 [INFO] HTTP Request: GET https://naiastats.prestosports.com/sports/mbkb/2025-26/boxscores/20260110_jk5u.xml "HTTP/1.1 200 OK"
15:57:56 [INFO] HTTP Request: GET https://naiastats.prestosports.com/sports/mbkb/2025-26/boxscores/20260115_ib75.xml "HTTP/1.1 200 OK"
15:58:08 [INFO] HTTP Request: GET https://naiastats.prestosports.com/sports/mbkb/2025-26/boxscores/20260117_nafm.xml "HTTP/1.1 200 OK"
15:58:19 [INFO] HTTP Request: GET https://naiastats.prestosports.com/sports/mbkb/2025-26/boxscores/20260122_rqcd.xml "HTTP/1.1 200 OK"
15:58:30 [INFO] HTTP Request: GET https://naiastats.prestosports.com/sports/mbkb/2025-26/boxscores/20260124_t4ui.xml "HTTP/1.1 200 OK"
15:58:41 [INFO] HTTP Request: GET https://naiastats.prestosports.com/sports/mbkb/2025-26/boxscores/20260129_v7v4.xml "HTTP/1.1 200 OK"
15:58:54 [INFO] HTTP Request: GET https://naiastats.prestosports.com/sports/mbkb/2025-26/boxscores/20260203_9kkd.xml "HTTP/1.1 200 OK"
15:59:05 [INFO] HTTP Request: GET https://naiastats.prestosports.com/sports/mbkb/2025-26/boxscores/20260205_n193.xml "HTTP/1.1 200 OK"
15:59:15 [INFO] HTTP Request: GET https://naiastats.prestosports.com/sports/mbkb/2025-26/boxscores/20260207_mujm.xml "HTTP/1.1 200 OK"
15:59:26 [INFO] HTTP Request: GET https://naiastats.prestosports.com/sports/mbkb/2025-26/boxscores/20260212_zuo6.xml "HTTP/1.1 200 OK"
15:59:39 [INFO] HTTP Request: GET https://naiastats.prestosports.com/sports/mbkb/2025-26/boxscores/20260214_jj23.xml "HTTP/1.1 200 OK"
15:59:51 [INFO] HTTP Request: GET https://naiastats.prestosports.com/sports/mbkb/2025-26/boxscores/20260216_ykis.xml "HTTP/1.1 200 OK"
16:00:02 [INFO] HTTP Request: GET https://naiastats.prestosports.com/sports/mbkb/2025-26/boxscores/20260221_uemt.xml "HTTP/1.1 200 OK"
16:00:02 [INFO]   Loaded: 28 games, 657 player-game-stat rows
16:00:02 [INFO] 
[19/21] Briar Cliff University
16:00:02 [INFO] Scraping team: Briar Cliff University (briarcliffia)
16:05:21 [ERROR] Request failed: https://naiastats.prestosports.com/sports/mbkb/2025-26/teams/briarcliffia?view=roster — [Errno 8] nodename nor servname provided, or not known
16:05:21 [INFO]   Roster: 0 players
16:05:33 [INFO] HTTP Request: GET https://naiastats.prestosports.com/sports/mbkb/2025-26/teams/briarcliffia?view=gamelog "HTTP/1.1 200 OK"
16:05:33 [INFO]   Games: 27 with box scores
16:05:45 [INFO] HTTP Request: GET https://naiastats.prestosports.com/sports/mbkb/2025-26/boxscores/20251024_4tkz.xml "HTTP/1.1 200 OK"
16:05:56 [INFO] HTTP Request: GET https://naiastats.prestosports.com/sports/mbkb/2025-26/boxscores/20251031_m4qm.xml "HTTP/1.1 200 OK"
16:06:07 [INFO] HTTP Request: GET https://naiastats.prestosports.com/sports/mbkb/2025-26/boxscores/20251101_0ma7.xml "HTTP/1.1 200 OK"
16:06:18 [INFO] HTTP Request: GET https://naiastats.prestosports.com/sports/mbkb/2025-26/boxscores/20251107_es8t.xml "HTTP/1.1 200 OK"
16:06:29 [INFO] HTTP Request: GET https://naiastats.prestosports.com/sports/mbkb/2025-26/boxscores/20251111_dw8u.xml "HTTP/1.1 200 OK"
16:06:42 [INFO] HTTP Request: GET https://naiastats.prestosports.com/sports/mbkb/2025-26/boxscores/20251119_lea9.xml "HTTP/1.1 200 OK"
16:06:53 [INFO] HTTP Request: GET https://naiastats.prestosports.com/sports/mbkb/2025-26/boxscores/20251122_vt4o.xml "HTTP/1.1 200 OK"
16:07:04 [INFO] HTTP Request: GET https://naiastats.prestosports.com/sports/mbkb/2025-26/boxscores/20251125_s61b.xml "HTTP/1.1 200 OK"
16:07:15 [INFO] HTTP Request: GET https://naiastats.prestosports.com/sports/mbkb/2025-26/boxscores/20251203_75yh.xml "HTTP/1.1 200 OK"
16:07:26 [INFO] HTTP Request: GET https://naiastats.prestosports.com/sports/mbkb/2025-26/boxscores/20251206_dlaj.xml "HTTP/1.1 200 OK"
16:07:37 [INFO] HTTP Request: GET https://naiastats.prestosports.com/sports/mbkb/2025-26/boxscores/20251210_9jxj.xml "HTTP/1.1 200 OK"
16:07:49 [INFO] HTTP Request: GET https://naiastats.prestosports.com/sports/mbkb/2025-26/boxscores/20251213_1vse.xml "HTTP/1.1 200 OK"
16:08:00 [INFO] HTTP Request: GET https://naiastats.prestosports.com/sports/mbkb/2025-26/boxscores/20251215_whh4.xml "HTTP/1.1 200 OK"
16:08:11 [INFO] HTTP Request: GET https://naiastats.prestosports.com/sports/mbkb/2025-26/boxscores/20251230_44jw.xml "HTTP/1.1 200 OK"
16:08:22 [INFO] HTTP Request: GET https://naiastats.prestosports.com/sports/mbkb/2025-26/boxscores/20260103_4ai5.xml "HTTP/1.1 200 OK"
16:08:33 [INFO] HTTP Request: GET https://naiastats.prestosports.com/sports/mbkb/2025-26/boxscores/20260107_uriv.xml "HTTP/1.1 200 OK"
16:08:46 [INFO] HTTP Request: GET https://naiastats.prestosports.com/sports/mbkb/2025-26/boxscores/20260110_zsrv.xml "HTTP/1.1 200 OK"
16:08:57 [INFO] HTTP Request: GET https://naiastats.prestosports.com/sports/mbkb/2025-26/boxscores/20260114_qmjs.xml "HTTP/1.1 200 OK"
16:09:08 [INFO] HTTP Request: GET https://naiastats.prestosports.com/sports/mbkb/2025-26/boxscores/20260117_uubh.xml "HTTP/1.1 200 OK"
16:09:19 [INFO] HTTP Request: GET https://naiastats.prestosports.com/sports/mbkb/2025-26/boxscores/20260122_t7og.xml "HTTP/1.1 200 OK"
16:09:29 [INFO] HTTP Request: GET https://naiastats.prestosports.com/sports/mbkb/2025-26/boxscores/20260124_nn6h.xml "HTTP/1.1 200 OK"
16:09:40 [INFO] HTTP Request: GET https://naiastats.prestosports.com/sports/mbkb/2025-26/boxscores/20260128_3w1b.xml "HTTP/1.1 200 OK"
16:09:51 [INFO] HTTP Request: GET https://naiastats.prestosports.com/sports/mbkb/2025-26/boxscores/20260204_1u2m.xml "HTTP/1.1 200 OK"
16:10:02 [INFO] HTTP Request: GET https://naiastats.prestosports.com/sports/mbkb/2025-26/boxscores/20260207_2cdb.xml "HTTP/1.1 200 OK"
16:10:15 [INFO] HTTP Request: GET https://naiastats.prestosports.com/sports/mbkb/2025-26/boxscores/20260211_at01.xml "HTTP/1.1 200 OK"
16:10:26 [INFO] HTTP Request: GET https://naiastats.prestosports.com/sports/mbkb/2025-26/boxscores/20260214_r879.xml "HTTP/1.1 200 OK"
16:10:37 [INFO] HTTP Request: GET https://naiastats.prestosports.com/sports/mbkb/2025-26/boxscores/20260221_ku79.xml "HTTP/1.1 200 OK"
16:10:37 [INFO]   Loaded: 27 games, 595 player-game-stat rows
16:10:37 [INFO] 
[20/21] Bryan College - Tennessee
16:10:37 [INFO] Scraping team: Bryan College - Tennessee (bryantn)
16:10:48 [INFO] HTTP Request: GET https://naiastats.prestosports.com/sports/mbkb/2025-26/teams/bryantn?view=roster "HTTP/1.1 200 OK"
16:10:48 [INFO]   Roster: 0 players
16:11:00 [INFO] HTTP Request: GET https://naiastats.prestosports.com/sports/mbkb/2025-26/teams/bryantn?view=gamelog "HTTP/1.1 200 OK"
16:11:00 [INFO]   Games: 27 with box scores
16:11:11 [INFO] HTTP Request: GET https://naiastats.prestosports.com/sports/mbkb/2025-26/boxscores/20251024_gxyu.xml "HTTP/1.1 200 OK"
16:11:22 [INFO] HTTP Request: GET https://naiastats.prestosports.com/sports/mbkb/2025-26/boxscores/20251031_9jgv.xml "HTTP/1.1 200 OK"
16:11:32 [INFO] HTTP Request: GET https://naiastats.prestosports.com/sports/mbkb/2025-26/boxscores/20251101_8x17.xml "HTTP/1.1 200 OK"
16:11:44 [INFO] HTTP Request: GET https://naiastats.prestosports.com/sports/mbkb/2025-26/boxscores/20251106_u2ml.xml "HTTP/1.1 200 OK"
16:11:54 [INFO] HTTP Request: GET https://naiastats.prestosports.com/sports/mbkb/2025-26/boxscores/20251108_iqm5.xml "HTTP/1.1 200 OK"
16:12:05 [INFO] HTTP Request: GET https://naiastats.prestosports.com/sports/mbkb/2025-26/boxscores/20251112_gyo3.xml "HTTP/1.1 200 OK"
16:12:16 [INFO] HTTP Request: GET https://naiastats.prestosports.com/sports/mbkb/2025-26/boxscores/20251117_1yq9.xml "HTTP/1.1 200 OK"
16:12:27 [INFO] HTTP Request: GET https://naiastats.prestosports.com/sports/mbkb/2025-26/boxscores/20251122_csqv.xml "HTTP/1.1 200 OK"
16:12:39 [INFO] HTTP Request: GET https://naiastats.prestosports.com/sports/mbkb/2025-26/boxscores/20251125_qhct.xml "HTTP/1.1 200 OK"
16:12:50 [INFO] HTTP Request: GET https://naiastats.prestosports.com/sports/mbkb/2025-26/boxscores/20251203_3g32.xml "HTTP/1.1 200 OK"
16:13:01 [INFO] HTTP Request: GET https://naiastats.prestosports.com/sports/mbkb/2025-26/boxscores/20251206_efxu.xml "HTTP/1.1 200 OK"
16:13:14 [INFO] HTTP Request: GET https://naiastats.prestosports.com/sports/mbkb/2025-26/boxscores/20251210_wv91.xml "HTTP/1.1 200 OK"
16:13:26 [INFO] HTTP Request: GET https://naiastats.prestosports.com/sports/mbkb/2025-26/boxscores/20251213_hqae.xml "HTTP/1.1 200 OK"
16:13:37 [INFO] HTTP Request: GET https://naiastats.prestosports.com/sports/mbkb/2025-26/boxscores/20260103_e3wj.xml "HTTP/1.1 200 OK"
16:13:48 [INFO] HTTP Request: GET https://naiastats.prestosports.com/sports/mbkb/2025-26/boxscores/20260107_v6sh.xml "HTTP/1.1 200 OK"
16:13:59 [INFO] HTTP Request: GET https://naiastats.prestosports.com/sports/mbkb/2025-26/boxscores/20260110_gs80.xml "HTTP/1.1 200 OK"
16:14:10 [INFO] HTTP Request: GET https://naiastats.prestosports.com/sports/mbkb/2025-26/boxscores/20260114_urh7.xml "HTTP/1.1 200 OK"
16:14:21 [INFO] HTTP Request: GET https://naiastats.prestosports.com/sports/mbkb/2025-26/boxscores/20260117_kcrn.xml "HTTP/1.1 200 OK"
16:14:33 [INFO] HTTP Request: GET https://naiastats.prestosports.com/sports/mbkb/2025-26/boxscores/20260121_wze8.xml "HTTP/1.1 200 OK"
16:14:45 [INFO] HTTP Request: GET https://naiastats.prestosports.com/sports/mbkb/2025-26/boxscores/20260123_zrau.xml "HTTP/1.1 200 OK"
16:14:56 [INFO] HTTP Request: GET https://naiastats.prestosports.com/sports/mbkb/2025-26/boxscores/20260130_4t72.xml "HTTP/1.1 200 OK"
16:15:07 [INFO] HTTP Request: GET https://naiastats.prestosports.com/sports/mbkb/2025-26/boxscores/20260204_ng7i.xml "HTTP/1.1 200 OK"
16:15:20 [INFO] HTTP Request: GET https://naiastats.prestosports.com/sports/mbkb/2025-26/boxscores/20260207_cfte.xml "HTTP/1.1 200 OK"
16:15:31 [INFO] HTTP Request: GET https://naiastats.prestosports.com/sports/mbkb/2025-26/boxscores/20260211_krbn.xml "HTTP/1.1 200 OK"
16:15:43 [INFO] HTTP Request: GET https://naiastats.prestosports.com/sports/mbkb/2025-26/boxscores/20260214_4vmz.xml "HTTP/1.1 200 OK"
16:15:54 [INFO] HTTP Request: GET https://naiastats.prestosports.com/sports/mbkb/2025-26/boxscores/20260218_mn05.xml "HTTP/1.1 200 OK"
16:16:05 [INFO] HTTP Request: GET https://naiastats.prestosports.com/sports/mbkb/2025-26/boxscores/20260225_bgtd.xml "HTTP/1.1 200 OK"
16:16:05 [INFO]   Loaded: 27 games, 620 player-game-stat rows
16:16:05 [INFO] 
[21/21] Bushnell University
16:16:05 [INFO] Scraping team: Bushnell University (bushnellor)
16:16:16 [INFO] HTTP Request: GET https://naiastats.prestosports.com/sports/mbkb/2025-26/teams/bushnellor?view=roster "HTTP/1.1 200 OK"
16:16:16 [INFO]   Roster: 0 players
16:16:28 [INFO] HTTP Request: GET https://naiastats.prestosports.com/sports/mbkb/2025-26/teams/bushnellor?view=gamelog "HTTP/1.1 200 OK"
16:16:28 [INFO]   Games: 27 with box scores
16:16:40 [INFO] HTTP Request: GET https://naiastats.prestosports.com/sports/mbkb/2025-26/boxscores/20251031_2jxk.xml "HTTP/1.1 200 OK"
16:16:53 [INFO] HTTP Request: GET https://naiastats.prestosports.com/sports/mbkb/2025-26/boxscores/20251101_btmm.xml "HTTP/1.1 200 OK"
16:17:04 [INFO] HTTP Request: GET https://naiastats.prestosports.com/sports/mbkb/2025-26/boxscores/20251108_hfhc.xml "HTTP/1.1 200 OK"
16:17:15 [INFO] HTTP Request: GET https://naiastats.prestosports.com/sports/mbkb/2025-26/boxscores/20251112_5g6v.xml "HTTP/1.1 200 OK"
16:17:27 [INFO] HTTP Request: GET https://naiastats.prestosports.com/sports/mbkb/2025-26/boxscores/20251114_grn7.xml "HTTP/1.1 200 OK"
16:17:38 [INFO] HTTP Request: GET https://naiastats.prestosports.com/sports/mbkb/2025-26/boxscores/20251121_x7fu.xml "HTTP/1.1 200 OK"
16:17:49 [INFO] HTTP Request: GET https://naiastats.prestosports.com/sports/mbkb/2025-26/boxscores/20251122_wkto.xml "HTTP/1.1 200 OK"
16:18:02 [INFO] HTTP Request: GET https://naiastats.prestosports.com/sports/mbkb/2025-26/boxscores/20251202_j95i.xml "HTTP/1.1 200 OK"
16:18:13 [INFO] HTTP Request: GET https://naiastats.prestosports.com/sports/mbkb/2025-26/boxscores/20251206_fj43.xml "HTTP/1.1 200 OK"
16:18:24 [INFO] HTTP Request: GET https://naiastats.prestosports.com/sports/mbkb/2025-26/boxscores/20251219_pquy.xml "HTTP/1.1 200 OK"
16:18:35 [INFO] HTTP Request: GET https://naiastats.prestosports.com/sports/mbkb/2025-26/boxscores/20251220_rs2v.xml "HTTP/1.1 200 OK"
16:18:46 [INFO] HTTP Request: GET https://naiastats.prestosports.com/sports/mbkb/2025-26/boxscores/20260102_tqd8.xml "HTTP/1.1 200 OK"
16:18:57 [INFO] HTTP Request: GET https://naiastats.prestosports.com/sports/mbkb/2025-26/boxscores/20260103_2irw.xml "HTTP/1.1 200 OK"
16:19:08 [INFO] HTTP Request: GET https://naiastats.prestosports.com/sports/mbkb/2025-26/boxscores/20260109_ho18.xml "HTTP/1.1 200 OK"
16:19:19 [INFO] HTTP Request: GET https://naiastats.prestosports.com/sports/mbkb/2025-26/boxscores/20260110_jo76.xml "HTTP/1.1 200 OK"
16:19:30 [INFO] HTTP Request: GET https://naiastats.prestosports.com/sports/mbkb/2025-26/boxscores/20260116_alb4.xml "HTTP/1.1 200 OK"
16:19:41 [INFO] HTTP Request: GET https://naiastats.prestosports.com/sports/mbkb/2025-26/boxscores/20260117_n4bl.xml "HTTP/1.1 200 OK"
16:19:52 [INFO] HTTP Request: GET https://naiastats.prestosports.com/sports/mbkb/2025-26/boxscores/20260120_f7by.xml "HTTP/1.1 200 OK"
16:20:03 [INFO] HTTP Request: GET https://naiastats.prestosports.com/sports/mbkb/2025-26/boxscores/20260122_clca.xml "HTTP/1.1 200 OK"
16:20:14 [INFO] HTTP Request: GET https://naiastats.prestosports.com/sports/mbkb/2025-26/boxscores/20260130_fj9y.xml "HTTP/1.1 200 OK"
16:20:25 [INFO] HTTP Request: GET https://naiastats.prestosports.com/sports/mbkb/2025-26/boxscores/20260131_4p58.xml "HTTP/1.1 200 OK"
16:20:37 [INFO] HTTP Request: GET https://naiastats.prestosports.com/sports/mbkb/2025-26/boxscores/20260206_d623.xml "HTTP/1.1 200 OK"
16:20:50 [INFO] HTTP Request: GET https://naiastats.prestosports.com/sports/mbkb/2025-26/boxscores/20260207_lxyd.xml "HTTP/1.1 200 OK"
16:21:00 [INFO] HTTP Request: GET https://naiastats.prestosports.com/sports/mbkb/2025-26/boxscores/20260213_4khp.xml "HTTP/1.1 200 OK"
16:21:11 [INFO] HTTP Request: GET https://naiastats.prestosports.com/sports/mbkb/2025-26/boxscores/20260214_rbq8.xml "HTTP/1.1 200 OK"
16:21:24 [INFO] HTTP Request: GET https://naiastats.prestosports.com/sports/mbkb/2025-26/boxscores/20260220_8uck.xml "HTTP/1.1 200 OK"
16:21:35 [INFO] HTTP Request: GET https://naiastats.prestosports.com/sports/mbkb/2025-26/boxscores/20260221_imw3.xml "HTTP/1.1 200 OK"
16:21:35 [INFO]   Loaded: 27 games, 626 player-game-stat rows
16:21:35 [INFO] 
============================================================
16:21:35 [INFO]   BATCH COMPLETE: 21 teams, 579 games, 13750 PGS rows
16:21:35 [INFO] ============================================================

============================================================
  BATCH (naia) — FINAL SUMMARY
============================================================
  Total teams discovered & scraped: 1500
  Total players in database:        16725
  Total games with box scores:      5799
  Total player_game_stats rows:     140492
  Total team_game_stats rows:       5469
  Total HTTP requests:              6367
  Failed URLs (in scrape_log):      51
============================================================
