14:37:09 [INFO] Batch: 10 NCAA D2 teams
14:37:09 [INFO] Fetching all D2 scoreboards for the season...
14:37:09 [INFO] HTTP Request: GET https://ncaa-api.henrygd.me/schedule-alt/basketball-men/d2/2026 "HTTP/1.1 200 OK"
14:37:09 [INFO] HTTP Request: GET https://ncaa-api.henrygd.me/schedule-alt/basketball-men/d2/2026 "200"
14:37:09 [INFO]   Found 113 game dates for d2
14:37:10 [INFO] HTTP Request: GET https://ncaa-api.henrygd.me/scoreboard/basketball-men/d2/2025/10/16 "HTTP/1.1 200 OK"
14:37:10 [INFO] HTTP Request: GET https://ncaa-api.henrygd.me/scoreboard/basketball-men/d2/2025/10/16 "200"
14:37:11 [INFO] HTTP Request: GET https://ncaa-api.henrygd.me/scoreboard/basketball-men/d2/2025/10/31 "HTTP/1.1 200 OK"
14:37:11 [INFO] HTTP Request: GET https://ncaa-api.henrygd.me/scoreboard/basketball-men/d2/2025/10/31 "200"
14:37:12 [INFO] HTTP Request: GET https://ncaa-api.henrygd.me/scoreboard/basketball-men/d2/2025/11/01 "HTTP/1.1 200 OK"
14:37:12 [INFO] HTTP Request: GET https://ncaa-api.henrygd.me/scoreboard/basketball-men/d2/2025/11/01 "200"
14:37:13 [INFO] HTTP Request: GET https://ncaa-api.henrygd.me/scoreboard/basketball-men/d2/2025/11/02 "HTTP/1.1 200 OK"
14:37:13 [INFO] HTTP Request: GET https://ncaa-api.henrygd.me/scoreboard/basketball-men/d2/2025/11/02 "200"
14:37:13 [INFO] HTTP Request: GET https://ncaa-api.henrygd.me/scoreboard/basketball-men/d2/2025/11/03 "HTTP/1.1 200 OK"
14:37:13 [INFO] HTTP Request: GET https://ncaa-api.henrygd.me/scoreboard/basketball-men/d2/2025/11/03 "200"
14:37:14 [INFO] HTTP Request: GET https://ncaa-api.henrygd.me/scoreboard/basketball-men/d2/2025/11/04 "HTTP/1.1 200 OK"
14:37:14 [INFO] HTTP Request: GET https://ncaa-api.henrygd.me/scoreboard/basketball-men/d2/2025/11/04 "200"
14:37:15 [INFO] HTTP Request: GET https://ncaa-api.henrygd.me/scoreboard/basketball-men/d2/2025/11/05 "HTTP/1.1 200 OK"
14:37:15 [INFO] HTTP Request: GET https://ncaa-api.henrygd.me/scoreboard/basketball-men/d2/2025/11/05 "200"
14:37:15 [INFO] HTTP Request: GET https://ncaa-api.henrygd.me/scoreboard/basketball-men/d2/2025/11/06 "HTTP/1.1 200 OK"
14:37:15 [INFO] HTTP Request: GET https://ncaa-api.henrygd.me/scoreboard/basketball-men/d2/2025/11/06 "200"
14:37:16 [INFO] HTTP Request: GET https://ncaa-api.henrygd.me/scoreboard/basketball-men/d2/2025/11/07 "HTTP/1.1 200 OK"
14:37:16 [INFO] HTTP Request: GET https://ncaa-api.henrygd.me/scoreboard/basketball-men/d2/2025/11/07 "200"
14:37:16 [INFO] HTTP Request: GET https://ncaa-api.henrygd.me/scoreboard/basketball-men/d2/2025/11/08 "HTTP/1.1 200 OK"
14:37:16 [INFO] HTTP Request: GET https://ncaa-api.henrygd.me/scoreboard/basketball-men/d2/2025/11/08 "200"
14:37:17 [INFO] HTTP Request: GET https://ncaa-api.henrygd.me/scoreboard/basketball-men/d2/2025/11/09 "HTTP/1.1 200 OK"
14:37:17 [INFO] HTTP Request: GET https://ncaa-api.henrygd.me/scoreboard/basketball-men/d2/2025/11/09 "200"
14:37:18 [INFO] HTTP Request: GET https://ncaa-api.henrygd.me/scoreboard/basketball-men/d2/2025/11/10 "HTTP/1.1 200 OK"
14:37:18 [INFO] HTTP Request: GET https://ncaa-api.henrygd.me/scoreboard/basketball-men/d2/2025/11/10 "200"
14:37:18 [INFO] HTTP Request: GET https://ncaa-api.henrygd.me/scoreboard/basketball-men/d2/2025/11/11 "HTTP/1.1 200 OK"
14:37:18 [INFO] HTTP Request: GET https://ncaa-api.henrygd.me/scoreboard/basketball-men/d2/2025/11/11 "200"
14:37:19 [INFO] HTTP Request: GET https://ncaa-api.henrygd.me/scoreboard/basketball-men/d2/2025/11/12 "HTTP/1.1 200 OK"
14:37:19 [INFO] HTTP Request: GET https://ncaa-api.henrygd.me/scoreboard/basketball-men/d2/2025/11/12 "200"
14:37:20 [INFO] HTTP Request: GET https://ncaa-api.henrygd.me/scoreboard/basketball-men/d2/2025/11/13 "HTTP/1.1 200 OK"
14:37:20 [INFO] HTTP Request: GET https://ncaa-api.henrygd.me/scoreboard/basketball-men/d2/2025/11/13 "200"
14:37:20 [INFO] HTTP Request: GET https://ncaa-api.henrygd.me/scoreboard/basketball-men/d2/2025/11/14 "HTTP/1.1 200 OK"
14:37:20 [INFO] HTTP Request: GET https://ncaa-api.henrygd.me/scoreboard/basketball-men/d2/2025/11/14 "200"
14:37:21 [INFO] HTTP Request: GET https://ncaa-api.henrygd.me/scoreboard/basketball-men/d2/2025/11/15 "HTTP/1.1 200 OK"
14:37:21 [INFO] HTTP Request: GET https://ncaa-api.henrygd.me/scoreboard/basketball-men/d2/2025/11/15 "200"
14:37:22 [INFO] HTTP Request: GET https://ncaa-api.henrygd.me/scoreboard/basketball-men/d2/2025/11/16 "HTTP/1.1 200 OK"
14:37:22 [INFO] HTTP Request: GET https://ncaa-api.henrygd.me/scoreboard/basketball-men/d2/2025/11/16 "200"
14:37:22 [INFO] HTTP Request: GET https://ncaa-api.henrygd.me/scoreboard/basketball-men/d2/2025/11/17 "HTTP/1.1 200 OK"
14:37:22 [INFO] HTTP Request: GET https://ncaa-api.henrygd.me/scoreboard/basketball-men/d2/2025/11/17 "200"
14:37:22 [INFO]   Fetching scoreboards: 20/113
14:37:23 [INFO] HTTP Request: GET https://ncaa-api.henrygd.me/scoreboard/basketball-men/d2/2025/11/18 "HTTP/1.1 200 OK"
14:37:23 [INFO] HTTP Request: GET https://ncaa-api.henrygd.me/scoreboard/basketball-men/d2/2025/11/18 "200"
14:37:24 [INFO] HTTP Request: GET https://ncaa-api.henrygd.me/scoreboard/basketball-men/d2/2025/11/19 "HTTP/1.1 200 OK"
14:37:24 [INFO] HTTP Request: GET https://ncaa-api.henrygd.me/scoreboard/basketball-men/d2/2025/11/19 "200"
14:37:24 [INFO] HTTP Request: GET https://ncaa-api.henrygd.me/scoreboard/basketball-men/d2/2025/11/20 "HTTP/1.1 200 OK"
14:37:24 [INFO] HTTP Request: GET https://ncaa-api.henrygd.me/scoreboard/basketball-men/d2/2025/11/20 "200"
14:37:25 [INFO] HTTP Request: GET https://ncaa-api.henrygd.me/scoreboard/basketball-men/d2/2025/11/21 "HTTP/1.1 200 OK"
14:37:25 [INFO] HTTP Request: GET https://ncaa-api.henrygd.me/scoreboard/basketball-men/d2/2025/11/21 "200"
14:37:26 [INFO] HTTP Request: GET https://ncaa-api.henrygd.me/scoreboard/basketball-men/d2/2025/11/22 "HTTP/1.1 200 OK"
14:37:26 [INFO] HTTP Request: GET https://ncaa-api.henrygd.me/scoreboard/basketball-men/d2/2025/11/22 "200"
14:37:26 [INFO] HTTP Request: GET https://ncaa-api.henrygd.me/scoreboard/basketball-men/d2/2025/11/23 "HTTP/1.1 200 OK"
14:37:26 [INFO] HTTP Request: GET https://ncaa-api.henrygd.me/scoreboard/basketball-men/d2/2025/11/23 "200"
14:37:27 [INFO] HTTP Request: GET https://ncaa-api.henrygd.me/scoreboard/basketball-men/d2/2025/11/24 "HTTP/1.1 200 OK"
14:37:27 [INFO] HTTP Request: GET https://ncaa-api.henrygd.me/scoreboard/basketball-men/d2/2025/11/24 "200"
14:37:28 [INFO] HTTP Request: GET https://ncaa-api.henrygd.me/scoreboard/basketball-men/d2/2025/11/25 "HTTP/1.1 200 OK"
14:37:28 [INFO] HTTP Request: GET https://ncaa-api.henrygd.me/scoreboard/basketball-men/d2/2025/11/25 "200"
14:37:28 [INFO] HTTP Request: GET https://ncaa-api.henrygd.me/scoreboard/basketball-men/d2/2025/11/26 "HTTP/1.1 200 OK"
14:37:28 [INFO] HTTP Request: GET https://ncaa-api.henrygd.me/scoreboard/basketball-men/d2/2025/11/26 "200"
14:37:29 [INFO] HTTP Request: GET https://ncaa-api.henrygd.me/scoreboard/basketball-men/d2/2025/11/28 "HTTP/1.1 200 OK"
14:37:29 [INFO] HTTP Request: GET https://ncaa-api.henrygd.me/scoreboard/basketball-men/d2/2025/11/28 "200"
14:37:30 [INFO] HTTP Request: GET https://ncaa-api.henrygd.me/scoreboard/basketball-men/d2/2025/11/29 "HTTP/1.1 200 OK"
14:37:30 [INFO] HTTP Request: GET https://ncaa-api.henrygd.me/scoreboard/basketball-men/d2/2025/11/29 "200"
14:37:31 [INFO] HTTP Request: GET https://ncaa-api.henrygd.me/scoreboard/basketball-men/d2/2025/11/30 "HTTP/1.1 200 OK"
14:37:31 [INFO] HTTP Request: GET https://ncaa-api.henrygd.me/scoreboard/basketball-men/d2/2025/11/30 "200"
14:37:31 [INFO] HTTP Request: GET https://ncaa-api.henrygd.me/scoreboard/basketball-men/d2/2025/12/01 "HTTP/1.1 200 OK"
14:37:31 [INFO] HTTP Request: GET https://ncaa-api.henrygd.me/scoreboard/basketball-men/d2/2025/12/01 "200"
14:37:32 [INFO] HTTP Request: GET https://ncaa-api.henrygd.me/scoreboard/basketball-men/d2/2025/12/02 "HTTP/1.1 200 OK"
14:37:32 [INFO] HTTP Request: GET https://ncaa-api.henrygd.me/scoreboard/basketball-men/d2/2025/12/02 "200"
14:37:32 [INFO] HTTP Request: GET https://ncaa-api.henrygd.me/scoreboard/basketball-men/d2/2025/12/03 "HTTP/1.1 200 OK"
14:37:32 [INFO] HTTP Request: GET https://ncaa-api.henrygd.me/scoreboard/basketball-men/d2/2025/12/03 "200"
14:37:33 [INFO] HTTP Request: GET https://ncaa-api.henrygd.me/scoreboard/basketball-men/d2/2025/12/04 "HTTP/1.1 200 OK"
14:37:33 [INFO] HTTP Request: GET https://ncaa-api.henrygd.me/scoreboard/basketball-men/d2/2025/12/04 "200"
14:37:34 [INFO] HTTP Request: GET https://ncaa-api.henrygd.me/scoreboard/basketball-men/d2/2025/12/05 "HTTP/1.1 200 OK"
14:37:34 [INFO] HTTP Request: GET https://ncaa-api.henrygd.me/scoreboard/basketball-men/d2/2025/12/05 "200"
14:37:35 [INFO] HTTP Request: GET https://ncaa-api.henrygd.me/scoreboard/basketball-men/d2/2025/12/06 "HTTP/1.1 200 OK"
14:37:35 [INFO] HTTP Request: GET https://ncaa-api.henrygd.me/scoreboard/basketball-men/d2/2025/12/06 "200"
14:37:35 [INFO] HTTP Request: GET https://ncaa-api.henrygd.me/scoreboard/basketball-men/d2/2025/12/07 "HTTP/1.1 200 OK"
14:37:35 [INFO] HTTP Request: GET https://ncaa-api.henrygd.me/scoreboard/basketball-men/d2/2025/12/07 "200"
14:37:36 [INFO] HTTP Request: GET https://ncaa-api.henrygd.me/scoreboard/basketball-men/d2/2025/12/08 "HTTP/1.1 200 OK"
14:37:36 [INFO] HTTP Request: GET https://ncaa-api.henrygd.me/scoreboard/basketball-men/d2/2025/12/08 "200"
14:37:36 [INFO]   Fetching scoreboards: 40/113
14:37:36 [INFO] HTTP Request: GET https://ncaa-api.henrygd.me/scoreboard/basketball-men/d2/2025/12/09 "HTTP/1.1 200 OK"
14:37:37 [INFO] HTTP Request: GET https://ncaa-api.henrygd.me/scoreboard/basketball-men/d2/2025/12/09 "200"
14:37:37 [INFO] HTTP Request: GET https://ncaa-api.henrygd.me/scoreboard/basketball-men/d2/2025/12/10 "HTTP/1.1 200 OK"
14:37:37 [INFO] HTTP Request: GET https://ncaa-api.henrygd.me/scoreboard/basketball-men/d2/2025/12/10 "200"
14:37:38 [INFO] HTTP Request: GET https://ncaa-api.henrygd.me/scoreboard/basketball-men/d2/2025/12/11 "HTTP/1.1 200 OK"
14:37:38 [INFO] HTTP Request: GET https://ncaa-api.henrygd.me/scoreboard/basketball-men/d2/2025/12/11 "200"
14:37:38 [INFO] HTTP Request: GET https://ncaa-api.henrygd.me/scoreboard/basketball-men/d2/2025/12/12 "HTTP/1.1 200 OK"
14:37:38 [INFO] HTTP Request: GET https://ncaa-api.henrygd.me/scoreboard/basketball-men/d2/2025/12/12 "200"
14:37:39 [INFO] HTTP Request: GET https://ncaa-api.henrygd.me/scoreboard/basketball-men/d2/2025/12/13 "HTTP/1.1 200 OK"
14:37:39 [INFO] HTTP Request: GET https://ncaa-api.henrygd.me/scoreboard/basketball-men/d2/2025/12/13 "200"
14:37:40 [INFO] HTTP Request: GET https://ncaa-api.henrygd.me/scoreboard/basketball-men/d2/2025/12/14 "HTTP/1.1 200 OK"
14:37:40 [INFO] HTTP Request: GET https://ncaa-api.henrygd.me/scoreboard/basketball-men/d2/2025/12/14 "200"
14:37:41 [INFO] HTTP Request: GET https://ncaa-api.henrygd.me/scoreboard/basketball-men/d2/2025/12/15 "HTTP/1.1 200 OK"
14:37:41 [INFO] HTTP Request: GET https://ncaa-api.henrygd.me/scoreboard/basketball-men/d2/2025/12/15 "200"
14:37:41 [INFO] HTTP Request: GET https://ncaa-api.henrygd.me/scoreboard/basketball-men/d2/2025/12/16 "HTTP/1.1 200 OK"
14:37:41 [INFO] HTTP Request: GET https://ncaa-api.henrygd.me/scoreboard/basketball-men/d2/2025/12/16 "200"
14:37:42 [INFO] HTTP Request: GET https://ncaa-api.henrygd.me/scoreboard/basketball-men/d2/2025/12/17 "HTTP/1.1 200 OK"
14:37:42 [INFO] HTTP Request: GET https://ncaa-api.henrygd.me/scoreboard/basketball-men/d2/2025/12/17 "200"
14:37:43 [INFO] HTTP Request: GET https://ncaa-api.henrygd.me/scoreboard/basketball-men/d2/2025/12/18 "HTTP/1.1 200 OK"
14:37:43 [INFO] HTTP Request: GET https://ncaa-api.henrygd.me/scoreboard/basketball-men/d2/2025/12/18 "200"
14:37:43 [INFO] HTTP Request: GET https://ncaa-api.henrygd.me/scoreboard/basketball-men/d2/2025/12/19 "HTTP/1.1 200 OK"
14:37:43 [INFO] HTTP Request: GET https://ncaa-api.henrygd.me/scoreboard/basketball-men/d2/2025/12/19 "200"
14:37:44 [INFO] HTTP Request: GET https://ncaa-api.henrygd.me/scoreboard/basketball-men/d2/2025/12/20 "HTTP/1.1 200 OK"
14:37:44 [INFO] HTTP Request: GET https://ncaa-api.henrygd.me/scoreboard/basketball-men/d2/2025/12/20 "200"
14:37:45 [INFO] HTTP Request: GET https://ncaa-api.henrygd.me/scoreboard/basketball-men/d2/2025/12/21 "HTTP/1.1 200 OK"
14:37:45 [INFO] HTTP Request: GET https://ncaa-api.henrygd.me/scoreboard/basketball-men/d2/2025/12/21 "200"
14:37:45 [INFO] HTTP Request: GET https://ncaa-api.henrygd.me/scoreboard/basketball-men/d2/2025/12/29 "HTTP/1.1 200 OK"
14:37:45 [INFO] HTTP Request: GET https://ncaa-api.henrygd.me/scoreboard/basketball-men/d2/2025/12/29 "200"
14:37:46 [INFO] HTTP Request: GET https://ncaa-api.henrygd.me/scoreboard/basketball-men/d2/2025/12/30 "HTTP/1.1 200 OK"
14:37:46 [INFO] HTTP Request: GET https://ncaa-api.henrygd.me/scoreboard/basketball-men/d2/2025/12/30 "200"
14:37:47 [INFO] HTTP Request: GET https://ncaa-api.henrygd.me/scoreboard/basketball-men/d2/2025/12/31 "HTTP/1.1 200 OK"
14:37:47 [INFO] HTTP Request: GET https://ncaa-api.henrygd.me/scoreboard/basketball-men/d2/2025/12/31 "200"
14:37:47 [INFO] HTTP Request: GET https://ncaa-api.henrygd.me/scoreboard/basketball-men/d2/2026/01/01 "HTTP/1.1 200 OK"
14:37:47 [INFO] HTTP Request: GET https://ncaa-api.henrygd.me/scoreboard/basketball-men/d2/2026/01/01 "200"
14:37:48 [INFO] HTTP Request: GET https://ncaa-api.henrygd.me/scoreboard/basketball-men/d2/2026/01/02 "HTTP/1.1 200 OK"
14:37:48 [INFO] HTTP Request: GET https://ncaa-api.henrygd.me/scoreboard/basketball-men/d2/2026/01/02 "200"
14:37:48 [INFO] HTTP Request: GET https://ncaa-api.henrygd.me/scoreboard/basketball-men/d2/2026/01/03 "HTTP/1.1 200 OK"
14:37:48 [INFO] HTTP Request: GET https://ncaa-api.henrygd.me/scoreboard/basketball-men/d2/2026/01/03 "200"
14:37:49 [INFO] HTTP Request: GET https://ncaa-api.henrygd.me/scoreboard/basketball-men/d2/2026/01/04 "HTTP/1.1 200 OK"
14:37:49 [INFO] HTTP Request: GET https://ncaa-api.henrygd.me/scoreboard/basketball-men/d2/2026/01/04 "200"
14:37:49 [INFO]   Fetching scoreboards: 60/113
14:37:49 [INFO] HTTP Request: GET https://ncaa-api.henrygd.me/scoreboard/basketball-men/d2/2026/01/05 "HTTP/1.1 200 OK"
14:37:49 [INFO] HTTP Request: GET https://ncaa-api.henrygd.me/scoreboard/basketball-men/d2/2026/01/05 "200"
14:37:50 [INFO] HTTP Request: GET https://ncaa-api.henrygd.me/scoreboard/basketball-men/d2/2026/01/06 "HTTP/1.1 200 OK"
14:37:50 [INFO] HTTP Request: GET https://ncaa-api.henrygd.me/scoreboard/basketball-men/d2/2026/01/06 "200"
14:37:51 [INFO] HTTP Request: GET https://ncaa-api.henrygd.me/scoreboard/basketball-men/d2/2026/01/07 "HTTP/1.1 200 OK"
14:37:51 [INFO] HTTP Request: GET https://ncaa-api.henrygd.me/scoreboard/basketball-men/d2/2026/01/07 "200"
14:37:51 [INFO] HTTP Request: GET https://ncaa-api.henrygd.me/scoreboard/basketball-men/d2/2026/01/08 "HTTP/1.1 200 OK"
14:37:51 [INFO] HTTP Request: GET https://ncaa-api.henrygd.me/scoreboard/basketball-men/d2/2026/01/08 "200"
14:37:52 [INFO] HTTP Request: GET https://ncaa-api.henrygd.me/scoreboard/basketball-men/d2/2026/01/09 "HTTP/1.1 200 OK"
14:37:52 [INFO] HTTP Request: GET https://ncaa-api.henrygd.me/scoreboard/basketball-men/d2/2026/01/09 "200"
14:37:53 [INFO] HTTP Request: GET https://ncaa-api.henrygd.me/scoreboard/basketball-men/d2/2026/01/10 "HTTP/1.1 200 OK"
14:37:53 [INFO] HTTP Request: GET https://ncaa-api.henrygd.me/scoreboard/basketball-men/d2/2026/01/10 "200"
14:37:53 [INFO] HTTP Request: GET https://ncaa-api.henrygd.me/scoreboard/basketball-men/d2/2026/01/11 "HTTP/1.1 200 OK"
14:37:53 [INFO] HTTP Request: GET https://ncaa-api.henrygd.me/scoreboard/basketball-men/d2/2026/01/11 "200"
14:37:54 [INFO] HTTP Request: GET https://ncaa-api.henrygd.me/scoreboard/basketball-men/d2/2026/01/12 "HTTP/1.1 200 OK"
14:37:54 [INFO] HTTP Request: GET https://ncaa-api.henrygd.me/scoreboard/basketball-men/d2/2026/01/12 "200"
14:37:55 [INFO] HTTP Request: GET https://ncaa-api.henrygd.me/scoreboard/basketball-men/d2/2026/01/13 "HTTP/1.1 200 OK"
14:37:55 [INFO] HTTP Request: GET https://ncaa-api.henrygd.me/scoreboard/basketball-men/d2/2026/01/13 "200"
14:37:55 [INFO] HTTP Request: GET https://ncaa-api.henrygd.me/scoreboard/basketball-men/d2/2026/01/14 "HTTP/1.1 200 OK"
14:37:55 [INFO] HTTP Request: GET https://ncaa-api.henrygd.me/scoreboard/basketball-men/d2/2026/01/14 "200"
14:37:56 [INFO] HTTP Request: GET https://ncaa-api.henrygd.me/scoreboard/basketball-men/d2/2026/01/15 "HTTP/1.1 200 OK"
14:37:56 [INFO] HTTP Request: GET https://ncaa-api.henrygd.me/scoreboard/basketball-men/d2/2026/01/15 "200"
14:37:57 [INFO] HTTP Request: GET https://ncaa-api.henrygd.me/scoreboard/basketball-men/d2/2026/01/16 "HTTP/1.1 200 OK"
14:37:57 [INFO] HTTP Request: GET https://ncaa-api.henrygd.me/scoreboard/basketball-men/d2/2026/01/16 "200"
14:37:57 [INFO] HTTP Request: GET https://ncaa-api.henrygd.me/scoreboard/basketball-men/d2/2026/01/17 "HTTP/1.1 200 OK"
14:37:57 [INFO] HTTP Request: GET https://ncaa-api.henrygd.me/scoreboard/basketball-men/d2/2026/01/17 "200"
14:37:58 [INFO] HTTP Request: GET https://ncaa-api.henrygd.me/scoreboard/basketball-men/d2/2026/01/18 "HTTP/1.1 200 OK"
14:37:58 [INFO] HTTP Request: GET https://ncaa-api.henrygd.me/scoreboard/basketball-men/d2/2026/01/18 "200"
14:37:59 [INFO] HTTP Request: GET https://ncaa-api.henrygd.me/scoreboard/basketball-men/d2/2026/01/19 "HTTP/1.1 200 OK"
14:37:59 [INFO] HTTP Request: GET https://ncaa-api.henrygd.me/scoreboard/basketball-men/d2/2026/01/19 "200"
14:37:59 [INFO] HTTP Request: GET https://ncaa-api.henrygd.me/scoreboard/basketball-men/d2/2026/01/20 "HTTP/1.1 200 OK"
14:37:59 [INFO] HTTP Request: GET https://ncaa-api.henrygd.me/scoreboard/basketball-men/d2/2026/01/20 "200"
14:38:00 [INFO] HTTP Request: GET https://ncaa-api.henrygd.me/scoreboard/basketball-men/d2/2026/01/21 "HTTP/1.1 200 OK"
14:38:00 [INFO] HTTP Request: GET https://ncaa-api.henrygd.me/scoreboard/basketball-men/d2/2026/01/21 "200"
14:38:01 [INFO] HTTP Request: GET https://ncaa-api.henrygd.me/scoreboard/basketball-men/d2/2026/01/22 "HTTP/1.1 200 OK"
14:38:01 [INFO] HTTP Request: GET https://ncaa-api.henrygd.me/scoreboard/basketball-men/d2/2026/01/22 "200"
14:38:02 [INFO] HTTP Request: GET https://ncaa-api.henrygd.me/scoreboard/basketball-men/d2/2026/01/23 "HTTP/1.1 200 OK"
14:38:02 [INFO] HTTP Request: GET https://ncaa-api.henrygd.me/scoreboard/basketball-men/d2/2026/01/23 "200"
14:38:02 [INFO] HTTP Request: GET https://ncaa-api.henrygd.me/scoreboard/basketball-men/d2/2026/01/24 "HTTP/1.1 200 OK"
14:38:02 [INFO] HTTP Request: GET https://ncaa-api.henrygd.me/scoreboard/basketball-men/d2/2026/01/24 "200"
14:38:02 [INFO]   Fetching scoreboards: 80/113
14:38:03 [INFO] HTTP Request: GET https://ncaa-api.henrygd.me/scoreboard/basketball-men/d2/2026/01/26 "HTTP/1.1 200 OK"
14:38:03 [INFO] HTTP Request: GET https://ncaa-api.henrygd.me/scoreboard/basketball-men/d2/2026/01/26 "200"
14:38:04 [INFO] HTTP Request: GET https://ncaa-api.henrygd.me/scoreboard/basketball-men/d2/2026/01/27 "HTTP/1.1 200 OK"
14:38:04 [INFO] HTTP Request: GET https://ncaa-api.henrygd.me/scoreboard/basketball-men/d2/2026/01/27 "200"
14:38:04 [INFO] HTTP Request: GET https://ncaa-api.henrygd.me/scoreboard/basketball-men/d2/2026/01/28 "HTTP/1.1 200 OK"
14:38:04 [INFO] HTTP Request: GET https://ncaa-api.henrygd.me/scoreboard/basketball-men/d2/2026/01/28 "200"
14:38:06 [INFO] HTTP Request: GET https://ncaa-api.henrygd.me/scoreboard/basketball-men/d2/2026/01/29 "HTTP/1.1 200 OK"
14:38:06 [INFO] HTTP Request: GET https://ncaa-api.henrygd.me/scoreboard/basketball-men/d2/2026/01/29 "200"
14:38:06 [INFO] HTTP Request: GET https://ncaa-api.henrygd.me/scoreboard/basketball-men/d2/2026/01/30 "HTTP/1.1 200 OK"
14:38:06 [INFO] HTTP Request: GET https://ncaa-api.henrygd.me/scoreboard/basketball-men/d2/2026/01/30 "200"
14:38:07 [INFO] HTTP Request: GET https://ncaa-api.henrygd.me/scoreboard/basketball-men/d2/2026/01/31 "HTTP/1.1 200 OK"
14:38:07 [INFO] HTTP Request: GET https://ncaa-api.henrygd.me/scoreboard/basketball-men/d2/2026/01/31 "200"
14:38:08 [INFO] HTTP Request: GET https://ncaa-api.henrygd.me/scoreboard/basketball-men/d2/2026/02/02 "HTTP/1.1 200 OK"
14:38:08 [INFO] HTTP Request: GET https://ncaa-api.henrygd.me/scoreboard/basketball-men/d2/2026/02/02 "200"
14:38:08 [INFO] HTTP Request: GET https://ncaa-api.henrygd.me/scoreboard/basketball-men/d2/2026/02/03 "HTTP/1.1 200 OK"
14:38:08 [INFO] HTTP Request: GET https://ncaa-api.henrygd.me/scoreboard/basketball-men/d2/2026/02/03 "200"
14:38:09 [INFO] HTTP Request: GET https://ncaa-api.henrygd.me/scoreboard/basketball-men/d2/2026/02/04 "HTTP/1.1 200 OK"
14:38:09 [INFO] HTTP Request: GET https://ncaa-api.henrygd.me/scoreboard/basketball-men/d2/2026/02/04 "200"
14:38:10 [INFO] HTTP Request: GET https://ncaa-api.henrygd.me/scoreboard/basketball-men/d2/2026/02/05 "HTTP/1.1 200 OK"
14:38:10 [INFO] HTTP Request: GET https://ncaa-api.henrygd.me/scoreboard/basketball-men/d2/2026/02/05 "200"
14:38:11 [INFO] HTTP Request: GET https://ncaa-api.henrygd.me/scoreboard/basketball-men/d2/2026/02/06 "HTTP/1.1 200 OK"
14:38:11 [INFO] HTTP Request: GET https://ncaa-api.henrygd.me/scoreboard/basketball-men/d2/2026/02/06 "200"
14:38:12 [INFO] HTTP Request: GET https://ncaa-api.henrygd.me/scoreboard/basketball-men/d2/2026/02/07 "HTTP/1.1 200 OK"
14:38:12 [INFO] HTTP Request: GET https://ncaa-api.henrygd.me/scoreboard/basketball-men/d2/2026/02/07 "200"
14:38:12 [INFO] HTTP Request: GET https://ncaa-api.henrygd.me/scoreboard/basketball-men/d2/2026/02/08 "HTTP/1.1 200 OK"
14:38:12 [INFO] HTTP Request: GET https://ncaa-api.henrygd.me/scoreboard/basketball-men/d2/2026/02/08 "200"
14:38:13 [INFO] HTTP Request: GET https://ncaa-api.henrygd.me/scoreboard/basketball-men/d2/2026/02/09 "HTTP/1.1 200 OK"
14:38:13 [INFO] HTTP Request: GET https://ncaa-api.henrygd.me/scoreboard/basketball-men/d2/2026/02/09 "200"
14:38:14 [INFO] HTTP Request: GET https://ncaa-api.henrygd.me/scoreboard/basketball-men/d2/2026/02/10 "HTTP/1.1 200 OK"
14:38:14 [INFO] HTTP Request: GET https://ncaa-api.henrygd.me/scoreboard/basketball-men/d2/2026/02/10 "200"
14:38:15 [INFO] HTTP Request: GET https://ncaa-api.henrygd.me/scoreboard/basketball-men/d2/2026/02/11 "HTTP/1.1 200 OK"
14:38:15 [INFO] HTTP Request: GET https://ncaa-api.henrygd.me/scoreboard/basketball-men/d2/2026/02/11 "200"
14:38:15 [INFO] HTTP Request: GET https://ncaa-api.henrygd.me/scoreboard/basketball-men/d2/2026/02/12 "HTTP/1.1 200 OK"
14:38:15 [INFO] HTTP Request: GET https://ncaa-api.henrygd.me/scoreboard/basketball-men/d2/2026/02/12 "200"
14:38:16 [INFO] HTTP Request: GET https://ncaa-api.henrygd.me/scoreboard/basketball-men/d2/2026/02/13 "HTTP/1.1 200 OK"
14:38:16 [INFO] HTTP Request: GET https://ncaa-api.henrygd.me/scoreboard/basketball-men/d2/2026/02/13 "200"
14:38:17 [INFO] HTTP Request: GET https://ncaa-api.henrygd.me/scoreboard/basketball-men/d2/2026/02/14 "HTTP/1.1 200 OK"
14:38:17 [INFO] HTTP Request: GET https://ncaa-api.henrygd.me/scoreboard/basketball-men/d2/2026/02/14 "200"
14:38:18 [INFO] HTTP Request: GET https://ncaa-api.henrygd.me/scoreboard/basketball-men/d2/2026/02/15 "HTTP/1.1 200 OK"
14:38:18 [INFO] HTTP Request: GET https://ncaa-api.henrygd.me/scoreboard/basketball-men/d2/2026/02/15 "200"
14:38:18 [INFO]   Fetching scoreboards: 100/113
14:38:18 [INFO] HTTP Request: GET https://ncaa-api.henrygd.me/scoreboard/basketball-men/d2/2026/02/16 "HTTP/1.1 200 OK"
14:38:18 [INFO] HTTP Request: GET https://ncaa-api.henrygd.me/scoreboard/basketball-men/d2/2026/02/16 "200"
14:38:19 [INFO] HTTP Request: GET https://ncaa-api.henrygd.me/scoreboard/basketball-men/d2/2026/02/17 "HTTP/1.1 200 OK"
14:38:19 [INFO] HTTP Request: GET https://ncaa-api.henrygd.me/scoreboard/basketball-men/d2/2026/02/17 "200"
14:38:19 [INFO] HTTP Request: GET https://ncaa-api.henrygd.me/scoreboard/basketball-men/d2/2026/02/18 "HTTP/1.1 200 OK"
14:38:20 [INFO] HTTP Request: GET https://ncaa-api.henrygd.me/scoreboard/basketball-men/d2/2026/02/18 "200"
14:38:20 [INFO] HTTP Request: GET https://ncaa-api.henrygd.me/scoreboard/basketball-men/d2/2026/02/19 "HTTP/1.1 200 OK"
14:38:20 [INFO] HTTP Request: GET https://ncaa-api.henrygd.me/scoreboard/basketball-men/d2/2026/02/19 "200"
14:38:21 [INFO] HTTP Request: GET https://ncaa-api.henrygd.me/scoreboard/basketball-men/d2/2026/02/20 "HTTP/1.1 200 OK"
14:38:21 [INFO] HTTP Request: GET https://ncaa-api.henrygd.me/scoreboard/basketball-men/d2/2026/02/20 "200"
14:38:22 [INFO] HTTP Request: GET https://ncaa-api.henrygd.me/scoreboard/basketball-men/d2/2026/02/21 "HTTP/1.1 200 OK"
14:38:22 [INFO] HTTP Request: GET https://ncaa-api.henrygd.me/scoreboard/basketball-men/d2/2026/02/21 "200"
14:38:22 [INFO] HTTP Request: GET https://ncaa-api.henrygd.me/scoreboard/basketball-men/d2/2026/02/22 "HTTP/1.1 200 OK"
14:38:22 [INFO] HTTP Request: GET https://ncaa-api.henrygd.me/scoreboard/basketball-men/d2/2026/02/22 "200"
14:38:23 [INFO] HTTP Request: GET https://ncaa-api.henrygd.me/scoreboard/basketball-men/d2/2026/02/23 "HTTP/1.1 200 OK"
14:38:23 [INFO] HTTP Request: GET https://ncaa-api.henrygd.me/scoreboard/basketball-men/d2/2026/02/23 "200"
14:38:23 [INFO] HTTP Request: GET https://ncaa-api.henrygd.me/scoreboard/basketball-men/d2/2026/02/24 "HTTP/1.1 200 OK"
14:38:23 [INFO] HTTP Request: GET https://ncaa-api.henrygd.me/scoreboard/basketball-men/d2/2026/02/24 "200"
14:38:24 [INFO] HTTP Request: GET https://ncaa-api.henrygd.me/scoreboard/basketball-men/d2/2026/02/25 "HTTP/1.1 200 OK"
14:38:24 [INFO] HTTP Request: GET https://ncaa-api.henrygd.me/scoreboard/basketball-men/d2/2026/02/25 "200"
14:38:24 [INFO] HTTP Request: GET https://ncaa-api.henrygd.me/scoreboard/basketball-men/d2/2026/02/26 "HTTP/1.1 200 OK"
14:38:24 [INFO] HTTP Request: GET https://ncaa-api.henrygd.me/scoreboard/basketball-men/d2/2026/02/26 "200"
14:38:25 [INFO] HTTP Request: GET https://ncaa-api.henrygd.me/scoreboard/basketball-men/d2/2026/02/27 "HTTP/1.1 200 OK"
14:38:25 [INFO] HTTP Request: GET https://ncaa-api.henrygd.me/scoreboard/basketball-men/d2/2026/02/27 "200"
14:38:25 [INFO] HTTP Request: GET https://ncaa-api.henrygd.me/scoreboard/basketball-men/d2/2026/02/28 "HTTP/1.1 200 OK"
14:38:26 [INFO] HTTP Request: GET https://ncaa-api.henrygd.me/scoreboard/basketball-men/d2/2026/02/28 "200"
14:38:26 [INFO] HTTP Request: GET https://ncaa-api.henrygd.me/scoreboard/basketball-men/d2/2026/03/01 "HTTP/1.1 200 OK"
14:38:26 [INFO] HTTP Request: GET https://ncaa-api.henrygd.me/scoreboard/basketball-men/d2/2026/03/01 "200"
14:38:26 [INFO]   Cached 113 scoreboards with 4378 total games
14:38:26 [INFO] 
[1/10] California (Pennsylvania)
14:38:26 [INFO] Scraping team: California (Pennsylvania) (california-pa)
14:38:26 [INFO]   Schedule: 25 completed games
14:38:27 [INFO] HTTP Request: GET https://ncaa-api.henrygd.me/game/6508462/boxscore "HTTP/1.1 200 OK"
14:38:27 [INFO] HTTP Request: GET https://ncaa-api.henrygd.me/game/6508462/boxscore "200"
14:38:28 [INFO] HTTP Request: GET https://ncaa-api.henrygd.me/game/6508788/boxscore "HTTP/1.1 200 OK"
14:38:28 [INFO] HTTP Request: GET https://ncaa-api.henrygd.me/game/6508788/boxscore "200"
14:38:29 [INFO] HTTP Request: GET https://ncaa-api.henrygd.me/game/6508787/boxscore "HTTP/1.1 200 OK"
14:38:29 [INFO] HTTP Request: GET https://ncaa-api.henrygd.me/game/6508787/boxscore "200"
14:38:30 [INFO] HTTP Request: GET https://ncaa-api.henrygd.me/game/6508786/boxscore "HTTP/1.1 200 OK"
14:38:30 [INFO] HTTP Request: GET https://ncaa-api.henrygd.me/game/6508786/boxscore "200"
14:38:30 [INFO] HTTP Request: GET https://ncaa-api.henrygd.me/game/6506484/boxscore "HTTP/1.1 200 OK"
14:38:30 [INFO] HTTP Request: GET https://ncaa-api.henrygd.me/game/6506484/boxscore "200"
14:38:31 [INFO] HTTP Request: GET https://ncaa-api.henrygd.me/game/6507432/boxscore "HTTP/1.1 200 OK"
14:38:31 [INFO] HTTP Request: GET https://ncaa-api.henrygd.me/game/6507432/boxscore "200"
14:38:32 [INFO] HTTP Request: GET https://ncaa-api.henrygd.me/game/6508785/boxscore "HTTP/1.1 200 OK"
14:38:32 [INFO] HTTP Request: GET https://ncaa-api.henrygd.me/game/6508785/boxscore "200"
14:38:33 [INFO] HTTP Request: GET https://ncaa-api.henrygd.me/game/6506925/boxscore "HTTP/1.1 200 OK"
14:38:33 [INFO] HTTP Request: GET https://ncaa-api.henrygd.me/game/6506925/boxscore "200"
14:38:34 [INFO] HTTP Request: GET https://ncaa-api.henrygd.me/game/6506777/boxscore "HTTP/1.1 200 OK"
14:38:34 [INFO] HTTP Request: GET https://ncaa-api.henrygd.me/game/6506777/boxscore "200"
14:38:35 [INFO] HTTP Request: GET https://ncaa-api.henrygd.me/game/6508784/boxscore "HTTP/1.1 200 OK"
14:38:35 [INFO] HTTP Request: GET https://ncaa-api.henrygd.me/game/6508784/boxscore "200"
14:38:36 [INFO] HTTP Request: GET https://ncaa-api.henrygd.me/game/6508783/boxscore "HTTP/1.1 200 OK"
14:38:36 [INFO] HTTP Request: GET https://ncaa-api.henrygd.me/game/6508783/boxscore "200"
14:38:37 [INFO] HTTP Request: GET https://ncaa-api.henrygd.me/game/6508782/boxscore "HTTP/1.1 200 OK"
14:38:37 [INFO] HTTP Request: GET https://ncaa-api.henrygd.me/game/6508782/boxscore "200"
14:38:37 [INFO] HTTP Request: GET https://ncaa-api.henrygd.me/game/6508781/boxscore "HTTP/1.1 200 OK"
14:38:37 [INFO] HTTP Request: GET https://ncaa-api.henrygd.me/game/6508781/boxscore "200"
14:38:38 [INFO] HTTP Request: GET https://ncaa-api.henrygd.me/game/6508780/boxscore "HTTP/1.1 200 OK"
14:38:38 [INFO] HTTP Request: GET https://ncaa-api.henrygd.me/game/6508780/boxscore "200"
14:38:39 [INFO] HTTP Request: GET https://ncaa-api.henrygd.me/game/6508779/boxscore "HTTP/1.1 200 OK"
14:38:39 [INFO] HTTP Request: GET https://ncaa-api.henrygd.me/game/6508779/boxscore "200"
14:38:40 [INFO] HTTP Request: GET https://ncaa-api.henrygd.me/game/6508778/boxscore "HTTP/1.1 200 OK"
14:38:40 [INFO] HTTP Request: GET https://ncaa-api.henrygd.me/game/6508778/boxscore "200"
14:38:41 [INFO] HTTP Request: GET https://ncaa-api.henrygd.me/game/6508777/boxscore "HTTP/1.1 200 OK"
14:38:41 [INFO] HTTP Request: GET https://ncaa-api.henrygd.me/game/6508777/boxscore "200"
14:38:42 [INFO] HTTP Request: GET https://ncaa-api.henrygd.me/game/6508332/boxscore "HTTP/1.1 200 OK"
14:38:42 [INFO] HTTP Request: GET https://ncaa-api.henrygd.me/game/6508332/boxscore "200"
14:38:43 [INFO] HTTP Request: GET https://ncaa-api.henrygd.me/game/6508776/boxscore "HTTP/1.1 200 OK"
14:38:43 [INFO] HTTP Request: GET https://ncaa-api.henrygd.me/game/6508776/boxscore "200"
14:38:44 [INFO] HTTP Request: GET https://ncaa-api.henrygd.me/game/6508775/boxscore "HTTP/1.1 200 OK"
14:38:44 [INFO] HTTP Request: GET https://ncaa-api.henrygd.me/game/6508775/boxscore "200"
14:38:45 [INFO] HTTP Request: GET https://ncaa-api.henrygd.me/game/6508773/boxscore "HTTP/1.1 200 OK"
14:38:45 [INFO] HTTP Request: GET https://ncaa-api.henrygd.me/game/6508773/boxscore "200"
14:38:46 [INFO] HTTP Request: GET https://ncaa-api.henrygd.me/game/6508772/boxscore "HTTP/1.1 200 OK"
14:38:46 [INFO] HTTP Request: GET https://ncaa-api.henrygd.me/game/6508772/boxscore "200"
14:38:46 [INFO] HTTP Request: GET https://ncaa-api.henrygd.me/game/6508771/boxscore "HTTP/1.1 200 OK"
14:38:46 [INFO] HTTP Request: GET https://ncaa-api.henrygd.me/game/6508771/boxscore "200"
14:38:47 [INFO] HTTP Request: GET https://ncaa-api.henrygd.me/game/6507816/boxscore "HTTP/1.1 200 OK"
14:38:47 [INFO] HTTP Request: GET https://ncaa-api.henrygd.me/game/6507816/boxscore "200"
14:38:48 [INFO] HTTP Request: GET https://ncaa-api.henrygd.me/game/6508770/boxscore "HTTP/1.1 200 OK"
14:38:48 [INFO] HTTP Request: GET https://ncaa-api.henrygd.me/game/6508770/boxscore "200"
14:38:48 [INFO]   Loaded: 25 games, 507 player-game-stat rows
14:38:48 [INFO] 
[2/10] Charleston (West Virginia)
14:38:48 [INFO] Scraping team: Charleston (West Virginia) (charleston-wv)
14:38:48 [INFO]   Schedule: 25 completed games
14:38:49 [INFO] HTTP Request: GET https://ncaa-api.henrygd.me/game/6509239/boxscore "HTTP/1.1 200 OK"
14:38:49 [INFO] HTTP Request: GET https://ncaa-api.henrygd.me/game/6509239/boxscore "200"
14:38:50 [INFO] HTTP Request: GET https://ncaa-api.henrygd.me/game/6506907/boxscore "HTTP/1.1 200 OK"
14:38:50 [INFO] HTTP Request: GET https://ncaa-api.henrygd.me/game/6506907/boxscore "200"
14:38:50 [INFO] HTTP Request: GET https://ncaa-api.henrygd.me/game/6508787/boxscore "HTTP/1.1 200 OK"
14:38:50 [INFO] HTTP Request: GET https://ncaa-api.henrygd.me/game/6508787/boxscore "200"
14:38:51 [INFO] HTTP Request: GET https://ncaa-api.henrygd.me/game/6506483/boxscore "HTTP/1.1 200 OK"
14:38:51 [INFO] HTTP Request: GET https://ncaa-api.henrygd.me/game/6506483/boxscore "200"
14:38:52 [INFO] HTTP Request: GET https://ncaa-api.henrygd.me/game/6533682/boxscore "HTTP/1.1 200 OK"
14:38:52 [INFO] HTTP Request: GET https://ncaa-api.henrygd.me/game/6533682/boxscore "200"
14:38:52 [INFO] HTTP Request: GET https://ncaa-api.henrygd.me/game/6534452/boxscore "HTTP/1.1 200 OK"
14:38:52 [INFO] HTTP Request: GET https://ncaa-api.henrygd.me/game/6534452/boxscore "200"
14:38:53 [INFO] HTTP Request: GET https://ncaa-api.henrygd.me/game/6529652/boxscore "HTTP/1.1 200 OK"
14:38:53 [INFO] HTTP Request: GET https://ncaa-api.henrygd.me/game/6529652/boxscore "200"
14:38:54 [INFO] HTTP Request: GET https://ncaa-api.henrygd.me/game/6530498/boxscore "HTTP/1.1 200 OK"
14:38:54 [INFO] HTTP Request: GET https://ncaa-api.henrygd.me/game/6530498/boxscore "200"
14:38:55 [INFO] HTTP Request: GET https://ncaa-api.henrygd.me/game/6508465/boxscore "HTTP/1.1 200 OK"
14:38:55 [INFO] HTTP Request: GET https://ncaa-api.henrygd.me/game/6508465/boxscore "200"
14:38:56 [INFO] HTTP Request: GET https://ncaa-api.henrygd.me/game/6531491/boxscore "HTTP/1.1 200 OK"
14:38:56 [INFO] HTTP Request: GET https://ncaa-api.henrygd.me/game/6531491/boxscore "200"
14:38:57 [INFO] HTTP Request: GET https://ncaa-api.henrygd.me/game/6506953/boxscore "HTTP/1.1 200 OK"
14:38:57 [INFO] HTTP Request: GET https://ncaa-api.henrygd.me/game/6506953/boxscore "200"
14:38:57 [INFO] HTTP Request: GET https://ncaa-api.henrygd.me/game/6509689/boxscore "HTTP/1.1 200 OK"
14:38:57 [INFO] HTTP Request: GET https://ncaa-api.henrygd.me/game/6509689/boxscore "200"
14:38:58 [INFO] HTTP Request: GET https://ncaa-api.henrygd.me/game/6507053/boxscore "HTTP/1.1 200 OK"
14:38:58 [INFO] HTTP Request: GET https://ncaa-api.henrygd.me/game/6507053/boxscore "200"
14:38:59 [INFO] HTTP Request: GET https://ncaa-api.henrygd.me/game/6509377/boxscore "HTTP/1.1 200 OK"
14:38:59 [INFO] HTTP Request: GET https://ncaa-api.henrygd.me/game/6509377/boxscore "200"
14:39:00 [INFO] HTTP Request: GET https://ncaa-api.henrygd.me/game/6530812/boxscore "HTTP/1.1 200 OK"
14:39:00 [INFO] HTTP Request: GET https://ncaa-api.henrygd.me/game/6530812/boxscore "200"
14:39:01 [INFO] HTTP Request: GET https://ncaa-api.henrygd.me/game/6529657/boxscore "HTTP/1.1 200 OK"
14:39:01 [INFO] HTTP Request: GET https://ncaa-api.henrygd.me/game/6529657/boxscore "200"
14:39:01 [INFO] HTTP Request: GET https://ncaa-api.henrygd.me/game/6507544/boxscore "HTTP/1.1 200 OK"
14:39:01 [INFO] HTTP Request: GET https://ncaa-api.henrygd.me/game/6507544/boxscore "200"
14:39:02 [INFO] HTTP Request: GET https://ncaa-api.henrygd.me/game/6508473/boxscore "HTTP/1.1 200 OK"
14:39:02 [INFO] HTTP Request: GET https://ncaa-api.henrygd.me/game/6508473/boxscore "200"
14:39:03 [INFO] HTTP Request: GET https://ncaa-api.henrygd.me/game/6530509/boxscore "HTTP/1.1 200 OK"
14:39:03 [INFO] HTTP Request: GET https://ncaa-api.henrygd.me/game/6530509/boxscore "200"
14:39:04 [INFO] HTTP Request: GET https://ncaa-api.henrygd.me/game/6589147/boxscore "HTTP/1.1 200 OK"
14:39:04 [INFO] HTTP Request: GET https://ncaa-api.henrygd.me/game/6589147/boxscore "200"
14:39:05 [INFO] HTTP Request: GET https://ncaa-api.henrygd.me/game/6531493/boxscore "HTTP/1.1 200 OK"
14:39:05 [INFO] HTTP Request: GET https://ncaa-api.henrygd.me/game/6531493/boxscore "200"
14:39:06 [INFO] HTTP Request: GET https://ncaa-api.henrygd.me/game/6507061/boxscore "HTTP/1.1 200 OK"
14:39:06 [INFO] HTTP Request: GET https://ncaa-api.henrygd.me/game/6507061/boxscore "200"
14:39:07 [INFO] HTTP Request: GET https://ncaa-api.henrygd.me/game/6531179/boxscore "HTTP/1.1 200 OK"
14:39:07 [INFO] HTTP Request: GET https://ncaa-api.henrygd.me/game/6531179/boxscore "200"
14:39:07 [INFO] HTTP Request: GET https://ncaa-api.henrygd.me/game/6509388/boxscore "HTTP/1.1 200 OK"
14:39:07 [INFO] HTTP Request: GET https://ncaa-api.henrygd.me/game/6509388/boxscore "200"
14:39:08 [INFO] HTTP Request: GET https://ncaa-api.henrygd.me/game/6530816/boxscore "HTTP/1.1 200 OK"
14:39:08 [INFO] HTTP Request: GET https://ncaa-api.henrygd.me/game/6530816/boxscore "200"
14:39:08 [INFO]   Loaded: 25 games, 489 player-game-stat rows
14:39:08 [INFO] 
[3/10] East Stroudsburg
14:39:08 [INFO] Scraping team: East Stroudsburg (east-stroudsburg)
14:39:08 [INFO]   Schedule: 26 completed games
14:39:09 [INFO] HTTP Request: GET https://ncaa-api.henrygd.me/game/6509099/boxscore "HTTP/1.1 200 OK"
14:39:09 [INFO] HTTP Request: GET https://ncaa-api.henrygd.me/game/6509099/boxscore "200"
14:39:10 [INFO] HTTP Request: GET https://ncaa-api.henrygd.me/game/6509934/boxscore "HTTP/1.1 200 OK"
14:39:10 [INFO] HTTP Request: GET https://ncaa-api.henrygd.me/game/6509934/boxscore "200"
14:39:11 [INFO] HTTP Request: GET https://ncaa-api.henrygd.me/game/6531265/boxscore "HTTP/1.1 200 OK"
14:39:11 [INFO] HTTP Request: GET https://ncaa-api.henrygd.me/game/6531265/boxscore "200"
14:39:12 [INFO] HTTP Request: GET https://ncaa-api.henrygd.me/game/6508184/boxscore "HTTP/1.1 200 OK"
14:39:12 [INFO] HTTP Request: GET https://ncaa-api.henrygd.me/game/6508184/boxscore "200"
14:39:13 [INFO] HTTP Request: GET https://ncaa-api.henrygd.me/game/6506790/boxscore "HTTP/1.1 200 OK"
14:39:13 [INFO] HTTP Request: GET https://ncaa-api.henrygd.me/game/6506790/boxscore "200"
14:39:14 [INFO] HTTP Request: GET https://ncaa-api.henrygd.me/game/6509916/boxscore "HTTP/1.1 200 OK"
14:39:14 [INFO] HTTP Request: GET https://ncaa-api.henrygd.me/game/6509916/boxscore "200"
14:39:14 [INFO] HTTP Request: GET https://ncaa-api.henrygd.me/game/6531152/boxscore "HTTP/1.1 200 OK"
14:39:14 [INFO] HTTP Request: GET https://ncaa-api.henrygd.me/game/6531152/boxscore "200"
14:39:16 [INFO] HTTP Request: GET https://ncaa-api.henrygd.me/game/6509699/boxscore "HTTP/1.1 200 OK"
14:39:16 [INFO] HTTP Request: GET https://ncaa-api.henrygd.me/game/6509699/boxscore "200"
14:39:16 [INFO] HTTP Request: GET https://ncaa-api.henrygd.me/game/6534753/boxscore "HTTP/1.1 200 OK"
14:39:16 [INFO] HTTP Request: GET https://ncaa-api.henrygd.me/game/6534753/boxscore "200"
14:39:17 [INFO] HTTP Request: GET https://ncaa-api.henrygd.me/game/6508797/boxscore "HTTP/1.1 200 OK"
14:39:17 [INFO] HTTP Request: GET https://ncaa-api.henrygd.me/game/6508797/boxscore "200"
14:39:17 [INFO] HTTP Request: GET https://ncaa-api.henrygd.me/game/6508782/boxscore "HTTP/1.1 200 OK"
14:39:17 [INFO] HTTP Request: GET https://ncaa-api.henrygd.me/game/6508782/boxscore "200"
14:39:18 [INFO] HTTP Request: GET https://ncaa-api.henrygd.me/game/6508328/boxscore "HTTP/1.1 200 OK"
14:39:18 [INFO] HTTP Request: GET https://ncaa-api.henrygd.me/game/6508328/boxscore "200"
14:39:19 [INFO] HTTP Request: GET https://ncaa-api.henrygd.me/game/6506913/boxscore "HTTP/1.1 200 OK"
14:39:19 [INFO] HTTP Request: GET https://ncaa-api.henrygd.me/game/6506913/boxscore "200"
14:39:20 [INFO] HTTP Request: GET https://ncaa-api.henrygd.me/game/6537776/boxscore "HTTP/1.1 200 OK"
14:39:20 [INFO] HTTP Request: GET https://ncaa-api.henrygd.me/game/6537776/boxscore "200"
14:39:21 [INFO] HTTP Request: GET https://ncaa-api.henrygd.me/game/6531731/boxscore "HTTP/1.1 200 OK"
14:39:21 [INFO] HTTP Request: GET https://ncaa-api.henrygd.me/game/6531731/boxscore "200"
14:39:21 [INFO] HTTP Request: GET https://ncaa-api.henrygd.me/game/6509268/boxscore "HTTP/1.1 200 OK"
14:39:21 [INFO] HTTP Request: GET https://ncaa-api.henrygd.me/game/6509268/boxscore "200"
14:39:22 [INFO] HTTP Request: GET https://ncaa-api.henrygd.me/game/6506791/boxscore "HTTP/1.1 200 OK"
14:39:22 [INFO] HTTP Request: GET https://ncaa-api.henrygd.me/game/6506791/boxscore "200"
14:39:23 [INFO] HTTP Request: GET https://ncaa-api.henrygd.me/game/6530725/boxscore "HTTP/1.1 200 OK"
14:39:23 [INFO] HTTP Request: GET https://ncaa-api.henrygd.me/game/6530725/boxscore "200"
14:39:24 [INFO] HTTP Request: GET https://ncaa-api.henrygd.me/game/6534022/boxscore "HTTP/1.1 200 OK"
14:39:24 [INFO] HTTP Request: GET https://ncaa-api.henrygd.me/game/6534022/boxscore "200"
14:39:25 [INFO] HTTP Request: GET https://ncaa-api.henrygd.me/game/6508823/boxscore "HTTP/1.1 200 OK"
14:39:25 [INFO] HTTP Request: GET https://ncaa-api.henrygd.me/game/6508823/boxscore "200"
14:39:30 [INFO] HTTP Request: GET https://ncaa-api.henrygd.me/game/6537798/boxscore "HTTP/1.1 200 OK"
14:39:30 [INFO] HTTP Request: GET https://ncaa-api.henrygd.me/game/6537798/boxscore "200"
14:39:31 [INFO] HTTP Request: GET https://ncaa-api.henrygd.me/game/6531734/boxscore "HTTP/1.1 200 OK"
14:39:31 [INFO] HTTP Request: GET https://ncaa-api.henrygd.me/game/6531734/boxscore "200"
14:39:32 [INFO] HTTP Request: GET https://ncaa-api.henrygd.me/game/6537799/boxscore "HTTP/1.1 200 OK"
14:39:32 [INFO] HTTP Request: GET https://ncaa-api.henrygd.me/game/6537799/boxscore "200"
14:39:33 [INFO] HTTP Request: GET https://ncaa-api.henrygd.me/game/6509275/boxscore "HTTP/1.1 200 OK"
14:39:33 [INFO] HTTP Request: GET https://ncaa-api.henrygd.me/game/6509275/boxscore "200"
14:39:34 [INFO] HTTP Request: GET https://ncaa-api.henrygd.me/game/6506803/boxscore "HTTP/1.1 200 OK"
14:39:34 [INFO] HTTP Request: GET https://ncaa-api.henrygd.me/game/6506803/boxscore "200"
14:39:35 [INFO] HTTP Request: GET https://ncaa-api.henrygd.me/game/6530729/boxscore "HTTP/1.1 200 OK"
14:39:35 [INFO] HTTP Request: GET https://ncaa-api.henrygd.me/game/6530729/boxscore "200"
14:39:35 [INFO]   Loaded: 26 games, 546 player-game-stat rows
14:39:35 [INFO] 
[4/10] Fairmont State
14:39:35 [INFO] Scraping team: Fairmont State (fairmont-st)
14:39:35 [INFO]   Schedule: 26 completed games
14:39:35 [INFO] HTTP Request: GET https://ncaa-api.henrygd.me/game/6506943/boxscore "HTTP/1.1 200 OK"
14:39:35 [INFO] HTTP Request: GET https://ncaa-api.henrygd.me/game/6506943/boxscore "200"
14:39:37 [INFO] HTTP Request: GET https://ncaa-api.henrygd.me/game/6506944/boxscore "HTTP/1.1 200 OK"
14:39:37 [INFO] HTTP Request: GET https://ncaa-api.henrygd.me/game/6506944/boxscore "200"
14:39:38 [INFO] HTTP Request: GET https://ncaa-api.henrygd.me/game/6506482/boxscore "HTTP/1.1 200 OK"
14:39:38 [INFO] HTTP Request: GET https://ncaa-api.henrygd.me/game/6506482/boxscore "200"
14:39:38 [INFO] HTTP Request: GET https://ncaa-api.henrygd.me/game/6506945/boxscore "HTTP/1.1 200 OK"
14:39:38 [INFO] HTTP Request: GET https://ncaa-api.henrygd.me/game/6506945/boxscore "200"
14:39:39 [INFO] HTTP Request: GET https://ncaa-api.henrygd.me/game/6506946/boxscore "HTTP/1.1 200 OK"
14:39:39 [INFO] HTTP Request: GET https://ncaa-api.henrygd.me/game/6506946/boxscore "200"
14:39:40 [INFO] HTTP Request: GET https://ncaa-api.henrygd.me/game/6506947/boxscore "HTTP/1.1 200 OK"
14:39:40 [INFO] HTTP Request: GET https://ncaa-api.henrygd.me/game/6506947/boxscore "200"
14:39:41 [INFO] HTTP Request: GET https://ncaa-api.henrygd.me/game/6506948/boxscore "HTTP/1.1 200 OK"
14:39:41 [INFO] HTTP Request: GET https://ncaa-api.henrygd.me/game/6506948/boxscore "200"
14:39:41 [INFO] HTTP Request: GET https://ncaa-api.henrygd.me/game/6506949/boxscore "HTTP/1.1 200 OK"
14:39:41 [INFO] HTTP Request: GET https://ncaa-api.henrygd.me/game/6506949/boxscore "200"
14:39:42 [INFO] HTTP Request: GET https://ncaa-api.henrygd.me/game/6506950/boxscore "HTTP/1.1 200 OK"
14:39:42 [INFO] HTTP Request: GET https://ncaa-api.henrygd.me/game/6506950/boxscore "200"
14:39:43 [INFO] HTTP Request: GET https://ncaa-api.henrygd.me/game/6506951/boxscore "HTTP/1.1 200 OK"
14:39:43 [INFO] HTTP Request: GET https://ncaa-api.henrygd.me/game/6506951/boxscore "200"
14:39:44 [INFO] HTTP Request: GET https://ncaa-api.henrygd.me/game/6506952/boxscore "HTTP/1.1 200 OK"
14:39:44 [INFO] HTTP Request: GET https://ncaa-api.henrygd.me/game/6506952/boxscore "200"
14:39:44 [INFO] HTTP Request: GET https://ncaa-api.henrygd.me/game/6506953/boxscore "HTTP/1.1 200 OK"
14:39:44 [INFO] HTTP Request: GET https://ncaa-api.henrygd.me/game/6506953/boxscore "200"
14:39:45 [INFO] HTTP Request: GET https://ncaa-api.henrygd.me/game/6506954/boxscore "HTTP/1.1 200 OK"
14:39:45 [INFO] HTTP Request: GET https://ncaa-api.henrygd.me/game/6506954/boxscore "200"
14:39:45 [INFO] HTTP Request: GET https://ncaa-api.henrygd.me/game/6506955/boxscore "HTTP/1.1 200 OK"
14:39:45 [INFO] HTTP Request: GET https://ncaa-api.henrygd.me/game/6506955/boxscore "200"
14:39:46 [INFO] HTTP Request: GET https://ncaa-api.henrygd.me/game/6506956/boxscore "HTTP/1.1 200 OK"
14:39:46 [INFO] HTTP Request: GET https://ncaa-api.henrygd.me/game/6506956/boxscore "200"
14:39:46 [INFO] HTTP Request: GET https://ncaa-api.henrygd.me/game/6506957/boxscore "HTTP/1.1 200 OK"
14:39:46 [INFO] HTTP Request: GET https://ncaa-api.henrygd.me/game/6506957/boxscore "200"
14:39:47 [INFO] HTTP Request: GET https://ncaa-api.henrygd.me/game/6506958/boxscore "HTTP/1.1 200 OK"
14:39:47 [INFO] HTTP Request: GET https://ncaa-api.henrygd.me/game/6506958/boxscore "200"
14:39:48 [INFO] HTTP Request: GET https://ncaa-api.henrygd.me/game/6506959/boxscore "HTTP/1.1 200 OK"
14:39:48 [INFO] HTTP Request: GET https://ncaa-api.henrygd.me/game/6506959/boxscore "200"
14:39:49 [INFO] HTTP Request: GET https://ncaa-api.henrygd.me/game/6506961/boxscore "HTTP/1.1 200 OK"
14:39:49 [INFO] HTTP Request: GET https://ncaa-api.henrygd.me/game/6506961/boxscore "200"
14:39:49 [INFO] HTTP Request: GET https://ncaa-api.henrygd.me/game/6589147/boxscore "HTTP/1.1 200 OK"
14:39:49 [INFO] HTTP Request: GET https://ncaa-api.henrygd.me/game/6589147/boxscore "200"
14:39:50 [INFO] HTTP Request: GET https://ncaa-api.henrygd.me/game/6506962/boxscore "HTTP/1.1 200 OK"
14:39:50 [INFO] HTTP Request: GET https://ncaa-api.henrygd.me/game/6506962/boxscore "200"
14:39:51 [INFO] HTTP Request: GET https://ncaa-api.henrygd.me/game/6506960/boxscore "HTTP/1.1 200 OK"
14:39:51 [INFO] HTTP Request: GET https://ncaa-api.henrygd.me/game/6506960/boxscore "200"
14:39:51 [INFO] HTTP Request: GET https://ncaa-api.henrygd.me/game/6506963/boxscore "HTTP/1.1 200 OK"
14:39:51 [INFO] HTTP Request: GET https://ncaa-api.henrygd.me/game/6506963/boxscore "200"
14:39:52 [INFO] HTTP Request: GET https://ncaa-api.henrygd.me/game/6506964/boxscore "HTTP/1.1 200 OK"
14:39:52 [INFO] HTTP Request: GET https://ncaa-api.henrygd.me/game/6506964/boxscore "200"
14:39:53 [INFO] HTTP Request: GET https://ncaa-api.henrygd.me/game/6506965/boxscore "HTTP/1.1 200 OK"
14:39:53 [INFO] HTTP Request: GET https://ncaa-api.henrygd.me/game/6506965/boxscore "200"
14:39:54 [INFO] HTTP Request: GET https://ncaa-api.henrygd.me/game/6507064/boxscore "HTTP/1.1 200 OK"
14:39:54 [INFO] HTTP Request: GET https://ncaa-api.henrygd.me/game/6507064/boxscore "200"
14:39:54 [INFO]   Loaded: 26 games, 535 player-game-stat rows
14:39:54 [INFO] 
[5/10] Fayetteville State
14:39:54 [INFO] Scraping team: Fayetteville State (fayetteville-st)
14:39:54 [INFO]   Schedule: 26 completed games
14:39:55 [INFO] HTTP Request: GET https://ncaa-api.henrygd.me/game/6509333/boxscore "HTTP/1.1 200 OK"
14:39:55 [INFO] HTTP Request: GET https://ncaa-api.henrygd.me/game/6509333/boxscore "200"
14:39:56 [INFO] HTTP Request: GET https://ncaa-api.henrygd.me/game/6508867/boxscore "HTTP/1.1 200 OK"
14:39:56 [INFO] HTTP Request: GET https://ncaa-api.henrygd.me/game/6508867/boxscore "200"
14:39:57 [INFO] HTTP Request: GET https://ncaa-api.henrygd.me/game/6507601/boxscore "HTTP/1.1 200 OK"
14:39:57 [INFO] HTTP Request: GET https://ncaa-api.henrygd.me/game/6507601/boxscore "200"
14:39:58 [INFO] HTTP Request: GET https://ncaa-api.henrygd.me/game/6530305/boxscore "HTTP/1.1 200 OK"
14:39:58 [INFO] HTTP Request: GET https://ncaa-api.henrygd.me/game/6530305/boxscore "200"
14:39:59 [INFO] HTTP Request: GET https://ncaa-api.henrygd.me/game/6530310/boxscore "HTTP/1.1 200 OK"
14:39:59 [INFO] HTTP Request: GET https://ncaa-api.henrygd.me/game/6530310/boxscore "200"
14:40:00 [INFO] HTTP Request: GET https://ncaa-api.henrygd.me/game/6507211/boxscore "HTTP/1.1 200 OK"
14:40:00 [INFO] HTTP Request: GET https://ncaa-api.henrygd.me/game/6507211/boxscore "200"
14:40:01 [INFO] HTTP Request: GET https://ncaa-api.henrygd.me/game/6509976/boxscore "HTTP/1.1 200 OK"
14:40:01 [INFO] HTTP Request: GET https://ncaa-api.henrygd.me/game/6509976/boxscore "200"
14:40:02 [INFO] HTTP Request: GET https://ncaa-api.henrygd.me/game/6530339/boxscore "HTTP/1.1 200 OK"
14:40:02 [INFO] HTTP Request: GET https://ncaa-api.henrygd.me/game/6530339/boxscore "200"
14:40:03 [INFO] HTTP Request: GET https://ncaa-api.henrygd.me/game/6509940/boxscore "HTTP/1.1 200 OK"
14:40:03 [INFO] HTTP Request: GET https://ncaa-api.henrygd.me/game/6509940/boxscore "200"
14:40:03 [INFO] HTTP Request: GET https://ncaa-api.henrygd.me/game/6530340/boxscore "HTTP/1.1 200 OK"
14:40:03 [INFO] HTTP Request: GET https://ncaa-api.henrygd.me/game/6530340/boxscore "200"
14:40:04 [INFO] HTTP Request: GET https://ncaa-api.henrygd.me/game/6530341/boxscore "HTTP/1.1 200 OK"
14:40:04 [INFO] HTTP Request: GET https://ncaa-api.henrygd.me/game/6530341/boxscore "200"
14:40:05 [INFO] HTTP Request: GET https://ncaa-api.henrygd.me/game/6529239/boxscore "HTTP/1.1 200 OK"
14:40:05 [INFO] HTTP Request: GET https://ncaa-api.henrygd.me/game/6529239/boxscore "200"
14:40:06 [INFO] HTTP Request: GET https://ncaa-api.henrygd.me/game/6530342/boxscore "HTTP/1.1 200 OK"
14:40:06 [INFO] HTTP Request: GET https://ncaa-api.henrygd.me/game/6530342/boxscore "200"
14:40:06 [INFO] HTTP Request: GET https://ncaa-api.henrygd.me/game/6506931/boxscore "HTTP/1.1 200 OK"
14:40:06 [INFO] HTTP Request: GET https://ncaa-api.henrygd.me/game/6506931/boxscore "200"
14:40:07 [INFO] HTTP Request: GET https://ncaa-api.henrygd.me/game/6530343/boxscore "HTTP/1.1 200 OK"
14:40:07 [INFO] HTTP Request: GET https://ncaa-api.henrygd.me/game/6530343/boxscore "200"
14:40:07 [INFO] HTTP Request: GET https://ncaa-api.henrygd.me/game/6530344/boxscore "HTTP/1.1 200 OK"
14:40:07 [INFO] HTTP Request: GET https://ncaa-api.henrygd.me/game/6530344/boxscore "200"
14:40:08 [INFO] HTTP Request: GET https://ncaa-api.henrygd.me/game/6530345/boxscore "HTTP/1.1 200 OK"
14:40:08 [INFO] HTTP Request: GET https://ncaa-api.henrygd.me/game/6530345/boxscore "200"
14:40:09 [INFO] HTTP Request: GET https://ncaa-api.henrygd.me/game/6509736/boxscore "HTTP/1.1 200 OK"
14:40:09 [INFO] HTTP Request: GET https://ncaa-api.henrygd.me/game/6509736/boxscore "200"
14:40:10 [INFO] HTTP Request: GET https://ncaa-api.henrygd.me/game/6509261/boxscore "HTTP/1.1 200 OK"
14:40:10 [INFO] HTTP Request: GET https://ncaa-api.henrygd.me/game/6509261/boxscore "200"
14:40:11 [INFO] HTTP Request: GET https://ncaa-api.henrygd.me/game/6509510/boxscore "HTTP/1.1 200 OK"
14:40:11 [INFO] HTTP Request: GET https://ncaa-api.henrygd.me/game/6509510/boxscore "200"
14:40:12 [INFO] HTTP Request: GET https://ncaa-api.henrygd.me/game/6509267/boxscore "HTTP/1.1 200 OK"
14:40:12 [INFO] HTTP Request: GET https://ncaa-api.henrygd.me/game/6509267/boxscore "200"
14:40:13 [INFO] HTTP Request: GET https://ncaa-api.henrygd.me/game/6530346/boxscore "HTTP/1.1 200 OK"
14:40:13 [INFO] HTTP Request: GET https://ncaa-api.henrygd.me/game/6530346/boxscore "200"
14:40:14 [INFO] HTTP Request: GET https://ncaa-api.henrygd.me/game/6509742/boxscore "HTTP/1.1 200 OK"
14:40:14 [INFO] HTTP Request: GET https://ncaa-api.henrygd.me/game/6509742/boxscore "200"
14:40:14 [INFO] HTTP Request: GET https://ncaa-api.henrygd.me/game/6530347/boxscore "HTTP/1.1 200 OK"
14:40:14 [INFO] HTTP Request: GET https://ncaa-api.henrygd.me/game/6530347/boxscore "200"
14:40:15 [INFO] HTTP Request: GET https://ncaa-api.henrygd.me/game/6509515/boxscore "HTTP/1.1 200 OK"
14:40:15 [INFO] HTTP Request: GET https://ncaa-api.henrygd.me/game/6509515/boxscore "200"
14:40:16 [INFO] HTTP Request: GET https://ncaa-api.henrygd.me/game/6530350/boxscore "HTTP/1.1 200 OK"
14:40:16 [INFO] HTTP Request: GET https://ncaa-api.henrygd.me/game/6530350/boxscore "200"
14:40:16 [INFO]   Loaded: 26 games, 493 player-game-stat rows
14:40:16 [INFO] 
[6/10] Gannon University
14:40:16 [INFO] Scraping team: Gannon University (gannon)
14:40:16 [INFO]   Schedule: 26 completed games
14:40:17 [INFO] HTTP Request: GET https://ncaa-api.henrygd.me/game/6506919/boxscore "HTTP/1.1 200 OK"
14:40:17 [INFO] HTTP Request: GET https://ncaa-api.henrygd.me/game/6506919/boxscore "200"
14:40:17 [INFO] HTTP Request: GET https://ncaa-api.henrygd.me/game/6508867/boxscore "HTTP/1.1 200 OK"
14:40:17 [INFO] HTTP Request: GET https://ncaa-api.henrygd.me/game/6508867/boxscore "200"
14:40:18 [INFO] HTTP Request: GET https://ncaa-api.henrygd.me/game/6508868/boxscore "HTTP/1.1 200 OK"
14:40:18 [INFO] HTTP Request: GET https://ncaa-api.henrygd.me/game/6508868/boxscore "200"
14:40:20 [INFO] HTTP Request: GET https://ncaa-api.henrygd.me/game/6529374/boxscore "HTTP/1.1 200 OK"
14:40:20 [INFO] HTTP Request: GET https://ncaa-api.henrygd.me/game/6529374/boxscore "200"
14:40:21 [INFO] HTTP Request: GET https://ncaa-api.henrygd.me/game/6508869/boxscore "HTTP/1.1 200 OK"
14:40:21 [INFO] HTTP Request: GET https://ncaa-api.henrygd.me/game/6508869/boxscore "200"
14:40:22 [INFO] HTTP Request: GET https://ncaa-api.henrygd.me/game/6533732/boxscore "HTTP/1.1 200 OK"
14:40:22 [INFO] HTTP Request: GET https://ncaa-api.henrygd.me/game/6533732/boxscore "200"
14:40:23 [INFO] HTTP Request: GET https://ncaa-api.henrygd.me/game/6508870/boxscore "HTTP/1.1 200 OK"
14:40:23 [INFO] HTTP Request: GET https://ncaa-api.henrygd.me/game/6508870/boxscore "200"
14:40:23 [INFO] HTTP Request: GET https://ncaa-api.henrygd.me/game/6508486/boxscore "HTTP/1.1 200 OK"
14:40:23 [INFO] HTTP Request: GET https://ncaa-api.henrygd.me/game/6508486/boxscore "200"
14:40:24 [INFO] HTTP Request: GET https://ncaa-api.henrygd.me/game/6508871/boxscore "HTTP/1.1 200 OK"
14:40:24 [INFO] HTTP Request: GET https://ncaa-api.henrygd.me/game/6508871/boxscore "200"
14:40:25 [INFO] HTTP Request: GET https://ncaa-api.henrygd.me/game/6508814/boxscore "HTTP/1.1 200 OK"
14:40:25 [INFO] HTTP Request: GET https://ncaa-api.henrygd.me/game/6508814/boxscore "200"
14:40:26 [INFO] HTTP Request: GET https://ncaa-api.henrygd.me/game/6506912/boxscore "HTTP/1.1 200 OK"
14:40:26 [INFO] HTTP Request: GET https://ncaa-api.henrygd.me/game/6506912/boxscore "200"
14:40:27 [INFO] HTTP Request: GET https://ncaa-api.henrygd.me/game/6506780/boxscore "HTTP/1.1 200 OK"
14:40:27 [INFO] HTTP Request: GET https://ncaa-api.henrygd.me/game/6506780/boxscore "200"
14:40:28 [INFO] HTTP Request: GET https://ncaa-api.henrygd.me/game/6508872/boxscore "HTTP/1.1 200 OK"
14:40:28 [INFO] HTTP Request: GET https://ncaa-api.henrygd.me/game/6508872/boxscore "200"
14:40:28 [INFO] HTTP Request: GET https://ncaa-api.henrygd.me/game/6508873/boxscore "HTTP/1.1 200 OK"
14:40:28 [INFO] HTTP Request: GET https://ncaa-api.henrygd.me/game/6508873/boxscore "200"
14:40:29 [INFO] HTTP Request: GET https://ncaa-api.henrygd.me/game/6508779/boxscore "HTTP/1.1 200 OK"
14:40:29 [INFO] HTTP Request: GET https://ncaa-api.henrygd.me/game/6508779/boxscore "200"
14:40:29 [INFO] HTTP Request: GET https://ncaa-api.henrygd.me/game/6508874/boxscore "HTTP/1.1 200 OK"
14:40:29 [INFO] HTTP Request: GET https://ncaa-api.henrygd.me/game/6508874/boxscore "200"
14:40:30 [INFO] HTTP Request: GET https://ncaa-api.henrygd.me/game/6508801/boxscore "HTTP/1.1 200 OK"
14:40:30 [INFO] HTTP Request: GET https://ncaa-api.henrygd.me/game/6508801/boxscore "200"
14:40:31 [INFO] HTTP Request: GET https://ncaa-api.henrygd.me/game/6506498/boxscore "HTTP/1.1 200 OK"
14:40:31 [INFO] HTTP Request: GET https://ncaa-api.henrygd.me/game/6506498/boxscore "200"
14:40:32 [INFO] HTTP Request: GET https://ncaa-api.henrygd.me/game/6507813/boxscore "HTTP/1.1 200 OK"
14:40:32 [INFO] HTTP Request: GET https://ncaa-api.henrygd.me/game/6507813/boxscore "200"
14:40:32 [INFO] HTTP Request: GET https://ncaa-api.henrygd.me/game/6508875/boxscore "HTTP/1.1 200 OK"
14:40:32 [INFO] HTTP Request: GET https://ncaa-api.henrygd.me/game/6508875/boxscore "200"
14:40:33 [INFO] HTTP Request: GET https://ncaa-api.henrygd.me/game/6508334/boxscore "HTTP/1.1 200 OK"
14:40:33 [INFO] HTTP Request: GET https://ncaa-api.henrygd.me/game/6508334/boxscore "200"
14:40:34 [INFO] HTTP Request: GET https://ncaa-api.henrygd.me/game/6508773/boxscore "HTTP/1.1 200 OK"
14:40:34 [INFO] HTTP Request: GET https://ncaa-api.henrygd.me/game/6508773/boxscore "200"
14:40:35 [INFO] HTTP Request: GET https://ncaa-api.henrygd.me/game/6508876/boxscore "HTTP/1.1 200 OK"
14:40:35 [INFO] HTTP Request: GET https://ncaa-api.henrygd.me/game/6508876/boxscore "200"
14:40:36 [INFO] HTTP Request: GET https://ncaa-api.henrygd.me/game/6508877/boxscore "HTTP/1.1 200 OK"
14:40:36 [INFO] HTTP Request: GET https://ncaa-api.henrygd.me/game/6508877/boxscore "200"
14:40:37 [INFO] HTTP Request: GET https://ncaa-api.henrygd.me/game/6508338/boxscore "HTTP/1.1 200 OK"
14:40:37 [INFO] HTTP Request: GET https://ncaa-api.henrygd.me/game/6508338/boxscore "200"
14:40:38 [INFO] HTTP Request: GET https://ncaa-api.henrygd.me/game/6508878/boxscore "HTTP/1.1 200 OK"
14:40:38 [INFO] HTTP Request: GET https://ncaa-api.henrygd.me/game/6508878/boxscore "200"
14:40:38 [INFO]   Loaded: 26 games, 565 player-game-stat rows
14:40:38 [INFO] 
[7/10] Indiana (Pennsylvania)
14:40:38 [INFO] Scraping team: Indiana (Pennsylvania) (indiana-pa)
14:40:38 [INFO]   Schedule: 24 completed games
14:40:39 [INFO] HTTP Request: GET https://ncaa-api.henrygd.me/game/6508789/boxscore "HTTP/1.1 200 OK"
14:40:39 [INFO] HTTP Request: GET https://ncaa-api.henrygd.me/game/6508789/boxscore "200"
14:40:40 [INFO] HTTP Request: GET https://ncaa-api.henrygd.me/game/6508790/boxscore "HTTP/1.1 200 OK"
14:40:40 [INFO] HTTP Request: GET https://ncaa-api.henrygd.me/game/6508790/boxscore "200"
14:40:41 [INFO] HTTP Request: GET https://ncaa-api.henrygd.me/game/6508627/boxscore "HTTP/1.1 200 OK"
14:40:41 [INFO] HTTP Request: GET https://ncaa-api.henrygd.me/game/6508627/boxscore "200"
14:40:42 [INFO] HTTP Request: GET https://ncaa-api.henrygd.me/game/6508791/boxscore "HTTP/1.1 200 OK"
14:40:42 [INFO] HTTP Request: GET https://ncaa-api.henrygd.me/game/6508791/boxscore "200"
14:40:43 [INFO] HTTP Request: GET https://ncaa-api.henrygd.me/game/6508793/boxscore "HTTP/1.1 200 OK"
14:40:43 [INFO] HTTP Request: GET https://ncaa-api.henrygd.me/game/6508793/boxscore "200"
14:40:44 [INFO] HTTP Request: GET https://ncaa-api.henrygd.me/game/6508794/boxscore "HTTP/1.1 200 OK"
14:40:44 [INFO] HTTP Request: GET https://ncaa-api.henrygd.me/game/6508794/boxscore "200"
14:40:44 [INFO] HTTP Request: GET https://ncaa-api.henrygd.me/game/6508795/boxscore "HTTP/1.1 200 OK"
14:40:44 [INFO] HTTP Request: GET https://ncaa-api.henrygd.me/game/6508795/boxscore "200"
14:40:45 [INFO] HTTP Request: GET https://ncaa-api.henrygd.me/game/6508796/boxscore "HTTP/1.1 200 OK"
14:40:45 [INFO] HTTP Request: GET https://ncaa-api.henrygd.me/game/6508796/boxscore "200"
14:40:46 [INFO] HTTP Request: GET https://ncaa-api.henrygd.me/game/6508797/boxscore "HTTP/1.1 200 OK"
14:40:46 [INFO] HTTP Request: GET https://ncaa-api.henrygd.me/game/6508797/boxscore "200"
14:40:47 [INFO] HTTP Request: GET https://ncaa-api.henrygd.me/game/6508798/boxscore "HTTP/1.1 200 OK"
14:40:47 [INFO] HTTP Request: GET https://ncaa-api.henrygd.me/game/6508798/boxscore "200"
14:40:47 [INFO] HTTP Request: GET https://ncaa-api.henrygd.me/game/6508799/boxscore "HTTP/1.1 200 OK"
14:40:47 [INFO] HTTP Request: GET https://ncaa-api.henrygd.me/game/6508799/boxscore "200"
14:40:48 [INFO] HTTP Request: GET https://ncaa-api.henrygd.me/game/6508800/boxscore "HTTP/1.1 200 OK"
14:40:48 [INFO] HTTP Request: GET https://ncaa-api.henrygd.me/game/6508800/boxscore "200"
14:40:49 [INFO] HTTP Request: GET https://ncaa-api.henrygd.me/game/6508330/boxscore "HTTP/1.1 200 OK"
14:40:49 [INFO] HTTP Request: GET https://ncaa-api.henrygd.me/game/6508330/boxscore "200"
14:40:49 [INFO] HTTP Request: GET https://ncaa-api.henrygd.me/game/6508801/boxscore "HTTP/1.1 200 OK"
14:40:49 [INFO] HTTP Request: GET https://ncaa-api.henrygd.me/game/6508801/boxscore "200"
14:40:50 [INFO] HTTP Request: GET https://ncaa-api.henrygd.me/game/6508802/boxscore "HTTP/1.1 200 OK"
14:40:50 [INFO] HTTP Request: GET https://ncaa-api.henrygd.me/game/6508802/boxscore "200"
14:40:51 [INFO] HTTP Request: GET https://ncaa-api.henrygd.me/game/6508803/boxscore "HTTP/1.1 200 OK"
14:40:51 [INFO] HTTP Request: GET https://ncaa-api.henrygd.me/game/6508803/boxscore "200"
14:40:52 [INFO] HTTP Request: GET https://ncaa-api.henrygd.me/game/6508776/boxscore "HTTP/1.1 200 OK"
14:40:52 [INFO] HTTP Request: GET https://ncaa-api.henrygd.me/game/6508776/boxscore "200"
14:40:53 [INFO] HTTP Request: GET https://ncaa-api.henrygd.me/game/6508804/boxscore "HTTP/1.1 200 OK"
14:40:53 [INFO] HTTP Request: GET https://ncaa-api.henrygd.me/game/6508804/boxscore "200"
14:40:54 [INFO] HTTP Request: GET https://ncaa-api.henrygd.me/game/6508805/boxscore "HTTP/1.1 200 OK"
14:40:54 [INFO] HTTP Request: GET https://ncaa-api.henrygd.me/game/6508805/boxscore "200"
14:40:54 [INFO] HTTP Request: GET https://ncaa-api.henrygd.me/game/6508806/boxscore "HTTP/1.1 200 OK"
14:40:54 [INFO] HTTP Request: GET https://ncaa-api.henrygd.me/game/6508806/boxscore "200"
14:40:55 [INFO] HTTP Request: GET https://ncaa-api.henrygd.me/game/6507814/boxscore "HTTP/1.1 200 OK"
14:40:55 [INFO] HTTP Request: GET https://ncaa-api.henrygd.me/game/6507814/boxscore "200"
14:40:56 [INFO] HTTP Request: GET https://ncaa-api.henrygd.me/game/6508337/boxscore "HTTP/1.1 200 OK"
14:40:56 [INFO] HTTP Request: GET https://ncaa-api.henrygd.me/game/6508337/boxscore "200"
14:40:57 [INFO] HTTP Request: GET https://ncaa-api.henrygd.me/game/6508807/boxscore "HTTP/1.1 200 OK"
14:40:57 [INFO] HTTP Request: GET https://ncaa-api.henrygd.me/game/6508807/boxscore "200"
14:40:58 [INFO] HTTP Request: GET https://ncaa-api.henrygd.me/game/6508808/boxscore "HTTP/1.1 200 OK"
14:40:58 [INFO] HTTP Request: GET https://ncaa-api.henrygd.me/game/6508808/boxscore "200"
14:40:58 [INFO]   Loaded: 24 games, 453 player-game-stat rows
14:40:58 [INFO] 
[8/10] Virginia Union
14:40:58 [INFO] Scraping team: Virginia Union (virginia-union)
14:40:58 [INFO]   Schedule: 28 completed games
14:40:58 [INFO] HTTP Request: GET https://ncaa-api.henrygd.me/game/6506906/boxscore "HTTP/1.1 200 OK"
14:40:58 [INFO] HTTP Request: GET https://ncaa-api.henrygd.me/game/6506906/boxscore "200"
14:41:00 [INFO] HTTP Request: GET https://ncaa-api.henrygd.me/game/6509240/boxscore "HTTP/1.1 200 OK"
14:41:00 [INFO] HTTP Request: GET https://ncaa-api.henrygd.me/game/6509240/boxscore "200"
14:41:00 [INFO] HTTP Request: GET https://ncaa-api.henrygd.me/game/6530494/boxscore "HTTP/1.1 200 OK"
14:41:00 [INFO] HTTP Request: GET https://ncaa-api.henrygd.me/game/6530494/boxscore "200"
14:41:01 [INFO] HTTP Request: GET https://ncaa-api.henrygd.me/game/6529649/boxscore "HTTP/1.1 200 OK"
14:41:01 [INFO] HTTP Request: GET https://ncaa-api.henrygd.me/game/6529649/boxscore "200"
14:41:02 [INFO] HTTP Request: GET https://ncaa-api.henrygd.me/game/6509992/boxscore "HTTP/1.1 200 OK"
14:41:02 [INFO] HTTP Request: GET https://ncaa-api.henrygd.me/game/6509992/boxscore "200"
14:41:03 [INFO] HTTP Request: GET https://ncaa-api.henrygd.me/game/6509716/boxscore "HTTP/1.1 200 OK"
14:41:03 [INFO] HTTP Request: GET https://ncaa-api.henrygd.me/game/6509716/boxscore "200"
14:41:04 [INFO] HTTP Request: GET https://ncaa-api.henrygd.me/game/6534435/boxscore "HTTP/1.1 200 OK"
14:41:04 [INFO] HTTP Request: GET https://ncaa-api.henrygd.me/game/6534435/boxscore "200"
14:41:05 [INFO] HTTP Request: GET https://ncaa-api.henrygd.me/game/6530339/boxscore "HTTP/1.1 200 OK"
14:41:05 [INFO] HTTP Request: GET https://ncaa-api.henrygd.me/game/6530339/boxscore "200"
14:41:06 [INFO] HTTP Request: GET https://ncaa-api.henrygd.me/game/6534566/boxscore "HTTP/1.1 200 OK"
14:41:06 [INFO] HTTP Request: GET https://ncaa-api.henrygd.me/game/6534566/boxscore "200"
14:41:07 [INFO] HTTP Request: GET https://ncaa-api.henrygd.me/game/6587573/boxscore "HTTP/1.1 200 OK"
14:41:07 [INFO] HTTP Request: GET https://ncaa-api.henrygd.me/game/6587573/boxscore "200"
14:41:08 [INFO] HTTP Request: GET https://ncaa-api.henrygd.me/game/6587554/boxscore "HTTP/1.1 200 OK"
14:41:08 [INFO] HTTP Request: GET https://ncaa-api.henrygd.me/game/6587554/boxscore "200"
14:41:09 [INFO] HTTP Request: GET https://ncaa-api.henrygd.me/game/6534557/boxscore "HTTP/1.1 200 OK"
14:41:09 [INFO] HTTP Request: GET https://ncaa-api.henrygd.me/game/6534557/boxscore "200"
14:41:09 [INFO] HTTP Request: GET https://ncaa-api.henrygd.me/game/6509521/boxscore "HTTP/1.1 200 OK"
14:41:09 [INFO] HTTP Request: GET https://ncaa-api.henrygd.me/game/6509521/boxscore "200"
14:41:10 [INFO] HTTP Request: GET https://ncaa-api.henrygd.me/game/6534843/boxscore "HTTP/1.1 200 OK"
14:41:10 [INFO] HTTP Request: GET https://ncaa-api.henrygd.me/game/6534843/boxscore "200"
14:41:11 [INFO] HTTP Request: GET https://ncaa-api.henrygd.me/game/6530342/boxscore "HTTP/1.1 200 OK"
14:41:11 [INFO] HTTP Request: GET https://ncaa-api.henrygd.me/game/6530342/boxscore "200"
14:41:12 [INFO] HTTP Request: GET https://ncaa-api.henrygd.me/game/6537814/boxscore "HTTP/1.1 200 OK"
14:41:12 [INFO] HTTP Request: GET https://ncaa-api.henrygd.me/game/6537814/boxscore "200"
14:41:12 [INFO] HTTP Request: GET https://ncaa-api.henrygd.me/game/6533722/boxscore "HTTP/1.1 200 OK"
14:41:12 [INFO] HTTP Request: GET https://ncaa-api.henrygd.me/game/6533722/boxscore "200"
14:41:13 [INFO] HTTP Request: GET https://ncaa-api.henrygd.me/game/6509946/boxscore "HTTP/1.1 200 OK"
14:41:13 [INFO] HTTP Request: GET https://ncaa-api.henrygd.me/game/6509946/boxscore "200"
14:41:14 [INFO] HTTP Request: GET https://ncaa-api.henrygd.me/game/6533308/boxscore "HTTP/1.1 200 OK"
14:41:14 [INFO] HTTP Request: GET https://ncaa-api.henrygd.me/game/6533308/boxscore "200"
14:41:15 [INFO] HTTP Request: GET https://ncaa-api.henrygd.me/game/6506935/boxscore "HTTP/1.1 200 OK"
14:41:15 [INFO] HTTP Request: GET https://ncaa-api.henrygd.me/game/6506935/boxscore "200"
14:41:15 [INFO] HTTP Request: GET https://ncaa-api.henrygd.me/game/6533717/boxscore "HTTP/1.1 200 OK"
14:41:15 [INFO] HTTP Request: GET https://ncaa-api.henrygd.me/game/6533717/boxscore "200"
14:41:16 [INFO] HTTP Request: GET https://ncaa-api.henrygd.me/game/6587199/boxscore "HTTP/1.1 200 OK"
14:41:16 [INFO] HTTP Request: GET https://ncaa-api.henrygd.me/game/6587199/boxscore "200"
14:41:17 [INFO] HTTP Request: GET https://ncaa-api.henrygd.me/game/6509265/boxscore "HTTP/1.1 200 OK"
14:41:17 [INFO] HTTP Request: GET https://ncaa-api.henrygd.me/game/6509265/boxscore "200"
14:41:18 [INFO] HTTP Request: GET https://ncaa-api.henrygd.me/game/6533687/boxscore "HTTP/1.1 200 OK"
14:41:18 [INFO] HTTP Request: GET https://ncaa-api.henrygd.me/game/6533687/boxscore "200"
14:41:18 [INFO] HTTP Request: GET https://ncaa-api.henrygd.me/game/6589517/boxscore "HTTP/1.1 200 OK"
14:41:18 [INFO] HTTP Request: GET https://ncaa-api.henrygd.me/game/6589517/boxscore "200"
14:41:19 [INFO] HTTP Request: GET https://ncaa-api.henrygd.me/game/6506939/boxscore "HTTP/1.1 200 OK"
14:41:19 [INFO] HTTP Request: GET https://ncaa-api.henrygd.me/game/6506939/boxscore "200"
14:41:20 [INFO] HTTP Request: GET https://ncaa-api.henrygd.me/game/6533071/boxscore "HTTP/1.1 200 OK"
14:41:20 [INFO] HTTP Request: GET https://ncaa-api.henrygd.me/game/6533071/boxscore "200"
14:41:21 [INFO] HTTP Request: GET https://ncaa-api.henrygd.me/game/6509957/boxscore "HTTP/1.1 200 OK"
14:41:21 [INFO] HTTP Request: GET https://ncaa-api.henrygd.me/game/6509957/boxscore "200"
14:41:21 [INFO]   Loaded: 28 games, 573 player-game-stat rows
14:41:21 [INFO] 
[9/10] West Chester
14:41:21 [INFO] Scraping team: West Chester (west-chester)
14:41:21 [INFO]   Schedule: 26 completed games
14:41:22 [INFO] HTTP Request: GET https://ncaa-api.henrygd.me/game/6509333/boxscore "HTTP/1.1 200 OK"
14:41:22 [INFO] HTTP Request: GET https://ncaa-api.henrygd.me/game/6509333/boxscore "200"
14:41:23 [INFO] HTTP Request: GET https://ncaa-api.henrygd.me/game/6506920/boxscore "HTTP/1.1 200 OK"
14:41:23 [INFO] HTTP Request: GET https://ncaa-api.henrygd.me/game/6506920/boxscore "200"
14:41:23 [INFO] HTTP Request: GET https://ncaa-api.henrygd.me/game/6506881/boxscore "HTTP/1.1 200 OK"
14:41:23 [INFO] HTTP Request: GET https://ncaa-api.henrygd.me/game/6506881/boxscore "200"
14:41:24 [INFO] HTTP Request: GET https://ncaa-api.henrygd.me/game/6507841/boxscore "HTTP/1.1 200 OK"
14:41:24 [INFO] HTTP Request: GET https://ncaa-api.henrygd.me/game/6507841/boxscore "200"
14:41:25 [INFO] HTTP Request: GET https://ncaa-api.henrygd.me/game/6508703/boxscore "HTTP/1.1 200 OK"
14:41:25 [INFO] HTTP Request: GET https://ncaa-api.henrygd.me/game/6508703/boxscore "200"
14:41:26 [INFO] HTTP Request: GET https://ncaa-api.henrygd.me/game/6508812/boxscore "HTTP/1.1 200 OK"
14:41:26 [INFO] HTTP Request: GET https://ncaa-api.henrygd.me/game/6508812/boxscore "200"
14:41:27 [INFO] HTTP Request: GET https://ncaa-api.henrygd.me/game/6508813/boxscore "HTTP/1.1 200 OK"
14:41:27 [INFO] HTTP Request: GET https://ncaa-api.henrygd.me/game/6508813/boxscore "200"
14:41:27 [INFO] HTTP Request: GET https://ncaa-api.henrygd.me/game/6507140/boxscore "HTTP/1.1 200 OK"
14:41:27 [INFO] HTTP Request: GET https://ncaa-api.henrygd.me/game/6507140/boxscore "200"
14:41:28 [INFO] HTTP Request: GET https://ncaa-api.henrygd.me/game/6508814/boxscore "HTTP/1.1 200 OK"
14:41:28 [INFO] HTTP Request: GET https://ncaa-api.henrygd.me/game/6508814/boxscore "200"
14:41:29 [INFO] HTTP Request: GET https://ncaa-api.henrygd.me/game/6508815/boxscore "HTTP/1.1 200 OK"
14:41:29 [INFO] HTTP Request: GET https://ncaa-api.henrygd.me/game/6508815/boxscore "200"
14:41:29 [INFO] HTTP Request: GET https://ncaa-api.henrygd.me/game/6508798/boxscore "HTTP/1.1 200 OK"
14:41:29 [INFO] HTTP Request: GET https://ncaa-api.henrygd.me/game/6508798/boxscore "200"
14:41:32 [INFO] HTTP Request: GET https://ncaa-api.henrygd.me/game/6508816/boxscore "HTTP/1.1 200 OK"
14:41:32 [INFO] HTTP Request: GET https://ncaa-api.henrygd.me/game/6508816/boxscore "200"
14:41:33 [INFO] HTTP Request: GET https://ncaa-api.henrygd.me/game/6508817/boxscore "HTTP/1.1 200 OK"
14:41:33 [INFO] HTTP Request: GET https://ncaa-api.henrygd.me/game/6508817/boxscore "200"
14:41:33 [INFO] HTTP Request: GET https://ncaa-api.henrygd.me/game/6506784/boxscore "HTTP/1.1 200 OK"
14:41:33 [INFO] HTTP Request: GET https://ncaa-api.henrygd.me/game/6506784/boxscore "200"
14:41:34 [INFO] HTTP Request: GET https://ncaa-api.henrygd.me/game/6508818/boxscore "HTTP/1.1 200 OK"
14:41:34 [INFO] HTTP Request: GET https://ncaa-api.henrygd.me/game/6508818/boxscore "200"
14:41:35 [INFO] HTTP Request: GET https://ncaa-api.henrygd.me/game/6508819/boxscore "HTTP/1.1 200 OK"
14:41:35 [INFO] HTTP Request: GET https://ncaa-api.henrygd.me/game/6508819/boxscore "200"
14:41:36 [INFO] HTTP Request: GET https://ncaa-api.henrygd.me/game/6508820/boxscore "HTTP/1.1 200 OK"
14:41:36 [INFO] HTTP Request: GET https://ncaa-api.henrygd.me/game/6508820/boxscore "200"
14:41:36 [INFO] HTTP Request: GET https://ncaa-api.henrygd.me/game/6508821/boxscore "HTTP/1.1 200 OK"
14:41:36 [INFO] HTTP Request: GET https://ncaa-api.henrygd.me/game/6508821/boxscore "200"
14:41:37 [INFO] HTTP Request: GET https://ncaa-api.henrygd.me/game/6508823/boxscore "HTTP/1.1 200 OK"
14:41:37 [INFO] HTTP Request: GET https://ncaa-api.henrygd.me/game/6508823/boxscore "200"
14:41:38 [INFO] HTTP Request: GET https://ncaa-api.henrygd.me/game/6508824/boxscore "HTTP/1.1 200 OK"
14:41:38 [INFO] HTTP Request: GET https://ncaa-api.henrygd.me/game/6508824/boxscore "200"
14:41:39 [INFO] HTTP Request: GET https://ncaa-api.henrygd.me/game/6508822/boxscore "HTTP/1.1 200 OK"
14:41:39 [INFO] HTTP Request: GET https://ncaa-api.henrygd.me/game/6508822/boxscore "200"
14:41:40 [INFO] HTTP Request: GET https://ncaa-api.henrygd.me/game/6508825/boxscore "HTTP/1.1 200 OK"
14:41:40 [INFO] HTTP Request: GET https://ncaa-api.henrygd.me/game/6508825/boxscore "200"
14:41:41 [INFO] HTTP Request: GET https://ncaa-api.henrygd.me/game/6506799/boxscore "HTTP/1.1 200 OK"
14:41:41 [INFO] HTTP Request: GET https://ncaa-api.henrygd.me/game/6506799/boxscore "200"
14:41:41 [INFO] HTTP Request: GET https://ncaa-api.henrygd.me/game/6508826/boxscore "HTTP/1.1 200 OK"
14:41:41 [INFO] HTTP Request: GET https://ncaa-api.henrygd.me/game/6508826/boxscore "200"
14:41:42 [INFO] HTTP Request: GET https://ncaa-api.henrygd.me/game/6508827/boxscore "HTTP/1.1 200 OK"
14:41:42 [INFO] HTTP Request: GET https://ncaa-api.henrygd.me/game/6508827/boxscore "200"
14:41:43 [INFO] HTTP Request: GET https://ncaa-api.henrygd.me/game/6508828/boxscore "HTTP/1.1 200 OK"
14:41:43 [INFO] HTTP Request: GET https://ncaa-api.henrygd.me/game/6508828/boxscore "200"
14:41:43 [INFO]   Loaded: 26 games, 588 player-game-stat rows
14:41:43 [INFO] 
[10/10] West Liberty
14:41:43 [INFO] Scraping team: West Liberty (west-liberty)
14:41:43 [INFO]   Schedule: 26 completed games
14:41:44 [INFO] HTTP Request: GET https://ncaa-api.henrygd.me/game/6509693/boxscore "HTTP/1.1 200 OK"
14:41:44 [INFO] HTTP Request: GET https://ncaa-api.henrygd.me/game/6509693/boxscore "200"
14:41:45 [INFO] HTTP Request: GET https://ncaa-api.henrygd.me/game/6508788/boxscore "HTTP/1.1 200 OK"
14:41:45 [INFO] HTTP Request: GET https://ncaa-api.henrygd.me/game/6508788/boxscore "200"
14:41:45 [INFO] HTTP Request: GET https://ncaa-api.henrygd.me/game/6530494/boxscore "HTTP/1.1 200 OK"
14:41:45 [INFO] HTTP Request: GET https://ncaa-api.henrygd.me/game/6530494/boxscore "200"
14:41:47 [INFO] HTTP Request: GET https://ncaa-api.henrygd.me/game/6530496/boxscore "HTTP/1.1 200 OK"
14:41:47 [INFO] HTTP Request: GET https://ncaa-api.henrygd.me/game/6530496/boxscore "200"
14:41:48 [INFO] HTTP Request: GET https://ncaa-api.henrygd.me/game/6507045/boxscore "HTTP/1.1 200 OK"
14:41:48 [INFO] HTTP Request: GET https://ncaa-api.henrygd.me/game/6507045/boxscore "200"
14:41:49 [INFO] HTTP Request: GET https://ncaa-api.henrygd.me/game/6509685/boxscore "HTTP/1.1 200 OK"
14:41:49 [INFO] HTTP Request: GET https://ncaa-api.henrygd.me/game/6509685/boxscore "200"
14:41:50 [INFO] HTTP Request: GET https://ncaa-api.henrygd.me/game/6530498/boxscore "HTTP/1.1 200 OK"
14:41:50 [INFO] HTTP Request: GET https://ncaa-api.henrygd.me/game/6530498/boxscore "200"
14:41:50 [INFO] HTTP Request: GET https://ncaa-api.henrygd.me/game/6509371/boxscore "HTTP/1.1 200 OK"
14:41:50 [INFO] HTTP Request: GET https://ncaa-api.henrygd.me/game/6509371/boxscore "200"
14:41:51 [INFO] HTTP Request: GET https://ncaa-api.henrygd.me/game/6530502/boxscore "HTTP/1.1 200 OK"
14:41:51 [INFO] HTTP Request: GET https://ncaa-api.henrygd.me/game/6530502/boxscore "200"
14:41:52 [INFO] HTTP Request: GET https://ncaa-api.henrygd.me/game/6509193/boxscore "HTTP/1.1 200 OK"
14:41:52 [INFO] HTTP Request: GET https://ncaa-api.henrygd.me/game/6509193/boxscore "200"
14:41:53 [INFO] HTTP Request: GET https://ncaa-api.henrygd.me/game/6530503/boxscore "HTTP/1.1 200 OK"
14:41:53 [INFO] HTTP Request: GET https://ncaa-api.henrygd.me/game/6530503/boxscore "200"
14:41:53 [INFO] HTTP Request: GET https://ncaa-api.henrygd.me/game/6530505/boxscore "HTTP/1.1 200 OK"
14:41:53 [INFO] HTTP Request: GET https://ncaa-api.henrygd.me/game/6530505/boxscore "200"
14:41:54 [INFO] HTTP Request: GET https://ncaa-api.henrygd.me/game/6506955/boxscore "HTTP/1.1 200 OK"
14:41:54 [INFO] HTTP Request: GET https://ncaa-api.henrygd.me/game/6506955/boxscore "200"
14:41:55 [INFO] HTTP Request: GET https://ncaa-api.henrygd.me/game/6530506/boxscore "HTTP/1.1 200 OK"
14:41:55 [INFO] HTTP Request: GET https://ncaa-api.henrygd.me/game/6530506/boxscore "200"
14:41:56 [INFO] HTTP Request: GET https://ncaa-api.henrygd.me/game/6529656/boxscore "HTTP/1.1 200 OK"
14:41:56 [INFO] HTTP Request: GET https://ncaa-api.henrygd.me/game/6529656/boxscore "200"
14:41:56 [INFO] HTTP Request: GET https://ncaa-api.henrygd.me/game/6507535/boxscore "HTTP/1.1 200 OK"
14:41:56 [INFO] HTTP Request: GET https://ncaa-api.henrygd.me/game/6507535/boxscore "200"
14:41:56 [INFO] HTTP Request: GET https://ncaa-api.henrygd.me/game/6509691/boxscore "HTTP/1.1 200 OK"
14:41:56 [INFO] HTTP Request: GET https://ncaa-api.henrygd.me/game/6509691/boxscore "200"
14:41:57 [INFO] HTTP Request: GET https://ncaa-api.henrygd.me/game/6508472/boxscore "HTTP/1.1 200 OK"
14:41:57 [INFO] HTTP Request: GET https://ncaa-api.henrygd.me/game/6508472/boxscore "200"
14:41:57 [INFO] HTTP Request: GET https://ncaa-api.henrygd.me/game/6507545/boxscore "HTTP/1.1 200 OK"
14:41:57 [INFO] HTTP Request: GET https://ncaa-api.henrygd.me/game/6507545/boxscore "200"
14:41:58 [INFO] HTTP Request: GET https://ncaa-api.henrygd.me/game/6530509/boxscore "HTTP/1.1 200 OK"
14:41:58 [INFO] HTTP Request: GET https://ncaa-api.henrygd.me/game/6530509/boxscore "200"
14:41:59 [INFO] HTTP Request: GET https://ncaa-api.henrygd.me/game/6530510/boxscore "HTTP/1.1 200 OK"
14:41:59 [INFO] HTTP Request: GET https://ncaa-api.henrygd.me/game/6530510/boxscore "200"
14:42:00 [INFO] HTTP Request: GET https://ncaa-api.henrygd.me/game/6509385/boxscore "HTTP/1.1 200 OK"
14:42:00 [INFO] HTTP Request: GET https://ncaa-api.henrygd.me/game/6509385/boxscore "200"
14:42:01 [INFO] HTTP Request: GET https://ncaa-api.henrygd.me/game/6530511/boxscore "HTTP/1.1 200 OK"
14:42:01 [INFO] HTTP Request: GET https://ncaa-api.henrygd.me/game/6530511/boxscore "200"
14:42:02 [INFO] HTTP Request: GET https://ncaa-api.henrygd.me/game/6506964/boxscore "HTTP/1.1 200 OK"
14:42:02 [INFO] HTTP Request: GET https://ncaa-api.henrygd.me/game/6506964/boxscore "200"
14:42:03 [INFO] HTTP Request: GET https://ncaa-api.henrygd.me/game/6530512/boxscore "HTTP/1.1 200 OK"
14:42:03 [INFO] HTTP Request: GET https://ncaa-api.henrygd.me/game/6530512/boxscore "200"
14:42:03 [INFO] HTTP Request: GET https://ncaa-api.henrygd.me/game/6529663/boxscore "HTTP/1.1 200 OK"
14:42:03 [INFO] HTTP Request: GET https://ncaa-api.henrygd.me/game/6529663/boxscore "200"
14:42:04 [INFO]   Loaded: 26 games, 573 player-game-stat rows
14:42:04 [INFO] 
============================================================
14:42:04 [INFO]   BATCH COMPLETE: 10 teams, 258 games, 5322 PGS rows
14:42:04 [INFO] ============================================================

============================================================
  NCAA D2 BATCH — FINAL SUMMARY
============================================================
  Total teams:                1002
  Total players:              11064
  Total games:                3303
  Total player_game_stats:    83498
============================================================
