
[NCAA D3 Football Rosters] 239 schools
  [  1/239] Adrian College                                168 players
  [  2/239] Albion College                                113 players
  [  3/239] Albright College                               81 players
  [  4/239] Alfred State College                           75 players
  [  5/239] Alfred University                             111 players
  [  6/239] Allegheny College                              61 players
  [  7/239] Alma College                                  159 players
  [  8/239] Alvernia University                            87 players
  [ 12/239] Augsburg University                            66 players
  [ 13/239] Augustana College (Illinois)                  121 players
  [ 14/239] Aurora University                             124 players
  [ 16/239] Averett University                             42 players
  [ 18/239] Bates College                                  88 players
  [ 19/239] Belhaven University                           105 players
  [ 21/239] Benedictine University (Illinois)             133 players
  [ 22/239] Berry College                                 126 players
  [ 23/239] Bethany College (West Virginia)               101 players
  [ 24/239] Bethel University (Minnesota)                 119 players
  [ 27/239] Brevard College                               110 players
  [ 28/239] Bridgewater College (Virginia)                121 players
  [ 30/239] State University of New York at Brockport     107 players
  [ 31/239] Buena Vista University                         86 players
  [ 32/239] Buffalo State, State University of New York   109 players
  [ 33/239] California Lutheran University                126 players
  [ 38/239] Carroll University (Wisconsin)                119 players
  [ 39/239] Carthage College                              102 players
  [ 40/239] Case Western Reserve University               108 players
  [ 41/239] Catholic University                            74 players
  [ 44/239] Centre College                                126 players
  [ 45/239] Chapman University                             97 players
  [ 47/239] Christopher Newport University                139 players
  [ 48/239] Claremont McKenna-Harvey Mudd-Scripps Colleges  82 players
  [ 49/239] Coe College                                   101 players
  [ 52/239] Concordia University Chicago                   88 players
  [ 54/239] Cornell College                                78 players
  [ 60/239] Denison University                            104 players
  [ 62/239] Dickinson College                              84 players
  [ 64/239] East Texas Baptist University                  76 players
  [ 65/239] Eastern University                            147 players
  [ 66/239] Elmhurst University                            67 players
  [ 69/239] Fairleigh Dickinson University, Florham       114 players
  [ 72/239] Franklin & Marshall College                   107 players
  [ 74/239] Gallaudet University                           59 players
  [ 75/239] Geneva College                                 88 players
  [ 77/239] Gettysburg College                             92 players
  [ 78/239] Greensboro College                            112 players
  [ 80/239] Grinnell College                               61 players
  [ 81/239] Grove City College                            129 players
  [ 85/239] Hamline University                             74 players
  [ 86/239] Hampden-Sydney College                        110 players
  [ 88/239] Hardin-Simmons University                     194 players
  [ 89/239] Hartwick College                              110 players
  [ 90/239] Heidelberg University                         155 players
  [ 91/239] Hendrix College                               142 players
  [ 92/239] Hilbert College                                63 players
  [ 93/239] Hiram College                                  76 players
  [ 96/239] Howard Payne University                        94 players
  [ 98/239] Husson University                             115 players
  [ 99/239] Illinois College                               91 players
  [100/239] Illinois Wesleyan University                  113 players
  [101/239] Ithaca College                                117 players
  [102/239] John Carroll University                       116 players
  [103/239] Johns Hopkins University                       96 players
  [106/239] Kean University                                96 players
  [109/239] Knox College                                   79 players
  [110/239] University of La Verne                         76 players
  [111/239] LaGrange College                              126 players
  [112/239] Lake Forest College                            73 players
  [113/239] Lakeland University                            86 players
  [115/239] Lebanon Valley College                         84 players
  [116/239] Lewis & Clark College                          98 players
  [117/239] Linfield University                           132 players
  [118/239] Loras College                                  99 players
  [120/239] Lycoming College                              115 players
  [121/239] Lyon College                                   92 players
  [123/239] Maine Maritime Academy                         58 players
  [124/239] Manchester University                          78 players
  [125/239] Marietta College                              107 players
  [126/239] State University of New York Maritime College  97 players
  [127/239] Martin Luther College                          45 players
  [130/239] Massachusetts Institute of Technology          77 players
  [132/239] University of Massachusetts, Dartmouth        126 players
  [134/239] McMurry University                            135 players
  [135/239] Methodist University                          117 players
  [137/239] Millikin University                            79 players
  [138/239] Millsaps College                               73 players
  [139/239] University of Minnesota, Morris                63 players
  [141/239] Monmouth College (Illinois)                   128 players
  [142/239] Montclair State University                    132 players
  [144/239] State University of New York at Morrisville   113 players
  [145/239] Mount St. Joseph University                   134 players
  [146/239] University of Mount Union                     192 players
  [147/239] Muhlenberg College                             99 players
  [149/239] Nebraska Wesleyan University                   77 players
  [150/239] University of New England                      98 players
  [151/239] New England College                            64 players
  [152/239] The College of New Jersey                      98 players
  [153/239] Nichols College                                83 players
  [154/239] North Carolina Wesleyan University            137 players
  [155/239] North Central College                         128 players
  [157/239] University of Northwestern-St. Paul            58 players
  [158/239] Norwich University                             78 players
  [159/239] Oberlin College                                36 players
  [161/239] Ohio Wesleyan University                       96 players
  [163/239] Otterbein University                           62 players
  [164/239] Pacific Lutheran University                   108 players
  [165/239] Pacific University (Oregon)                   114 players
  [166/239] Plymouth State University                      91 players
  [167/239] Pomona-Pitzer Colleges                         89 players
  [168/239] University of Puget Sound                      97 players
  [169/239] Randolph-Macon College                        132 players
  [171/239] Rensselaer Polytechnic Institute              119 players
  [172/239] Rhodes College                                 83 players
  [173/239] Ripon College                                 109 players
  [176/239] Rockford University                            80 players
  [178/239] Rowan University                              101 players
  [179/239] Salisbury University                          110 players
  [180/239] Salve Regina University                       138 players
  [181/239] University of the South                        80 players
  [182/239] Shenandoah University                         136 players
  [184/239] Southern Virginia University                   89 players
  [186/239] St. John Fisher University                    136 players
  [187/239] Saint John's University (Minnesota)           155 players
  [188/239] St. Lawrence University                       103 players
  [189/239] St. Norbert College                           131 players
  [190/239] St. Olaf College                               93 players
  [191/239] The College of St. Scholastica                 85 players
  [193/239] Stevenson University                          126 players
  [195/239] Texas Lutheran University                     136 players
  [196/239] Thiel College                                  98 players
  [197/239] Trine University                              154 players
  [198/239] Trinity College (Connecticut)                  83 players
  [199/239] Trinity University (Texas)                    119 players
  [202/239] U.S. Merchant Marine Academy                  115 players
  [203/239] Union College (New York)                      109 players
  [204/239] Ursinus College                               145 players
  [205/239] Utica University                              113 players
  [207/239] Wabash College                                154 players
  [208/239] Wartburg College                              143 players
  [209/239] Washington and Lee University                  57 players
  [210/239] Washington and Jefferson College              145 players
  [211/239] Washington University in St. Louis            106 players
  [214/239] Western Connecticut State University          139 players
  [215/239] Western New England University                119 players
  [219/239] Wheaton College (Illinois)                    119 players
  [220/239] Whitworth University                          120 players
  [221/239] Widener University                            105 players
  [222/239] Wilkes University                             127 players
  [224/239] William Paterson University of New Jersey      80 players
  [225/239] Williams College                               75 players
  [228/239] University of Wisconsin-Eau Claire            129 players
  [229/239] University of Wisconsin-La Crosse             114 players
  [231/239] University of Wisconsin-Platteville           117 players
  [232/239] University of Wisconsin-River Falls           161 players
  [233/239] University of Wisconsin-Stevens Point         121 players
  [235/239] University of Wisconsin-Whitewater            110 players
  [237/239] The College of Wooster                         73 players

  Done: 157 schools, 82 skipped, 16474 players
  DB D3: 157 teams, 16454 players
