
[NCAA D2 Football Rosters] 161 schools
  [  1/161] Adams State University                         89 players
  [  2/161] Albany State University (Georgia)              92 players
  [  3/161] Allen University                               87 players
  [  4/161] American International College                134 players
  [  5/161] Anderson University (South Carolina)           91 players
  [  6/161] Angelo State University                       112 players
  [  8/161] University of Arkansas, Monticello             76 players
  [  9/161] Ashland University                            161 players
  [ 11/161] Augustana University (South Dakota)            92 players
  [ 12/161] Barton College                                136 players
  [ 13/161] Bemidji State University                      109 players
  [ 14/161] Benedict College                              113 players
  [ 16/161] Black Hills State University                  123 players
  [ 17/161] Bloomsburg University of Pennsylvania         111 players
  [ 18/161] Bluefield State University                     92 players
  [ 19/161] Bowie State University                        101 players
  [ 20/161] Pennsylvania Western University, California    74 players
  [ 22/161] Catawba College                               128 players
  [ 23/161] University of Central Missouri                 91 players
  [ 25/161] Central State University                      108 players
  [ 26/161] Central Washington University                  19 players
  [ 27/161] Chadron State College                         119 players
  [ 28/161] University of Charleston (West Virginia)      129 players
  [ 29/161] Chowan University                             134 players
  [ 30/161] Pennsylvania Western University, Clarion       68 players
  [ 31/161] Clark Atlanta University                       95 players
  [ 32/161] Colorado Mesa University                      145 players
  [ 33/161] Colorado School of Mines                      135 players
  [ 34/161] Colorado State University Pueblo              105 players
  [ 35/161] Concord University                            139 players
  [ 37/161] Davenport University                          102 players
  [ 38/161] Delta State University                         98 players
  [ 39/161] East Central University                       124 players
  [ 40/161] East Stroudsburg University of Pennsylvania    90 players
  [ 41/161] Eastern New Mexico University                 105 players
  [ 42/161] Pennsylvania Western University, Edinboro      72 players
  [ 43/161] Edward Waters University                       91 players
  [ 44/161] Elizabeth City State University               104 players
  [ 46/161] Emporia State University                      115 players
  [ 47/161] Erskine College                               203 players
  [ 48/161] Fairmont State University                     102 players
  [ 49/161] Fayetteville State University                  88 players
  [ 51/161] Ferrum College                                 80 players
  [ 52/161] University of Findlay                          94 players
  [ 53/161] Fort Hays State University                     72 players
  [ 54/161] Fort Lewis College                            139 players
  [ 57/161] Frostburg State University                    120 players
  [ 58/161] Gannon University                              76 players
  [ 59/161] Glenville State University                     16 players
  [ 60/161] Grand Valley State University                 139 players
  [ 61/161] Harding University                            129 players
  [ 63/161] Hillsdale College                             111 players
  [ 64/161] Indiana University of Pennsylvania             60 players
  [ 66/161] University of Jamestown                       136 players
  [ 67/161] Johnson C. Smith University                   116 players
  [ 68/161] Kentucky State University                      90 players
  [ 69/161] Kentucky Wesleyan College                     100 players
  [ 70/161] Kutztown University of Pennsylvania           104 players
  [ 71/161] Lake Erie College                              81 players
  [ 72/161] Lane College                                  120 players
  [ 73/161] Lenoir-Rhyne University                       138 players
  [ 74/161] Lincoln University (Missouri)                  48 players
  [ 75/161] Lincoln University (Pennsylvania)              92 players
  [ 76/161] Livingstone College                           100 players
  [ 77/161] Lock Haven University of Pennsylvania          75 players
  [ 79/161] University of Mary                             98 players
  [ 80/161] McKendree University                          134 players
  [ 81/161] Michigan Technological University             114 players
  [ 82/161] Midwestern State University                   136 players
  [ 84/161] Millersville University of Pennsylvania        77 players
  [ 85/161] Minnesota State University, Mankato            83 players
  [ 86/161] Minnesota State University Moorhead           121 players
  [ 87/161] University of Minnesota Duluth                 75 players
  [ 88/161] Minot State University                         88 players
  [ 89/161] Missouri University of Science and Technology 118 players
  [ 90/161] Missouri Southern State University             85 players
  [ 91/161] Missouri Western State University             107 players
  [ 93/161] University of Nebraska at Kearney              83 players
  [ 94/161] New Mexico Highlands University               132 players
  [ 95/161] Newberry College                              142 players
  [ 96/161] University of North Carolina at Pembroke      125 players
  [ 97/161] North Greenville University                   120 players
  [ 98/161] Northeastern State University                  91 players
  [ 99/161] Northern Michigan University                   70 players
  [100/161] Northern State University                     128 players
  [101/161] Northwest Missouri State University            98 players
  [102/161] Northwestern Oklahoma State University         86 players
  [104/161] Ohio Dominican University                     106 players
  [105/161] Oklahoma Baptist University                   125 players
  [106/161] Ouachita Baptist University                   124 players
  [107/161] Pace University                                98 players
  [108/161] Pittsburg State University                     87 players
  [109/161] Post University                                69 players
  [110/161] Quincy University                             132 players
  [111/161] Roosevelt University                           84 players
  [115/161] Shaw University                                81 players
  [116/161] Shepherd University                            76 players
  [117/161] Shippensburg University of Pennsylvania        72 players
  [118/161] Shorter University                            150 players
  [119/161] University of Sioux Falls                      82 players
  [120/161] Slippery Rock University of Pennsylvania       81 players
  [121/161] South Dakota School of Mines & Technology      75 players
  [122/161] Southeastern Oklahoma State University        111 players
  [123/161] Southern Arkansas University                  109 players
  [124/161] Southern Connecticut State University         111 players
  [125/161] Southern Nazarene University                  157 players
  [127/161] Southwest Minnesota State University           78 players
  [129/161] Saint Anselm College                          120 players
  [130/161] Sul Ross State University                      47 players
  [131/161] Texas A&M University-Kingsville               130 players
  [132/161] Thomas More University                        132 players
  [133/161] Tiffin University                             130 players
  [136/161] Tuskegee University                           105 players
  [137/161] Upper Iowa University                         102 players
  [138/161] The University of Texas Permian Basin          79 players
  [139/161] Valdosta State University                     101 players
  [140/161] The University of Virginia's College at Wise   97 players
  [141/161] Virginia State University                     114 players
  [142/161] Virginia Union University                     104 players
  [144/161] Washburn University                            83 players
  [145/161] Wayne State University (Michigan)              76 players
  [146/161] Wayne State College (Nebraska)                 73 players
  [147/161] University of West Alabama                    133 players
  [148/161] West Chester University of Pennsylvania        68 players
  [149/161] University of West Florida                     91 players
  [150/161] West Liberty University                        54 players
  [151/161] West Texas A&M University                     136 players
  [152/161] West Virginia State University                109 players
  [154/161] Western Colorado University                    77 players
  [155/161] Western New Mexico University                 106 players
  [156/161] Western Oregon University                     112 players
  [157/161] Wheeling University                           105 players
  [158/161] William Jewell College                        101 players
  [159/161] Wingate University                            196 players
  [160/161] Winona State University                        77 players

  Done: 135 schools, 26 skipped, 13915 players
  DB D2: 135 teams, 13900 players
