18:31:51 [INFO] Batch: 14 NCAA D3 teams
18:31:51 [INFO] Fetching all D3 scoreboards for the season...
18:31:51 [INFO] HTTP Request: GET https://ncaa-api.henrygd.me/schedule-alt/basketball-men/d3/2026 "HTTP/1.1 200 OK"
18:31:51 [INFO] HTTP Request: GET https://ncaa-api.henrygd.me/schedule-alt/basketball-men/d3/2026 "200"
18:31:51 [INFO]   Found 113 game dates for d3
18:31:52 [INFO] HTTP Request: GET https://ncaa-api.henrygd.me/scoreboard/basketball-men/d3/2025/11/03 "HTTP/1.1 200 OK"
18:31:52 [INFO] HTTP Request: GET https://ncaa-api.henrygd.me/scoreboard/basketball-men/d3/2025/11/03 "200"
18:31:52 [INFO] HTTP Request: GET https://ncaa-api.henrygd.me/scoreboard/basketball-men/d3/2025/11/04 "HTTP/1.1 200 OK"
18:31:52 [INFO] HTTP Request: GET https://ncaa-api.henrygd.me/scoreboard/basketball-men/d3/2025/11/04 "200"
18:31:53 [INFO] HTTP Request: GET https://ncaa-api.henrygd.me/scoreboard/basketball-men/d3/2025/11/05 "HTTP/1.1 200 OK"
18:31:53 [INFO] HTTP Request: GET https://ncaa-api.henrygd.me/scoreboard/basketball-men/d3/2025/11/05 "200"
18:31:54 [INFO] HTTP Request: GET https://ncaa-api.henrygd.me/scoreboard/basketball-men/d3/2025/11/06 "HTTP/1.1 200 OK"
18:31:54 [INFO] HTTP Request: GET https://ncaa-api.henrygd.me/scoreboard/basketball-men/d3/2025/11/06 "200"
18:31:54 [INFO] HTTP Request: GET https://ncaa-api.henrygd.me/scoreboard/basketball-men/d3/2025/11/07 "HTTP/1.1 200 OK"
18:31:54 [INFO] HTTP Request: GET https://ncaa-api.henrygd.me/scoreboard/basketball-men/d3/2025/11/07 "200"
18:31:55 [INFO] HTTP Request: GET https://ncaa-api.henrygd.me/scoreboard/basketball-men/d3/2025/11/08 "HTTP/1.1 200 OK"
18:31:55 [INFO] HTTP Request: GET https://ncaa-api.henrygd.me/scoreboard/basketball-men/d3/2025/11/08 "200"
18:31:56 [INFO] HTTP Request: GET https://ncaa-api.henrygd.me/scoreboard/basketball-men/d3/2025/11/09 "HTTP/1.1 200 OK"
18:31:56 [INFO] HTTP Request: GET https://ncaa-api.henrygd.me/scoreboard/basketball-men/d3/2025/11/09 "200"
18:31:57 [INFO] HTTP Request: GET https://ncaa-api.henrygd.me/scoreboard/basketball-men/d3/2025/11/10 "HTTP/1.1 200 OK"
18:31:57 [INFO] HTTP Request: GET https://ncaa-api.henrygd.me/scoreboard/basketball-men/d3/2025/11/10 "200"
18:31:57 [INFO] HTTP Request: GET https://ncaa-api.henrygd.me/scoreboard/basketball-men/d3/2025/11/11 "HTTP/1.1 200 OK"
18:31:57 [INFO] HTTP Request: GET https://ncaa-api.henrygd.me/scoreboard/basketball-men/d3/2025/11/11 "200"
18:31:58 [INFO] HTTP Request: GET https://ncaa-api.henrygd.me/scoreboard/basketball-men/d3/2025/11/12 "HTTP/1.1 200 OK"
18:31:58 [INFO] HTTP Request: GET https://ncaa-api.henrygd.me/scoreboard/basketball-men/d3/2025/11/12 "200"
18:31:59 [INFO] HTTP Request: GET https://ncaa-api.henrygd.me/scoreboard/basketball-men/d3/2025/11/13 "HTTP/1.1 200 OK"
18:31:59 [INFO] HTTP Request: GET https://ncaa-api.henrygd.me/scoreboard/basketball-men/d3/2025/11/13 "200"
18:31:59 [INFO] HTTP Request: GET https://ncaa-api.henrygd.me/scoreboard/basketball-men/d3/2025/11/14 "HTTP/1.1 200 OK"
18:31:59 [INFO] HTTP Request: GET https://ncaa-api.henrygd.me/scoreboard/basketball-men/d3/2025/11/14 "200"
18:32:00 [INFO] HTTP Request: GET https://ncaa-api.henrygd.me/scoreboard/basketball-men/d3/2025/11/15 "HTTP/1.1 200 OK"
18:32:00 [INFO] HTTP Request: GET https://ncaa-api.henrygd.me/scoreboard/basketball-men/d3/2025/11/15 "200"
18:32:01 [INFO] HTTP Request: GET https://ncaa-api.henrygd.me/scoreboard/basketball-men/d3/2025/11/16 "HTTP/1.1 200 OK"
18:32:01 [INFO] HTTP Request: GET https://ncaa-api.henrygd.me/scoreboard/basketball-men/d3/2025/11/16 "200"
18:32:01 [INFO] HTTP Request: GET https://ncaa-api.henrygd.me/scoreboard/basketball-men/d3/2025/11/17 "HTTP/1.1 200 OK"
18:32:01 [INFO] HTTP Request: GET https://ncaa-api.henrygd.me/scoreboard/basketball-men/d3/2025/11/17 "200"
18:32:02 [INFO] HTTP Request: GET https://ncaa-api.henrygd.me/scoreboard/basketball-men/d3/2025/11/18 "HTTP/1.1 200 OK"
18:32:02 [INFO] HTTP Request: GET https://ncaa-api.henrygd.me/scoreboard/basketball-men/d3/2025/11/18 "200"
18:32:03 [INFO] HTTP Request: GET https://ncaa-api.henrygd.me/scoreboard/basketball-men/d3/2025/11/19 "HTTP/1.1 200 OK"
18:32:03 [INFO] HTTP Request: GET https://ncaa-api.henrygd.me/scoreboard/basketball-men/d3/2025/11/19 "200"
18:32:03 [INFO] HTTP Request: GET https://ncaa-api.henrygd.me/scoreboard/basketball-men/d3/2025/11/20 "HTTP/1.1 200 OK"
18:32:03 [INFO] HTTP Request: GET https://ncaa-api.henrygd.me/scoreboard/basketball-men/d3/2025/11/20 "200"
18:32:04 [INFO] HTTP Request: GET https://ncaa-api.henrygd.me/scoreboard/basketball-men/d3/2025/11/21 "HTTP/1.1 200 OK"
18:32:04 [INFO] HTTP Request: GET https://ncaa-api.henrygd.me/scoreboard/basketball-men/d3/2025/11/21 "200"
18:32:04 [INFO]   Fetching scoreboards: 20/113
18:32:05 [INFO] HTTP Request: GET https://ncaa-api.henrygd.me/scoreboard/basketball-men/d3/2025/11/22 "HTTP/1.1 200 OK"
18:32:05 [INFO] HTTP Request: GET https://ncaa-api.henrygd.me/scoreboard/basketball-men/d3/2025/11/22 "200"
18:32:06 [INFO] HTTP Request: GET https://ncaa-api.henrygd.me/scoreboard/basketball-men/d3/2025/11/23 "HTTP/1.1 200 OK"
18:32:06 [INFO] HTTP Request: GET https://ncaa-api.henrygd.me/scoreboard/basketball-men/d3/2025/11/23 "200"
18:32:06 [INFO] HTTP Request: GET https://ncaa-api.henrygd.me/scoreboard/basketball-men/d3/2025/11/24 "HTTP/1.1 200 OK"
18:32:06 [INFO] HTTP Request: GET https://ncaa-api.henrygd.me/scoreboard/basketball-men/d3/2025/11/24 "200"
18:32:07 [INFO] HTTP Request: GET https://ncaa-api.henrygd.me/scoreboard/basketball-men/d3/2025/11/25 "HTTP/1.1 200 OK"
18:32:07 [INFO] HTTP Request: GET https://ncaa-api.henrygd.me/scoreboard/basketball-men/d3/2025/11/25 "200"
18:32:08 [INFO] HTTP Request: GET https://ncaa-api.henrygd.me/scoreboard/basketball-men/d3/2025/11/26 "HTTP/1.1 200 OK"
18:32:08 [INFO] HTTP Request: GET https://ncaa-api.henrygd.me/scoreboard/basketball-men/d3/2025/11/26 "200"
18:32:09 [INFO] HTTP Request: GET https://ncaa-api.henrygd.me/scoreboard/basketball-men/d3/2025/11/28 "HTTP/1.1 200 OK"
18:32:09 [INFO] HTTP Request: GET https://ncaa-api.henrygd.me/scoreboard/basketball-men/d3/2025/11/28 "200"
18:32:09 [INFO] HTTP Request: GET https://ncaa-api.henrygd.me/scoreboard/basketball-men/d3/2025/11/29 "HTTP/1.1 200 OK"
18:32:09 [INFO] HTTP Request: GET https://ncaa-api.henrygd.me/scoreboard/basketball-men/d3/2025/11/29 "200"
18:32:10 [INFO] HTTP Request: GET https://ncaa-api.henrygd.me/scoreboard/basketball-men/d3/2025/11/30 "HTTP/1.1 200 OK"
18:32:10 [INFO] HTTP Request: GET https://ncaa-api.henrygd.me/scoreboard/basketball-men/d3/2025/11/30 "200"
18:32:11 [INFO] HTTP Request: GET https://ncaa-api.henrygd.me/scoreboard/basketball-men/d3/2025/12/01 "HTTP/1.1 200 OK"
18:32:11 [INFO] HTTP Request: GET https://ncaa-api.henrygd.me/scoreboard/basketball-men/d3/2025/12/01 "200"
18:32:11 [INFO] HTTP Request: GET https://ncaa-api.henrygd.me/scoreboard/basketball-men/d3/2025/12/02 "HTTP/1.1 200 OK"
18:32:11 [INFO] HTTP Request: GET https://ncaa-api.henrygd.me/scoreboard/basketball-men/d3/2025/12/02 "200"
18:32:12 [INFO] HTTP Request: GET https://ncaa-api.henrygd.me/scoreboard/basketball-men/d3/2025/12/03 "HTTP/1.1 200 OK"
18:32:12 [INFO] HTTP Request: GET https://ncaa-api.henrygd.me/scoreboard/basketball-men/d3/2025/12/03 "200"
18:32:13 [INFO] HTTP Request: GET https://ncaa-api.henrygd.me/scoreboard/basketball-men/d3/2025/12/04 "HTTP/1.1 200 OK"
18:32:13 [INFO] HTTP Request: GET https://ncaa-api.henrygd.me/scoreboard/basketball-men/d3/2025/12/04 "200"
18:32:13 [INFO] HTTP Request: GET https://ncaa-api.henrygd.me/scoreboard/basketball-men/d3/2025/12/05 "HTTP/1.1 200 OK"
18:32:13 [INFO] HTTP Request: GET https://ncaa-api.henrygd.me/scoreboard/basketball-men/d3/2025/12/05 "200"
18:32:14 [INFO] HTTP Request: GET https://ncaa-api.henrygd.me/scoreboard/basketball-men/d3/2025/12/06 "HTTP/1.1 200 OK"
18:32:14 [INFO] HTTP Request: GET https://ncaa-api.henrygd.me/scoreboard/basketball-men/d3/2025/12/06 "200"
18:32:15 [INFO] HTTP Request: GET https://ncaa-api.henrygd.me/scoreboard/basketball-men/d3/2025/12/07 "HTTP/1.1 200 OK"
18:32:15 [INFO] HTTP Request: GET https://ncaa-api.henrygd.me/scoreboard/basketball-men/d3/2025/12/07 "200"
18:32:16 [INFO] HTTP Request: GET https://ncaa-api.henrygd.me/scoreboard/basketball-men/d3/2025/12/08 "HTTP/1.1 200 OK"
18:32:16 [INFO] HTTP Request: GET https://ncaa-api.henrygd.me/scoreboard/basketball-men/d3/2025/12/08 "200"
18:32:16 [INFO] HTTP Request: GET https://ncaa-api.henrygd.me/scoreboard/basketball-men/d3/2025/12/09 "HTTP/1.1 200 OK"
18:32:16 [INFO] HTTP Request: GET https://ncaa-api.henrygd.me/scoreboard/basketball-men/d3/2025/12/09 "200"
18:32:17 [INFO] HTTP Request: GET https://ncaa-api.henrygd.me/scoreboard/basketball-men/d3/2025/12/10 "HTTP/1.1 200 OK"
18:32:17 [INFO] HTTP Request: GET https://ncaa-api.henrygd.me/scoreboard/basketball-men/d3/2025/12/10 "200"
18:32:18 [INFO] HTTP Request: GET https://ncaa-api.henrygd.me/scoreboard/basketball-men/d3/2025/12/11 "HTTP/1.1 200 OK"
18:32:18 [INFO] HTTP Request: GET https://ncaa-api.henrygd.me/scoreboard/basketball-men/d3/2025/12/11 "200"
18:32:18 [INFO] HTTP Request: GET https://ncaa-api.henrygd.me/scoreboard/basketball-men/d3/2025/12/12 "HTTP/1.1 200 OK"
18:32:18 [INFO] HTTP Request: GET https://ncaa-api.henrygd.me/scoreboard/basketball-men/d3/2025/12/12 "200"
18:32:18 [INFO]   Fetching scoreboards: 40/113
18:32:19 [INFO] HTTP Request: GET https://ncaa-api.henrygd.me/scoreboard/basketball-men/d3/2025/12/13 "HTTP/1.1 200 OK"
18:32:19 [INFO] HTTP Request: GET https://ncaa-api.henrygd.me/scoreboard/basketball-men/d3/2025/12/13 "200"
18:32:20 [INFO] HTTP Request: GET https://ncaa-api.henrygd.me/scoreboard/basketball-men/d3/2025/12/14 "HTTP/1.1 200 OK"
18:32:20 [INFO] HTTP Request: GET https://ncaa-api.henrygd.me/scoreboard/basketball-men/d3/2025/12/14 "200"
18:32:21 [INFO] HTTP Request: GET https://ncaa-api.henrygd.me/scoreboard/basketball-men/d3/2025/12/15 "HTTP/1.1 200 OK"
18:32:21 [INFO] HTTP Request: GET https://ncaa-api.henrygd.me/scoreboard/basketball-men/d3/2025/12/15 "200"
18:32:22 [INFO] HTTP Request: GET https://ncaa-api.henrygd.me/scoreboard/basketball-men/d3/2025/12/16 "HTTP/1.1 200 OK"
18:32:22 [INFO] HTTP Request: GET https://ncaa-api.henrygd.me/scoreboard/basketball-men/d3/2025/12/16 "200"
18:32:22 [INFO] HTTP Request: GET https://ncaa-api.henrygd.me/scoreboard/basketball-men/d3/2025/12/17 "HTTP/1.1 200 OK"
18:32:22 [INFO] HTTP Request: GET https://ncaa-api.henrygd.me/scoreboard/basketball-men/d3/2025/12/17 "200"
18:32:23 [INFO] HTTP Request: GET https://ncaa-api.henrygd.me/scoreboard/basketball-men/d3/2025/12/18 "HTTP/1.1 200 OK"
18:32:23 [INFO] HTTP Request: GET https://ncaa-api.henrygd.me/scoreboard/basketball-men/d3/2025/12/18 "200"
18:32:24 [INFO] HTTP Request: GET https://ncaa-api.henrygd.me/scoreboard/basketball-men/d3/2025/12/19 "HTTP/1.1 200 OK"
18:32:24 [INFO] HTTP Request: GET https://ncaa-api.henrygd.me/scoreboard/basketball-men/d3/2025/12/19 "200"
18:32:24 [INFO] HTTP Request: GET https://ncaa-api.henrygd.me/scoreboard/basketball-men/d3/2025/12/20 "HTTP/1.1 200 OK"
18:32:24 [INFO] HTTP Request: GET https://ncaa-api.henrygd.me/scoreboard/basketball-men/d3/2025/12/20 "200"
18:32:25 [INFO] HTTP Request: GET https://ncaa-api.henrygd.me/scoreboard/basketball-men/d3/2025/12/21 "HTTP/1.1 200 OK"
18:32:25 [INFO] HTTP Request: GET https://ncaa-api.henrygd.me/scoreboard/basketball-men/d3/2025/12/21 "200"
18:32:26 [INFO] HTTP Request: GET https://ncaa-api.henrygd.me/scoreboard/basketball-men/d3/2025/12/22 "HTTP/1.1 200 OK"
18:32:26 [INFO] HTTP Request: GET https://ncaa-api.henrygd.me/scoreboard/basketball-men/d3/2025/12/22 "200"
18:32:26 [INFO] HTTP Request: GET https://ncaa-api.henrygd.me/scoreboard/basketball-men/d3/2025/12/23 "HTTP/1.1 200 OK"
18:32:26 [INFO] HTTP Request: GET https://ncaa-api.henrygd.me/scoreboard/basketball-men/d3/2025/12/23 "200"
18:32:27 [INFO] HTTP Request: GET https://ncaa-api.henrygd.me/scoreboard/basketball-men/d3/2025/12/27 "HTTP/1.1 200 OK"
18:32:27 [INFO] HTTP Request: GET https://ncaa-api.henrygd.me/scoreboard/basketball-men/d3/2025/12/27 "200"
18:32:28 [INFO] HTTP Request: GET https://ncaa-api.henrygd.me/scoreboard/basketball-men/d3/2025/12/28 "HTTP/1.1 200 OK"
18:32:28 [INFO] HTTP Request: GET https://ncaa-api.henrygd.me/scoreboard/basketball-men/d3/2025/12/28 "200"
18:32:28 [INFO] HTTP Request: GET https://ncaa-api.henrygd.me/scoreboard/basketball-men/d3/2025/12/29 "HTTP/1.1 200 OK"
18:32:28 [INFO] HTTP Request: GET https://ncaa-api.henrygd.me/scoreboard/basketball-men/d3/2025/12/29 "200"
18:32:29 [INFO] HTTP Request: GET https://ncaa-api.henrygd.me/scoreboard/basketball-men/d3/2025/12/30 "HTTP/1.1 200 OK"
18:32:29 [INFO] HTTP Request: GET https://ncaa-api.henrygd.me/scoreboard/basketball-men/d3/2025/12/30 "200"
18:32:30 [INFO] HTTP Request: GET https://ncaa-api.henrygd.me/scoreboard/basketball-men/d3/2025/12/31 "HTTP/1.1 200 OK"
18:32:30 [INFO] HTTP Request: GET https://ncaa-api.henrygd.me/scoreboard/basketball-men/d3/2025/12/31 "200"
18:32:31 [INFO] HTTP Request: GET https://ncaa-api.henrygd.me/scoreboard/basketball-men/d3/2026/01/01 "HTTP/1.1 200 OK"
18:32:31 [INFO] HTTP Request: GET https://ncaa-api.henrygd.me/scoreboard/basketball-men/d3/2026/01/01 "200"
18:32:31 [INFO] HTTP Request: GET https://ncaa-api.henrygd.me/scoreboard/basketball-men/d3/2026/01/02 "HTTP/1.1 200 OK"
18:32:31 [INFO] HTTP Request: GET https://ncaa-api.henrygd.me/scoreboard/basketball-men/d3/2026/01/02 "200"
18:32:32 [INFO] HTTP Request: GET https://ncaa-api.henrygd.me/scoreboard/basketball-men/d3/2026/01/03 "HTTP/1.1 200 OK"
18:32:32 [INFO] HTTP Request: GET https://ncaa-api.henrygd.me/scoreboard/basketball-men/d3/2026/01/03 "200"
18:32:33 [INFO] HTTP Request: GET https://ncaa-api.henrygd.me/scoreboard/basketball-men/d3/2026/01/04 "HTTP/1.1 200 OK"
18:32:33 [INFO] HTTP Request: GET https://ncaa-api.henrygd.me/scoreboard/basketball-men/d3/2026/01/04 "200"
18:32:33 [INFO]   Fetching scoreboards: 60/113
18:32:33 [INFO] HTTP Request: GET https://ncaa-api.henrygd.me/scoreboard/basketball-men/d3/2026/01/05 "HTTP/1.1 200 OK"
18:32:33 [INFO] HTTP Request: GET https://ncaa-api.henrygd.me/scoreboard/basketball-men/d3/2026/01/05 "200"
18:32:34 [INFO] HTTP Request: GET https://ncaa-api.henrygd.me/scoreboard/basketball-men/d3/2026/01/06 "HTTP/1.1 200 OK"
18:32:34 [INFO] HTTP Request: GET https://ncaa-api.henrygd.me/scoreboard/basketball-men/d3/2026/01/06 "200"
18:32:35 [INFO] HTTP Request: GET https://ncaa-api.henrygd.me/scoreboard/basketball-men/d3/2026/01/07 "HTTP/1.1 200 OK"
18:32:35 [INFO] HTTP Request: GET https://ncaa-api.henrygd.me/scoreboard/basketball-men/d3/2026/01/07 "200"
18:32:36 [INFO] HTTP Request: GET https://ncaa-api.henrygd.me/scoreboard/basketball-men/d3/2026/01/08 "HTTP/1.1 200 OK"
18:32:36 [INFO] HTTP Request: GET https://ncaa-api.henrygd.me/scoreboard/basketball-men/d3/2026/01/08 "200"
18:32:36 [INFO] HTTP Request: GET https://ncaa-api.henrygd.me/scoreboard/basketball-men/d3/2026/01/09 "HTTP/1.1 200 OK"
18:32:36 [INFO] HTTP Request: GET https://ncaa-api.henrygd.me/scoreboard/basketball-men/d3/2026/01/09 "200"
18:32:37 [INFO] HTTP Request: GET https://ncaa-api.henrygd.me/scoreboard/basketball-men/d3/2026/01/10 "HTTP/1.1 200 OK"
18:32:37 [INFO] HTTP Request: GET https://ncaa-api.henrygd.me/scoreboard/basketball-men/d3/2026/01/10 "200"
18:32:38 [INFO] HTTP Request: GET https://ncaa-api.henrygd.me/scoreboard/basketball-men/d3/2026/01/11 "HTTP/1.1 200 OK"
18:32:38 [INFO] HTTP Request: GET https://ncaa-api.henrygd.me/scoreboard/basketball-men/d3/2026/01/11 "200"
18:32:38 [INFO] HTTP Request: GET https://ncaa-api.henrygd.me/scoreboard/basketball-men/d3/2026/01/12 "HTTP/1.1 200 OK"
18:32:38 [INFO] HTTP Request: GET https://ncaa-api.henrygd.me/scoreboard/basketball-men/d3/2026/01/12 "200"
18:32:39 [INFO] HTTP Request: GET https://ncaa-api.henrygd.me/scoreboard/basketball-men/d3/2026/01/13 "HTTP/1.1 200 OK"
18:32:39 [INFO] HTTP Request: GET https://ncaa-api.henrygd.me/scoreboard/basketball-men/d3/2026/01/13 "200"
18:32:40 [INFO] HTTP Request: GET https://ncaa-api.henrygd.me/scoreboard/basketball-men/d3/2026/01/14 "HTTP/1.1 200 OK"
18:32:40 [INFO] HTTP Request: GET https://ncaa-api.henrygd.me/scoreboard/basketball-men/d3/2026/01/14 "200"
18:32:41 [INFO] HTTP Request: GET https://ncaa-api.henrygd.me/scoreboard/basketball-men/d3/2026/01/15 "HTTP/1.1 200 OK"
18:32:41 [INFO] HTTP Request: GET https://ncaa-api.henrygd.me/scoreboard/basketball-men/d3/2026/01/15 "200"
18:32:41 [INFO] HTTP Request: GET https://ncaa-api.henrygd.me/scoreboard/basketball-men/d3/2026/01/16 "HTTP/1.1 200 OK"
18:32:41 [INFO] HTTP Request: GET https://ncaa-api.henrygd.me/scoreboard/basketball-men/d3/2026/01/16 "200"
18:32:42 [INFO] HTTP Request: GET https://ncaa-api.henrygd.me/scoreboard/basketball-men/d3/2026/01/17 "HTTP/1.1 200 OK"
18:32:42 [INFO] HTTP Request: GET https://ncaa-api.henrygd.me/scoreboard/basketball-men/d3/2026/01/17 "200"
18:32:43 [INFO] HTTP Request: GET https://ncaa-api.henrygd.me/scoreboard/basketball-men/d3/2026/01/18 "HTTP/1.1 200 OK"
18:32:43 [INFO] HTTP Request: GET https://ncaa-api.henrygd.me/scoreboard/basketball-men/d3/2026/01/18 "200"
18:32:43 [INFO] HTTP Request: GET https://ncaa-api.henrygd.me/scoreboard/basketball-men/d3/2026/01/19 "HTTP/1.1 200 OK"
18:32:43 [INFO] HTTP Request: GET https://ncaa-api.henrygd.me/scoreboard/basketball-men/d3/2026/01/19 "200"
18:32:44 [INFO] HTTP Request: GET https://ncaa-api.henrygd.me/scoreboard/basketball-men/d3/2026/01/20 "HTTP/1.1 200 OK"
18:32:44 [INFO] HTTP Request: GET https://ncaa-api.henrygd.me/scoreboard/basketball-men/d3/2026/01/20 "200"
18:32:45 [INFO] HTTP Request: GET https://ncaa-api.henrygd.me/scoreboard/basketball-men/d3/2026/01/21 "HTTP/1.1 200 OK"
18:32:45 [INFO] HTTP Request: GET https://ncaa-api.henrygd.me/scoreboard/basketball-men/d3/2026/01/21 "200"
18:32:45 [INFO] HTTP Request: GET https://ncaa-api.henrygd.me/scoreboard/basketball-men/d3/2026/01/22 "HTTP/1.1 200 OK"
18:32:45 [INFO] HTTP Request: GET https://ncaa-api.henrygd.me/scoreboard/basketball-men/d3/2026/01/22 "200"
18:32:46 [INFO] HTTP Request: GET https://ncaa-api.henrygd.me/scoreboard/basketball-men/d3/2026/01/23 "HTTP/1.1 200 OK"
18:32:46 [INFO] HTTP Request: GET https://ncaa-api.henrygd.me/scoreboard/basketball-men/d3/2026/01/23 "200"
18:32:47 [INFO] HTTP Request: GET https://ncaa-api.henrygd.me/scoreboard/basketball-men/d3/2026/01/24 "HTTP/1.1 200 OK"
18:32:47 [INFO] HTTP Request: GET https://ncaa-api.henrygd.me/scoreboard/basketball-men/d3/2026/01/24 "200"
18:32:47 [INFO]   Fetching scoreboards: 80/113
18:32:48 [INFO] HTTP Request: GET https://ncaa-api.henrygd.me/scoreboard/basketball-men/d3/2026/01/25 "HTTP/1.1 200 OK"
18:32:48 [INFO] HTTP Request: GET https://ncaa-api.henrygd.me/scoreboard/basketball-men/d3/2026/01/25 "200"
18:32:48 [INFO] HTTP Request: GET https://ncaa-api.henrygd.me/scoreboard/basketball-men/d3/2026/01/26 "HTTP/1.1 200 OK"
18:32:48 [INFO] HTTP Request: GET https://ncaa-api.henrygd.me/scoreboard/basketball-men/d3/2026/01/26 "200"
18:32:49 [INFO] HTTP Request: GET https://ncaa-api.henrygd.me/scoreboard/basketball-men/d3/2026/01/27 "HTTP/1.1 200 OK"
18:32:49 [INFO] HTTP Request: GET https://ncaa-api.henrygd.me/scoreboard/basketball-men/d3/2026/01/27 "200"
18:32:50 [INFO] HTTP Request: GET https://ncaa-api.henrygd.me/scoreboard/basketball-men/d3/2026/01/28 "HTTP/1.1 200 OK"
18:32:50 [INFO] HTTP Request: GET https://ncaa-api.henrygd.me/scoreboard/basketball-men/d3/2026/01/28 "200"
18:32:50 [INFO] HTTP Request: GET https://ncaa-api.henrygd.me/scoreboard/basketball-men/d3/2026/01/29 "HTTP/1.1 200 OK"
18:32:50 [INFO] HTTP Request: GET https://ncaa-api.henrygd.me/scoreboard/basketball-men/d3/2026/01/29 "200"
18:32:51 [INFO] HTTP Request: GET https://ncaa-api.henrygd.me/scoreboard/basketball-men/d3/2026/01/30 "HTTP/1.1 200 OK"
18:32:51 [INFO] HTTP Request: GET https://ncaa-api.henrygd.me/scoreboard/basketball-men/d3/2026/01/30 "200"
18:32:52 [INFO] HTTP Request: GET https://ncaa-api.henrygd.me/scoreboard/basketball-men/d3/2026/01/31 "HTTP/1.1 200 OK"
18:32:52 [INFO] HTTP Request: GET https://ncaa-api.henrygd.me/scoreboard/basketball-men/d3/2026/01/31 "200"
18:32:53 [INFO] HTTP Request: GET https://ncaa-api.henrygd.me/scoreboard/basketball-men/d3/2026/02/01 "HTTP/1.1 200 OK"
18:32:53 [INFO] HTTP Request: GET https://ncaa-api.henrygd.me/scoreboard/basketball-men/d3/2026/02/01 "200"
18:32:53 [INFO] HTTP Request: GET https://ncaa-api.henrygd.me/scoreboard/basketball-men/d3/2026/02/02 "HTTP/1.1 200 OK"
18:32:53 [INFO] HTTP Request: GET https://ncaa-api.henrygd.me/scoreboard/basketball-men/d3/2026/02/02 "200"
18:32:54 [INFO] HTTP Request: GET https://ncaa-api.henrygd.me/scoreboard/basketball-men/d3/2026/02/03 "HTTP/1.1 200 OK"
18:32:54 [INFO] HTTP Request: GET https://ncaa-api.henrygd.me/scoreboard/basketball-men/d3/2026/02/03 "200"
18:32:55 [INFO] HTTP Request: GET https://ncaa-api.henrygd.me/scoreboard/basketball-men/d3/2026/02/04 "HTTP/1.1 200 OK"
18:32:55 [INFO] HTTP Request: GET https://ncaa-api.henrygd.me/scoreboard/basketball-men/d3/2026/02/04 "200"
18:32:55 [INFO] HTTP Request: GET https://ncaa-api.henrygd.me/scoreboard/basketball-men/d3/2026/02/05 "HTTP/1.1 200 OK"
18:32:55 [INFO] HTTP Request: GET https://ncaa-api.henrygd.me/scoreboard/basketball-men/d3/2026/02/05 "200"
18:32:56 [INFO] HTTP Request: GET https://ncaa-api.henrygd.me/scoreboard/basketball-men/d3/2026/02/06 "HTTP/1.1 200 OK"
18:32:56 [INFO] HTTP Request: GET https://ncaa-api.henrygd.me/scoreboard/basketball-men/d3/2026/02/06 "200"
18:32:57 [INFO] HTTP Request: GET https://ncaa-api.henrygd.me/scoreboard/basketball-men/d3/2026/02/07 "HTTP/1.1 200 OK"
18:32:57 [INFO] HTTP Request: GET https://ncaa-api.henrygd.me/scoreboard/basketball-men/d3/2026/02/07 "200"
18:32:58 [INFO] HTTP Request: GET https://ncaa-api.henrygd.me/scoreboard/basketball-men/d3/2026/02/08 "HTTP/1.1 200 OK"
18:32:58 [INFO] HTTP Request: GET https://ncaa-api.henrygd.me/scoreboard/basketball-men/d3/2026/02/08 "200"
18:32:58 [INFO] HTTP Request: GET https://ncaa-api.henrygd.me/scoreboard/basketball-men/d3/2026/02/09 "HTTP/1.1 200 OK"
18:32:58 [INFO] HTTP Request: GET https://ncaa-api.henrygd.me/scoreboard/basketball-men/d3/2026/02/09 "200"
18:32:59 [INFO] HTTP Request: GET https://ncaa-api.henrygd.me/scoreboard/basketball-men/d3/2026/02/10 "HTTP/1.1 200 OK"
18:32:59 [INFO] HTTP Request: GET https://ncaa-api.henrygd.me/scoreboard/basketball-men/d3/2026/02/10 "200"
18:33:00 [INFO] HTTP Request: GET https://ncaa-api.henrygd.me/scoreboard/basketball-men/d3/2026/02/11 "HTTP/1.1 200 OK"
18:33:00 [INFO] HTTP Request: GET https://ncaa-api.henrygd.me/scoreboard/basketball-men/d3/2026/02/11 "200"
18:33:00 [INFO] HTTP Request: GET https://ncaa-api.henrygd.me/scoreboard/basketball-men/d3/2026/02/12 "HTTP/1.1 200 OK"
18:33:00 [INFO] HTTP Request: GET https://ncaa-api.henrygd.me/scoreboard/basketball-men/d3/2026/02/12 "200"
18:33:01 [INFO] HTTP Request: GET https://ncaa-api.henrygd.me/scoreboard/basketball-men/d3/2026/02/13 "HTTP/1.1 200 OK"
18:33:01 [INFO] HTTP Request: GET https://ncaa-api.henrygd.me/scoreboard/basketball-men/d3/2026/02/13 "200"
18:33:01 [INFO]   Fetching scoreboards: 100/113
18:33:02 [INFO] HTTP Request: GET https://ncaa-api.henrygd.me/scoreboard/basketball-men/d3/2026/02/14 "HTTP/1.1 200 OK"
18:33:02 [INFO] HTTP Request: GET https://ncaa-api.henrygd.me/scoreboard/basketball-men/d3/2026/02/14 "200"
18:33:02 [INFO] HTTP Request: GET https://ncaa-api.henrygd.me/scoreboard/basketball-men/d3/2026/02/15 "HTTP/1.1 200 OK"
18:33:02 [INFO] HTTP Request: GET https://ncaa-api.henrygd.me/scoreboard/basketball-men/d3/2026/02/15 "200"
18:33:04 [INFO] HTTP Request: GET https://ncaa-api.henrygd.me/scoreboard/basketball-men/d3/2026/02/16 "HTTP/1.1 200 OK"
18:33:04 [INFO] HTTP Request: GET https://ncaa-api.henrygd.me/scoreboard/basketball-men/d3/2026/02/16 "200"
18:33:05 [INFO] HTTP Request: GET https://ncaa-api.henrygd.me/scoreboard/basketball-men/d3/2026/02/17 "HTTP/1.1 200 OK"
18:33:05 [INFO] HTTP Request: GET https://ncaa-api.henrygd.me/scoreboard/basketball-men/d3/2026/02/17 "200"
18:33:05 [INFO] HTTP Request: GET https://ncaa-api.henrygd.me/scoreboard/basketball-men/d3/2026/02/18 "HTTP/1.1 200 OK"
18:33:05 [INFO] HTTP Request: GET https://ncaa-api.henrygd.me/scoreboard/basketball-men/d3/2026/02/18 "200"
18:33:06 [INFO] HTTP Request: GET https://ncaa-api.henrygd.me/scoreboard/basketball-men/d3/2026/02/19 "HTTP/1.1 200 OK"
18:33:06 [INFO] HTTP Request: GET https://ncaa-api.henrygd.me/scoreboard/basketball-men/d3/2026/02/19 "200"
18:33:07 [INFO] HTTP Request: GET https://ncaa-api.henrygd.me/scoreboard/basketball-men/d3/2026/02/20 "HTTP/1.1 200 OK"
18:33:07 [INFO] HTTP Request: GET https://ncaa-api.henrygd.me/scoreboard/basketball-men/d3/2026/02/20 "200"
18:33:07 [INFO] HTTP Request: GET https://ncaa-api.henrygd.me/scoreboard/basketball-men/d3/2026/02/21 "HTTP/1.1 200 OK"
18:33:08 [INFO] HTTP Request: GET https://ncaa-api.henrygd.me/scoreboard/basketball-men/d3/2026/02/21 "200"
18:33:08 [INFO] HTTP Request: GET https://ncaa-api.henrygd.me/scoreboard/basketball-men/d3/2026/02/22 "HTTP/1.1 200 OK"
18:33:08 [INFO] HTTP Request: GET https://ncaa-api.henrygd.me/scoreboard/basketball-men/d3/2026/02/22 "200"
18:33:09 [INFO] HTTP Request: GET https://ncaa-api.henrygd.me/scoreboard/basketball-men/d3/2026/02/24 "HTTP/1.1 200 OK"
18:33:09 [INFO] HTTP Request: GET https://ncaa-api.henrygd.me/scoreboard/basketball-men/d3/2026/02/24 "200"
18:33:09 [INFO] HTTP Request: GET https://ncaa-api.henrygd.me/scoreboard/basketball-men/d3/2026/02/25 "HTTP/1.1 200 OK"
18:33:09 [INFO] HTTP Request: GET https://ncaa-api.henrygd.me/scoreboard/basketball-men/d3/2026/02/25 "200"
18:33:09 [INFO] HTTP Request: GET https://ncaa-api.henrygd.me/scoreboard/basketball-men/d3/2026/02/26 "HTTP/1.1 200 OK"
18:33:09 [INFO] HTTP Request: GET https://ncaa-api.henrygd.me/scoreboard/basketball-men/d3/2026/02/26 "200"
18:33:10 [INFO] HTTP Request: GET https://ncaa-api.henrygd.me/scoreboard/basketball-men/d3/2026/02/27 "HTTP/1.1 200 OK"
18:33:10 [INFO] HTTP Request: GET https://ncaa-api.henrygd.me/scoreboard/basketball-men/d3/2026/02/27 "200"
18:33:11 [INFO] HTTP Request: GET https://ncaa-api.henrygd.me/scoreboard/basketball-men/d3/2026/02/28 "HTTP/1.1 200 OK"
18:33:11 [INFO] HTTP Request: GET https://ncaa-api.henrygd.me/scoreboard/basketball-men/d3/2026/02/28 "200"
18:33:11 [INFO]   Cached 113 scoreboards with 5572 total games
18:33:11 [INFO] 
[1/14] Gustavus Adolphus
18:33:11 [INFO] Scraping team: Gustavus Adolphus (gust-adolphus)
18:33:11 [INFO]   Schedule: 25 completed games
18:33:12 [INFO] HTTP Request: GET https://ncaa-api.henrygd.me/game/6510362/boxscore "HTTP/1.1 200 OK"
18:33:12 [INFO] HTTP Request: GET https://ncaa-api.henrygd.me/game/6510362/boxscore "200"
18:33:13 [INFO] HTTP Request: GET https://ncaa-api.henrygd.me/game/6511618/boxscore "HTTP/1.1 200 OK"
18:33:13 [INFO] HTTP Request: GET https://ncaa-api.henrygd.me/game/6511618/boxscore "200"
18:33:14 [INFO] HTTP Request: GET https://ncaa-api.henrygd.me/game/6514784/boxscore "HTTP/1.1 200 OK"
18:33:14 [INFO] HTTP Request: GET https://ncaa-api.henrygd.me/game/6514784/boxscore "200"
18:33:14 [INFO] HTTP Request: GET https://ncaa-api.henrygd.me/game/6514068/boxscore "HTTP/1.1 200 OK"
18:33:14 [INFO] HTTP Request: GET https://ncaa-api.henrygd.me/game/6514068/boxscore "200"
18:33:15 [INFO] HTTP Request: GET https://ncaa-api.henrygd.me/game/6512039/boxscore "HTTP/1.1 200 OK"
18:33:15 [INFO] HTTP Request: GET https://ncaa-api.henrygd.me/game/6512039/boxscore "200"
18:33:16 [INFO] HTTP Request: GET https://ncaa-api.henrygd.me/game/6514719/boxscore "HTTP/1.1 200 OK"
18:33:16 [INFO] HTTP Request: GET https://ncaa-api.henrygd.me/game/6514719/boxscore "200"
18:33:17 [INFO] HTTP Request: GET https://ncaa-api.henrygd.me/game/6513911/boxscore "HTTP/1.1 200 OK"
18:33:17 [INFO] HTTP Request: GET https://ncaa-api.henrygd.me/game/6513911/boxscore "200"
18:33:18 [INFO] HTTP Request: GET https://ncaa-api.henrygd.me/game/6514508/boxscore "HTTP/1.1 200 OK"
18:33:18 [INFO] HTTP Request: GET https://ncaa-api.henrygd.me/game/6514508/boxscore "200"
18:33:18 [INFO] HTTP Request: GET https://ncaa-api.henrygd.me/game/6514263/boxscore "HTTP/1.1 200 OK"
18:33:18 [INFO] HTTP Request: GET https://ncaa-api.henrygd.me/game/6514263/boxscore "200"
18:33:19 [INFO] HTTP Request: GET https://ncaa-api.henrygd.me/game/6514677/boxscore "HTTP/1.1 200 OK"
18:33:19 [INFO] HTTP Request: GET https://ncaa-api.henrygd.me/game/6514677/boxscore "200"
18:33:20 [INFO] HTTP Request: GET https://ncaa-api.henrygd.me/game/6511310/boxscore "HTTP/1.1 200 OK"
18:33:20 [INFO] HTTP Request: GET https://ncaa-api.henrygd.me/game/6511310/boxscore "200"
18:33:21 [INFO] HTTP Request: GET https://ncaa-api.henrygd.me/game/6514927/boxscore "HTTP/1.1 200 OK"
18:33:21 [INFO] HTTP Request: GET https://ncaa-api.henrygd.me/game/6514927/boxscore "200"
18:33:22 [INFO] HTTP Request: GET https://ncaa-api.henrygd.me/game/6513039/boxscore "HTTP/1.1 200 OK"
18:33:22 [INFO] HTTP Request: GET https://ncaa-api.henrygd.me/game/6513039/boxscore "200"
18:33:23 [INFO] HTTP Request: GET https://ncaa-api.henrygd.me/game/6513009/boxscore "HTTP/1.1 200 OK"
18:33:23 [INFO] HTTP Request: GET https://ncaa-api.henrygd.me/game/6513009/boxscore "200"
18:33:24 [INFO] HTTP Request: GET https://ncaa-api.henrygd.me/game/6511698/boxscore "HTTP/1.1 200 OK"
18:33:24 [INFO] HTTP Request: GET https://ncaa-api.henrygd.me/game/6511698/boxscore "200"
18:33:25 [INFO] HTTP Request: GET https://ncaa-api.henrygd.me/game/6511561/boxscore "HTTP/1.1 200 OK"
18:33:25 [INFO] HTTP Request: GET https://ncaa-api.henrygd.me/game/6511561/boxscore "200"
18:33:26 [INFO] HTTP Request: GET https://ncaa-api.henrygd.me/game/6510588/boxscore "HTTP/1.1 200 OK"
18:33:26 [INFO] HTTP Request: GET https://ncaa-api.henrygd.me/game/6510588/boxscore "200"
18:33:27 [INFO] HTTP Request: GET https://ncaa-api.henrygd.me/game/6515038/boxscore "HTTP/1.1 200 OK"
18:33:27 [INFO] HTTP Request: GET https://ncaa-api.henrygd.me/game/6515038/boxscore "200"
18:33:27 [INFO] HTTP Request: GET https://ncaa-api.henrygd.me/game/6514727/boxscore "HTTP/1.1 200 OK"
18:33:27 [INFO] HTTP Request: GET https://ncaa-api.henrygd.me/game/6514727/boxscore "200"
18:33:28 [INFO] HTTP Request: GET https://ncaa-api.henrygd.me/game/6511712/boxscore "HTTP/1.1 200 OK"
18:33:28 [INFO] HTTP Request: GET https://ncaa-api.henrygd.me/game/6511712/boxscore "200"
18:33:29 [INFO] HTTP Request: GET https://ncaa-api.henrygd.me/game/6514524/boxscore "HTTP/1.1 200 OK"
18:33:29 [INFO] HTTP Request: GET https://ncaa-api.henrygd.me/game/6514524/boxscore "200"
18:33:30 [INFO] HTTP Request: GET https://ncaa-api.henrygd.me/game/6511565/boxscore "HTTP/1.1 200 OK"
18:33:30 [INFO] HTTP Request: GET https://ncaa-api.henrygd.me/game/6511565/boxscore "200"
18:33:31 [INFO] HTTP Request: GET https://ncaa-api.henrygd.me/game/6514886/boxscore "HTTP/1.1 200 OK"
18:33:31 [INFO] HTTP Request: GET https://ncaa-api.henrygd.me/game/6514886/boxscore "200"
18:33:32 [INFO] HTTP Request: GET https://ncaa-api.henrygd.me/game/6510595/boxscore "HTTP/1.1 200 OK"
18:33:32 [INFO] HTTP Request: GET https://ncaa-api.henrygd.me/game/6510595/boxscore "200"
18:33:33 [INFO] HTTP Request: GET https://ncaa-api.henrygd.me/game/6513930/boxscore "HTTP/1.1 200 OK"
18:33:33 [INFO] HTTP Request: GET https://ncaa-api.henrygd.me/game/6513930/boxscore "200"
18:33:33 [INFO]   Loaded: 25 games, 571 player-game-stat rows
18:33:33 [INFO] 
[2/14] Wis.-Stevens Point
18:33:33 [INFO] Scraping team: Wis.-Stevens Point (wis-stevens-point)
18:33:33 [INFO]   Schedule: 25 completed games
18:33:34 [INFO] HTTP Request: GET https://ncaa-api.henrygd.me/game/6511141/boxscore "HTTP/1.1 200 OK"
18:33:34 [INFO] HTTP Request: GET https://ncaa-api.henrygd.me/game/6511141/boxscore "200"
18:33:34 [INFO] HTTP Request: GET https://ncaa-api.henrygd.me/game/6513030/boxscore "HTTP/1.1 200 OK"
18:33:34 [INFO] HTTP Request: GET https://ncaa-api.henrygd.me/game/6513030/boxscore "200"
18:33:35 [INFO] HTTP Request: GET https://ncaa-api.henrygd.me/game/6512989/boxscore "HTTP/1.1 200 OK"
18:33:35 [INFO] HTTP Request: GET https://ncaa-api.henrygd.me/game/6512989/boxscore "200"
18:33:36 [INFO] HTTP Request: GET https://ncaa-api.henrygd.me/game/6512812/boxscore "HTTP/1.1 200 OK"
18:33:36 [INFO] HTTP Request: GET https://ncaa-api.henrygd.me/game/6512812/boxscore "200"
18:33:37 [INFO] HTTP Request: GET https://ncaa-api.henrygd.me/game/6534012/boxscore "HTTP/1.1 200 OK"
18:33:37 [INFO] HTTP Request: GET https://ncaa-api.henrygd.me/game/6534012/boxscore "200"
18:33:38 [INFO] HTTP Request: GET https://ncaa-api.henrygd.me/game/6515049/boxscore "HTTP/1.1 200 OK"
18:33:38 [INFO] HTTP Request: GET https://ncaa-api.henrygd.me/game/6515049/boxscore "200"
18:33:39 [INFO] HTTP Request: GET https://ncaa-api.henrygd.me/game/6514213/boxscore "HTTP/1.1 200 OK"
18:33:39 [INFO] HTTP Request: GET https://ncaa-api.henrygd.me/game/6514213/boxscore "200"
18:33:39 [INFO] HTTP Request: GET https://ncaa-api.henrygd.me/game/6513230/boxscore "HTTP/1.1 200 OK"
18:33:39 [INFO] HTTP Request: GET https://ncaa-api.henrygd.me/game/6513230/boxscore "200"
18:33:40 [INFO] HTTP Request: GET https://ncaa-api.henrygd.me/game/6514226/boxscore "HTTP/1.1 200 OK"
18:33:40 [INFO] HTTP Request: GET https://ncaa-api.henrygd.me/game/6514226/boxscore "200"
18:33:41 [INFO] HTTP Request: GET https://ncaa-api.henrygd.me/game/6515016/boxscore "HTTP/1.1 200 OK"
18:33:41 [INFO] HTTP Request: GET https://ncaa-api.henrygd.me/game/6515016/boxscore "200"
18:33:42 [INFO] HTTP Request: GET https://ncaa-api.henrygd.me/game/6510553/boxscore "HTTP/1.1 200 OK"
18:33:42 [INFO] HTTP Request: GET https://ncaa-api.henrygd.me/game/6510553/boxscore "200"
18:33:43 [INFO] HTTP Request: GET https://ncaa-api.henrygd.me/game/6515050/boxscore "HTTP/1.1 200 OK"
18:33:43 [INFO] HTTP Request: GET https://ncaa-api.henrygd.me/game/6515050/boxscore "200"
18:33:44 [INFO] HTTP Request: GET https://ncaa-api.henrygd.me/game/6513289/boxscore "HTTP/1.1 200 OK"
18:33:44 [INFO] HTTP Request: GET https://ncaa-api.henrygd.me/game/6513289/boxscore "200"
18:33:44 [INFO] HTTP Request: GET https://ncaa-api.henrygd.me/game/6513334/boxscore "HTTP/1.1 200 OK"
18:33:44 [INFO] HTTP Request: GET https://ncaa-api.henrygd.me/game/6513334/boxscore "200"
18:33:45 [INFO] HTTP Request: GET https://ncaa-api.henrygd.me/game/6512006/boxscore "HTTP/1.1 200 OK"
18:33:45 [INFO] HTTP Request: GET https://ncaa-api.henrygd.me/game/6512006/boxscore "200"
18:33:46 [INFO] HTTP Request: GET https://ncaa-api.henrygd.me/game/6514076/boxscore "HTTP/1.1 200 OK"
18:33:46 [INFO] HTTP Request: GET https://ncaa-api.henrygd.me/game/6514076/boxscore "200"
18:33:47 [INFO] HTTP Request: GET https://ncaa-api.henrygd.me/game/6510914/boxscore "HTTP/1.1 200 OK"
18:33:47 [INFO] HTTP Request: GET https://ncaa-api.henrygd.me/game/6510914/boxscore "200"
18:33:48 [INFO] HTTP Request: GET https://ncaa-api.henrygd.me/game/6515046/boxscore "HTTP/1.1 200 OK"
18:33:48 [INFO] HTTP Request: GET https://ncaa-api.henrygd.me/game/6515046/boxscore "200"
18:33:49 [INFO] HTTP Request: GET https://ncaa-api.henrygd.me/game/6514077/boxscore "HTTP/1.1 200 OK"
18:33:49 [INFO] HTTP Request: GET https://ncaa-api.henrygd.me/game/6514077/boxscore "200"
18:33:50 [INFO] HTTP Request: GET https://ncaa-api.henrygd.me/game/6512011/boxscore "HTTP/1.1 200 OK"
18:33:50 [INFO] HTTP Request: GET https://ncaa-api.henrygd.me/game/6512011/boxscore "200"
18:33:51 [INFO] HTTP Request: GET https://ncaa-api.henrygd.me/game/6515051/boxscore "HTTP/1.1 200 OK"
18:33:51 [INFO] HTTP Request: GET https://ncaa-api.henrygd.me/game/6515051/boxscore "200"
18:33:52 [INFO] HTTP Request: GET https://ncaa-api.henrygd.me/game/6510919/boxscore "HTTP/1.1 200 OK"
18:33:52 [INFO] HTTP Request: GET https://ncaa-api.henrygd.me/game/6510919/boxscore "200"
18:33:53 [INFO] HTTP Request: GET https://ncaa-api.henrygd.me/game/6515047/boxscore "HTTP/1.1 200 OK"
18:33:53 [INFO] HTTP Request: GET https://ncaa-api.henrygd.me/game/6515047/boxscore "200"
18:33:54 [INFO] HTTP Request: GET https://ncaa-api.henrygd.me/game/6513330/boxscore "HTTP/1.1 200 OK"
18:33:54 [INFO] HTTP Request: GET https://ncaa-api.henrygd.me/game/6513330/boxscore "200"
18:33:55 [INFO] HTTP Request: GET https://ncaa-api.henrygd.me/game/6513370/boxscore "HTTP/1.1 200 OK"
18:33:55 [INFO] HTTP Request: GET https://ncaa-api.henrygd.me/game/6513370/boxscore "200"
18:33:55 [INFO]   Loaded: 25 games, 545 player-game-stat rows
18:33:55 [INFO] 
[3/14] Wis.-La Crosse
18:33:55 [INFO] Scraping team: Wis.-La Crosse (wis-la-crosse)
18:33:55 [INFO]   Schedule: 26 completed games
18:33:56 [INFO] HTTP Request: GET https://ncaa-api.henrygd.me/game/6514425/boxscore "HTTP/1.1 200 OK"
18:33:56 [INFO] HTTP Request: GET https://ncaa-api.henrygd.me/game/6514425/boxscore "200"
18:33:57 [INFO] HTTP Request: GET https://ncaa-api.henrygd.me/game/6532810/boxscore "HTTP/1.1 200 OK"
18:33:57 [INFO] HTTP Request: GET https://ncaa-api.henrygd.me/game/6532810/boxscore "200"
18:33:57 [INFO] HTTP Request: GET https://ncaa-api.henrygd.me/game/6512150/boxscore "HTTP/1.1 200 OK"
18:33:57 [INFO] HTTP Request: GET https://ncaa-api.henrygd.me/game/6512150/boxscore "200"
18:33:58 [INFO] HTTP Request: GET https://ncaa-api.henrygd.me/game/6515043/boxscore "HTTP/1.1 200 OK"
18:33:58 [INFO] HTTP Request: GET https://ncaa-api.henrygd.me/game/6515043/boxscore "200"
18:33:59 [INFO] HTTP Request: GET https://ncaa-api.henrygd.me/game/6534016/boxscore "HTTP/1.1 200 OK"
18:33:59 [INFO] HTTP Request: GET https://ncaa-api.henrygd.me/game/6534016/boxscore "200"
18:34:00 [INFO] HTTP Request: GET https://ncaa-api.henrygd.me/game/6514506/boxscore "HTTP/1.1 200 OK"
18:34:00 [INFO] HTTP Request: GET https://ncaa-api.henrygd.me/game/6514506/boxscore "200"
18:34:01 [INFO] HTTP Request: GET https://ncaa-api.henrygd.me/game/6513328/boxscore "HTTP/1.1 200 OK"
18:34:01 [INFO] HTTP Request: GET https://ncaa-api.henrygd.me/game/6513328/boxscore "200"
18:34:02 [INFO] HTTP Request: GET https://ncaa-api.henrygd.me/game/6510041/boxscore "HTTP/1.1 200 OK"
18:34:02 [INFO] HTTP Request: GET https://ncaa-api.henrygd.me/game/6510041/boxscore "200"
18:34:02 [INFO] HTTP Request: GET https://ncaa-api.henrygd.me/game/6534114/boxscore "HTTP/1.1 200 OK"
18:34:02 [INFO] HTTP Request: GET https://ncaa-api.henrygd.me/game/6534114/boxscore "200"
18:34:03 [INFO] HTTP Request: GET https://ncaa-api.henrygd.me/game/6514215/boxscore "HTTP/1.1 200 OK"
18:34:03 [INFO] HTTP Request: GET https://ncaa-api.henrygd.me/game/6514215/boxscore "200"
18:34:04 [INFO] HTTP Request: GET https://ncaa-api.henrygd.me/game/6534785/boxscore "HTTP/1.1 200 OK"
18:34:04 [INFO] HTTP Request: GET https://ncaa-api.henrygd.me/game/6534785/boxscore "200"
18:34:05 [INFO] HTTP Request: GET https://ncaa-api.henrygd.me/game/6510909/boxscore "HTTP/1.1 200 OK"
18:34:05 [INFO] HTTP Request: GET https://ncaa-api.henrygd.me/game/6510909/boxscore "200"
18:34:06 [INFO] HTTP Request: GET https://ncaa-api.henrygd.me/game/6513331/boxscore "HTTP/1.1 200 OK"
18:34:06 [INFO] HTTP Request: GET https://ncaa-api.henrygd.me/game/6513331/boxscore "200"
18:34:07 [INFO] HTTP Request: GET https://ncaa-api.henrygd.me/game/6514074/boxscore "HTTP/1.1 200 OK"
18:34:07 [INFO] HTTP Request: GET https://ncaa-api.henrygd.me/game/6514074/boxscore "200"
18:34:08 [INFO] HTTP Request: GET https://ncaa-api.henrygd.me/game/6513301/boxscore "HTTP/1.1 200 OK"
18:34:08 [INFO] HTTP Request: GET https://ncaa-api.henrygd.me/game/6513301/boxscore "200"
18:34:08 [INFO] HTTP Request: GET https://ncaa-api.henrygd.me/game/6515045/boxscore "HTTP/1.1 200 OK"
18:34:08 [INFO] HTTP Request: GET https://ncaa-api.henrygd.me/game/6515045/boxscore "200"
18:34:09 [INFO] HTTP Request: GET https://ncaa-api.henrygd.me/game/6512008/boxscore "HTTP/1.1 200 OK"
18:34:09 [INFO] HTTP Request: GET https://ncaa-api.henrygd.me/game/6512008/boxscore "200"
18:34:09 [INFO] HTTP Request: GET https://ncaa-api.henrygd.me/game/6515046/boxscore "HTTP/1.1 200 OK"
18:34:09 [INFO] HTTP Request: GET https://ncaa-api.henrygd.me/game/6515046/boxscore "200"
18:34:10 [INFO] HTTP Request: GET https://ncaa-api.henrygd.me/game/6510916/boxscore "HTTP/1.1 200 OK"
18:34:10 [INFO] HTTP Request: GET https://ncaa-api.henrygd.me/game/6510916/boxscore "200"
18:34:11 [INFO] HTTP Request: GET https://ncaa-api.henrygd.me/game/6513318/boxscore "HTTP/1.1 200 OK"
18:34:11 [INFO] HTTP Request: GET https://ncaa-api.henrygd.me/game/6513318/boxscore "200"
18:34:12 [INFO] HTTP Request: GET https://ncaa-api.henrygd.me/game/6514078/boxscore "HTTP/1.1 200 OK"
18:34:12 [INFO] HTTP Request: GET https://ncaa-api.henrygd.me/game/6514078/boxscore "200"
18:34:13 [INFO] HTTP Request: GET https://ncaa-api.henrygd.me/game/6512013/boxscore "HTTP/1.1 200 OK"
18:34:13 [INFO] HTTP Request: GET https://ncaa-api.henrygd.me/game/6512013/boxscore "200"
18:34:14 [INFO] HTTP Request: GET https://ncaa-api.henrygd.me/game/6515047/boxscore "HTTP/1.1 200 OK"
18:34:14 [INFO] HTTP Request: GET https://ncaa-api.henrygd.me/game/6515047/boxscore "200"
18:34:14 [INFO] HTTP Request: GET https://ncaa-api.henrygd.me/game/6513367/boxscore "HTTP/1.1 200 OK"
18:34:14 [INFO] HTTP Request: GET https://ncaa-api.henrygd.me/game/6513367/boxscore "200"
18:34:15 [INFO] HTTP Request: GET https://ncaa-api.henrygd.me/game/6515048/boxscore "HTTP/1.1 200 OK"
18:34:15 [INFO] HTTP Request: GET https://ncaa-api.henrygd.me/game/6515048/boxscore "200"
18:34:16 [INFO] HTTP Request: GET https://ncaa-api.henrygd.me/game/6592335/boxscore "HTTP/1.1 200 OK"
18:34:16 [INFO] HTTP Request: GET https://ncaa-api.henrygd.me/game/6592335/boxscore "200"
18:34:16 [INFO]   Loaded: 26 games, 560 player-game-stat rows
18:34:16 [INFO] 
[4/14] Wis.-Whitewater
18:34:16 [INFO] Scraping team: Wis.-Whitewater (wis-whitewater)
18:34:16 [INFO]   Schedule: 25 completed games
18:34:17 [INFO] HTTP Request: GET https://ncaa-api.henrygd.me/game/6513259/boxscore "HTTP/1.1 200 OK"
18:34:17 [INFO] HTTP Request: GET https://ncaa-api.henrygd.me/game/6513259/boxscore "200"
18:34:17 [INFO] HTTP Request: GET https://ncaa-api.henrygd.me/game/6512406/boxscore "HTTP/1.1 200 OK"
18:34:17 [INFO] HTTP Request: GET https://ncaa-api.henrygd.me/game/6512406/boxscore "200"
18:34:18 [INFO] HTTP Request: GET https://ncaa-api.henrygd.me/game/6533362/boxscore "HTTP/1.1 200 OK"
18:34:18 [INFO] HTTP Request: GET https://ncaa-api.henrygd.me/game/6533362/boxscore "200"
18:34:19 [INFO] HTTP Request: GET https://ncaa-api.henrygd.me/game/6510366/boxscore "HTTP/1.1 200 OK"
18:34:19 [INFO] HTTP Request: GET https://ncaa-api.henrygd.me/game/6510366/boxscore "200"
18:34:20 [INFO] HTTP Request: GET https://ncaa-api.henrygd.me/game/6513261/boxscore "HTTP/1.1 200 OK"
18:34:20 [INFO] HTTP Request: GET https://ncaa-api.henrygd.me/game/6513261/boxscore "200"
18:34:21 [INFO] HTTP Request: GET https://ncaa-api.henrygd.me/game/6512971/boxscore "HTTP/1.1 200 OK"
18:34:21 [INFO] HTTP Request: GET https://ncaa-api.henrygd.me/game/6512971/boxscore "200"
18:34:22 [INFO] HTTP Request: GET https://ncaa-api.henrygd.me/game/6513263/boxscore "HTTP/1.1 200 OK"
18:34:22 [INFO] HTTP Request: GET https://ncaa-api.henrygd.me/game/6513263/boxscore "200"
18:34:23 [INFO] HTTP Request: GET https://ncaa-api.henrygd.me/game/6513264/boxscore "HTTP/1.1 200 OK"
18:34:23 [INFO] HTTP Request: GET https://ncaa-api.henrygd.me/game/6513264/boxscore "200"
18:34:24 [INFO] HTTP Request: GET https://ncaa-api.henrygd.me/game/6512729/boxscore "HTTP/1.1 200 OK"
18:34:24 [INFO] HTTP Request: GET https://ncaa-api.henrygd.me/game/6512729/boxscore "200"
18:34:25 [INFO] HTTP Request: GET https://ncaa-api.henrygd.me/game/6513268/boxscore "HTTP/1.1 200 OK"
18:34:25 [INFO] HTTP Request: GET https://ncaa-api.henrygd.me/game/6513268/boxscore "200"
18:34:26 [INFO] HTTP Request: GET https://ncaa-api.henrygd.me/game/6513270/boxscore "HTTP/1.1 200 OK"
18:34:26 [INFO] HTTP Request: GET https://ncaa-api.henrygd.me/game/6513270/boxscore "200"
18:34:26 [INFO] HTTP Request: GET https://ncaa-api.henrygd.me/game/6513274/boxscore "HTTP/1.1 200 OK"
18:34:26 [INFO] HTTP Request: GET https://ncaa-api.henrygd.me/game/6513274/boxscore "200"
18:34:27 [INFO] HTTP Request: GET https://ncaa-api.henrygd.me/game/6513289/boxscore "HTTP/1.1 200 OK"
18:34:27 [INFO] HTTP Request: GET https://ncaa-api.henrygd.me/game/6513289/boxscore "200"
18:34:27 [INFO] HTTP Request: GET https://ncaa-api.henrygd.me/game/6510911/boxscore "HTTP/1.1 200 OK"
18:34:27 [INFO] HTTP Request: GET https://ncaa-api.henrygd.me/game/6510911/boxscore "200"
18:34:28 [INFO] HTTP Request: GET https://ncaa-api.henrygd.me/game/6513301/boxscore "HTTP/1.1 200 OK"
18:34:28 [INFO] HTTP Request: GET https://ncaa-api.henrygd.me/game/6513301/boxscore "200"
18:34:28 [INFO] HTTP Request: GET https://ncaa-api.henrygd.me/game/6512007/boxscore "HTTP/1.1 200 OK"
18:34:29 [INFO] HTTP Request: GET https://ncaa-api.henrygd.me/game/6512007/boxscore "200"
18:34:29 [INFO] HTTP Request: GET https://ncaa-api.henrygd.me/game/6513305/boxscore "HTTP/1.1 200 OK"
18:34:29 [INFO] HTTP Request: GET https://ncaa-api.henrygd.me/game/6513305/boxscore "200"
18:34:30 [INFO] HTTP Request: GET https://ncaa-api.henrygd.me/game/6513309/boxscore "HTTP/1.1 200 OK"
18:34:30 [INFO] HTTP Request: GET https://ncaa-api.henrygd.me/game/6513309/boxscore "200"
18:34:31 [INFO] HTTP Request: GET https://ncaa-api.henrygd.me/game/6513314/boxscore "HTTP/1.1 200 OK"
18:34:31 [INFO] HTTP Request: GET https://ncaa-api.henrygd.me/game/6513314/boxscore "200"
18:34:31 [INFO] HTTP Request: GET https://ncaa-api.henrygd.me/game/6513318/boxscore "HTTP/1.1 200 OK"
18:34:31 [INFO] HTTP Request: GET https://ncaa-api.henrygd.me/game/6513318/boxscore "200"
18:34:32 [INFO] HTTP Request: GET https://ncaa-api.henrygd.me/game/6512012/boxscore "HTTP/1.1 200 OK"
18:34:32 [INFO] HTTP Request: GET https://ncaa-api.henrygd.me/game/6512012/boxscore "200"
18:34:33 [INFO] HTTP Request: GET https://ncaa-api.henrygd.me/game/6513321/boxscore "HTTP/1.1 200 OK"
18:34:33 [INFO] HTTP Request: GET https://ncaa-api.henrygd.me/game/6513321/boxscore "200"
18:34:34 [INFO] HTTP Request: GET https://ncaa-api.henrygd.me/game/6513324/boxscore "HTTP/1.1 200 OK"
18:34:34 [INFO] HTTP Request: GET https://ncaa-api.henrygd.me/game/6513324/boxscore "200"
18:34:35 [INFO] HTTP Request: GET https://ncaa-api.henrygd.me/game/6513330/boxscore "HTTP/1.1 200 OK"
18:34:35 [INFO] HTTP Request: GET https://ncaa-api.henrygd.me/game/6513330/boxscore "200"
18:34:35 [INFO] HTTP Request: GET https://ncaa-api.henrygd.me/game/6510922/boxscore "HTTP/1.1 200 OK"
18:34:35 [INFO] HTTP Request: GET https://ncaa-api.henrygd.me/game/6510922/boxscore "200"
18:34:35 [INFO]   Loaded: 25 games, 576 player-game-stat rows
18:34:35 [INFO] 
[5/14] Wis.-Platteville
18:34:35 [INFO] Scraping team: Wis.-Platteville (wis-platteville)
18:34:35 [INFO]   Schedule: 26 completed games
18:34:36 [INFO] HTTP Request: GET https://ncaa-api.henrygd.me/game/6513594/boxscore "HTTP/1.1 200 OK"
18:34:36 [INFO] HTTP Request: GET https://ncaa-api.henrygd.me/game/6513594/boxscore "200"
18:34:37 [INFO] HTTP Request: GET https://ncaa-api.henrygd.me/game/6513972/boxscore "HTTP/1.1 200 OK"
18:34:37 [INFO] HTTP Request: GET https://ncaa-api.henrygd.me/game/6513972/boxscore "200"
18:34:38 [INFO] HTTP Request: GET https://ncaa-api.henrygd.me/game/6514063/boxscore "HTTP/1.1 200 OK"
18:34:38 [INFO] HTTP Request: GET https://ncaa-api.henrygd.me/game/6514063/boxscore "200"
18:34:39 [INFO] HTTP Request: GET https://ncaa-api.henrygd.me/game/6514066/boxscore "HTTP/1.1 200 OK"
18:34:39 [INFO] HTTP Request: GET https://ncaa-api.henrygd.me/game/6514066/boxscore "200"
18:34:40 [INFO] HTTP Request: GET https://ncaa-api.henrygd.me/game/6514068/boxscore "HTTP/1.1 200 OK"
18:34:40 [INFO] HTTP Request: GET https://ncaa-api.henrygd.me/game/6514068/boxscore "200"
18:34:41 [INFO] HTTP Request: GET https://ncaa-api.henrygd.me/game/6514070/boxscore "HTTP/1.1 200 OK"
18:34:41 [INFO] HTTP Request: GET https://ncaa-api.henrygd.me/game/6514070/boxscore "200"
18:34:41 [INFO] HTTP Request: GET https://ncaa-api.henrygd.me/game/6510445/boxscore "HTTP/1.1 200 OK"
18:34:41 [INFO] HTTP Request: GET https://ncaa-api.henrygd.me/game/6510445/boxscore "200"
18:34:42 [INFO] HTTP Request: GET https://ncaa-api.henrygd.me/game/6512635/boxscore "HTTP/1.1 200 OK"
18:34:42 [INFO] HTTP Request: GET https://ncaa-api.henrygd.me/game/6512635/boxscore "200"
18:34:43 [INFO] HTTP Request: GET https://ncaa-api.henrygd.me/game/6512728/boxscore "HTTP/1.1 200 OK"
18:34:43 [INFO] HTTP Request: GET https://ncaa-api.henrygd.me/game/6512728/boxscore "200"
18:34:44 [INFO] HTTP Request: GET https://ncaa-api.henrygd.me/game/6512184/boxscore "HTTP/1.1 200 OK"
18:34:44 [INFO] HTTP Request: GET https://ncaa-api.henrygd.me/game/6512184/boxscore "200"
18:34:45 [INFO] HTTP Request: GET https://ncaa-api.henrygd.me/game/6533977/boxscore "HTTP/1.1 200 OK"
18:34:45 [INFO] HTTP Request: GET https://ncaa-api.henrygd.me/game/6533977/boxscore "200"
18:34:45 [INFO] HTTP Request: GET https://ncaa-api.henrygd.me/game/6512005/boxscore "HTTP/1.1 200 OK"
18:34:45 [INFO] HTTP Request: GET https://ncaa-api.henrygd.me/game/6512005/boxscore "200"
18:34:46 [INFO] HTTP Request: GET https://ncaa-api.henrygd.me/game/6514073/boxscore "HTTP/1.1 200 OK"
18:34:46 [INFO] HTTP Request: GET https://ncaa-api.henrygd.me/game/6514073/boxscore "200"
18:34:47 [INFO] HTTP Request: GET https://ncaa-api.henrygd.me/game/6514074/boxscore "HTTP/1.1 200 OK"
18:34:47 [INFO] HTTP Request: GET https://ncaa-api.henrygd.me/game/6514074/boxscore "200"
18:34:47 [INFO] HTTP Request: GET https://ncaa-api.henrygd.me/game/6513340/boxscore "HTTP/1.1 200 OK"
18:34:47 [INFO] HTTP Request: GET https://ncaa-api.henrygd.me/game/6513340/boxscore "200"
18:34:49 [INFO] HTTP Request: GET https://ncaa-api.henrygd.me/game/6514076/boxscore "HTTP/1.1 200 OK"
18:34:49 [INFO] HTTP Request: GET https://ncaa-api.henrygd.me/game/6514076/boxscore "200"
18:34:49 [INFO] HTTP Request: GET https://ncaa-api.henrygd.me/game/6513305/boxscore "HTTP/1.1 200 OK"
18:34:49 [INFO] HTTP Request: GET https://ncaa-api.henrygd.me/game/6513305/boxscore "200"
18:34:50 [INFO] HTTP Request: GET https://ncaa-api.henrygd.me/game/6510915/boxscore "HTTP/1.1 200 OK"
18:34:50 [INFO] HTTP Request: GET https://ncaa-api.henrygd.me/game/6510915/boxscore "200"
18:34:51 [INFO] HTTP Request: GET https://ncaa-api.henrygd.me/game/6514077/boxscore "HTTP/1.1 200 OK"
18:34:51 [INFO] HTTP Request: GET https://ncaa-api.henrygd.me/game/6514077/boxscore "200"
18:34:52 [INFO] HTTP Request: GET https://ncaa-api.henrygd.me/game/6513348/boxscore "HTTP/1.1 200 OK"
18:34:52 [INFO] HTTP Request: GET https://ncaa-api.henrygd.me/game/6513348/boxscore "200"
18:34:52 [INFO] HTTP Request: GET https://ncaa-api.henrygd.me/game/6514078/boxscore "HTTP/1.1 200 OK"
18:34:52 [INFO] HTTP Request: GET https://ncaa-api.henrygd.me/game/6514078/boxscore "200"
18:34:52 [INFO] HTTP Request: GET https://ncaa-api.henrygd.me/game/6513321/boxscore "HTTP/1.1 200 OK"
18:34:52 [INFO] HTTP Request: GET https://ncaa-api.henrygd.me/game/6513321/boxscore "200"
18:34:53 [INFO] HTTP Request: GET https://ncaa-api.henrygd.me/game/6510920/boxscore "HTTP/1.1 200 OK"
18:34:53 [INFO] HTTP Request: GET https://ncaa-api.henrygd.me/game/6510920/boxscore "200"
18:34:54 [INFO] HTTP Request: GET https://ncaa-api.henrygd.me/game/6514080/boxscore "HTTP/1.1 200 OK"
18:34:54 [INFO] HTTP Request: GET https://ncaa-api.henrygd.me/game/6514080/boxscore "200"
18:34:55 [INFO] HTTP Request: GET https://ncaa-api.henrygd.me/game/6512015/boxscore "HTTP/1.1 200 OK"
18:34:55 [INFO] HTTP Request: GET https://ncaa-api.henrygd.me/game/6512015/boxscore "200"
18:34:56 [INFO] HTTP Request: GET https://ncaa-api.henrygd.me/game/6592336/boxscore "HTTP/1.1 200 OK"
18:34:56 [INFO] HTTP Request: GET https://ncaa-api.henrygd.me/game/6592336/boxscore "200"
18:34:56 [INFO]   Loaded: 26 games, 575 player-game-stat rows
18:34:56 [INFO] 
[6/14] Wis.-Oshkosh
18:34:56 [INFO] Scraping team: Wis.-Oshkosh (wis-oshkosh)
18:34:56 [INFO]   Schedule: 26 completed games
18:34:57 [INFO] HTTP Request: GET https://ncaa-api.henrygd.me/game/6513269/boxscore "HTTP/1.1 200 OK"
18:34:57 [INFO] HTTP Request: GET https://ncaa-api.henrygd.me/game/6513269/boxscore "200"
18:34:57 [INFO] HTTP Request: GET https://ncaa-api.henrygd.me/game/6513278/boxscore "HTTP/1.1 200 OK"
18:34:57 [INFO] HTTP Request: GET https://ncaa-api.henrygd.me/game/6513278/boxscore "200"
18:34:58 [INFO] HTTP Request: GET https://ncaa-api.henrygd.me/game/6533430/boxscore "HTTP/1.1 200 OK"
18:34:58 [INFO] HTTP Request: GET https://ncaa-api.henrygd.me/game/6533430/boxscore "200"
18:34:59 [INFO] HTTP Request: GET https://ncaa-api.henrygd.me/game/6513303/boxscore "HTTP/1.1 200 OK"
18:34:59 [INFO] HTTP Request: GET https://ncaa-api.henrygd.me/game/6513303/boxscore "200"
18:35:00 [INFO] HTTP Request: GET https://ncaa-api.henrygd.me/game/6512990/boxscore "HTTP/1.1 200 OK"
18:35:00 [INFO] HTTP Request: GET https://ncaa-api.henrygd.me/game/6512990/boxscore "200"
18:35:01 [INFO] HTTP Request: GET https://ncaa-api.henrygd.me/game/6513307/boxscore "HTTP/1.1 200 OK"
18:35:01 [INFO] HTTP Request: GET https://ncaa-api.henrygd.me/game/6513307/boxscore "200"
18:35:02 [INFO] HTTP Request: GET https://ncaa-api.henrygd.me/game/6513311/boxscore "HTTP/1.1 200 OK"
18:35:02 [INFO] HTTP Request: GET https://ncaa-api.henrygd.me/game/6513311/boxscore "200"
18:35:02 [INFO] HTTP Request: GET https://ncaa-api.henrygd.me/game/6513316/boxscore "HTTP/1.1 200 OK"
18:35:02 [INFO] HTTP Request: GET https://ncaa-api.henrygd.me/game/6513316/boxscore "200"
18:35:03 [INFO] HTTP Request: GET https://ncaa-api.henrygd.me/game/6513320/boxscore "HTTP/1.1 200 OK"
18:35:03 [INFO] HTTP Request: GET https://ncaa-api.henrygd.me/game/6513320/boxscore "200"
18:35:04 [INFO] HTTP Request: GET https://ncaa-api.henrygd.me/game/6511645/boxscore "HTTP/1.1 200 OK"
18:35:04 [INFO] HTTP Request: GET https://ncaa-api.henrygd.me/game/6511645/boxscore "200"
18:35:05 [INFO] HTTP Request: GET https://ncaa-api.henrygd.me/game/6513327/boxscore "HTTP/1.1 200 OK"
18:35:05 [INFO] HTTP Request: GET https://ncaa-api.henrygd.me/game/6513327/boxscore "200"
18:35:05 [INFO] HTTP Request: GET https://ncaa-api.henrygd.me/game/6513274/boxscore "HTTP/1.1 200 OK"
18:35:05 [INFO] HTTP Request: GET https://ncaa-api.henrygd.me/game/6513274/boxscore "200"
18:35:06 [INFO] HTTP Request: GET https://ncaa-api.henrygd.me/game/6513331/boxscore "HTTP/1.1 200 OK"
18:35:06 [INFO] HTTP Request: GET https://ncaa-api.henrygd.me/game/6513331/boxscore "200"
18:35:06 [INFO] HTTP Request: GET https://ncaa-api.henrygd.me/game/6513334/boxscore "HTTP/1.1 200 OK"
18:35:06 [INFO] HTTP Request: GET https://ncaa-api.henrygd.me/game/6513334/boxscore "200"
18:35:07 [INFO] HTTP Request: GET https://ncaa-api.henrygd.me/game/6513340/boxscore "HTTP/1.1 200 OK"
18:35:07 [INFO] HTTP Request: GET https://ncaa-api.henrygd.me/game/6513340/boxscore "200"
18:35:08 [INFO] HTTP Request: GET https://ncaa-api.henrygd.me/game/6510913/boxscore "HTTP/1.1 200 OK"
18:35:08 [INFO] HTTP Request: GET https://ncaa-api.henrygd.me/game/6510913/boxscore "200"
18:35:08 [INFO] HTTP Request: GET https://ncaa-api.henrygd.me/game/6513345/boxscore "HTTP/1.1 200 OK"
18:35:08 [INFO] HTTP Request: GET https://ncaa-api.henrygd.me/game/6513345/boxscore "200"
18:35:09 [INFO] HTTP Request: GET https://ncaa-api.henrygd.me/game/6512009/boxscore "HTTP/1.1 200 OK"
18:35:09 [INFO] HTTP Request: GET https://ncaa-api.henrygd.me/game/6512009/boxscore "200"
18:35:10 [INFO] HTTP Request: GET https://ncaa-api.henrygd.me/game/6513314/boxscore "HTTP/1.1 200 OK"
18:35:10 [INFO] HTTP Request: GET https://ncaa-api.henrygd.me/game/6513314/boxscore "200"
18:35:10 [INFO] HTTP Request: GET https://ncaa-api.henrygd.me/game/6513348/boxscore "HTTP/1.1 200 OK"
18:35:10 [INFO] HTTP Request: GET https://ncaa-api.henrygd.me/game/6513348/boxscore "200"
18:35:11 [INFO] HTTP Request: GET https://ncaa-api.henrygd.me/game/6510918/boxscore "HTTP/1.1 200 OK"
18:35:11 [INFO] HTTP Request: GET https://ncaa-api.henrygd.me/game/6510918/boxscore "200"
18:35:11 [INFO] HTTP Request: GET https://ncaa-api.henrygd.me/game/6513360/boxscore "HTTP/1.1 200 OK"
18:35:11 [INFO] HTTP Request: GET https://ncaa-api.henrygd.me/game/6513360/boxscore "200"
18:35:12 [INFO] HTTP Request: GET https://ncaa-api.henrygd.me/game/6512014/boxscore "HTTP/1.1 200 OK"
18:35:12 [INFO] HTTP Request: GET https://ncaa-api.henrygd.me/game/6512014/boxscore "200"
18:35:13 [INFO] HTTP Request: GET https://ncaa-api.henrygd.me/game/6513367/boxscore "HTTP/1.1 200 OK"
18:35:13 [INFO] HTTP Request: GET https://ncaa-api.henrygd.me/game/6513367/boxscore "200"
18:35:14 [INFO] HTTP Request: GET https://ncaa-api.henrygd.me/game/6513370/boxscore "HTTP/1.1 200 OK"
18:35:14 [INFO] HTTP Request: GET https://ncaa-api.henrygd.me/game/6513370/boxscore "200"
18:35:14 [INFO] HTTP Request: GET https://ncaa-api.henrygd.me/game/6592336/boxscore "HTTP/1.1 200 OK"
18:35:14 [INFO] HTTP Request: GET https://ncaa-api.henrygd.me/game/6592336/boxscore "200"
18:35:14 [INFO]   Loaded: 26 games, 634 player-game-stat rows
18:35:14 [INFO] 
[7/14] Grinnell
18:35:14 [INFO] Scraping team: Grinnell (grinnell)
18:35:14 [INFO]   Schedule: 23 completed games
18:35:15 [INFO] HTTP Request: GET https://ncaa-api.henrygd.me/game/6512281/boxscore "HTTP/1.1 200 OK"
18:35:15 [INFO] HTTP Request: GET https://ncaa-api.henrygd.me/game/6512281/boxscore "200"
18:35:16 [INFO] HTTP Request: GET https://ncaa-api.henrygd.me/game/6512283/boxscore "HTTP/1.1 200 OK"
18:35:16 [INFO] HTTP Request: GET https://ncaa-api.henrygd.me/game/6512283/boxscore "200"
18:35:16 [INFO] HTTP Request: GET https://ncaa-api.henrygd.me/game/6511551/boxscore "HTTP/1.1 200 OK"
18:35:16 [INFO] HTTP Request: GET https://ncaa-api.henrygd.me/game/6511551/boxscore "200"
18:35:18 [INFO] HTTP Request: GET https://ncaa-api.henrygd.me/game/6512296/boxscore "HTTP/1.1 200 OK"
18:35:18 [INFO] HTTP Request: GET https://ncaa-api.henrygd.me/game/6512296/boxscore "200"
18:35:18 [INFO] HTTP Request: GET https://ncaa-api.henrygd.me/game/6512302/boxscore "HTTP/1.1 200 OK"
18:35:18 [INFO] HTTP Request: GET https://ncaa-api.henrygd.me/game/6512302/boxscore "200"
18:35:19 [INFO] HTTP Request: GET https://ncaa-api.henrygd.me/game/6512303/boxscore "HTTP/1.1 200 OK"
18:35:19 [INFO] HTTP Request: GET https://ncaa-api.henrygd.me/game/6512303/boxscore "200"
18:35:20 [INFO] HTTP Request: GET https://ncaa-api.henrygd.me/game/6512307/boxscore "HTTP/1.1 200 OK"
18:35:20 [INFO] HTTP Request: GET https://ncaa-api.henrygd.me/game/6512307/boxscore "200"
18:35:21 [INFO] HTTP Request: GET https://ncaa-api.henrygd.me/game/6512308/boxscore "HTTP/1.1 200 OK"
18:35:21 [INFO] HTTP Request: GET https://ncaa-api.henrygd.me/game/6512308/boxscore "200"
18:35:22 [INFO] HTTP Request: GET https://ncaa-api.henrygd.me/game/6512309/boxscore "HTTP/1.1 200 OK"
18:35:22 [INFO] HTTP Request: GET https://ncaa-api.henrygd.me/game/6512309/boxscore "200"
18:35:22 [INFO] HTTP Request: GET https://ncaa-api.henrygd.me/game/6510930/boxscore "HTTP/1.1 200 OK"
18:35:22 [INFO] HTTP Request: GET https://ncaa-api.henrygd.me/game/6510930/boxscore "200"
18:35:23 [INFO] HTTP Request: GET https://ncaa-api.henrygd.me/game/6510688/boxscore "HTTP/1.1 200 OK"
18:35:23 [INFO] HTTP Request: GET https://ncaa-api.henrygd.me/game/6510688/boxscore "200"
18:35:24 [INFO] HTTP Request: GET https://ncaa-api.henrygd.me/game/6512320/boxscore "HTTP/1.1 200 OK"
18:35:24 [INFO] HTTP Request: GET https://ncaa-api.henrygd.me/game/6512320/boxscore "200"
18:35:25 [INFO] HTTP Request: GET https://ncaa-api.henrygd.me/game/6512310/boxscore "HTTP/1.1 200 OK"
18:35:25 [INFO] HTTP Request: GET https://ncaa-api.henrygd.me/game/6512310/boxscore "200"
18:35:26 [INFO] HTTP Request: GET https://ncaa-api.henrygd.me/game/6512311/boxscore "HTTP/1.1 200 OK"
18:35:26 [INFO] HTTP Request: GET https://ncaa-api.henrygd.me/game/6512311/boxscore "200"
18:35:27 [INFO] HTTP Request: GET https://ncaa-api.henrygd.me/game/6512314/boxscore "HTTP/1.1 200 OK"
18:35:27 [INFO] HTTP Request: GET https://ncaa-api.henrygd.me/game/6512314/boxscore "200"
18:35:28 [INFO] HTTP Request: GET https://ncaa-api.henrygd.me/game/6512316/boxscore "HTTP/1.1 200 OK"
18:35:28 [INFO] HTTP Request: GET https://ncaa-api.henrygd.me/game/6512316/boxscore "200"
18:35:29 [INFO] HTTP Request: GET https://ncaa-api.henrygd.me/game/6512317/boxscore "HTTP/1.1 200 OK"
18:35:29 [INFO] HTTP Request: GET https://ncaa-api.henrygd.me/game/6512317/boxscore "200"
18:35:30 [INFO] HTTP Request: GET https://ncaa-api.henrygd.me/game/6512318/boxscore "HTTP/1.1 200 OK"
18:35:30 [INFO] HTTP Request: GET https://ncaa-api.henrygd.me/game/6512318/boxscore "200"
18:35:31 [INFO] HTTP Request: GET https://ncaa-api.henrygd.me/game/6512323/boxscore "HTTP/1.1 200 OK"
18:35:31 [INFO] HTTP Request: GET https://ncaa-api.henrygd.me/game/6512323/boxscore "200"
18:35:32 [INFO] HTTP Request: GET https://ncaa-api.henrygd.me/game/6512324/boxscore "HTTP/1.1 200 OK"
18:35:32 [INFO] HTTP Request: GET https://ncaa-api.henrygd.me/game/6512324/boxscore "200"
18:35:33 [INFO] HTTP Request: GET https://ncaa-api.henrygd.me/game/6512326/boxscore "HTTP/1.1 200 OK"
18:35:33 [INFO] HTTP Request: GET https://ncaa-api.henrygd.me/game/6512326/boxscore "200"
18:35:34 [INFO] HTTP Request: GET https://ncaa-api.henrygd.me/game/6512327/boxscore "HTTP/1.1 200 OK"
18:35:34 [INFO] HTTP Request: GET https://ncaa-api.henrygd.me/game/6512327/boxscore "200"
18:35:35 [INFO] HTTP Request: GET https://ncaa-api.henrygd.me/game/6512328/boxscore "HTTP/1.1 200 OK"
18:35:35 [INFO] HTTP Request: GET https://ncaa-api.henrygd.me/game/6512328/boxscore "200"
18:35:35 [INFO]   Loaded: 23 games, 667 player-game-stat rows
18:35:35 [INFO] 
[8/14] St. Thomas (TX)
18:35:35 [INFO] Scraping team: St. Thomas (TX) (st-thomas-tx)
18:35:35 [INFO]   Schedule: 26 completed games
18:35:36 [INFO] HTTP Request: GET https://ncaa-api.henrygd.me/game/6512382/boxscore "HTTP/1.1 200 OK"
18:35:36 [INFO] HTTP Request: GET https://ncaa-api.henrygd.me/game/6512382/boxscore "200"
18:35:36 [INFO] HTTP Request: GET https://ncaa-api.henrygd.me/game/6512393/boxscore "HTTP/1.1 200 OK"
18:35:36 [INFO] HTTP Request: GET https://ncaa-api.henrygd.me/game/6512393/boxscore "200"
18:35:37 [INFO] HTTP Request: GET https://ncaa-api.henrygd.me/game/6512406/boxscore "HTTP/1.1 200 OK"
18:35:37 [INFO] HTTP Request: GET https://ncaa-api.henrygd.me/game/6512406/boxscore "200"
18:35:38 [INFO] HTTP Request: GET https://ncaa-api.henrygd.me/game/6533407/boxscore "HTTP/1.1 200 OK"
18:35:38 [INFO] HTTP Request: GET https://ncaa-api.henrygd.me/game/6533407/boxscore "200"
18:35:39 [INFO] HTTP Request: GET https://ncaa-api.henrygd.me/game/6503839/boxscore "HTTP/1.1 200 OK"
18:35:39 [INFO] HTTP Request: GET https://ncaa-api.henrygd.me/game/6503839/boxscore "200"
18:35:40 [INFO] HTTP Request: GET https://ncaa-api.henrygd.me/game/6512418/boxscore "HTTP/1.1 200 OK"
18:35:40 [INFO] HTTP Request: GET https://ncaa-api.henrygd.me/game/6512418/boxscore "200"
18:35:41 [INFO] HTTP Request: GET https://ncaa-api.henrygd.me/game/6512419/boxscore "HTTP/1.1 200 OK"
18:35:41 [INFO] HTTP Request: GET https://ncaa-api.henrygd.me/game/6512419/boxscore "200"
18:35:42 [INFO] HTTP Request: GET https://ncaa-api.henrygd.me/game/6512420/boxscore "HTTP/1.1 200 OK"
18:35:42 [INFO] HTTP Request: GET https://ncaa-api.henrygd.me/game/6512420/boxscore "200"
18:35:43 [INFO] HTTP Request: GET https://ncaa-api.henrygd.me/game/6512426/boxscore "HTTP/1.1 200 OK"
18:35:43 [INFO] HTTP Request: GET https://ncaa-api.henrygd.me/game/6512426/boxscore "200"
18:35:44 [INFO] HTTP Request: GET https://ncaa-api.henrygd.me/game/6511619/boxscore "HTTP/1.1 200 OK"
18:35:44 [INFO] HTTP Request: GET https://ncaa-api.henrygd.me/game/6511619/boxscore "200"
18:35:45 [INFO] HTTP Request: GET https://ncaa-api.henrygd.me/game/6512438/boxscore "HTTP/1.1 200 OK"
18:35:45 [INFO] HTTP Request: GET https://ncaa-api.henrygd.me/game/6512438/boxscore "200"
18:35:46 [INFO] HTTP Request: GET https://ncaa-api.henrygd.me/game/6513737/boxscore "HTTP/1.1 200 OK"
18:35:46 [INFO] HTTP Request: GET https://ncaa-api.henrygd.me/game/6513737/boxscore "200"
18:35:47 [INFO] HTTP Request: GET https://ncaa-api.henrygd.me/game/6529447/boxscore "HTTP/1.1 200 OK"
18:35:47 [INFO] HTTP Request: GET https://ncaa-api.henrygd.me/game/6529447/boxscore "200"
18:35:48 [INFO] HTTP Request: GET https://ncaa-api.henrygd.me/game/6514291/boxscore "HTTP/1.1 200 OK"
18:35:48 [INFO] HTTP Request: GET https://ncaa-api.henrygd.me/game/6514291/boxscore "200"
18:35:49 [INFO] HTTP Request: GET https://ncaa-api.henrygd.me/game/6513556/boxscore "HTTP/1.1 200 OK"
18:35:49 [INFO] HTTP Request: GET https://ncaa-api.henrygd.me/game/6513556/boxscore "200"
18:35:50 [INFO] HTTP Request: GET https://ncaa-api.henrygd.me/game/6514013/boxscore "HTTP/1.1 200 OK"
18:35:50 [INFO] HTTP Request: GET https://ncaa-api.henrygd.me/game/6514013/boxscore "200"
18:35:51 [INFO] HTTP Request: GET https://ncaa-api.henrygd.me/game/6514292/boxscore "HTTP/1.1 200 OK"
18:35:51 [INFO] HTTP Request: GET https://ncaa-api.henrygd.me/game/6514292/boxscore "200"
18:35:52 [INFO] HTTP Request: GET https://ncaa-api.henrygd.me/game/6514173/boxscore "HTTP/1.1 200 OK"
18:35:52 [INFO] HTTP Request: GET https://ncaa-api.henrygd.me/game/6514173/boxscore "200"
18:35:52 [INFO] HTTP Request: GET https://ncaa-api.henrygd.me/game/6511475/boxscore "HTTP/1.1 200 OK"
18:35:52 [INFO] HTTP Request: GET https://ncaa-api.henrygd.me/game/6511475/boxscore "200"
18:35:53 [INFO] HTTP Request: GET https://ncaa-api.henrygd.me/game/6514293/boxscore "HTTP/1.1 200 OK"
18:35:53 [INFO] HTTP Request: GET https://ncaa-api.henrygd.me/game/6514293/boxscore "200"
18:35:54 [INFO] HTTP Request: GET https://ncaa-api.henrygd.me/game/6514294/boxscore "HTTP/1.1 200 OK"
18:35:54 [INFO] HTTP Request: GET https://ncaa-api.henrygd.me/game/6514294/boxscore "200"
18:35:55 [INFO] HTTP Request: GET https://ncaa-api.henrygd.me/game/6514174/boxscore "HTTP/1.1 200 OK"
18:35:55 [INFO] HTTP Request: GET https://ncaa-api.henrygd.me/game/6514174/boxscore "200"
18:35:56 [INFO] HTTP Request: GET https://ncaa-api.henrygd.me/game/6511484/boxscore "HTTP/1.1 200 OK"
18:35:56 [INFO] HTTP Request: GET https://ncaa-api.henrygd.me/game/6511484/boxscore "200"
18:35:57 [INFO] HTTP Request: GET https://ncaa-api.henrygd.me/game/6514295/boxscore "HTTP/1.1 200 OK"
18:35:57 [INFO] HTTP Request: GET https://ncaa-api.henrygd.me/game/6514295/boxscore "200"
18:35:58 [INFO] HTTP Request: GET https://ncaa-api.henrygd.me/game/6514277/boxscore "HTTP/1.1 200 OK"
18:35:58 [INFO] HTTP Request: GET https://ncaa-api.henrygd.me/game/6514277/boxscore "200"
18:35:58 [INFO] HTTP Request: GET https://ncaa-api.henrygd.me/game/6512095/boxscore "HTTP/1.1 200 OK"
18:35:58 [INFO] HTTP Request: GET https://ncaa-api.henrygd.me/game/6512095/boxscore "200"
18:35:58 [INFO]   Loaded: 26 games, 591 player-game-stat rows
18:35:58 [INFO] 
[9/14] Redlands
18:35:58 [INFO] Scraping team: Redlands (redlands)
18:35:58 [INFO]   Schedule: 26 completed games
18:35:59 [INFO] HTTP Request: GET https://ncaa-api.henrygd.me/game/6514667/boxscore "HTTP/1.1 200 OK"
18:35:59 [INFO] HTTP Request: GET https://ncaa-api.henrygd.me/game/6514667/boxscore "200"
18:36:00 [INFO] HTTP Request: GET https://ncaa-api.henrygd.me/game/6513114/boxscore "HTTP/1.1 200 OK"
18:36:00 [INFO] HTTP Request: GET https://ncaa-api.henrygd.me/game/6513114/boxscore "200"
18:36:01 [INFO] HTTP Request: GET https://ncaa-api.henrygd.me/game/6514538/boxscore "HTTP/1.1 200 OK"
18:36:01 [INFO] HTTP Request: GET https://ncaa-api.henrygd.me/game/6514538/boxscore "200"
18:36:01 [INFO] HTTP Request: GET https://ncaa-api.henrygd.me/game/6513272/boxscore "HTTP/1.1 200 OK"
18:36:01 [INFO] HTTP Request: GET https://ncaa-api.henrygd.me/game/6513272/boxscore "200"
18:36:02 [INFO] HTTP Request: GET https://ncaa-api.henrygd.me/game/6513993/boxscore "HTTP/1.1 200 OK"
18:36:02 [INFO] HTTP Request: GET https://ncaa-api.henrygd.me/game/6513993/boxscore "200"
18:36:03 [INFO] HTTP Request: GET https://ncaa-api.henrygd.me/game/6505843/boxscore "HTTP/1.1 200 OK"
18:36:03 [INFO] HTTP Request: GET https://ncaa-api.henrygd.me/game/6505843/boxscore "200"
18:36:04 [INFO] HTTP Request: GET https://ncaa-api.henrygd.me/game/6510829/boxscore "HTTP/1.1 200 OK"
18:36:04 [INFO] HTTP Request: GET https://ncaa-api.henrygd.me/game/6510829/boxscore "200"
18:36:05 [INFO] HTTP Request: GET https://ncaa-api.henrygd.me/game/6513353/boxscore "HTTP/1.1 200 OK"
18:36:05 [INFO] HTTP Request: GET https://ncaa-api.henrygd.me/game/6513353/boxscore "200"
18:36:06 [INFO] HTTP Request: GET https://ncaa-api.henrygd.me/game/6514460/boxscore "HTTP/1.1 200 OK"
18:36:06 [INFO] HTTP Request: GET https://ncaa-api.henrygd.me/game/6514460/boxscore "200"
18:36:07 [INFO] HTTP Request: GET https://ncaa-api.henrygd.me/game/6511157/boxscore "HTTP/1.1 200 OK"
18:36:07 [INFO] HTTP Request: GET https://ncaa-api.henrygd.me/game/6511157/boxscore "200"
18:36:08 [INFO] HTTP Request: GET https://ncaa-api.henrygd.me/game/6513024/boxscore "HTTP/1.1 200 OK"
18:36:08 [INFO] HTTP Request: GET https://ncaa-api.henrygd.me/game/6513024/boxscore "200"
18:36:08 [INFO] HTTP Request: GET https://ncaa-api.henrygd.me/game/6514668/boxscore "HTTP/1.1 200 OK"
18:36:08 [INFO] HTTP Request: GET https://ncaa-api.henrygd.me/game/6514668/boxscore "200"
18:36:09 [INFO] HTTP Request: GET https://ncaa-api.henrygd.me/game/6514669/boxscore "HTTP/1.1 200 OK"
18:36:09 [INFO] HTTP Request: GET https://ncaa-api.henrygd.me/game/6514669/boxscore "200"
18:36:10 [INFO] HTTP Request: GET https://ncaa-api.henrygd.me/game/6511889/boxscore "HTTP/1.1 200 OK"
18:36:10 [INFO] HTTP Request: GET https://ncaa-api.henrygd.me/game/6511889/boxscore "200"
18:36:11 [INFO] HTTP Request: GET https://ncaa-api.henrygd.me/game/6510941/boxscore "HTTP/1.1 200 OK"
18:36:11 [INFO] HTTP Request: GET https://ncaa-api.henrygd.me/game/6510941/boxscore "200"
18:36:12 [INFO] HTTP Request: GET https://ncaa-api.henrygd.me/game/6514672/boxscore "HTTP/1.1 200 OK"
18:36:12 [INFO] HTTP Request: GET https://ncaa-api.henrygd.me/game/6514672/boxscore "200"
18:36:12 [INFO] HTTP Request: GET https://ncaa-api.henrygd.me/game/6514673/boxscore "HTTP/1.1 200 OK"
18:36:12 [INFO] HTTP Request: GET https://ncaa-api.henrygd.me/game/6514673/boxscore "200"
18:36:13 [INFO] HTTP Request: GET https://ncaa-api.henrygd.me/game/6514579/boxscore "HTTP/1.1 200 OK"
18:36:13 [INFO] HTTP Request: GET https://ncaa-api.henrygd.me/game/6514579/boxscore "200"
18:36:14 [INFO] HTTP Request: GET https://ncaa-api.henrygd.me/game/6510695/boxscore "HTTP/1.1 200 OK"
18:36:14 [INFO] HTTP Request: GET https://ncaa-api.henrygd.me/game/6510695/boxscore "200"
18:36:15 [INFO] HTTP Request: GET https://ncaa-api.henrygd.me/game/6510841/boxscore "HTTP/1.1 200 OK"
18:36:15 [INFO] HTTP Request: GET https://ncaa-api.henrygd.me/game/6510841/boxscore "200"
18:36:17 [INFO] HTTP Request: GET https://ncaa-api.henrygd.me/game/6514676/boxscore "HTTP/1.1 200 OK"
18:36:17 [INFO] HTTP Request: GET https://ncaa-api.henrygd.me/game/6514676/boxscore "200"
18:36:18 [INFO] HTTP Request: GET https://ncaa-api.henrygd.me/game/6510937/boxscore "HTTP/1.1 200 OK"
18:36:18 [INFO] HTTP Request: GET https://ncaa-api.henrygd.me/game/6510937/boxscore "200"
18:36:18 [INFO] HTTP Request: GET https://ncaa-api.henrygd.me/game/6514679/boxscore "HTTP/1.1 200 OK"
18:36:18 [INFO] HTTP Request: GET https://ncaa-api.henrygd.me/game/6514679/boxscore "200"
18:36:19 [INFO] HTTP Request: GET https://ncaa-api.henrygd.me/game/6510700/boxscore "HTTP/1.1 200 OK"
18:36:19 [INFO] HTTP Request: GET https://ncaa-api.henrygd.me/game/6510700/boxscore "200"
18:36:20 [INFO] HTTP Request: GET https://ncaa-api.henrygd.me/game/6514680/boxscore "HTTP/1.1 200 OK"
18:36:20 [INFO] HTTP Request: GET https://ncaa-api.henrygd.me/game/6514680/boxscore "200"
18:36:21 [INFO] HTTP Request: GET https://ncaa-api.henrygd.me/game/6514684/boxscore "HTTP/1.1 200 OK"
18:36:21 [INFO] HTTP Request: GET https://ncaa-api.henrygd.me/game/6514684/boxscore "200"
18:36:21 [INFO]   Loaded: 26 games, 576 player-game-stat rows
18:36:21 [INFO] 
[10/14] Claremont-M-S
18:36:21 [INFO] Scraping team: Claremont-M-S (claremont-m-s)
18:36:21 [INFO]   Schedule: 25 completed games
18:36:22 [INFO] HTTP Request: GET https://ncaa-api.henrygd.me/game/6514535/boxscore "HTTP/1.1 200 OK"
18:36:22 [INFO] HTTP Request: GET https://ncaa-api.henrygd.me/game/6514535/boxscore "200"
18:36:23 [INFO] HTTP Request: GET https://ncaa-api.henrygd.me/game/6513147/boxscore "HTTP/1.1 200 OK"
18:36:23 [INFO] HTTP Request: GET https://ncaa-api.henrygd.me/game/6513147/boxscore "200"
18:36:24 [INFO] HTTP Request: GET https://ncaa-api.henrygd.me/game/6514556/boxscore "HTTP/1.1 200 OK"
18:36:24 [INFO] HTTP Request: GET https://ncaa-api.henrygd.me/game/6514556/boxscore "200"
18:36:25 [INFO] HTTP Request: GET https://ncaa-api.henrygd.me/game/6514561/boxscore "HTTP/1.1 200 OK"
18:36:25 [INFO] HTTP Request: GET https://ncaa-api.henrygd.me/game/6514561/boxscore "200"
18:36:25 [INFO] HTTP Request: GET https://ncaa-api.henrygd.me/game/6513994/boxscore "HTTP/1.1 200 OK"
18:36:25 [INFO] HTTP Request: GET https://ncaa-api.henrygd.me/game/6513994/boxscore "200"
18:36:26 [INFO] HTTP Request: GET https://ncaa-api.henrygd.me/game/6512893/boxscore "HTTP/1.1 200 OK"
18:36:26 [INFO] HTTP Request: GET https://ncaa-api.henrygd.me/game/6512893/boxscore "200"
18:36:27 [INFO] HTTP Request: GET https://ncaa-api.henrygd.me/game/6514565/boxscore "HTTP/1.1 200 OK"
18:36:27 [INFO] HTTP Request: GET https://ncaa-api.henrygd.me/game/6514565/boxscore "200"
18:36:28 [INFO] HTTP Request: GET https://ncaa-api.henrygd.me/game/6510928/boxscore "HTTP/1.1 200 OK"
18:36:28 [INFO] HTTP Request: GET https://ncaa-api.henrygd.me/game/6510928/boxscore "200"
18:36:29 [INFO] HTTP Request: GET https://ncaa-api.henrygd.me/game/6514584/boxscore "HTTP/1.1 200 OK"
18:36:29 [INFO] HTTP Request: GET https://ncaa-api.henrygd.me/game/6514584/boxscore "200"
18:36:30 [INFO] HTTP Request: GET https://ncaa-api.henrygd.me/game/6514573/boxscore "HTTP/1.1 200 OK"
18:36:30 [INFO] HTTP Request: GET https://ncaa-api.henrygd.me/game/6514573/boxscore "200"
18:36:31 [INFO] HTTP Request: GET https://ncaa-api.henrygd.me/game/6512768/boxscore "HTTP/1.1 200 OK"
18:36:31 [INFO] HTTP Request: GET https://ncaa-api.henrygd.me/game/6512768/boxscore "200"
18:36:32 [INFO] HTTP Request: GET https://ncaa-api.henrygd.me/game/6514575/boxscore "HTTP/1.1 200 OK"
18:36:32 [INFO] HTTP Request: GET https://ncaa-api.henrygd.me/game/6514575/boxscore "200"
18:36:32 [INFO] HTTP Request: GET https://ncaa-api.henrygd.me/game/6510689/boxscore "HTTP/1.1 200 OK"
18:36:32 [INFO] HTTP Request: GET https://ncaa-api.henrygd.me/game/6510689/boxscore "200"
18:36:33 [INFO] HTTP Request: GET https://ncaa-api.henrygd.me/game/6510836/boxscore "HTTP/1.1 200 OK"
18:36:33 [INFO] HTTP Request: GET https://ncaa-api.henrygd.me/game/6510836/boxscore "200"
18:36:34 [INFO] HTTP Request: GET https://ncaa-api.henrygd.me/game/6511890/boxscore "HTTP/1.1 200 OK"
18:36:34 [INFO] HTTP Request: GET https://ncaa-api.henrygd.me/game/6511890/boxscore "200"
18:36:35 [INFO] HTTP Request: GET https://ncaa-api.henrygd.me/game/6514577/boxscore "HTTP/1.1 200 OK"
18:36:35 [INFO] HTTP Request: GET https://ncaa-api.henrygd.me/game/6514577/boxscore "200"
18:36:35 [INFO] HTTP Request: GET https://ncaa-api.henrygd.me/game/6514579/boxscore "HTTP/1.1 200 OK"
18:36:35 [INFO] HTTP Request: GET https://ncaa-api.henrygd.me/game/6514579/boxscore "200"
18:36:36 [INFO] HTTP Request: GET https://ncaa-api.henrygd.me/game/6514580/boxscore "HTTP/1.1 200 OK"
18:36:36 [INFO] HTTP Request: GET https://ncaa-api.henrygd.me/game/6514580/boxscore "200"
18:36:37 [INFO] HTTP Request: GET https://ncaa-api.henrygd.me/game/6510935/boxscore "HTTP/1.1 200 OK"
18:36:37 [INFO] HTTP Request: GET https://ncaa-api.henrygd.me/game/6510935/boxscore "200"
18:36:38 [INFO] HTTP Request: GET https://ncaa-api.henrygd.me/game/6510842/boxscore "HTTP/1.1 200 OK"
18:36:38 [INFO] HTTP Request: GET https://ncaa-api.henrygd.me/game/6510842/boxscore "200"
18:36:38 [INFO] HTTP Request: GET https://ncaa-api.henrygd.me/game/6511893/boxscore "HTTP/1.1 200 OK"
18:36:38 [INFO] HTTP Request: GET https://ncaa-api.henrygd.me/game/6511893/boxscore "200"
18:36:40 [INFO] HTTP Request: GET https://ncaa-api.henrygd.me/game/6514582/boxscore "HTTP/1.1 200 OK"
18:36:40 [INFO] HTTP Request: GET https://ncaa-api.henrygd.me/game/6514582/boxscore "200"
18:36:40 [INFO] HTTP Request: GET https://ncaa-api.henrygd.me/game/6510699/boxscore "HTTP/1.1 200 OK"
18:36:40 [INFO] HTTP Request: GET https://ncaa-api.henrygd.me/game/6510699/boxscore "200"
18:36:41 [INFO] HTTP Request: GET https://ncaa-api.henrygd.me/game/6514589/boxscore "HTTP/1.1 200 OK"
18:36:41 [INFO] HTTP Request: GET https://ncaa-api.henrygd.me/game/6514589/boxscore "200"
18:36:41 [INFO] HTTP Request: GET https://ncaa-api.henrygd.me/game/6514680/boxscore "HTTP/1.1 200 OK"
18:36:41 [INFO] HTTP Request: GET https://ncaa-api.henrygd.me/game/6514680/boxscore "200"
18:36:41 [INFO]   Loaded: 25 games, 443 player-game-stat rows
18:36:41 [INFO] 
[11/14] Mary Hardin-Baylor
18:36:41 [INFO] Scraping team: Mary Hardin-Baylor (mary-hardin-baylor)
18:36:41 [INFO]   Schedule: 25 completed games
18:36:42 [INFO] HTTP Request: GET https://ncaa-api.henrygd.me/game/6512987/boxscore "HTTP/1.1 200 OK"
18:36:42 [INFO] HTTP Request: GET https://ncaa-api.henrygd.me/game/6512987/boxscore "200"
18:36:43 [INFO] HTTP Request: GET https://ncaa-api.henrygd.me/game/6512988/boxscore "HTTP/1.1 200 OK"
18:36:43 [INFO] HTTP Request: GET https://ncaa-api.henrygd.me/game/6512988/boxscore "200"
18:36:44 [INFO] HTTP Request: GET https://ncaa-api.henrygd.me/game/6512932/boxscore "HTTP/1.1 200 OK"
18:36:44 [INFO] HTTP Request: GET https://ncaa-api.henrygd.me/game/6512932/boxscore "200"
18:36:45 [INFO] HTTP Request: GET https://ncaa-api.henrygd.me/game/6512995/boxscore "HTTP/1.1 200 OK"
18:36:45 [INFO] HTTP Request: GET https://ncaa-api.henrygd.me/game/6512995/boxscore "200"
18:36:46 [INFO] HTTP Request: GET https://ncaa-api.henrygd.me/game/6512419/boxscore "HTTP/1.1 200 OK"
18:36:46 [INFO] HTTP Request: GET https://ncaa-api.henrygd.me/game/6512419/boxscore "200"
18:36:46 [INFO] HTTP Request: GET https://ncaa-api.henrygd.me/game/6513004/boxscore "HTTP/1.1 200 OK"
18:36:46 [INFO] HTTP Request: GET https://ncaa-api.henrygd.me/game/6513004/boxscore "200"
18:36:47 [INFO] HTTP Request: GET https://ncaa-api.henrygd.me/game/6513008/boxscore "HTTP/1.1 200 OK"
18:36:47 [INFO] HTTP Request: GET https://ncaa-api.henrygd.me/game/6513008/boxscore "200"
18:36:48 [INFO] HTTP Request: GET https://ncaa-api.henrygd.me/game/6513011/boxscore "HTTP/1.1 200 OK"
18:36:48 [INFO] HTTP Request: GET https://ncaa-api.henrygd.me/game/6513011/boxscore "200"
18:36:49 [INFO] HTTP Request: GET https://ncaa-api.henrygd.me/game/6513013/boxscore "HTTP/1.1 200 OK"
18:36:49 [INFO] HTTP Request: GET https://ncaa-api.henrygd.me/game/6513013/boxscore "200"
18:36:49 [INFO] HTTP Request: GET https://ncaa-api.henrygd.me/game/6513015/boxscore "HTTP/1.1 200 OK"
18:36:49 [INFO] HTTP Request: GET https://ncaa-api.henrygd.me/game/6513015/boxscore "200"
18:36:50 [INFO] HTTP Request: GET https://ncaa-api.henrygd.me/game/6513018/boxscore "HTTP/1.1 200 OK"
18:36:50 [INFO] HTTP Request: GET https://ncaa-api.henrygd.me/game/6513018/boxscore "200"
18:36:51 [INFO] HTTP Request: GET https://ncaa-api.henrygd.me/game/6513020/boxscore "HTTP/1.1 200 OK"
18:36:51 [INFO] HTTP Request: GET https://ncaa-api.henrygd.me/game/6513020/boxscore "200"
18:36:51 [INFO] HTTP Request: GET https://ncaa-api.henrygd.me/game/6513024/boxscore "HTTP/1.1 200 OK"
18:36:51 [INFO] HTTP Request: GET https://ncaa-api.henrygd.me/game/6513024/boxscore "200"
18:36:52 [INFO] HTTP Request: GET https://ncaa-api.henrygd.me/game/6513025/boxscore "HTTP/1.1 200 OK"
18:36:52 [INFO] HTTP Request: GET https://ncaa-api.henrygd.me/game/6513025/boxscore "200"
18:36:53 [INFO] HTTP Request: GET https://ncaa-api.henrygd.me/game/6513026/boxscore "HTTP/1.1 200 OK"
18:36:53 [INFO] HTTP Request: GET https://ncaa-api.henrygd.me/game/6513026/boxscore "200"
18:36:54 [INFO] HTTP Request: GET https://ncaa-api.henrygd.me/game/6513027/boxscore "HTTP/1.1 200 OK"
18:36:54 [INFO] HTTP Request: GET https://ncaa-api.henrygd.me/game/6513027/boxscore "200"
18:36:55 [INFO] HTTP Request: GET https://ncaa-api.henrygd.me/game/6513028/boxscore "HTTP/1.1 200 OK"
18:36:55 [INFO] HTTP Request: GET https://ncaa-api.henrygd.me/game/6513028/boxscore "200"
18:36:56 [INFO] HTTP Request: GET https://ncaa-api.henrygd.me/game/6513035/boxscore "HTTP/1.1 200 OK"
18:36:56 [INFO] HTTP Request: GET https://ncaa-api.henrygd.me/game/6513035/boxscore "200"
18:36:57 [INFO] HTTP Request: GET https://ncaa-api.henrygd.me/game/6511991/boxscore "HTTP/1.1 200 OK"
18:36:57 [INFO] HTTP Request: GET https://ncaa-api.henrygd.me/game/6511991/boxscore "200"
18:36:58 [INFO] HTTP Request: GET https://ncaa-api.henrygd.me/game/6513038/boxscore "HTTP/1.1 200 OK"
18:36:58 [INFO] HTTP Request: GET https://ncaa-api.henrygd.me/game/6513038/boxscore "200"
18:36:59 [INFO] HTTP Request: GET https://ncaa-api.henrygd.me/game/6513042/boxscore "HTTP/1.1 200 OK"
18:36:59 [INFO] HTTP Request: GET https://ncaa-api.henrygd.me/game/6513042/boxscore "200"
18:37:00 [INFO] HTTP Request: GET https://ncaa-api.henrygd.me/game/6513045/boxscore "HTTP/1.1 200 OK"
18:37:00 [INFO] HTTP Request: GET https://ncaa-api.henrygd.me/game/6513045/boxscore "200"
18:37:02 [INFO] HTTP Request: GET https://ncaa-api.henrygd.me/game/6513036/boxscore "HTTP/1.1 200 OK"
18:37:02 [INFO] HTTP Request: GET https://ncaa-api.henrygd.me/game/6513036/boxscore "200"
18:37:03 [INFO] HTTP Request: GET https://ncaa-api.henrygd.me/game/6513047/boxscore "HTTP/1.1 200 OK"
18:37:03 [INFO] HTTP Request: GET https://ncaa-api.henrygd.me/game/6513047/boxscore "200"
18:37:04 [INFO] HTTP Request: GET https://ncaa-api.henrygd.me/game/6513049/boxscore "HTTP/1.1 200 OK"
18:37:04 [INFO] HTTP Request: GET https://ncaa-api.henrygd.me/game/6513049/boxscore "200"
18:37:04 [INFO]   Loaded: 25 games, 579 player-game-stat rows
18:37:04 [INFO] 
[12/14] Concordia (TX)
18:37:04 [INFO] Scraping team: Concordia (TX) (concordia-tx)
18:37:04 [INFO]   Schedule: 25 completed games
18:37:04 [INFO] HTTP Request: GET https://ncaa-api.henrygd.me/game/6514991/boxscore "HTTP/1.1 200 OK"
18:37:04 [INFO] HTTP Request: GET https://ncaa-api.henrygd.me/game/6514991/boxscore "200"
18:37:05 [INFO] HTTP Request: GET https://ncaa-api.henrygd.me/game/6514218/boxscore "HTTP/1.1 200 OK"
18:37:05 [INFO] HTTP Request: GET https://ncaa-api.henrygd.me/game/6514218/boxscore "200"
18:37:06 [INFO] HTTP Request: GET https://ncaa-api.henrygd.me/game/6514992/boxscore "HTTP/1.1 200 OK"
18:37:06 [INFO] HTTP Request: GET https://ncaa-api.henrygd.me/game/6514992/boxscore "200"
18:37:07 [INFO] HTTP Request: GET https://ncaa-api.henrygd.me/game/6514411/boxscore "HTTP/1.1 200 OK"
18:37:07 [INFO] HTTP Request: GET https://ncaa-api.henrygd.me/game/6514411/boxscore "200"
18:37:08 [INFO] HTTP Request: GET https://ncaa-api.henrygd.me/game/6514220/boxscore "HTTP/1.1 200 OK"
18:37:08 [INFO] HTTP Request: GET https://ncaa-api.henrygd.me/game/6514220/boxscore "200"
18:37:08 [INFO] HTTP Request: GET https://ncaa-api.henrygd.me/game/6514993/boxscore "HTTP/1.1 200 OK"
18:37:08 [INFO] HTTP Request: GET https://ncaa-api.henrygd.me/game/6514993/boxscore "200"
18:37:09 [INFO] HTTP Request: GET https://ncaa-api.henrygd.me/game/6513015/boxscore "HTTP/1.1 200 OK"
18:37:09 [INFO] HTTP Request: GET https://ncaa-api.henrygd.me/game/6513015/boxscore "200"
18:37:09 [INFO] HTTP Request: GET https://ncaa-api.henrygd.me/game/6534731/boxscore "HTTP/1.1 200 OK"
18:37:09 [INFO] HTTP Request: GET https://ncaa-api.henrygd.me/game/6534731/boxscore "200"
18:37:10 [INFO] HTTP Request: GET https://ncaa-api.henrygd.me/game/6511462/boxscore "HTTP/1.1 200 OK"
18:37:10 [INFO] HTTP Request: GET https://ncaa-api.henrygd.me/game/6511462/boxscore "200"
18:37:11 [INFO] HTTP Request: GET https://ncaa-api.henrygd.me/game/6513025/boxscore "HTTP/1.1 200 OK"
18:37:11 [INFO] HTTP Request: GET https://ncaa-api.henrygd.me/game/6513025/boxscore "200"
18:37:12 [INFO] HTTP Request: GET https://ncaa-api.henrygd.me/game/6511464/boxscore "HTTP/1.1 200 OK"
18:37:12 [INFO] HTTP Request: GET https://ncaa-api.henrygd.me/game/6511464/boxscore "200"
18:37:12 [INFO] HTTP Request: GET https://ncaa-api.henrygd.me/game/6514010/boxscore "HTTP/1.1 200 OK"
18:37:12 [INFO] HTTP Request: GET https://ncaa-api.henrygd.me/game/6514010/boxscore "200"
18:37:13 [INFO] HTTP Request: GET https://ncaa-api.henrygd.me/game/6513548/boxscore "HTTP/1.1 200 OK"
18:37:13 [INFO] HTTP Request: GET https://ncaa-api.henrygd.me/game/6513548/boxscore "200"
18:37:14 [INFO] HTTP Request: GET https://ncaa-api.henrygd.me/game/6514172/boxscore "HTTP/1.1 200 OK"
18:37:14 [INFO] HTTP Request: GET https://ncaa-api.henrygd.me/game/6514172/boxscore "200"
18:37:15 [INFO] HTTP Request: GET https://ncaa-api.henrygd.me/game/6514653/boxscore "HTTP/1.1 200 OK"
18:37:15 [INFO] HTTP Request: GET https://ncaa-api.henrygd.me/game/6514653/boxscore "200"
18:37:16 [INFO] HTTP Request: GET https://ncaa-api.henrygd.me/game/6514989/boxscore "HTTP/1.1 200 OK"
18:37:16 [INFO] HTTP Request: GET https://ncaa-api.henrygd.me/game/6514989/boxscore "200"
18:37:17 [INFO] HTTP Request: GET https://ncaa-api.henrygd.me/game/6513758/boxscore "HTTP/1.1 200 OK"
18:37:17 [INFO] HTTP Request: GET https://ncaa-api.henrygd.me/game/6513758/boxscore "200"
18:37:17 [INFO] HTTP Request: GET https://ncaa-api.henrygd.me/game/6514293/boxscore "HTTP/1.1 200 OK"
18:37:17 [INFO] HTTP Request: GET https://ncaa-api.henrygd.me/game/6514293/boxscore "200"
18:37:18 [INFO] HTTP Request: GET https://ncaa-api.henrygd.me/game/6514271/boxscore "HTTP/1.1 200 OK"
18:37:18 [INFO] HTTP Request: GET https://ncaa-api.henrygd.me/game/6514271/boxscore "200"
18:37:19 [INFO] HTTP Request: GET https://ncaa-api.henrygd.me/game/6514995/boxscore "HTTP/1.1 200 OK"
18:37:19 [INFO] HTTP Request: GET https://ncaa-api.henrygd.me/game/6514995/boxscore "200"
18:37:20 [INFO] HTTP Request: GET https://ncaa-api.henrygd.me/game/6514994/boxscore "HTTP/1.1 200 OK"
18:37:20 [INFO] HTTP Request: GET https://ncaa-api.henrygd.me/game/6514994/boxscore "200"
18:37:21 [INFO] HTTP Request: GET https://ncaa-api.henrygd.me/game/6513766/boxscore "HTTP/1.1 200 OK"
18:37:21 [INFO] HTTP Request: GET https://ncaa-api.henrygd.me/game/6513766/boxscore "200"
18:37:22 [INFO] HTTP Request: GET https://ncaa-api.henrygd.me/game/6514295/boxscore "HTTP/1.1 200 OK"
18:37:22 [INFO] HTTP Request: GET https://ncaa-api.henrygd.me/game/6514295/boxscore "200"
18:37:23 [INFO] HTTP Request: GET https://ncaa-api.henrygd.me/game/6514177/boxscore "HTTP/1.1 200 OK"
18:37:23 [INFO] HTTP Request: GET https://ncaa-api.henrygd.me/game/6514177/boxscore "200"
18:37:24 [INFO] HTTP Request: GET https://ncaa-api.henrygd.me/game/6514654/boxscore "HTTP/1.1 200 OK"
18:37:24 [INFO] HTTP Request: GET https://ncaa-api.henrygd.me/game/6514654/boxscore "200"
18:37:24 [INFO]   Loaded: 25 games, 612 player-game-stat rows
18:37:24 [INFO] 
[13/14] Whitworth
18:37:24 [INFO] Scraping team: Whitworth (whitworth)
18:37:24 [INFO]   Schedule: 25 completed games
18:37:25 [INFO] HTTP Request: GET https://ncaa-api.henrygd.me/game/6514781/boxscore "HTTP/1.1 200 OK"
18:37:25 [INFO] HTTP Request: GET https://ncaa-api.henrygd.me/game/6514781/boxscore "200"
18:37:25 [INFO] HTTP Request: GET https://ncaa-api.henrygd.me/game/6514342/boxscore "HTTP/1.1 200 OK"
18:37:25 [INFO] HTTP Request: GET https://ncaa-api.henrygd.me/game/6514342/boxscore "200"
18:37:26 [INFO] HTTP Request: GET https://ncaa-api.henrygd.me/game/6514784/boxscore "HTTP/1.1 200 OK"
18:37:26 [INFO] HTTP Request: GET https://ncaa-api.henrygd.me/game/6514784/boxscore "200"
18:37:27 [INFO] HTTP Request: GET https://ncaa-api.henrygd.me/game/6514505/boxscore "HTTP/1.1 200 OK"
18:37:27 [INFO] HTTP Request: GET https://ncaa-api.henrygd.me/game/6514505/boxscore "200"
18:37:27 [INFO] HTTP Request: GET https://ncaa-api.henrygd.me/game/6513008/boxscore "HTTP/1.1 200 OK"
18:37:27 [INFO] HTTP Request: GET https://ncaa-api.henrygd.me/game/6513008/boxscore "200"
18:37:28 [INFO] HTTP Request: GET https://ncaa-api.henrygd.me/game/6512938/boxscore "HTTP/1.1 200 OK"
18:37:28 [INFO] HTTP Request: GET https://ncaa-api.henrygd.me/game/6512938/boxscore "200"
18:37:29 [INFO] HTTP Request: GET https://ncaa-api.henrygd.me/game/6514788/boxscore "HTTP/1.1 200 OK"
18:37:29 [INFO] HTTP Request: GET https://ncaa-api.henrygd.me/game/6514788/boxscore "200"
18:37:29 [INFO] HTTP Request: GET https://ncaa-api.henrygd.me/game/6514573/boxscore "HTTP/1.1 200 OK"
18:37:29 [INFO] HTTP Request: GET https://ncaa-api.henrygd.me/game/6514573/boxscore "200"
18:37:30 [INFO] HTTP Request: GET https://ncaa-api.henrygd.me/game/6510832/boxscore "HTTP/1.1 200 OK"
18:37:30 [INFO] HTTP Request: GET https://ncaa-api.henrygd.me/game/6510832/boxscore "200"
18:37:31 [INFO] HTTP Request: GET https://ncaa-api.henrygd.me/game/6514005/boxscore "HTTP/1.1 200 OK"
18:37:31 [INFO] HTTP Request: GET https://ncaa-api.henrygd.me/game/6514005/boxscore "200"
18:37:32 [INFO] HTTP Request: GET https://ncaa-api.henrygd.me/game/6514544/boxscore "HTTP/1.1 200 OK"
18:37:32 [INFO] HTTP Request: GET https://ncaa-api.henrygd.me/game/6514544/boxscore "200"
18:37:33 [INFO] HTTP Request: GET https://ncaa-api.henrygd.me/game/6514194/boxscore "HTTP/1.1 200 OK"
18:37:33 [INFO] HTTP Request: GET https://ncaa-api.henrygd.me/game/6514194/boxscore "200"
18:37:34 [INFO] HTTP Request: GET https://ncaa-api.henrygd.me/game/6512898/boxscore "HTTP/1.1 200 OK"
18:37:34 [INFO] HTTP Request: GET https://ncaa-api.henrygd.me/game/6512898/boxscore "200"
18:37:34 [INFO] HTTP Request: GET https://ncaa-api.henrygd.me/game/6513154/boxscore "HTTP/1.1 200 OK"
18:37:34 [INFO] HTTP Request: GET https://ncaa-api.henrygd.me/game/6513154/boxscore "200"
18:37:35 [INFO] HTTP Request: GET https://ncaa-api.henrygd.me/game/6529438/boxscore "HTTP/1.1 200 OK"
18:37:35 [INFO] HTTP Request: GET https://ncaa-api.henrygd.me/game/6529438/boxscore "200"
18:37:36 [INFO] HTTP Request: GET https://ncaa-api.henrygd.me/game/6514778/boxscore "HTTP/1.1 200 OK"
18:37:36 [INFO] HTTP Request: GET https://ncaa-api.henrygd.me/game/6514778/boxscore "200"
18:37:37 [INFO] HTTP Request: GET https://ncaa-api.henrygd.me/game/6513128/boxscore "HTTP/1.1 200 OK"
18:37:37 [INFO] HTTP Request: GET https://ncaa-api.henrygd.me/game/6513128/boxscore "200"
18:37:38 [INFO] HTTP Request: GET https://ncaa-api.henrygd.me/game/6514546/boxscore "HTTP/1.1 200 OK"
18:37:38 [INFO] HTTP Request: GET https://ncaa-api.henrygd.me/game/6514546/boxscore "200"
18:37:38 [INFO] HTTP Request: GET https://ncaa-api.henrygd.me/game/6514012/boxscore "HTTP/1.1 200 OK"
18:37:38 [INFO] HTTP Request: GET https://ncaa-api.henrygd.me/game/6514012/boxscore "200"
18:37:39 [INFO] HTTP Request: GET https://ncaa-api.henrygd.me/game/6514197/boxscore "HTTP/1.1 200 OK"
18:37:39 [INFO] HTTP Request: GET https://ncaa-api.henrygd.me/game/6514197/boxscore "200"
18:37:40 [INFO] HTTP Request: GET https://ncaa-api.henrygd.me/game/6512905/boxscore "HTTP/1.1 200 OK"
18:37:40 [INFO] HTTP Request: GET https://ncaa-api.henrygd.me/game/6512905/boxscore "200"
18:37:41 [INFO] HTTP Request: GET https://ncaa-api.henrygd.me/game/6512706/boxscore "HTTP/1.1 200 OK"
18:37:41 [INFO] HTTP Request: GET https://ncaa-api.henrygd.me/game/6512706/boxscore "200"
18:37:41 [INFO] HTTP Request: GET https://ncaa-api.henrygd.me/game/6513160/boxscore "HTTP/1.1 200 OK"
18:37:41 [INFO] HTTP Request: GET https://ncaa-api.henrygd.me/game/6513160/boxscore "200"
18:37:42 [INFO] HTTP Request: GET https://ncaa-api.henrygd.me/game/6513133/boxscore "HTTP/1.1 200 OK"
18:37:42 [INFO] HTTP Request: GET https://ncaa-api.henrygd.me/game/6513133/boxscore "200"
18:37:43 [INFO] HTTP Request: GET https://ncaa-api.henrygd.me/game/6514780/boxscore "HTTP/1.1 200 OK"
18:37:43 [INFO] HTTP Request: GET https://ncaa-api.henrygd.me/game/6514780/boxscore "200"
18:37:43 [INFO]   Loaded: 25 games, 581 player-game-stat rows
18:37:43 [INFO] 
[14/14] Chapman
18:37:43 [INFO] Scraping team: Chapman (chapman)
18:37:43 [INFO]   Schedule: 25 completed games
18:37:44 [INFO] HTTP Request: GET https://ncaa-api.henrygd.me/game/6510824/boxscore "HTTP/1.1 200 OK"
18:37:44 [INFO] HTTP Request: GET https://ncaa-api.henrygd.me/game/6510824/boxscore "200"
18:37:45 [INFO] HTTP Request: GET https://ncaa-api.henrygd.me/game/6510825/boxscore "HTTP/1.1 200 OK"
18:37:45 [INFO] HTTP Request: GET https://ncaa-api.henrygd.me/game/6510825/boxscore "200"
18:37:46 [INFO] HTTP Request: GET https://ncaa-api.henrygd.me/game/6510826/boxscore "HTTP/1.1 200 OK"
18:37:46 [INFO] HTTP Request: GET https://ncaa-api.henrygd.me/game/6510826/boxscore "200"
18:37:46 [INFO] HTTP Request: GET https://ncaa-api.henrygd.me/game/6510828/boxscore "HTTP/1.1 200 OK"
18:37:46 [INFO] HTTP Request: GET https://ncaa-api.henrygd.me/game/6510828/boxscore "200"
18:37:47 [INFO] HTTP Request: GET https://ncaa-api.henrygd.me/game/6510829/boxscore "HTTP/1.1 200 OK"
18:37:47 [INFO] HTTP Request: GET https://ncaa-api.henrygd.me/game/6510829/boxscore "200"
18:37:48 [INFO] HTTP Request: GET https://ncaa-api.henrygd.me/game/6510830/boxscore "HTTP/1.1 200 OK"
18:37:48 [INFO] HTTP Request: GET https://ncaa-api.henrygd.me/game/6510830/boxscore "200"
18:37:49 [INFO] HTTP Request: GET https://ncaa-api.henrygd.me/game/6510831/boxscore "HTTP/1.1 200 OK"
18:37:49 [INFO] HTTP Request: GET https://ncaa-api.henrygd.me/game/6510831/boxscore "200"
18:37:49 [INFO] HTTP Request: GET https://ncaa-api.henrygd.me/game/6510832/boxscore "HTTP/1.1 200 OK"
18:37:49 [INFO] HTTP Request: GET https://ncaa-api.henrygd.me/game/6510832/boxscore "200"
18:37:50 [INFO] HTTP Request: GET https://ncaa-api.henrygd.me/game/6510651/boxscore "HTTP/1.1 200 OK"
18:37:50 [INFO] HTTP Request: GET https://ncaa-api.henrygd.me/game/6510651/boxscore "200"
18:37:51 [INFO] HTTP Request: GET https://ncaa-api.henrygd.me/game/6510833/boxscore "HTTP/1.1 200 OK"
18:37:51 [INFO] HTTP Request: GET https://ncaa-api.henrygd.me/game/6510833/boxscore "200"
18:37:52 [INFO] HTTP Request: GET https://ncaa-api.henrygd.me/game/6510834/boxscore "HTTP/1.1 200 OK"
18:37:52 [INFO] HTTP Request: GET https://ncaa-api.henrygd.me/game/6510834/boxscore "200"
18:37:53 [INFO] HTTP Request: GET https://ncaa-api.henrygd.me/game/6510835/boxscore "HTTP/1.1 200 OK"
18:37:53 [INFO] HTTP Request: GET https://ncaa-api.henrygd.me/game/6510835/boxscore "200"
18:37:54 [INFO] HTTP Request: GET https://ncaa-api.henrygd.me/game/6510836/boxscore "HTTP/1.1 200 OK"
18:37:54 [INFO] HTTP Request: GET https://ncaa-api.henrygd.me/game/6510836/boxscore "200"
18:37:55 [INFO] HTTP Request: GET https://ncaa-api.henrygd.me/game/6510837/boxscore "HTTP/1.1 200 OK"
18:37:55 [INFO] HTTP Request: GET https://ncaa-api.henrygd.me/game/6510837/boxscore "200"
18:37:55 [INFO] HTTP Request: GET https://ncaa-api.henrygd.me/game/6510838/boxscore "HTTP/1.1 200 OK"
18:37:55 [INFO] HTTP Request: GET https://ncaa-api.henrygd.me/game/6510838/boxscore "200"
18:37:56 [INFO] HTTP Request: GET https://ncaa-api.henrygd.me/game/6510839/boxscore "HTTP/1.1 200 OK"
18:37:56 [INFO] HTTP Request: GET https://ncaa-api.henrygd.me/game/6510839/boxscore "200"
18:37:57 [INFO] HTTP Request: GET https://ncaa-api.henrygd.me/game/6510694/boxscore "HTTP/1.1 200 OK"
18:37:57 [INFO] HTTP Request: GET https://ncaa-api.henrygd.me/game/6510694/boxscore "200"
18:37:58 [INFO] HTTP Request: GET https://ncaa-api.henrygd.me/game/6510840/boxscore "HTTP/1.1 200 OK"
18:37:58 [INFO] HTTP Request: GET https://ncaa-api.henrygd.me/game/6510840/boxscore "200"
18:37:59 [INFO] HTTP Request: GET https://ncaa-api.henrygd.me/game/6510841/boxscore "HTTP/1.1 200 OK"
18:37:59 [INFO] HTTP Request: GET https://ncaa-api.henrygd.me/game/6510841/boxscore "200"
18:38:00 [INFO] HTTP Request: GET https://ncaa-api.henrygd.me/game/6510842/boxscore "HTTP/1.1 200 OK"
18:38:00 [INFO] HTTP Request: GET https://ncaa-api.henrygd.me/game/6510842/boxscore "200"
18:38:00 [INFO] HTTP Request: GET https://ncaa-api.henrygd.me/game/6510846/boxscore "HTTP/1.1 200 OK"
18:38:00 [INFO] HTTP Request: GET https://ncaa-api.henrygd.me/game/6510846/boxscore "200"
18:38:01 [INFO] HTTP Request: GET https://ncaa-api.henrygd.me/game/6510843/boxscore "HTTP/1.1 200 OK"
18:38:01 [INFO] HTTP Request: GET https://ncaa-api.henrygd.me/game/6510843/boxscore "200"
18:38:02 [INFO] HTTP Request: GET https://ncaa-api.henrygd.me/game/6510844/boxscore "HTTP/1.1 200 OK"
18:38:02 [INFO] HTTP Request: GET https://ncaa-api.henrygd.me/game/6510844/boxscore "200"
18:38:03 [INFO] HTTP Request: GET https://ncaa-api.henrygd.me/game/6510701/boxscore "HTTP/1.1 200 OK"
18:38:03 [INFO] HTTP Request: GET https://ncaa-api.henrygd.me/game/6510701/boxscore "200"
18:38:04 [INFO] HTTP Request: GET https://ncaa-api.henrygd.me/game/6510845/boxscore "HTTP/1.1 200 OK"
18:38:04 [INFO] HTTP Request: GET https://ncaa-api.henrygd.me/game/6510845/boxscore "200"
18:38:04 [INFO]   Loaded: 25 games, 540 player-game-stat rows
18:38:04 [INFO] 
============================================================
18:38:04 [INFO]   BATCH COMPLETE: 14 teams, 353 games, 8050 PGS rows
18:38:04 [INFO] ============================================================

============================================================
  NCAA D3 BATCH — FINAL SUMMARY
============================================================
  Total teams:                2185
  Total players:              23992
  Total games:                9445
  Total player_game_stats:    225401
============================================================
