18:16:18 [INFO] Batch: 20 teams, level=njcaa_d1, assoc=njcaa
18:16:18 [INFO] 
[1/20] Midland College
18:16:18 [INFO] Scraping team: Midland College (midlandcollege)
18:16:33 [INFO] HTTP Request: GET https://njcaastats.prestosports.com/sports/mbkb/2025-26/div1/teams/midlandcollege?view=roster "HTTP/1.1 200 OK"
18:16:33 [INFO]   Roster: 16 players
18:16:53 [INFO] HTTP Request: GET https://njcaastats.prestosports.com/sports/mbkb/2025-26/div1/teams/midlandcollege?view=gamelog "HTTP/1.1 200 OK"
18:16:53 [INFO]   Games: 28 with box scores
18:17:04 [INFO] HTTP Request: GET https://njcaastats.prestosports.com/sports/mbkb/2025-26/div1/boxscores/20251104_m8dd.xml "HTTP/1.1 200 OK"
18:17:15 [INFO] HTTP Request: GET https://njcaastats.prestosports.com/sports/mbkb/2025-26/div1/boxscores/20251107_aw6a.xml "HTTP/1.1 200 OK"
18:17:26 [INFO] HTTP Request: GET https://njcaastats.prestosports.com/sports/mbkb/2025-26/div1/boxscores/20251108_jphd.xml "HTTP/1.1 200 OK"
18:17:37 [INFO] HTTP Request: GET https://njcaastats.prestosports.com/sports/mbkb/2025-26/div1/boxscores/20251109_4i9o.xml "HTTP/1.1 200 OK"
18:17:48 [INFO] HTTP Request: GET https://njcaastats.prestosports.com/sports/mbkb/2025-26/div1/boxscores/20251114_6qpg.xml "HTTP/1.1 200 OK"
18:17:59 [INFO] HTTP Request: GET https://njcaastats.prestosports.com/sports/mbkb/2025-26/div1/boxscores/20251115_7ttc.xml "HTTP/1.1 200 OK"
18:18:10 [INFO] HTTP Request: GET https://njcaastats.prestosports.com/sports/mbkb/2025-26/div1/boxscores/20251120_thpf.xml "HTTP/1.1 200 OK"
18:18:21 [INFO] HTTP Request: GET https://njcaastats.prestosports.com/sports/mbkb/2025-26/div1/boxscores/20251121_oao8.xml "HTTP/1.1 200 OK"
18:18:32 [INFO] HTTP Request: GET https://njcaastats.prestosports.com/sports/mbkb/2025-26/div1/boxscores/20251122_7txq.xml "HTTP/1.1 200 OK"
18:18:43 [INFO] HTTP Request: GET https://njcaastats.prestosports.com/sports/mbkb/2025-26/div1/boxscores/20251128_caqs.xml "HTTP/1.1 200 OK"
18:18:54 [INFO] HTTP Request: GET https://njcaastats.prestosports.com/sports/mbkb/2025-26/div1/boxscores/20251201_430o.xml "HTTP/1.1 200 OK"
18:19:05 [INFO] HTTP Request: GET https://njcaastats.prestosports.com/sports/mbkb/2025-26/div1/boxscores/20251204_zwis.xml "HTTP/1.1 200 OK"
18:19:16 [INFO] HTTP Request: GET https://njcaastats.prestosports.com/sports/mbkb/2025-26/div1/boxscores/20251205_epxg.xml "HTTP/1.1 200 OK"
18:19:27 [INFO] HTTP Request: GET https://njcaastats.prestosports.com/sports/mbkb/2025-26/div1/boxscores/20260102_mjdi.xml "HTTP/1.1 200 OK"
18:19:38 [INFO] HTTP Request: GET https://njcaastats.prestosports.com/sports/mbkb/2025-26/div1/boxscores/20260105_0p5e.xml "HTTP/1.1 200 OK"
18:19:49 [INFO] HTTP Request: GET https://njcaastats.prestosports.com/sports/mbkb/2025-26/div1/boxscores/20260108_51ks.xml "HTTP/1.1 200 OK"
18:20:00 [INFO] HTTP Request: GET https://njcaastats.prestosports.com/sports/mbkb/2025-26/div1/boxscores/20260112_wru7.xml "HTTP/1.1 200 OK"
18:20:11 [INFO] HTTP Request: GET https://njcaastats.prestosports.com/sports/mbkb/2025-26/div1/boxscores/20260115_dcx2.xml "HTTP/1.1 200 OK"
18:20:22 [INFO] HTTP Request: GET https://njcaastats.prestosports.com/sports/mbkb/2025-26/div1/boxscores/20260119_iw1z.xml "HTTP/1.1 200 OK"
18:20:33 [INFO] HTTP Request: GET https://njcaastats.prestosports.com/sports/mbkb/2025-26/div1/boxscores/20260122_yzr7.xml "HTTP/1.1 200 OK"
18:20:44 [INFO] HTTP Request: GET https://njcaastats.prestosports.com/sports/mbkb/2025-26/div1/boxscores/20260129_7nnb.xml "HTTP/1.1 200 OK"
18:20:55 [INFO] HTTP Request: GET https://njcaastats.prestosports.com/sports/mbkb/2025-26/div1/boxscores/20260202_54rh.xml "HTTP/1.1 200 OK"
18:21:06 [INFO] HTTP Request: GET https://njcaastats.prestosports.com/sports/mbkb/2025-26/div1/boxscores/20260205_p6qj.xml "HTTP/1.1 200 OK"
18:21:17 [INFO] HTTP Request: GET https://njcaastats.prestosports.com/sports/mbkb/2025-26/div1/boxscores/20260209_xzmo.xml "HTTP/1.1 200 OK"
18:21:28 [INFO] HTTP Request: GET https://njcaastats.prestosports.com/sports/mbkb/2025-26/div1/boxscores/20260212_bmzn.xml "HTTP/1.1 200 OK"
18:21:39 [INFO] HTTP Request: GET https://njcaastats.prestosports.com/sports/mbkb/2025-26/div1/boxscores/20260216_8ruk.xml "HTTP/1.1 200 OK"
18:21:50 [INFO] HTTP Request: GET https://njcaastats.prestosports.com/sports/mbkb/2025-26/div1/boxscores/20260219_2i30.xml "HTTP/1.1 200 OK"
18:22:01 [INFO] HTTP Request: GET https://njcaastats.prestosports.com/sports/mbkb/2025-26/div1/boxscores/20260223_7npm.xml "HTTP/1.1 200 OK"
18:22:01 [INFO]   Loaded: 28 games, 702 player-game-stat rows
18:22:01 [INFO] 
[2/20] Miles CC
18:22:01 [INFO] Scraping team: Miles CC (milescommunitycollege)
18:22:20 [INFO] HTTP Request: GET https://njcaastats.prestosports.com/sports/mbkb/2025-26/div1/teams/milescommunitycollege?view=roster "HTTP/1.1 200 OK"
18:22:20 [INFO]   Roster: 11 players
18:22:41 [INFO] HTTP Request: GET https://njcaastats.prestosports.com/sports/mbkb/2025-26/div1/teams/milescommunitycollege?view=gamelog "HTTP/1.1 200 OK"
18:22:41 [INFO]   Games: 30 with box scores
18:22:53 [INFO] HTTP Request: GET https://njcaastats.prestosports.com/sports/mbkb/2025-26/div1/boxscores/20251031_c9zq.xml "HTTP/1.1 200 OK"
18:23:04 [INFO] HTTP Request: GET https://njcaastats.prestosports.com/sports/mbkb/2025-26/div1/boxscores/20251101_qxvd.xml "HTTP/1.1 200 OK"
18:23:15 [INFO] HTTP Request: GET https://njcaastats.prestosports.com/sports/mbkb/2025-26/div1/boxscores/20251102_0kmi.xml "HTTP/1.1 200 OK"
18:23:26 [INFO] HTTP Request: GET https://njcaastats.prestosports.com/sports/mbkb/2025-26/div1/boxscores/20251106_z9yd.xml "HTTP/1.1 200 OK"
18:23:37 [INFO] HTTP Request: GET https://njcaastats.prestosports.com/sports/mbkb/2025-26/div1/boxscores/20251107_ac3f.xml "HTTP/1.1 200 OK"
18:23:48 [INFO] HTTP Request: GET https://njcaastats.prestosports.com/sports/mbkb/2025-26/div1/boxscores/20251108_3vm9.xml "HTTP/1.1 200 OK"
18:23:59 [INFO] HTTP Request: GET https://njcaastats.prestosports.com/sports/mbkb/2025-26/div1/boxscores/20251122_tpfu.xml "HTTP/1.1 200 OK"
18:24:10 [INFO] HTTP Request: GET https://njcaastats.prestosports.com/sports/mbkb/2025-26/div1/boxscores/20251124_tumn.xml "HTTP/1.1 200 OK"
18:24:21 [INFO] HTTP Request: GET https://njcaastats.prestosports.com/sports/mbkb/2025-26/div1/boxscores/20251128_xaq2.xml "HTTP/1.1 200 OK"
18:24:32 [INFO] HTTP Request: GET https://njcaastats.prestosports.com/sports/mbkb/2025-26/div1/boxscores/20251129_2oad.xml "HTTP/1.1 200 OK"
18:24:43 [INFO] HTTP Request: GET https://njcaastats.prestosports.com/sports/mbkb/2025-26/div1/boxscores/20251202_t54g.xml "HTTP/1.1 200 OK"
18:24:54 [INFO] HTTP Request: GET https://njcaastats.prestosports.com/sports/mbkb/2025-26/div1/boxscores/20251205_eih1.xml "HTTP/1.1 200 OK"
18:25:05 [INFO] HTTP Request: GET https://njcaastats.prestosports.com/sports/mbkb/2025-26/div1/boxscores/20251206_rjo3.xml "HTTP/1.1 200 OK"
18:25:16 [INFO] HTTP Request: GET https://njcaastats.prestosports.com/sports/mbkb/2025-26/div1/boxscores/20251212_b4du.xml "HTTP/1.1 200 OK"
18:25:27 [INFO] HTTP Request: GET https://njcaastats.prestosports.com/sports/mbkb/2025-26/div1/boxscores/20251213_f6sl.xml "HTTP/1.1 200 OK"
18:25:38 [INFO] HTTP Request: GET https://njcaastats.prestosports.com/sports/mbkb/2025-26/div1/boxscores/20251228_a8cq.xml "HTTP/1.1 200 OK"
18:25:49 [INFO] HTTP Request: GET https://njcaastats.prestosports.com/sports/mbkb/2025-26/div1/boxscores/20251229_dk3p.xml "HTTP/1.1 200 OK"
18:26:00 [INFO] HTTP Request: GET https://njcaastats.prestosports.com/sports/mbkb/2025-26/div1/boxscores/20251231_kw18.xml "HTTP/1.1 200 OK"
18:26:11 [INFO] HTTP Request: GET https://njcaastats.prestosports.com/sports/mbkb/2025-26/div1/boxscores/20260108_kyyi.xml "HTTP/1.1 200 OK"
18:26:22 [INFO] HTTP Request: GET https://njcaastats.prestosports.com/sports/mbkb/2025-26/div1/boxscores/20260112_6io5.xml "HTTP/1.1 200 OK"
18:26:33 [INFO] HTTP Request: GET https://njcaastats.prestosports.com/sports/mbkb/2025-26/div1/boxscores/20260118_g4y3.xml "HTTP/1.1 200 OK"
18:26:44 [INFO] HTTP Request: GET https://njcaastats.prestosports.com/sports/mbkb/2025-26/div1/boxscores/20260119_vpx3.xml "HTTP/1.1 200 OK"
18:26:55 [INFO] HTTP Request: GET https://njcaastats.prestosports.com/sports/mbkb/2025-26/div1/boxscores/20260122_lwpl.xml "HTTP/1.1 200 OK"
18:27:06 [INFO] HTTP Request: GET https://njcaastats.prestosports.com/sports/mbkb/2025-26/div1/boxscores/20260129_gsku.xml "HTTP/1.1 200 OK"
18:27:17 [INFO] HTTP Request: GET https://njcaastats.prestosports.com/sports/mbkb/2025-26/div1/boxscores/20260201_1wp0.xml "HTTP/1.1 200 OK"
18:27:28 [INFO] HTTP Request: GET https://njcaastats.prestosports.com/sports/mbkb/2025-26/div1/boxscores/20260205_rb74.xml "HTTP/1.1 200 OK"
18:27:39 [INFO] HTTP Request: GET https://njcaastats.prestosports.com/sports/mbkb/2025-26/div1/boxscores/20260208_h45f.xml "HTTP/1.1 200 OK"
18:27:50 [INFO] HTTP Request: GET https://njcaastats.prestosports.com/sports/mbkb/2025-26/div1/boxscores/20260209_l1hx.xml "HTTP/1.1 200 OK"
18:28:01 [INFO] HTTP Request: GET https://njcaastats.prestosports.com/sports/mbkb/2025-26/div1/boxscores/20260215_z1hh.xml "HTTP/1.1 200 OK"
18:28:12 [INFO] HTTP Request: GET https://njcaastats.prestosports.com/sports/mbkb/2025-26/div1/boxscores/20260222_5szv.xml "HTTP/1.1 200 OK"
18:28:13 [INFO]   Loaded: 30 games, 735 player-game-stat rows
18:28:13 [INFO] 
[3/20] Mineral Area College
18:28:13 [INFO] Scraping team: Mineral Area College (mineralareacollege)
18:28:31 [INFO] HTTP Request: GET https://njcaastats.prestosports.com/sports/mbkb/2025-26/div1/teams/mineralareacollege?view=roster "HTTP/1.1 200 OK"
18:28:32 [INFO]   Roster: 15 players
18:28:53 [INFO] HTTP Request: GET https://njcaastats.prestosports.com/sports/mbkb/2025-26/div1/teams/mineralareacollege?view=gamelog "HTTP/1.1 200 OK"
18:28:53 [INFO]   Games: 27 with box scores
18:29:04 [INFO] HTTP Request: GET https://njcaastats.prestosports.com/sports/mbkb/2025-26/div1/boxscores/20251031_ka54.xml "HTTP/1.1 200 OK"
18:29:15 [INFO] HTTP Request: GET https://njcaastats.prestosports.com/sports/mbkb/2025-26/div1/boxscores/20251101_pxrd.xml "HTTP/1.1 200 OK"
18:29:26 [INFO] HTTP Request: GET https://njcaastats.prestosports.com/sports/mbkb/2025-26/div1/boxscores/20251105_gpkm.xml "HTTP/1.1 200 OK"
18:29:37 [INFO] HTTP Request: GET https://njcaastats.prestosports.com/sports/mbkb/2025-26/div1/boxscores/20251107_wfpp.xml "HTTP/1.1 200 OK"
18:29:48 [INFO] HTTP Request: GET https://njcaastats.prestosports.com/sports/mbkb/2025-26/div1/boxscores/20251108_xaw1.xml "HTTP/1.1 200 OK"
18:29:59 [INFO] HTTP Request: GET https://njcaastats.prestosports.com/sports/mbkb/2025-26/div1/boxscores/20251114_cfv6.xml "HTTP/1.1 200 OK"
18:30:10 [INFO] HTTP Request: GET https://njcaastats.prestosports.com/sports/mbkb/2025-26/div1/boxscores/20251115_zvxt.xml "HTTP/1.1 200 OK"
18:30:21 [INFO] HTTP Request: GET https://njcaastats.prestosports.com/sports/mbkb/2025-26/div1/boxscores/20251119_eyf9.xml "HTTP/1.1 200 OK"
18:30:32 [INFO] HTTP Request: GET https://njcaastats.prestosports.com/sports/mbkb/2025-26/div1/boxscores/20251122_fh95.xml "HTTP/1.1 200 OK"
18:30:43 [INFO] HTTP Request: GET https://njcaastats.prestosports.com/sports/mbkb/2025-26/div1/boxscores/20251204_syea.xml "HTTP/1.1 200 OK"
18:30:54 [INFO] HTTP Request: GET https://njcaastats.prestosports.com/sports/mbkb/2025-26/div1/boxscores/20251205_epxg.xml "HTTP/1.1 200 OK"
18:31:05 [INFO] HTTP Request: GET https://njcaastats.prestosports.com/sports/mbkb/2025-26/div1/boxscores/20251206_vuz0.xml "HTTP/1.1 200 OK"
18:31:16 [INFO] HTTP Request: GET https://njcaastats.prestosports.com/sports/mbkb/2025-26/div1/boxscores/20251213_7nwu.xml "HTTP/1.1 200 OK"
18:31:27 [INFO] HTTP Request: GET https://njcaastats.prestosports.com/sports/mbkb/2025-26/div1/boxscores/20251217_lx81.xml "HTTP/1.1 200 OK"
18:31:38 [INFO] HTTP Request: GET https://njcaastats.prestosports.com/sports/mbkb/2025-26/div1/boxscores/20251219_yhd2.xml "HTTP/1.1 200 OK"
18:31:49 [INFO] HTTP Request: GET https://njcaastats.prestosports.com/sports/mbkb/2025-26/div1/boxscores/20251221_zrmz.xml "HTTP/1.1 200 OK"
18:32:00 [INFO] HTTP Request: GET https://njcaastats.prestosports.com/sports/mbkb/2025-26/div1/boxscores/20260107_bi93.xml "HTTP/1.1 200 OK"
18:32:11 [INFO] HTTP Request: GET https://njcaastats.prestosports.com/sports/mbkb/2025-26/div1/boxscores/20260114_tnaq.xml "HTTP/1.1 200 OK"
18:32:22 [INFO] HTTP Request: GET https://njcaastats.prestosports.com/sports/mbkb/2025-26/div1/boxscores/20260117_2ock.xml "HTTP/1.1 200 OK"
18:32:33 [INFO] HTTP Request: GET https://njcaastats.prestosports.com/sports/mbkb/2025-26/div1/boxscores/20260121_1e56.xml "HTTP/1.1 200 OK"
18:32:44 [INFO] HTTP Request: GET https://njcaastats.prestosports.com/sports/mbkb/2025-26/div1/boxscores/20260123_gmpl.xml "HTTP/1.1 200 OK"
18:32:55 [INFO] HTTP Request: GET https://njcaastats.prestosports.com/sports/mbkb/2025-26/div1/boxscores/20260131_yit4.xml "HTTP/1.1 200 OK"
18:33:06 [INFO] HTTP Request: GET https://njcaastats.prestosports.com/sports/mbkb/2025-26/div1/boxscores/20260204_yow0.xml "HTTP/1.1 200 OK"
18:33:17 [INFO] HTTP Request: GET https://njcaastats.prestosports.com/sports/mbkb/2025-26/div1/boxscores/20260207_mklk.xml "HTTP/1.1 200 OK"
18:33:28 [INFO] HTTP Request: GET https://njcaastats.prestosports.com/sports/mbkb/2025-26/div1/boxscores/20260211_vm54.xml "HTTP/1.1 200 OK"
18:33:39 [INFO] HTTP Request: GET https://njcaastats.prestosports.com/sports/mbkb/2025-26/div1/boxscores/20260218_tp7p.xml "HTTP/1.1 200 OK"
18:33:50 [INFO] HTTP Request: GET https://njcaastats.prestosports.com/sports/mbkb/2025-26/div1/boxscores/20260221_pgja.xml "HTTP/1.1 200 OK"
18:33:50 [INFO]   Loaded: 27 games, 638 player-game-stat rows
18:33:50 [INFO] 
[4/20] Mississippi Delta CC
18:33:50 [INFO] Scraping team: Mississippi Delta CC (mississippideltacommunitycollege)
18:34:11 [INFO] HTTP Request: GET https://njcaastats.prestosports.com/sports/mbkb/2025-26/div1/teams/mississippideltacommunitycollege?view=roster "HTTP/1.1 200 OK"
18:34:11 [INFO]   Roster: 15 players
18:34:30 [INFO] HTTP Request: GET https://njcaastats.prestosports.com/sports/mbkb/2025-26/div1/teams/mississippideltacommunitycollege?view=gamelog "HTTP/1.1 200 OK"
18:34:30 [INFO]   Games: 25 with box scores
18:34:41 [INFO] HTTP Request: GET https://njcaastats.prestosports.com/sports/mbkb/2025-26/div1/boxscores/20251101_j7x6.xml "HTTP/1.1 200 OK"
18:34:52 [INFO] HTTP Request: GET https://njcaastats.prestosports.com/sports/mbkb/2025-26/div1/boxscores/20251103_yfui.xml "HTTP/1.1 200 OK"
18:35:03 [INFO] HTTP Request: GET https://njcaastats.prestosports.com/sports/mbkb/2025-26/div1/boxscores/20251106_b3yk.xml "HTTP/1.1 200 OK"
18:35:14 [INFO] HTTP Request: GET https://njcaastats.prestosports.com/sports/mbkb/2025-26/div1/boxscores/20251110_hn98.xml "HTTP/1.1 200 OK"
18:35:25 [INFO] HTTP Request: GET https://njcaastats.prestosports.com/sports/mbkb/2025-26/div1/boxscores/20251113_fbn6.xml "HTTP/1.1 200 OK"
18:35:36 [INFO] HTTP Request: GET https://njcaastats.prestosports.com/sports/mbkb/2025-26/div1/boxscores/20251120_y6ya.xml "HTTP/1.1 200 OK"
18:35:47 [INFO] HTTP Request: GET https://njcaastats.prestosports.com/sports/mbkb/2025-26/div1/boxscores/20251122_p0v3.xml "HTTP/1.1 200 OK"
18:35:58 [INFO] HTTP Request: GET https://njcaastats.prestosports.com/sports/mbkb/2025-26/div1/boxscores/20251202_nh8r.xml "HTTP/1.1 200 OK"
18:36:09 [INFO] HTTP Request: GET https://njcaastats.prestosports.com/sports/mbkb/2025-26/div1/boxscores/20251204_2hqu.xml "HTTP/1.1 200 OK"
18:36:20 [INFO] HTTP Request: GET https://njcaastats.prestosports.com/sports/mbkb/2025-26/div1/boxscores/20251206_qigb.xml "HTTP/1.1 200 OK"
18:36:31 [INFO] HTTP Request: GET https://njcaastats.prestosports.com/sports/mbkb/2025-26/div1/boxscores/20251208_nlyq.xml "HTTP/1.1 200 OK"
18:36:41 [INFO] HTTP Request: GET https://njcaastats.prestosports.com/sports/mbkb/2025-26/div1/boxscores/20260106_iujp.xml "HTTP/1.1 200 OK"
18:36:52 [INFO] HTTP Request: GET https://njcaastats.prestosports.com/sports/mbkb/2025-26/div1/boxscores/20260108_rogs.xml "HTTP/1.1 200 OK"
18:37:04 [INFO] HTTP Request: GET https://njcaastats.prestosports.com/sports/mbkb/2025-26/div1/boxscores/20260112_5nty.xml "HTTP/1.1 200 OK"
18:37:14 [INFO] HTTP Request: GET https://njcaastats.prestosports.com/sports/mbkb/2025-26/div1/boxscores/20260115_4d28.xml "HTTP/1.1 200 OK"
18:37:25 [INFO] HTTP Request: GET https://njcaastats.prestosports.com/sports/mbkb/2025-26/div1/boxscores/20260120_6u3k.xml "HTTP/1.1 200 OK"
18:37:36 [INFO] HTTP Request: GET https://njcaastats.prestosports.com/sports/mbkb/2025-26/div1/boxscores/20260122_5vgt.xml "HTTP/1.1 200 OK"
18:37:47 [INFO] HTTP Request: GET https://njcaastats.prestosports.com/sports/mbkb/2025-26/div1/boxscores/20260202_hx9a.xml "HTTP/1.1 200 OK"
18:37:58 [INFO] HTTP Request: GET https://njcaastats.prestosports.com/sports/mbkb/2025-26/div1/boxscores/20260205_tmhd.xml "HTTP/1.1 200 OK"
18:38:09 [INFO] HTTP Request: GET https://njcaastats.prestosports.com/sports/mbkb/2025-26/div1/boxscores/20260207_4d0i.xml "HTTP/1.1 200 OK"
18:38:21 [INFO] HTTP Request: GET https://njcaastats.prestosports.com/sports/mbkb/2025-26/div1/boxscores/20260212_q71r.xml "HTTP/1.1 200 OK"
18:38:32 [INFO] HTTP Request: GET https://njcaastats.prestosports.com/sports/mbkb/2025-26/div1/boxscores/20260214_4g2l.xml "HTTP/1.1 200 OK"
18:38:43 [INFO] HTTP Request: GET https://njcaastats.prestosports.com/sports/mbkb/2025-26/div1/boxscores/20260216_3pa4.xml "HTTP/1.1 200 OK"
18:38:54 [INFO] HTTP Request: GET https://njcaastats.prestosports.com/sports/mbkb/2025-26/div1/boxscores/20260219_fr1x.xml "HTTP/1.1 200 OK"
18:39:05 [INFO] HTTP Request: GET https://njcaastats.prestosports.com/sports/mbkb/2025-26/div1/boxscores/20260223_5hs7.xml "HTTP/1.1 200 OK"
18:39:05 [INFO]   Loaded: 25 games, 544 player-game-stat rows
18:39:05 [INFO] 
[5/20] Mississippi Gulf Coast CC
18:39:05 [INFO] Scraping team: Mississippi Gulf Coast CC (mississippigulfcoastcommunitycollege)
18:39:25 [INFO] HTTP Request: GET https://njcaastats.prestosports.com/sports/mbkb/2025-26/div1/teams/mississippigulfcoastcommunitycollege?view=roster "HTTP/1.1 200 OK"
18:39:25 [INFO]   Roster: 15 players
18:39:44 [INFO] HTTP Request: GET https://njcaastats.prestosports.com/sports/mbkb/2025-26/div1/teams/mississippigulfcoastcommunitycollege?view=gamelog "HTTP/1.1 200 OK"
18:39:44 [INFO]   Games: 27 with box scores
18:39:55 [INFO] HTTP Request: GET https://njcaastats.prestosports.com/sports/mbkb/2025-26/div1/boxscores/20251031_ncni.xml "HTTP/1.1 200 OK"
18:40:06 [INFO] HTTP Request: GET https://njcaastats.prestosports.com/sports/mbkb/2025-26/div1/boxscores/20251101_q4re.xml "HTTP/1.1 200 OK"
18:40:17 [INFO] HTTP Request: GET https://njcaastats.prestosports.com/sports/mbkb/2025-26/div1/boxscores/20251104_63qo.xml "HTTP/1.1 200 OK"
18:40:28 [INFO] HTTP Request: GET https://njcaastats.prestosports.com/sports/mbkb/2025-26/div1/boxscores/20251110_35b9.xml "HTTP/1.1 200 OK"
18:40:39 [INFO] HTTP Request: GET https://njcaastats.prestosports.com/sports/mbkb/2025-26/div1/boxscores/20251113_ufeq.xml "HTTP/1.1 200 OK"
18:40:50 [INFO] HTTP Request: GET https://njcaastats.prestosports.com/sports/mbkb/2025-26/div1/boxscores/20251117_ck8s.xml "HTTP/1.1 200 OK"
18:41:02 [INFO] HTTP Request: GET https://njcaastats.prestosports.com/sports/mbkb/2025-26/div1/boxscores/20251120_1zx1.xml "HTTP/1.1 200 OK"
18:41:13 [INFO] HTTP Request: GET https://njcaastats.prestosports.com/sports/mbkb/2025-26/div1/boxscores/20251121_z5o2.xml "HTTP/1.1 200 OK"
18:41:24 [INFO] HTTP Request: GET https://njcaastats.prestosports.com/sports/mbkb/2025-26/div1/boxscores/20251201_jv0s.xml "HTTP/1.1 200 OK"
18:41:35 [INFO] HTTP Request: GET https://njcaastats.prestosports.com/sports/mbkb/2025-26/div1/boxscores/20251203_7jgd.xml "HTTP/1.1 200 OK"
18:41:48 [INFO] HTTP Request: GET https://njcaastats.prestosports.com/sports/mbkb/2025-26/div1/boxscores/20251204_vcc2.xml "HTTP/1.1 200 OK"
18:41:59 [INFO] HTTP Request: GET https://njcaastats.prestosports.com/sports/mbkb/2025-26/div1/boxscores/20251208_ur7y.xml "HTTP/1.1 200 OK"
18:42:10 [INFO] HTTP Request: GET https://njcaastats.prestosports.com/sports/mbkb/2025-26/div1/boxscores/20251212_e5of.xml "HTTP/1.1 200 OK"
18:42:21 [INFO] HTTP Request: GET https://njcaastats.prestosports.com/sports/mbkb/2025-26/div1/boxscores/20260106_xo79.xml "HTTP/1.1 200 OK"
18:42:32 [INFO] HTTP Request: GET https://njcaastats.prestosports.com/sports/mbkb/2025-26/div1/boxscores/20260108_hsoi.xml "HTTP/1.1 200 OK"
18:42:43 [INFO] HTTP Request: GET https://njcaastats.prestosports.com/sports/mbkb/2025-26/div1/boxscores/20260112_042l.xml "HTTP/1.1 200 OK"
18:42:54 [INFO] HTTP Request: GET https://njcaastats.prestosports.com/sports/mbkb/2025-26/div1/boxscores/20260115_9t7w.xml "HTTP/1.1 200 OK"
18:43:05 [INFO] HTTP Request: GET https://njcaastats.prestosports.com/sports/mbkb/2025-26/div1/boxscores/20260120_o4n2.xml "HTTP/1.1 200 OK"
18:43:16 [INFO] HTTP Request: GET https://njcaastats.prestosports.com/sports/mbkb/2025-26/div1/boxscores/20260122_c1gx.xml "HTTP/1.1 200 OK"
18:43:27 [INFO] HTTP Request: GET https://njcaastats.prestosports.com/sports/mbkb/2025-26/div1/boxscores/20260129_j9iw.xml "HTTP/1.1 200 OK"
18:43:38 [INFO] HTTP Request: GET https://njcaastats.prestosports.com/sports/mbkb/2025-26/div1/boxscores/20260202_hx9a.xml "HTTP/1.1 200 OK"
18:43:49 [INFO] HTTP Request: GET https://njcaastats.prestosports.com/sports/mbkb/2025-26/div1/boxscores/20260205_8cdj.xml "HTTP/1.1 200 OK"
18:44:02 [INFO] HTTP Request: GET https://njcaastats.prestosports.com/sports/mbkb/2025-26/div1/boxscores/20260209_u57v.xml "HTTP/1.1 200 OK"
18:44:13 [INFO] HTTP Request: GET https://njcaastats.prestosports.com/sports/mbkb/2025-26/div1/boxscores/20260212_n71j.xml "HTTP/1.1 200 OK"
18:44:24 [INFO] HTTP Request: GET https://njcaastats.prestosports.com/sports/mbkb/2025-26/div1/boxscores/20260216_rjag.xml "HTTP/1.1 200 OK"
18:44:35 [INFO] HTTP Request: GET https://njcaastats.prestosports.com/sports/mbkb/2025-26/div1/boxscores/20260219_p0qd.xml "HTTP/1.1 200 OK"
18:44:46 [INFO] HTTP Request: GET https://njcaastats.prestosports.com/sports/mbkb/2025-26/div1/boxscores/20260223_vjk5.xml "HTTP/1.1 200 OK"
18:44:46 [INFO]   Loaded: 27 games, 594 player-game-stat rows
18:44:46 [INFO] 
[6/20] Missouri State University - West Plains
18:44:46 [INFO] Scraping team: Missouri State University - West Plains (missouristateuniversitywestplains)
18:45:09 [INFO] HTTP Request: GET https://njcaastats.prestosports.com/sports/mbkb/2025-26/div1/teams/missouristateuniversitywestplains?view=roster "HTTP/1.1 200 OK"
18:45:09 [INFO]   Roster: 15 players
18:45:30 [INFO] HTTP Request: GET https://njcaastats.prestosports.com/sports/mbkb/2025-26/div1/teams/missouristateuniversitywestplains?view=gamelog "HTTP/1.1 200 OK"
18:45:31 [INFO]   Games: 27 with box scores
18:45:41 [INFO] HTTP Request: GET https://njcaastats.prestosports.com/sports/mbkb/2025-26/div1/boxscores/20251101_qohy.xml "HTTP/1.1 200 OK"
18:45:52 [INFO] HTTP Request: GET https://njcaastats.prestosports.com/sports/mbkb/2025-26/div1/boxscores/20251103_c6jm.xml "HTTP/1.1 200 OK"
18:46:05 [INFO] HTTP Request: GET https://njcaastats.prestosports.com/sports/mbkb/2025-26/div1/boxscores/20251104_kpl1.xml "HTTP/1.1 200 OK"
18:46:16 [INFO] HTTP Request: GET https://njcaastats.prestosports.com/sports/mbkb/2025-26/div1/boxscores/20251107_7mob.xml "HTTP/1.1 200 OK"
18:46:26 [INFO] HTTP Request: GET https://njcaastats.prestosports.com/sports/mbkb/2025-26/div1/boxscores/20251108_bs80.xml "HTTP/1.1 200 OK"
18:46:38 [INFO] HTTP Request: GET https://njcaastats.prestosports.com/sports/mbkb/2025-26/div1/boxscores/20251110_tjiq.xml "HTTP/1.1 200 OK"
18:46:49 [INFO] HTTP Request: GET https://njcaastats.prestosports.com/sports/mbkb/2025-26/div1/boxscores/20251112_py5e.xml "HTTP/1.1 200 OK"
18:47:00 [INFO] HTTP Request: GET https://njcaastats.prestosports.com/sports/mbkb/2025-26/div1/boxscores/20251115_nx6k.xml "HTTP/1.1 200 OK"
18:47:11 [INFO] HTTP Request: GET https://njcaastats.prestosports.com/sports/mbkb/2025-26/div1/boxscores/20251121_2x2o.xml "HTTP/1.1 200 OK"
18:47:22 [INFO] HTTP Request: GET https://njcaastats.prestosports.com/sports/mbkb/2025-26/div1/boxscores/20251122_85ey.xml "HTTP/1.1 200 OK"
18:47:33 [INFO] HTTP Request: GET https://njcaastats.prestosports.com/sports/mbkb/2025-26/div1/boxscores/20251128_zraw.xml "HTTP/1.1 200 OK"
18:47:44 [INFO] HTTP Request: GET https://njcaastats.prestosports.com/sports/mbkb/2025-26/div1/boxscores/20251129_lrl9.xml "HTTP/1.1 200 OK"
18:47:55 [INFO] HTTP Request: GET https://njcaastats.prestosports.com/sports/mbkb/2025-26/div1/boxscores/20251202_yfya.xml "HTTP/1.1 200 OK"
18:48:06 [INFO] HTTP Request: GET https://njcaastats.prestosports.com/sports/mbkb/2025-26/div1/boxscores/20251207_emiv.xml "HTTP/1.1 200 OK"
18:48:17 [INFO] HTTP Request: GET https://njcaastats.prestosports.com/sports/mbkb/2025-26/div1/boxscores/20251210_l5ob.xml "HTTP/1.1 200 OK"
18:48:28 [INFO] HTTP Request: GET https://njcaastats.prestosports.com/sports/mbkb/2025-26/div1/boxscores/20260107_zs54.xml "HTTP/1.1 200 OK"
18:48:39 [INFO] HTTP Request: GET https://njcaastats.prestosports.com/sports/mbkb/2025-26/div1/boxscores/20260110_sna8.xml "HTTP/1.1 200 OK"
18:48:50 [INFO] HTTP Request: GET https://njcaastats.prestosports.com/sports/mbkb/2025-26/div1/boxscores/20260114_tnaq.xml "HTTP/1.1 200 OK"
18:49:01 [INFO] HTTP Request: GET https://njcaastats.prestosports.com/sports/mbkb/2025-26/div1/boxscores/20260117_cq7a.xml "HTTP/1.1 200 OK"
18:49:12 [INFO] HTTP Request: GET https://njcaastats.prestosports.com/sports/mbkb/2025-26/div1/boxscores/20260121_a8x2.xml "HTTP/1.1 200 OK"
18:49:23 [INFO] HTTP Request: GET https://njcaastats.prestosports.com/sports/mbkb/2025-26/div1/boxscores/20260128_ss3b.xml "HTTP/1.1 200 OK"
18:49:34 [INFO] HTTP Request: GET https://njcaastats.prestosports.com/sports/mbkb/2025-26/div1/boxscores/20260131_gq7l.xml "HTTP/1.1 200 OK"
18:49:45 [INFO] HTTP Request: GET https://njcaastats.prestosports.com/sports/mbkb/2025-26/div1/boxscores/20260204_yow0.xml "HTTP/1.1 200 OK"
18:49:55 [INFO] HTTP Request: GET https://njcaastats.prestosports.com/sports/mbkb/2025-26/div1/boxscores/20260207_ayo2.xml "HTTP/1.1 200 OK"
18:50:07 [INFO] HTTP Request: GET https://njcaastats.prestosports.com/sports/mbkb/2025-26/div1/boxscores/20260214_qax8.xml "HTTP/1.1 200 OK"
18:50:18 [INFO] HTTP Request: GET https://njcaastats.prestosports.com/sports/mbkb/2025-26/div1/boxscores/20260218_in9r.xml "HTTP/1.1 200 OK"
18:50:29 [INFO] HTTP Request: GET https://njcaastats.prestosports.com/sports/mbkb/2025-26/div1/boxscores/20260221_uhqe.xml "HTTP/1.1 200 OK"
18:50:29 [INFO]   Loaded: 27 games, 585 player-game-stat rows
18:50:29 [INFO] 
[7/20] Moberly Area CC
18:50:29 [INFO] Scraping team: Moberly Area CC (moberlyareacommunitycollege)
18:50:51 [INFO] HTTP Request: GET https://njcaastats.prestosports.com/sports/mbkb/2025-26/div1/teams/moberlyareacommunitycollege?view=roster "HTTP/1.1 200 OK"
18:50:51 [INFO]   Roster: 16 players
18:51:12 [INFO] HTTP Request: GET https://njcaastats.prestosports.com/sports/mbkb/2025-26/div1/teams/moberlyareacommunitycollege?view=gamelog "HTTP/1.1 200 OK"
18:51:12 [INFO]   Games: 28 with box scores
18:51:23 [INFO] HTTP Request: GET https://njcaastats.prestosports.com/sports/mbkb/2025-26/div1/boxscores/20251031_nhdf.xml "HTTP/1.1 200 OK"
18:51:34 [INFO] HTTP Request: GET https://njcaastats.prestosports.com/sports/mbkb/2025-26/div1/boxscores/20251101_gmxf.xml "HTTP/1.1 200 OK"
18:51:45 [INFO] HTTP Request: GET https://njcaastats.prestosports.com/sports/mbkb/2025-26/div1/boxscores/20251107_e4cs.xml "HTTP/1.1 200 OK"
18:51:56 [INFO] HTTP Request: GET https://njcaastats.prestosports.com/sports/mbkb/2025-26/div1/boxscores/20251108_zw2b.xml "HTTP/1.1 200 OK"
18:52:07 [INFO] HTTP Request: GET https://njcaastats.prestosports.com/sports/mbkb/2025-26/div1/boxscores/20251111_ghap.xml "HTTP/1.1 200 OK"
18:52:18 [INFO] HTTP Request: GET https://njcaastats.prestosports.com/sports/mbkb/2025-26/div1/boxscores/20251114_ifqe.xml "HTTP/1.1 200 OK"
18:52:29 [INFO] HTTP Request: GET https://njcaastats.prestosports.com/sports/mbkb/2025-26/div1/boxscores/20251115_jpaj.xml "HTTP/1.1 200 OK"
18:52:41 [INFO] HTTP Request: GET https://njcaastats.prestosports.com/sports/mbkb/2025-26/div1/boxscores/20251122_2yzv.xml "HTTP/1.1 200 OK"
18:52:52 [INFO] HTTP Request: GET https://njcaastats.prestosports.com/sports/mbkb/2025-26/div1/boxscores/20251128_65bi.xml "HTTP/1.1 200 OK"
18:53:03 [INFO] HTTP Request: GET https://njcaastats.prestosports.com/sports/mbkb/2025-26/div1/boxscores/20251129_jscm.xml "HTTP/1.1 200 OK"
18:53:14 [INFO] HTTP Request: GET https://njcaastats.prestosports.com/sports/mbkb/2025-26/div1/boxscores/20251206_fzme.xml "HTTP/1.1 200 OK"
18:53:25 [INFO] HTTP Request: GET https://njcaastats.prestosports.com/sports/mbkb/2025-26/div1/boxscores/20251207_n6u2.xml "HTTP/1.1 200 OK"
18:53:36 [INFO] HTTP Request: GET https://njcaastats.prestosports.com/sports/mbkb/2025-26/div1/boxscores/20251212_s2b7.xml "HTTP/1.1 200 OK"
18:53:47 [INFO] HTTP Request: GET https://njcaastats.prestosports.com/sports/mbkb/2025-26/div1/boxscores/20251213_jx3k.xml "HTTP/1.1 200 OK"
18:53:58 [INFO] HTTP Request: GET https://njcaastats.prestosports.com/sports/mbkb/2025-26/div1/boxscores/20251213_ly9f.xml "HTTP/1.1 200 OK"
18:54:09 [INFO] HTTP Request: GET https://njcaastats.prestosports.com/sports/mbkb/2025-26/div1/boxscores/20260103_omit.xml "HTTP/1.1 200 OK"
18:54:21 [INFO] HTTP Request: GET https://njcaastats.prestosports.com/sports/mbkb/2025-26/div1/boxscores/20260107_l82u.xml "HTTP/1.1 200 OK"
18:54:32 [INFO] HTTP Request: GET https://njcaastats.prestosports.com/sports/mbkb/2025-26/div1/boxscores/20260110_sna8.xml "HTTP/1.1 200 OK"
18:54:43 [INFO] HTTP Request: GET https://njcaastats.prestosports.com/sports/mbkb/2025-26/div1/boxscores/20260114_yhth.xml "HTTP/1.1 200 OK"
18:54:54 [INFO] HTTP Request: GET https://njcaastats.prestosports.com/sports/mbkb/2025-26/div1/boxscores/20260121_1e56.xml "HTTP/1.1 200 OK"
18:55:05 [INFO] HTTP Request: GET https://njcaastats.prestosports.com/sports/mbkb/2025-26/div1/boxscores/20260128_ss3b.xml "HTTP/1.1 200 OK"
18:55:16 [INFO] HTTP Request: GET https://njcaastats.prestosports.com/sports/mbkb/2025-26/div1/boxscores/20260131_eq6s.xml "HTTP/1.1 200 OK"
18:55:27 [INFO] HTTP Request: GET https://njcaastats.prestosports.com/sports/mbkb/2025-26/div1/boxscores/20260202_1joc.xml "HTTP/1.1 200 OK"
18:55:38 [INFO] HTTP Request: GET https://njcaastats.prestosports.com/sports/mbkb/2025-26/div1/boxscores/20260204_cid2.xml "HTTP/1.1 200 OK"
18:55:49 [INFO] HTTP Request: GET https://njcaastats.prestosports.com/sports/mbkb/2025-26/div1/boxscores/20260207_mklk.xml "HTTP/1.1 200 OK"
18:56:00 [INFO] HTTP Request: GET https://njcaastats.prestosports.com/sports/mbkb/2025-26/div1/boxscores/20260211_po0w.xml "HTTP/1.1 200 OK"
18:56:11 [INFO] HTTP Request: GET https://njcaastats.prestosports.com/sports/mbkb/2025-26/div1/boxscores/20260214_qax8.xml "HTTP/1.1 200 OK"
18:56:22 [INFO] HTTP Request: GET https://njcaastats.prestosports.com/sports/mbkb/2025-26/div1/boxscores/20260221_x6gr.xml "HTTP/1.1 200 OK"
18:56:22 [INFO]   Loaded: 28 games, 615 player-game-stat rows
18:56:22 [INFO] 
[8/20] Monroe University
18:56:22 [INFO] Scraping team: Monroe University (monroeuniversity)
18:56:44 [INFO] HTTP Request: GET https://njcaastats.prestosports.com/sports/mbkb/2025-26/div1/teams/monroeuniversity?view=roster "HTTP/1.1 200 OK"
18:56:44 [INFO]   Roster: 15 players
18:57:08 [INFO] HTTP Request: GET https://njcaastats.prestosports.com/sports/mbkb/2025-26/div1/teams/monroeuniversity?view=gamelog "HTTP/1.1 200 OK"
18:57:08 [INFO]   Games: 28 with box scores
18:57:19 [INFO] HTTP Request: GET https://njcaastats.prestosports.com/sports/mbkb/2025-26/div1/boxscores/20251102_3m0k.xml "HTTP/1.1 200 OK"
18:57:30 [INFO] HTTP Request: GET https://njcaastats.prestosports.com/sports/mbkb/2025-26/div1/boxscores/20251107_pgt6.xml "HTTP/1.1 200 OK"
18:57:41 [INFO] HTTP Request: GET https://njcaastats.prestosports.com/sports/mbkb/2025-26/div1/boxscores/20251108_pajf.xml "HTTP/1.1 200 OK"
18:57:52 [INFO] HTTP Request: GET https://njcaastats.prestosports.com/sports/mbkb/2025-26/div1/boxscores/20251114_kust.xml "HTTP/1.1 200 OK"
18:58:03 [INFO] HTTP Request: GET https://njcaastats.prestosports.com/sports/mbkb/2025-26/div1/boxscores/20251116_qzoe.xml "HTTP/1.1 200 OK"
18:58:14 [INFO] HTTP Request: GET https://njcaastats.prestosports.com/sports/mbkb/2025-26/div1/boxscores/20251120_ps7x.xml "HTTP/1.1 200 OK"
18:58:25 [INFO] HTTP Request: GET https://njcaastats.prestosports.com/sports/mbkb/2025-26/div1/boxscores/20251121_omys.xml "HTTP/1.1 200 OK"
18:58:37 [INFO] HTTP Request: GET https://njcaastats.prestosports.com/sports/mbkb/2025-26/div1/boxscores/20251129_24bj.xml "HTTP/1.1 200 OK"
18:58:47 [INFO] HTTP Request: GET https://njcaastats.prestosports.com/sports/mbkb/2025-26/div1/boxscores/20251130_99g3.xml "HTTP/1.1 200 OK"
18:58:58 [INFO] HTTP Request: GET https://njcaastats.prestosports.com/sports/mbkb/2025-26/div1/boxscores/20251206_wudr.xml "HTTP/1.1 200 OK"
18:59:10 [INFO] HTTP Request: GET https://njcaastats.prestosports.com/sports/mbkb/2025-26/div1/boxscores/20251212_ss56.xml "HTTP/1.1 200 OK"
18:59:21 [INFO] HTTP Request: GET https://njcaastats.prestosports.com/sports/mbkb/2025-26/div1/boxscores/20251214_65jn.xml "HTTP/1.1 200 OK"
18:59:31 [INFO] HTTP Request: GET https://njcaastats.prestosports.com/sports/mbkb/2025-26/div1/boxscores/20251217_0q0p.xml "HTTP/1.1 200 OK"
18:59:44 [INFO] HTTP Request: GET https://njcaastats.prestosports.com/sports/mbkb/2025-26/div1/boxscores/20251218_hc9o.xml "HTTP/1.1 200 OK"
18:59:55 [INFO] HTTP Request: GET https://njcaastats.prestosports.com/sports/mbkb/2025-26/div1/boxscores/20251219_oh91.xml "HTTP/1.1 200 OK"
19:00:06 [INFO] HTTP Request: GET https://njcaastats.prestosports.com/sports/mbkb/2025-26/div1/boxscores/20260110_coua.xml "HTTP/1.1 200 OK"
19:00:17 [INFO] HTTP Request: GET https://njcaastats.prestosports.com/sports/mbkb/2025-26/div1/boxscores/20260111_b49l.xml "HTTP/1.1 200 OK"
19:00:28 [INFO] HTTP Request: GET https://njcaastats.prestosports.com/sports/mbkb/2025-26/div1/boxscores/20260115_qzu3.xml "HTTP/1.1 200 OK"
19:00:39 [INFO] HTTP Request: GET https://njcaastats.prestosports.com/sports/mbkb/2025-26/div1/boxscores/20260117_cdz8.xml "HTTP/1.1 200 OK"
19:00:50 [INFO] HTTP Request: GET https://njcaastats.prestosports.com/sports/mbkb/2025-26/div1/boxscores/20260118_a99y.xml "HTTP/1.1 200 OK"
19:01:01 [INFO] HTTP Request: GET https://njcaastats.prestosports.com/sports/mbkb/2025-26/div1/boxscores/20260122_sppu.xml "HTTP/1.1 200 OK"
19:01:12 [INFO] HTTP Request: GET https://njcaastats.prestosports.com/sports/mbkb/2025-26/div1/boxscores/20260124_mpdn.xml "HTTP/1.1 200 OK"
19:01:23 [INFO] HTTP Request: GET https://njcaastats.prestosports.com/sports/mbkb/2025-26/div1/boxscores/20260203_mqh9.xml "HTTP/1.1 200 OK"
19:01:34 [INFO] HTTP Request: GET https://njcaastats.prestosports.com/sports/mbkb/2025-26/div1/boxscores/20260209_u6ra.xml "HTTP/1.1 200 OK"
19:01:45 [INFO] HTTP Request: GET https://njcaastats.prestosports.com/sports/mbkb/2025-26/div1/boxscores/20260214_3i47.xml "HTTP/1.1 200 OK"
19:01:57 [INFO] HTTP Request: GET https://njcaastats.prestosports.com/sports/mbkb/2025-26/div1/boxscores/20260215_8nky.xml "HTTP/1.1 200 OK"
19:02:08 [INFO] HTTP Request: GET https://njcaastats.prestosports.com/sports/mbkb/2025-26/div1/boxscores/20260219_b7l8.xml "HTTP/1.1 200 OK"
19:02:19 [INFO] HTTP Request: GET https://njcaastats.prestosports.com/sports/mbkb/2025-26/div1/boxscores/20260221_7lqx.xml "HTTP/1.1 200 OK"
19:02:19 [INFO]   Loaded: 28 games, 682 player-game-stat rows
19:02:19 [INFO] 
[9/20] Motlow State CC
19:02:19 [INFO] Scraping team: Motlow State CC (motlowstatecommunitycollege)
19:02:40 [INFO] HTTP Request: GET https://njcaastats.prestosports.com/sports/mbkb/2025-26/div1/teams/motlowstatecommunitycollege?view=roster "HTTP/1.1 200 OK"
19:02:40 [INFO]   Roster: 20 players
19:03:02 [INFO] HTTP Request: GET https://njcaastats.prestosports.com/sports/mbkb/2025-26/div1/teams/motlowstatecommunitycollege?view=gamelog "HTTP/1.1 200 OK"
19:03:02 [INFO]   Games: 27 with box scores
19:03:13 [INFO] HTTP Request: GET https://njcaastats.prestosports.com/sports/mbkb/2025-26/div1/boxscores/20251031_o6p5.xml "HTTP/1.1 200 OK"
19:03:24 [INFO] HTTP Request: GET https://njcaastats.prestosports.com/sports/mbkb/2025-26/div1/boxscores/20251101_ttd3.xml "HTTP/1.1 200 OK"
19:03:35 [INFO] HTTP Request: GET https://njcaastats.prestosports.com/sports/mbkb/2025-26/div1/boxscores/20251106_p1gd.xml "HTTP/1.1 200 OK"
19:03:46 [INFO] HTTP Request: GET https://njcaastats.prestosports.com/sports/mbkb/2025-26/div1/boxscores/20251108_718i.xml "HTTP/1.1 200 OK"
19:03:57 [INFO] HTTP Request: GET https://njcaastats.prestosports.com/sports/mbkb/2025-26/div1/boxscores/20251112_2tmu.xml "HTTP/1.1 200 OK"
19:04:08 [INFO] HTTP Request: GET https://njcaastats.prestosports.com/sports/mbkb/2025-26/div1/boxscores/20251113_3whd.xml "HTTP/1.1 200 OK"
19:04:20 [INFO] HTTP Request: GET https://njcaastats.prestosports.com/sports/mbkb/2025-26/div1/boxscores/20251115_ct7n.xml "HTTP/1.1 200 OK"
19:04:31 [INFO] HTTP Request: GET https://njcaastats.prestosports.com/sports/mbkb/2025-26/div1/boxscores/20251119_hvy5.xml "HTTP/1.1 200 OK"
19:04:42 [INFO] HTTP Request: GET https://njcaastats.prestosports.com/sports/mbkb/2025-26/div1/boxscores/20251122_qpwi.xml "HTTP/1.1 200 OK"
19:04:52 [INFO] HTTP Request: GET https://njcaastats.prestosports.com/sports/mbkb/2025-26/div1/boxscores/20251125_12m7.xml "HTTP/1.1 200 OK"
19:05:05 [INFO] HTTP Request: GET https://njcaastats.prestosports.com/sports/mbkb/2025-26/div1/boxscores/20251203_3dwb.xml "HTTP/1.1 200 OK"
19:05:16 [INFO] HTTP Request: GET https://njcaastats.prestosports.com/sports/mbkb/2025-26/div1/boxscores/20251206_ibfr.xml "HTTP/1.1 200 OK"
19:05:27 [INFO] HTTP Request: GET https://njcaastats.prestosports.com/sports/mbkb/2025-26/div1/boxscores/20251208_9x1k.xml "HTTP/1.1 200 OK"
19:05:38 [INFO] HTTP Request: GET https://njcaastats.prestosports.com/sports/mbkb/2025-26/div1/boxscores/20251212_qdde.xml "HTTP/1.1 200 OK"
19:12:22 [ERROR] Request failed: https://njcaastats.prestosports.com/sports/mbkb/2025-26/div1/boxscores/20251213_arvv.xml — [Errno 8] nodename nor servname provided, or not known
19:12:35 [INFO] HTTP Request: GET https://njcaastats.prestosports.com/sports/mbkb/2025-26/div1/boxscores/20251216_z9s9.xml "HTTP/1.1 200 OK"
19:12:46 [INFO] HTTP Request: GET https://njcaastats.prestosports.com/sports/mbkb/2025-26/div1/boxscores/20260107_o2n9.xml "HTTP/1.1 200 OK"
19:12:59 [INFO] HTTP Request: GET https://njcaastats.prestosports.com/sports/mbkb/2025-26/div1/boxscores/20260110_6rpi.xml "HTTP/1.1 200 OK"
19:13:11 [INFO] HTTP Request: GET https://njcaastats.prestosports.com/sports/mbkb/2025-26/div1/boxscores/20260114_r2jm.xml "HTTP/1.1 200 OK"
19:13:22 [INFO] HTTP Request: GET https://njcaastats.prestosports.com/sports/mbkb/2025-26/div1/boxscores/20260117_93o9.xml "HTTP/1.1 200 OK"
19:13:35 [INFO] HTTP Request: GET https://njcaastats.prestosports.com/sports/mbkb/2025-26/div1/boxscores/20260123_wg3k.xml "HTTP/1.1 200 OK"
19:13:46 [INFO] HTTP Request: GET https://njcaastats.prestosports.com/sports/mbkb/2025-26/div1/boxscores/20260131_2iqe.xml "HTTP/1.1 200 OK"
19:13:57 [INFO] HTTP Request: GET https://njcaastats.prestosports.com/sports/mbkb/2025-26/div1/boxscores/20260204_olrb.xml "HTTP/1.1 200 OK"
19:14:08 [INFO] HTTP Request: GET https://njcaastats.prestosports.com/sports/mbkb/2025-26/div1/boxscores/20260207_6nh1.xml "HTTP/1.1 200 OK"
19:14:21 [INFO] HTTP Request: GET https://njcaastats.prestosports.com/sports/mbkb/2025-26/div1/boxscores/20260211_lnri.xml "HTTP/1.1 200 OK"
19:14:34 [INFO] HTTP Request: GET https://njcaastats.prestosports.com/sports/mbkb/2025-26/div1/boxscores/20260214_68h4.xml "HTTP/1.1 200 OK"
19:14:47 [INFO] HTTP Request: GET https://njcaastats.prestosports.com/sports/mbkb/2025-26/div1/boxscores/20260218_2ssc.xml "HTTP/1.1 200 OK"
19:14:47 [INFO]   Loaded: 26 games, 646 player-game-stat rows
19:14:47 [INFO] 
[10/20] Murray State College
19:14:47 [INFO] Scraping team: Murray State College (murraystatecollege)
19:15:07 [INFO] HTTP Request: GET https://njcaastats.prestosports.com/sports/mbkb/2025-26/div1/teams/murraystatecollege?view=roster "HTTP/1.1 200 OK"
19:15:07 [INFO]   Roster: 17 players
19:15:29 [INFO] HTTP Request: GET https://njcaastats.prestosports.com/sports/mbkb/2025-26/div1/teams/murraystatecollege?view=gamelog "HTTP/1.1 200 OK"
19:15:29 [INFO]   Games: 27 with box scores
19:15:40 [INFO] HTTP Request: GET https://njcaastats.prestosports.com/sports/mbkb/2025-26/div1/boxscores/20251103_88x3.xml "HTTP/1.1 200 OK"
19:15:53 [INFO] HTTP Request: GET https://njcaastats.prestosports.com/sports/mbkb/2025-26/div1/boxscores/20251104_dlas.xml "HTTP/1.1 200 OK"
19:16:04 [INFO] HTTP Request: GET https://njcaastats.prestosports.com/sports/mbkb/2025-26/div1/boxscores/20251107_995b.xml "HTTP/1.1 200 OK"
19:16:17 [INFO] HTTP Request: GET https://njcaastats.prestosports.com/sports/mbkb/2025-26/div1/boxscores/20251111_l3x6.xml "HTTP/1.1 200 OK"
19:16:29 [INFO] HTTP Request: GET https://njcaastats.prestosports.com/sports/mbkb/2025-26/div1/boxscores/20251113_nahv.xml "HTTP/1.1 200 OK"
19:16:40 [INFO] HTTP Request: GET https://njcaastats.prestosports.com/sports/mbkb/2025-26/div1/boxscores/20251114_99ch.xml "HTTP/1.1 200 OK"
19:16:51 [INFO] HTTP Request: GET https://njcaastats.prestosports.com/sports/mbkb/2025-26/div1/boxscores/20251118_uzd8.xml "HTTP/1.1 200 OK"
19:17:05 [INFO] HTTP Request: GET https://njcaastats.prestosports.com/sports/mbkb/2025-26/div1/boxscores/20251120_n11u.xml "HTTP/1.1 200 OK"
19:17:18 [INFO] HTTP Request: GET https://njcaastats.prestosports.com/sports/mbkb/2025-26/div1/boxscores/20251122_q3q8.xml "HTTP/1.1 200 OK"
19:17:30 [INFO] HTTP Request: GET https://njcaastats.prestosports.com/sports/mbkb/2025-26/div1/boxscores/20251128_icmk.xml "HTTP/1.1 200 OK"
19:17:43 [INFO] HTTP Request: GET https://njcaastats.prestosports.com/sports/mbkb/2025-26/div1/boxscores/20251129_e1a1.xml "HTTP/1.1 200 OK"
19:17:55 [INFO] HTTP Request: GET https://njcaastats.prestosports.com/sports/mbkb/2025-26/div1/boxscores/20251203_uref.xml "HTTP/1.1 200 OK"
19:18:08 [INFO] HTTP Request: GET https://njcaastats.prestosports.com/sports/mbkb/2025-26/div1/boxscores/20251206_82j3.xml "HTTP/1.1 200 OK"
19:18:21 [INFO] HTTP Request: GET https://njcaastats.prestosports.com/sports/mbkb/2025-26/div1/boxscores/20251211_cjmq.xml "HTTP/1.1 200 OK"
19:18:33 [INFO] HTTP Request: GET https://njcaastats.prestosports.com/sports/mbkb/2025-26/div1/boxscores/20260105_0qyt.xml "HTTP/1.1 200 OK"
19:18:46 [INFO] HTTP Request: GET https://njcaastats.prestosports.com/sports/mbkb/2025-26/div1/boxscores/20260108_q7i9.xml "HTTP/1.1 200 OK"
19:18:59 [INFO] HTTP Request: GET https://njcaastats.prestosports.com/sports/mbkb/2025-26/div1/boxscores/20260112_sdxc.xml "HTTP/1.1 200 OK"
19:19:10 [INFO] HTTP Request: GET https://njcaastats.prestosports.com/sports/mbkb/2025-26/div1/boxscores/20260115_4mpg.xml "HTTP/1.1 200 OK"
19:19:22 [INFO] HTTP Request: GET https://njcaastats.prestosports.com/sports/mbkb/2025-26/div1/boxscores/20260119_gz8n.xml "HTTP/1.1 200 OK"
19:19:33 [INFO] HTTP Request: GET https://njcaastats.prestosports.com/sports/mbkb/2025-26/div1/boxscores/20260202_ubqn.xml "HTTP/1.1 200 OK"
19:19:44 [INFO] HTTP Request: GET https://njcaastats.prestosports.com/sports/mbkb/2025-26/div1/boxscores/20260205_7ntu.xml "HTTP/1.1 200 OK"
19:19:55 [INFO] HTTP Request: GET https://njcaastats.prestosports.com/sports/mbkb/2025-26/div1/boxscores/20260207_eqqq.xml "HTTP/1.1 200 OK"
19:20:08 [INFO] HTTP Request: GET https://njcaastats.prestosports.com/sports/mbkb/2025-26/div1/boxscores/20260209_5d1z.xml "HTTP/1.1 200 OK"
19:20:21 [INFO] HTTP Request: GET https://njcaastats.prestosports.com/sports/mbkb/2025-26/div1/boxscores/20260212_gfn5.xml "HTTP/1.1 200 OK"
19:20:32 [INFO] HTTP Request: GET https://njcaastats.prestosports.com/sports/mbkb/2025-26/div1/boxscores/20260216_fw19.xml "HTTP/1.1 200 OK"
19:20:43 [INFO] HTTP Request: GET https://njcaastats.prestosports.com/sports/mbkb/2025-26/div1/boxscores/20260219_kyg7.xml "HTTP/1.1 200 OK"
19:20:54 [INFO] HTTP Request: GET https://njcaastats.prestosports.com/sports/mbkb/2025-26/div1/boxscores/20260221_ax2t.xml "HTTP/1.1 200 OK"
19:20:54 [INFO]   Loaded: 27 games, 607 player-game-stat rows
19:20:54 [INFO] 
[11/20] Navarro College
19:20:54 [INFO] Scraping team: Navarro College (navarrocollege)
19:21:17 [INFO] HTTP Request: GET https://njcaastats.prestosports.com/sports/mbkb/2025-26/div1/teams/navarrocollege?view=roster "HTTP/1.1 200 OK"
19:21:17 [INFO]   Roster: 16 players
19:21:38 [INFO] HTTP Request: GET https://njcaastats.prestosports.com/sports/mbkb/2025-26/div1/teams/navarrocollege?view=gamelog "HTTP/1.1 200 OK"
19:21:38 [INFO]   Games: 26 with box scores
19:21:49 [INFO] HTTP Request: GET https://njcaastats.prestosports.com/sports/mbkb/2025-26/div1/boxscores/20251103_5ybm.xml "HTTP/1.1 200 OK"
19:22:00 [INFO] HTTP Request: GET https://njcaastats.prestosports.com/sports/mbkb/2025-26/div1/boxscores/20251107_zwfx.xml "HTTP/1.1 200 OK"
19:22:11 [INFO] HTTP Request: GET https://njcaastats.prestosports.com/sports/mbkb/2025-26/div1/boxscores/20251111_o9co.xml "HTTP/1.1 200 OK"
19:22:25 [INFO] HTTP Request: GET https://njcaastats.prestosports.com/sports/mbkb/2025-26/div1/boxscores/20251114_a8ff.xml "HTTP/1.1 200 OK"
19:55:07 [ERROR] Request failed: https://njcaastats.prestosports.com/sports/mbkb/2025-26/div1/boxscores/20251115_ldlb.xml — [Errno 8] nodename nor servname provided, or not known
20:22:31 [ERROR] Request failed: https://njcaastats.prestosports.com/sports/mbkb/2025-26/div1/boxscores/20251119_yzfm.xml — [Errno 8] nodename nor servname provided, or not known
20:22:45 [INFO] HTTP Request: GET https://njcaastats.prestosports.com/sports/mbkb/2025-26/div1/boxscores/20251124_mr1t.xml "HTTP/1.1 200 OK"
20:22:56 [INFO] HTTP Request: GET https://njcaastats.prestosports.com/sports/mbkb/2025-26/div1/boxscores/20251125_dqoe.xml "HTTP/1.1 200 OK"
20:23:07 [INFO] HTTP Request: GET https://njcaastats.prestosports.com/sports/mbkb/2025-26/div1/boxscores/20251203_b43p.xml "HTTP/1.1 200 OK"
20:23:20 [INFO] HTTP Request: GET https://njcaastats.prestosports.com/sports/mbkb/2025-26/div1/boxscores/20251206_y8vf.xml "HTTP/1.1 200 OK"
20:23:31 [INFO] HTTP Request: GET https://njcaastats.prestosports.com/sports/mbkb/2025-26/div1/boxscores/20251210_w1ht.xml "HTTP/1.1 200 OK"
20:27:12 [ERROR] Request failed: https://njcaastats.prestosports.com/sports/mbkb/2025-26/div1/boxscores/20251215_d1dp.xml — [Errno 8] nodename nor servname provided, or not known
20:27:24 [INFO] HTTP Request: GET https://njcaastats.prestosports.com/sports/mbkb/2025-26/div1/boxscores/20260103_1mg2.xml "HTTP/1.1 200 OK"
20:27:36 [INFO] HTTP Request: GET https://njcaastats.prestosports.com/sports/mbkb/2025-26/div1/boxscores/20260107_p6xk.xml "HTTP/1.1 200 OK"
20:27:48 [INFO] HTTP Request: GET https://njcaastats.prestosports.com/sports/mbkb/2025-26/div1/boxscores/20260110_p2v8.xml "HTTP/1.1 200 OK"
20:28:00 [INFO] HTTP Request: GET https://njcaastats.prestosports.com/sports/mbkb/2025-26/div1/boxscores/20260114_j2i3.xml "HTTP/1.1 200 OK"
20:28:12 [INFO] HTTP Request: GET https://njcaastats.prestosports.com/sports/mbkb/2025-26/div1/boxscores/20260117_qsn0.xml "HTTP/1.1 200 OK"
20:28:24 [INFO] HTTP Request: GET https://njcaastats.prestosports.com/sports/mbkb/2025-26/div1/boxscores/20260119_upiu.xml "HTTP/1.1 200 OK"
20:28:35 [INFO] HTTP Request: GET https://njcaastats.prestosports.com/sports/mbkb/2025-26/div1/boxscores/20260128_noh2.xml "HTTP/1.1 200 OK"
20:28:47 [INFO] HTTP Request: GET https://njcaastats.prestosports.com/sports/mbkb/2025-26/div1/boxscores/20260131_8ias.xml "HTTP/1.1 200 OK"
20:29:58 [ERROR] Request failed: https://njcaastats.prestosports.com/sports/mbkb/2025-26/div1/boxscores/20260204_o0lj.xml — The read operation timed out
20:30:09 [INFO] HTTP Request: GET https://njcaastats.prestosports.com/sports/mbkb/2025-26/div1/boxscores/20260207_lese.xml "HTTP/1.1 200 OK"
20:30:20 [INFO] HTTP Request: GET https://njcaastats.prestosports.com/sports/mbkb/2025-26/div1/boxscores/20260211_u1ok.xml "HTTP/1.1 200 OK"
20:30:31 [INFO] HTTP Request: GET https://njcaastats.prestosports.com/sports/mbkb/2025-26/div1/boxscores/20260214_0w22.xml "HTTP/1.1 200 OK"
20:30:42 [INFO] HTTP Request: GET https://njcaastats.prestosports.com/sports/mbkb/2025-26/div1/boxscores/20260218_o02p.xml "HTTP/1.1 200 OK"
20:30:54 [INFO] HTTP Request: GET https://njcaastats.prestosports.com/sports/mbkb/2025-26/div1/boxscores/20260221_wbh8.xml "HTTP/1.1 200 OK"
20:30:54 [INFO]   Loaded: 22 games, 518 player-game-stat rows
20:30:54 [INFO] 
[12/20] New Mexico Junior College
20:30:54 [INFO] Scraping team: New Mexico Junior College (newmexicojuniorcollege)
20:31:15 [INFO] HTTP Request: GET https://njcaastats.prestosports.com/sports/mbkb/2025-26/div1/teams/newmexicojuniorcollege?view=roster "HTTP/1.1 200 OK"
20:31:15 [INFO]   Roster: 15 players
20:31:35 [INFO] HTTP Request: GET https://njcaastats.prestosports.com/sports/mbkb/2025-26/div1/teams/newmexicojuniorcollege?view=gamelog "HTTP/1.1 200 OK"
20:31:35 [INFO]   Games: 27 with box scores
20:31:46 [INFO] HTTP Request: GET https://njcaastats.prestosports.com/sports/mbkb/2025-26/div1/boxscores/20251101_vbmx.xml "HTTP/1.1 200 OK"
20:31:58 [INFO] HTTP Request: GET https://njcaastats.prestosports.com/sports/mbkb/2025-26/div1/boxscores/20251103_fn90.xml "HTTP/1.1 200 OK"
20:32:10 [INFO] HTTP Request: GET https://njcaastats.prestosports.com/sports/mbkb/2025-26/div1/boxscores/20251107_nvjd.xml "HTTP/1.1 200 OK"
20:32:40 [ERROR] Request failed: https://njcaastats.prestosports.com/sports/mbkb/2025-26/div1/boxscores/20251109_1f7g.xml — [Errno 8] nodename nor servname provided, or not known
20:32:51 [INFO] HTTP Request: GET https://njcaastats.prestosports.com/sports/mbkb/2025-26/div1/boxscores/20251114_msrp.xml "HTTP/1.1 200 OK"
20:33:02 [INFO] HTTP Request: GET https://njcaastats.prestosports.com/sports/mbkb/2025-26/div1/boxscores/20251115_g33b.xml "HTTP/1.1 200 OK"
20:33:14 [INFO] HTTP Request: GET https://njcaastats.prestosports.com/sports/mbkb/2025-26/div1/boxscores/20251120_ppgm.xml "HTTP/1.1 200 OK"
20:33:27 [INFO] HTTP Request: GET https://njcaastats.prestosports.com/sports/mbkb/2025-26/div1/boxscores/20251122_7zsk.xml "HTTP/1.1 200 OK"
20:33:38 [INFO] HTTP Request: GET https://njcaastats.prestosports.com/sports/mbkb/2025-26/div1/boxscores/20251128_icmk.xml "HTTP/1.1 200 OK"
20:33:49 [INFO] HTTP Request: GET https://njcaastats.prestosports.com/sports/mbkb/2025-26/div1/boxscores/20251129_twpv.xml "HTTP/1.1 200 OK"
20:34:00 [INFO] HTTP Request: GET https://njcaastats.prestosports.com/sports/mbkb/2025-26/div1/boxscores/20251211_i4p6.xml "HTTP/1.1 200 OK"
20:34:11 [INFO] HTTP Request: GET https://njcaastats.prestosports.com/sports/mbkb/2025-26/div1/boxscores/20251213_288c.xml "HTTP/1.1 200 OK"
20:34:23 [INFO] HTTP Request: GET https://njcaastats.prestosports.com/sports/mbkb/2025-26/div1/boxscores/20251216_gei8.xml "HTTP/1.1 200 OK"
20:34:34 [INFO] HTTP Request: GET https://njcaastats.prestosports.com/sports/mbkb/2025-26/div1/boxscores/20251218_fd97.xml "HTTP/1.1 200 OK"
20:34:46 [INFO] HTTP Request: GET https://njcaastats.prestosports.com/sports/mbkb/2025-26/div1/boxscores/20260108_ykxw.xml "HTTP/1.1 200 OK"
20:34:58 [INFO] HTTP Request: GET https://njcaastats.prestosports.com/sports/mbkb/2025-26/div1/boxscores/20260112_y0mm.xml "HTTP/1.1 200 OK"
20:35:09 [INFO] HTTP Request: GET https://njcaastats.prestosports.com/sports/mbkb/2025-26/div1/boxscores/20260115_22tg.xml "HTTP/1.1 200 OK"
20:35:23 [INFO] HTTP Request: GET https://njcaastats.prestosports.com/sports/mbkb/2025-26/div1/boxscores/20260119_beir.xml "HTTP/1.1 200 OK"
20:35:34 [INFO] HTTP Request: GET https://njcaastats.prestosports.com/sports/mbkb/2025-26/div1/boxscores/20260122_yzr7.xml "HTTP/1.1 200 OK"
20:35:45 [INFO] HTTP Request: GET https://njcaastats.prestosports.com/sports/mbkb/2025-26/div1/boxscores/20260127_nzi0.xml "HTTP/1.1 200 OK"
20:35:58 [INFO] HTTP Request: GET https://njcaastats.prestosports.com/sports/mbkb/2025-26/div1/boxscores/20260129_ar21.xml "HTTP/1.1 200 OK"
20:36:09 [INFO] HTTP Request: GET https://njcaastats.prestosports.com/sports/mbkb/2025-26/div1/boxscores/20260202_qgje.xml "HTTP/1.1 200 OK"
20:36:21 [INFO] HTTP Request: GET https://njcaastats.prestosports.com/sports/mbkb/2025-26/div1/boxscores/20260209_zqu6.xml "HTTP/1.1 200 OK"
20:36:35 [INFO] HTTP Request: GET https://njcaastats.prestosports.com/sports/mbkb/2025-26/div1/boxscores/20260212_4ozw.xml "HTTP/1.1 200 OK"
20:36:50 [INFO] HTTP Request: GET https://njcaastats.prestosports.com/sports/mbkb/2025-26/div1/boxscores/20260216_zjdv.xml "HTTP/1.1 200 OK"
20:37:01 [INFO] HTTP Request: GET https://njcaastats.prestosports.com/sports/mbkb/2025-26/div1/boxscores/20260219_qab5.xml "HTTP/1.1 200 OK"
20:37:13 [INFO] HTTP Request: GET https://njcaastats.prestosports.com/sports/mbkb/2025-26/div1/boxscores/20260223_7npm.xml "HTTP/1.1 200 OK"
20:37:14 [INFO]   Loaded: 26 games, 679 player-game-stat rows
20:37:14 [INFO] 
[13/20] New Mexico Military Institute
20:37:14 [INFO] Scraping team: New Mexico Military Institute (newmexicomilitaryinstitute)
20:37:36 [INFO] HTTP Request: GET https://njcaastats.prestosports.com/sports/mbkb/2025-26/div1/teams/newmexicomilitaryinstitute?view=roster "HTTP/1.1 200 OK"
20:37:36 [INFO]   Roster: 15 players
20:37:57 [INFO] HTTP Request: GET https://njcaastats.prestosports.com/sports/mbkb/2025-26/div1/teams/newmexicomilitaryinstitute?view=gamelog "HTTP/1.1 200 OK"
20:37:57 [INFO]   Games: 27 with box scores
20:38:08 [INFO] HTTP Request: GET https://njcaastats.prestosports.com/sports/mbkb/2025-26/div1/boxscores/20251101_f96k.xml "HTTP/1.1 200 OK"
20:38:19 [INFO] HTTP Request: GET https://njcaastats.prestosports.com/sports/mbkb/2025-26/div1/boxscores/20251104_kwm0.xml "HTTP/1.1 200 OK"
20:38:33 [INFO] HTTP Request: GET https://njcaastats.prestosports.com/sports/mbkb/2025-26/div1/boxscores/20251105_686m.xml "HTTP/1.1 200 OK"
20:38:45 [INFO] HTTP Request: GET https://njcaastats.prestosports.com/sports/mbkb/2025-26/div1/boxscores/20251107_g5re.xml "HTTP/1.1 200 OK"
20:38:58 [INFO] HTTP Request: GET https://njcaastats.prestosports.com/sports/mbkb/2025-26/div1/boxscores/20251108_kqz8.xml "HTTP/1.1 200 OK"
20:39:08 [INFO] HTTP Request: GET https://njcaastats.prestosports.com/sports/mbkb/2025-26/div1/boxscores/20251114_eqwd.xml "HTTP/1.1 200 OK"
20:39:20 [INFO] HTTP Request: GET https://njcaastats.prestosports.com/sports/mbkb/2025-26/div1/boxscores/20251115_sztb.xml "HTTP/1.1 200 OK"
20:39:32 [INFO] HTTP Request: GET https://njcaastats.prestosports.com/sports/mbkb/2025-26/div1/boxscores/20251120_rr4e.xml "HTTP/1.1 200 OK"
20:39:44 [INFO] HTTP Request: GET https://njcaastats.prestosports.com/sports/mbkb/2025-26/div1/boxscores/20251121_72e0.xml "HTTP/1.1 200 OK"
20:39:55 [INFO] HTTP Request: GET https://njcaastats.prestosports.com/sports/mbkb/2025-26/div1/boxscores/20251122_nckk.xml "HTTP/1.1 200 OK"
20:40:06 [INFO] HTTP Request: GET https://njcaastats.prestosports.com/sports/mbkb/2025-26/div1/boxscores/20251129_n21c.xml "HTTP/1.1 200 OK"
20:40:19 [INFO] HTTP Request: GET https://njcaastats.prestosports.com/sports/mbkb/2025-26/div1/boxscores/20251205_yzst.xml "HTTP/1.1 200 OK"
20:40:30 [INFO] HTTP Request: GET https://njcaastats.prestosports.com/sports/mbkb/2025-26/div1/boxscores/20251207_0e9z.xml "HTTP/1.1 200 OK"
20:40:41 [INFO] HTTP Request: GET https://njcaastats.prestosports.com/sports/mbkb/2025-26/div1/boxscores/20260103_ggja.xml "HTTP/1.1 200 OK"
20:40:52 [INFO] HTTP Request: GET https://njcaastats.prestosports.com/sports/mbkb/2025-26/div1/boxscores/20260105_fkqq.xml "HTTP/1.1 200 OK"
20:41:03 [INFO] HTTP Request: GET https://njcaastats.prestosports.com/sports/mbkb/2025-26/div1/boxscores/20260108_asz3.xml "HTTP/1.1 200 OK"
20:41:14 [INFO] HTTP Request: GET https://njcaastats.prestosports.com/sports/mbkb/2025-26/div1/boxscores/20260112_9nmd.xml "HTTP/1.1 200 OK"
20:41:26 [INFO] HTTP Request: GET https://njcaastats.prestosports.com/sports/mbkb/2025-26/div1/boxscores/20260115_my9z.xml "HTTP/1.1 200 OK"
20:41:36 [INFO] HTTP Request: GET https://njcaastats.prestosports.com/sports/mbkb/2025-26/div1/boxscores/20260119_iw1z.xml "HTTP/1.1 200 OK"
20:41:47 [INFO] HTTP Request: GET https://njcaastats.prestosports.com/sports/mbkb/2025-26/div1/boxscores/20260122_vzv5.xml "HTTP/1.1 200 OK"
20:41:58 [INFO] HTTP Request: GET https://njcaastats.prestosports.com/sports/mbkb/2025-26/div1/boxscores/20260129_ar21.xml "HTTP/1.1 200 OK"
20:42:09 [INFO] HTTP Request: GET https://njcaastats.prestosports.com/sports/mbkb/2025-26/div1/boxscores/20260205_7ctr.xml "HTTP/1.1 200 OK"
20:42:20 [INFO] HTTP Request: GET https://njcaastats.prestosports.com/sports/mbkb/2025-26/div1/boxscores/20260209_l19f.xml "HTTP/1.1 200 OK"
20:42:33 [INFO] HTTP Request: GET https://njcaastats.prestosports.com/sports/mbkb/2025-26/div1/boxscores/20260212_a3a3.xml "HTTP/1.1 200 OK"
20:42:46 [INFO] HTTP Request: GET https://njcaastats.prestosports.com/sports/mbkb/2025-26/div1/boxscores/20260216_v2gp.xml "HTTP/1.1 200 OK"
20:42:57 [INFO] HTTP Request: GET https://njcaastats.prestosports.com/sports/mbkb/2025-26/div1/boxscores/20260219_2i30.xml "HTTP/1.1 200 OK"
20:43:10 [INFO] HTTP Request: GET https://njcaastats.prestosports.com/sports/mbkb/2025-26/div1/boxscores/20260223_nooj.xml "HTTP/1.1 200 OK"
20:43:10 [INFO]   Loaded: 27 games, 677 player-game-stat rows
20:43:10 [INFO] 
[14/20] North Dakota State College of Science
20:43:10 [INFO] Scraping team: North Dakota State College of Science (northdakotastatecollegeofscience)
20:43:31 [INFO] HTTP Request: GET https://njcaastats.prestosports.com/sports/mbkb/2025-26/div1/teams/northdakotastatecollegeofscience?view=roster "HTTP/1.1 200 OK"
20:43:31 [INFO]   Roster: 15 players
20:43:52 [INFO] HTTP Request: GET https://njcaastats.prestosports.com/sports/mbkb/2025-26/div1/teams/northdakotastatecollegeofscience?view=gamelog "HTTP/1.1 200 OK"
20:43:53 [INFO]   Games: 30 with box scores
20:44:04 [INFO] HTTP Request: GET https://njcaastats.prestosports.com/sports/mbkb/2025-26/div1/boxscores/20251031_wmr4.xml "HTTP/1.1 200 OK"
20:44:15 [INFO] HTTP Request: GET https://njcaastats.prestosports.com/sports/mbkb/2025-26/div1/boxscores/20251101_f1z5.xml "HTTP/1.1 200 OK"
20:44:26 [INFO] HTTP Request: GET https://njcaastats.prestosports.com/sports/mbkb/2025-26/div1/boxscores/20251102_dk7t.xml "HTTP/1.1 200 OK"
20:44:37 [INFO] HTTP Request: GET https://njcaastats.prestosports.com/sports/mbkb/2025-26/div1/boxscores/20251105_x6d7.xml "HTTP/1.1 200 OK"
20:44:50 [INFO] HTTP Request: GET https://njcaastats.prestosports.com/sports/mbkb/2025-26/div1/boxscores/20251114_ntk4.xml "HTTP/1.1 200 OK"
20:45:01 [INFO] HTTP Request: GET https://njcaastats.prestosports.com/sports/mbkb/2025-26/div1/boxscores/20251115_6us7.xml "HTTP/1.1 200 OK"
20:45:12 [INFO] HTTP Request: GET https://njcaastats.prestosports.com/sports/mbkb/2025-26/div1/boxscores/20251119_edb7.xml "HTTP/1.1 200 OK"
20:45:23 [INFO] HTTP Request: GET https://njcaastats.prestosports.com/sports/mbkb/2025-26/div1/boxscores/20251121_gm3r.xml "HTTP/1.1 200 OK"
20:45:35 [INFO] HTTP Request: GET https://njcaastats.prestosports.com/sports/mbkb/2025-26/div1/boxscores/20251129_tcq8.xml "HTTP/1.1 200 OK"
20:45:46 [INFO] HTTP Request: GET https://njcaastats.prestosports.com/sports/mbkb/2025-26/div1/boxscores/20251202_xshu.xml "HTTP/1.1 200 OK"
20:45:57 [INFO] HTTP Request: GET https://njcaastats.prestosports.com/sports/mbkb/2025-26/div1/boxscores/20251205_eupx.xml "HTTP/1.1 200 OK"
20:46:08 [INFO] HTTP Request: GET https://njcaastats.prestosports.com/sports/mbkb/2025-26/div1/boxscores/20251206_1nog.xml "HTTP/1.1 200 OK"
20:46:19 [INFO] HTTP Request: GET https://njcaastats.prestosports.com/sports/mbkb/2025-26/div1/boxscores/20251230_lw5n.xml "HTTP/1.1 200 OK"
20:46:30 [INFO] HTTP Request: GET https://njcaastats.prestosports.com/sports/mbkb/2025-26/div1/boxscores/20251231_xmfv.xml "HTTP/1.1 200 OK"
20:46:43 [INFO] HTTP Request: GET https://njcaastats.prestosports.com/sports/mbkb/2025-26/div1/boxscores/20260108_0eh4.xml "HTTP/1.1 200 OK"
20:46:56 [INFO] HTTP Request: GET https://njcaastats.prestosports.com/sports/mbkb/2025-26/div1/boxscores/20260112_egsp.xml "HTTP/1.1 200 OK"
20:47:08 [INFO] HTTP Request: GET https://njcaastats.prestosports.com/sports/mbkb/2025-26/div1/boxscores/20260114_8vey.xml "HTTP/1.1 200 OK"
20:47:20 [INFO] HTTP Request: GET https://njcaastats.prestosports.com/sports/mbkb/2025-26/div1/boxscores/20260118_p7jf.xml "HTTP/1.1 200 OK"
20:47:33 [INFO] HTTP Request: GET https://njcaastats.prestosports.com/sports/mbkb/2025-26/div1/boxscores/20260119_vpx3.xml "HTTP/1.1 200 OK"
20:47:46 [INFO] HTTP Request: GET https://njcaastats.prestosports.com/sports/mbkb/2025-26/div1/boxscores/20260121_efg0.xml "HTTP/1.1 200 OK"
20:47:58 [INFO] HTTP Request: GET https://njcaastats.prestosports.com/sports/mbkb/2025-26/div1/boxscores/20260125_ozx6.xml "HTTP/1.1 200 OK"
20:48:12 [INFO] HTTP Request: GET https://njcaastats.prestosports.com/sports/mbkb/2025-26/div1/boxscores/20260126_3y0i.xml "HTTP/1.1 200 OK"
20:48:23 [INFO] HTTP Request: GET https://njcaastats.prestosports.com/sports/mbkb/2025-26/div1/boxscores/20260129_qejn.xml "HTTP/1.1 200 OK"
20:48:35 [INFO] HTTP Request: GET https://njcaastats.prestosports.com/sports/mbkb/2025-26/div1/boxscores/20260201_4c9d.xml "HTTP/1.1 200 OK"
20:48:47 [INFO] HTTP Request: GET https://njcaastats.prestosports.com/sports/mbkb/2025-26/div1/boxscores/20260205_b0zz.xml "HTTP/1.1 200 OK"
20:48:58 [INFO] HTTP Request: GET https://njcaastats.prestosports.com/sports/mbkb/2025-26/div1/boxscores/20260208_bies.xml "HTTP/1.1 200 OK"
20:49:09 [INFO] HTTP Request: GET https://njcaastats.prestosports.com/sports/mbkb/2025-26/div1/boxscores/20260209_l1hx.xml "HTTP/1.1 200 OK"
20:49:20 [INFO] HTTP Request: GET https://njcaastats.prestosports.com/sports/mbkb/2025-26/div1/boxscores/20260214_56cu.xml "HTTP/1.1 200 OK"
20:49:33 [INFO] HTTP Request: GET https://njcaastats.prestosports.com/sports/mbkb/2025-26/div1/boxscores/20260218_agss.xml "HTTP/1.1 200 OK"
20:49:44 [INFO] HTTP Request: GET https://njcaastats.prestosports.com/sports/mbkb/2025-26/div1/boxscores/20260223_x2ew.xml "HTTP/1.1 200 OK"
20:49:44 [INFO]   Loaded: 30 games, 707 player-game-stat rows
20:49:44 [INFO] 
[15/20] North Idaho College
20:49:44 [INFO] Scraping team: North Idaho College (northidahocollege)
20:50:09 [INFO] HTTP Request: GET https://njcaastats.prestosports.com/sports/mbkb/2025-26/div1/teams/northidahocollege?view=roster "HTTP/1.1 200 OK"
20:50:09 [INFO]   Roster: 15 players
20:50:29 [INFO] HTTP Request: GET https://njcaastats.prestosports.com/sports/mbkb/2025-26/div1/teams/northidahocollege?view=gamelog "HTTP/1.1 200 OK"
20:50:29 [INFO]   Games: 28 with box scores
20:50:40 [INFO] HTTP Request: GET https://njcaastats.prestosports.com/sports/mbkb/2025-26/div1/boxscores/20251106_3bgb.xml "HTTP/1.1 200 OK"
20:50:53 [INFO] HTTP Request: GET https://njcaastats.prestosports.com/sports/mbkb/2025-26/div1/boxscores/20251107_81pf.xml "HTTP/1.1 200 OK"
20:51:04 [INFO] HTTP Request: GET https://njcaastats.prestosports.com/sports/mbkb/2025-26/div1/boxscores/20251108_sauq.xml "HTTP/1.1 200 OK"
20:51:15 [INFO] HTTP Request: GET https://njcaastats.prestosports.com/sports/mbkb/2025-26/div1/boxscores/20251113_reg1.xml "HTTP/1.1 200 OK"
20:51:27 [INFO] HTTP Request: GET https://njcaastats.prestosports.com/sports/mbkb/2025-26/div1/boxscores/20251115_wyd9.xml "HTTP/1.1 200 OK"
20:51:38 [INFO] HTTP Request: GET https://njcaastats.prestosports.com/sports/mbkb/2025-26/div1/boxscores/20251120_42j7.xml "HTTP/1.1 200 OK"
20:51:50 [INFO] HTTP Request: GET https://njcaastats.prestosports.com/sports/mbkb/2025-26/div1/boxscores/20251121_uof8.xml "HTTP/1.1 200 OK"
20:52:02 [INFO] HTTP Request: GET https://njcaastats.prestosports.com/sports/mbkb/2025-26/div1/boxscores/20251122_m9fr.xml "HTTP/1.1 200 OK"
20:52:15 [INFO] HTTP Request: GET https://njcaastats.prestosports.com/sports/mbkb/2025-26/div1/boxscores/20251205_eih1.xml "HTTP/1.1 200 OK"
20:52:28 [INFO] HTTP Request: GET https://njcaastats.prestosports.com/sports/mbkb/2025-26/div1/boxscores/20251206_jnoa.xml "HTTP/1.1 200 OK"
20:52:39 [INFO] HTTP Request: GET https://njcaastats.prestosports.com/sports/mbkb/2025-26/div1/boxscores/20251218_qfu9.xml "HTTP/1.1 200 OK"
20:52:51 [INFO] HTTP Request: GET https://njcaastats.prestosports.com/sports/mbkb/2025-26/div1/boxscores/20251219_196r.xml "HTTP/1.1 200 OK"
20:53:02 [INFO] HTTP Request: GET https://njcaastats.prestosports.com/sports/mbkb/2025-26/div1/boxscores/20251228_pk2d.xml "HTTP/1.1 200 OK"
20:53:15 [INFO] HTTP Request: GET https://njcaastats.prestosports.com/sports/mbkb/2025-26/div1/boxscores/20251229_kqwg.xml "HTTP/1.1 200 OK"
20:53:26 [INFO] HTTP Request: GET https://njcaastats.prestosports.com/sports/mbkb/2025-26/div1/boxscores/20251230_7kmu.xml "HTTP/1.1 200 OK"
20:53:40 [INFO] HTTP Request: GET https://njcaastats.prestosports.com/sports/mbkb/2025-26/div1/boxscores/20260103_k9oi.xml "HTTP/1.1 200 OK"
20:53:51 [INFO] HTTP Request: GET https://njcaastats.prestosports.com/sports/mbkb/2025-26/div1/boxscores/20260108_rleh.xml "HTTP/1.1 200 OK"
20:54:02 [INFO] HTTP Request: GET https://njcaastats.prestosports.com/sports/mbkb/2025-26/div1/boxscores/20260110_7lhq.xml "HTTP/1.1 200 OK"
20:54:13 [INFO] HTTP Request: GET https://njcaastats.prestosports.com/sports/mbkb/2025-26/div1/boxscores/20260115_l19s.xml "HTTP/1.1 200 OK"
20:54:26 [INFO] HTTP Request: GET https://njcaastats.prestosports.com/sports/mbkb/2025-26/div1/boxscores/20260117_ghyv.xml "HTTP/1.1 200 OK"
20:54:39 [INFO] HTTP Request: GET https://njcaastats.prestosports.com/sports/mbkb/2025-26/div1/boxscores/20260122_ecej.xml "HTTP/1.1 200 OK"
20:54:50 [INFO] HTTP Request: GET https://njcaastats.prestosports.com/sports/mbkb/2025-26/div1/boxscores/20260124_gvpo.xml "HTTP/1.1 200 OK"
20:55:01 [INFO] HTTP Request: GET https://njcaastats.prestosports.com/sports/mbkb/2025-26/div1/boxscores/20260129_koog.xml "HTTP/1.1 200 OK"
20:55:14 [INFO] HTTP Request: GET https://njcaastats.prestosports.com/sports/mbkb/2025-26/div1/boxscores/20260131_2ib7.xml "HTTP/1.1 200 OK"
20:55:27 [INFO] HTTP Request: GET https://njcaastats.prestosports.com/sports/mbkb/2025-26/div1/boxscores/20260207_jbtj.xml "HTTP/1.1 200 OK"
20:55:38 [INFO] HTTP Request: GET https://njcaastats.prestosports.com/sports/mbkb/2025-26/div1/boxscores/20260211_fc99.xml "HTTP/1.1 200 OK"
20:55:51 [INFO] HTTP Request: GET https://njcaastats.prestosports.com/sports/mbkb/2025-26/div1/boxscores/20260214_ptkr.xml "HTTP/1.1 200 OK"
20:56:02 [INFO] HTTP Request: GET https://njcaastats.prestosports.com/sports/mbkb/2025-26/div1/boxscores/20260221_5t12.xml "HTTP/1.1 200 OK"
20:56:02 [INFO]   Loaded: 28 games, 715 player-game-stat rows
20:56:02 [INFO] 
[16/20] North Platte CC
20:56:02 [INFO] Scraping team: North Platte CC (northplattecommunitycollege)
20:56:23 [INFO] HTTP Request: GET https://njcaastats.prestosports.com/sports/mbkb/2025-26/div1/teams/northplattecommunitycollege?view=roster "HTTP/1.1 200 OK"
20:56:24 [INFO]   Roster: 19 players
20:56:44 [INFO] HTTP Request: GET https://njcaastats.prestosports.com/sports/mbkb/2025-26/div1/teams/northplattecommunitycollege?view=gamelog "HTTP/1.1 200 OK"
20:56:44 [INFO]   Games: 27 with box scores
20:56:55 [INFO] HTTP Request: GET https://njcaastats.prestosports.com/sports/mbkb/2025-26/div1/boxscores/20251031_hd5r.xml "HTTP/1.1 200 OK"
20:57:06 [INFO] HTTP Request: GET https://njcaastats.prestosports.com/sports/mbkb/2025-26/div1/boxscores/20251101_9cls.xml "HTTP/1.1 200 OK"
20:57:17 [INFO] HTTP Request: GET https://njcaastats.prestosports.com/sports/mbkb/2025-26/div1/boxscores/20251104_wy2m.xml "HTTP/1.1 200 OK"
20:57:29 [INFO] HTTP Request: GET https://njcaastats.prestosports.com/sports/mbkb/2025-26/div1/boxscores/20251105_hhjk.xml "HTTP/1.1 200 OK"
20:57:42 [INFO] HTTP Request: GET https://njcaastats.prestosports.com/sports/mbkb/2025-26/div1/boxscores/20251108_rtvp.xml "HTTP/1.1 200 OK"
20:57:53 [INFO] HTTP Request: GET https://njcaastats.prestosports.com/sports/mbkb/2025-26/div1/boxscores/20251112_hokr.xml "HTTP/1.1 200 OK"
20:58:06 [INFO] HTTP Request: GET https://njcaastats.prestosports.com/sports/mbkb/2025-26/div1/boxscores/20251115_0pq3.xml "HTTP/1.1 200 OK"
20:58:17 [INFO] HTTP Request: GET https://njcaastats.prestosports.com/sports/mbkb/2025-26/div1/boxscores/20251122_p74v.xml "HTTP/1.1 200 OK"
20:58:30 [INFO] HTTP Request: GET https://njcaastats.prestosports.com/sports/mbkb/2025-26/div1/boxscores/20251125_sy2r.xml "HTTP/1.1 200 OK"
20:58:42 [INFO] HTTP Request: GET https://njcaastats.prestosports.com/sports/mbkb/2025-26/div1/boxscores/20251201_7iwa.xml "HTTP/1.1 200 OK"
20:58:53 [INFO] HTTP Request: GET https://njcaastats.prestosports.com/sports/mbkb/2025-26/div1/boxscores/20251205_b1a3.xml "HTTP/1.1 200 OK"
20:59:06 [INFO] HTTP Request: GET https://njcaastats.prestosports.com/sports/mbkb/2025-26/div1/boxscores/20251206_aocs.xml "HTTP/1.1 200 OK"
20:59:17 [INFO] HTTP Request: GET https://njcaastats.prestosports.com/sports/mbkb/2025-26/div1/boxscores/20251208_xo1g.xml "HTTP/1.1 200 OK"
20:59:29 [INFO] HTTP Request: GET https://njcaastats.prestosports.com/sports/mbkb/2025-26/div1/boxscores/20251216_gei8.xml "HTTP/1.1 200 OK"
20:59:40 [INFO] HTTP Request: GET https://njcaastats.prestosports.com/sports/mbkb/2025-26/div1/boxscores/20251217_nqbf.xml "HTTP/1.1 200 OK"
20:59:53 [INFO] HTTP Request: GET https://njcaastats.prestosports.com/sports/mbkb/2025-26/div1/boxscores/20260110_h590.xml "HTTP/1.1 200 OK"
21:00:05 [INFO] HTTP Request: GET https://njcaastats.prestosports.com/sports/mbkb/2025-26/div1/boxscores/20260116_giq4.xml "HTTP/1.1 200 OK"
21:00:16 [INFO] HTTP Request: GET https://njcaastats.prestosports.com/sports/mbkb/2025-26/div1/boxscores/20260117_bk3k.xml "HTTP/1.1 200 OK"
21:01:01 [INFO] HTTP Request: GET https://njcaastats.prestosports.com/sports/mbkb/2025-26/div1/boxscores/20260121_k8rh.xml "HTTP/1.1 200 OK"
21:01:14 [INFO] HTTP Request: GET https://njcaastats.prestosports.com/sports/mbkb/2025-26/div1/boxscores/20260124_en35.xml "HTTP/1.1 200 OK"
21:01:25 [INFO] HTTP Request: GET https://njcaastats.prestosports.com/sports/mbkb/2025-26/div1/boxscores/20260128_spxm.xml "HTTP/1.1 200 OK"
21:01:36 [INFO] HTTP Request: GET https://njcaastats.prestosports.com/sports/mbkb/2025-26/div1/boxscores/20260201_5q7m.xml "HTTP/1.1 200 OK"
21:01:47 [INFO] HTTP Request: GET https://njcaastats.prestosports.com/sports/mbkb/2025-26/div1/boxscores/20260204_izn0.xml "HTTP/1.1 200 OK"
21:01:58 [INFO] HTTP Request: GET https://njcaastats.prestosports.com/sports/mbkb/2025-26/div1/boxscores/20260207_2k4e.xml "HTTP/1.1 200 OK"
21:02:09 [INFO] HTTP Request: GET https://njcaastats.prestosports.com/sports/mbkb/2025-26/div1/boxscores/20260211_67s2.xml "HTTP/1.1 200 OK"
21:02:20 [INFO] HTTP Request: GET https://njcaastats.prestosports.com/sports/mbkb/2025-26/div1/boxscores/20260218_dkeq.xml "HTTP/1.1 200 OK"
21:02:31 [INFO] HTTP Request: GET https://njcaastats.prestosports.com/sports/mbkb/2025-26/div1/boxscores/20260221_tq2u.xml "HTTP/1.1 200 OK"
21:02:31 [INFO]   Loaded: 27 games, 657 player-game-stat rows
21:02:31 [INFO] 
[17/20] Northeast CC
21:02:31 [INFO] Scraping team: Northeast CC (northeastcommunitycollege)
21:02:52 [INFO] HTTP Request: GET https://njcaastats.prestosports.com/sports/mbkb/2025-26/div1/teams/northeastcommunitycollege?view=roster "HTTP/1.1 200 OK"
21:02:53 [INFO]   Roster: 0 players
21:03:14 [INFO] HTTP Request: GET https://njcaastats.prestosports.com/sports/mbkb/2025-26/div1/teams/northeastcommunitycollege?view=gamelog "HTTP/1.1 200 OK"
21:03:14 [INFO]   Games: 25 with box scores
21:03:25 [INFO] HTTP Request: GET https://njcaastats.prestosports.com/sports/mbkb/2025-26/div1/boxscores/20251103_dztf.xml "HTTP/1.1 404 Not Found"
21:03:25 [WARNING] HTTP 404: https://njcaastats.prestosports.com/sports/mbkb/2025-26/div1/boxscores/20251103_dztf.xml
21:03:37 [INFO] HTTP Request: GET https://njcaastats.prestosports.com/sports/mbkb/2025-26/div1/boxscores/20251105_bt8l.xml "HTTP/1.1 200 OK"
21:03:48 [INFO] HTTP Request: GET https://njcaastats.prestosports.com/sports/mbkb/2025-26/div1/boxscores/20251106_atjr.xml "HTTP/1.1 404 Not Found"
21:03:48 [WARNING] HTTP 404: https://njcaastats.prestosports.com/sports/mbkb/2025-26/div1/boxscores/20251106_atjr.xml
21:03:59 [INFO] HTTP Request: GET https://njcaastats.prestosports.com/sports/mbkb/2025-26/div1/boxscores/20251112_f4q6.xml "HTTP/1.1 404 Not Found"
21:03:59 [WARNING] HTTP 404: https://njcaastats.prestosports.com/sports/mbkb/2025-26/div1/boxscores/20251112_f4q6.xml
21:04:09 [INFO] HTTP Request: GET https://njcaastats.prestosports.com/sports/mbkb/2025-26/div1/boxscores/20251117_hmtf.xml "HTTP/1.1 404 Not Found"
21:04:09 [WARNING] HTTP 404: https://njcaastats.prestosports.com/sports/mbkb/2025-26/div1/boxscores/20251117_hmtf.xml
21:04:20 [INFO] HTTP Request: GET https://njcaastats.prestosports.com/sports/mbkb/2025-26/div1/boxscores/20251119_5fi1.xml "HTTP/1.1 200 OK"
21:04:31 [INFO] HTTP Request: GET https://njcaastats.prestosports.com/sports/mbkb/2025-26/div1/boxscores/20251125_mprp.xml "HTTP/1.1 404 Not Found"
21:04:31 [WARNING] HTTP 404: https://njcaastats.prestosports.com/sports/mbkb/2025-26/div1/boxscores/20251125_mprp.xml
21:04:42 [INFO] HTTP Request: GET https://njcaastats.prestosports.com/sports/mbkb/2025-26/div1/boxscores/20251130_mbn9.xml "HTTP/1.1 404 Not Found"
21:04:42 [WARNING] HTTP 404: https://njcaastats.prestosports.com/sports/mbkb/2025-26/div1/boxscores/20251130_mbn9.xml
21:04:52 [INFO] HTTP Request: GET https://njcaastats.prestosports.com/sports/mbkb/2025-26/div1/boxscores/20251203_jx3x.xml "HTTP/1.1 404 Not Found"
21:04:52 [WARNING] HTTP 404: https://njcaastats.prestosports.com/sports/mbkb/2025-26/div1/boxscores/20251203_jx3x.xml
21:05:03 [INFO] HTTP Request: GET https://njcaastats.prestosports.com/sports/mbkb/2025-26/div1/boxscores/20251206_03sq.xml "HTTP/1.1 404 Not Found"
21:05:03 [WARNING] HTTP 404: https://njcaastats.prestosports.com/sports/mbkb/2025-26/div1/boxscores/20251206_03sq.xml
21:05:14 [INFO] HTTP Request: GET https://njcaastats.prestosports.com/sports/mbkb/2025-26/div1/boxscores/20251210_r4uv.xml "HTTP/1.1 404 Not Found"
21:05:14 [WARNING] HTTP 404: https://njcaastats.prestosports.com/sports/mbkb/2025-26/div1/boxscores/20251210_r4uv.xml
21:05:25 [INFO] HTTP Request: GET https://njcaastats.prestosports.com/sports/mbkb/2025-26/div1/boxscores/20251215_nsu7.xml "HTTP/1.1 404 Not Found"
21:05:25 [WARNING] HTTP 404: https://njcaastats.prestosports.com/sports/mbkb/2025-26/div1/boxscores/20251215_nsu7.xml
21:05:35 [INFO] HTTP Request: GET https://njcaastats.prestosports.com/sports/mbkb/2025-26/div1/boxscores/20260107_f1sw.xml "HTTP/1.1 404 Not Found"
21:05:35 [WARNING] HTTP 404: https://njcaastats.prestosports.com/sports/mbkb/2025-26/div1/boxscores/20260107_f1sw.xml
21:05:46 [INFO] HTTP Request: GET https://njcaastats.prestosports.com/sports/mbkb/2025-26/div1/boxscores/20260110_jmh8.xml "HTTP/1.1 404 Not Found"
21:05:46 [WARNING] HTTP 404: https://njcaastats.prestosports.com/sports/mbkb/2025-26/div1/boxscores/20260110_jmh8.xml
21:05:57 [INFO] HTTP Request: GET https://njcaastats.prestosports.com/sports/mbkb/2025-26/div1/boxscores/20260114_36zc.xml "HTTP/1.1 404 Not Found"
21:05:57 [WARNING] HTTP 404: https://njcaastats.prestosports.com/sports/mbkb/2025-26/div1/boxscores/20260114_36zc.xml
21:06:08 [INFO] HTTP Request: GET https://njcaastats.prestosports.com/sports/mbkb/2025-26/div1/boxscores/20260117_mw85.xml "HTTP/1.1 404 Not Found"
21:06:08 [WARNING] HTTP 404: https://njcaastats.prestosports.com/sports/mbkb/2025-26/div1/boxscores/20260117_mw85.xml
21:06:18 [INFO] HTTP Request: GET https://njcaastats.prestosports.com/sports/mbkb/2025-26/div1/boxscores/20260121_zfdv.xml "HTTP/1.1 404 Not Found"
21:06:18 [WARNING] HTTP 404: https://njcaastats.prestosports.com/sports/mbkb/2025-26/div1/boxscores/20260121_zfdv.xml
21:06:29 [INFO] HTTP Request: GET https://njcaastats.prestosports.com/sports/mbkb/2025-26/div1/boxscores/20260124_gi5a.xml "HTTP/1.1 404 Not Found"
21:06:29 [WARNING] HTTP 404: https://njcaastats.prestosports.com/sports/mbkb/2025-26/div1/boxscores/20260124_gi5a.xml
21:06:40 [INFO] HTTP Request: GET https://njcaastats.prestosports.com/sports/mbkb/2025-26/div1/boxscores/20260128_4g0p.xml "HTTP/1.1 404 Not Found"
21:06:40 [WARNING] HTTP 404: https://njcaastats.prestosports.com/sports/mbkb/2025-26/div1/boxscores/20260128_4g0p.xml
21:06:51 [INFO] HTTP Request: GET https://njcaastats.prestosports.com/sports/mbkb/2025-26/div1/boxscores/20260131_6twx.xml "HTTP/1.1 404 Not Found"
21:06:51 [WARNING] HTTP 404: https://njcaastats.prestosports.com/sports/mbkb/2025-26/div1/boxscores/20260131_6twx.xml
21:07:01 [INFO] HTTP Request: GET https://njcaastats.prestosports.com/sports/mbkb/2025-26/div1/boxscores/20260204_v9nd.xml "HTTP/1.1 404 Not Found"
21:07:01 [WARNING] HTTP 404: https://njcaastats.prestosports.com/sports/mbkb/2025-26/div1/boxscores/20260204_v9nd.xml
21:07:12 [INFO] HTTP Request: GET https://njcaastats.prestosports.com/sports/mbkb/2025-26/div1/boxscores/20260211_ky9o.xml "HTTP/1.1 404 Not Found"
21:07:12 [WARNING] HTTP 404: https://njcaastats.prestosports.com/sports/mbkb/2025-26/div1/boxscores/20260211_ky9o.xml
21:07:22 [INFO] HTTP Request: GET https://njcaastats.prestosports.com/sports/mbkb/2025-26/div1/boxscores/20260214_9ci0.xml "HTTP/1.1 404 Not Found"
21:07:22 [WARNING] HTTP 404: https://njcaastats.prestosports.com/sports/mbkb/2025-26/div1/boxscores/20260214_9ci0.xml
21:07:33 [INFO] HTTP Request: GET https://njcaastats.prestosports.com/sports/mbkb/2025-26/div1/boxscores/20260218_0hdw.xml "HTTP/1.1 404 Not Found"
21:07:33 [WARNING] HTTP 404: https://njcaastats.prestosports.com/sports/mbkb/2025-26/div1/boxscores/20260218_0hdw.xml
21:07:44 [INFO] HTTP Request: GET https://njcaastats.prestosports.com/sports/mbkb/2025-26/div1/boxscores/20260221_oybu.xml "HTTP/1.1 404 Not Found"
21:07:44 [WARNING] HTTP 404: https://njcaastats.prestosports.com/sports/mbkb/2025-26/div1/boxscores/20260221_oybu.xml
21:07:44 [INFO]   Loaded: 2 games, 50 player-game-stat rows
21:07:44 [INFO] 
[18/20] Northeast Mississippi CC
21:07:44 [INFO] Scraping team: Northeast Mississippi CC (northeastmississippicommunitycollege)
21:08:10 [INFO] HTTP Request: GET https://njcaastats.prestosports.com/sports/mbkb/2025-26/div1/teams/northeastmississippicommunitycollege?view=roster "HTTP/1.1 200 OK"
21:08:10 [INFO]   Roster: 14 players
21:08:30 [INFO] HTTP Request: GET https://njcaastats.prestosports.com/sports/mbkb/2025-26/div1/teams/northeastmississippicommunitycollege?view=gamelog "HTTP/1.1 200 OK"
21:08:30 [INFO]   Games: 28 with box scores
21:08:43 [INFO] HTTP Request: GET https://njcaastats.prestosports.com/sports/mbkb/2025-26/div1/boxscores/20251101_o7vp.xml "HTTP/1.1 200 OK"
21:08:55 [INFO] HTTP Request: GET https://njcaastats.prestosports.com/sports/mbkb/2025-26/div1/boxscores/20251103_cmh9.xml "HTTP/1.1 200 OK"
21:09:07 [INFO] HTTP Request: GET https://njcaastats.prestosports.com/sports/mbkb/2025-26/div1/boxscores/20251106_iqga.xml "HTTP/1.1 200 OK"
21:09:19 [INFO] HTTP Request: GET https://njcaastats.prestosports.com/sports/mbkb/2025-26/div1/boxscores/20251107_ehas.xml "HTTP/1.1 200 OK"
21:09:30 [INFO] HTTP Request: GET https://njcaastats.prestosports.com/sports/mbkb/2025-26/div1/boxscores/20251111_5hvb.xml "HTTP/1.1 200 OK"
21:09:42 [INFO] HTTP Request: GET https://njcaastats.prestosports.com/sports/mbkb/2025-26/div1/boxscores/20251113_z394.xml "HTTP/1.1 200 OK"
21:09:54 [INFO] HTTP Request: GET https://njcaastats.prestosports.com/sports/mbkb/2025-26/div1/boxscores/20251117_c8il.xml "HTTP/1.1 200 OK"
21:10:06 [INFO] HTTP Request: GET https://njcaastats.prestosports.com/sports/mbkb/2025-26/div1/boxscores/20251119_lox9.xml "HTTP/1.1 200 OK"
21:10:19 [INFO] HTTP Request: GET https://njcaastats.prestosports.com/sports/mbkb/2025-26/div1/boxscores/20251121_99g1.xml "HTTP/1.1 200 OK"
21:10:31 [INFO] HTTP Request: GET https://njcaastats.prestosports.com/sports/mbkb/2025-26/div1/boxscores/20251122_bniw.xml "HTTP/1.1 200 OK"
21:10:44 [INFO] HTTP Request: GET https://njcaastats.prestosports.com/sports/mbkb/2025-26/div1/boxscores/20251124_0kej.xml "HTTP/1.1 200 OK"
21:10:58 [INFO] HTTP Request: GET https://njcaastats.prestosports.com/sports/mbkb/2025-26/div1/boxscores/20251202_nh8r.xml "HTTP/1.1 200 OK"
21:11:09 [INFO] HTTP Request: GET https://njcaastats.prestosports.com/sports/mbkb/2025-26/div1/boxscores/20251205_c7br.xml "HTTP/1.1 200 OK"
21:11:21 [INFO] HTTP Request: GET https://njcaastats.prestosports.com/sports/mbkb/2025-26/div1/boxscores/20251212_9o5b.xml "HTTP/1.1 200 OK"
21:11:33 [INFO] HTTP Request: GET https://njcaastats.prestosports.com/sports/mbkb/2025-26/div1/boxscores/20251213_w339.xml "HTTP/1.1 200 OK"
21:11:43 [INFO] HTTP Request: GET https://njcaastats.prestosports.com/sports/mbkb/2025-26/div1/boxscores/20251216_fohh.xml "HTTP/1.1 200 OK"
21:11:55 [INFO] HTTP Request: GET https://njcaastats.prestosports.com/sports/mbkb/2025-26/div1/boxscores/20260112_dogf.xml "HTTP/1.1 200 OK"
21:12:06 [INFO] HTTP Request: GET https://njcaastats.prestosports.com/sports/mbkb/2025-26/div1/boxscores/20260115_vy8z.xml "HTTP/1.1 200 OK"
21:12:18 [INFO] HTTP Request: GET https://njcaastats.prestosports.com/sports/mbkb/2025-26/div1/boxscores/20260120_cukg.xml "HTTP/1.1 200 OK"
21:45:05 [ERROR] Request failed: https://njcaastats.prestosports.com/sports/mbkb/2025-26/div1/boxscores/20260131_adxw.xml — [Errno 51] Network is unreachable
22:10:40 [ERROR] Request failed: https://njcaastats.prestosports.com/sports/mbkb/2025-26/div1/boxscores/20260202_03lu.xml — [Errno 8] nodename nor servname provided, or not known
22:26:47 [ERROR] Request failed: https://njcaastats.prestosports.com/sports/mbkb/2025-26/div1/boxscores/20260205_0g50.xml — [Errno 8] nodename nor servname provided, or not known
22:26:58 [INFO] HTTP Request: GET https://njcaastats.prestosports.com/sports/mbkb/2025-26/div1/boxscores/20260209_h3e4.xml "HTTP/1.1 200 OK"
22:42:13 [ERROR] Request failed: https://njcaastats.prestosports.com/sports/mbkb/2025-26/div1/boxscores/20260212_kaia.xml — [Errno 8] nodename nor servname provided, or not known
23:15:01 [ERROR] Request failed: https://njcaastats.prestosports.com/sports/mbkb/2025-26/div1/boxscores/20260214_kfnr.xml — [Errno 8] nodename nor servname provided, or not known
23:30:08 [ERROR] Request failed: https://njcaastats.prestosports.com/sports/mbkb/2025-26/div1/boxscores/20260216_3zhk.xml — [Errno 8] nodename nor servname provided, or not known
23:54:28 [ERROR] Request failed: https://njcaastats.prestosports.com/sports/mbkb/2025-26/div1/boxscores/20260219_p0qd.xml — [Errno 8] nodename nor servname provided, or not known
00:11:08 [ERROR] Request failed: https://njcaastats.prestosports.com/sports/mbkb/2025-26/div1/boxscores/20260223_58g9.xml — [Errno 8] nodename nor servname provided, or not known
00:11:08 [INFO]   Loaded: 20 games, 455 player-game-stat rows
00:11:08 [INFO] 
[19/20] Northeastern Junior College
00:11:08 [INFO] Scraping team: Northeastern Junior College (northeasternjuniorcollege)
00:43:16 [ERROR] Request failed: https://njcaastats.prestosports.com/sports/mbkb/2025-26/div1/teams/northeasternjuniorcollege?view=roster — [Errno 8] nodename nor servname provided, or not known
00:43:16 [INFO]   Roster: 0 players
00:55:28 [ERROR] Request failed: https://njcaastats.prestosports.com/sports/mbkb/2025-26/div1/teams/northeasternjuniorcollege?view=gamelog — [Errno 8] nodename nor servname provided, or not known
00:55:28 [INFO]   Games: 0 with box scores
00:55:28 [INFO]   Loaded: 0 games, 0 player-game-stat rows
00:55:28 [INFO] 
[20/20] Northeastern Oklahoma A&M College
00:55:28 [INFO] Scraping team: Northeastern Oklahoma A&M College (northeasternoklahomaamcollege)
01:30:11 [ERROR] Request failed: https://njcaastats.prestosports.com/sports/mbkb/2025-26/div1/teams/northeasternoklahomaamcollege?view=roster — [Errno 8] nodename nor servname provided, or not known
01:30:11 [INFO]   Roster: 0 players
01:56:25 [ERROR] Request failed: https://njcaastats.prestosports.com/sports/mbkb/2025-26/div1/teams/northeasternoklahomaamcollege?view=gamelog — [Errno 8] nodename nor servname provided, or not known
01:56:25 [INFO]   Games: 0 with box scores
01:56:25 [INFO]   Loaded: 0 games, 0 player-game-stat rows
01:56:25 [INFO] 
============================================================
01:56:25 [INFO]   BATCH COMPLETE: 20 teams, 455 games, 10806 PGS rows
01:56:25 [INFO] ============================================================

============================================================
  BATCH (njcaa_d1) — FINAL SUMMARY
============================================================
  Total teams discovered & scraped: 2289
  Total players in database:        25102
  Total games with box scores:      10328
  Total player_game_stats rows:     250050
  Total team_game_stats rows:       9380
  Total HTTP requests:              10685
  Failed URLs (in scrape_log):      133
============================================================
