19:07:26 [INFO] Batch: 20 teams, level=njcaa_d2, assoc=njcaa
19:07:26 [INFO] 
[1/20] Montcalm CC
19:07:26 [INFO] Scraping team: Montcalm CC (montcalmcommunitycollege)
19:07:30 [INFO] HTTP Request: GET https://njcaastats.prestosports.com/sports/mbkb/2025-26/div2/teams/montcalmcommunitycollege?view=roster "HTTP/1.1 200 OK"
19:07:30 [INFO]   Roster: 17 players
19:07:43 [INFO] HTTP Request: GET https://njcaastats.prestosports.com/sports/mbkb/2025-26/div2/teams/montcalmcommunitycollege?view=gamelog "HTTP/1.1 200 OK"
19:07:43 [INFO]   Games: 28 with box scores
19:07:55 [INFO] HTTP Request: GET https://njcaastats.prestosports.com/sports/mbkb/2025-26/div2/boxscores/20251101_09d5.xml "HTTP/1.1 200 OK"
19:08:07 [INFO] HTTP Request: GET https://njcaastats.prestosports.com/sports/mbkb/2025-26/div2/boxscores/20251103_v91t.xml "HTTP/1.1 200 OK"
19:08:18 [INFO] HTTP Request: GET https://njcaastats.prestosports.com/sports/mbkb/2025-26/div2/boxscores/20251105_l07u.xml "HTTP/1.1 200 OK"
19:08:29 [INFO] HTTP Request: GET https://njcaastats.prestosports.com/sports/mbkb/2025-26/div2/boxscores/20251111_x81h.xml "HTTP/1.1 200 OK"
19:08:44 [INFO] HTTP Request: GET https://njcaastats.prestosports.com/sports/mbkb/2025-26/div2/boxscores/20251115_pp97.xml "HTTP/1.1 200 OK"
19:08:56 [INFO] HTTP Request: GET https://njcaastats.prestosports.com/sports/mbkb/2025-26/div2/boxscores/20251122_z58m.xml "HTTP/1.1 200 OK"
19:09:08 [INFO] HTTP Request: GET https://njcaastats.prestosports.com/sports/mbkb/2025-26/div2/boxscores/20251129_348x.xml "HTTP/1.1 200 OK"
19:09:19 [INFO] HTTP Request: GET https://njcaastats.prestosports.com/sports/mbkb/2025-26/div2/boxscores/20251130_w1l8.xml "HTTP/1.1 200 OK"
19:09:30 [INFO] HTTP Request: GET https://njcaastats.prestosports.com/sports/mbkb/2025-26/div2/boxscores/20251203_ej9c.xml "HTTP/1.1 200 OK"
19:09:41 [INFO] HTTP Request: GET https://njcaastats.prestosports.com/sports/mbkb/2025-26/div2/boxscores/20251206_x69n.xml "HTTP/1.1 200 OK"
19:09:52 [INFO] HTTP Request: GET https://njcaastats.prestosports.com/sports/mbkb/2025-26/div2/boxscores/20251212_52x3.xml "HTTP/1.1 200 OK"
19:10:03 [INFO] HTTP Request: GET https://njcaastats.prestosports.com/sports/mbkb/2025-26/div2/boxscores/20251213_sdu7.xml "HTTP/1.1 200 OK"
19:10:16 [INFO] HTTP Request: GET https://njcaastats.prestosports.com/sports/mbkb/2025-26/div2/boxscores/20260102_5qe3.xml "HTTP/1.1 200 OK"
19:10:27 [INFO] HTTP Request: GET https://njcaastats.prestosports.com/sports/mbkb/2025-26/div2/boxscores/20260103_ptig.xml "HTTP/1.1 200 OK"
19:10:38 [INFO] HTTP Request: GET https://njcaastats.prestosports.com/sports/mbkb/2025-26/div2/boxscores/20260110_bp2r.xml "HTTP/1.1 200 OK"
19:10:50 [INFO] HTTP Request: GET https://njcaastats.prestosports.com/sports/mbkb/2025-26/div2/boxscores/20260114_tqbj.xml "HTTP/1.1 200 OK"
19:11:02 [INFO] HTTP Request: GET https://njcaastats.prestosports.com/sports/mbkb/2025-26/div2/boxscores/20260117_fzch.xml "HTTP/1.1 200 OK"
19:11:14 [INFO] HTTP Request: GET https://njcaastats.prestosports.com/sports/mbkb/2025-26/div2/boxscores/20260124_4wqo.xml "HTTP/1.1 200 OK"
19:11:25 [INFO] HTTP Request: GET https://njcaastats.prestosports.com/sports/mbkb/2025-26/div2/boxscores/20260126_u9bx.xml "HTTP/1.1 200 OK"
19:11:36 [INFO] HTTP Request: GET https://njcaastats.prestosports.com/sports/mbkb/2025-26/div2/boxscores/20260128_k0et.xml "HTTP/1.1 200 OK"
19:11:47 [INFO] HTTP Request: GET https://njcaastats.prestosports.com/sports/mbkb/2025-26/div2/boxscores/20260131_w7i5.xml "HTTP/1.1 200 OK"
19:11:59 [INFO] HTTP Request: GET https://njcaastats.prestosports.com/sports/mbkb/2025-26/div2/boxscores/20260204_m225.xml "HTTP/1.1 200 OK"
19:12:11 [INFO] HTTP Request: GET https://njcaastats.prestosports.com/sports/mbkb/2025-26/div2/boxscores/20260207_z4uv.xml "HTTP/1.1 200 OK"
19:12:23 [INFO] HTTP Request: GET https://njcaastats.prestosports.com/sports/mbkb/2025-26/div2/boxscores/20260211_mnu0.xml "HTTP/1.1 200 OK"
19:12:34 [INFO] HTTP Request: GET https://njcaastats.prestosports.com/sports/mbkb/2025-26/div2/boxscores/20260214_qdyi.xml "HTTP/1.1 200 OK"
19:12:46 [INFO] HTTP Request: GET https://njcaastats.prestosports.com/sports/mbkb/2025-26/div2/boxscores/20260218_oxfc.xml "HTTP/1.1 200 OK"
19:12:57 [INFO] HTTP Request: GET https://njcaastats.prestosports.com/sports/mbkb/2025-26/div2/boxscores/20260221_5m7q.xml "HTTP/1.1 200 OK"
19:13:08 [INFO] HTTP Request: GET https://njcaastats.prestosports.com/sports/mbkb/2025-26/div2/boxscores/20260224_cjy6.xml "HTTP/1.1 200 OK"
19:13:09 [INFO]   Loaded: 28 games, 740 player-game-stat rows
19:13:09 [INFO] 
[2/20] Montgomery College (MD)
19:13:09 [INFO] Scraping team: Montgomery College (MD) (montgomerycollegemd)
19:13:21 [INFO] HTTP Request: GET https://njcaastats.prestosports.com/sports/mbkb/2025-26/div2/teams/montgomerycollegemd?view=roster "HTTP/1.1 200 OK"
19:13:21 [INFO]   Roster: 16 players
19:13:33 [INFO] HTTP Request: GET https://njcaastats.prestosports.com/sports/mbkb/2025-26/div2/teams/montgomerycollegemd?view=gamelog "HTTP/1.1 200 OK"
19:13:33 [INFO]   Games: 29 with box scores
19:13:45 [INFO] HTTP Request: GET https://njcaastats.prestosports.com/sports/mbkb/2025-26/div2/boxscores/20251027_deex.xml "HTTP/1.1 200 OK"
19:13:56 [INFO] HTTP Request: GET https://njcaastats.prestosports.com/sports/mbkb/2025-26/div2/boxscores/20251101_bcil.xml "HTTP/1.1 200 OK"
19:14:07 [INFO] HTTP Request: GET https://njcaastats.prestosports.com/sports/mbkb/2025-26/div2/boxscores/20251102_u5gn.xml "HTTP/1.1 200 OK"
19:14:19 [INFO] HTTP Request: GET https://njcaastats.prestosports.com/sports/mbkb/2025-26/div2/boxscores/20251115_z5h3.xml "HTTP/1.1 200 OK"
19:14:30 [INFO] HTTP Request: GET https://njcaastats.prestosports.com/sports/mbkb/2025-26/div2/boxscores/20251116_srkp.xml "HTTP/1.1 200 OK"
19:14:41 [INFO] HTTP Request: GET https://njcaastats.prestosports.com/sports/mbkb/2025-26/div2/boxscores/20251118_1ccm.xml "HTTP/1.1 200 OK"
19:14:52 [INFO] HTTP Request: GET https://njcaastats.prestosports.com/sports/mbkb/2025-26/div2/boxscores/20251122_xpge.xml "HTTP/1.1 200 OK"
19:15:04 [INFO] HTTP Request: GET https://njcaastats.prestosports.com/sports/mbkb/2025-26/div2/boxscores/20251125_5c5i.xml "HTTP/1.1 200 OK"
19:15:15 [INFO] HTTP Request: GET https://njcaastats.prestosports.com/sports/mbkb/2025-26/div2/boxscores/20251203_e3ol.xml "HTTP/1.1 200 OK"
19:15:29 [INFO] HTTP Request: GET https://njcaastats.prestosports.com/sports/mbkb/2025-26/div2/boxscores/20251206_ce2f.xml "HTTP/1.1 200 OK"
19:15:40 [INFO] HTTP Request: GET https://njcaastats.prestosports.com/sports/mbkb/2025-26/div2/boxscores/20251213_amvs.xml "HTTP/1.1 200 OK"
19:15:52 [INFO] HTTP Request: GET https://njcaastats.prestosports.com/sports/mbkb/2025-26/div2/boxscores/20251220_bsqo.xml "HTTP/1.1 200 OK"
19:16:03 [INFO] HTTP Request: GET https://njcaastats.prestosports.com/sports/mbkb/2025-26/div2/boxscores/20251221_xa6b.xml "HTTP/1.1 200 OK"
19:16:15 [INFO] HTTP Request: GET https://njcaastats.prestosports.com/sports/mbkb/2025-26/div2/boxscores/20260110_ul32.xml "HTTP/1.1 200 OK"
19:16:28 [INFO] HTTP Request: GET https://njcaastats.prestosports.com/sports/mbkb/2025-26/div2/boxscores/20260114_ef9x.xml "HTTP/1.1 200 OK"
19:16:40 [INFO] HTTP Request: GET https://njcaastats.prestosports.com/sports/mbkb/2025-26/div2/boxscores/20260117_0ixb.xml "HTTP/1.1 200 OK"
19:16:51 [INFO] HTTP Request: GET https://njcaastats.prestosports.com/sports/mbkb/2025-26/div2/boxscores/20260118_a2u9.xml "HTTP/1.1 200 OK"
19:17:02 [INFO] HTTP Request: GET https://njcaastats.prestosports.com/sports/mbkb/2025-26/div2/boxscores/20260121_lh76.xml "HTTP/1.1 200 OK"
19:17:13 [INFO] HTTP Request: GET https://njcaastats.prestosports.com/sports/mbkb/2025-26/div2/boxscores/20260124_3iva.xml "HTTP/1.1 200 OK"
19:17:24 [INFO] HTTP Request: GET https://njcaastats.prestosports.com/sports/mbkb/2025-26/div2/boxscores/20260202_s21y.xml "HTTP/1.1 200 OK"
19:17:35 [INFO] HTTP Request: GET https://njcaastats.prestosports.com/sports/mbkb/2025-26/div2/boxscores/20260204_i81u.xml "HTTP/1.1 200 OK"
19:17:48 [INFO] HTTP Request: GET https://njcaastats.prestosports.com/sports/mbkb/2025-26/div2/boxscores/20260208_ej34.xml "HTTP/1.1 200 OK"
19:17:59 [INFO] HTTP Request: GET https://njcaastats.prestosports.com/sports/mbkb/2025-26/div2/boxscores/20260211_6jdk.xml "HTTP/1.1 200 OK"
19:18:11 [INFO] HTTP Request: GET https://njcaastats.prestosports.com/sports/mbkb/2025-26/div2/boxscores/20260214_gohr.xml "HTTP/1.1 200 OK"
19:18:22 [INFO] HTTP Request: GET https://njcaastats.prestosports.com/sports/mbkb/2025-26/div2/boxscores/20260216_2gik.xml "HTTP/1.1 200 OK"
19:18:33 [INFO] HTTP Request: GET https://njcaastats.prestosports.com/sports/mbkb/2025-26/div2/boxscores/20260218_viqa.xml "HTTP/1.1 200 OK"
19:18:45 [INFO] HTTP Request: GET https://njcaastats.prestosports.com/sports/mbkb/2025-26/div2/boxscores/20260220_4qlj.xml "HTTP/1.1 200 OK"
19:18:56 [INFO] HTTP Request: GET https://njcaastats.prestosports.com/sports/mbkb/2025-26/div2/boxscores/20260223_vehd.xml "HTTP/1.1 200 OK"
19:19:07 [INFO] HTTP Request: GET https://njcaastats.prestosports.com/sports/mbkb/2025-26/div2/boxscores/20260225_5azj.xml "HTTP/1.1 200 OK"
19:19:07 [INFO]   Loaded: 29 games, 671 player-game-stat rows
19:19:07 [INFO] 
[3/20] Moraine Valley CC
19:19:07 [INFO] Scraping team: Moraine Valley CC (morainevalleycommunitycollege)
19:19:19 [INFO] HTTP Request: GET https://njcaastats.prestosports.com/sports/mbkb/2025-26/div2/teams/morainevalleycommunitycollege?view=roster "HTTP/1.1 200 OK"
19:19:19 [INFO]   Roster: 16 players
19:19:33 [INFO] HTTP Request: GET https://njcaastats.prestosports.com/sports/mbkb/2025-26/div2/teams/morainevalleycommunitycollege?view=gamelog "HTTP/1.1 200 OK"
19:19:33 [INFO]   Games: 30 with box scores
19:19:44 [INFO] HTTP Request: GET https://njcaastats.prestosports.com/sports/mbkb/2025-26/div2/boxscores/20251104_ocfv.xml "HTTP/1.1 200 OK"
19:19:55 [INFO] HTTP Request: GET https://njcaastats.prestosports.com/sports/mbkb/2025-26/div2/boxscores/20251107_xwbl.xml "HTTP/1.1 200 OK"
19:20:07 [INFO] HTTP Request: GET https://njcaastats.prestosports.com/sports/mbkb/2025-26/div2/boxscores/20251108_4s2m.xml "HTTP/1.1 200 OK"
19:20:18 [INFO] HTTP Request: GET https://njcaastats.prestosports.com/sports/mbkb/2025-26/div2/boxscores/20251111_95vn.xml "HTTP/1.1 200 OK"
19:20:29 [INFO] HTTP Request: GET https://njcaastats.prestosports.com/sports/mbkb/2025-26/div2/boxscores/20251115_qsfu.xml "HTTP/1.1 200 OK"
19:20:40 [INFO] HTTP Request: GET https://njcaastats.prestosports.com/sports/mbkb/2025-26/div2/boxscores/20251118_wpw5.xml "HTTP/1.1 200 OK"
19:20:53 [INFO] HTTP Request: GET https://njcaastats.prestosports.com/sports/mbkb/2025-26/div2/boxscores/20251125_sng4.xml "HTTP/1.1 200 OK"
19:21:04 [INFO] HTTP Request: GET https://njcaastats.prestosports.com/sports/mbkb/2025-26/div2/boxscores/20251201_r3sy.xml "HTTP/1.1 200 OK"
19:21:15 [INFO] HTTP Request: GET https://njcaastats.prestosports.com/sports/mbkb/2025-26/div2/boxscores/20251204_gorv.xml "HTTP/1.1 200 OK"
19:21:25 [INFO] HTTP Request: GET https://njcaastats.prestosports.com/sports/mbkb/2025-26/div2/boxscores/20251209_oo2t.xml "HTTP/1.1 200 OK"
19:21:37 [INFO] HTTP Request: GET https://njcaastats.prestosports.com/sports/mbkb/2025-26/div2/boxscores/20251212_lspi.xml "HTTP/1.1 200 OK"
19:21:50 [INFO] HTTP Request: GET https://njcaastats.prestosports.com/sports/mbkb/2025-26/div2/boxscores/20251213_jx3k.xml "HTTP/1.1 200 OK"
19:22:01 [INFO] HTTP Request: GET https://njcaastats.prestosports.com/sports/mbkb/2025-26/div2/boxscores/20251213_1kyr.xml "HTTP/1.1 200 OK"
19:22:12 [INFO] HTTP Request: GET https://njcaastats.prestosports.com/sports/mbkb/2025-26/div2/boxscores/20251216_hx6e.xml "HTTP/1.1 200 OK"
19:22:24 [INFO] HTTP Request: GET https://njcaastats.prestosports.com/sports/mbkb/2025-26/div2/boxscores/20260106_nhny.xml "HTTP/1.1 200 OK"
19:22:35 [INFO] HTTP Request: GET https://njcaastats.prestosports.com/sports/mbkb/2025-26/div2/boxscores/20260108_d9mi.xml "HTTP/1.1 200 OK"
19:22:46 [INFO] HTTP Request: GET https://njcaastats.prestosports.com/sports/mbkb/2025-26/div2/boxscores/20260113_oaav.xml "HTTP/1.1 200 OK"
19:22:57 [INFO] HTTP Request: GET https://njcaastats.prestosports.com/sports/mbkb/2025-26/div2/boxscores/20260115_t2eh.xml "HTTP/1.1 200 OK"
19:23:08 [INFO] HTTP Request: GET https://njcaastats.prestosports.com/sports/mbkb/2025-26/div2/boxscores/20260120_y0cv.xml "HTTP/1.1 200 OK"
19:23:19 [INFO] HTTP Request: GET https://njcaastats.prestosports.com/sports/mbkb/2025-26/div2/boxscores/20260122_jzsj.xml "HTTP/1.1 200 OK"
19:23:30 [INFO] HTTP Request: GET https://njcaastats.prestosports.com/sports/mbkb/2025-26/div2/boxscores/20260127_l23x.xml "HTTP/1.1 200 OK"
19:23:41 [INFO] HTTP Request: GET https://njcaastats.prestosports.com/sports/mbkb/2025-26/div2/boxscores/20260129_qmvd.xml "HTTP/1.1 200 OK"
19:23:52 [INFO] HTTP Request: GET https://njcaastats.prestosports.com/sports/mbkb/2025-26/div2/boxscores/20260203_smxf.xml "HTTP/1.1 200 OK"
19:24:03 [INFO] HTTP Request: GET https://njcaastats.prestosports.com/sports/mbkb/2025-26/div2/boxscores/20260205_0nno.xml "HTTP/1.1 200 OK"
19:24:14 [INFO] HTTP Request: GET https://njcaastats.prestosports.com/sports/mbkb/2025-26/div2/boxscores/20260207_ouh7.xml "HTTP/1.1 200 OK"
19:24:26 [INFO] HTTP Request: GET https://njcaastats.prestosports.com/sports/mbkb/2025-26/div2/boxscores/20260210_z6do.xml "HTTP/1.1 200 OK"
19:24:37 [INFO] HTTP Request: GET https://njcaastats.prestosports.com/sports/mbkb/2025-26/div2/boxscores/20260212_a49s.xml "HTTP/1.1 200 OK"
19:24:48 [INFO] HTTP Request: GET https://njcaastats.prestosports.com/sports/mbkb/2025-26/div2/boxscores/20260214_khih.xml "HTTP/1.1 200 OK"
19:24:59 [INFO] HTTP Request: GET https://njcaastats.prestosports.com/sports/mbkb/2025-26/div2/boxscores/20260217_zgim.xml "HTTP/1.1 200 OK"
19:25:10 [INFO] HTTP Request: GET https://njcaastats.prestosports.com/sports/mbkb/2025-26/div2/boxscores/20260219_oh4q.xml "HTTP/1.1 200 OK"
19:25:10 [INFO]   Loaded: 30 games, 631 player-game-stat rows
19:25:10 [INFO] 
[4/20] Morton College
19:25:10 [INFO] Scraping team: Morton College (mortoncollege)
19:25:23 [INFO] HTTP Request: GET https://njcaastats.prestosports.com/sports/mbkb/2025-26/div2/teams/mortoncollege?view=roster "HTTP/1.1 200 OK"
19:25:23 [INFO]   Roster: 16 players
19:25:35 [INFO] HTTP Request: GET https://njcaastats.prestosports.com/sports/mbkb/2025-26/div2/teams/mortoncollege?view=gamelog "HTTP/1.1 200 OK"
19:25:35 [INFO]   Games: 31 with box scores
19:25:47 [INFO] HTTP Request: GET https://njcaastats.prestosports.com/sports/mbkb/2025-26/div2/boxscores/20251101_6l9b.xml "HTTP/1.1 200 OK"
19:25:58 [INFO] HTTP Request: GET https://njcaastats.prestosports.com/sports/mbkb/2025-26/div2/boxscores/20251106_mv5k.xml "HTTP/1.1 200 OK"
19:26:09 [INFO] HTTP Request: GET https://njcaastats.prestosports.com/sports/mbkb/2025-26/div2/boxscores/20251107_f7qk.xml "HTTP/1.1 200 OK"
19:26:20 [INFO] HTTP Request: GET https://njcaastats.prestosports.com/sports/mbkb/2025-26/div2/boxscores/20251108_9kca.xml "HTTP/1.1 200 OK"
19:26:31 [INFO] HTTP Request: GET https://njcaastats.prestosports.com/sports/mbkb/2025-26/div2/boxscores/20251115_fp4b.xml "HTTP/1.1 200 OK"
19:26:43 [INFO] HTTP Request: GET https://njcaastats.prestosports.com/sports/mbkb/2025-26/div2/boxscores/20251122_ut4i.xml "HTTP/1.1 200 OK"
19:26:54 [INFO] HTTP Request: GET https://njcaastats.prestosports.com/sports/mbkb/2025-26/div2/boxscores/20251125_1aos.xml "HTTP/1.1 200 OK"
19:27:05 [INFO] HTTP Request: GET https://njcaastats.prestosports.com/sports/mbkb/2025-26/div2/boxscores/20251128_zraw.xml "HTTP/1.1 200 OK"
19:27:16 [INFO] HTTP Request: GET https://njcaastats.prestosports.com/sports/mbkb/2025-26/div2/boxscores/20251129_pxd3.xml "HTTP/1.1 200 OK"
19:27:27 [INFO] HTTP Request: GET https://njcaastats.prestosports.com/sports/mbkb/2025-26/div2/boxscores/20251206_8qpq.xml "HTTP/1.1 200 OK"
19:27:39 [INFO] HTTP Request: GET https://njcaastats.prestosports.com/sports/mbkb/2025-26/div2/boxscores/20251211_7a35.xml "HTTP/1.1 200 OK"
19:27:50 [INFO] HTTP Request: GET https://njcaastats.prestosports.com/sports/mbkb/2025-26/div2/boxscores/20251216_2wne.xml "HTTP/1.1 200 OK"
19:28:01 [INFO] HTTP Request: GET https://njcaastats.prestosports.com/sports/mbkb/2025-26/div2/boxscores/20251220_tk2i.xml "HTTP/1.1 200 OK"
19:28:12 [INFO] HTTP Request: GET https://njcaastats.prestosports.com/sports/mbkb/2025-26/div2/boxscores/20260106_6zuu.xml "HTTP/1.1 200 OK"
19:28:23 [INFO] HTTP Request: GET https://njcaastats.prestosports.com/sports/mbkb/2025-26/div2/boxscores/20260108_3lu5.xml "HTTP/1.1 200 OK"
19:28:34 [INFO] HTTP Request: GET https://njcaastats.prestosports.com/sports/mbkb/2025-26/div2/boxscores/20260113_23h9.xml "HTTP/1.1 200 OK"
19:28:45 [INFO] HTTP Request: GET https://njcaastats.prestosports.com/sports/mbkb/2025-26/div2/boxscores/20260115_hzw4.xml "HTTP/1.1 200 OK"
19:28:58 [INFO] HTTP Request: GET https://njcaastats.prestosports.com/sports/mbkb/2025-26/div2/boxscores/20260120_y0cv.xml "HTTP/1.1 200 OK"
19:29:09 [INFO] HTTP Request: GET https://njcaastats.prestosports.com/sports/mbkb/2025-26/div2/boxscores/20260122_se3k.xml "HTTP/1.1 200 OK"
19:29:20 [INFO] HTTP Request: GET https://njcaastats.prestosports.com/sports/mbkb/2025-26/div2/boxscores/20260127_n0o4.xml "HTTP/1.1 200 OK"
19:29:31 [INFO] HTTP Request: GET https://njcaastats.prestosports.com/sports/mbkb/2025-26/div2/boxscores/20260129_asxu.xml "HTTP/1.1 200 OK"
19:29:42 [INFO] HTTP Request: GET https://njcaastats.prestosports.com/sports/mbkb/2025-26/div2/boxscores/20260203_8omx.xml "HTTP/1.1 200 OK"
19:29:54 [INFO] HTTP Request: GET https://njcaastats.prestosports.com/sports/mbkb/2025-26/div2/boxscores/20260205_4b6m.xml "HTTP/1.1 200 OK"
19:30:05 [INFO] HTTP Request: GET https://njcaastats.prestosports.com/sports/mbkb/2025-26/div2/boxscores/20260207_kqxv.xml "HTTP/1.1 200 OK"
19:30:16 [INFO] HTTP Request: GET https://njcaastats.prestosports.com/sports/mbkb/2025-26/div2/boxscores/20260210_wc2k.xml "HTTP/1.1 200 OK"
19:30:27 [INFO] HTTP Request: GET https://njcaastats.prestosports.com/sports/mbkb/2025-26/div2/boxscores/20260212_a49s.xml "HTTP/1.1 200 OK"
19:30:39 [INFO] HTTP Request: GET https://njcaastats.prestosports.com/sports/mbkb/2025-26/div2/boxscores/20260214_zba5.xml "HTTP/1.1 200 OK"
19:30:50 [INFO] HTTP Request: GET https://njcaastats.prestosports.com/sports/mbkb/2025-26/div2/boxscores/20260217_rbld.xml "HTTP/1.1 200 OK"
19:31:01 [INFO] HTTP Request: GET https://njcaastats.prestosports.com/sports/mbkb/2025-26/div2/boxscores/20260219_5aux.xml "HTTP/1.1 200 OK"
19:31:12 [INFO] HTTP Request: GET https://njcaastats.prestosports.com/sports/mbkb/2025-26/div2/boxscores/20260221_vro0.xml "HTTP/1.1 200 OK"
19:31:23 [INFO] HTTP Request: GET https://njcaastats.prestosports.com/sports/mbkb/2025-26/div2/boxscores/20260226_8n4m.xml "HTTP/1.1 200 OK"
19:31:23 [INFO]   Loaded: 31 games, 669 player-game-stat rows
19:31:23 [INFO] 
[5/20] Mott CC
19:31:23 [INFO] Scraping team: Mott CC (mottcommunitycollege)
19:31:35 [INFO] HTTP Request: GET https://njcaastats.prestosports.com/sports/mbkb/2025-26/div2/teams/mottcommunitycollege?view=roster "HTTP/1.1 200 OK"
19:31:35 [INFO]   Roster: 15 players
19:31:48 [INFO] HTTP Request: GET https://njcaastats.prestosports.com/sports/mbkb/2025-26/div2/teams/mottcommunitycollege?view=gamelog "HTTP/1.1 200 OK"
19:31:48 [INFO]   Games: 28 with box scores
19:31:59 [INFO] HTTP Request: GET https://njcaastats.prestosports.com/sports/mbkb/2025-26/div2/boxscores/20251105_e2jc.xml "HTTP/1.1 200 OK"
19:32:10 [INFO] HTTP Request: GET https://njcaastats.prestosports.com/sports/mbkb/2025-26/div2/boxscores/20251108_szij.xml "HTTP/1.1 200 OK"
19:32:21 [INFO] HTTP Request: GET https://njcaastats.prestosports.com/sports/mbkb/2025-26/div2/boxscores/20251110_i9uz.xml "HTTP/1.1 200 OK"
19:32:32 [INFO] HTTP Request: GET https://njcaastats.prestosports.com/sports/mbkb/2025-26/div2/boxscores/20251112_uwae.xml "HTTP/1.1 200 OK"
19:32:43 [INFO] HTTP Request: GET https://njcaastats.prestosports.com/sports/mbkb/2025-26/div2/boxscores/20251119_w4ft.xml "HTTP/1.1 200 OK"
19:32:54 [INFO] HTTP Request: GET https://njcaastats.prestosports.com/sports/mbkb/2025-26/div2/boxscores/20251122_43mp.xml "HTTP/1.1 200 OK"
19:33:05 [INFO] HTTP Request: GET https://njcaastats.prestosports.com/sports/mbkb/2025-26/div2/boxscores/20251125_bi7g.xml "HTTP/1.1 200 OK"
19:33:16 [INFO] HTTP Request: GET https://njcaastats.prestosports.com/sports/mbkb/2025-26/div2/boxscores/20251202_8p5y.xml "HTTP/1.1 200 OK"
19:33:27 [INFO] HTTP Request: GET https://njcaastats.prestosports.com/sports/mbkb/2025-26/div2/boxscores/20251205_fwyl.xml "HTTP/1.1 200 OK"
19:33:38 [INFO] HTTP Request: GET https://njcaastats.prestosports.com/sports/mbkb/2025-26/div2/boxscores/20251213_cszz.xml "HTTP/1.1 200 OK"
19:33:50 [INFO] HTTP Request: GET https://njcaastats.prestosports.com/sports/mbkb/2025-26/div2/boxscores/20251215_j45k.xml "HTTP/1.1 200 OK"
19:34:01 [INFO] HTTP Request: GET https://njcaastats.prestosports.com/sports/mbkb/2025-26/div2/boxscores/20251220_y1dh.xml "HTTP/1.1 200 OK"
19:34:12 [INFO] HTTP Request: GET https://njcaastats.prestosports.com/sports/mbkb/2025-26/div2/boxscores/20260103_99me.xml "HTTP/1.1 200 OK"
19:34:23 [INFO] HTTP Request: GET https://njcaastats.prestosports.com/sports/mbkb/2025-26/div2/boxscores/20260107_69ct.xml "HTTP/1.1 200 OK"
19:34:34 [INFO] HTTP Request: GET https://njcaastats.prestosports.com/sports/mbkb/2025-26/div2/boxscores/20260114_i3nd.xml "HTTP/1.1 200 OK"
19:34:45 [INFO] HTTP Request: GET https://njcaastats.prestosports.com/sports/mbkb/2025-26/div2/boxscores/20260117_4x5u.xml "HTTP/1.1 200 OK"
19:34:56 [INFO] HTTP Request: GET https://njcaastats.prestosports.com/sports/mbkb/2025-26/div2/boxscores/20260124_qzez.xml "HTTP/1.1 200 OK"
19:35:07 [INFO] HTTP Request: GET https://njcaastats.prestosports.com/sports/mbkb/2025-26/div2/boxscores/20260128_d7wb.xml "HTTP/1.1 200 OK"
19:35:18 [INFO] HTTP Request: GET https://njcaastats.prestosports.com/sports/mbkb/2025-26/div2/boxscores/20260131_ol1u.xml "HTTP/1.1 200 OK"
19:35:29 [INFO] HTTP Request: GET https://njcaastats.prestosports.com/sports/mbkb/2025-26/div2/boxscores/20260202_q03y.xml "HTTP/1.1 200 OK"
19:35:40 [INFO] HTTP Request: GET https://njcaastats.prestosports.com/sports/mbkb/2025-26/div2/boxscores/20260204_b80w.xml "HTTP/1.1 200 OK"
19:35:52 [INFO] HTTP Request: GET https://njcaastats.prestosports.com/sports/mbkb/2025-26/div2/boxscores/20260207_asy8.xml "HTTP/1.1 200 OK"
19:36:03 [INFO] HTTP Request: GET https://njcaastats.prestosports.com/sports/mbkb/2025-26/div2/boxscores/20260211_p1g1.xml "HTTP/1.1 200 OK"
19:36:14 [INFO] HTTP Request: GET https://njcaastats.prestosports.com/sports/mbkb/2025-26/div2/boxscores/20260214_vsfl.xml "HTTP/1.1 200 OK"
19:36:25 [INFO] HTTP Request: GET https://njcaastats.prestosports.com/sports/mbkb/2025-26/div2/boxscores/20260216_0yt5.xml "HTTP/1.1 200 OK"
19:36:36 [INFO] HTTP Request: GET https://njcaastats.prestosports.com/sports/mbkb/2025-26/div2/boxscores/20260218_fqdv.xml "HTTP/1.1 200 OK"
19:36:47 [INFO] HTTP Request: GET https://njcaastats.prestosports.com/sports/mbkb/2025-26/div2/boxscores/20260221_fgbg.xml "HTTP/1.1 200 OK"
19:36:58 [INFO] HTTP Request: GET https://njcaastats.prestosports.com/sports/mbkb/2025-26/div2/boxscores/20260224_a27i.xml "HTTP/1.1 200 OK"
19:36:59 [INFO]   Loaded: 28 games, 641 player-game-stat rows
19:36:59 [INFO] 
[6/20] Muskegon CC
19:36:59 [INFO] Scraping team: Muskegon CC (muskegoncommunitycollege)
19:37:11 [INFO] HTTP Request: GET https://njcaastats.prestosports.com/sports/mbkb/2025-26/div2/teams/muskegoncommunitycollege?view=roster "HTTP/1.1 200 OK"
19:37:11 [INFO]   Roster: 10 players
19:37:23 [INFO] HTTP Request: GET https://njcaastats.prestosports.com/sports/mbkb/2025-26/div2/teams/muskegoncommunitycollege?view=gamelog "HTTP/1.1 200 OK"
19:37:23 [INFO]   Games: 27 with box scores
19:37:34 [INFO] HTTP Request: GET https://njcaastats.prestosports.com/sports/mbkb/2025-26/div2/boxscores/20251105_szpj.xml "HTTP/1.1 200 OK"
19:37:45 [INFO] HTTP Request: GET https://njcaastats.prestosports.com/sports/mbkb/2025-26/div2/boxscores/20251108_tfau.xml "HTTP/1.1 200 OK"
19:37:56 [INFO] HTTP Request: GET https://njcaastats.prestosports.com/sports/mbkb/2025-26/div2/boxscores/20251112_csf7.xml "HTTP/1.1 200 OK"
19:38:07 [INFO] HTTP Request: GET https://njcaastats.prestosports.com/sports/mbkb/2025-26/div2/boxscores/20251114_b3gv.xml "HTTP/1.1 200 OK"
19:38:18 [INFO] HTTP Request: GET https://njcaastats.prestosports.com/sports/mbkb/2025-26/div2/boxscores/20251115_2fa2.xml "HTTP/1.1 200 OK"
19:38:29 [INFO] HTTP Request: GET https://njcaastats.prestosports.com/sports/mbkb/2025-26/div2/boxscores/20251118_wwj6.xml "HTTP/1.1 200 OK"
19:38:41 [INFO] HTTP Request: GET https://njcaastats.prestosports.com/sports/mbkb/2025-26/div2/boxscores/20251122_nesf.xml "HTTP/1.1 200 OK"
19:38:53 [INFO] HTTP Request: GET https://njcaastats.prestosports.com/sports/mbkb/2025-26/div2/boxscores/20251124_2yf2.xml "HTTP/1.1 200 OK"
19:39:04 [INFO] HTTP Request: GET https://njcaastats.prestosports.com/sports/mbkb/2025-26/div2/boxscores/20251205_267c.xml "HTTP/1.1 200 OK"
19:39:15 [INFO] HTTP Request: GET https://njcaastats.prestosports.com/sports/mbkb/2025-26/div2/boxscores/20251216_9psp.xml "HTTP/1.1 200 OK"
19:39:26 [INFO] HTTP Request: GET https://njcaastats.prestosports.com/sports/mbkb/2025-26/div2/boxscores/20251220_y1dh.xml "HTTP/1.1 200 OK"
19:39:37 [INFO] HTTP Request: GET https://njcaastats.prestosports.com/sports/mbkb/2025-26/div2/boxscores/20260103_jiku.xml "HTTP/1.1 200 OK"
19:39:48 [INFO] HTTP Request: GET https://njcaastats.prestosports.com/sports/mbkb/2025-26/div2/boxscores/20260106_b3cf.xml "HTTP/1.1 200 OK"
19:39:59 [INFO] HTTP Request: GET https://njcaastats.prestosports.com/sports/mbkb/2025-26/div2/boxscores/20260110_qjlg.xml "HTTP/1.1 200 OK"
19:40:11 [INFO] HTTP Request: GET https://njcaastats.prestosports.com/sports/mbkb/2025-26/div2/boxscores/20260114_mhjn.xml "HTTP/1.1 200 OK"
19:40:22 [INFO] HTTP Request: GET https://njcaastats.prestosports.com/sports/mbkb/2025-26/div2/boxscores/20260117_sm8c.xml "HTTP/1.1 200 OK"
19:40:33 [INFO] HTTP Request: GET https://njcaastats.prestosports.com/sports/mbkb/2025-26/div2/boxscores/20260124_ria3.xml "HTTP/1.1 200 OK"
19:40:44 [INFO] HTTP Request: GET https://njcaastats.prestosports.com/sports/mbkb/2025-26/div2/boxscores/20260126_u9bx.xml "HTTP/1.1 200 OK"
19:40:55 [INFO] HTTP Request: GET https://njcaastats.prestosports.com/sports/mbkb/2025-26/div2/boxscores/20260128_p8pt.xml "HTTP/1.1 200 OK"
19:41:06 [INFO] HTTP Request: GET https://njcaastats.prestosports.com/sports/mbkb/2025-26/div2/boxscores/20260131_g57q.xml "HTTP/1.1 200 OK"
19:41:17 [INFO] HTTP Request: GET https://njcaastats.prestosports.com/sports/mbkb/2025-26/div2/boxscores/20260204_rq50.xml "HTTP/1.1 200 OK"
19:41:29 [INFO] HTTP Request: GET https://njcaastats.prestosports.com/sports/mbkb/2025-26/div2/boxscores/20260207_jtlc.xml "HTTP/1.1 200 OK"
19:41:40 [INFO] HTTP Request: GET https://njcaastats.prestosports.com/sports/mbkb/2025-26/div2/boxscores/20260211_mnu0.xml "HTTP/1.1 200 OK"
19:41:53 [INFO] HTTP Request: GET https://njcaastats.prestosports.com/sports/mbkb/2025-26/div2/boxscores/20260214_yt6p.xml "HTTP/1.1 200 OK"
19:42:04 [INFO] HTTP Request: GET https://njcaastats.prestosports.com/sports/mbkb/2025-26/div2/boxscores/20260218_vgdx.xml "HTTP/1.1 200 OK"
19:42:17 [INFO] HTTP Request: GET https://njcaastats.prestosports.com/sports/mbkb/2025-26/div2/boxscores/20260221_j4rd.xml "HTTP/1.1 200 OK"
19:42:28 [INFO] HTTP Request: GET https://njcaastats.prestosports.com/sports/mbkb/2025-26/div2/boxscores/20260224_cdhr.xml "HTTP/1.1 200 OK"
19:42:29 [INFO]   Loaded: 27 games, 594 player-game-stat rows
19:42:29 [INFO] 
[7/20] National Park College
19:42:29 [INFO] Scraping team: National Park College (nationalparkcollege)
19:42:41 [INFO] HTTP Request: GET https://njcaastats.prestosports.com/sports/mbkb/2025-26/div2/teams/nationalparkcollege?view=roster "HTTP/1.1 200 OK"
19:42:41 [INFO]   Roster: 14 players
19:42:53 [INFO] HTTP Request: GET https://njcaastats.prestosports.com/sports/mbkb/2025-26/div2/teams/nationalparkcollege?view=gamelog "HTTP/1.1 200 OK"
19:42:54 [INFO]   Games: 29 with box scores
19:43:05 [INFO] HTTP Request: GET https://njcaastats.prestosports.com/sports/mbkb/2025-26/div2/boxscores/20251031_cm0d.xml "HTTP/1.1 200 OK"
19:43:16 [INFO] HTTP Request: GET https://njcaastats.prestosports.com/sports/mbkb/2025-26/div2/boxscores/20251101_b2on.xml "HTTP/1.1 200 OK"
19:43:28 [INFO] HTTP Request: GET https://njcaastats.prestosports.com/sports/mbkb/2025-26/div2/boxscores/20251105_dhd2.xml "HTTP/1.1 200 OK"
19:43:39 [INFO] HTTP Request: GET https://njcaastats.prestosports.com/sports/mbkb/2025-26/div2/boxscores/20251114_89wf.xml "HTTP/1.1 200 OK"
19:43:50 [INFO] HTTP Request: GET https://njcaastats.prestosports.com/sports/mbkb/2025-26/div2/boxscores/20251115_qwds.xml "HTTP/1.1 200 OK"
19:44:01 [INFO] HTTP Request: GET https://njcaastats.prestosports.com/sports/mbkb/2025-26/div2/boxscores/20251118_02xo.xml "HTTP/1.1 200 OK"
19:44:12 [INFO] HTTP Request: GET https://njcaastats.prestosports.com/sports/mbkb/2025-26/div2/boxscores/20251121_au14.xml "HTTP/1.1 200 OK"
19:44:24 [INFO] HTTP Request: GET https://njcaastats.prestosports.com/sports/mbkb/2025-26/div2/boxscores/20251122_85ey.xml "HTTP/1.1 200 OK"
19:44:35 [INFO] HTTP Request: GET https://njcaastats.prestosports.com/sports/mbkb/2025-26/div2/boxscores/20251128_q2b1.xml "HTTP/1.1 200 OK"
19:45:13 [INFO] HTTP Request: GET https://njcaastats.prestosports.com/sports/mbkb/2025-26/div2/boxscores/20251129_cyjw.xml "HTTP/1.1 200 OK"
19:45:29 [INFO] HTTP Request: GET https://njcaastats.prestosports.com/sports/mbkb/2025-26/div2/boxscores/20251203_wo76.xml "HTTP/1.1 200 OK"
19:45:40 [INFO] HTTP Request: GET https://njcaastats.prestosports.com/sports/mbkb/2025-26/div2/boxscores/20251206_nfyx.xml "HTTP/1.1 200 OK"
19:52:30 [ERROR] Request failed: https://njcaastats.prestosports.com/sports/mbkb/2025-26/div2/boxscores/20251210_ge2d.xml — [Errno 54] Connection reset by peer
19:52:41 [INFO] HTTP Request: GET https://njcaastats.prestosports.com/sports/mbkb/2025-26/div2/boxscores/20251213_c3hb.xml "HTTP/1.1 200 OK"
19:52:52 [INFO] HTTP Request: GET https://njcaastats.prestosports.com/sports/mbkb/2025-26/div2/boxscores/20260107_rajn.xml "HTTP/1.1 200 OK"
19:53:03 [INFO] HTTP Request: GET https://njcaastats.prestosports.com/sports/mbkb/2025-26/div2/boxscores/20260110_pkfd.xml "HTTP/1.1 200 OK"
19:53:14 [INFO] HTTP Request: GET https://njcaastats.prestosports.com/sports/mbkb/2025-26/div2/boxscores/20260114_djea.xml "HTTP/1.1 200 OK"
19:53:25 [INFO] HTTP Request: GET https://njcaastats.prestosports.com/sports/mbkb/2025-26/div2/boxscores/20260117_wqe8.xml "HTTP/1.1 200 OK"
19:53:36 [INFO] HTTP Request: GET https://njcaastats.prestosports.com/sports/mbkb/2025-26/div2/boxscores/20260121_3hm3.xml "HTTP/1.1 200 OK"
19:53:48 [INFO] HTTP Request: GET https://njcaastats.prestosports.com/sports/mbkb/2025-26/div2/boxscores/20260202_p1ea.xml "HTTP/1.1 200 OK"
19:54:00 [INFO] HTTP Request: GET https://njcaastats.prestosports.com/sports/mbkb/2025-26/div2/boxscores/20260204_kq3j.xml "HTTP/1.1 200 OK"
19:54:11 [INFO] HTTP Request: GET https://njcaastats.prestosports.com/sports/mbkb/2025-26/div2/boxscores/20260207_j38b.xml "HTTP/1.1 200 OK"
19:54:23 [INFO] HTTP Request: GET https://njcaastats.prestosports.com/sports/mbkb/2025-26/div2/boxscores/20260209_lx7u.xml "HTTP/1.1 200 OK"
19:54:34 [INFO] HTTP Request: GET https://njcaastats.prestosports.com/sports/mbkb/2025-26/div2/boxscores/20260211_vgs6.xml "HTTP/1.1 200 OK"
19:54:45 [INFO] HTTP Request: GET https://njcaastats.prestosports.com/sports/mbkb/2025-26/div2/boxscores/20260214_9zi9.xml "HTTP/1.1 200 OK"
19:54:57 [INFO] HTTP Request: GET https://njcaastats.prestosports.com/sports/mbkb/2025-26/div2/boxscores/20260216_cs14.xml "HTTP/1.1 200 OK"
19:55:08 [INFO] HTTP Request: GET https://njcaastats.prestosports.com/sports/mbkb/2025-26/div2/boxscores/20260218_az4o.xml "HTTP/1.1 200 OK"
19:55:19 [INFO] HTTP Request: GET https://njcaastats.prestosports.com/sports/mbkb/2025-26/div2/boxscores/20260221_2fpc.xml "HTTP/1.1 200 OK"
19:55:31 [INFO] HTTP Request: GET https://njcaastats.prestosports.com/sports/mbkb/2025-26/div2/boxscores/20260225_11mu.xml "HTTP/1.1 200 OK"
19:55:31 [INFO]   Loaded: 28 games, 553 player-game-stat rows
19:55:31 [INFO] 
[8/20] Neosho County CC
19:55:31 [INFO] Scraping team: Neosho County CC (neoshocountycommunitycollege)
19:55:43 [INFO] HTTP Request: GET https://njcaastats.prestosports.com/sports/mbkb/2025-26/div2/teams/neoshocountycommunitycollege?view=roster "HTTP/1.1 200 OK"
19:55:44 [INFO]   Roster: 17 players
19:55:56 [INFO] HTTP Request: GET https://njcaastats.prestosports.com/sports/mbkb/2025-26/div2/teams/neoshocountycommunitycollege?view=gamelog "HTTP/1.1 200 OK"
19:55:56 [INFO]   Games: 29 with box scores
19:56:08 [INFO] HTTP Request: GET https://njcaastats.prestosports.com/sports/mbkb/2025-26/div2/boxscores/20251031_nvkn.xml "HTTP/1.1 200 OK"
19:56:19 [INFO] HTTP Request: GET https://njcaastats.prestosports.com/sports/mbkb/2025-26/div2/boxscores/20251101_hv2i.xml "HTTP/1.1 200 OK"
19:56:30 [INFO] HTTP Request: GET https://njcaastats.prestosports.com/sports/mbkb/2025-26/div2/boxscores/20251104_wrbx.xml "HTTP/1.1 200 OK"
19:56:42 [INFO] HTTP Request: GET https://njcaastats.prestosports.com/sports/mbkb/2025-26/div2/boxscores/20251107_nzba.xml "HTTP/1.1 200 OK"
19:56:53 [INFO] HTTP Request: GET https://njcaastats.prestosports.com/sports/mbkb/2025-26/div2/boxscores/20251108_07bx.xml "HTTP/1.1 200 OK"
19:57:04 [INFO] HTTP Request: GET https://njcaastats.prestosports.com/sports/mbkb/2025-26/div2/boxscores/20251111_8n5x.xml "HTTP/1.1 200 OK"
19:57:16 [INFO] HTTP Request: GET https://njcaastats.prestosports.com/sports/mbkb/2025-26/div2/boxscores/20251113_ijgh.xml "HTTP/1.1 200 OK"
19:57:27 [INFO] HTTP Request: GET https://njcaastats.prestosports.com/sports/mbkb/2025-26/div2/boxscores/20251115_r3xk.xml "HTTP/1.1 200 OK"
19:57:38 [INFO] HTTP Request: GET https://njcaastats.prestosports.com/sports/mbkb/2025-26/div2/boxscores/20251118_5hzr.xml "HTTP/1.1 200 OK"
19:57:49 [INFO] HTTP Request: GET https://njcaastats.prestosports.com/sports/mbkb/2025-26/div2/boxscores/20251121_1by7.xml "HTTP/1.1 200 OK"
19:58:00 [INFO] HTTP Request: GET https://njcaastats.prestosports.com/sports/mbkb/2025-26/div2/boxscores/20251124_b8np.xml "HTTP/1.1 200 OK"
19:58:12 [INFO] HTTP Request: GET https://njcaastats.prestosports.com/sports/mbkb/2025-26/div2/boxscores/20251129_e8uf.xml "HTTP/1.1 200 OK"
19:58:23 [INFO] HTTP Request: GET https://njcaastats.prestosports.com/sports/mbkb/2025-26/div2/boxscores/20251202_4oki.xml "HTTP/1.1 200 OK"
19:58:34 [INFO] HTTP Request: GET https://njcaastats.prestosports.com/sports/mbkb/2025-26/div2/boxscores/20251205_qek0.xml "HTTP/1.1 200 OK"
19:58:45 [INFO] HTTP Request: GET https://njcaastats.prestosports.com/sports/mbkb/2025-26/div2/boxscores/20251206_y9e2.xml "HTTP/1.1 200 OK"
19:58:57 [INFO] HTTP Request: GET https://njcaastats.prestosports.com/sports/mbkb/2025-26/div2/boxscores/20251209_ebaw.xml "HTTP/1.1 200 OK"
19:59:08 [INFO] HTTP Request: GET https://njcaastats.prestosports.com/sports/mbkb/2025-26/div2/boxscores/20260110_6xpo.xml "HTTP/1.1 200 OK"
19:59:19 [INFO] HTTP Request: GET https://njcaastats.prestosports.com/sports/mbkb/2025-26/div2/boxscores/20260114_xn5z.xml "HTTP/1.1 200 OK"
19:59:30 [INFO] HTTP Request: GET https://njcaastats.prestosports.com/sports/mbkb/2025-26/div2/boxscores/20260117_8tpo.xml "HTTP/1.1 200 OK"
19:59:41 [INFO] HTTP Request: GET https://njcaastats.prestosports.com/sports/mbkb/2025-26/div2/boxscores/20260128_g8ap.xml "HTTP/1.1 200 OK"
19:59:53 [INFO] HTTP Request: GET https://njcaastats.prestosports.com/sports/mbkb/2025-26/div2/boxscores/20260131_y9jy.xml "HTTP/1.1 200 OK"
20:00:05 [INFO] HTTP Request: GET https://njcaastats.prestosports.com/sports/mbkb/2025-26/div2/boxscores/20260202_zmga.xml "HTTP/1.1 200 OK"
20:00:16 [INFO] HTTP Request: GET https://njcaastats.prestosports.com/sports/mbkb/2025-26/div2/boxscores/20260204_1eq0.xml "HTTP/1.1 200 OK"
20:00:35 [INFO] HTTP Request: GET https://njcaastats.prestosports.com/sports/mbkb/2025-26/div2/boxscores/20260207_hc0u.xml "HTTP/1.1 200 OK"
20:00:46 [INFO] HTTP Request: GET https://njcaastats.prestosports.com/sports/mbkb/2025-26/div2/boxscores/20260211_1l5o.xml "HTTP/1.1 200 OK"
20:00:57 [INFO] HTTP Request: GET https://njcaastats.prestosports.com/sports/mbkb/2025-26/div2/boxscores/20260214_7t53.xml "HTTP/1.1 200 OK"
20:01:09 [INFO] HTTP Request: GET https://njcaastats.prestosports.com/sports/mbkb/2025-26/div2/boxscores/20260218_hyb9.xml "HTTP/1.1 200 OK"
20:01:20 [INFO] HTTP Request: GET https://njcaastats.prestosports.com/sports/mbkb/2025-26/div2/boxscores/20260221_uun2.xml "HTTP/1.1 200 OK"
20:01:32 [INFO] HTTP Request: GET https://njcaastats.prestosports.com/sports/mbkb/2025-26/div2/boxscores/20260225_0wc3.xml "HTTP/1.1 200 OK"
20:01:32 [INFO]   Loaded: 29 games, 638 player-game-stat rows
20:01:32 [INFO] 
[9/20] North Arkansas College
20:01:32 [INFO] Scraping team: North Arkansas College (northarkansascollege)
20:01:44 [INFO] HTTP Request: GET https://njcaastats.prestosports.com/sports/mbkb/2025-26/div2/teams/northarkansascollege?view=roster "HTTP/1.1 200 OK"
20:01:44 [INFO]   Roster: 19 players
20:01:55 [INFO] HTTP Request: GET https://njcaastats.prestosports.com/sports/mbkb/2025-26/div2/teams/northarkansascollege?view=gamelog "HTTP/1.1 200 OK"
20:01:56 [INFO]   Games: 31 with box scores
20:02:07 [INFO] HTTP Request: GET https://njcaastats.prestosports.com/sports/mbkb/2025-26/div2/boxscores/20251101_0pll.xml "HTTP/1.1 200 OK"
20:02:18 [INFO] HTTP Request: GET https://njcaastats.prestosports.com/sports/mbkb/2025-26/div2/boxscores/20251104_wrbx.xml "HTTP/1.1 200 OK"
20:02:29 [INFO] HTTP Request: GET https://njcaastats.prestosports.com/sports/mbkb/2025-26/div2/boxscores/20251107_ge6m.xml "HTTP/1.1 200 OK"
20:02:40 [INFO] HTTP Request: GET https://njcaastats.prestosports.com/sports/mbkb/2025-26/div2/boxscores/20251108_fn6k.xml "HTTP/1.1 200 OK"
20:03:19 [INFO] HTTP Request: GET https://njcaastats.prestosports.com/sports/mbkb/2025-26/div2/boxscores/20251111_gbda.xml "HTTP/1.1 200 OK"
20:03:30 [INFO] HTTP Request: GET https://njcaastats.prestosports.com/sports/mbkb/2025-26/div2/boxscores/20251114_2qle.xml "HTTP/1.1 200 OK"
20:03:42 [INFO] HTTP Request: GET https://njcaastats.prestosports.com/sports/mbkb/2025-26/div2/boxscores/20251115_kwp2.xml "HTTP/1.1 200 OK"
20:03:53 [INFO] HTTP Request: GET https://njcaastats.prestosports.com/sports/mbkb/2025-26/div2/boxscores/20251119_s7p8.xml "HTTP/1.1 200 OK"
20:04:11 [INFO] HTTP Request: GET https://njcaastats.prestosports.com/sports/mbkb/2025-26/div2/boxscores/20251124_7ofo.xml "HTTP/1.1 200 OK"
20:04:22 [INFO] HTTP Request: GET https://njcaastats.prestosports.com/sports/mbkb/2025-26/div2/boxscores/20251128_5lct.xml "HTTP/1.1 200 OK"
20:04:34 [INFO] HTTP Request: GET https://njcaastats.prestosports.com/sports/mbkb/2025-26/div2/boxscores/20251129_lrl9.xml "HTTP/1.1 200 OK"
20:04:45 [INFO] HTTP Request: GET https://njcaastats.prestosports.com/sports/mbkb/2025-26/div2/boxscores/20251203_i0s0.xml "HTTP/1.1 200 OK"
20:04:56 [INFO] HTTP Request: GET https://njcaastats.prestosports.com/sports/mbkb/2025-26/div2/boxscores/20251210_olkn.xml "HTTP/1.1 200 OK"
20:05:07 [INFO] HTTP Request: GET https://njcaastats.prestosports.com/sports/mbkb/2025-26/div2/boxscores/20251213_z706.xml "HTTP/1.1 200 OK"
20:05:18 [INFO] HTTP Request: GET https://njcaastats.prestosports.com/sports/mbkb/2025-26/div2/boxscores/20251215_7vo8.xml "HTTP/1.1 200 OK"
20:05:30 [INFO] HTTP Request: GET https://njcaastats.prestosports.com/sports/mbkb/2025-26/div2/boxscores/20260107_14ja.xml "HTTP/1.1 200 OK"
20:05:41 [INFO] HTTP Request: GET https://njcaastats.prestosports.com/sports/mbkb/2025-26/div2/boxscores/20260110_6nqn.xml "HTTP/1.1 200 OK"
20:05:52 [INFO] HTTP Request: GET https://njcaastats.prestosports.com/sports/mbkb/2025-26/div2/boxscores/20260112_eg3w.xml "HTTP/1.1 200 OK"
20:06:03 [INFO] HTTP Request: GET https://njcaastats.prestosports.com/sports/mbkb/2025-26/div2/boxscores/20260114_djea.xml "HTTP/1.1 200 OK"
20:06:14 [INFO] HTTP Request: GET https://njcaastats.prestosports.com/sports/mbkb/2025-26/div2/boxscores/20260117_pb2k.xml "HTTP/1.1 200 OK"
20:06:25 [INFO] HTTP Request: GET https://njcaastats.prestosports.com/sports/mbkb/2025-26/div2/boxscores/20260121_by5v.xml "HTTP/1.1 200 OK"
20:06:36 [INFO] HTTP Request: GET https://njcaastats.prestosports.com/sports/mbkb/2025-26/div2/boxscores/20260204_4eic.xml "HTTP/1.1 200 OK"
20:06:48 [INFO] HTTP Request: GET https://njcaastats.prestosports.com/sports/mbkb/2025-26/div2/boxscores/20260205_0v7t.xml "HTTP/1.1 200 OK"
20:06:59 [INFO] HTTP Request: GET https://njcaastats.prestosports.com/sports/mbkb/2025-26/div2/boxscores/20260207_g29l.xml "HTTP/1.1 200 OK"
20:07:10 [INFO] HTTP Request: GET https://njcaastats.prestosports.com/sports/mbkb/2025-26/div2/boxscores/20260209_msjc.xml "HTTP/1.1 200 OK"
20:07:21 [INFO] HTTP Request: GET https://njcaastats.prestosports.com/sports/mbkb/2025-26/div2/boxscores/20260211_5nvd.xml "HTTP/1.1 200 OK"
20:07:32 [INFO] HTTP Request: GET https://njcaastats.prestosports.com/sports/mbkb/2025-26/div2/boxscores/20260214_9zi9.xml "HTTP/1.1 200 OK"
20:07:44 [INFO] HTTP Request: GET https://njcaastats.prestosports.com/sports/mbkb/2025-26/div2/boxscores/20260216_xecb.xml "HTTP/1.1 200 OK"
20:07:55 [INFO] HTTP Request: GET https://njcaastats.prestosports.com/sports/mbkb/2025-26/div2/boxscores/20260218_b9uo.xml "HTTP/1.1 200 OK"
20:08:06 [INFO] HTTP Request: GET https://njcaastats.prestosports.com/sports/mbkb/2025-26/div2/boxscores/20260221_ojuc.xml "HTTP/1.1 200 OK"
20:08:19 [INFO] HTTP Request: GET https://njcaastats.prestosports.com/sports/mbkb/2025-26/div2/boxscores/20260225_lomq.xml "HTTP/1.1 200 OK"
20:08:19 [INFO]   Loaded: 31 games, 732 player-game-stat rows
20:08:19 [INFO] 
[10/20] North Central Michigan
20:08:19 [INFO] Scraping team: North Central Michigan (northcentralmichigan)
20:08:31 [INFO] HTTP Request: GET https://njcaastats.prestosports.com/sports/mbkb/2025-26/div2/teams/northcentralmichigan?view=roster "HTTP/1.1 200 OK"
20:08:31 [INFO]   Roster: 14 players
20:08:43 [INFO] HTTP Request: GET https://njcaastats.prestosports.com/sports/mbkb/2025-26/div2/teams/northcentralmichigan?view=gamelog "HTTP/1.1 200 OK"
20:08:43 [INFO]   Games: 26 with box scores
20:08:54 [INFO] HTTP Request: GET https://njcaastats.prestosports.com/sports/mbkb/2025-26/div2/boxscores/20251101_on0x.xml "HTTP/1.1 200 OK"
20:09:05 [INFO] HTTP Request: GET https://njcaastats.prestosports.com/sports/mbkb/2025-26/div2/boxscores/20251102_vuq4.xml "HTTP/1.1 200 OK"
20:09:16 [INFO] HTTP Request: GET https://njcaastats.prestosports.com/sports/mbkb/2025-26/div2/boxscores/20251107_oi0d.xml "HTTP/1.1 200 OK"
20:09:28 [INFO] HTTP Request: GET https://njcaastats.prestosports.com/sports/mbkb/2025-26/div2/boxscores/20251108_enw8.xml "HTTP/1.1 200 OK"
20:09:39 [INFO] HTTP Request: GET https://njcaastats.prestosports.com/sports/mbkb/2025-26/div2/boxscores/20251113_e969.xml "HTTP/1.1 200 OK"
20:09:50 [INFO] HTTP Request: GET https://njcaastats.prestosports.com/sports/mbkb/2025-26/div2/boxscores/20251115_98ft.xml "HTTP/1.1 200 OK"
20:10:01 [INFO] HTTP Request: GET https://njcaastats.prestosports.com/sports/mbkb/2025-26/div2/boxscores/20251125_bi7g.xml "HTTP/1.1 200 OK"
20:10:12 [INFO] HTTP Request: GET https://njcaastats.prestosports.com/sports/mbkb/2025-26/div2/boxscores/20251206_tojz.xml "HTTP/1.1 200 OK"
20:10:24 [INFO] HTTP Request: GET https://njcaastats.prestosports.com/sports/mbkb/2025-26/div2/boxscores/20251212_qsq9.xml "HTTP/1.1 200 OK"
20:10:35 [INFO] HTTP Request: GET https://njcaastats.prestosports.com/sports/mbkb/2025-26/div2/boxscores/20251213_rley.xml "HTTP/1.1 200 OK"
20:10:46 [INFO] HTTP Request: GET https://njcaastats.prestosports.com/sports/mbkb/2025-26/div2/boxscores/20251219_vlte.xml "HTTP/1.1 200 OK"
20:10:57 [INFO] HTTP Request: GET https://njcaastats.prestosports.com/sports/mbkb/2025-26/div2/boxscores/20260103_b4f8.xml "HTTP/1.1 200 OK"
20:11:08 [INFO] HTTP Request: GET https://njcaastats.prestosports.com/sports/mbkb/2025-26/div2/boxscores/20260110_ycxk.xml "HTTP/1.1 200 OK"
20:11:19 [INFO] HTTP Request: GET https://njcaastats.prestosports.com/sports/mbkb/2025-26/div2/boxscores/20260114_6dgy.xml "HTTP/1.1 200 OK"
20:11:30 [INFO] HTTP Request: GET https://njcaastats.prestosports.com/sports/mbkb/2025-26/div2/boxscores/20260117_i2q5.xml "HTTP/1.1 200 OK"
20:11:42 [INFO] HTTP Request: GET https://njcaastats.prestosports.com/sports/mbkb/2025-26/div2/boxscores/20260121_lis5.xml "HTTP/1.1 200 OK"
20:11:53 [INFO] HTTP Request: GET https://njcaastats.prestosports.com/sports/mbkb/2025-26/div2/boxscores/20260124_ria3.xml "HTTP/1.1 200 OK"
20:12:05 [INFO] HTTP Request: GET https://njcaastats.prestosports.com/sports/mbkb/2025-26/div2/boxscores/20260128_rypf.xml "HTTP/1.1 200 OK"
20:12:16 [INFO] HTTP Request: GET https://njcaastats.prestosports.com/sports/mbkb/2025-26/div2/boxscores/20260131_w7i5.xml "HTTP/1.1 200 OK"
20:12:28 [INFO] HTTP Request: GET https://njcaastats.prestosports.com/sports/mbkb/2025-26/div2/boxscores/20260204_r92v.xml "HTTP/1.1 200 OK"
20:12:39 [INFO] HTTP Request: GET https://njcaastats.prestosports.com/sports/mbkb/2025-26/div2/boxscores/20260207_gdth.xml "HTTP/1.1 200 OK"
20:12:50 [INFO] HTTP Request: GET https://njcaastats.prestosports.com/sports/mbkb/2025-26/div2/boxscores/20260211_75vk.xml "HTTP/1.1 200 OK"
20:13:02 [INFO] HTTP Request: GET https://njcaastats.prestosports.com/sports/mbkb/2025-26/div2/boxscores/20260214_fynr.xml "HTTP/1.1 200 OK"
20:13:13 [INFO] HTTP Request: GET https://njcaastats.prestosports.com/sports/mbkb/2025-26/div2/boxscores/20260218_q383.xml "HTTP/1.1 200 OK"
20:13:24 [INFO] HTTP Request: GET https://njcaastats.prestosports.com/sports/mbkb/2025-26/div2/boxscores/20260221_5m7q.xml "HTTP/1.1 200 OK"
20:13:36 [INFO] HTTP Request: GET https://njcaastats.prestosports.com/sports/mbkb/2025-26/div2/boxscores/20260224_cdhr.xml "HTTP/1.1 200 OK"
20:13:36 [INFO]   Loaded: 26 games, 635 player-game-stat rows
20:13:36 [INFO] 
[11/20] North Central Missouri College
20:13:36 [INFO] Scraping team: North Central Missouri College (northcentralmissouricollege)
20:13:48 [INFO] HTTP Request: GET https://njcaastats.prestosports.com/sports/mbkb/2025-26/div2/teams/northcentralmissouricollege?view=roster "HTTP/1.1 200 OK"
20:13:49 [INFO]   Roster: 18 players
20:14:01 [INFO] HTTP Request: GET https://njcaastats.prestosports.com/sports/mbkb/2025-26/div2/teams/northcentralmissouricollege?view=gamelog "HTTP/1.1 200 OK"
20:14:01 [INFO]   Games: 28 with box scores
20:14:12 [INFO] HTTP Request: GET https://njcaastats.prestosports.com/sports/mbkb/2025-26/div2/boxscores/20251104_elng.xml "HTTP/1.1 200 OK"
20:14:23 [INFO] HTTP Request: GET https://njcaastats.prestosports.com/sports/mbkb/2025-26/div2/boxscores/20251107_tnzu.xml "HTTP/1.1 200 OK"
20:14:34 [INFO] HTTP Request: GET https://njcaastats.prestosports.com/sports/mbkb/2025-26/div2/boxscores/20251108_ipev.xml "HTTP/1.1 200 OK"
20:14:46 [INFO] HTTP Request: GET https://njcaastats.prestosports.com/sports/mbkb/2025-26/div2/boxscores/20251111_dbog.xml "HTTP/1.1 200 OK"
20:14:57 [INFO] HTTP Request: GET https://njcaastats.prestosports.com/sports/mbkb/2025-26/div2/boxscores/20251114_vemc.xml "HTTP/1.1 200 OK"
20:15:08 [INFO] HTTP Request: GET https://njcaastats.prestosports.com/sports/mbkb/2025-26/div2/boxscores/20251115_no4e.xml "HTTP/1.1 200 OK"
20:15:19 [INFO] HTTP Request: GET https://njcaastats.prestosports.com/sports/mbkb/2025-26/div2/boxscores/20251119_z65w.xml "HTTP/1.1 200 OK"
20:15:31 [INFO] HTTP Request: GET https://njcaastats.prestosports.com/sports/mbkb/2025-26/div2/boxscores/20251122_logk.xml "HTTP/1.1 200 OK"
20:15:42 [INFO] HTTP Request: GET https://njcaastats.prestosports.com/sports/mbkb/2025-26/div2/boxscores/20251125_wpuv.xml "HTTP/1.1 200 OK"
20:15:53 [INFO] HTTP Request: GET https://njcaastats.prestosports.com/sports/mbkb/2025-26/div2/boxscores/20251130_ejgc.xml "HTTP/1.1 200 OK"
20:16:04 [INFO] HTTP Request: GET https://njcaastats.prestosports.com/sports/mbkb/2025-26/div2/boxscores/20251203_71hw.xml "HTTP/1.1 200 OK"
20:16:15 [INFO] HTTP Request: GET https://njcaastats.prestosports.com/sports/mbkb/2025-26/div2/boxscores/20251205_qek0.xml "HTTP/1.1 200 OK"
20:16:26 [INFO] HTTP Request: GET https://njcaastats.prestosports.com/sports/mbkb/2025-26/div2/boxscores/20251206_zt6e.xml "HTTP/1.1 200 OK"
20:16:37 [INFO] HTTP Request: GET https://njcaastats.prestosports.com/sports/mbkb/2025-26/div2/boxscores/20251209_na0h.xml "HTTP/1.1 200 OK"
20:16:48 [INFO] HTTP Request: GET https://njcaastats.prestosports.com/sports/mbkb/2025-26/div2/boxscores/20251213_oifs.xml "HTTP/1.1 200 OK"
20:16:59 [INFO] HTTP Request: GET https://njcaastats.prestosports.com/sports/mbkb/2025-26/div2/boxscores/20260107_qmxe.xml "HTTP/1.1 200 OK"
20:17:11 [INFO] HTTP Request: GET https://njcaastats.prestosports.com/sports/mbkb/2025-26/div2/boxscores/20260110_gpyp.xml "HTTP/1.1 200 OK"
20:17:22 [INFO] HTTP Request: GET https://njcaastats.prestosports.com/sports/mbkb/2025-26/div2/boxscores/20260114_d5vf.xml "HTTP/1.1 200 OK"
20:17:33 [INFO] HTTP Request: GET https://njcaastats.prestosports.com/sports/mbkb/2025-26/div2/boxscores/20260117_70rq.xml "HTTP/1.1 200 OK"
20:17:44 [INFO] HTTP Request: GET https://njcaastats.prestosports.com/sports/mbkb/2025-26/div2/boxscores/20260127_ryre.xml "HTTP/1.1 200 OK"
20:17:55 [INFO] HTTP Request: GET https://njcaastats.prestosports.com/sports/mbkb/2025-26/div2/boxscores/20260131_s2fq.xml "HTTP/1.1 200 OK"
20:18:06 [INFO] HTTP Request: GET https://njcaastats.prestosports.com/sports/mbkb/2025-26/div2/boxscores/20260203_0yr6.xml "HTTP/1.1 200 OK"
20:18:18 [INFO] HTTP Request: GET https://njcaastats.prestosports.com/sports/mbkb/2025-26/div2/boxscores/20260204_pzz9.xml "HTTP/1.1 200 OK"
20:18:29 [INFO] HTTP Request: GET https://njcaastats.prestosports.com/sports/mbkb/2025-26/div2/boxscores/20260207_f7zg.xml "HTTP/1.1 200 OK"
20:18:40 [INFO] HTTP Request: GET https://njcaastats.prestosports.com/sports/mbkb/2025-26/div2/boxscores/20260210_8um5.xml "HTTP/1.1 200 OK"
20:18:51 [INFO] HTTP Request: GET https://njcaastats.prestosports.com/sports/mbkb/2025-26/div2/boxscores/20260211_pnfo.xml "HTTP/1.1 200 OK"
20:19:02 [INFO] HTTP Request: GET https://njcaastats.prestosports.com/sports/mbkb/2025-26/div2/boxscores/20260214_s97k.xml "HTTP/1.1 200 OK"
20:19:14 [INFO] HTTP Request: GET https://njcaastats.prestosports.com/sports/mbkb/2025-26/div2/boxscores/20260221_2a1b.xml "HTTP/1.1 200 OK"
20:19:14 [INFO]   Loaded: 28 games, 594 player-game-stat rows
20:19:14 [INFO] 
[12/20] North Iowa Area CC
20:19:14 [INFO] Scraping team: North Iowa Area CC (northiowaareacommunitycollege)
20:19:26 [INFO] HTTP Request: GET https://njcaastats.prestosports.com/sports/mbkb/2025-26/div2/teams/northiowaareacommunitycollege?view=roster "HTTP/1.1 200 OK"
20:19:26 [INFO]   Roster: 17 players
20:19:38 [INFO] HTTP Request: GET https://njcaastats.prestosports.com/sports/mbkb/2025-26/div2/teams/northiowaareacommunitycollege?view=gamelog "HTTP/1.1 200 OK"
20:19:39 [INFO]   Games: 30 with box scores
20:19:49 [INFO] HTTP Request: GET https://njcaastats.prestosports.com/sports/mbkb/2025-26/div2/boxscores/20251031_p08l.xml "HTTP/1.1 200 OK"
20:20:01 [INFO] HTTP Request: GET https://njcaastats.prestosports.com/sports/mbkb/2025-26/div2/boxscores/20251101_qwpo.xml "HTTP/1.1 200 OK"
20:20:12 [INFO] HTTP Request: GET https://njcaastats.prestosports.com/sports/mbkb/2025-26/div2/boxscores/20251107_9dul.xml "HTTP/1.1 200 OK"
20:20:23 [INFO] HTTP Request: GET https://njcaastats.prestosports.com/sports/mbkb/2025-26/div2/boxscores/20251108_4s2m.xml "HTTP/1.1 200 OK"
20:20:34 [INFO] HTTP Request: GET https://njcaastats.prestosports.com/sports/mbkb/2025-26/div2/boxscores/20251113_sxqo.xml "HTTP/1.1 200 OK"
20:20:46 [INFO] HTTP Request: GET https://njcaastats.prestosports.com/sports/mbkb/2025-26/div2/boxscores/20251118_0v21.xml "HTTP/1.1 200 OK"
20:20:57 [INFO] HTTP Request: GET https://njcaastats.prestosports.com/sports/mbkb/2025-26/div2/boxscores/20251122_htfw.xml "HTTP/1.1 200 OK"
20:21:08 [INFO] HTTP Request: GET https://njcaastats.prestosports.com/sports/mbkb/2025-26/div2/boxscores/20251125_hgdn.xml "HTTP/1.1 200 OK"
20:21:20 [INFO] HTTP Request: GET https://njcaastats.prestosports.com/sports/mbkb/2025-26/div2/boxscores/20251129_cus1.xml "HTTP/1.1 200 OK"
20:21:31 [INFO] HTTP Request: GET https://njcaastats.prestosports.com/sports/mbkb/2025-26/div2/boxscores/20251203_8j6r.xml "HTTP/1.1 200 OK"
20:21:43 [INFO] HTTP Request: GET https://njcaastats.prestosports.com/sports/mbkb/2025-26/div2/boxscores/20251206_qus0.xml "HTTP/1.1 200 OK"
20:21:54 [INFO] HTTP Request: GET https://njcaastats.prestosports.com/sports/mbkb/2025-26/div2/boxscores/20251210_hum0.xml "HTTP/1.1 200 OK"
20:22:05 [INFO] HTTP Request: GET https://njcaastats.prestosports.com/sports/mbkb/2025-26/div2/boxscores/20251213_w0ta.xml "HTTP/1.1 200 OK"
20:22:17 [INFO] HTTP Request: GET https://njcaastats.prestosports.com/sports/mbkb/2025-26/div2/boxscores/20251217_kzr5.xml "HTTP/1.1 200 OK"
20:22:28 [INFO] HTTP Request: GET https://njcaastats.prestosports.com/sports/mbkb/2025-26/div2/boxscores/20260103_ytjx.xml "HTTP/1.1 200 OK"
20:22:39 [INFO] HTTP Request: GET https://njcaastats.prestosports.com/sports/mbkb/2025-26/div2/boxscores/20260107_rxww.xml "HTTP/1.1 200 OK"
20:22:50 [INFO] HTTP Request: GET https://njcaastats.prestosports.com/sports/mbkb/2025-26/div2/boxscores/20260110_a0zi.xml "HTTP/1.1 200 OK"
20:23:02 [INFO] HTTP Request: GET https://njcaastats.prestosports.com/sports/mbkb/2025-26/div2/boxscores/20260114_bfaj.xml "HTTP/1.1 200 OK"
20:23:13 [INFO] HTTP Request: GET https://njcaastats.prestosports.com/sports/mbkb/2025-26/div2/boxscores/20260117_mw85.xml "HTTP/1.1 200 OK"
20:23:24 [INFO] HTTP Request: GET https://njcaastats.prestosports.com/sports/mbkb/2025-26/div2/boxscores/20260122_0b64.xml "HTTP/1.1 200 OK"
20:23:35 [INFO] HTTP Request: GET https://njcaastats.prestosports.com/sports/mbkb/2025-26/div2/boxscores/20260124_b6sy.xml "HTTP/1.1 200 OK"
20:23:47 [INFO] HTTP Request: GET https://njcaastats.prestosports.com/sports/mbkb/2025-26/div2/boxscores/20260128_zffg.xml "HTTP/1.1 200 OK"
20:23:58 [INFO] HTTP Request: GET https://njcaastats.prestosports.com/sports/mbkb/2025-26/div2/boxscores/20260131_6twx.xml "HTTP/1.1 200 OK"
20:24:09 [INFO] HTTP Request: GET https://njcaastats.prestosports.com/sports/mbkb/2025-26/div2/boxscores/20260204_ur4h.xml "HTTP/1.1 200 OK"
20:24:20 [INFO] HTTP Request: GET https://njcaastats.prestosports.com/sports/mbkb/2025-26/div2/boxscores/20260207_asn3.xml "HTTP/1.1 200 OK"
20:24:31 [INFO] HTTP Request: GET https://njcaastats.prestosports.com/sports/mbkb/2025-26/div2/boxscores/20260211_kq6s.xml "HTTP/1.1 200 OK"
20:24:43 [INFO] HTTP Request: GET https://njcaastats.prestosports.com/sports/mbkb/2025-26/div2/boxscores/20260214_m9lw.xml "HTTP/1.1 200 OK"
20:24:54 [INFO] HTTP Request: GET https://njcaastats.prestosports.com/sports/mbkb/2025-26/div2/boxscores/20260218_bjw7.xml "HTTP/1.1 200 OK"
20:25:05 [INFO] HTTP Request: GET https://njcaastats.prestosports.com/sports/mbkb/2025-26/div2/boxscores/20260221_qqmh.xml "HTTP/1.1 200 OK"
20:25:16 [INFO] HTTP Request: GET https://njcaastats.prestosports.com/sports/mbkb/2025-26/div2/boxscores/20260225_3ztj.xml "HTTP/1.1 200 OK"
20:25:16 [INFO]   Loaded: 30 games, 700 player-game-stat rows
20:25:16 [INFO] 
[13/20] Northeast CC
20:25:16 [INFO] Scraping team: Northeast CC (northeastcommunitycollege)
20:25:29 [INFO] HTTP Request: GET https://njcaastats.prestosports.com/sports/mbkb/2025-26/div2/teams/northeastcommunitycollege?view=roster "HTTP/1.1 200 OK"
20:25:29 [INFO]   Roster: 15 players
20:25:41 [INFO] HTTP Request: GET https://njcaastats.prestosports.com/sports/mbkb/2025-26/div2/teams/northeastcommunitycollege?view=gamelog "HTTP/1.1 200 OK"
20:25:41 [INFO]   Games: 26 with box scores
20:25:52 [INFO] HTTP Request: GET https://njcaastats.prestosports.com/sports/mbkb/2025-26/div2/boxscores/20251103_dztf.xml "HTTP/1.1 200 OK"
20:26:03 [INFO] HTTP Request: GET https://njcaastats.prestosports.com/sports/mbkb/2025-26/div2/boxscores/20251105_bt8l.xml "HTTP/1.1 200 OK"
20:26:15 [INFO] HTTP Request: GET https://njcaastats.prestosports.com/sports/mbkb/2025-26/div2/boxscores/20251106_atjr.xml "HTTP/1.1 200 OK"
20:26:26 [INFO] HTTP Request: GET https://njcaastats.prestosports.com/sports/mbkb/2025-26/div2/boxscores/20251112_f4q6.xml "HTTP/1.1 200 OK"
20:26:37 [INFO] HTTP Request: GET https://njcaastats.prestosports.com/sports/mbkb/2025-26/div2/boxscores/20251117_hmtf.xml "HTTP/1.1 200 OK"
20:26:49 [INFO] HTTP Request: GET https://njcaastats.prestosports.com/sports/mbkb/2025-26/div2/boxscores/20251119_5fi1.xml "HTTP/1.1 200 OK"
20:27:00 [INFO] HTTP Request: GET https://njcaastats.prestosports.com/sports/mbkb/2025-26/div2/boxscores/20251125_mprp.xml "HTTP/1.1 200 OK"
20:27:11 [INFO] HTTP Request: GET https://njcaastats.prestosports.com/sports/mbkb/2025-26/div2/boxscores/20251130_mbn9.xml "HTTP/1.1 200 OK"
20:27:22 [INFO] HTTP Request: GET https://njcaastats.prestosports.com/sports/mbkb/2025-26/div2/boxscores/20251203_jx3x.xml "HTTP/1.1 200 OK"
20:27:34 [INFO] HTTP Request: GET https://njcaastats.prestosports.com/sports/mbkb/2025-26/div2/boxscores/20251206_03sq.xml "HTTP/1.1 200 OK"
20:27:45 [INFO] HTTP Request: GET https://njcaastats.prestosports.com/sports/mbkb/2025-26/div2/boxscores/20251210_r4uv.xml "HTTP/1.1 200 OK"
20:27:57 [INFO] HTTP Request: GET https://njcaastats.prestosports.com/sports/mbkb/2025-26/div2/boxscores/20251215_nsu7.xml "HTTP/1.1 200 OK"
20:28:08 [INFO] HTTP Request: GET https://njcaastats.prestosports.com/sports/mbkb/2025-26/div2/boxscores/20260107_f1sw.xml "HTTP/1.1 200 OK"
20:28:19 [INFO] HTTP Request: GET https://njcaastats.prestosports.com/sports/mbkb/2025-26/div2/boxscores/20260110_jmh8.xml "HTTP/1.1 200 OK"
20:28:30 [INFO] HTTP Request: GET https://njcaastats.prestosports.com/sports/mbkb/2025-26/div2/boxscores/20260114_36zc.xml "HTTP/1.1 200 OK"
20:28:41 [INFO] HTTP Request: GET https://njcaastats.prestosports.com/sports/mbkb/2025-26/div2/boxscores/20260117_mw85.xml "HTTP/1.1 200 OK"
20:28:52 [INFO] HTTP Request: GET https://njcaastats.prestosports.com/sports/mbkb/2025-26/div2/boxscores/20260121_zfdv.xml "HTTP/1.1 200 OK"
20:29:04 [INFO] HTTP Request: GET https://njcaastats.prestosports.com/sports/mbkb/2025-26/div2/boxscores/20260124_gi5a.xml "HTTP/1.1 200 OK"
20:29:15 [INFO] HTTP Request: GET https://njcaastats.prestosports.com/sports/mbkb/2025-26/div2/boxscores/20260128_4g0p.xml "HTTP/1.1 200 OK"
20:29:26 [INFO] HTTP Request: GET https://njcaastats.prestosports.com/sports/mbkb/2025-26/div2/boxscores/20260131_6twx.xml "HTTP/1.1 200 OK"
20:29:37 [INFO] HTTP Request: GET https://njcaastats.prestosports.com/sports/mbkb/2025-26/div2/boxscores/20260204_v9nd.xml "HTTP/1.1 200 OK"
20:29:48 [INFO] HTTP Request: GET https://njcaastats.prestosports.com/sports/mbkb/2025-26/div2/boxscores/20260211_ky9o.xml "HTTP/1.1 200 OK"
20:30:00 [INFO] HTTP Request: GET https://njcaastats.prestosports.com/sports/mbkb/2025-26/div2/boxscores/20260214_9ci0.xml "HTTP/1.1 200 OK"
20:30:11 [INFO] HTTP Request: GET https://njcaastats.prestosports.com/sports/mbkb/2025-26/div2/boxscores/20260218_0hdw.xml "HTTP/1.1 200 OK"
20:30:22 [INFO] HTTP Request: GET https://njcaastats.prestosports.com/sports/mbkb/2025-26/div2/boxscores/20260221_oybu.xml "HTTP/1.1 200 OK"
20:30:34 [INFO] HTTP Request: GET https://njcaastats.prestosports.com/sports/mbkb/2025-26/div2/boxscores/20260225_vm3e.xml "HTTP/1.1 200 OK"
20:30:34 [INFO]   Loaded: 26 games, 625 player-game-stat rows
20:30:34 [INFO] 
[14/20] Oakland CC
20:30:34 [INFO] Scraping team: Oakland CC (oaklandcommunitycollege)
20:30:46 [INFO] HTTP Request: GET https://njcaastats.prestosports.com/sports/mbkb/2025-26/div2/teams/oaklandcommunitycollege?view=roster "HTTP/1.1 200 OK"
20:30:47 [INFO]   Roster: 14 players
20:30:58 [INFO] HTTP Request: GET https://njcaastats.prestosports.com/sports/mbkb/2025-26/div2/teams/oaklandcommunitycollege?view=gamelog "HTTP/1.1 200 OK"
20:30:59 [INFO]   Games: 28 with box scores
20:31:10 [INFO] HTTP Request: GET https://njcaastats.prestosports.com/sports/mbkb/2025-26/div2/boxscores/20251106_cpnf.xml "HTTP/1.1 200 OK"
20:31:21 [INFO] HTTP Request: GET https://njcaastats.prestosports.com/sports/mbkb/2025-26/div2/boxscores/20251108_q3av.xml "HTTP/1.1 200 OK"
20:31:32 [INFO] HTTP Request: GET https://njcaastats.prestosports.com/sports/mbkb/2025-26/div2/boxscores/20251109_s3cg.xml "HTTP/1.1 200 OK"
20:31:44 [INFO] HTTP Request: GET https://njcaastats.prestosports.com/sports/mbkb/2025-26/div2/boxscores/20251113_e969.xml "HTTP/1.1 200 OK"
20:31:55 [INFO] HTTP Request: GET https://njcaastats.prestosports.com/sports/mbkb/2025-26/div2/boxscores/20251114_s7ue.xml "HTTP/1.1 200 OK"
20:32:06 [INFO] HTTP Request: GET https://njcaastats.prestosports.com/sports/mbkb/2025-26/div2/boxscores/20251122_mvvn.xml "HTTP/1.1 200 OK"
20:32:18 [INFO] HTTP Request: GET https://njcaastats.prestosports.com/sports/mbkb/2025-26/div2/boxscores/20251123_5vsm.xml "HTTP/1.1 200 OK"
20:32:29 [INFO] HTTP Request: GET https://njcaastats.prestosports.com/sports/mbkb/2025-26/div2/boxscores/20251126_1t2w.xml "HTTP/1.1 200 OK"
20:32:40 [INFO] HTTP Request: GET https://njcaastats.prestosports.com/sports/mbkb/2025-26/div2/boxscores/20251201_fqsz.xml "HTTP/1.1 200 OK"
20:32:52 [INFO] HTTP Request: GET https://njcaastats.prestosports.com/sports/mbkb/2025-26/div2/boxscores/20251203_b8yp.xml "HTTP/1.1 200 OK"
20:33:03 [INFO] HTTP Request: GET https://njcaastats.prestosports.com/sports/mbkb/2025-26/div2/boxscores/20251212_272s.xml "HTTP/1.1 200 OK"
20:33:14 [INFO] HTTP Request: GET https://njcaastats.prestosports.com/sports/mbkb/2025-26/div2/boxscores/20251213_wvi8.xml "HTTP/1.1 200 OK"
20:33:26 [INFO] HTTP Request: GET https://njcaastats.prestosports.com/sports/mbkb/2025-26/div2/boxscores/20251218_3xgm.xml "HTTP/1.1 200 OK"
20:33:37 [INFO] HTTP Request: GET https://njcaastats.prestosports.com/sports/mbkb/2025-26/div2/boxscores/20260103_1cnt.xml "HTTP/1.1 200 OK"
20:33:48 [INFO] HTTP Request: GET https://njcaastats.prestosports.com/sports/mbkb/2025-26/div2/boxscores/20260110_swzh.xml "HTTP/1.1 200 OK"
20:34:00 [INFO] HTTP Request: GET https://njcaastats.prestosports.com/sports/mbkb/2025-26/div2/boxscores/20260114_ncnl.xml "HTTP/1.1 200 OK"
20:34:11 [INFO] HTTP Request: GET https://njcaastats.prestosports.com/sports/mbkb/2025-26/div2/boxscores/20260117_29in.xml "HTTP/1.1 200 OK"
20:34:22 [INFO] HTTP Request: GET https://njcaastats.prestosports.com/sports/mbkb/2025-26/div2/boxscores/20260121_j20x.xml "HTTP/1.1 200 OK"
20:34:34 [INFO] HTTP Request: GET https://njcaastats.prestosports.com/sports/mbkb/2025-26/div2/boxscores/20260124_96z7.xml "HTTP/1.1 200 OK"
20:34:45 [INFO] HTTP Request: GET https://njcaastats.prestosports.com/sports/mbkb/2025-26/div2/boxscores/20260128_d7wb.xml "HTTP/1.1 200 OK"
20:34:56 [INFO] HTTP Request: GET https://njcaastats.prestosports.com/sports/mbkb/2025-26/div2/boxscores/20260131_gogb.xml "HTTP/1.1 200 OK"
20:35:08 [INFO] HTTP Request: GET https://njcaastats.prestosports.com/sports/mbkb/2025-26/div2/boxscores/20260204_4rky.xml "HTTP/1.1 200 OK"
20:35:19 [INFO] HTTP Request: GET https://njcaastats.prestosports.com/sports/mbkb/2025-26/div2/boxscores/20260207_0lj2.xml "HTTP/1.1 200 OK"
20:35:30 [INFO] HTTP Request: GET https://njcaastats.prestosports.com/sports/mbkb/2025-26/div2/boxscores/20260211_sinm.xml "HTTP/1.1 200 OK"
20:35:41 [INFO] HTTP Request: GET https://njcaastats.prestosports.com/sports/mbkb/2025-26/div2/boxscores/20260214_zkpx.xml "HTTP/1.1 200 OK"
20:35:52 [INFO] HTTP Request: GET https://njcaastats.prestosports.com/sports/mbkb/2025-26/div2/boxscores/20260218_8xgy.xml "HTTP/1.1 200 OK"
20:36:03 [INFO] HTTP Request: GET https://njcaastats.prestosports.com/sports/mbkb/2025-26/div2/boxscores/20260221_fgbg.xml "HTTP/1.1 200 OK"
20:36:14 [INFO] HTTP Request: GET https://njcaastats.prestosports.com/sports/mbkb/2025-26/div2/boxscores/20260224_8ouj.xml "HTTP/1.1 200 OK"
20:36:14 [INFO]   Loaded: 28 games, 600 player-game-stat rows
20:36:14 [INFO] 
[15/20] Oakton CC
20:36:14 [INFO] Scraping team: Oakton CC (oaktoncommunitycollege)
20:36:27 [INFO] HTTP Request: GET https://njcaastats.prestosports.com/sports/mbkb/2025-26/div2/teams/oaktoncommunitycollege?view=roster "HTTP/1.1 200 OK"
20:36:27 [INFO]   Roster: 13 players
20:36:39 [INFO] HTTP Request: GET https://njcaastats.prestosports.com/sports/mbkb/2025-26/div2/teams/oaktoncommunitycollege?view=gamelog "HTTP/1.1 200 OK"
20:36:39 [INFO]   Games: 30 with box scores
20:36:51 [INFO] HTTP Request: GET https://njcaastats.prestosports.com/sports/mbkb/2025-26/div2/boxscores/20251101_4rq1.xml "HTTP/1.1 200 OK"
20:37:06 [INFO] HTTP Request: GET https://njcaastats.prestosports.com/sports/mbkb/2025-26/div2/boxscores/20251104_kcpw.xml "HTTP/1.1 200 OK"
20:37:19 [INFO] HTTP Request: GET https://njcaastats.prestosports.com/sports/mbkb/2025-26/div2/boxscores/20251107_hhkt.xml "HTTP/1.1 200 OK"
20:37:31 [INFO] HTTP Request: GET https://njcaastats.prestosports.com/sports/mbkb/2025-26/div2/boxscores/20251108_nn34.xml "HTTP/1.1 200 OK"
20:37:42 [INFO] HTTP Request: GET https://njcaastats.prestosports.com/sports/mbkb/2025-26/div2/boxscores/20251112_kw51.xml "HTTP/1.1 200 OK"
20:47:15 [INFO] HTTP Request: GET https://njcaastats.prestosports.com/sports/mbkb/2025-26/div2/boxscores/20251115_5bsq.xml "HTTP/1.1 200 OK"
20:47:25 [INFO] HTTP Request: GET https://njcaastats.prestosports.com/sports/mbkb/2025-26/div2/boxscores/20251119_ey01.xml "HTTP/1.1 200 OK"
20:47:38 [INFO] HTTP Request: GET https://njcaastats.prestosports.com/sports/mbkb/2025-26/div2/boxscores/20251125_ysxu.xml "HTTP/1.1 200 OK"
20:47:51 [INFO] HTTP Request: GET https://njcaastats.prestosports.com/sports/mbkb/2025-26/div2/boxscores/20251202_1azb.xml "HTTP/1.1 200 OK"
20:48:04 [INFO] HTTP Request: GET https://njcaastats.prestosports.com/sports/mbkb/2025-26/div2/boxscores/20251205_56d4.xml "HTTP/1.1 200 OK"
20:48:16 [INFO] HTTP Request: GET https://njcaastats.prestosports.com/sports/mbkb/2025-26/div2/boxscores/20251209_ytyj.xml "HTTP/1.1 200 OK"
20:48:28 [INFO] HTTP Request: GET https://njcaastats.prestosports.com/sports/mbkb/2025-26/div2/boxscores/20251212_s45a.xml "HTTP/1.1 200 OK"
20:48:39 [INFO] HTTP Request: GET https://njcaastats.prestosports.com/sports/mbkb/2025-26/div2/boxscores/20251213_sdu7.xml "HTTP/1.1 200 OK"
20:48:50 [INFO] HTTP Request: GET https://njcaastats.prestosports.com/sports/mbkb/2025-26/div2/boxscores/20251217_61cn.xml "HTTP/1.1 200 OK"
20:49:01 [INFO] HTTP Request: GET https://njcaastats.prestosports.com/sports/mbkb/2025-26/div2/boxscores/20251222_ryjo.xml "HTTP/1.1 200 OK"
20:49:12 [INFO] HTTP Request: GET https://njcaastats.prestosports.com/sports/mbkb/2025-26/div2/boxscores/20260106_0ywy.xml "HTTP/1.1 200 OK"
20:49:23 [INFO] HTTP Request: GET https://njcaastats.prestosports.com/sports/mbkb/2025-26/div2/boxscores/20260108_d9mi.xml "HTTP/1.1 200 OK"
20:49:35 [INFO] HTTP Request: GET https://njcaastats.prestosports.com/sports/mbkb/2025-26/div2/boxscores/20260113_6znf.xml "HTTP/1.1 200 OK"
20:49:49 [INFO] HTTP Request: GET https://njcaastats.prestosports.com/sports/mbkb/2025-26/div2/boxscores/20260115_lmwb.xml "HTTP/1.1 200 OK"
20:50:04 [INFO] HTTP Request: GET https://njcaastats.prestosports.com/sports/mbkb/2025-26/div2/boxscores/20260120_tidx.xml "HTTP/1.1 200 OK"
20:50:17 [INFO] HTTP Request: GET https://njcaastats.prestosports.com/sports/mbkb/2025-26/div2/boxscores/20260122_qgns.xml "HTTP/1.1 200 OK"
20:50:28 [INFO] HTTP Request: GET https://njcaastats.prestosports.com/sports/mbkb/2025-26/div2/boxscores/20260127_n0o4.xml "HTTP/1.1 200 OK"
20:50:39 [INFO] HTTP Request: GET https://njcaastats.prestosports.com/sports/mbkb/2025-26/div2/boxscores/20260129_koxz.xml "HTTP/1.1 200 OK"
20:50:51 [INFO] HTTP Request: GET https://njcaastats.prestosports.com/sports/mbkb/2025-26/div2/boxscores/20260203_smxf.xml "HTTP/1.1 200 OK"
20:51:02 [INFO] HTTP Request: GET https://njcaastats.prestosports.com/sports/mbkb/2025-26/div2/boxscores/20260205_r8ok.xml "HTTP/1.1 200 OK"
20:51:13 [INFO] HTTP Request: GET https://njcaastats.prestosports.com/sports/mbkb/2025-26/div2/boxscores/20260207_bsqg.xml "HTTP/1.1 200 OK"
20:51:24 [INFO] HTTP Request: GET https://njcaastats.prestosports.com/sports/mbkb/2025-26/div2/boxscores/20260210_66wh.xml "HTTP/1.1 200 OK"
20:51:36 [INFO] HTTP Request: GET https://njcaastats.prestosports.com/sports/mbkb/2025-26/div2/boxscores/20260212_cohf.xml "HTTP/1.1 200 OK"
20:51:47 [INFO] HTTP Request: GET https://njcaastats.prestosports.com/sports/mbkb/2025-26/div2/boxscores/20260217_bx7l.xml "HTTP/1.1 200 OK"
20:51:58 [INFO] HTTP Request: GET https://njcaastats.prestosports.com/sports/mbkb/2025-26/div2/boxscores/20260219_5aux.xml "HTTP/1.1 200 OK"
20:51:58 [INFO]   Loaded: 30 games, 657 player-game-stat rows
20:51:58 [INFO] 
[16/20] Orange County CC
20:51:58 [INFO] Scraping team: Orange County CC (orangecountycommunitycollege)
20:52:11 [INFO] HTTP Request: GET https://njcaastats.prestosports.com/sports/mbkb/2025-26/div2/teams/orangecountycommunitycollege?view=roster "HTTP/1.1 200 OK"
20:52:11 [INFO]   Roster: 16 players
20:52:23 [INFO] HTTP Request: GET https://njcaastats.prestosports.com/sports/mbkb/2025-26/div2/teams/orangecountycommunitycollege?view=gamelog "HTTP/1.1 200 OK"
20:52:23 [INFO]   Games: 28 with box scores
20:52:34 [INFO] HTTP Request: GET https://njcaastats.prestosports.com/sports/mbkb/2025-26/div2/boxscores/20251106_esfn.xml "HTTP/1.1 200 OK"
20:52:45 [INFO] HTTP Request: GET https://njcaastats.prestosports.com/sports/mbkb/2025-26/div2/boxscores/20251111_3hl1.xml "HTTP/1.1 200 OK"
20:52:58 [INFO] HTTP Request: GET https://njcaastats.prestosports.com/sports/mbkb/2025-26/div2/boxscores/20251115_568a.xml "HTTP/1.1 200 OK"
20:53:09 [INFO] HTTP Request: GET https://njcaastats.prestosports.com/sports/mbkb/2025-26/div2/boxscores/20251116_95g4.xml "HTTP/1.1 200 OK"
20:53:20 [INFO] HTTP Request: GET https://njcaastats.prestosports.com/sports/mbkb/2025-26/div2/boxscores/20251118_as49.xml "HTTP/1.1 200 OK"
20:53:32 [INFO] HTTP Request: GET https://njcaastats.prestosports.com/sports/mbkb/2025-26/div2/boxscores/20251120_ef5q.xml "HTTP/1.1 200 OK"
20:53:43 [INFO] HTTP Request: GET https://njcaastats.prestosports.com/sports/mbkb/2025-26/div2/boxscores/20251122_0hse.xml "HTTP/1.1 200 OK"
20:53:54 [INFO] HTTP Request: GET https://njcaastats.prestosports.com/sports/mbkb/2025-26/div2/boxscores/20251125_1ppe.xml "HTTP/1.1 200 OK"
20:54:05 [INFO] HTTP Request: GET https://njcaastats.prestosports.com/sports/mbkb/2025-26/div2/boxscores/20251209_zqqy.xml "HTTP/1.1 200 OK"
20:54:17 [INFO] HTTP Request: GET https://njcaastats.prestosports.com/sports/mbkb/2025-26/div2/boxscores/20251211_xzwn.xml "HTTP/1.1 200 OK"
20:54:28 [INFO] HTTP Request: GET https://njcaastats.prestosports.com/sports/mbkb/2025-26/div2/boxscores/20251213_n4uf.xml "HTTP/1.1 200 OK"
20:54:39 [INFO] HTTP Request: GET https://njcaastats.prestosports.com/sports/mbkb/2025-26/div2/boxscores/20251218_401g.xml "HTTP/1.1 200 OK"
20:54:50 [INFO] HTTP Request: GET https://njcaastats.prestosports.com/sports/mbkb/2025-26/div2/boxscores/20260106_wnyo.xml "HTTP/1.1 200 OK"
20:55:01 [INFO] HTTP Request: GET https://njcaastats.prestosports.com/sports/mbkb/2025-26/div2/boxscores/20260108_v95f.xml "HTTP/1.1 200 OK"
20:55:12 [INFO] HTTP Request: GET https://njcaastats.prestosports.com/sports/mbkb/2025-26/div2/boxscores/20260110_5oq9.xml "HTTP/1.1 200 OK"
20:55:23 [INFO] HTTP Request: GET https://njcaastats.prestosports.com/sports/mbkb/2025-26/div2/boxscores/20260113_hw99.xml "HTTP/1.1 200 OK"
20:55:34 [INFO] HTTP Request: GET https://njcaastats.prestosports.com/sports/mbkb/2025-26/div2/boxscores/20260115_iz4y.xml "HTTP/1.1 200 OK"
20:55:45 [INFO] HTTP Request: GET https://njcaastats.prestosports.com/sports/mbkb/2025-26/div2/boxscores/20260118_3y89.xml "HTTP/1.1 200 OK"
20:55:57 [INFO] HTTP Request: GET https://njcaastats.prestosports.com/sports/mbkb/2025-26/div2/boxscores/20260122_11ya.xml "HTTP/1.1 200 OK"
20:56:07 [INFO] HTTP Request: GET https://njcaastats.prestosports.com/sports/mbkb/2025-26/div2/boxscores/20260124_z3z2.xml "HTTP/1.1 200 OK"
20:56:18 [INFO] HTTP Request: GET https://njcaastats.prestosports.com/sports/mbkb/2025-26/div2/boxscores/20260129_93jr.xml "HTTP/1.1 200 OK"
20:56:30 [INFO] HTTP Request: GET https://njcaastats.prestosports.com/sports/mbkb/2025-26/div2/boxscores/20260202_1nkt.xml "HTTP/1.1 200 OK"
20:56:41 [INFO] HTTP Request: GET https://njcaastats.prestosports.com/sports/mbkb/2025-26/div2/boxscores/20260205_6otn.xml "HTTP/1.1 200 OK"
20:56:52 [INFO] HTTP Request: GET https://njcaastats.prestosports.com/sports/mbkb/2025-26/div2/boxscores/20260210_51mh.xml "HTTP/1.1 200 OK"
20:57:03 [INFO] HTTP Request: GET https://njcaastats.prestosports.com/sports/mbkb/2025-26/div2/boxscores/20260212_3430.xml "HTTP/1.1 200 OK"
20:57:14 [INFO] HTTP Request: GET https://njcaastats.prestosports.com/sports/mbkb/2025-26/div2/boxscores/20260214_l4do.xml "HTTP/1.1 200 OK"
20:57:25 [INFO] HTTP Request: GET https://njcaastats.prestosports.com/sports/mbkb/2025-26/div2/boxscores/20260217_da9y.xml "HTTP/1.1 200 OK"
20:57:36 [INFO] HTTP Request: GET https://njcaastats.prestosports.com/sports/mbkb/2025-26/div2/boxscores/20260219_s287.xml "HTTP/1.1 200 OK"
20:57:36 [INFO]   Loaded: 28 games, 653 player-game-stat rows
20:57:36 [INFO] 
[17/20] Palm Beach State College
20:57:36 [INFO] Scraping team: Palm Beach State College (palmbeachstatecollege)
20:57:48 [INFO] HTTP Request: GET https://njcaastats.prestosports.com/sports/mbkb/2025-26/div2/teams/palmbeachstatecollege?view=roster "HTTP/1.1 200 OK"
20:57:49 [INFO]   Roster: 15 players
20:58:01 [INFO] HTTP Request: GET https://njcaastats.prestosports.com/sports/mbkb/2025-26/div2/teams/palmbeachstatecollege?view=gamelog "HTTP/1.1 200 OK"
20:58:01 [INFO]   Games: 31 with box scores
20:58:12 [INFO] HTTP Request: GET https://njcaastats.prestosports.com/sports/mbkb/2025-26/div2/boxscores/20251031_cptt.xml "HTTP/1.1 200 OK"
20:58:23 [INFO] HTTP Request: GET https://njcaastats.prestosports.com/sports/mbkb/2025-26/div2/boxscores/20251101_ysci.xml "HTTP/1.1 200 OK"
20:58:34 [INFO] HTTP Request: GET https://njcaastats.prestosports.com/sports/mbkb/2025-26/div2/boxscores/20251104_jg50.xml "HTTP/1.1 200 OK"
20:58:45 [INFO] HTTP Request: GET https://njcaastats.prestosports.com/sports/mbkb/2025-26/div2/boxscores/20251108_x2zf.xml "HTTP/1.1 200 OK"
20:58:56 [INFO] HTTP Request: GET https://njcaastats.prestosports.com/sports/mbkb/2025-26/div2/boxscores/20251111_m82w.xml "HTTP/1.1 200 OK"
20:59:08 [INFO] HTTP Request: GET https://njcaastats.prestosports.com/sports/mbkb/2025-26/div2/boxscores/20251114_3e23.xml "HTTP/1.1 200 OK"
20:59:18 [INFO] HTTP Request: GET https://njcaastats.prestosports.com/sports/mbkb/2025-26/div2/boxscores/20251115_vr25.xml "HTTP/1.1 200 OK"
20:59:30 [INFO] HTTP Request: GET https://njcaastats.prestosports.com/sports/mbkb/2025-26/div2/boxscores/20251121_1by7.xml "HTTP/1.1 200 OK"
20:59:41 [INFO] HTTP Request: GET https://njcaastats.prestosports.com/sports/mbkb/2025-26/div2/boxscores/20251122_aka5.xml "HTTP/1.1 200 OK"
20:59:52 [INFO] HTTP Request: GET https://njcaastats.prestosports.com/sports/mbkb/2025-26/div2/boxscores/20251129_rw0m.xml "HTTP/1.1 200 OK"
21:00:03 [INFO] HTTP Request: GET https://njcaastats.prestosports.com/sports/mbkb/2025-26/div2/boxscores/20251130_9sm1.xml "HTTP/1.1 200 OK"
21:00:14 [INFO] HTTP Request: GET https://njcaastats.prestosports.com/sports/mbkb/2025-26/div2/boxscores/20251203_fx2n.xml "HTTP/1.1 200 OK"
21:00:26 [INFO] HTTP Request: GET https://njcaastats.prestosports.com/sports/mbkb/2025-26/div2/boxscores/20251212_qjj4.xml "HTTP/1.1 200 OK"
21:00:36 [INFO] HTTP Request: GET https://njcaastats.prestosports.com/sports/mbkb/2025-26/div2/boxscores/20251213_g4jc.xml "HTTP/1.1 200 OK"
21:00:48 [INFO] HTTP Request: GET https://njcaastats.prestosports.com/sports/mbkb/2025-26/div2/boxscores/20251216_210p.xml "HTTP/1.1 200 OK"
21:00:59 [INFO] HTTP Request: GET https://njcaastats.prestosports.com/sports/mbkb/2025-26/div2/boxscores/20251217_tssw.xml "HTTP/1.1 200 OK"
21:01:10 [INFO] HTTP Request: GET https://njcaastats.prestosports.com/sports/mbkb/2025-26/div2/boxscores/20251218_n7fz.xml "HTTP/1.1 200 OK"
21:01:21 [INFO] HTTP Request: GET https://njcaastats.prestosports.com/sports/mbkb/2025-26/div2/boxscores/20260102_5qe3.xml "HTTP/1.1 200 OK"
21:01:32 [INFO] HTTP Request: GET https://njcaastats.prestosports.com/sports/mbkb/2025-26/div2/boxscores/20260103_bqvm.xml "HTTP/1.1 200 OK"
21:01:43 [INFO] HTTP Request: GET https://njcaastats.prestosports.com/sports/mbkb/2025-26/div2/boxscores/20260104_ev65.xml "HTTP/1.1 200 OK"
21:01:55 [INFO] HTTP Request: GET https://njcaastats.prestosports.com/sports/mbkb/2025-26/div2/boxscores/20260114_ty3x.xml "HTTP/1.1 200 OK"
21:02:07 [INFO] HTTP Request: GET https://njcaastats.prestosports.com/sports/mbkb/2025-26/div2/boxscores/20260124_w39l.xml "HTTP/1.1 200 OK"
21:02:18 [INFO] HTTP Request: GET https://njcaastats.prestosports.com/sports/mbkb/2025-26/div2/boxscores/20260128_hhph.xml "HTTP/1.1 200 OK"
21:02:30 [INFO] HTTP Request: GET https://njcaastats.prestosports.com/sports/mbkb/2025-26/div2/boxscores/20260131_fumg.xml "HTTP/1.1 200 OK"
21:02:41 [INFO] HTTP Request: GET https://njcaastats.prestosports.com/sports/mbkb/2025-26/div2/boxscores/20260204_hfrc.xml "HTTP/1.1 200 OK"
21:02:52 [INFO] HTTP Request: GET https://njcaastats.prestosports.com/sports/mbkb/2025-26/div2/boxscores/20260207_dlpr.xml "HTTP/1.1 200 OK"
21:03:03 [INFO] HTTP Request: GET https://njcaastats.prestosports.com/sports/mbkb/2025-26/div2/boxscores/20260211_l9t5.xml "HTTP/1.1 200 OK"
21:03:15 [INFO] HTTP Request: GET https://njcaastats.prestosports.com/sports/mbkb/2025-26/div2/boxscores/20260214_arpa.xml "HTTP/1.1 200 OK"
21:03:26 [INFO] HTTP Request: GET https://njcaastats.prestosports.com/sports/mbkb/2025-26/div2/boxscores/20260218_7vl5.xml "HTTP/1.1 200 OK"
21:03:39 [INFO] HTTP Request: GET https://njcaastats.prestosports.com/sports/mbkb/2025-26/div2/boxscores/20260221_y5sw.xml "HTTP/1.1 200 OK"
21:03:50 [INFO] HTTP Request: GET https://njcaastats.prestosports.com/sports/mbkb/2025-26/div2/boxscores/20260227_v8sf.xml "HTTP/1.1 200 OK"
21:03:50 [INFO]   Loaded: 31 games, 729 player-game-stat rows
21:03:50 [INFO] 
[18/20] Parkland College
21:03:50 [INFO] Scraping team: Parkland College (parklandcollege)
21:04:02 [INFO] HTTP Request: GET https://njcaastats.prestosports.com/sports/mbkb/2025-26/div2/teams/parklandcollege?view=roster "HTTP/1.1 200 OK"
21:04:03 [INFO]   Roster: 14 players
21:04:15 [INFO] HTTP Request: GET https://njcaastats.prestosports.com/sports/mbkb/2025-26/div2/teams/parklandcollege?view=gamelog "HTTP/1.1 200 OK"
21:04:15 [INFO]   Games: 28 with box scores
21:04:26 [INFO] HTTP Request: GET https://njcaastats.prestosports.com/sports/mbkb/2025-26/div2/boxscores/20251102_nhu8.xml "HTTP/1.1 200 OK"
21:04:37 [INFO] HTTP Request: GET https://njcaastats.prestosports.com/sports/mbkb/2025-26/div2/boxscores/20251105_c8wc.xml "HTTP/1.1 200 OK"
21:04:49 [INFO] HTTP Request: GET https://njcaastats.prestosports.com/sports/mbkb/2025-26/div2/boxscores/20251109_weqj.xml "HTTP/1.1 200 OK"
21:05:00 [INFO] HTTP Request: GET https://njcaastats.prestosports.com/sports/mbkb/2025-26/div2/boxscores/20251112_ug4f.xml "HTTP/1.1 200 OK"
21:05:11 [INFO] HTTP Request: GET https://njcaastats.prestosports.com/sports/mbkb/2025-26/div2/boxscores/20251115_sjp4.xml "HTTP/1.1 200 OK"
21:05:22 [INFO] HTTP Request: GET https://njcaastats.prestosports.com/sports/mbkb/2025-26/div2/boxscores/20251120_kjjw.xml "HTTP/1.1 200 OK"
21:05:33 [INFO] HTTP Request: GET https://njcaastats.prestosports.com/sports/mbkb/2025-26/div2/boxscores/20251121_6q4m.xml "HTTP/1.1 200 OK"
21:05:44 [INFO] HTTP Request: GET https://njcaastats.prestosports.com/sports/mbkb/2025-26/div2/boxscores/20251122_cw9u.xml "HTTP/1.1 200 OK"
21:05:56 [INFO] HTTP Request: GET https://njcaastats.prestosports.com/sports/mbkb/2025-26/div2/boxscores/20251129_fe4z.xml "HTTP/1.1 200 OK"
21:06:07 [INFO] HTTP Request: GET https://njcaastats.prestosports.com/sports/mbkb/2025-26/div2/boxscores/20251130_u0oq.xml "HTTP/1.1 200 OK"
21:06:18 [INFO] HTTP Request: GET https://njcaastats.prestosports.com/sports/mbkb/2025-26/div2/boxscores/20251203_yxs9.xml "HTTP/1.1 200 OK"
21:06:29 [INFO] HTTP Request: GET https://njcaastats.prestosports.com/sports/mbkb/2025-26/div2/boxscores/20251207_c8wv.xml "HTTP/1.1 200 OK"
21:06:40 [INFO] HTTP Request: GET https://njcaastats.prestosports.com/sports/mbkb/2025-26/div2/boxscores/20251211_nwoi.xml "HTTP/1.1 200 OK"
21:06:51 [INFO] HTTP Request: GET https://njcaastats.prestosports.com/sports/mbkb/2025-26/div2/boxscores/20251217_zdbw.xml "HTTP/1.1 200 OK"
21:07:02 [INFO] HTTP Request: GET https://njcaastats.prestosports.com/sports/mbkb/2025-26/div2/boxscores/20251220_01vy.xml "HTTP/1.1 200 OK"
21:07:13 [INFO] HTTP Request: GET https://njcaastats.prestosports.com/sports/mbkb/2025-26/div2/boxscores/20260107_ezkk.xml "HTTP/1.1 200 OK"
21:07:24 [INFO] HTTP Request: GET https://njcaastats.prestosports.com/sports/mbkb/2025-26/div2/boxscores/20260110_6f2x.xml "HTTP/1.1 200 OK"
21:07:35 [INFO] HTTP Request: GET https://njcaastats.prestosports.com/sports/mbkb/2025-26/div2/boxscores/20260114_fw9f.xml "HTTP/1.1 200 OK"
21:07:46 [INFO] HTTP Request: GET https://njcaastats.prestosports.com/sports/mbkb/2025-26/div2/boxscores/20260117_jdy7.xml "HTTP/1.1 200 OK"
21:07:57 [INFO] HTTP Request: GET https://njcaastats.prestosports.com/sports/mbkb/2025-26/div2/boxscores/20260119_11tn.xml "HTTP/1.1 200 OK"
21:08:08 [INFO] HTTP Request: GET https://njcaastats.prestosports.com/sports/mbkb/2025-26/div2/boxscores/20260121_megv.xml "HTTP/1.1 200 OK"
21:08:19 [INFO] HTTP Request: GET https://njcaastats.prestosports.com/sports/mbkb/2025-26/div2/boxscores/20260128_b72o.xml "HTTP/1.1 200 OK"
21:08:30 [INFO] HTTP Request: GET https://njcaastats.prestosports.com/sports/mbkb/2025-26/div2/boxscores/20260204_4plu.xml "HTTP/1.1 200 OK"
21:08:42 [INFO] HTTP Request: GET https://njcaastats.prestosports.com/sports/mbkb/2025-26/div2/boxscores/20260207_fmsg.xml "HTTP/1.1 200 OK"
21:08:52 [INFO] HTTP Request: GET https://njcaastats.prestosports.com/sports/mbkb/2025-26/div2/boxscores/20260211_bfwl.xml "HTTP/1.1 200 OK"
21:09:03 [INFO] HTTP Request: GET https://njcaastats.prestosports.com/sports/mbkb/2025-26/div2/boxscores/20260214_romi.xml "HTTP/1.1 200 OK"
21:09:14 [INFO] HTTP Request: GET https://njcaastats.prestosports.com/sports/mbkb/2025-26/div2/boxscores/20260218_2t6g.xml "HTTP/1.1 200 OK"
21:09:26 [INFO] HTTP Request: GET https://njcaastats.prestosports.com/sports/mbkb/2025-26/div2/boxscores/20260225_pujc.xml "HTTP/1.1 200 OK"
21:09:26 [INFO]   Loaded: 28 games, 570 player-game-stat rows
21:09:26 [INFO] 
[19/20] Pasco-Hernando State College
21:09:26 [INFO] Scraping team: Pasco-Hernando State College (pascohernandostatecollege)
21:09:38 [INFO] HTTP Request: GET https://njcaastats.prestosports.com/sports/mbkb/2025-26/div2/teams/pascohernandostatecollege?view=roster "HTTP/1.1 200 OK"
21:09:38 [INFO]   Roster: 13 players
21:09:50 [INFO] HTTP Request: GET https://njcaastats.prestosports.com/sports/mbkb/2025-26/div2/teams/pascohernandostatecollege?view=gamelog "HTTP/1.1 200 OK"
21:09:51 [INFO]   Games: 30 with box scores
21:10:01 [INFO] HTTP Request: GET https://njcaastats.prestosports.com/sports/mbkb/2025-26/div2/boxscores/20251103_hrq4.xml "HTTP/1.1 200 OK"
21:10:12 [INFO] HTTP Request: GET https://njcaastats.prestosports.com/sports/mbkb/2025-26/div2/boxscores/20251105_hck1.xml "HTTP/1.1 200 OK"
21:10:24 [INFO] HTTP Request: GET https://njcaastats.prestosports.com/sports/mbkb/2025-26/div2/boxscores/20251107_3r11.xml "HTTP/1.1 200 OK"
21:10:35 [INFO] HTTP Request: GET https://njcaastats.prestosports.com/sports/mbkb/2025-26/div2/boxscores/20251111_1q16.xml "HTTP/1.1 200 OK"
21:10:46 [INFO] HTTP Request: GET https://njcaastats.prestosports.com/sports/mbkb/2025-26/div2/boxscores/20251114_y28l.xml "HTTP/1.1 200 OK"
21:10:57 [INFO] HTTP Request: GET https://njcaastats.prestosports.com/sports/mbkb/2025-26/div2/boxscores/20251115_z2xq.xml "HTTP/1.1 200 OK"
21:11:08 [INFO] HTTP Request: GET https://njcaastats.prestosports.com/sports/mbkb/2025-26/div2/boxscores/20251121_o780.xml "HTTP/1.1 200 OK"
21:11:19 [INFO] HTTP Request: GET https://njcaastats.prestosports.com/sports/mbkb/2025-26/div2/boxscores/20251125_mdgr.xml "HTTP/1.1 200 OK"
21:11:30 [INFO] HTTP Request: GET https://njcaastats.prestosports.com/sports/mbkb/2025-26/div2/boxscores/20251201_510p.xml "HTTP/1.1 200 OK"
21:11:41 [INFO] HTTP Request: GET https://njcaastats.prestosports.com/sports/mbkb/2025-26/div2/boxscores/20251203_v8s0.xml "HTTP/1.1 200 OK"
21:11:52 [INFO] HTTP Request: GET https://njcaastats.prestosports.com/sports/mbkb/2025-26/div2/boxscores/20251207_bjfh.xml "HTTP/1.1 200 OK"
21:12:03 [INFO] HTTP Request: GET https://njcaastats.prestosports.com/sports/mbkb/2025-26/div2/boxscores/20251210_b8hj.xml "HTTP/1.1 200 OK"
21:12:14 [INFO] HTTP Request: GET https://njcaastats.prestosports.com/sports/mbkb/2025-26/div2/boxscores/20251216_xsca.xml "HTTP/1.1 200 OK"
21:12:25 [INFO] HTTP Request: GET https://njcaastats.prestosports.com/sports/mbkb/2025-26/div2/boxscores/20251217_vfwf.xml "HTTP/1.1 200 OK"
21:12:37 [INFO] HTTP Request: GET https://njcaastats.prestosports.com/sports/mbkb/2025-26/div2/boxscores/20251220_37e0.xml "HTTP/1.1 200 OK"
21:12:48 [INFO] HTTP Request: GET https://njcaastats.prestosports.com/sports/mbkb/2025-26/div2/boxscores/20260102_gs1f.xml "HTTP/1.1 200 OK"
21:12:59 [INFO] HTTP Request: GET https://njcaastats.prestosports.com/sports/mbkb/2025-26/div2/boxscores/20260109_vu0w.xml "HTTP/1.1 200 OK"
21:13:10 [INFO] HTTP Request: GET https://njcaastats.prestosports.com/sports/mbkb/2025-26/div2/boxscores/20260113_5tzc.xml "HTTP/1.1 200 OK"
21:13:21 [INFO] HTTP Request: GET https://njcaastats.prestosports.com/sports/mbkb/2025-26/div2/boxscores/20260115_ldb3.xml "HTTP/1.1 200 OK"
21:13:32 [INFO] HTTP Request: GET https://njcaastats.prestosports.com/sports/mbkb/2025-26/div2/boxscores/20260121_x3wp.xml "HTTP/1.1 200 OK"
21:13:44 [INFO] HTTP Request: GET https://njcaastats.prestosports.com/sports/mbkb/2025-26/div2/boxscores/20260124_w39l.xml "HTTP/1.1 200 OK"
21:13:55 [INFO] HTTP Request: GET https://njcaastats.prestosports.com/sports/mbkb/2025-26/div2/boxscores/20260128_w36m.xml "HTTP/1.1 200 OK"
21:14:06 [INFO] HTTP Request: GET https://njcaastats.prestosports.com/sports/mbkb/2025-26/div2/boxscores/20260131_mc7t.xml "HTTP/1.1 200 OK"
21:14:16 [INFO] HTTP Request: GET https://njcaastats.prestosports.com/sports/mbkb/2025-26/div2/boxscores/20260204_hfrc.xml "HTTP/1.1 200 OK"
21:14:28 [INFO] HTTP Request: GET https://njcaastats.prestosports.com/sports/mbkb/2025-26/div2/boxscores/20260207_74ei.xml "HTTP/1.1 200 OK"
21:14:39 [INFO] HTTP Request: GET https://njcaastats.prestosports.com/sports/mbkb/2025-26/div2/boxscores/20260211_kapx.xml "HTTP/1.1 200 OK"
21:14:50 [INFO] HTTP Request: GET https://njcaastats.prestosports.com/sports/mbkb/2025-26/div2/boxscores/20260214_arpa.xml "HTTP/1.1 200 OK"
21:15:01 [INFO] HTTP Request: GET https://njcaastats.prestosports.com/sports/mbkb/2025-26/div2/boxscores/20260218_bdux.xml "HTTP/1.1 200 OK"
21:15:12 [INFO] HTTP Request: GET https://njcaastats.prestosports.com/sports/mbkb/2025-26/div2/boxscores/20260221_qfh5.xml "HTTP/1.1 200 OK"
21:15:23 [INFO] HTTP Request: GET https://njcaastats.prestosports.com/sports/mbkb/2025-26/div2/boxscores/20260227_q3h9.xml "HTTP/1.1 200 OK"
21:15:23 [INFO]   Loaded: 30 games, 649 player-game-stat rows
21:15:23 [INFO] 
[20/20] Phillips CC - UA
21:15:23 [INFO] Scraping team: Phillips CC - UA (phillipscommunitycollegeua)
21:15:36 [INFO] HTTP Request: GET https://njcaastats.prestosports.com/sports/mbkb/2025-26/div2/teams/phillipscommunitycollegeua?view=roster "HTTP/1.1 200 OK"
21:15:36 [INFO]   Roster: 14 players
21:15:47 [INFO] HTTP Request: GET https://njcaastats.prestosports.com/sports/mbkb/2025-26/div2/teams/phillipscommunitycollegeua?view=gamelog "HTTP/1.1 200 OK"
21:15:48 [INFO]   Games: 28 with box scores
21:15:59 [INFO] HTTP Request: GET https://njcaastats.prestosports.com/sports/mbkb/2025-26/div2/boxscores/20251101_j7x6.xml "HTTP/1.1 200 OK"
21:16:10 [INFO] HTTP Request: GET https://njcaastats.prestosports.com/sports/mbkb/2025-26/div2/boxscores/20251103_7lo7.xml "HTTP/1.1 200 OK"
21:16:21 [INFO] HTTP Request: GET https://njcaastats.prestosports.com/sports/mbkb/2025-26/div2/boxscores/20251106_h1rb.xml "HTTP/1.1 200 OK"
21:16:32 [INFO] HTTP Request: GET https://njcaastats.prestosports.com/sports/mbkb/2025-26/div2/boxscores/20251108_t5qk.xml "HTTP/1.1 200 OK"
21:16:43 [INFO] HTTP Request: GET https://njcaastats.prestosports.com/sports/mbkb/2025-26/div2/boxscores/20251110_hsqo.xml "HTTP/1.1 200 OK"
21:16:54 [INFO] HTTP Request: GET https://njcaastats.prestosports.com/sports/mbkb/2025-26/div2/boxscores/20251113_fbn6.xml "HTTP/1.1 200 OK"
21:17:05 [INFO] HTTP Request: GET https://njcaastats.prestosports.com/sports/mbkb/2025-26/div2/boxscores/20251115_d54a.xml "HTTP/1.1 200 OK"
21:17:16 [INFO] HTTP Request: GET https://njcaastats.prestosports.com/sports/mbkb/2025-26/div2/boxscores/20251120_bqdm.xml "HTTP/1.1 200 OK"
21:17:27 [INFO] HTTP Request: GET https://njcaastats.prestosports.com/sports/mbkb/2025-26/div2/boxscores/20251203_i0s0.xml "HTTP/1.1 200 OK"
21:17:38 [INFO] HTTP Request: GET https://njcaastats.prestosports.com/sports/mbkb/2025-26/div2/boxscores/20251206_4rqa.xml "HTTP/1.1 200 OK"
21:17:49 [INFO] HTTP Request: GET https://njcaastats.prestosports.com/sports/mbkb/2025-26/div2/boxscores/20251210_h9i8.xml "HTTP/1.1 200 OK"
21:18:00 [INFO] HTTP Request: GET https://njcaastats.prestosports.com/sports/mbkb/2025-26/div2/boxscores/20251213_c3hb.xml "HTTP/1.1 200 OK"
21:18:11 [INFO] HTTP Request: GET https://njcaastats.prestosports.com/sports/mbkb/2025-26/div2/boxscores/20260105_6d2o.xml "HTTP/1.1 200 OK"
21:18:22 [INFO] HTTP Request: GET https://njcaastats.prestosports.com/sports/mbkb/2025-26/div2/boxscores/20260107_m2tr.xml "HTTP/1.1 200 OK"
21:18:33 [INFO] HTTP Request: GET https://njcaastats.prestosports.com/sports/mbkb/2025-26/div2/boxscores/20260110_mfa0.xml "HTTP/1.1 200 OK"
21:18:45 [INFO] HTTP Request: GET https://njcaastats.prestosports.com/sports/mbkb/2025-26/div2/boxscores/20260114_r8vk.xml "HTTP/1.1 200 OK"
21:18:56 [INFO] HTTP Request: GET https://njcaastats.prestosports.com/sports/mbkb/2025-26/div2/boxscores/20260117_5s9e.xml "HTTP/1.1 200 OK"
21:19:07 [INFO] HTTP Request: GET https://njcaastats.prestosports.com/sports/mbkb/2025-26/div2/boxscores/20260121_8sfy.xml "HTTP/1.1 200 OK"
21:19:18 [INFO] HTTP Request: GET https://njcaastats.prestosports.com/sports/mbkb/2025-26/div2/boxscores/20260204_kq3j.xml "HTTP/1.1 200 OK"
21:19:30 [INFO] HTTP Request: GET https://njcaastats.prestosports.com/sports/mbkb/2025-26/div2/boxscores/20260205_0v7t.xml "HTTP/1.1 200 OK"
21:19:41 [INFO] HTTP Request: GET https://njcaastats.prestosports.com/sports/mbkb/2025-26/div2/boxscores/20260207_dq3x.xml "HTTP/1.1 200 OK"
21:19:52 [INFO] HTTP Request: GET https://njcaastats.prestosports.com/sports/mbkb/2025-26/div2/boxscores/20260209_5muq.xml "HTTP/1.1 200 OK"
21:20:03 [INFO] HTTP Request: GET https://njcaastats.prestosports.com/sports/mbkb/2025-26/div2/boxscores/20260211_cgi4.xml "HTTP/1.1 200 OK"
21:20:15 [INFO] HTTP Request: GET https://njcaastats.prestosports.com/sports/mbkb/2025-26/div2/boxscores/20260214_ubcf.xml "HTTP/1.1 200 OK"
21:20:26 [INFO] HTTP Request: GET https://njcaastats.prestosports.com/sports/mbkb/2025-26/div2/boxscores/20260216_mc7t.xml "HTTP/1.1 200 OK"
21:20:37 [INFO] HTTP Request: GET https://njcaastats.prestosports.com/sports/mbkb/2025-26/div2/boxscores/20260218_vs8f.xml "HTTP/1.1 200 OK"
21:20:48 [INFO] HTTP Request: GET https://njcaastats.prestosports.com/sports/mbkb/2025-26/div2/boxscores/20260221_f6ba.xml "HTTP/1.1 200 OK"
21:20:59 [INFO] HTTP Request: GET https://njcaastats.prestosports.com/sports/mbkb/2025-26/div2/boxscores/20260226_dzrh.xml "HTTP/1.1 200 OK"
21:20:59 [INFO]   Loaded: 28 games, 559 player-game-stat rows
21:20:59 [INFO] 
============================================================
21:20:59 [INFO]   BATCH COMPLETE: 20 teams, 574 games, 12840 PGS rows
21:20:59 [INFO] ============================================================

============================================================
  BATCH (njcaa_d2) — FINAL SUMMARY
============================================================
  Total teams discovered & scraped: 3060
  Total players in database:        30309
  Total games with box scores:      17108
  Total player_game_stats rows:     451719
  Total team_game_stats rows:       19129
  Total HTTP requests:              24717
  Failed URLs (in scrape_log):      414
============================================================
