18:25:37 [INFO] Batch: 6 teams, level=njcaa_d1, assoc=njcaa
18:25:37 [INFO] 
[1/6] Western Oklahoma State College
18:25:37 [INFO] Scraping team: Western Oklahoma State College (westernoklahomastatecollege)
18:25:48 [INFO] HTTP Request: GET https://njcaastats.prestosports.com/sports/mbkb/2025-26/div1/teams/westernoklahomastatecollege?view=roster "HTTP/1.1 200 OK"
18:25:48 [INFO]   Roster: 14 players
18:26:07 [INFO] HTTP Request: GET https://njcaastats.prestosports.com/sports/mbkb/2025-26/div1/teams/westernoklahomastatecollege?view=gamelog "HTTP/1.1 200 OK"
18:26:07 [INFO]   Games: 25 with box scores
18:26:18 [INFO] HTTP Request: GET https://njcaastats.prestosports.com/sports/mbkb/2025-26/div1/boxscores/20251103_6nvc.xml "HTTP/1.1 200 OK"
18:26:29 [INFO] HTTP Request: GET https://njcaastats.prestosports.com/sports/mbkb/2025-26/div1/boxscores/20251104_ix6w.xml "HTTP/1.1 200 OK"
18:26:40 [INFO] HTTP Request: GET https://njcaastats.prestosports.com/sports/mbkb/2025-26/div1/boxscores/20251106_jw3e.xml "HTTP/1.1 200 OK"
18:26:51 [INFO] HTTP Request: GET https://njcaastats.prestosports.com/sports/mbkb/2025-26/div1/boxscores/20251112_cbok.xml "HTTP/1.1 200 OK"
18:27:02 [INFO] HTTP Request: GET https://njcaastats.prestosports.com/sports/mbkb/2025-26/div1/boxscores/20251115_9su6.xml "HTTP/1.1 200 OK"
18:27:13 [INFO] HTTP Request: GET https://njcaastats.prestosports.com/sports/mbkb/2025-26/div1/boxscores/20251118_r7j5.xml "HTTP/1.1 200 OK"
18:27:24 [INFO] HTTP Request: GET https://njcaastats.prestosports.com/sports/mbkb/2025-26/div1/boxscores/20251120_8g8s.xml "HTTP/1.1 200 OK"
18:27:35 [INFO] HTTP Request: GET https://njcaastats.prestosports.com/sports/mbkb/2025-26/div1/boxscores/20251201_rcma.xml "HTTP/1.1 200 OK"
18:27:47 [INFO] HTTP Request: GET https://njcaastats.prestosports.com/sports/mbkb/2025-26/div1/boxscores/20251205_usvr.xml "HTTP/1.1 200 OK"
18:27:58 [INFO] HTTP Request: GET https://njcaastats.prestosports.com/sports/mbkb/2025-26/div1/boxscores/20251206_losi.xml "HTTP/1.1 200 OK"
18:28:09 [INFO] HTTP Request: GET https://njcaastats.prestosports.com/sports/mbkb/2025-26/div1/boxscores/20251212_hu38.xml "HTTP/1.1 200 OK"
18:28:20 [INFO] HTTP Request: GET https://njcaastats.prestosports.com/sports/mbkb/2025-26/div1/boxscores/20251213_gvi7.xml "HTTP/1.1 200 OK"
18:28:31 [INFO] HTTP Request: GET https://njcaastats.prestosports.com/sports/mbkb/2025-26/div1/boxscores/20260108_zhtk.xml "HTTP/1.1 200 OK"
18:28:42 [INFO] HTTP Request: GET https://njcaastats.prestosports.com/sports/mbkb/2025-26/div1/boxscores/20260112_soap.xml "HTTP/1.1 200 OK"
18:28:53 [INFO] HTTP Request: GET https://njcaastats.prestosports.com/sports/mbkb/2025-26/div1/boxscores/20260115_671a.xml "HTTP/1.1 200 OK"
18:29:03 [INFO] HTTP Request: GET https://njcaastats.prestosports.com/sports/mbkb/2025-26/div1/boxscores/20260119_ohzo.xml "HTTP/1.1 200 OK"
18:29:15 [INFO] HTTP Request: GET https://njcaastats.prestosports.com/sports/mbkb/2025-26/div1/boxscores/20260122_59fk.xml "HTTP/1.1 200 OK"
18:29:26 [INFO] HTTP Request: GET https://njcaastats.prestosports.com/sports/mbkb/2025-26/div1/boxscores/20260202_p2dt.xml "HTTP/1.1 200 OK"
18:29:36 [INFO] HTTP Request: GET https://njcaastats.prestosports.com/sports/mbkb/2025-26/div1/boxscores/20260209_f17b.xml "HTTP/1.1 200 OK"
18:29:47 [INFO] HTTP Request: GET https://njcaastats.prestosports.com/sports/mbkb/2025-26/div1/boxscores/20260212_lq4b.xml "HTTP/1.1 200 OK"
18:29:58 [INFO] HTTP Request: GET https://njcaastats.prestosports.com/sports/mbkb/2025-26/div1/boxscores/20260214_x0dq.xml "HTTP/1.1 200 OK"
18:30:09 [INFO] HTTP Request: GET https://njcaastats.prestosports.com/sports/mbkb/2025-26/div1/boxscores/20260216_ffmn.xml "HTTP/1.1 200 OK"
18:30:20 [INFO] HTTP Request: GET https://njcaastats.prestosports.com/sports/mbkb/2025-26/div1/boxscores/20260219_1lm1.xml "HTTP/1.1 200 OK"
18:30:31 [INFO] HTTP Request: GET https://njcaastats.prestosports.com/sports/mbkb/2025-26/div1/boxscores/20260221_ax2t.xml "HTTP/1.1 200 OK"
18:30:42 [INFO] HTTP Request: GET https://njcaastats.prestosports.com/sports/mbkb/2025-26/div1/boxscores/20260223_684q.xml "HTTP/1.1 200 OK"
18:30:42 [INFO]   Loaded: 25 games, 490 player-game-stat rows
18:30:42 [INFO] 
[2/6] Western Texas College
18:30:42 [INFO] Scraping team: Western Texas College (westerntexascollege)
18:31:04 [INFO] HTTP Request: GET https://njcaastats.prestosports.com/sports/mbkb/2025-26/div1/teams/westerntexascollege?view=roster "HTTP/1.1 200 OK"
18:31:04 [INFO]   Roster: 15 players
18:31:25 [INFO] HTTP Request: GET https://njcaastats.prestosports.com/sports/mbkb/2025-26/div1/teams/westerntexascollege?view=gamelog "HTTP/1.1 200 OK"
18:31:25 [INFO]   Games: 27 with box scores
18:31:36 [INFO] HTTP Request: GET https://njcaastats.prestosports.com/sports/mbkb/2025-26/div1/boxscores/20251103_79sn.xml "HTTP/1.1 200 OK"
18:31:47 [INFO] HTTP Request: GET https://njcaastats.prestosports.com/sports/mbkb/2025-26/div1/boxscores/20251104_dlas.xml "HTTP/1.1 200 OK"
18:31:58 [INFO] HTTP Request: GET https://njcaastats.prestosports.com/sports/mbkb/2025-26/div1/boxscores/20251106_b65k.xml "HTTP/1.1 200 OK"
18:32:09 [INFO] HTTP Request: GET https://njcaastats.prestosports.com/sports/mbkb/2025-26/div1/boxscores/20251112_ize3.xml "HTTP/1.1 200 OK"
18:32:20 [INFO] HTTP Request: GET https://njcaastats.prestosports.com/sports/mbkb/2025-26/div1/boxscores/20251114_iwox.xml "HTTP/1.1 200 OK"
18:32:31 [INFO] HTTP Request: GET https://njcaastats.prestosports.com/sports/mbkb/2025-26/div1/boxscores/20251115_5a76.xml "HTTP/1.1 200 OK"
18:32:42 [INFO] HTTP Request: GET https://njcaastats.prestosports.com/sports/mbkb/2025-26/div1/boxscores/20251118_y4r0.xml "HTTP/1.1 200 OK"
18:32:53 [INFO] HTTP Request: GET https://njcaastats.prestosports.com/sports/mbkb/2025-26/div1/boxscores/20251121_r3kj.xml "HTTP/1.1 200 OK"
18:33:04 [INFO] HTTP Request: GET https://njcaastats.prestosports.com/sports/mbkb/2025-26/div1/boxscores/20251122_zf03.xml "HTTP/1.1 200 OK"
18:33:15 [INFO] HTTP Request: GET https://njcaastats.prestosports.com/sports/mbkb/2025-26/div1/boxscores/20251201_z5i1.xml "HTTP/1.1 200 OK"
18:33:26 [INFO] HTTP Request: GET https://njcaastats.prestosports.com/sports/mbkb/2025-26/div1/boxscores/20251204_smvf.xml "HTTP/1.1 200 OK"
18:33:37 [INFO] HTTP Request: GET https://njcaastats.prestosports.com/sports/mbkb/2025-26/div1/boxscores/20251205_xlo4.xml "HTTP/1.1 200 OK"
18:33:48 [INFO] HTTP Request: GET https://njcaastats.prestosports.com/sports/mbkb/2025-26/div1/boxscores/20251206_vuz0.xml "HTTP/1.1 200 OK"
18:33:59 [INFO] HTTP Request: GET https://njcaastats.prestosports.com/sports/mbkb/2025-26/div1/boxscores/20251209_au8d.xml "HTTP/1.1 200 OK"
18:34:10 [INFO] HTTP Request: GET https://njcaastats.prestosports.com/sports/mbkb/2025-26/div1/boxscores/20260105_fkqq.xml "HTTP/1.1 200 OK"
18:34:21 [INFO] HTTP Request: GET https://njcaastats.prestosports.com/sports/mbkb/2025-26/div1/boxscores/20260108_ykxw.xml "HTTP/1.1 200 OK"
18:34:32 [INFO] HTTP Request: GET https://njcaastats.prestosports.com/sports/mbkb/2025-26/div1/boxscores/20260115_vbfs.xml "HTTP/1.1 200 OK"
18:34:43 [INFO] HTTP Request: GET https://njcaastats.prestosports.com/sports/mbkb/2025-26/div1/boxscores/20260119_weax.xml "HTTP/1.1 200 OK"
18:34:54 [INFO] HTTP Request: GET https://njcaastats.prestosports.com/sports/mbkb/2025-26/div1/boxscores/20260122_jivx.xml "HTTP/1.1 200 OK"
18:35:05 [INFO] HTTP Request: GET https://njcaastats.prestosports.com/sports/mbkb/2025-26/div1/boxscores/20260127_p6yg.xml "HTTP/1.1 200 OK"
18:35:16 [INFO] HTTP Request: GET https://njcaastats.prestosports.com/sports/mbkb/2025-26/div1/boxscores/20260129_7nnb.xml "HTTP/1.1 200 OK"
18:35:26 [INFO] HTTP Request: GET https://njcaastats.prestosports.com/sports/mbkb/2025-26/div1/boxscores/20260202_hf0h.xml "HTTP/1.1 200 OK"
18:35:38 [INFO] HTTP Request: GET https://njcaastats.prestosports.com/sports/mbkb/2025-26/div1/boxscores/20260205_7ctr.xml "HTTP/1.1 200 OK"
18:35:48 [INFO] HTTP Request: GET https://njcaastats.prestosports.com/sports/mbkb/2025-26/div1/boxscores/20260209_zqu6.xml "HTTP/1.1 200 OK"
18:35:59 [INFO] HTTP Request: GET https://njcaastats.prestosports.com/sports/mbkb/2025-26/div1/boxscores/20260216_8syo.xml "HTTP/1.1 200 OK"
18:36:10 [INFO] HTTP Request: GET https://njcaastats.prestosports.com/sports/mbkb/2025-26/div1/boxscores/20260219_drqq.xml "HTTP/1.1 200 OK"
18:36:21 [INFO] HTTP Request: GET https://njcaastats.prestosports.com/sports/mbkb/2025-26/div1/boxscores/20260223_fqdr.xml "HTTP/1.1 200 OK"
18:36:22 [INFO]   Loaded: 27 games, 656 player-game-stat rows
18:36:22 [INFO] 
[3/6] Western Wyoming CC
18:36:22 [INFO] Scraping team: Western Wyoming CC (westernwyomingcommunitycollege)
18:36:48 [INFO] HTTP Request: GET https://njcaastats.prestosports.com/sports/mbkb/2025-26/div1/teams/westernwyomingcommunitycollege?view=roster "HTTP/1.1 200 OK"
18:36:48 [INFO]   Roster: 12 players
18:37:09 [INFO] HTTP Request: GET https://njcaastats.prestosports.com/sports/mbkb/2025-26/div1/teams/westernwyomingcommunitycollege?view=gamelog "HTTP/1.1 200 OK"
18:37:09 [INFO]   Games: 28 with box scores
18:37:20 [INFO] HTTP Request: GET https://njcaastats.prestosports.com/sports/mbkb/2025-26/div1/boxscores/20251031_0uzr.xml "HTTP/1.1 200 OK"
18:37:31 [INFO] HTTP Request: GET https://njcaastats.prestosports.com/sports/mbkb/2025-26/div1/boxscores/20251101_d6os.xml "HTTP/1.1 200 OK"
18:37:42 [INFO] HTTP Request: GET https://njcaastats.prestosports.com/sports/mbkb/2025-26/div1/boxscores/20251106_iyd2.xml "HTTP/1.1 200 OK"
18:37:53 [INFO] HTTP Request: GET https://njcaastats.prestosports.com/sports/mbkb/2025-26/div1/boxscores/20251107_twmu.xml "HTTP/1.1 200 OK"
18:38:04 [INFO] HTTP Request: GET https://njcaastats.prestosports.com/sports/mbkb/2025-26/div1/boxscores/20251108_vzkf.xml "HTTP/1.1 200 OK"
18:38:15 [INFO] HTTP Request: GET https://njcaastats.prestosports.com/sports/mbkb/2025-26/div1/boxscores/20251114_e8wl.xml "HTTP/1.1 200 OK"
18:38:26 [INFO] HTTP Request: GET https://njcaastats.prestosports.com/sports/mbkb/2025-26/div1/boxscores/20251115_8hb4.xml "HTTP/1.1 200 OK"
18:38:37 [INFO] HTTP Request: GET https://njcaastats.prestosports.com/sports/mbkb/2025-26/div1/boxscores/20251121_zkza.xml "HTTP/1.1 200 OK"
18:38:48 [INFO] HTTP Request: GET https://njcaastats.prestosports.com/sports/mbkb/2025-26/div1/boxscores/20251122_57kz.xml "HTTP/1.1 200 OK"
18:38:59 [INFO] HTTP Request: GET https://njcaastats.prestosports.com/sports/mbkb/2025-26/div1/boxscores/20251128_sj8p.xml "HTTP/1.1 200 OK"
18:39:10 [INFO] HTTP Request: GET https://njcaastats.prestosports.com/sports/mbkb/2025-26/div1/boxscores/20251129_lrzy.xml "HTTP/1.1 200 OK"
18:39:21 [INFO] HTTP Request: GET https://njcaastats.prestosports.com/sports/mbkb/2025-26/div1/boxscores/20251205_ij1k.xml "HTTP/1.1 200 OK"
18:39:32 [INFO] HTTP Request: GET https://njcaastats.prestosports.com/sports/mbkb/2025-26/div1/boxscores/20251206_9la6.xml "HTTP/1.1 200 OK"
18:39:43 [INFO] HTTP Request: GET https://njcaastats.prestosports.com/sports/mbkb/2025-26/div1/boxscores/20251212_skzf.xml "HTTP/1.1 200 OK"
18:39:54 [INFO] HTTP Request: GET https://njcaastats.prestosports.com/sports/mbkb/2025-26/div1/boxscores/20251213_yvd0.xml "HTTP/1.1 200 OK"
18:40:05 [INFO] HTTP Request: GET https://njcaastats.prestosports.com/sports/mbkb/2025-26/div1/boxscores/20260105_1bh2.xml "HTTP/1.1 200 OK"
18:40:16 [INFO] HTTP Request: GET https://njcaastats.prestosports.com/sports/mbkb/2025-26/div1/boxscores/20260106_gl73.xml "HTTP/1.1 200 OK"
18:40:28 [INFO] HTTP Request: GET https://njcaastats.prestosports.com/sports/mbkb/2025-26/div1/boxscores/20260114_xet2.xml "HTTP/1.1 200 OK"
18:40:39 [INFO] HTTP Request: GET https://njcaastats.prestosports.com/sports/mbkb/2025-26/div1/boxscores/20260121_ht81.xml "HTTP/1.1 200 OK"
18:40:50 [INFO] HTTP Request: GET https://njcaastats.prestosports.com/sports/mbkb/2025-26/div1/boxscores/20260124_e1qt.xml "HTTP/1.1 200 OK"
18:41:01 [INFO] HTTP Request: GET https://njcaastats.prestosports.com/sports/mbkb/2025-26/div1/boxscores/20260128_kktg.xml "HTTP/1.1 200 OK"
18:41:13 [INFO] HTTP Request: GET https://njcaastats.prestosports.com/sports/mbkb/2025-26/div1/boxscores/20260131_0mdr.xml "HTTP/1.1 200 OK"
18:41:24 [INFO] HTTP Request: GET https://njcaastats.prestosports.com/sports/mbkb/2025-26/div1/boxscores/20260207_x9u3.xml "HTTP/1.1 200 OK"
18:41:35 [INFO] HTTP Request: GET https://njcaastats.prestosports.com/sports/mbkb/2025-26/div1/boxscores/20260211_ui28.xml "HTTP/1.1 200 OK"
18:41:46 [INFO] HTTP Request: GET https://njcaastats.prestosports.com/sports/mbkb/2025-26/div1/boxscores/20260214_up8a.xml "HTTP/1.1 200 OK"
18:41:57 [INFO] HTTP Request: GET https://njcaastats.prestosports.com/sports/mbkb/2025-26/div1/boxscores/20260219_thaf.xml "HTTP/1.1 200 OK"
18:42:08 [INFO] HTTP Request: GET https://njcaastats.prestosports.com/sports/mbkb/2025-26/div1/boxscores/20260220_jepi.xml "HTTP/1.1 200 OK"
18:42:22 [INFO] HTTP Request: GET https://njcaastats.prestosports.com/sports/mbkb/2025-26/div1/boxscores/20260225_jhhd.xml "HTTP/1.1 200 OK"
18:42:22 [INFO]   Loaded: 28 games, 595 player-game-stat rows
18:42:22 [INFO] 
[4/6] Wilbur Wright College
18:42:22 [INFO] Scraping team: Wilbur Wright College (wilburwrightcollege)
18:42:45 [INFO] HTTP Request: GET https://njcaastats.prestosports.com/sports/mbkb/2025-26/div1/teams/wilburwrightcollege?view=roster "HTTP/1.1 200 OK"
18:42:45 [INFO]   Roster: 15 players
18:43:07 [INFO] HTTP Request: GET https://njcaastats.prestosports.com/sports/mbkb/2025-26/div1/teams/wilburwrightcollege?view=gamelog "HTTP/1.1 200 OK"
18:43:07 [INFO]   Games: 27 with box scores
18:43:18 [INFO] HTTP Request: GET https://njcaastats.prestosports.com/sports/mbkb/2025-26/div1/boxscores/20251104_p2oi.xml "HTTP/1.1 200 OK"
18:43:29 [INFO] HTTP Request: GET https://njcaastats.prestosports.com/sports/mbkb/2025-26/div1/boxscores/20251112_kw51.xml "HTTP/1.1 200 OK"
18:43:40 [INFO] HTTP Request: GET https://njcaastats.prestosports.com/sports/mbkb/2025-26/div1/boxscores/20251115_ijcs.xml "HTTP/1.1 200 OK"
18:43:51 [INFO] HTTP Request: GET https://njcaastats.prestosports.com/sports/mbkb/2025-26/div1/boxscores/20251118_rb19.xml "HTTP/1.1 200 OK"
18:44:02 [INFO] HTTP Request: GET https://njcaastats.prestosports.com/sports/mbkb/2025-26/div1/boxscores/20251120_xvf9.xml "HTTP/1.1 200 OK"
18:44:13 [INFO] HTTP Request: GET https://njcaastats.prestosports.com/sports/mbkb/2025-26/div1/boxscores/20251122_cqc1.xml "HTTP/1.1 200 OK"
18:44:25 [INFO] HTTP Request: GET https://njcaastats.prestosports.com/sports/mbkb/2025-26/div1/boxscores/20251125_1aos.xml "HTTP/1.1 200 OK"
18:44:36 [INFO] HTTP Request: GET https://njcaastats.prestosports.com/sports/mbkb/2025-26/div1/boxscores/20251204_f497.xml "HTTP/1.1 200 OK"
18:44:47 [INFO] HTTP Request: GET https://njcaastats.prestosports.com/sports/mbkb/2025-26/div1/boxscores/20251206_vxku.xml "HTTP/1.1 200 OK"
18:44:58 [INFO] HTTP Request: GET https://njcaastats.prestosports.com/sports/mbkb/2025-26/div1/boxscores/20251209_xqbl.xml "HTTP/1.1 200 OK"
18:45:09 [INFO] HTTP Request: GET https://njcaastats.prestosports.com/sports/mbkb/2025-26/div1/boxscores/20251212_d81r.xml "HTTP/1.1 200 OK"
18:45:20 [INFO] HTTP Request: GET https://njcaastats.prestosports.com/sports/mbkb/2025-26/div1/boxscores/20251216_dj24.xml "HTTP/1.1 200 OK"
18:45:32 [INFO] HTTP Request: GET https://njcaastats.prestosports.com/sports/mbkb/2025-26/div1/boxscores/20260110_z4fu.xml "HTTP/1.1 200 OK"
18:45:45 [INFO] HTTP Request: GET https://njcaastats.prestosports.com/sports/mbkb/2025-26/div1/boxscores/20260113_tg04.xml "HTTP/1.1 200 OK"
18:45:56 [INFO] HTTP Request: GET https://njcaastats.prestosports.com/sports/mbkb/2025-26/div1/boxscores/20260115_i7ah.xml "HTTP/1.1 200 OK"
18:46:07 [INFO] HTTP Request: GET https://njcaastats.prestosports.com/sports/mbkb/2025-26/div1/boxscores/20260122_ehlb.xml "HTTP/1.1 200 OK"
18:46:18 [INFO] HTTP Request: GET https://njcaastats.prestosports.com/sports/mbkb/2025-26/div1/boxscores/20260127_u64a.xml "HTTP/1.1 200 OK"
18:46:29 [INFO] HTTP Request: GET https://njcaastats.prestosports.com/sports/mbkb/2025-26/div1/boxscores/20260129_b6ah.xml "HTTP/1.1 200 OK"
18:46:40 [INFO] HTTP Request: GET https://njcaastats.prestosports.com/sports/mbkb/2025-26/div1/boxscores/20260131_lmi5.xml "HTTP/1.1 200 OK"
18:46:53 [INFO] HTTP Request: GET https://njcaastats.prestosports.com/sports/mbkb/2025-26/div1/boxscores/20260203_o42x.xml "HTTP/1.1 200 OK"
18:49:07 [ERROR] Request failed: https://njcaastats.prestosports.com/sports/mbkb/2025-26/div1/boxscores/20260205_k5ma.xml — [Errno 8] nodename nor servname provided, or not known
18:49:19 [INFO] HTTP Request: GET https://njcaastats.prestosports.com/sports/mbkb/2025-26/div1/boxscores/20260207_cjto.xml "HTTP/1.1 200 OK"
18:49:30 [INFO] HTTP Request: GET https://njcaastats.prestosports.com/sports/mbkb/2025-26/div1/boxscores/20260210_81v7.xml "HTTP/1.1 200 OK"
18:49:41 [INFO] HTTP Request: GET https://njcaastats.prestosports.com/sports/mbkb/2025-26/div1/boxscores/20260212_14q7.xml "HTTP/1.1 200 OK"
18:49:52 [INFO] HTTP Request: GET https://njcaastats.prestosports.com/sports/mbkb/2025-26/div1/boxscores/20260214_mt9z.xml "HTTP/1.1 200 OK"
18:50:03 [INFO] HTTP Request: GET https://njcaastats.prestosports.com/sports/mbkb/2025-26/div1/boxscores/20260219_6gch.xml "HTTP/1.1 200 OK"
18:50:14 [INFO] HTTP Request: GET https://njcaastats.prestosports.com/sports/mbkb/2025-26/div1/boxscores/20260221_yvgm.xml "HTTP/1.1 200 OK"
18:50:15 [INFO]   Loaded: 26 games, 620 player-game-stat rows
18:50:15 [INFO] 
[5/6] Williston State College
18:50:15 [INFO] Scraping team: Williston State College (willistonstatecollege)
18:50:39 [INFO] HTTP Request: GET https://njcaastats.prestosports.com/sports/mbkb/2025-26/div1/teams/willistonstatecollege?view=roster "HTTP/1.1 200 OK"
18:50:39 [INFO]   Roster: 14 players
18:51:01 [INFO] HTTP Request: GET https://njcaastats.prestosports.com/sports/mbkb/2025-26/div1/teams/willistonstatecollege?view=gamelog "HTTP/1.1 200 OK"
18:51:01 [INFO]   Games: 30 with box scores
18:51:12 [INFO] HTTP Request: GET https://njcaastats.prestosports.com/sports/mbkb/2025-26/div1/boxscores/20251031_wmr4.xml "HTTP/1.1 200 OK"
18:51:23 [INFO] HTTP Request: GET https://njcaastats.prestosports.com/sports/mbkb/2025-26/div1/boxscores/20251101_qxvd.xml "HTTP/1.1 200 OK"
18:51:35 [INFO] HTTP Request: GET https://njcaastats.prestosports.com/sports/mbkb/2025-26/div1/boxscores/20251102_0pix.xml "HTTP/1.1 200 OK"
18:51:46 [INFO] HTTP Request: GET https://njcaastats.prestosports.com/sports/mbkb/2025-26/div1/boxscores/20251108_msz0.xml "HTTP/1.1 200 OK"
18:51:57 [INFO] HTTP Request: GET https://njcaastats.prestosports.com/sports/mbkb/2025-26/div1/boxscores/20251109_2p16.xml "HTTP/1.1 200 OK"
18:52:08 [INFO] HTTP Request: GET https://njcaastats.prestosports.com/sports/mbkb/2025-26/div1/boxscores/20251114_zmnx.xml "HTTP/1.1 200 OK"
18:52:19 [INFO] HTTP Request: GET https://njcaastats.prestosports.com/sports/mbkb/2025-26/div1/boxscores/20251115_hyg7.xml "HTTP/1.1 200 OK"
18:52:31 [INFO] HTTP Request: GET https://njcaastats.prestosports.com/sports/mbkb/2025-26/div1/boxscores/20251119_egbo.xml "HTTP/1.1 200 OK"
18:52:42 [INFO] HTTP Request: GET https://njcaastats.prestosports.com/sports/mbkb/2025-26/div1/boxscores/20251121_zkza.xml "HTTP/1.1 200 OK"
18:52:53 [INFO] HTTP Request: GET https://njcaastats.prestosports.com/sports/mbkb/2025-26/div1/boxscores/20251122_ak7a.xml "HTTP/1.1 200 OK"
18:53:04 [INFO] HTTP Request: GET https://njcaastats.prestosports.com/sports/mbkb/2025-26/div1/boxscores/20251125_pw4t.xml "HTTP/1.1 200 OK"
18:53:16 [INFO] HTTP Request: GET https://njcaastats.prestosports.com/sports/mbkb/2025-26/div1/boxscores/20251128_sj8p.xml "HTTP/1.1 200 OK"
18:53:27 [INFO] HTTP Request: GET https://njcaastats.prestosports.com/sports/mbkb/2025-26/div1/boxscores/20251129_8t7z.xml "HTTP/1.1 200 OK"
18:53:38 [INFO] HTTP Request: GET https://njcaastats.prestosports.com/sports/mbkb/2025-26/div1/boxscores/20251205_p4i6.xml "HTTP/1.1 200 OK"
18:53:49 [INFO] HTTP Request: GET https://njcaastats.prestosports.com/sports/mbkb/2025-26/div1/boxscores/20251206_jnoa.xml "HTTP/1.1 200 OK"
18:54:00 [INFO] HTTP Request: GET https://njcaastats.prestosports.com/sports/mbkb/2025-26/div1/boxscores/20251210_0hl3.xml "HTTP/1.1 200 OK"
18:54:11 [INFO] HTTP Request: GET https://njcaastats.prestosports.com/sports/mbkb/2025-26/div1/boxscores/20260103_nzji.xml "HTTP/1.1 200 OK"
18:54:22 [INFO] HTTP Request: GET https://njcaastats.prestosports.com/sports/mbkb/2025-26/div1/boxscores/20260108_45tm.xml "HTTP/1.1 200 OK"
18:54:33 [INFO] HTTP Request: GET https://njcaastats.prestosports.com/sports/mbkb/2025-26/div1/boxscores/20260112_6io5.xml "HTTP/1.1 200 OK"
18:54:45 [INFO] HTTP Request: GET https://njcaastats.prestosports.com/sports/mbkb/2025-26/div1/boxscores/20260115_a1vw.xml "HTTP/1.1 200 OK"
18:54:56 [INFO] HTTP Request: GET https://njcaastats.prestosports.com/sports/mbkb/2025-26/div1/boxscores/20260119_i36d.xml "HTTP/1.1 200 OK"
18:55:07 [INFO] HTTP Request: GET https://njcaastats.prestosports.com/sports/mbkb/2025-26/div1/boxscores/20260122_kv78.xml "HTTP/1.1 200 OK"
18:55:18 [INFO] HTTP Request: GET https://njcaastats.prestosports.com/sports/mbkb/2025-26/div1/boxscores/20260126_m3pw.xml "HTTP/1.1 200 OK"
18:55:29 [INFO] HTTP Request: GET https://njcaastats.prestosports.com/sports/mbkb/2025-26/div1/boxscores/20260129_qejn.xml "HTTP/1.1 200 OK"
18:55:41 [INFO] HTTP Request: GET https://njcaastats.prestosports.com/sports/mbkb/2025-26/div1/boxscores/20260202_6ekg.xml "HTTP/1.1 200 OK"
18:55:52 [INFO] HTTP Request: GET https://njcaastats.prestosports.com/sports/mbkb/2025-26/div1/boxscores/20260205_rb74.xml "HTTP/1.1 200 OK"
18:56:03 [INFO] HTTP Request: GET https://njcaastats.prestosports.com/sports/mbkb/2025-26/div1/boxscores/20260211_qf2x.xml "HTTP/1.1 200 OK"
18:56:16 [INFO] HTTP Request: GET https://njcaastats.prestosports.com/sports/mbkb/2025-26/div1/boxscores/20260216_6hki.xml "HTTP/1.1 200 OK"
18:56:27 [INFO] HTTP Request: GET https://njcaastats.prestosports.com/sports/mbkb/2025-26/div1/boxscores/20260219_emp4.xml "HTTP/1.1 200 OK"
18:56:38 [INFO] HTTP Request: GET https://njcaastats.prestosports.com/sports/mbkb/2025-26/div1/boxscores/20260223_x2ew.xml "HTTP/1.1 200 OK"
18:56:38 [INFO]   Loaded: 30 games, 723 player-game-stat rows
18:56:38 [INFO] 
[6/6] Yavapai College
18:56:38 [INFO] Scraping team: Yavapai College (yavapaicollege)
18:57:00 [INFO] HTTP Request: GET https://njcaastats.prestosports.com/sports/mbkb/2025-26/div1/teams/yavapaicollege?view=roster "HTTP/1.1 200 OK"
18:57:00 [INFO]   Roster: 14 players
18:57:21 [INFO] HTTP Request: GET https://njcaastats.prestosports.com/sports/mbkb/2025-26/div1/teams/yavapaicollege?view=gamelog "HTTP/1.1 200 OK"
18:57:21 [INFO]   Games: 29 with box scores
19:23:38 [ERROR] Request failed: https://njcaastats.prestosports.com/sports/mbkb/2025-26/div1/boxscores/20251031_1d5t.xml — The read operation timed out
19:23:49 [INFO] HTTP Request: GET https://njcaastats.prestosports.com/sports/mbkb/2025-26/div1/boxscores/20251101_naky.xml "HTTP/1.1 200 OK"
19:24:00 [INFO] HTTP Request: GET https://njcaastats.prestosports.com/sports/mbkb/2025-26/div1/boxscores/20251105_686m.xml "HTTP/1.1 200 OK"
19:24:13 [INFO] HTTP Request: GET https://njcaastats.prestosports.com/sports/mbkb/2025-26/div1/boxscores/20251107_rtk6.xml "HTTP/1.1 200 OK"
19:24:24 [INFO] HTTP Request: GET https://njcaastats.prestosports.com/sports/mbkb/2025-26/div1/boxscores/20251110_mcqd.xml "HTTP/1.1 200 OK"
19:24:35 [INFO] HTTP Request: GET https://njcaastats.prestosports.com/sports/mbkb/2025-26/div1/boxscores/20251111_d4w3.xml "HTTP/1.1 200 OK"
19:24:46 [INFO] HTTP Request: GET https://njcaastats.prestosports.com/sports/mbkb/2025-26/div1/boxscores/20251115_oe0j.xml "HTTP/1.1 200 OK"
19:24:58 [INFO] HTTP Request: GET https://njcaastats.prestosports.com/sports/mbkb/2025-26/div1/boxscores/20251119_u3au.xml "HTTP/1.1 200 OK"
19:25:09 [INFO] HTTP Request: GET https://njcaastats.prestosports.com/sports/mbkb/2025-26/div1/boxscores/20251121_oowj.xml "HTTP/1.1 200 OK"
19:25:20 [INFO] HTTP Request: GET https://njcaastats.prestosports.com/sports/mbkb/2025-26/div1/boxscores/20251129_n21c.xml "HTTP/1.1 200 OK"
19:26:43 [ERROR] Request failed: https://njcaastats.prestosports.com/sports/mbkb/2025-26/div1/boxscores/20251202_02x9.xml — [Errno 8] nodename nor servname provided, or not known
19:26:54 [INFO] HTTP Request: GET https://njcaastats.prestosports.com/sports/mbkb/2025-26/div1/boxscores/20251206_h71g.xml "HTTP/1.1 200 OK"
19:27:05 [INFO] HTTP Request: GET https://njcaastats.prestosports.com/sports/mbkb/2025-26/div1/boxscores/20251209_60lt.xml "HTTP/1.1 200 OK"
19:27:17 [INFO] HTTP Request: GET https://njcaastats.prestosports.com/sports/mbkb/2025-26/div1/boxscores/20251212_l689.xml "HTTP/1.1 200 OK"
19:27:28 [INFO] HTTP Request: GET https://njcaastats.prestosports.com/sports/mbkb/2025-26/div1/boxscores/20251213_h8by.xml "HTTP/1.1 200 OK"
19:27:39 [INFO] HTTP Request: GET https://njcaastats.prestosports.com/sports/mbkb/2025-26/div1/boxscores/20260110_ik3z.xml "HTTP/1.1 200 OK"
19:27:50 [INFO] HTTP Request: GET https://njcaastats.prestosports.com/sports/mbkb/2025-26/div1/boxscores/20260114_70hx.xml "HTTP/1.1 200 OK"
19:28:03 [INFO] HTTP Request: GET https://njcaastats.prestosports.com/sports/mbkb/2025-26/div1/boxscores/20260117_ro51.xml "HTTP/1.1 200 OK"
19:28:14 [INFO] HTTP Request: GET https://njcaastats.prestosports.com/sports/mbkb/2025-26/div1/boxscores/20260121_tdyj.xml "HTTP/1.1 200 OK"
19:28:25 [INFO] HTTP Request: GET https://njcaastats.prestosports.com/sports/mbkb/2025-26/div1/boxscores/20260124_m4q4.xml "HTTP/1.1 200 OK"
19:28:36 [INFO] HTTP Request: GET https://njcaastats.prestosports.com/sports/mbkb/2025-26/div1/boxscores/20260128_edb4.xml "HTTP/1.1 200 OK"
19:28:47 [INFO] HTTP Request: GET https://njcaastats.prestosports.com/sports/mbkb/2025-26/div1/boxscores/20260131_1r1u.xml "HTTP/1.1 200 OK"
19:28:59 [INFO] HTTP Request: GET https://njcaastats.prestosports.com/sports/mbkb/2025-26/div1/boxscores/20260204_5hb1.xml "HTTP/1.1 200 OK"
19:29:10 [INFO] HTTP Request: GET https://njcaastats.prestosports.com/sports/mbkb/2025-26/div1/boxscores/20260207_i7ws.xml "HTTP/1.1 200 OK"
19:29:21 [INFO] HTTP Request: GET https://njcaastats.prestosports.com/sports/mbkb/2025-26/div1/boxscores/20260211_9cgs.xml "HTTP/1.1 200 OK"
19:29:36 [INFO] HTTP Request: GET https://njcaastats.prestosports.com/sports/mbkb/2025-26/div1/boxscores/20260214_r3tb.xml "HTTP/1.1 200 OK"
19:29:47 [INFO] HTTP Request: GET https://njcaastats.prestosports.com/sports/mbkb/2025-26/div1/boxscores/20260218_bg00.xml "HTTP/1.1 200 OK"
19:29:58 [INFO] HTTP Request: GET https://njcaastats.prestosports.com/sports/mbkb/2025-26/div1/boxscores/20260221_6hgy.xml "HTTP/1.1 200 OK"
19:30:11 [INFO] HTTP Request: GET https://njcaastats.prestosports.com/sports/mbkb/2025-26/div1/boxscores/20260225_nz4t.xml "HTTP/1.1 200 OK"
19:30:11 [INFO]   Loaded: 27 games, 631 player-game-stat rows
19:30:11 [INFO] 
============================================================
19:30:11 [INFO]   BATCH COMPLETE: 6 teams, 163 games, 3715 PGS rows
19:30:11 [INFO] ============================================================

============================================================
  BATCH (njcaa_d1) — FINAL SUMMARY
============================================================
  Total teams discovered & scraped: 2606
  Total players in database:        27269
  Total games with box scores:      13605
  Total player_game_stats rows:     344131
  Total team_game_stats rows:       14112
  Total HTTP requests:              17617
  Failed URLs (in scrape_log):      239
============================================================
