01:40:53 [INFO] Batch: 20 teams, level=njcaa_d2, assoc=njcaa
01:40:53 [INFO] 
[1/20] Elgin CC
01:40:53 [INFO] Scraping team: Elgin CC (elgincommunitycollege)
01:40:55 [INFO] HTTP Request: GET https://njcaastats.prestosports.com/sports/mbkb/2025-26/div2/teams/elgincommunitycollege?view=roster "HTTP/1.1 200 OK"
01:40:55 [INFO]   Roster: 15 players
01:41:07 [INFO] HTTP Request: GET https://njcaastats.prestosports.com/sports/mbkb/2025-26/div2/teams/elgincommunitycollege?view=gamelog "HTTP/1.1 200 OK"
01:41:07 [INFO]   Games: 31 with box scores
01:41:18 [INFO] HTTP Request: GET https://njcaastats.prestosports.com/sports/mbkb/2025-26/div2/boxscores/20251104_phhz.xml "HTTP/1.1 200 OK"
01:41:29 [INFO] HTTP Request: GET https://njcaastats.prestosports.com/sports/mbkb/2025-26/div2/boxscores/20251106_up2f.xml "HTTP/1.1 200 OK"
01:41:40 [INFO] HTTP Request: GET https://njcaastats.prestosports.com/sports/mbkb/2025-26/div2/boxscores/20251107_rp8q.xml "HTTP/1.1 200 OK"
01:41:50 [INFO] HTTP Request: GET https://njcaastats.prestosports.com/sports/mbkb/2025-26/div2/boxscores/20251111_6p3p.xml "HTTP/1.1 200 OK"
01:42:02 [INFO] HTTP Request: GET https://njcaastats.prestosports.com/sports/mbkb/2025-26/div2/boxscores/20251113_pmvo.xml "HTTP/1.1 200 OK"
01:42:12 [INFO] HTTP Request: GET https://njcaastats.prestosports.com/sports/mbkb/2025-26/div2/boxscores/20251115_12j3.xml "HTTP/1.1 200 OK"
01:42:23 [INFO] HTTP Request: GET https://njcaastats.prestosports.com/sports/mbkb/2025-26/div2/boxscores/20251119_i1d8.xml "HTTP/1.1 200 OK"
01:42:34 [INFO] HTTP Request: GET https://njcaastats.prestosports.com/sports/mbkb/2025-26/div2/boxscores/20251120_5af6.xml "HTTP/1.1 200 OK"
01:42:46 [INFO] HTTP Request: GET https://njcaastats.prestosports.com/sports/mbkb/2025-26/div2/boxscores/20251121_qn99.xml "HTTP/1.1 200 OK"
01:42:57 [INFO] HTTP Request: GET https://njcaastats.prestosports.com/sports/mbkb/2025-26/div2/boxscores/20251125_nik4.xml "HTTP/1.1 200 OK"
01:43:07 [INFO] HTTP Request: GET https://njcaastats.prestosports.com/sports/mbkb/2025-26/div2/boxscores/20251204_svn3.xml "HTTP/1.1 200 OK"
01:43:18 [INFO] HTTP Request: GET https://njcaastats.prestosports.com/sports/mbkb/2025-26/div2/boxscores/20251206_7wry.xml "HTTP/1.1 200 OK"
01:43:29 [INFO] HTTP Request: GET https://njcaastats.prestosports.com/sports/mbkb/2025-26/div2/boxscores/20251216_w3i4.xml "HTTP/1.1 200 OK"
01:43:40 [INFO] HTTP Request: GET https://njcaastats.prestosports.com/sports/mbkb/2025-26/div2/boxscores/20260106_iuph.xml "HTTP/1.1 200 OK"
01:43:51 [INFO] HTTP Request: GET https://njcaastats.prestosports.com/sports/mbkb/2025-26/div2/boxscores/20260108_hc7x.xml "HTTP/1.1 200 OK"
01:44:02 [INFO] HTTP Request: GET https://njcaastats.prestosports.com/sports/mbkb/2025-26/div2/boxscores/20260113_6znf.xml "HTTP/1.1 200 OK"
01:44:13 [INFO] HTTP Request: GET https://njcaastats.prestosports.com/sports/mbkb/2025-26/div2/boxscores/20260115_5vmp.xml "HTTP/1.1 200 OK"
01:44:24 [INFO] HTTP Request: GET https://njcaastats.prestosports.com/sports/mbkb/2025-26/div2/boxscores/20260117_umsw.xml "HTTP/1.1 200 OK"
01:44:35 [INFO] HTTP Request: GET https://njcaastats.prestosports.com/sports/mbkb/2025-26/div2/boxscores/20260120_4flh.xml "HTTP/1.1 200 OK"
01:44:46 [INFO] HTTP Request: GET https://njcaastats.prestosports.com/sports/mbkb/2025-26/div2/boxscores/20260122_se3k.xml "HTTP/1.1 200 OK"
01:44:57 [INFO] HTTP Request: GET https://njcaastats.prestosports.com/sports/mbkb/2025-26/div2/boxscores/20260124_wngm.xml "HTTP/1.1 200 OK"
01:45:08 [INFO] HTTP Request: GET https://njcaastats.prestosports.com/sports/mbkb/2025-26/div2/boxscores/20260127_l23x.xml "HTTP/1.1 200 OK"
01:45:19 [INFO] HTTP Request: GET https://njcaastats.prestosports.com/sports/mbkb/2025-26/div2/boxscores/20260129_69c7.xml "HTTP/1.1 200 OK"
01:45:30 [INFO] HTTP Request: GET https://njcaastats.prestosports.com/sports/mbkb/2025-26/div2/boxscores/20260131_l9h6.xml "HTTP/1.1 200 OK"
01:45:41 [INFO] HTTP Request: GET https://njcaastats.prestosports.com/sports/mbkb/2025-26/div2/boxscores/20260203_op24.xml "HTTP/1.1 200 OK"
01:45:52 [INFO] HTTP Request: GET https://njcaastats.prestosports.com/sports/mbkb/2025-26/div2/boxscores/20260205_r8ok.xml "HTTP/1.1 200 OK"
01:46:03 [INFO] HTTP Request: GET https://njcaastats.prestosports.com/sports/mbkb/2025-26/div2/boxscores/20260210_02za.xml "HTTP/1.1 200 OK"
01:46:14 [INFO] HTTP Request: GET https://njcaastats.prestosports.com/sports/mbkb/2025-26/div2/boxscores/20260212_9moj.xml "HTTP/1.1 200 OK"
01:46:25 [INFO] HTTP Request: GET https://njcaastats.prestosports.com/sports/mbkb/2025-26/div2/boxscores/20260217_rbld.xml "HTTP/1.1 200 OK"
01:46:36 [INFO] HTTP Request: GET https://njcaastats.prestosports.com/sports/mbkb/2025-26/div2/boxscores/20260219_oh4q.xml "HTTP/1.1 200 OK"
01:46:47 [INFO] HTTP Request: GET https://njcaastats.prestosports.com/sports/mbkb/2025-26/div2/boxscores/20260226_q48m.xml "HTTP/1.1 200 OK"
01:46:47 [INFO]   Loaded: 31 games, 735 player-game-stat rows
01:46:47 [INFO] 
[2/20] Ellsworth CC
01:46:47 [INFO] Scraping team: Ellsworth CC (ellsworthcommunitycollege)
01:46:59 [INFO] HTTP Request: GET https://njcaastats.prestosports.com/sports/mbkb/2025-26/div2/teams/ellsworthcommunitycollege?view=roster "HTTP/1.1 200 OK"
01:46:59 [INFO]   Roster: 16 players
01:47:11 [INFO] HTTP Request: GET https://njcaastats.prestosports.com/sports/mbkb/2025-26/div2/teams/ellsworthcommunitycollege?view=gamelog "HTTP/1.1 200 OK"
01:47:11 [INFO]   Games: 30 with box scores
01:47:22 [INFO] HTTP Request: GET https://njcaastats.prestosports.com/sports/mbkb/2025-26/div2/boxscores/20251031_zmwp.xml "HTTP/1.1 200 OK"
01:47:33 [INFO] HTTP Request: GET https://njcaastats.prestosports.com/sports/mbkb/2025-26/div2/boxscores/20251101_zvrm.xml "HTTP/1.1 200 OK"
01:47:44 [INFO] HTTP Request: GET https://njcaastats.prestosports.com/sports/mbkb/2025-26/div2/boxscores/20251104_7wim.xml "HTTP/1.1 200 OK"
01:49:25 [ERROR] Request failed: https://njcaastats.prestosports.com/sports/mbkb/2025-26/div2/boxscores/20251107_nzba.xml — [Errno 8] nodename nor servname provided, or not known
01:49:36 [INFO] HTTP Request: GET https://njcaastats.prestosports.com/sports/mbkb/2025-26/div2/boxscores/20251108_ch68.xml "HTTP/1.1 200 OK"
01:49:47 [INFO] HTTP Request: GET https://njcaastats.prestosports.com/sports/mbkb/2025-26/div2/boxscores/20251114_xpco.xml "HTTP/1.1 200 OK"
01:49:58 [INFO] HTTP Request: GET https://njcaastats.prestosports.com/sports/mbkb/2025-26/div2/boxscores/20251115_ejrb.xml "HTTP/1.1 200 OK"
01:50:09 [INFO] HTTP Request: GET https://njcaastats.prestosports.com/sports/mbkb/2025-26/div2/boxscores/20251120_syw2.xml "HTTP/1.1 200 OK"
01:50:20 [INFO] HTTP Request: GET https://njcaastats.prestosports.com/sports/mbkb/2025-26/div2/boxscores/20251125_2a75.xml "HTTP/1.1 200 OK"
01:50:31 [INFO] HTTP Request: GET https://njcaastats.prestosports.com/sports/mbkb/2025-26/div2/boxscores/20251130_mbn9.xml "HTTP/1.1 200 OK"
01:50:42 [INFO] HTTP Request: GET https://njcaastats.prestosports.com/sports/mbkb/2025-26/div2/boxscores/20251203_ppxi.xml "HTTP/1.1 200 OK"
01:50:53 [INFO] HTTP Request: GET https://njcaastats.prestosports.com/sports/mbkb/2025-26/div2/boxscores/20251206_wdnp.xml "HTTP/1.1 200 OK"
01:51:04 [INFO] HTTP Request: GET https://njcaastats.prestosports.com/sports/mbkb/2025-26/div2/boxscores/20251210_hum0.xml "HTTP/1.1 200 OK"
01:51:15 [INFO] HTTP Request: GET https://njcaastats.prestosports.com/sports/mbkb/2025-26/div2/boxscores/20251213_3z8a.xml "HTTP/1.1 200 OK"
01:51:26 [INFO] HTTP Request: GET https://njcaastats.prestosports.com/sports/mbkb/2025-26/div2/boxscores/20251217_kl2j.xml "HTTP/1.1 200 OK"
01:51:37 [INFO] HTTP Request: GET https://njcaastats.prestosports.com/sports/mbkb/2025-26/div2/boxscores/20260107_paej.xml "HTTP/1.1 200 OK"
01:51:48 [INFO] HTTP Request: GET https://njcaastats.prestosports.com/sports/mbkb/2025-26/div2/boxscores/20260110_wo8d.xml "HTTP/1.1 200 OK"
01:52:00 [INFO] HTTP Request: GET https://njcaastats.prestosports.com/sports/mbkb/2025-26/div2/boxscores/20260114_nmqg.xml "HTTP/1.1 200 OK"
01:52:11 [INFO] HTTP Request: GET https://njcaastats.prestosports.com/sports/mbkb/2025-26/div2/boxscores/20260117_0w6a.xml "HTTP/1.1 200 OK"
01:52:22 [INFO] HTTP Request: GET https://njcaastats.prestosports.com/sports/mbkb/2025-26/div2/boxscores/20260122_0b64.xml "HTTP/1.1 200 OK"
01:52:32 [INFO] HTTP Request: GET https://njcaastats.prestosports.com/sports/mbkb/2025-26/div2/boxscores/20260124_gi5a.xml "HTTP/1.1 200 OK"
01:52:44 [INFO] HTTP Request: GET https://njcaastats.prestosports.com/sports/mbkb/2025-26/div2/boxscores/20260128_ucih.xml "HTTP/1.1 200 OK"
01:52:54 [INFO] HTTP Request: GET https://njcaastats.prestosports.com/sports/mbkb/2025-26/div2/boxscores/20260131_s2fq.xml "HTTP/1.1 200 OK"
01:53:06 [INFO] HTTP Request: GET https://njcaastats.prestosports.com/sports/mbkb/2025-26/div2/boxscores/20260204_i9oy.xml "HTTP/1.1 200 OK"
01:53:17 [INFO] HTTP Request: GET https://njcaastats.prestosports.com/sports/mbkb/2025-26/div2/boxscores/20260207_ra61.xml "HTTP/1.1 200 OK"
01:53:28 [INFO] HTTP Request: GET https://njcaastats.prestosports.com/sports/mbkb/2025-26/div2/boxscores/20260211_b59s.xml "HTTP/1.1 200 OK"
01:53:39 [INFO] HTTP Request: GET https://njcaastats.prestosports.com/sports/mbkb/2025-26/div2/boxscores/20260214_j61e.xml "HTTP/1.1 200 OK"
01:53:50 [INFO] HTTP Request: GET https://njcaastats.prestosports.com/sports/mbkb/2025-26/div2/boxscores/20260218_9e1r.xml "HTTP/1.1 200 OK"
01:54:01 [INFO] HTTP Request: GET https://njcaastats.prestosports.com/sports/mbkb/2025-26/div2/boxscores/20260221_i24g.xml "HTTP/1.1 200 OK"
01:54:12 [INFO] HTTP Request: GET https://njcaastats.prestosports.com/sports/mbkb/2025-26/div2/boxscores/20260225_t9yu.xml "HTTP/1.1 200 OK"
01:54:13 [INFO]   Loaded: 29 games, 712 player-game-stat rows
01:54:13 [INFO] 
[3/20] Enterprise State CC
01:54:13 [INFO] Scraping team: Enterprise State CC (enterprisestatecommunitycollege)
01:54:24 [INFO] HTTP Request: GET https://njcaastats.prestosports.com/sports/mbkb/2025-26/div2/teams/enterprisestatecommunitycollege?view=roster "HTTP/1.1 200 OK"
01:54:24 [INFO]   Roster: 17 players
01:54:36 [INFO] HTTP Request: GET https://njcaastats.prestosports.com/sports/mbkb/2025-26/div2/teams/enterprisestatecommunitycollege?view=gamelog "HTTP/1.1 200 OK"
01:54:36 [INFO]   Games: 28 with box scores
01:54:47 [INFO] HTTP Request: GET https://njcaastats.prestosports.com/sports/mbkb/2025-26/div2/boxscores/20251106_iqga.xml "HTTP/1.1 200 OK"
01:54:59 [INFO] HTTP Request: GET https://njcaastats.prestosports.com/sports/mbkb/2025-26/div2/boxscores/20251107_cd3h.xml "HTTP/1.1 200 OK"
01:55:10 [INFO] HTTP Request: GET https://njcaastats.prestosports.com/sports/mbkb/2025-26/div2/boxscores/20251110_02a3.xml "HTTP/1.1 200 OK"
01:55:21 [INFO] HTTP Request: GET https://njcaastats.prestosports.com/sports/mbkb/2025-26/div2/boxscores/20251113_j1ag.xml "HTTP/1.1 200 OK"
01:55:32 [INFO] HTTP Request: GET https://njcaastats.prestosports.com/sports/mbkb/2025-26/div2/boxscores/20251115_z2xq.xml "HTTP/1.1 200 OK"
01:55:43 [INFO] HTTP Request: GET https://njcaastats.prestosports.com/sports/mbkb/2025-26/div2/boxscores/20251116_xlkg.xml "HTTP/1.1 200 OK"
01:55:54 [INFO] HTTP Request: GET https://njcaastats.prestosports.com/sports/mbkb/2025-26/div2/boxscores/20251119_m8ry.xml "HTTP/1.1 200 OK"
01:56:05 [INFO] HTTP Request: GET https://njcaastats.prestosports.com/sports/mbkb/2025-26/div2/boxscores/20251124_5p5n.xml "HTTP/1.1 200 OK"
01:56:16 [INFO] HTTP Request: GET https://njcaastats.prestosports.com/sports/mbkb/2025-26/div2/boxscores/20251202_19gb.xml "HTTP/1.1 200 OK"
01:56:27 [INFO] HTTP Request: GET https://njcaastats.prestosports.com/sports/mbkb/2025-26/div2/boxscores/20251204_jlpn.xml "HTTP/1.1 200 OK"
01:56:38 [INFO] HTTP Request: GET https://njcaastats.prestosports.com/sports/mbkb/2025-26/div2/boxscores/20251206_p4kn.xml "HTTP/1.1 200 OK"
01:56:49 [INFO] HTTP Request: GET https://njcaastats.prestosports.com/sports/mbkb/2025-26/div2/boxscores/20251208_u943.xml "HTTP/1.1 200 OK"
01:57:01 [INFO] HTTP Request: GET https://njcaastats.prestosports.com/sports/mbkb/2025-26/div2/boxscores/20251209_ddv3.xml "HTTP/1.1 200 OK"
01:57:12 [INFO] HTTP Request: GET https://njcaastats.prestosports.com/sports/mbkb/2025-26/div2/boxscores/20251212_ecft.xml "HTTP/1.1 200 OK"
01:57:23 [INFO] HTTP Request: GET https://njcaastats.prestosports.com/sports/mbkb/2025-26/div2/boxscores/20251216_u15f.xml "HTTP/1.1 200 OK"
01:57:34 [INFO] HTTP Request: GET https://njcaastats.prestosports.com/sports/mbkb/2025-26/div2/boxscores/20260103_cptx.xml "HTTP/1.1 200 OK"
01:57:45 [INFO] HTTP Request: GET https://njcaastats.prestosports.com/sports/mbkb/2025-26/div2/boxscores/20260105_gty7.xml "HTTP/1.1 200 OK"
01:57:56 [INFO] HTTP Request: GET https://njcaastats.prestosports.com/sports/mbkb/2025-26/div2/boxscores/20260108_0yag.xml "HTTP/1.1 200 OK"
01:58:07 [INFO] HTTP Request: GET https://njcaastats.prestosports.com/sports/mbkb/2025-26/div2/boxscores/20260112_5mfu.xml "HTTP/1.1 200 OK"
01:58:18 [INFO] HTTP Request: GET https://njcaastats.prestosports.com/sports/mbkb/2025-26/div2/boxscores/20260120_kzgs.xml "HTTP/1.1 200 OK"
01:58:29 [INFO] HTTP Request: GET https://njcaastats.prestosports.com/sports/mbkb/2025-26/div2/boxscores/20260122_srlx.xml "HTTP/1.1 200 OK"
01:58:40 [INFO] HTTP Request: GET https://njcaastats.prestosports.com/sports/mbkb/2025-26/div2/boxscores/20260126_g2ka.xml "HTTP/1.1 200 OK"
01:58:51 [INFO] HTTP Request: GET https://njcaastats.prestosports.com/sports/mbkb/2025-26/div2/boxscores/20260129_37w6.xml "HTTP/1.1 200 OK"
01:59:02 [INFO] HTTP Request: GET https://njcaastats.prestosports.com/sports/mbkb/2025-26/div2/boxscores/20260202_30gx.xml "HTTP/1.1 200 OK"
01:59:14 [INFO] HTTP Request: GET https://njcaastats.prestosports.com/sports/mbkb/2025-26/div2/boxscores/20260205_5cch.xml "HTTP/1.1 200 OK"
01:59:25 [INFO] HTTP Request: GET https://njcaastats.prestosports.com/sports/mbkb/2025-26/div2/boxscores/20260209_ku2e.xml "HTTP/1.1 200 OK"
01:59:36 [INFO] HTTP Request: GET https://njcaastats.prestosports.com/sports/mbkb/2025-26/div2/boxscores/20260212_tn2b.xml "HTTP/1.1 200 OK"
01:59:47 [INFO] HTTP Request: GET https://njcaastats.prestosports.com/sports/mbkb/2025-26/div2/boxscores/20260219_1i6g.xml "HTTP/1.1 200 OK"
01:59:47 [INFO]   Loaded: 28 games, 669 player-game-stat rows
01:59:47 [INFO] 
[4/20] Erie CC
01:59:47 [INFO] Scraping team: Erie CC (eriecommunitycollege)
01:59:59 [INFO] HTTP Request: GET https://njcaastats.prestosports.com/sports/mbkb/2025-26/div2/teams/eriecommunitycollege?view=roster "HTTP/1.1 200 OK"
01:59:59 [INFO]   Roster: 19 players
02:00:11 [INFO] HTTP Request: GET https://njcaastats.prestosports.com/sports/mbkb/2025-26/div2/teams/eriecommunitycollege?view=gamelog "HTTP/1.1 200 OK"
02:00:12 [INFO]   Games: 28 with box scores
02:00:22 [INFO] HTTP Request: GET https://njcaastats.prestosports.com/sports/mbkb/2025-26/div2/boxscores/20251101_w50k.xml "HTTP/1.1 200 OK"
02:00:34 [INFO] HTTP Request: GET https://njcaastats.prestosports.com/sports/mbkb/2025-26/div2/boxscores/20251102_ciar.xml "HTTP/1.1 200 OK"
02:00:45 [INFO] HTTP Request: GET https://njcaastats.prestosports.com/sports/mbkb/2025-26/div2/boxscores/20251108_zmmz.xml "HTTP/1.1 200 OK"
02:00:56 [INFO] HTTP Request: GET https://njcaastats.prestosports.com/sports/mbkb/2025-26/div2/boxscores/20251111_6i2m.xml "HTTP/1.1 200 OK"
02:01:07 [INFO] HTTP Request: GET https://njcaastats.prestosports.com/sports/mbkb/2025-26/div2/boxscores/20251115_63mw.xml "HTTP/1.1 200 OK"
02:01:18 [INFO] HTTP Request: GET https://njcaastats.prestosports.com/sports/mbkb/2025-26/div2/boxscores/20251116_95g4.xml "HTTP/1.1 200 OK"
02:01:29 [INFO] HTTP Request: GET https://njcaastats.prestosports.com/sports/mbkb/2025-26/div2/boxscores/20251119_6rpb.xml "HTTP/1.1 200 OK"
02:01:40 [INFO] HTTP Request: GET https://njcaastats.prestosports.com/sports/mbkb/2025-26/div2/boxscores/20251121_6eyc.xml "HTTP/1.1 200 OK"
02:01:51 [INFO] HTTP Request: GET https://njcaastats.prestosports.com/sports/mbkb/2025-26/div2/boxscores/20251122_xwhg.xml "HTTP/1.1 200 OK"
02:02:02 [INFO] HTTP Request: GET https://njcaastats.prestosports.com/sports/mbkb/2025-26/div2/boxscores/20251125_4jpt.xml "HTTP/1.1 200 OK"
02:02:13 [INFO] HTTP Request: GET https://njcaastats.prestosports.com/sports/mbkb/2025-26/div2/boxscores/20251203_xmyc.xml "HTTP/1.1 200 OK"
02:02:24 [INFO] HTTP Request: GET https://njcaastats.prestosports.com/sports/mbkb/2025-26/div2/boxscores/20251207_j7kz.xml "HTTP/1.1 200 OK"
02:02:35 [INFO] HTTP Request: GET https://njcaastats.prestosports.com/sports/mbkb/2025-26/div2/boxscores/20251213_69ti.xml "HTTP/1.1 200 OK"
02:02:46 [INFO] HTTP Request: GET https://njcaastats.prestosports.com/sports/mbkb/2025-26/div2/boxscores/20251216_rr9p.xml "HTTP/1.1 200 OK"
02:02:57 [INFO] HTTP Request: GET https://njcaastats.prestosports.com/sports/mbkb/2025-26/div2/boxscores/20260107_s01s.xml "HTTP/1.1 200 OK"
02:03:08 [INFO] HTTP Request: GET https://njcaastats.prestosports.com/sports/mbkb/2025-26/div2/boxscores/20260109_yidp.xml "HTTP/1.1 200 OK"
02:03:19 [INFO] HTTP Request: GET https://njcaastats.prestosports.com/sports/mbkb/2025-26/div2/boxscores/20260111_dke3.xml "HTTP/1.1 200 OK"
02:03:30 [INFO] HTTP Request: GET https://njcaastats.prestosports.com/sports/mbkb/2025-26/div2/boxscores/20260113_s1ql.xml "HTTP/1.1 200 OK"
02:19:34 [ERROR] Request failed: https://njcaastats.prestosports.com/sports/mbkb/2025-26/div2/boxscores/20260117_y81v.xml — [Errno 8] nodename nor servname provided, or not known
02:19:45 [INFO] HTTP Request: GET https://njcaastats.prestosports.com/sports/mbkb/2025-26/div2/boxscores/20260118_bl4d.xml "HTTP/1.1 200 OK"
02:19:56 [INFO] HTTP Request: GET https://njcaastats.prestosports.com/sports/mbkb/2025-26/div2/boxscores/20260124_1wbq.xml "HTTP/1.1 200 OK"
02:20:07 [INFO] HTTP Request: GET https://njcaastats.prestosports.com/sports/mbkb/2025-26/div2/boxscores/20260128_0e4c.xml "HTTP/1.1 200 OK"
02:20:18 [INFO] HTTP Request: GET https://njcaastats.prestosports.com/sports/mbkb/2025-26/div2/boxscores/20260131_qo06.xml "HTTP/1.1 200 OK"
02:20:29 [INFO] HTTP Request: GET https://njcaastats.prestosports.com/sports/mbkb/2025-26/div2/boxscores/20260204_rftq.xml "HTTP/1.1 200 OK"
02:22:28 [ERROR] Request failed: https://njcaastats.prestosports.com/sports/mbkb/2025-26/div2/boxscores/20260207_adci.xml — [Errno 8] nodename nor servname provided, or not known
02:22:39 [INFO] HTTP Request: GET https://njcaastats.prestosports.com/sports/mbkb/2025-26/div2/boxscores/20260211_jqwm.xml "HTTP/1.1 200 OK"
02:22:50 [INFO] HTTP Request: GET https://njcaastats.prestosports.com/sports/mbkb/2025-26/div2/boxscores/20260214_2pff.xml "HTTP/1.1 200 OK"
02:23:02 [INFO] HTTP Request: GET https://njcaastats.prestosports.com/sports/mbkb/2025-26/div2/boxscores/20260221_ilki.xml "HTTP/1.1 200 OK"
02:23:02 [INFO]   Loaded: 26 games, 672 player-game-stat rows
02:23:02 [INFO] 
[5/20] Essex County College
02:23:02 [INFO] Scraping team: Essex County College (essexcountycollege)
02:23:14 [INFO] HTTP Request: GET https://njcaastats.prestosports.com/sports/mbkb/2025-26/div2/teams/essexcountycollege?view=roster "HTTP/1.1 200 OK"
02:23:14 [INFO]   Roster: 16 players
02:23:27 [INFO] HTTP Request: GET https://njcaastats.prestosports.com/sports/mbkb/2025-26/div2/teams/essexcountycollege?view=gamelog "HTTP/1.1 200 OK"
02:23:27 [INFO]   Games: 28 with box scores
02:23:37 [INFO] HTTP Request: GET https://njcaastats.prestosports.com/sports/mbkb/2025-26/div2/boxscores/20251106_qc9q.xml "HTTP/1.1 200 OK"
02:23:48 [INFO] HTTP Request: GET https://njcaastats.prestosports.com/sports/mbkb/2025-26/div2/boxscores/20251108_fser.xml "HTTP/1.1 200 OK"
02:23:59 [INFO] HTTP Request: GET https://njcaastats.prestosports.com/sports/mbkb/2025-26/div2/boxscores/20251111_v0i4.xml "HTTP/1.1 200 OK"
02:39:27 [ERROR] Request failed: https://njcaastats.prestosports.com/sports/mbkb/2025-26/div2/boxscores/20251115_g9hs.xml — [Errno 8] nodename nor servname provided, or not known
02:39:39 [INFO] HTTP Request: GET https://njcaastats.prestosports.com/sports/mbkb/2025-26/div2/boxscores/20251116_90n0.xml "HTTP/1.1 200 OK"
02:39:50 [INFO] HTTP Request: GET https://njcaastats.prestosports.com/sports/mbkb/2025-26/div2/boxscores/20251118_erps.xml "HTTP/1.1 200 OK"
02:40:01 [INFO] HTTP Request: GET https://njcaastats.prestosports.com/sports/mbkb/2025-26/div2/boxscores/20251122_la5z.xml "HTTP/1.1 200 OK"
02:40:12 [INFO] HTTP Request: GET https://njcaastats.prestosports.com/sports/mbkb/2025-26/div2/boxscores/20251125_xmtr.xml "HTTP/1.1 200 OK"
02:56:50 [INFO] HTTP Request: GET https://njcaastats.prestosports.com/sports/mbkb/2025-26/div2/boxscores/20251202_124z.xml "HTTP/1.1 200 OK"
02:57:01 [INFO] HTTP Request: GET https://njcaastats.prestosports.com/sports/mbkb/2025-26/div2/boxscores/20251204_dtqs.xml "HTTP/1.1 200 OK"
02:57:13 [INFO] HTTP Request: GET https://njcaastats.prestosports.com/sports/mbkb/2025-26/div2/boxscores/20251211_eqn9.xml "HTTP/1.1 200 OK"
02:57:24 [INFO] HTTP Request: GET https://njcaastats.prestosports.com/sports/mbkb/2025-26/div2/boxscores/20251213_3c2u.xml "HTTP/1.1 200 OK"
02:57:35 [INFO] HTTP Request: GET https://njcaastats.prestosports.com/sports/mbkb/2025-26/div2/boxscores/20251216_rk2s.xml "HTTP/1.1 200 OK"
02:57:46 [INFO] HTTP Request: GET https://njcaastats.prestosports.com/sports/mbkb/2025-26/div2/boxscores/20251218_4op3.xml "HTTP/1.1 200 OK"
03:08:49 [ERROR] Request failed: https://njcaastats.prestosports.com/sports/mbkb/2025-26/div2/boxscores/20251220_akfu.xml — [Errno 8] nodename nor servname provided, or not known
03:09:00 [INFO] HTTP Request: GET https://njcaastats.prestosports.com/sports/mbkb/2025-26/div2/boxscores/20260110_p31y.xml "HTTP/1.1 200 OK"
03:09:11 [INFO] HTTP Request: GET https://njcaastats.prestosports.com/sports/mbkb/2025-26/div2/boxscores/20260113_q7hd.xml "HTTP/1.1 200 OK"
03:09:22 [INFO] HTTP Request: GET https://njcaastats.prestosports.com/sports/mbkb/2025-26/div2/boxscores/20260115_dr8z.xml "HTTP/1.1 200 OK"
03:09:33 [INFO] HTTP Request: GET https://njcaastats.prestosports.com/sports/mbkb/2025-26/div2/boxscores/20260117_apaj.xml "HTTP/1.1 200 OK"
03:09:44 [INFO] HTTP Request: GET https://njcaastats.prestosports.com/sports/mbkb/2025-26/div2/boxscores/20260120_l7lp.xml "HTTP/1.1 200 OK"
03:09:55 [INFO] HTTP Request: GET https://njcaastats.prestosports.com/sports/mbkb/2025-26/div2/boxscores/20260122_sppu.xml "HTTP/1.1 200 OK"
03:10:07 [INFO] HTTP Request: GET https://njcaastats.prestosports.com/sports/mbkb/2025-26/div2/boxscores/20260124_gabl.xml "HTTP/1.1 200 OK"
03:10:18 [INFO] HTTP Request: GET https://njcaastats.prestosports.com/sports/mbkb/2025-26/div2/boxscores/20260129_owty.xml "HTTP/1.1 200 OK"
03:25:26 [INFO] HTTP Request: GET https://njcaastats.prestosports.com/sports/mbkb/2025-26/div2/boxscores/20260131_wbea.xml "HTTP/1.1 200 OK"
03:25:37 [INFO] HTTP Request: GET https://njcaastats.prestosports.com/sports/mbkb/2025-26/div2/boxscores/20260203_43d8.xml "HTTP/1.1 200 OK"
03:25:49 [INFO] HTTP Request: GET https://njcaastats.prestosports.com/sports/mbkb/2025-26/div2/boxscores/20260210_1ybw.xml "HTTP/1.1 200 OK"
03:26:00 [INFO] HTTP Request: GET https://njcaastats.prestosports.com/sports/mbkb/2025-26/div2/boxscores/20260217_hbvw.xml "HTTP/1.1 200 OK"
03:26:11 [INFO] HTTP Request: GET https://njcaastats.prestosports.com/sports/mbkb/2025-26/div2/boxscores/20260219_zidp.xml "HTTP/1.1 200 OK"
03:26:11 [INFO]   Loaded: 26 games, 618 player-game-stat rows
03:26:11 [INFO] 
[6/20] Fayetteville Technical CC
03:26:11 [INFO] Scraping team: Fayetteville Technical CC (fayettevilletechnicalcc)
03:26:23 [INFO] HTTP Request: GET https://njcaastats.prestosports.com/sports/mbkb/2025-26/div2/teams/fayettevilletechnicalcc?view=roster "HTTP/1.1 200 OK"
03:26:23 [INFO]   Roster: 16 players
03:26:36 [INFO] HTTP Request: GET https://njcaastats.prestosports.com/sports/mbkb/2025-26/div2/teams/fayettevilletechnicalcc?view=gamelog "HTTP/1.1 200 OK"
03:26:36 [INFO]   Games: 25 with box scores
03:26:47 [INFO] HTTP Request: GET https://njcaastats.prestosports.com/sports/mbkb/2025-26/div2/boxscores/20251031_cptt.xml "HTTP/1.1 200 OK"
03:26:58 [INFO] HTTP Request: GET https://njcaastats.prestosports.com/sports/mbkb/2025-26/div2/boxscores/20251101_s5n1.xml "HTTP/1.1 200 OK"
03:27:09 [INFO] HTTP Request: GET https://njcaastats.prestosports.com/sports/mbkb/2025-26/div2/boxscores/20251109_8485.xml "HTTP/1.1 200 OK"
03:27:20 [INFO] HTTP Request: GET https://njcaastats.prestosports.com/sports/mbkb/2025-26/div2/boxscores/20251119_0ipm.xml "HTTP/1.1 200 OK"
03:27:31 [INFO] HTTP Request: GET https://njcaastats.prestosports.com/sports/mbkb/2025-26/div2/boxscores/20251124_c23h.xml "HTTP/1.1 200 OK"
03:27:42 [INFO] HTTP Request: GET https://njcaastats.prestosports.com/sports/mbkb/2025-26/div2/boxscores/20251203_f1zb.xml "HTTP/1.1 200 OK"
03:27:53 [INFO] HTTP Request: GET https://njcaastats.prestosports.com/sports/mbkb/2025-26/div2/boxscores/20251207_icpg.xml "HTTP/1.1 200 OK"
03:28:04 [INFO] HTTP Request: GET https://njcaastats.prestosports.com/sports/mbkb/2025-26/div2/boxscores/20251213_vdiq.xml "HTTP/1.1 200 OK"
03:28:15 [INFO] HTTP Request: GET https://njcaastats.prestosports.com/sports/mbkb/2025-26/div2/boxscores/20251220_fyya.xml "HTTP/1.1 200 OK"
03:28:26 [INFO] HTTP Request: GET https://njcaastats.prestosports.com/sports/mbkb/2025-26/div2/boxscores/20251227_ecjb.xml "HTTP/1.1 200 OK"
03:28:38 [INFO] HTTP Request: GET https://njcaastats.prestosports.com/sports/mbkb/2025-26/div2/boxscores/20251228_cp6x.xml "HTTP/1.1 200 OK"
03:28:49 [INFO] HTTP Request: GET https://njcaastats.prestosports.com/sports/mbkb/2025-26/div2/boxscores/20260103_r7ok.xml "HTTP/1.1 200 OK"
03:29:00 [INFO] HTTP Request: GET https://njcaastats.prestosports.com/sports/mbkb/2025-26/div2/boxscores/20260108_stzv.xml "HTTP/1.1 200 OK"
03:29:11 [INFO] HTTP Request: GET https://njcaastats.prestosports.com/sports/mbkb/2025-26/div2/boxscores/20260112_e6bh.xml "HTTP/1.1 200 OK"
03:29:22 [INFO] HTTP Request: GET https://njcaastats.prestosports.com/sports/mbkb/2025-26/div2/boxscores/20260115_g8br.xml "HTTP/1.1 200 OK"
03:29:33 [INFO] HTTP Request: GET https://njcaastats.prestosports.com/sports/mbkb/2025-26/div2/boxscores/20260117_w14n.xml "HTTP/1.1 200 OK"
03:29:44 [INFO] HTTP Request: GET https://njcaastats.prestosports.com/sports/mbkb/2025-26/div2/boxscores/20260130_4n18.xml "HTTP/1.1 200 OK"
04:02:36 [ERROR] Request failed: https://njcaastats.prestosports.com/sports/mbkb/2025-26/div2/boxscores/20260207_o5gm.xml — [Errno 8] nodename nor servname provided, or not known
04:18:46 [ERROR] Request failed: https://njcaastats.prestosports.com/sports/mbkb/2025-26/div2/boxscores/20260208_9cbe.xml — [Errno 8] nodename nor servname provided, or not known
04:51:05 [ERROR] Request failed: https://njcaastats.prestosports.com/sports/mbkb/2025-26/div2/boxscores/20260211_je13.xml — [Errno 8] nodename nor servname provided, or not known
05:24:16 [ERROR] Request failed: https://njcaastats.prestosports.com/sports/mbkb/2025-26/div2/boxscores/20260214_sppb.xml — [Errno 8] nodename nor servname provided, or not known
05:30:48 [ERROR] Request failed: https://njcaastats.prestosports.com/sports/mbkb/2025-26/div2/boxscores/20260215_pi01.xml — [Errno 8] nodename nor servname provided, or not known
05:48:16 [ERROR] Request failed: https://njcaastats.prestosports.com/sports/mbkb/2025-26/div2/boxscores/20260217_s9z5.xml — [Errno 8] nodename nor servname provided, or not known
06:06:52 [ERROR] Request failed: https://njcaastats.prestosports.com/sports/mbkb/2025-26/div2/boxscores/20260220_hsf1.xml — [Errno 8] nodename nor servname provided, or not known
06:22:13 [ERROR] Request failed: https://njcaastats.prestosports.com/sports/mbkb/2025-26/div2/boxscores/20260222_wtyl.xml — [Errno 8] nodename nor servname provided, or not known
06:22:13 [INFO]   Loaded: 17 games, 413 player-game-stat rows
06:22:13 [INFO] 
[7/20] Florida Gateway College
06:22:13 [INFO] Scraping team: Florida Gateway College (floridagatewaycollege)
06:31:51 [ERROR] Request failed: https://njcaastats.prestosports.com/sports/mbkb/2025-26/div2/teams/floridagatewaycollege?view=roster — [Errno 8] nodename nor servname provided, or not known
06:31:51 [INFO]   Roster: 0 players
07:05:17 [ERROR] Request failed: https://njcaastats.prestosports.com/sports/mbkb/2025-26/div2/teams/floridagatewaycollege?view=gamelog — [Errno 8] nodename nor servname provided, or not known
07:05:17 [INFO]   Games: 0 with box scores
07:05:17 [INFO]   Loaded: 0 games, 0 player-game-stat rows
07:05:17 [INFO] 
[8/20] Florida State College at Jacksonville
07:05:17 [INFO] Scraping team: Florida State College at Jacksonville (floridastatecollegeatjacksonville)
07:21:10 [ERROR] Request failed: https://njcaastats.prestosports.com/sports/mbkb/2025-26/div2/teams/floridastatecollegeatjacksonville?view=roster — [Errno 8] nodename nor servname provided, or not known
07:21:10 [INFO]   Roster: 0 players
07:32:45 [ERROR] Request failed: https://njcaastats.prestosports.com/sports/mbkb/2025-26/div2/teams/floridastatecollegeatjacksonville?view=gamelog — [Errno 8] nodename nor servname provided, or not known
07:32:45 [INFO]   Games: 0 with box scores
07:32:45 [INFO]   Loaded: 0 games, 0 player-game-stat rows
07:32:45 [INFO] 
[9/20] Forsyth Technical CC
07:32:45 [INFO] Scraping team: Forsyth Technical CC (forsythtechnicalcommunitycollege)
07:36:54 [ERROR] Request failed: https://njcaastats.prestosports.com/sports/mbkb/2025-26/div2/teams/forsythtechnicalcommunitycollege?view=roster — [Errno 8] nodename nor servname provided, or not known
07:36:54 [INFO]   Roster: 0 players
07:53:15 [ERROR] Request failed: https://njcaastats.prestosports.com/sports/mbkb/2025-26/div2/teams/forsythtechnicalcommunitycollege?view=gamelog — [Errno 8] nodename nor servname provided, or not known
07:53:15 [INFO]   Games: 0 with box scores
07:53:15 [INFO]   Loaded: 0 games, 0 player-game-stat rows
07:53:15 [INFO] 
[10/20] Fort Scott CC
07:53:15 [INFO] Scraping team: Fort Scott CC (fortscottcommunitycollege)
08:26:30 [ERROR] Request failed: https://njcaastats.prestosports.com/sports/mbkb/2025-26/div2/teams/fortscottcommunitycollege?view=roster — [Errno 8] nodename nor servname provided, or not known
08:26:30 [INFO]   Roster: 0 players
08:33:48 [ERROR] Request failed: https://njcaastats.prestosports.com/sports/mbkb/2025-26/div2/teams/fortscottcommunitycollege?view=gamelog — [Errno 8] nodename nor servname provided, or not known
08:33:48 [INFO]   Games: 0 with box scores
08:33:48 [INFO]   Loaded: 0 games, 0 player-game-stat rows
08:33:48 [INFO] 
[11/20] Frederick CC
08:33:48 [INFO] Scraping team: Frederick CC (frederickcommunitycollege)
09:08:11 [ERROR] Request failed: https://njcaastats.prestosports.com/sports/mbkb/2025-26/div2/teams/frederickcommunitycollege?view=roster — [Errno 8] nodename nor servname provided, or not known
09:08:11 [INFO]   Roster: 0 players
09:26:12 [ERROR] Request failed: https://njcaastats.prestosports.com/sports/mbkb/2025-26/div2/teams/frederickcommunitycollege?view=gamelog — [Errno 8] nodename nor servname provided, or not known
09:26:12 [INFO]   Games: 0 with box scores
09:26:12 [INFO]   Loaded: 0 games, 0 player-game-stat rows
09:26:12 [INFO] 
[12/20] Garrett College
09:26:12 [INFO] Scraping team: Garrett College (garrettcollege)
09:49:57 [ERROR] Request failed: https://njcaastats.prestosports.com/sports/mbkb/2025-26/div2/teams/garrettcollege?view=roster — [Errno 8] nodename nor servname provided, or not known
09:49:57 [INFO]   Roster: 0 players
10:05:18 [ERROR] Request failed: https://njcaastats.prestosports.com/sports/mbkb/2025-26/div2/teams/garrettcollege?view=gamelog — [Errno 8] nodename nor servname provided, or not known
10:05:18 [INFO]   Games: 0 with box scores
10:05:18 [INFO]   Loaded: 0 games, 0 player-game-stat rows
10:05:18 [INFO] 
[13/20] Glen Oaks CC
10:05:18 [INFO] Scraping team: Glen Oaks CC (glenoakscommunitycollege)
10:35:45 [ERROR] Request failed: https://njcaastats.prestosports.com/sports/mbkb/2025-26/div2/teams/glenoakscommunitycollege?view=roster — [Errno 8] nodename nor servname provided, or not known
10:35:45 [INFO]   Roster: 0 players
10:35:55 [ERROR] Request failed: https://njcaastats.prestosports.com/sports/mbkb/2025-26/div2/teams/glenoakscommunitycollege?view=gamelog — [Errno 8] nodename nor servname provided, or not known
10:35:55 [INFO]   Games: 0 with box scores
10:35:55 [INFO]   Loaded: 0 games, 0 player-game-stat rows
10:35:55 [INFO] 
[14/20] Glendale CC
10:35:55 [INFO] Scraping team: Glendale CC (glendalecommunitycollege)
11:10:21 [ERROR] Request failed: https://njcaastats.prestosports.com/sports/mbkb/2025-26/div2/teams/glendalecommunitycollege?view=roster — [Errno 8] nodename nor servname provided, or not known
11:10:21 [INFO]   Roster: 0 players
11:26:48 [ERROR] Request failed: https://njcaastats.prestosports.com/sports/mbkb/2025-26/div2/teams/glendalecommunitycollege?view=gamelog — [Errno 8] nodename nor servname provided, or not known
11:26:48 [INFO]   Games: 0 with box scores
11:26:48 [INFO]   Loaded: 0 games, 0 player-game-stat rows
11:26:48 [INFO] 
[15/20] Gogebic CC
11:26:48 [INFO] Scraping team: Gogebic CC (gogebiccommunitycollege)
11:36:52 [ERROR] Request failed: https://njcaastats.prestosports.com/sports/mbkb/2025-26/div2/teams/gogebiccommunitycollege?view=roster — [Errno 8] nodename nor servname provided, or not known
11:36:52 [INFO]   Roster: 0 players
12:11:14 [ERROR] Request failed: https://njcaastats.prestosports.com/sports/mbkb/2025-26/div2/teams/gogebiccommunitycollege?view=gamelog — [Errno 8] nodename nor servname provided, or not known
12:11:14 [INFO]   Games: 0 with box scores
12:11:14 [INFO]   Loaded: 0 games, 0 player-game-stat rows
12:11:14 [INFO] 
[16/20] Grand Rapids CC
12:11:14 [INFO] Scraping team: Grand Rapids CC (grandrapidscommunitycollege)
12:27:19 [ERROR] Request failed: https://njcaastats.prestosports.com/sports/mbkb/2025-26/div2/teams/grandrapidscommunitycollege?view=roster — [Errno 8] nodename nor servname provided, or not known
12:27:19 [INFO]   Roster: 0 players
12:54:26 [ERROR] Request failed: https://njcaastats.prestosports.com/sports/mbkb/2025-26/div2/teams/grandrapidscommunitycollege?view=gamelog — [Errno 8] nodename nor servname provided, or not known
12:54:26 [INFO]   Games: 0 with box scores
12:54:26 [INFO]   Loaded: 0 games, 0 player-game-stat rows
12:54:26 [INFO] 
[17/20] Guilford Technical CC
12:54:26 [INFO] Scraping team: Guilford Technical CC (guilfordtechnicalcommunitycollege)
13:12:19 [ERROR] Request failed: https://njcaastats.prestosports.com/sports/mbkb/2025-26/div2/teams/guilfordtechnicalcommunitycollege?view=roster — [Errno 8] nodename nor servname provided, or not known
13:12:19 [INFO]   Roster: 0 players
13:12:29 [ERROR] Request failed: https://njcaastats.prestosports.com/sports/mbkb/2025-26/div2/teams/guilfordtechnicalcommunitycollege?view=gamelog — [Errno 8] nodename nor servname provided, or not known
13:12:29 [INFO]   Games: 0 with box scores
13:12:29 [INFO]   Loaded: 0 games, 0 player-game-stat rows
13:12:29 [INFO] 
[18/20] Harper College
13:12:29 [INFO] Scraping team: Harper College (harpercollege)
13:12:39 [ERROR] Request failed: https://njcaastats.prestosports.com/sports/mbkb/2025-26/div2/teams/harpercollege?view=roster — [SSL: WRONG_VERSION_NUMBER] wrong version number (_ssl.c:1129)
13:12:39 [INFO]   Roster: 0 players
13:12:50 [ERROR] Request failed: https://njcaastats.prestosports.com/sports/mbkb/2025-26/div2/teams/harpercollege?view=gamelog — [SSL: WRONG_VERSION_NUMBER] wrong version number (_ssl.c:1129)
13:12:50 [INFO]   Games: 0 with box scores
13:12:50 [INFO]   Loaded: 0 games, 0 player-game-stat rows
13:12:50 [INFO] 
[19/20] Henry Ford College
13:12:50 [INFO] Scraping team: Henry Ford College (henryfordcollege)
13:13:00 [ERROR] Request failed: https://njcaastats.prestosports.com/sports/mbkb/2025-26/div2/teams/henryfordcollege?view=roster — [SSL: WRONG_VERSION_NUMBER] wrong version number (_ssl.c:1129)
13:13:00 [INFO]   Roster: 0 players
13:29:13 [ERROR] Request failed: https://njcaastats.prestosports.com/sports/mbkb/2025-26/div2/teams/henryfordcollege?view=gamelog — [Errno 8] nodename nor servname provided, or not known
13:29:13 [INFO]   Games: 0 with box scores
13:29:13 [INFO]   Loaded: 0 games, 0 player-game-stat rows
13:29:13 [INFO] 
[20/20] Highland CC - Kansas
13:29:13 [INFO] Scraping team: Highland CC - Kansas (highlandcommunitycollegekansas)
13:38:51 [ERROR] Request failed: https://njcaastats.prestosports.com/sports/mbkb/2025-26/div2/teams/highlandcommunitycollegekansas?view=roster — [Errno 8] nodename nor servname provided, or not known
13:38:51 [INFO]   Roster: 0 players
13:54:25 [ERROR] Request failed: https://njcaastats.prestosports.com/sports/mbkb/2025-26/div2/teams/highlandcommunitycollegekansas?view=gamelog — [Errno 8] nodename nor servname provided, or not known
13:54:25 [INFO]   Games: 0 with box scores
13:54:25 [INFO]   Loaded: 0 games, 0 player-game-stat rows
13:54:25 [INFO] 
============================================================
13:54:25 [INFO]   BATCH COMPLETE: 20 teams, 157 games, 3819 PGS rows
13:54:25 [INFO] ============================================================

============================================================
  BATCH (njcaa_d2) — FINAL SUMMARY
============================================================
  Total teams discovered & scraped: 2881
  Total players in database:        29450
  Total games with box scores:      15795
  Total player_game_stats rows:     411903
  Total team_game_stats rows:       17585
  Total HTTP requests:              22054
  Failed URLs (in scrape_log):      332
============================================================
