14:11:41 [INFO] Batch: 20 teams, level=njcaa_d1, assoc=njcaa
14:11:41 [INFO] 
[1/20] Gillette College
14:11:41 [INFO] Scraping team: Gillette College (gillettecollege)
14:11:52 [INFO] HTTP Request: GET https://njcaastats.prestosports.com/sports/mbkb/2025-26/div1/teams/gillettecollege?view=roster "HTTP/1.1 200 OK"
14:11:52 [INFO]   Roster: 11 players
14:12:13 [INFO] HTTP Request: GET https://njcaastats.prestosports.com/sports/mbkb/2025-26/div1/teams/gillettecollege?view=gamelog "HTTP/1.1 200 OK"
14:12:13 [INFO]   Games: 25 with box scores
14:12:24 [INFO] HTTP Request: GET https://njcaastats.prestosports.com/sports/mbkb/2025-26/div1/boxscores/20251031_0oov.xml "HTTP/1.1 200 OK"
14:12:35 [INFO] HTTP Request: GET https://njcaastats.prestosports.com/sports/mbkb/2025-26/div1/boxscores/20251101_ck90.xml "HTTP/1.1 200 OK"
14:12:46 [INFO] HTTP Request: GET https://njcaastats.prestosports.com/sports/mbkb/2025-26/div1/boxscores/20251107_4fxu.xml "HTTP/1.1 200 OK"
14:12:57 [INFO] HTTP Request: GET https://njcaastats.prestosports.com/sports/mbkb/2025-26/div1/boxscores/20251108_3vm9.xml "HTTP/1.1 200 OK"
14:13:08 [INFO] HTTP Request: GET https://njcaastats.prestosports.com/sports/mbkb/2025-26/div1/boxscores/20251119_egbo.xml "HTTP/1.1 200 OK"
14:13:19 [INFO] HTTP Request: GET https://njcaastats.prestosports.com/sports/mbkb/2025-26/div1/boxscores/20251122_ggg3.xml "HTTP/1.1 200 OK"
14:13:30 [INFO] HTTP Request: GET https://njcaastats.prestosports.com/sports/mbkb/2025-26/div1/boxscores/20251128_ad9f.xml "HTTP/1.1 200 OK"
14:13:41 [INFO] HTTP Request: GET https://njcaastats.prestosports.com/sports/mbkb/2025-26/div1/boxscores/20251129_2oad.xml "HTTP/1.1 200 OK"
14:13:52 [INFO] HTTP Request: GET https://njcaastats.prestosports.com/sports/mbkb/2025-26/div1/boxscores/20251206_2n1q.xml "HTTP/1.1 200 OK"
14:14:03 [INFO] HTTP Request: GET https://njcaastats.prestosports.com/sports/mbkb/2025-26/div1/boxscores/20251210_0hl3.xml "HTTP/1.1 200 OK"
14:14:14 [INFO] HTTP Request: GET https://njcaastats.prestosports.com/sports/mbkb/2025-26/div1/boxscores/20251218_k3t3.xml "HTTP/1.1 200 OK"
14:14:25 [INFO] HTTP Request: GET https://njcaastats.prestosports.com/sports/mbkb/2025-26/div1/boxscores/20251219_gmxg.xml "HTTP/1.1 200 OK"
14:14:36 [INFO] HTTP Request: GET https://njcaastats.prestosports.com/sports/mbkb/2025-26/div1/boxscores/20260102_f1er.xml "HTTP/1.1 200 OK"
14:14:47 [INFO] HTTP Request: GET https://njcaastats.prestosports.com/sports/mbkb/2025-26/div1/boxscores/20260103_qbbs.xml "HTTP/1.1 200 OK"
14:14:58 [INFO] HTTP Request: GET https://njcaastats.prestosports.com/sports/mbkb/2025-26/div1/boxscores/20260108_ebi5.xml "HTTP/1.1 200 OK"
14:15:10 [INFO] HTTP Request: GET https://njcaastats.prestosports.com/sports/mbkb/2025-26/div1/boxscores/20260114_xet2.xml "HTTP/1.1 200 OK"
14:15:21 [INFO] HTTP Request: GET https://njcaastats.prestosports.com/sports/mbkb/2025-26/div1/boxscores/20260117_8isx.xml "HTTP/1.1 200 OK"
14:15:32 [INFO] HTTP Request: GET https://njcaastats.prestosports.com/sports/mbkb/2025-26/div1/boxscores/20260121_5o2e.xml "HTTP/1.1 200 OK"
14:15:43 [INFO] HTTP Request: GET https://njcaastats.prestosports.com/sports/mbkb/2025-26/div1/boxscores/20260124_jjr4.xml "HTTP/1.1 200 OK"
14:15:54 [INFO] HTTP Request: GET https://njcaastats.prestosports.com/sports/mbkb/2025-26/div1/boxscores/20260128_1mip.xml "HTTP/1.1 200 OK"
14:16:05 [INFO] HTTP Request: GET https://njcaastats.prestosports.com/sports/mbkb/2025-26/div1/boxscores/20260204_q7up.xml "HTTP/1.1 200 OK"
14:16:16 [INFO] HTTP Request: GET https://njcaastats.prestosports.com/sports/mbkb/2025-26/div1/boxscores/20260207_x9u3.xml "HTTP/1.1 200 OK"
14:16:27 [INFO] HTTP Request: GET https://njcaastats.prestosports.com/sports/mbkb/2025-26/div1/boxscores/20260211_a1o7.xml "HTTP/1.1 200 OK"
14:16:39 [INFO] HTTP Request: GET https://njcaastats.prestosports.com/sports/mbkb/2025-26/div1/boxscores/20260214_lnbq.xml "HTTP/1.1 200 OK"
14:16:50 [INFO] HTTP Request: GET https://njcaastats.prestosports.com/sports/mbkb/2025-26/div1/boxscores/20260221_a0xy.xml "HTTP/1.1 200 OK"
14:16:50 [INFO]   Loaded: 25 games, 539 player-game-stat rows
14:16:50 [INFO] 
[2/20] Gordon State College
14:16:50 [INFO] Scraping team: Gordon State College (gordonstatecollege)
14:17:12 [INFO] HTTP Request: GET https://njcaastats.prestosports.com/sports/mbkb/2025-26/div1/teams/gordonstatecollege?view=roster "HTTP/1.1 200 OK"
14:17:12 [INFO]   Roster: 16 players
14:17:33 [INFO] HTTP Request: GET https://njcaastats.prestosports.com/sports/mbkb/2025-26/div1/teams/gordonstatecollege?view=gamelog "HTTP/1.1 200 OK"
14:17:33 [INFO]   Games: 26 with box scores
14:17:44 [INFO] HTTP Request: GET https://njcaastats.prestosports.com/sports/mbkb/2025-26/div1/boxscores/20251031_2v0v.xml "HTTP/1.1 200 OK"
14:17:55 [INFO] HTTP Request: GET https://njcaastats.prestosports.com/sports/mbkb/2025-26/div1/boxscores/20251104_6a8l.xml "HTTP/1.1 200 OK"
14:18:06 [INFO] HTTP Request: GET https://njcaastats.prestosports.com/sports/mbkb/2025-26/div1/boxscores/20251107_3ewy.xml "HTTP/1.1 200 OK"
14:18:17 [INFO] HTTP Request: GET https://njcaastats.prestosports.com/sports/mbkb/2025-26/div1/boxscores/20251110_8rsk.xml "HTTP/1.1 200 OK"
14:18:28 [INFO] HTTP Request: GET https://njcaastats.prestosports.com/sports/mbkb/2025-26/div1/boxscores/20251114_2kmb.xml "HTTP/1.1 200 OK"
14:18:39 [INFO] HTTP Request: GET https://njcaastats.prestosports.com/sports/mbkb/2025-26/div1/boxscores/20251115_3n57.xml "HTTP/1.1 200 OK"
14:18:50 [INFO] HTTP Request: GET https://njcaastats.prestosports.com/sports/mbkb/2025-26/div1/boxscores/20251202_rpyd.xml "HTTP/1.1 200 OK"
14:19:01 [INFO] HTTP Request: GET https://njcaastats.prestosports.com/sports/mbkb/2025-26/div1/boxscores/20251206_g37a.xml "HTTP/1.1 200 OK"
14:19:12 [INFO] HTTP Request: GET https://njcaastats.prestosports.com/sports/mbkb/2025-26/div1/boxscores/20251211_ii0u.xml "HTTP/1.1 200 OK"
14:19:23 [INFO] HTTP Request: GET https://njcaastats.prestosports.com/sports/mbkb/2025-26/div1/boxscores/20251215_pa1o.xml "HTTP/1.1 200 OK"
14:19:34 [INFO] HTTP Request: GET https://njcaastats.prestosports.com/sports/mbkb/2025-26/div1/boxscores/20251216_qfw5.xml "HTTP/1.1 200 OK"
14:19:45 [INFO] HTTP Request: GET https://njcaastats.prestosports.com/sports/mbkb/2025-26/div1/boxscores/20251230_tnzw.xml "HTTP/1.1 200 OK"
14:19:56 [INFO] HTTP Request: GET https://njcaastats.prestosports.com/sports/mbkb/2025-26/div1/boxscores/20260103_uhqv.xml "HTTP/1.1 200 OK"
14:20:07 [INFO] HTTP Request: GET https://njcaastats.prestosports.com/sports/mbkb/2025-26/div1/boxscores/20260107_j6u6.xml "HTTP/1.1 200 OK"
14:20:18 [INFO] HTTP Request: GET https://njcaastats.prestosports.com/sports/mbkb/2025-26/div1/boxscores/20260110_gsqp.xml "HTTP/1.1 200 OK"
14:20:29 [INFO] HTTP Request: GET https://njcaastats.prestosports.com/sports/mbkb/2025-26/div1/boxscores/20260114_r9rm.xml "HTTP/1.1 200 OK"
14:20:41 [INFO] HTTP Request: GET https://njcaastats.prestosports.com/sports/mbkb/2025-26/div1/boxscores/20260117_osmp.xml "HTTP/1.1 200 OK"
14:20:52 [INFO] HTTP Request: GET https://njcaastats.prestosports.com/sports/mbkb/2025-26/div1/boxscores/20260121_nfet.xml "HTTP/1.1 200 OK"
14:21:03 [INFO] HTTP Request: GET https://njcaastats.prestosports.com/sports/mbkb/2025-26/div1/boxscores/20260124_qkxu.xml "HTTP/1.1 200 OK"
14:21:14 [INFO] HTTP Request: GET https://njcaastats.prestosports.com/sports/mbkb/2025-26/div1/boxscores/20260128_vw5z.xml "HTTP/1.1 200 OK"
14:21:25 [INFO] HTTP Request: GET https://njcaastats.prestosports.com/sports/mbkb/2025-26/div1/boxscores/20260204_fynw.xml "HTTP/1.1 200 OK"
14:21:36 [INFO] HTTP Request: GET https://njcaastats.prestosports.com/sports/mbkb/2025-26/div1/boxscores/20260207_6fxn.xml "HTTP/1.1 200 OK"
14:21:47 [INFO] HTTP Request: GET https://njcaastats.prestosports.com/sports/mbkb/2025-26/div1/boxscores/20260211_qpy0.xml "HTTP/1.1 200 OK"
14:21:58 [INFO] HTTP Request: GET https://njcaastats.prestosports.com/sports/mbkb/2025-26/div1/boxscores/20260214_ko59.xml "HTTP/1.1 200 OK"
14:22:09 [INFO] HTTP Request: GET https://njcaastats.prestosports.com/sports/mbkb/2025-26/div1/boxscores/20260218_dy0t.xml "HTTP/1.1 200 OK"
14:22:21 [INFO] HTTP Request: GET https://njcaastats.prestosports.com/sports/mbkb/2025-26/div1/boxscores/20260221_4kh0.xml "HTTP/1.1 200 OK"
14:22:21 [INFO]   Loaded: 26 games, 625 player-game-stat rows
14:22:21 [INFO] 
[3/20] Grayson College
14:22:21 [INFO] Scraping team: Grayson College (graysoncollege)
14:22:41 [INFO] HTTP Request: GET https://njcaastats.prestosports.com/sports/mbkb/2025-26/div1/teams/graysoncollege?view=roster "HTTP/1.1 200 OK"
14:22:41 [INFO]   Roster: 12 players
14:23:04 [INFO] HTTP Request: GET https://njcaastats.prestosports.com/sports/mbkb/2025-26/div1/teams/graysoncollege?view=gamelog "HTTP/1.1 200 OK"
14:23:04 [INFO]   Games: 26 with box scores
14:23:15 [INFO] HTTP Request: GET https://njcaastats.prestosports.com/sports/mbkb/2025-26/div1/boxscores/20251104_0fpj.xml "HTTP/1.1 200 OK"
14:23:26 [INFO] HTTP Request: GET https://njcaastats.prestosports.com/sports/mbkb/2025-26/div1/boxscores/20251108_rjjc.xml "HTTP/1.1 200 OK"
14:23:37 [INFO] HTTP Request: GET https://njcaastats.prestosports.com/sports/mbkb/2025-26/div1/boxscores/20251112_i8ef.xml "HTTP/1.1 200 OK"
14:23:48 [INFO] HTTP Request: GET https://njcaastats.prestosports.com/sports/mbkb/2025-26/div1/boxscores/20251114_ksbm.xml "HTTP/1.1 200 OK"
14:23:59 [INFO] HTTP Request: GET https://njcaastats.prestosports.com/sports/mbkb/2025-26/div1/boxscores/20251115_09oz.xml "HTTP/1.1 200 OK"
14:24:10 [INFO] HTTP Request: GET https://njcaastats.prestosports.com/sports/mbkb/2025-26/div1/boxscores/20251118_6g3r.xml "HTTP/1.1 200 OK"
14:24:22 [INFO] HTTP Request: GET https://njcaastats.prestosports.com/sports/mbkb/2025-26/div1/boxscores/20251120_n11u.xml "HTTP/1.1 200 OK"
14:24:33 [INFO] HTTP Request: GET https://njcaastats.prestosports.com/sports/mbkb/2025-26/div1/boxscores/20251122_rpol.xml "HTTP/1.1 200 OK"
14:24:44 [INFO] HTTP Request: GET https://njcaastats.prestosports.com/sports/mbkb/2025-26/div1/boxscores/20251124_u0q4.xml "HTTP/1.1 200 OK"
14:24:55 [INFO] HTTP Request: GET https://njcaastats.prestosports.com/sports/mbkb/2025-26/div1/boxscores/20251128_caqs.xml "HTTP/1.1 200 OK"
14:25:06 [INFO] HTTP Request: GET https://njcaastats.prestosports.com/sports/mbkb/2025-26/div1/boxscores/20251129_bbfh.xml "HTTP/1.1 200 OK"
14:25:17 [INFO] HTTP Request: GET https://njcaastats.prestosports.com/sports/mbkb/2025-26/div1/boxscores/20251204_bqfd.xml "HTTP/1.1 200 OK"
14:25:28 [INFO] HTTP Request: GET https://njcaastats.prestosports.com/sports/mbkb/2025-26/div1/boxscores/20251208_rro9.xml "HTTP/1.1 200 OK"
14:25:39 [INFO] HTTP Request: GET https://njcaastats.prestosports.com/sports/mbkb/2025-26/div1/boxscores/20251211_cjmq.xml "HTTP/1.1 200 OK"
14:25:50 [INFO] HTTP Request: GET https://njcaastats.prestosports.com/sports/mbkb/2025-26/div1/boxscores/20251213_sabh.xml "HTTP/1.1 200 OK"
14:26:01 [INFO] HTTP Request: GET https://njcaastats.prestosports.com/sports/mbkb/2025-26/div1/boxscores/20260107_mqan.xml "HTTP/1.1 200 OK"
14:26:12 [INFO] HTTP Request: GET https://njcaastats.prestosports.com/sports/mbkb/2025-26/div1/boxscores/20260110_msrf.xml "HTTP/1.1 200 OK"
14:26:23 [INFO] HTTP Request: GET https://njcaastats.prestosports.com/sports/mbkb/2025-26/div1/boxscores/20260114_nyqd.xml "HTTP/1.1 200 OK"
14:26:34 [INFO] HTTP Request: GET https://njcaastats.prestosports.com/sports/mbkb/2025-26/div1/boxscores/20260121_sc6u.xml "HTTP/1.1 200 OK"
14:26:45 [INFO] HTTP Request: GET https://njcaastats.prestosports.com/sports/mbkb/2025-26/div1/boxscores/20260131_mizl.xml "HTTP/1.1 200 OK"
14:26:56 [INFO] HTTP Request: GET https://njcaastats.prestosports.com/sports/mbkb/2025-26/div1/boxscores/20260202_y1ih.xml "HTTP/1.1 200 OK"
14:27:07 [INFO] HTTP Request: GET https://njcaastats.prestosports.com/sports/mbkb/2025-26/div1/boxscores/20260204_qith.xml "HTTP/1.1 200 OK"
14:27:18 [INFO] HTTP Request: GET https://njcaastats.prestosports.com/sports/mbkb/2025-26/div1/boxscores/20260207_t9o8.xml "HTTP/1.1 200 OK"
14:27:29 [INFO] HTTP Request: GET https://njcaastats.prestosports.com/sports/mbkb/2025-26/div1/boxscores/20260209_3d7b.xml "HTTP/1.1 200 OK"
14:27:40 [INFO] HTTP Request: GET https://njcaastats.prestosports.com/sports/mbkb/2025-26/div1/boxscores/20260214_9m6z.xml "HTTP/1.1 200 OK"
14:27:51 [INFO] HTTP Request: GET https://njcaastats.prestosports.com/sports/mbkb/2025-26/div1/boxscores/20260221_6z2s.xml "HTTP/1.1 200 OK"
14:27:51 [INFO]   Loaded: 26 games, 530 player-game-stat rows
14:27:51 [INFO] 
[4/20] Gulf Coast State College
14:27:51 [INFO] Scraping team: Gulf Coast State College (gulfcoaststatecollege)
14:28:14 [INFO] HTTP Request: GET https://njcaastats.prestosports.com/sports/mbkb/2025-26/div1/teams/gulfcoaststatecollege?view=roster "HTTP/1.1 200 OK"
14:28:14 [INFO]   Roster: 13 players
14:28:34 [INFO] HTTP Request: GET https://njcaastats.prestosports.com/sports/mbkb/2025-26/div1/teams/gulfcoaststatecollege?view=gamelog "HTTP/1.1 200 OK"
14:28:35 [INFO]   Games: 28 with box scores
14:28:45 [INFO] HTTP Request: GET https://njcaastats.prestosports.com/sports/mbkb/2025-26/div1/boxscores/20251031_flp2.xml "HTTP/1.1 200 OK"
14:28:56 [INFO] HTTP Request: GET https://njcaastats.prestosports.com/sports/mbkb/2025-26/div1/boxscores/20251101_pxrd.xml "HTTP/1.1 200 OK"
14:29:07 [INFO] HTTP Request: GET https://njcaastats.prestosports.com/sports/mbkb/2025-26/div1/boxscores/20251107_jtqi.xml "HTTP/1.1 200 OK"
14:29:18 [INFO] HTTP Request: GET https://njcaastats.prestosports.com/sports/mbkb/2025-26/div1/boxscores/20251108_pwc6.xml "HTTP/1.1 200 OK"
14:29:29 [INFO] HTTP Request: GET https://njcaastats.prestosports.com/sports/mbkb/2025-26/div1/boxscores/20251114_2kmb.xml "HTTP/1.1 200 OK"
14:29:40 [INFO] HTTP Request: GET https://njcaastats.prestosports.com/sports/mbkb/2025-26/div1/boxscores/20251115_ya8s.xml "HTTP/1.1 200 OK"
14:29:51 [INFO] HTTP Request: GET https://njcaastats.prestosports.com/sports/mbkb/2025-26/div1/boxscores/20251119_vzj0.xml "HTTP/1.1 200 OK"
14:30:02 [INFO] HTTP Request: GET https://njcaastats.prestosports.com/sports/mbkb/2025-26/div1/boxscores/20251124_qk40.xml "HTTP/1.1 200 OK"
14:30:13 [INFO] HTTP Request: GET https://njcaastats.prestosports.com/sports/mbkb/2025-26/div1/boxscores/20251125_9gxn.xml "HTTP/1.1 200 OK"
14:30:24 [INFO] HTTP Request: GET https://njcaastats.prestosports.com/sports/mbkb/2025-26/div1/boxscores/20251126_m447.xml "HTTP/1.1 200 OK"
14:30:35 [INFO] HTTP Request: GET https://njcaastats.prestosports.com/sports/mbkb/2025-26/div1/boxscores/20251203_26jp.xml "HTTP/1.1 200 OK"
14:30:46 [INFO] HTTP Request: GET https://njcaastats.prestosports.com/sports/mbkb/2025-26/div1/boxscores/20251206_9u30.xml "HTTP/1.1 200 OK"
14:30:57 [INFO] HTTP Request: GET https://njcaastats.prestosports.com/sports/mbkb/2025-26/div1/boxscores/20251207_twgz.xml "HTTP/1.1 200 OK"
14:31:08 [INFO] HTTP Request: GET https://njcaastats.prestosports.com/sports/mbkb/2025-26/div1/boxscores/20251212_8de6.xml "HTTP/1.1 200 OK"
14:31:19 [INFO] HTTP Request: GET https://njcaastats.prestosports.com/sports/mbkb/2025-26/div1/boxscores/20251213_gedw.xml "HTTP/1.1 200 OK"
14:31:30 [INFO] HTTP Request: GET https://njcaastats.prestosports.com/sports/mbkb/2025-26/div1/boxscores/20251230_z2mz.xml "HTTP/1.1 200 OK"
14:31:41 [INFO] HTTP Request: GET https://njcaastats.prestosports.com/sports/mbkb/2025-26/div1/boxscores/20251231_t79i.xml "HTTP/1.1 200 OK"
14:31:52 [INFO] HTTP Request: GET https://njcaastats.prestosports.com/sports/mbkb/2025-26/div1/boxscores/20260109_a1a8.xml "HTTP/1.1 200 OK"
14:32:03 [INFO] HTTP Request: GET https://njcaastats.prestosports.com/sports/mbkb/2025-26/div1/boxscores/20260114_71bq.xml "HTTP/1.1 200 OK"
14:32:14 [INFO] HTTP Request: GET https://njcaastats.prestosports.com/sports/mbkb/2025-26/div1/boxscores/20260117_3du9.xml "HTTP/1.1 200 OK"
14:32:25 [INFO] HTTP Request: GET https://njcaastats.prestosports.com/sports/mbkb/2025-26/div1/boxscores/20260121_hl7p.xml "HTTP/1.1 200 OK"
14:32:36 [INFO] HTTP Request: GET https://njcaastats.prestosports.com/sports/mbkb/2025-26/div1/boxscores/20260124_y91c.xml "HTTP/1.1 200 OK"
14:32:47 [INFO] HTTP Request: GET https://njcaastats.prestosports.com/sports/mbkb/2025-26/div1/boxscores/20260131_6va1.xml "HTTP/1.1 200 OK"
14:32:58 [INFO] HTTP Request: GET https://njcaastats.prestosports.com/sports/mbkb/2025-26/div1/boxscores/20260204_eo4g.xml "HTTP/1.1 200 OK"
14:33:09 [INFO] HTTP Request: GET https://njcaastats.prestosports.com/sports/mbkb/2025-26/div1/boxscores/20260207_jvqj.xml "HTTP/1.1 200 OK"
14:33:20 [INFO] HTTP Request: GET https://njcaastats.prestosports.com/sports/mbkb/2025-26/div1/boxscores/20260211_csib.xml "HTTP/1.1 200 OK"
14:33:31 [INFO] HTTP Request: GET https://njcaastats.prestosports.com/sports/mbkb/2025-26/div1/boxscores/20260218_omld.xml "HTTP/1.1 200 OK"
14:33:42 [INFO] HTTP Request: GET https://njcaastats.prestosports.com/sports/mbkb/2025-26/div1/boxscores/20260221_3eyz.xml "HTTP/1.1 200 OK"
14:33:42 [INFO]   Loaded: 28 games, 614 player-game-stat rows
14:33:42 [INFO] 
[5/20] Hagerstown CC
14:33:42 [INFO] Scraping team: Hagerstown CC (hagerstowncommunitycollege)
14:34:01 [INFO] HTTP Request: GET https://njcaastats.prestosports.com/sports/mbkb/2025-26/div1/teams/hagerstowncommunitycollege?view=roster "HTTP/1.1 200 OK"
14:34:01 [INFO]   Roster: 31 players
14:34:20 [INFO] HTTP Request: GET https://njcaastats.prestosports.com/sports/mbkb/2025-26/div1/teams/hagerstowncommunitycollege?view=gamelog "HTTP/1.1 200 OK"
14:34:21 [INFO]   Games: 27 with box scores
14:34:32 [INFO] HTTP Request: GET https://njcaastats.prestosports.com/sports/mbkb/2025-26/div1/boxscores/20251115_6745.xml "HTTP/1.1 200 OK"
14:34:42 [INFO] HTTP Request: GET https://njcaastats.prestosports.com/sports/mbkb/2025-26/div1/boxscores/20251120_de5w.xml "HTTP/1.1 200 OK"
14:34:54 [INFO] HTTP Request: GET https://njcaastats.prestosports.com/sports/mbkb/2025-26/div1/boxscores/20251121_8hh8.xml "HTTP/1.1 200 OK"
14:35:05 [INFO] HTTP Request: GET https://njcaastats.prestosports.com/sports/mbkb/2025-26/div1/boxscores/20251122_b3vm.xml "HTTP/1.1 200 OK"
14:35:16 [INFO] HTTP Request: GET https://njcaastats.prestosports.com/sports/mbkb/2025-26/div1/boxscores/20251125_4mh5.xml "HTTP/1.1 200 OK"
14:35:27 [INFO] HTTP Request: GET https://njcaastats.prestosports.com/sports/mbkb/2025-26/div1/boxscores/20251129_24bj.xml "HTTP/1.1 200 OK"
14:35:38 [INFO] HTTP Request: GET https://njcaastats.prestosports.com/sports/mbkb/2025-26/div1/boxscores/20251130_10dn.xml "HTTP/1.1 200 OK"
14:35:49 [INFO] HTTP Request: GET https://njcaastats.prestosports.com/sports/mbkb/2025-26/div1/boxscores/20251202_2oov.xml "HTTP/1.1 200 OK"
14:36:00 [INFO] HTTP Request: GET https://njcaastats.prestosports.com/sports/mbkb/2025-26/div1/boxscores/20251210_stmc.xml "HTTP/1.1 200 OK"
14:36:11 [INFO] HTTP Request: GET https://njcaastats.prestosports.com/sports/mbkb/2025-26/div1/boxscores/20251213_3u1j.xml "HTTP/1.1 200 OK"
14:36:22 [INFO] HTTP Request: GET https://njcaastats.prestosports.com/sports/mbkb/2025-26/div1/boxscores/20251214_65jn.xml "HTTP/1.1 200 OK"
14:36:33 [INFO] HTTP Request: GET https://njcaastats.prestosports.com/sports/mbkb/2025-26/div1/boxscores/20260102_0ovx.xml "HTTP/1.1 200 OK"
14:36:44 [INFO] HTTP Request: GET https://njcaastats.prestosports.com/sports/mbkb/2025-26/div1/boxscores/20260103_qr04.xml "HTTP/1.1 200 OK"
14:36:55 [INFO] HTTP Request: GET https://njcaastats.prestosports.com/sports/mbkb/2025-26/div1/boxscores/20260107_a3bf.xml "HTTP/1.1 200 OK"
14:37:06 [INFO] HTTP Request: GET https://njcaastats.prestosports.com/sports/mbkb/2025-26/div1/boxscores/20260112_ltz7.xml "HTTP/1.1 200 OK"
14:37:17 [INFO] HTTP Request: GET https://njcaastats.prestosports.com/sports/mbkb/2025-26/div1/boxscores/20260114_bg0u.xml "HTTP/1.1 200 OK"
14:37:28 [INFO] HTTP Request: GET https://njcaastats.prestosports.com/sports/mbkb/2025-26/div1/boxscores/20260117_pd4a.xml "HTTP/1.1 200 OK"
14:37:39 [INFO] HTTP Request: GET https://njcaastats.prestosports.com/sports/mbkb/2025-26/div1/boxscores/20260121_kt3u.xml "HTTP/1.1 200 OK"
14:37:49 [INFO] HTTP Request: GET https://njcaastats.prestosports.com/sports/mbkb/2025-26/div1/boxscores/20260124_3iva.xml "HTTP/1.1 200 OK"
14:38:01 [INFO] HTTP Request: GET https://njcaastats.prestosports.com/sports/mbkb/2025-26/div1/boxscores/20260128_sqdl.xml "HTTP/1.1 200 OK"
14:38:12 [INFO] HTTP Request: GET https://njcaastats.prestosports.com/sports/mbkb/2025-26/div1/boxscores/20260204_gh7b.xml "HTTP/1.1 200 OK"
14:38:22 [INFO] HTTP Request: GET https://njcaastats.prestosports.com/sports/mbkb/2025-26/div1/boxscores/20260207_v7w8.xml "HTTP/1.1 200 OK"
14:38:33 [INFO] HTTP Request: GET https://njcaastats.prestosports.com/sports/mbkb/2025-26/div1/boxscores/20260209_s4jy.xml "HTTP/1.1 200 OK"
14:38:45 [INFO] HTTP Request: GET https://njcaastats.prestosports.com/sports/mbkb/2025-26/div1/boxscores/20260211_6hg2.xml "HTTP/1.1 200 OK"
14:38:56 [INFO] HTTP Request: GET https://njcaastats.prestosports.com/sports/mbkb/2025-26/div1/boxscores/20260214_n85f.xml "HTTP/1.1 200 OK"
14:39:06 [INFO] HTTP Request: GET https://njcaastats.prestosports.com/sports/mbkb/2025-26/div1/boxscores/20260217_b8sm.xml "HTTP/1.1 200 OK"
14:39:17 [INFO] HTTP Request: GET https://njcaastats.prestosports.com/sports/mbkb/2025-26/div1/boxscores/20260223_2n27.xml "HTTP/1.1 200 OK"
14:39:18 [INFO]   Loaded: 27 games, 635 player-game-stat rows
14:39:18 [INFO] 
[6/20] Harcum College
14:39:18 [INFO] Scraping team: Harcum College (harcumcollege)
14:39:37 [INFO] HTTP Request: GET https://njcaastats.prestosports.com/sports/mbkb/2025-26/div1/teams/harcumcollege?view=roster "HTTP/1.1 200 OK"
14:39:38 [INFO]   Roster: 14 players
14:39:57 [INFO] HTTP Request: GET https://njcaastats.prestosports.com/sports/mbkb/2025-26/div1/teams/harcumcollege?view=gamelog "HTTP/1.1 200 OK"
14:39:57 [INFO]   Games: 25 with box scores
14:40:08 [INFO] HTTP Request: GET https://njcaastats.prestosports.com/sports/mbkb/2025-26/div1/boxscores/20251031_ncgr.xml "HTTP/1.1 200 OK"
14:40:20 [INFO] HTTP Request: GET https://njcaastats.prestosports.com/sports/mbkb/2025-26/div1/boxscores/20251107_feqw.xml "HTTP/1.1 200 OK"
14:40:31 [INFO] HTTP Request: GET https://njcaastats.prestosports.com/sports/mbkb/2025-26/div1/boxscores/20251108_4d7x.xml "HTTP/1.1 200 OK"
14:40:41 [INFO] HTTP Request: GET https://njcaastats.prestosports.com/sports/mbkb/2025-26/div1/boxscores/20251112_875k.xml "HTTP/1.1 200 OK"
14:40:52 [INFO] HTTP Request: GET https://njcaastats.prestosports.com/sports/mbkb/2025-26/div1/boxscores/20251116_v4gi.xml "HTTP/1.1 200 OK"
14:41:03 [INFO] HTTP Request: GET https://njcaastats.prestosports.com/sports/mbkb/2025-26/div1/boxscores/20251119_fa44.xml "HTTP/1.1 200 OK"
14:41:15 [INFO] HTTP Request: GET https://njcaastats.prestosports.com/sports/mbkb/2025-26/div1/boxscores/20251202_1mw9.xml "HTTP/1.1 200 OK"
14:41:26 [INFO] HTTP Request: GET https://njcaastats.prestosports.com/sports/mbkb/2025-26/div1/boxscores/20251205_z27h.xml "HTTP/1.1 200 OK"
14:41:37 [INFO] HTTP Request: GET https://njcaastats.prestosports.com/sports/mbkb/2025-26/div1/boxscores/20251212_axvb.xml "HTTP/1.1 200 OK"
14:41:48 [INFO] HTTP Request: GET https://njcaastats.prestosports.com/sports/mbkb/2025-26/div1/boxscores/20251213_i4gz.xml "HTTP/1.1 200 OK"
14:41:59 [INFO] HTTP Request: GET https://njcaastats.prestosports.com/sports/mbkb/2025-26/div1/boxscores/20251214_d59k.xml "HTTP/1.1 200 OK"
14:42:10 [INFO] HTTP Request: GET https://njcaastats.prestosports.com/sports/mbkb/2025-26/div1/boxscores/20260108_e8dq.xml "HTTP/1.1 200 OK"
14:42:21 [INFO] HTTP Request: GET https://njcaastats.prestosports.com/sports/mbkb/2025-26/div1/boxscores/20260112_ltz7.xml "HTTP/1.1 200 OK"
14:42:32 [INFO] HTTP Request: GET https://njcaastats.prestosports.com/sports/mbkb/2025-26/div1/boxscores/20260117_c0r6.xml "HTTP/1.1 200 OK"
14:42:43 [INFO] HTTP Request: GET https://njcaastats.prestosports.com/sports/mbkb/2025-26/div1/boxscores/20260120_g1yc.xml "HTTP/1.1 200 OK"
14:42:54 [INFO] HTTP Request: GET https://njcaastats.prestosports.com/sports/mbkb/2025-26/div1/boxscores/20260124_mpdn.xml "HTTP/1.1 200 OK"
14:43:05 [INFO] HTTP Request: GET https://njcaastats.prestosports.com/sports/mbkb/2025-26/div1/boxscores/20260127_9tqh.xml "HTTP/1.1 200 OK"
14:43:16 [INFO] HTTP Request: GET https://njcaastats.prestosports.com/sports/mbkb/2025-26/div1/boxscores/20260131_f2gc.xml "HTTP/1.1 200 OK"
14:43:27 [INFO] HTTP Request: GET https://njcaastats.prestosports.com/sports/mbkb/2025-26/div1/boxscores/20260203_9jva.xml "HTTP/1.1 200 OK"
14:43:38 [INFO] HTTP Request: GET https://njcaastats.prestosports.com/sports/mbkb/2025-26/div1/boxscores/20260207_62p2.xml "HTTP/1.1 200 OK"
14:43:49 [INFO] HTTP Request: GET https://njcaastats.prestosports.com/sports/mbkb/2025-26/div1/boxscores/20260210_1ybw.xml "HTTP/1.1 200 OK"
14:44:00 [INFO] HTTP Request: GET https://njcaastats.prestosports.com/sports/mbkb/2025-26/div1/boxscores/20260214_fut1.xml "HTTP/1.1 200 OK"
14:44:11 [INFO] HTTP Request: GET https://njcaastats.prestosports.com/sports/mbkb/2025-26/div1/boxscores/20260217_b8sm.xml "HTTP/1.1 200 OK"
14:44:22 [INFO] HTTP Request: GET https://njcaastats.prestosports.com/sports/mbkb/2025-26/div1/boxscores/20260221_7lqx.xml "HTTP/1.1 200 OK"
14:44:33 [INFO] HTTP Request: GET https://njcaastats.prestosports.com/sports/mbkb/2025-26/div1/boxscores/20260224_jyys.xml "HTTP/1.1 200 OK"
14:44:33 [INFO]   Loaded: 25 games, 556 player-game-stat rows
14:44:33 [INFO] 
[7/20] Harford CC
14:44:33 [INFO] Scraping team: Harford CC (harfordcommunitycollege)
14:44:53 [INFO] HTTP Request: GET https://njcaastats.prestosports.com/sports/mbkb/2025-26/div1/teams/harfordcommunitycollege?view=roster "HTTP/1.1 200 OK"
14:44:53 [INFO]   Roster: 16 players
14:45:14 [INFO] HTTP Request: GET https://njcaastats.prestosports.com/sports/mbkb/2025-26/div1/teams/harfordcommunitycollege?view=gamelog "HTTP/1.1 200 OK"
14:45:14 [INFO]   Games: 29 with box scores
14:45:25 [INFO] HTTP Request: GET https://njcaastats.prestosports.com/sports/mbkb/2025-26/div1/boxscores/20251101_dqvu.xml "HTTP/1.1 200 OK"
14:45:36 [INFO] HTTP Request: GET https://njcaastats.prestosports.com/sports/mbkb/2025-26/div1/boxscores/20251102_qtrw.xml "HTTP/1.1 200 OK"
14:45:47 [INFO] HTTP Request: GET https://njcaastats.prestosports.com/sports/mbkb/2025-26/div1/boxscores/20251106_hkie.xml "HTTP/1.1 200 OK"
14:45:58 [INFO] HTTP Request: GET https://njcaastats.prestosports.com/sports/mbkb/2025-26/div1/boxscores/20251112_875k.xml "HTTP/1.1 200 OK"
14:46:09 [INFO] HTTP Request: GET https://njcaastats.prestosports.com/sports/mbkb/2025-26/div1/boxscores/20251114_pvw3.xml "HTTP/1.1 200 OK"
14:46:20 [INFO] HTTP Request: GET https://njcaastats.prestosports.com/sports/mbkb/2025-26/div1/boxscores/20251122_zgqs.xml "HTTP/1.1 200 OK"
14:46:31 [INFO] HTTP Request: GET https://njcaastats.prestosports.com/sports/mbkb/2025-26/div1/boxscores/20251123_xe6a.xml "HTTP/1.1 200 OK"
14:46:42 [INFO] HTTP Request: GET https://njcaastats.prestosports.com/sports/mbkb/2025-26/div1/boxscores/20251129_v6at.xml "HTTP/1.1 200 OK"
14:46:53 [INFO] HTTP Request: GET https://njcaastats.prestosports.com/sports/mbkb/2025-26/div1/boxscores/20251130_9aij.xml "HTTP/1.1 200 OK"
14:47:04 [INFO] HTTP Request: GET https://njcaastats.prestosports.com/sports/mbkb/2025-26/div1/boxscores/20251203_np0a.xml "HTTP/1.1 200 OK"
14:47:15 [INFO] HTTP Request: GET https://njcaastats.prestosports.com/sports/mbkb/2025-26/div1/boxscores/20251206_po7d.xml "HTTP/1.1 200 OK"
14:47:26 [INFO] HTTP Request: GET https://njcaastats.prestosports.com/sports/mbkb/2025-26/div1/boxscores/20251216_7g6b.xml "HTTP/1.1 200 OK"
14:47:37 [INFO] HTTP Request: GET https://njcaastats.prestosports.com/sports/mbkb/2025-26/div1/boxscores/20251218_d0zn.xml "HTTP/1.1 200 OK"
14:47:48 [INFO] HTTP Request: GET https://njcaastats.prestosports.com/sports/mbkb/2025-26/div1/boxscores/20251222_ybd1.xml "HTTP/1.1 200 OK"
14:48:00 [INFO] HTTP Request: GET https://njcaastats.prestosports.com/sports/mbkb/2025-26/div1/boxscores/20260102_0ovx.xml "HTTP/1.1 200 OK"
14:48:11 [INFO] HTTP Request: GET https://njcaastats.prestosports.com/sports/mbkb/2025-26/div1/boxscores/20260104_wsm0.xml "HTTP/1.1 200 OK"
14:48:22 [INFO] HTTP Request: GET https://njcaastats.prestosports.com/sports/mbkb/2025-26/div1/boxscores/20260107_9zq0.xml "HTTP/1.1 200 OK"
14:48:33 [INFO] HTTP Request: GET https://njcaastats.prestosports.com/sports/mbkb/2025-26/div1/boxscores/20260112_6nrx.xml "HTTP/1.1 200 OK"
14:48:44 [INFO] HTTP Request: GET https://njcaastats.prestosports.com/sports/mbkb/2025-26/div1/boxscores/20260114_0q0q.xml "HTTP/1.1 200 OK"
14:48:55 [INFO] HTTP Request: GET https://njcaastats.prestosports.com/sports/mbkb/2025-26/div1/boxscores/20260116_wtgr.xml "HTTP/1.1 200 OK"
14:49:06 [INFO] HTTP Request: GET https://njcaastats.prestosports.com/sports/mbkb/2025-26/div1/boxscores/20260121_oksc.xml "HTTP/1.1 200 OK"
14:49:17 [INFO] HTTP Request: GET https://njcaastats.prestosports.com/sports/mbkb/2025-26/div1/boxscores/20260123_vwmr.xml "HTTP/1.1 200 OK"
14:49:28 [INFO] HTTP Request: GET https://njcaastats.prestosports.com/sports/mbkb/2025-26/div1/boxscores/20260130_q3dx.xml "HTTP/1.1 200 OK"
14:49:39 [INFO] HTTP Request: GET https://njcaastats.prestosports.com/sports/mbkb/2025-26/div1/boxscores/20260203_mqh9.xml "HTTP/1.1 200 OK"
14:49:50 [INFO] HTTP Request: GET https://njcaastats.prestosports.com/sports/mbkb/2025-26/div1/boxscores/20260204_7vm8.xml "HTTP/1.1 200 OK"
14:50:01 [INFO] HTTP Request: GET https://njcaastats.prestosports.com/sports/mbkb/2025-26/div1/boxscores/20260209_s4jy.xml "HTTP/1.1 200 OK"
14:50:12 [INFO] HTTP Request: GET https://njcaastats.prestosports.com/sports/mbkb/2025-26/div1/boxscores/20260211_6jdk.xml "HTTP/1.1 200 OK"
14:50:24 [INFO] HTTP Request: GET https://njcaastats.prestosports.com/sports/mbkb/2025-26/div1/boxscores/20260218_a9dh.xml "HTTP/1.1 200 OK"
14:50:35 [INFO] HTTP Request: GET https://njcaastats.prestosports.com/sports/mbkb/2025-26/div1/boxscores/20260224_jyys.xml "HTTP/1.1 200 OK"
14:50:35 [INFO]   Loaded: 29 games, 679 player-game-stat rows
14:50:35 [INFO] 
[8/20] Harry S. Truman College
14:50:35 [INFO] Scraping team: Harry S. Truman College (harrystrumancollege)
14:50:55 [INFO] HTTP Request: GET https://njcaastats.prestosports.com/sports/mbkb/2025-26/div1/teams/harrystrumancollege?view=roster "HTTP/1.1 200 OK"
14:50:55 [INFO]   Roster: 13 players
14:51:16 [INFO] HTTP Request: GET https://njcaastats.prestosports.com/sports/mbkb/2025-26/div1/teams/harrystrumancollege?view=gamelog "HTTP/1.1 200 OK"
14:51:16 [INFO]   Games: 24 with box scores
14:51:27 [INFO] HTTP Request: GET https://njcaastats.prestosports.com/sports/mbkb/2025-26/div1/boxscores/20251106_vzmx.xml "HTTP/1.1 200 OK"
14:51:38 [INFO] HTTP Request: GET https://njcaastats.prestosports.com/sports/mbkb/2025-26/div1/boxscores/20251108_8juf.xml "HTTP/1.1 200 OK"
14:51:49 [INFO] HTTP Request: GET https://njcaastats.prestosports.com/sports/mbkb/2025-26/div1/boxscores/20251113_cd11.xml "HTTP/1.1 200 OK"
14:52:00 [INFO] HTTP Request: GET https://njcaastats.prestosports.com/sports/mbkb/2025-26/div1/boxscores/20251120_wjm2.xml "HTTP/1.1 200 OK"
14:52:11 [INFO] HTTP Request: GET https://njcaastats.prestosports.com/sports/mbkb/2025-26/div1/boxscores/20251122_xoqy.xml "HTTP/1.1 200 OK"
14:52:22 [INFO] HTTP Request: GET https://njcaastats.prestosports.com/sports/mbkb/2025-26/div1/boxscores/20251126_qun6.xml "HTTP/1.1 200 OK"
14:52:33 [INFO] HTTP Request: GET https://njcaastats.prestosports.com/sports/mbkb/2025-26/div1/boxscores/20251202_wfep.xml "HTTP/1.1 200 OK"
14:52:44 [INFO] HTTP Request: GET https://njcaastats.prestosports.com/sports/mbkb/2025-26/div1/boxscores/20251209_jomz.xml "HTTP/1.1 200 OK"
14:52:55 [INFO] HTTP Request: GET https://njcaastats.prestosports.com/sports/mbkb/2025-26/div1/boxscores/20251211_vvc5.xml "HTTP/1.1 200 OK"
14:53:06 [INFO] HTTP Request: GET https://njcaastats.prestosports.com/sports/mbkb/2025-26/div1/boxscores/20251213_pgde.xml "HTTP/1.1 200 OK"
14:53:17 [INFO] HTTP Request: GET https://njcaastats.prestosports.com/sports/mbkb/2025-26/div1/boxscores/20251216_dj24.xml "HTTP/1.1 200 OK"
14:53:28 [INFO] HTTP Request: GET https://njcaastats.prestosports.com/sports/mbkb/2025-26/div1/boxscores/20251218_8ypi.xml "HTTP/1.1 200 OK"
14:53:39 [INFO] HTTP Request: GET https://njcaastats.prestosports.com/sports/mbkb/2025-26/div1/boxscores/20251220_x0jj.xml "HTTP/1.1 200 OK"
14:53:50 [INFO] HTTP Request: GET https://njcaastats.prestosports.com/sports/mbkb/2025-26/div1/boxscores/20260108_i961.xml "HTTP/1.1 200 OK"
14:54:01 [INFO] HTTP Request: GET https://njcaastats.prestosports.com/sports/mbkb/2025-26/div1/boxscores/20260115_ho1m.xml "HTTP/1.1 200 OK"
14:54:12 [INFO] HTTP Request: GET https://njcaastats.prestosports.com/sports/mbkb/2025-26/div1/boxscores/20260122_vghz.xml "HTTP/1.1 200 OK"
14:54:23 [INFO] HTTP Request: GET https://njcaastats.prestosports.com/sports/mbkb/2025-26/div1/boxscores/20260127_6zhi.xml "HTTP/1.1 200 OK"
14:54:34 [INFO] HTTP Request: GET https://njcaastats.prestosports.com/sports/mbkb/2025-26/div1/boxscores/20260207_bsqg.xml "HTTP/1.1 200 OK"
14:54:46 [INFO] HTTP Request: GET https://njcaastats.prestosports.com/sports/mbkb/2025-26/div1/boxscores/20260210_crzr.xml "HTTP/1.1 200 OK"
14:54:57 [INFO] HTTP Request: GET https://njcaastats.prestosports.com/sports/mbkb/2025-26/div1/boxscores/20260212_exhn.xml "HTTP/1.1 200 OK"
14:55:08 [INFO] HTTP Request: GET https://njcaastats.prestosports.com/sports/mbkb/2025-26/div1/boxscores/20260214_qdcr.xml "HTTP/1.1 200 OK"
14:55:19 [INFO] HTTP Request: GET https://njcaastats.prestosports.com/sports/mbkb/2025-26/div1/boxscores/20260217_lgfq.xml "HTTP/1.1 200 OK"
14:55:30 [INFO] HTTP Request: GET https://njcaastats.prestosports.com/sports/mbkb/2025-26/div1/boxscores/20260219_1yzb.xml "HTTP/1.1 200 OK"
14:55:41 [INFO] HTTP Request: GET https://njcaastats.prestosports.com/sports/mbkb/2025-26/div1/boxscores/20260224_lsxj.xml "HTTP/1.1 200 OK"
14:55:41 [INFO]   Loaded: 24 games, 535 player-game-stat rows
14:55:41 [INFO] 
[9/20] Highland CC - Illinois
14:55:41 [INFO] Scraping team: Highland CC - Illinois (highlandcommunitycollege-illinois)
14:55:52 [INFO] HTTP Request: GET https://njcaastats.prestosports.com/sports/mbkb/2025-26/div1/teams/highlandcommunitycollege-illinois?view=roster "HTTP/1.1 404 Not Found"
14:55:52 [WARNING] HTTP 404: https://njcaastats.prestosports.com/sports/mbkb/2025-26/div1/teams/highlandcommunitycollege-illinois?view=roster
14:55:52 [INFO]   Roster: 0 players
14:56:02 [INFO] HTTP Request: GET https://njcaastats.prestosports.com/sports/mbkb/2025-26/div1/teams/highlandcommunitycollege-illinois?view=gamelog "HTTP/1.1 404 Not Found"
14:56:02 [WARNING] HTTP 404: https://njcaastats.prestosports.com/sports/mbkb/2025-26/div1/teams/highlandcommunitycollege-illinois?view=gamelog
14:56:02 [INFO]   Games: 0 with box scores
14:56:02 [INFO]   Loaded: 0 games, 0 player-game-stat rows
14:56:02 [INFO] 
[10/20] Hill College
14:56:02 [INFO] Scraping team: Hill College (hillcollege)
14:56:22 [INFO] HTTP Request: GET https://njcaastats.prestosports.com/sports/mbkb/2025-26/div1/teams/hillcollege?view=roster "HTTP/1.1 200 OK"
14:56:22 [INFO]   Roster: 16 players
14:56:41 [INFO] HTTP Request: GET https://njcaastats.prestosports.com/sports/mbkb/2025-26/div1/teams/hillcollege?view=gamelog "HTTP/1.1 200 OK"
14:56:42 [INFO]   Games: 26 with box scores
14:56:52 [INFO] HTTP Request: GET https://njcaastats.prestosports.com/sports/mbkb/2025-26/div1/boxscores/20251031_dgi6.xml "HTTP/1.1 200 OK"
14:57:03 [INFO] HTTP Request: GET https://njcaastats.prestosports.com/sports/mbkb/2025-26/div1/boxscores/20251101_f2eh.xml "HTTP/1.1 200 OK"
14:57:15 [INFO] HTTP Request: GET https://njcaastats.prestosports.com/sports/mbkb/2025-26/div1/boxscores/20251107_iyz3.xml "HTTP/1.1 200 OK"
14:57:26 [INFO] HTTP Request: GET https://njcaastats.prestosports.com/sports/mbkb/2025-26/div1/boxscores/20251108_ai7v.xml "HTTP/1.1 200 OK"
14:57:37 [INFO] HTTP Request: GET https://njcaastats.prestosports.com/sports/mbkb/2025-26/div1/boxscores/20251112_xv3x.xml "HTTP/1.1 200 OK"
14:57:47 [INFO] HTTP Request: GET https://njcaastats.prestosports.com/sports/mbkb/2025-26/div1/boxscores/20251115_nzms.xml "HTTP/1.1 200 OK"
14:57:58 [INFO] HTTP Request: GET https://njcaastats.prestosports.com/sports/mbkb/2025-26/div1/boxscores/20251119_h6l8.xml "HTTP/1.1 200 OK"
14:58:09 [INFO] HTTP Request: GET https://njcaastats.prestosports.com/sports/mbkb/2025-26/div1/boxscores/20251121_mshp.xml "HTTP/1.1 200 OK"
14:58:20 [INFO] HTTP Request: GET https://njcaastats.prestosports.com/sports/mbkb/2025-26/div1/boxscores/20251128_n176.xml "HTTP/1.1 200 OK"
14:58:31 [INFO] HTTP Request: GET https://njcaastats.prestosports.com/sports/mbkb/2025-26/div1/boxscores/20251129_gu1f.xml "HTTP/1.1 200 OK"
14:58:43 [INFO] HTTP Request: GET https://njcaastats.prestosports.com/sports/mbkb/2025-26/div1/boxscores/20251201_6757.xml "HTTP/1.1 200 OK"
14:58:53 [INFO] HTTP Request: GET https://njcaastats.prestosports.com/sports/mbkb/2025-26/div1/boxscores/20251203_gfr7.xml "HTTP/1.1 200 OK"
14:59:04 [INFO] HTTP Request: GET https://njcaastats.prestosports.com/sports/mbkb/2025-26/div1/boxscores/20251205_efhp.xml "HTTP/1.1 200 OK"
14:59:15 [INFO] HTTP Request: GET https://njcaastats.prestosports.com/sports/mbkb/2025-26/div1/boxscores/20251206_zdpj.xml "HTTP/1.1 200 OK"
14:59:26 [INFO] HTTP Request: GET https://njcaastats.prestosports.com/sports/mbkb/2025-26/div1/boxscores/20260110_cru0.xml "HTTP/1.1 200 OK"
14:59:37 [INFO] HTTP Request: GET https://njcaastats.prestosports.com/sports/mbkb/2025-26/div1/boxscores/20260114_x7z7.xml "HTTP/1.1 200 OK"
14:59:48 [INFO] HTTP Request: GET https://njcaastats.prestosports.com/sports/mbkb/2025-26/div1/boxscores/20260117_lt0t.xml "HTTP/1.1 200 OK"
14:59:59 [INFO] HTTP Request: GET https://njcaastats.prestosports.com/sports/mbkb/2025-26/div1/boxscores/20260121_tx53.xml "HTTP/1.1 200 OK"
15:00:10 [INFO] HTTP Request: GET https://njcaastats.prestosports.com/sports/mbkb/2025-26/div1/boxscores/20260128_98ra.xml "HTTP/1.1 200 OK"
15:00:21 [INFO] HTTP Request: GET https://njcaastats.prestosports.com/sports/mbkb/2025-26/div1/boxscores/20260131_mizl.xml "HTTP/1.1 200 OK"
15:00:32 [INFO] HTTP Request: GET https://njcaastats.prestosports.com/sports/mbkb/2025-26/div1/boxscores/20260204_bv5h.xml "HTTP/1.1 200 OK"
15:00:43 [INFO] HTTP Request: GET https://njcaastats.prestosports.com/sports/mbkb/2025-26/div1/boxscores/20260211_nnij.xml "HTTP/1.1 200 OK"
15:00:54 [INFO] HTTP Request: GET https://njcaastats.prestosports.com/sports/mbkb/2025-26/div1/boxscores/20260214_z8tf.xml "HTTP/1.1 200 OK"
15:01:05 [INFO] HTTP Request: GET https://njcaastats.prestosports.com/sports/mbkb/2025-26/div1/boxscores/20260218_hr8k.xml "HTTP/1.1 200 OK"
15:01:16 [INFO] HTTP Request: GET https://njcaastats.prestosports.com/sports/mbkb/2025-26/div1/boxscores/20260221_dm9l.xml "HTTP/1.1 200 OK"
15:01:27 [INFO] HTTP Request: GET https://njcaastats.prestosports.com/sports/mbkb/2025-26/div1/boxscores/20260223_j9pq.xml "HTTP/1.1 200 OK"
15:01:27 [INFO]   Loaded: 26 games, 581 player-game-stat rows
15:01:27 [INFO] 
[11/20] Hillsborough CC
15:01:27 [INFO] Scraping team: Hillsborough CC (hillsboroughcommunitycollege)
15:01:47 [INFO] HTTP Request: GET https://njcaastats.prestosports.com/sports/mbkb/2025-26/div1/teams/hillsboroughcommunitycollege?view=roster "HTTP/1.1 200 OK"
15:01:47 [INFO]   Roster: 12 players
15:02:07 [INFO] HTTP Request: GET https://njcaastats.prestosports.com/sports/mbkb/2025-26/div1/teams/hillsboroughcommunitycollege?view=gamelog "HTTP/1.1 200 OK"
15:02:07 [INFO]   Games: 26 with box scores
15:02:18 [INFO] HTTP Request: GET https://njcaastats.prestosports.com/sports/mbkb/2025-26/div1/boxscores/20251031_m1y7.xml "HTTP/1.1 200 OK"
15:02:30 [INFO] HTTP Request: GET https://njcaastats.prestosports.com/sports/mbkb/2025-26/div1/boxscores/20251104_jg50.xml "HTTP/1.1 200 OK"
15:02:41 [INFO] HTTP Request: GET https://njcaastats.prestosports.com/sports/mbkb/2025-26/div1/boxscores/20251107_aw6a.xml "HTTP/1.1 200 OK"
15:02:52 [INFO] HTTP Request: GET https://njcaastats.prestosports.com/sports/mbkb/2025-26/div1/boxscores/20251108_5wxe.xml "HTTP/1.1 200 OK"
15:03:03 [INFO] HTTP Request: GET https://njcaastats.prestosports.com/sports/mbkb/2025-26/div1/boxscores/20251114_mwo6.xml "HTTP/1.1 200 OK"
15:03:14 [INFO] HTTP Request: GET https://njcaastats.prestosports.com/sports/mbkb/2025-26/div1/boxscores/20251115_02it.xml "HTTP/1.1 200 OK"
15:03:25 [INFO] HTTP Request: GET https://njcaastats.prestosports.com/sports/mbkb/2025-26/div1/boxscores/20251119_ngej.xml "HTTP/1.1 200 OK"
15:03:36 [INFO] HTTP Request: GET https://njcaastats.prestosports.com/sports/mbkb/2025-26/div1/boxscores/20251125_mdgr.xml "HTTP/1.1 200 OK"
15:03:47 [INFO] HTTP Request: GET https://njcaastats.prestosports.com/sports/mbkb/2025-26/div1/boxscores/20251205_x8c0.xml "HTTP/1.1 200 OK"
15:03:58 [INFO] HTTP Request: GET https://njcaastats.prestosports.com/sports/mbkb/2025-26/div1/boxscores/20251207_bjfh.xml "HTTP/1.1 200 OK"
15:04:09 [INFO] HTTP Request: GET https://njcaastats.prestosports.com/sports/mbkb/2025-26/div1/boxscores/20251209_05qe.xml "HTTP/1.1 200 OK"
15:04:20 [INFO] HTTP Request: GET https://njcaastats.prestosports.com/sports/mbkb/2025-26/div1/boxscores/20251212_qjj4.xml "HTTP/1.1 200 OK"
15:04:32 [INFO] HTTP Request: GET https://njcaastats.prestosports.com/sports/mbkb/2025-26/div1/boxscores/20251218_5j7g.xml "HTTP/1.1 200 OK"
15:04:42 [INFO] HTTP Request: GET https://njcaastats.prestosports.com/sports/mbkb/2025-26/div1/boxscores/20260103_ydmi.xml "HTTP/1.1 200 OK"
15:04:53 [INFO] HTTP Request: GET https://njcaastats.prestosports.com/sports/mbkb/2025-26/div1/boxscores/20260110_hkjg.xml "HTTP/1.1 200 OK"
15:05:05 [INFO] HTTP Request: GET https://njcaastats.prestosports.com/sports/mbkb/2025-26/div1/boxscores/20260114_dnba.xml "HTTP/1.1 200 OK"
15:05:16 [INFO] HTTP Request: GET https://njcaastats.prestosports.com/sports/mbkb/2025-26/div1/boxscores/20260117_tgkv.xml "HTTP/1.1 200 OK"
15:05:26 [INFO] HTTP Request: GET https://njcaastats.prestosports.com/sports/mbkb/2025-26/div1/boxscores/20260121_r3hx.xml "HTTP/1.1 200 OK"
15:05:37 [INFO] HTTP Request: GET https://njcaastats.prestosports.com/sports/mbkb/2025-26/div1/boxscores/20260124_bif8.xml "HTTP/1.1 200 OK"
15:05:49 [INFO] HTTP Request: GET https://njcaastats.prestosports.com/sports/mbkb/2025-26/div1/boxscores/20260128_1z17.xml "HTTP/1.1 200 OK"
15:05:59 [INFO] HTTP Request: GET https://njcaastats.prestosports.com/sports/mbkb/2025-26/div1/boxscores/20260131_5gkd.xml "HTTP/1.1 200 OK"
15:06:11 [INFO] HTTP Request: GET https://njcaastats.prestosports.com/sports/mbkb/2025-26/div1/boxscores/20260204_tdiu.xml "HTTP/1.1 200 OK"
15:06:21 [INFO] HTTP Request: GET https://njcaastats.prestosports.com/sports/mbkb/2025-26/div1/boxscores/20260211_qu4j.xml "HTTP/1.1 200 OK"
15:06:32 [INFO] HTTP Request: GET https://njcaastats.prestosports.com/sports/mbkb/2025-26/div1/boxscores/20260214_c146.xml "HTTP/1.1 200 OK"
15:06:43 [INFO] HTTP Request: GET https://njcaastats.prestosports.com/sports/mbkb/2025-26/div1/boxscores/20260218_7lk3.xml "HTTP/1.1 200 OK"
15:06:54 [INFO] HTTP Request: GET https://njcaastats.prestosports.com/sports/mbkb/2025-26/div1/boxscores/20260221_auwa.xml "HTTP/1.1 200 OK"
15:06:54 [INFO]   Loaded: 26 games, 554 player-game-stat rows
15:06:54 [INFO] 
[12/20] Hinds CC
15:06:54 [INFO] Scraping team: Hinds CC (hindscommunitycollege)
15:07:14 [INFO] HTTP Request: GET https://njcaastats.prestosports.com/sports/mbkb/2025-26/div1/teams/hindscommunitycollege?view=roster "HTTP/1.1 200 OK"
15:07:14 [INFO]   Roster: 17 players
15:07:35 [INFO] HTTP Request: GET https://njcaastats.prestosports.com/sports/mbkb/2025-26/div1/teams/hindscommunitycollege?view=gamelog "HTTP/1.1 200 OK"
15:07:35 [INFO]   Games: 28 with box scores
15:07:46 [INFO] HTTP Request: GET https://njcaastats.prestosports.com/sports/mbkb/2025-26/div1/boxscores/20251031_mohy.xml "HTTP/1.1 200 OK"
15:07:57 [INFO] HTTP Request: GET https://njcaastats.prestosports.com/sports/mbkb/2025-26/div1/boxscores/20251101_v402.xml "HTTP/1.1 200 OK"
15:08:08 [INFO] HTTP Request: GET https://njcaastats.prestosports.com/sports/mbkb/2025-26/div1/boxscores/20251103_zmcb.xml "HTTP/1.1 200 OK"
15:08:20 [INFO] HTTP Request: GET https://njcaastats.prestosports.com/sports/mbkb/2025-26/div1/boxscores/20251107_fz1y.xml "HTTP/1.1 200 OK"
15:08:31 [INFO] HTTP Request: GET https://njcaastats.prestosports.com/sports/mbkb/2025-26/div1/boxscores/20251108_kcli.xml "HTTP/1.1 200 OK"
15:08:42 [INFO] HTTP Request: GET https://njcaastats.prestosports.com/sports/mbkb/2025-26/div1/boxscores/20251110_tuec.xml "HTTP/1.1 200 OK"
15:08:53 [INFO] HTTP Request: GET https://njcaastats.prestosports.com/sports/mbkb/2025-26/div1/boxscores/20251113_6tgb.xml "HTTP/1.1 200 OK"
15:09:04 [INFO] HTTP Request: GET https://njcaastats.prestosports.com/sports/mbkb/2025-26/div1/boxscores/20251115_mgum.xml "HTTP/1.1 200 OK"
15:09:15 [INFO] HTTP Request: GET https://njcaastats.prestosports.com/sports/mbkb/2025-26/div1/boxscores/20251119_w8fq.xml "HTTP/1.1 200 OK"
15:09:26 [INFO] HTTP Request: GET https://njcaastats.prestosports.com/sports/mbkb/2025-26/div1/boxscores/20251122_43gp.xml "HTTP/1.1 200 OK"
15:09:37 [INFO] HTTP Request: GET https://njcaastats.prestosports.com/sports/mbkb/2025-26/div1/boxscores/20251202_bclo.xml "HTTP/1.1 200 OK"
15:09:48 [INFO] HTTP Request: GET https://njcaastats.prestosports.com/sports/mbkb/2025-26/div1/boxscores/20251205_jxac.xml "HTTP/1.1 200 OK"
15:09:59 [INFO] HTTP Request: GET https://njcaastats.prestosports.com/sports/mbkb/2025-26/div1/boxscores/20251208_mao6.xml "HTTP/1.1 200 OK"
15:10:10 [INFO] HTTP Request: GET https://njcaastats.prestosports.com/sports/mbkb/2025-26/div1/boxscores/20251212_e5of.xml "HTTP/1.1 200 OK"
15:10:21 [INFO] HTTP Request: GET https://njcaastats.prestosports.com/sports/mbkb/2025-26/div1/boxscores/20260106_6nyd.xml "HTTP/1.1 200 OK"
15:10:32 [INFO] HTTP Request: GET https://njcaastats.prestosports.com/sports/mbkb/2025-26/div1/boxscores/20260108_hzzv.xml "HTTP/1.1 200 OK"
15:10:43 [INFO] HTTP Request: GET https://njcaastats.prestosports.com/sports/mbkb/2025-26/div1/boxscores/20260112_wu1i.xml "HTTP/1.1 200 OK"
15:10:54 [INFO] HTTP Request: GET https://njcaastats.prestosports.com/sports/mbkb/2025-26/div1/boxscores/20260115_lr95.xml "HTTP/1.1 200 OK"
15:11:05 [INFO] HTTP Request: GET https://njcaastats.prestosports.com/sports/mbkb/2025-26/div1/boxscores/20260122_c1gx.xml "HTTP/1.1 200 OK"
15:11:16 [INFO] HTTP Request: GET https://njcaastats.prestosports.com/sports/mbkb/2025-26/div1/boxscores/20260127_gosu.xml "HTTP/1.1 200 OK"
15:11:26 [INFO] HTTP Request: GET https://njcaastats.prestosports.com/sports/mbkb/2025-26/div1/boxscores/20260202_x1a4.xml "HTTP/1.1 200 OK"
15:11:37 [INFO] HTTP Request: GET https://njcaastats.prestosports.com/sports/mbkb/2025-26/div1/boxscores/20260205_tt22.xml "HTTP/1.1 200 OK"
15:11:49 [INFO] HTTP Request: GET https://njcaastats.prestosports.com/sports/mbkb/2025-26/div1/boxscores/20260209_nxy2.xml "HTTP/1.1 200 OK"
15:12:00 [INFO] HTTP Request: GET https://njcaastats.prestosports.com/sports/mbkb/2025-26/div1/boxscores/20260212_7rbl.xml "HTTP/1.1 200 OK"
15:12:11 [INFO] HTTP Request: GET https://njcaastats.prestosports.com/sports/mbkb/2025-26/div1/boxscores/20260214_4g2l.xml "HTTP/1.1 200 OK"
15:12:22 [INFO] HTTP Request: GET https://njcaastats.prestosports.com/sports/mbkb/2025-26/div1/boxscores/20260216_3zhk.xml "HTTP/1.1 200 OK"
15:12:33 [INFO] HTTP Request: GET https://njcaastats.prestosports.com/sports/mbkb/2025-26/div1/boxscores/20260219_mm1y.xml "HTTP/1.1 200 OK"
15:12:44 [INFO] HTTP Request: GET https://njcaastats.prestosports.com/sports/mbkb/2025-26/div1/boxscores/20260223_bzlz.xml "HTTP/1.1 200 OK"
15:12:44 [INFO]   Loaded: 28 games, 643 player-game-stat rows
15:12:44 [INFO] 
[13/20] Holmes CC
15:12:44 [INFO] Scraping team: Holmes CC (holmescommunitycollege)
15:13:05 [INFO] HTTP Request: GET https://njcaastats.prestosports.com/sports/mbkb/2025-26/div1/teams/holmescommunitycollege?view=roster "HTTP/1.1 200 OK"
15:13:05 [INFO]   Roster: 14 players
15:13:29 [INFO] HTTP Request: GET https://njcaastats.prestosports.com/sports/mbkb/2025-26/div1/teams/holmescommunitycollege?view=gamelog "HTTP/1.1 200 OK"
15:13:29 [INFO]   Games: 25 with box scores
15:13:39 [INFO] HTTP Request: GET https://njcaastats.prestosports.com/sports/mbkb/2025-26/div1/boxscores/20251104_s46j.xml "HTTP/1.1 200 OK"
15:13:50 [INFO] HTTP Request: GET https://njcaastats.prestosports.com/sports/mbkb/2025-26/div1/boxscores/20251106_th13.xml "HTTP/1.1 200 OK"
15:14:01 [INFO] HTTP Request: GET https://njcaastats.prestosports.com/sports/mbkb/2025-26/div1/boxscores/20251110_gldh.xml "HTTP/1.1 200 OK"
15:14:12 [INFO] HTTP Request: GET https://njcaastats.prestosports.com/sports/mbkb/2025-26/div1/boxscores/20251113_jzm5.xml "HTTP/1.1 200 OK"
15:14:23 [INFO] HTTP Request: GET https://njcaastats.prestosports.com/sports/mbkb/2025-26/div1/boxscores/20251120_ollv.xml "HTTP/1.1 200 OK"
15:14:34 [INFO] HTTP Request: GET https://njcaastats.prestosports.com/sports/mbkb/2025-26/div1/boxscores/20251122_kw5c.xml "HTTP/1.1 200 OK"
15:14:45 [INFO] HTTP Request: GET https://njcaastats.prestosports.com/sports/mbkb/2025-26/div1/boxscores/20251203_p2yl.xml "HTTP/1.1 200 OK"
15:14:56 [INFO] HTTP Request: GET https://njcaastats.prestosports.com/sports/mbkb/2025-26/div1/boxscores/20251205_jxac.xml "HTTP/1.1 200 OK"
15:15:08 [INFO] HTTP Request: GET https://njcaastats.prestosports.com/sports/mbkb/2025-26/div1/boxscores/20251208_azlq.xml "HTTP/1.1 200 OK"
15:15:19 [INFO] HTTP Request: GET https://njcaastats.prestosports.com/sports/mbkb/2025-26/div1/boxscores/20251211_5z7n.xml "HTTP/1.1 200 OK"
15:15:30 [INFO] HTTP Request: GET https://njcaastats.prestosports.com/sports/mbkb/2025-26/div1/boxscores/20251213_7duu.xml "HTTP/1.1 200 OK"
15:15:41 [INFO] HTTP Request: GET https://njcaastats.prestosports.com/sports/mbkb/2025-26/div1/boxscores/20260106_9rkm.xml "HTTP/1.1 200 OK"
15:15:52 [INFO] HTTP Request: GET https://njcaastats.prestosports.com/sports/mbkb/2025-26/div1/boxscores/20260108_qot1.xml "HTTP/1.1 200 OK"
15:16:03 [INFO] HTTP Request: GET https://njcaastats.prestosports.com/sports/mbkb/2025-26/div1/boxscores/20260112_dogf.xml "HTTP/1.1 200 OK"
15:16:14 [INFO] HTTP Request: GET https://njcaastats.prestosports.com/sports/mbkb/2025-26/div1/boxscores/20260115_k2f8.xml "HTTP/1.1 200 OK"
15:16:25 [INFO] HTTP Request: GET https://njcaastats.prestosports.com/sports/mbkb/2025-26/div1/boxscores/20260120_szv5.xml "HTTP/1.1 200 OK"
15:16:36 [INFO] HTTP Request: GET https://njcaastats.prestosports.com/sports/mbkb/2025-26/div1/boxscores/20260122_eaav.xml "HTTP/1.1 200 OK"
15:16:47 [INFO] HTTP Request: GET https://njcaastats.prestosports.com/sports/mbkb/2025-26/div1/boxscores/20260129_ktb3.xml "HTTP/1.1 200 OK"
15:16:58 [INFO] HTTP Request: GET https://njcaastats.prestosports.com/sports/mbkb/2025-26/div1/boxscores/20260131_ib0i.xml "HTTP/1.1 200 OK"
15:17:09 [INFO] HTTP Request: GET https://njcaastats.prestosports.com/sports/mbkb/2025-26/div1/boxscores/20260202_l324.xml "HTTP/1.1 200 OK"
15:17:20 [INFO] HTTP Request: GET https://njcaastats.prestosports.com/sports/mbkb/2025-26/div1/boxscores/20260205_tt22.xml "HTTP/1.1 200 OK"
15:17:31 [INFO] HTTP Request: GET https://njcaastats.prestosports.com/sports/mbkb/2025-26/div1/boxscores/20260209_u57v.xml "HTTP/1.1 200 OK"
15:17:42 [INFO] HTTP Request: GET https://njcaastats.prestosports.com/sports/mbkb/2025-26/div1/boxscores/20260212_wec5.xml "HTTP/1.1 200 OK"
15:17:53 [INFO] HTTP Request: GET https://njcaastats.prestosports.com/sports/mbkb/2025-26/div1/boxscores/20260216_3pa4.xml "HTTP/1.1 200 OK"
15:18:04 [INFO] HTTP Request: GET https://njcaastats.prestosports.com/sports/mbkb/2025-26/div1/boxscores/20260219_67lm.xml "HTTP/1.1 200 OK"
15:18:04 [INFO]   Loaded: 25 games, 581 player-game-stat rows
15:18:04 [INFO] 
[14/20] Howard College
15:18:04 [INFO] Scraping team: Howard College (howardcollege)
15:18:25 [INFO] HTTP Request: GET https://njcaastats.prestosports.com/sports/mbkb/2025-26/div1/teams/howardcollege?view=roster "HTTP/1.1 200 OK"
15:18:25 [INFO]   Roster: 14 players
15:18:47 [INFO] HTTP Request: GET https://njcaastats.prestosports.com/sports/mbkb/2025-26/div1/teams/howardcollege?view=gamelog "HTTP/1.1 200 OK"
15:18:47 [INFO]   Games: 27 with box scores
15:18:58 [INFO] HTTP Request: GET https://njcaastats.prestosports.com/sports/mbkb/2025-26/div1/boxscores/20251103_qx5i.xml "HTTP/1.1 200 OK"
15:19:09 [INFO] HTTP Request: GET https://njcaastats.prestosports.com/sports/mbkb/2025-26/div1/boxscores/20251104_vuxt.xml "HTTP/1.1 200 OK"
15:19:20 [INFO] HTTP Request: GET https://njcaastats.prestosports.com/sports/mbkb/2025-26/div1/boxscores/20251108_wawg.xml "HTTP/1.1 200 OK"
15:19:31 [INFO] HTTP Request: GET https://njcaastats.prestosports.com/sports/mbkb/2025-26/div1/boxscores/20251114_zv3q.xml "HTTP/1.1 200 OK"
15:19:42 [INFO] HTTP Request: GET https://njcaastats.prestosports.com/sports/mbkb/2025-26/div1/boxscores/20251115_ldlb.xml "HTTP/1.1 200 OK"
15:19:53 [INFO] HTTP Request: GET https://njcaastats.prestosports.com/sports/mbkb/2025-26/div1/boxscores/20251121_7ju2.xml "HTTP/1.1 200 OK"
15:20:04 [INFO] HTTP Request: GET https://njcaastats.prestosports.com/sports/mbkb/2025-26/div1/boxscores/20251122_dt05.xml "HTTP/1.1 200 OK"
15:20:15 [INFO] HTTP Request: GET https://njcaastats.prestosports.com/sports/mbkb/2025-26/div1/boxscores/20251129_bbfh.xml "HTTP/1.1 200 OK"
15:20:26 [INFO] HTTP Request: GET https://njcaastats.prestosports.com/sports/mbkb/2025-26/div1/boxscores/20251204_syea.xml "HTTP/1.1 200 OK"
15:20:37 [INFO] HTTP Request: GET https://njcaastats.prestosports.com/sports/mbkb/2025-26/div1/boxscores/20251205_ibf7.xml "HTTP/1.1 200 OK"
15:20:48 [INFO] HTTP Request: GET https://njcaastats.prestosports.com/sports/mbkb/2025-26/div1/boxscores/20251206_k1as.xml "HTTP/1.1 200 OK"
15:20:59 [INFO] HTTP Request: GET https://njcaastats.prestosports.com/sports/mbkb/2025-26/div1/boxscores/20251212_n0fw.xml "HTTP/1.1 200 OK"
15:21:10 [INFO] HTTP Request: GET https://njcaastats.prestosports.com/sports/mbkb/2025-26/div1/boxscores/20251218_qfu9.xml "HTTP/1.1 200 OK"
15:21:21 [INFO] HTTP Request: GET https://njcaastats.prestosports.com/sports/mbkb/2025-26/div1/boxscores/20251219_ob7n.xml "HTTP/1.1 200 OK"
15:21:32 [INFO] HTTP Request: GET https://njcaastats.prestosports.com/sports/mbkb/2025-26/div1/boxscores/20260105_jx96.xml "HTTP/1.1 200 OK"
15:21:43 [INFO] HTTP Request: GET https://njcaastats.prestosports.com/sports/mbkb/2025-26/div1/boxscores/20260108_asz3.xml "HTTP/1.1 200 OK"
15:21:54 [INFO] HTTP Request: GET https://njcaastats.prestosports.com/sports/mbkb/2025-26/div1/boxscores/20260112_y0mm.xml "HTTP/1.1 200 OK"
15:22:05 [INFO] HTTP Request: GET https://njcaastats.prestosports.com/sports/mbkb/2025-26/div1/boxscores/20260119_weax.xml "HTTP/1.1 200 OK"
15:22:16 [INFO] HTTP Request: GET https://njcaastats.prestosports.com/sports/mbkb/2025-26/div1/boxscores/20260122_0eu4.xml "HTTP/1.1 200 OK"
15:22:27 [INFO] HTTP Request: GET https://njcaastats.prestosports.com/sports/mbkb/2025-26/div1/boxscores/20260127_mbfo.xml "HTTP/1.1 200 OK"
15:22:38 [INFO] HTTP Request: GET https://njcaastats.prestosports.com/sports/mbkb/2025-26/div1/boxscores/20260129_j5qm.xml "HTTP/1.1 200 OK"
15:22:49 [INFO] HTTP Request: GET https://njcaastats.prestosports.com/sports/mbkb/2025-26/div1/boxscores/20260202_54rh.xml "HTTP/1.1 200 OK"
15:23:00 [INFO] HTTP Request: GET https://njcaastats.prestosports.com/sports/mbkb/2025-26/div1/boxscores/20260205_eavl.xml "HTTP/1.1 200 OK"
15:23:12 [INFO] HTTP Request: GET https://njcaastats.prestosports.com/sports/mbkb/2025-26/div1/boxscores/20260209_l19f.xml "HTTP/1.1 200 OK"
15:23:23 [INFO] HTTP Request: GET https://njcaastats.prestosports.com/sports/mbkb/2025-26/div1/boxscores/20260212_4ozw.xml "HTTP/1.1 200 OK"
15:23:34 [INFO] HTTP Request: GET https://njcaastats.prestosports.com/sports/mbkb/2025-26/div1/boxscores/20260219_drqq.xml "HTTP/1.1 200 OK"
15:23:45 [INFO] HTTP Request: GET https://njcaastats.prestosports.com/sports/mbkb/2025-26/div1/boxscores/20260223_wjlv.xml "HTTP/1.1 200 OK"
15:23:45 [INFO]   Loaded: 27 games, 639 player-game-stat rows
15:23:45 [INFO] 
[15/20] Hutchinson CC
15:23:45 [INFO] Scraping team: Hutchinson CC (hutchinsoncommunitycollege)
15:24:04 [INFO] HTTP Request: GET https://njcaastats.prestosports.com/sports/mbkb/2025-26/div1/teams/hutchinsoncommunitycollege?view=roster "HTTP/1.1 200 OK"
15:24:05 [INFO]   Roster: 17 players
15:24:26 [INFO] HTTP Request: GET https://njcaastats.prestosports.com/sports/mbkb/2025-26/div1/teams/hutchinsoncommunitycollege?view=gamelog "HTTP/1.1 200 OK"
15:24:26 [INFO]   Games: 28 with box scores
15:24:37 [INFO] HTTP Request: GET https://njcaastats.prestosports.com/sports/mbkb/2025-26/div1/boxscores/20251031_7pqw.xml "HTTP/1.1 200 OK"
15:24:48 [INFO] HTTP Request: GET https://njcaastats.prestosports.com/sports/mbkb/2025-26/div1/boxscores/20251101_l4yy.xml "HTTP/1.1 200 OK"
15:24:59 [INFO] HTTP Request: GET https://njcaastats.prestosports.com/sports/mbkb/2025-26/div1/boxscores/20251104_ms8a.xml "HTTP/1.1 200 OK"
15:25:10 [INFO] HTTP Request: GET https://njcaastats.prestosports.com/sports/mbkb/2025-26/div1/boxscores/20251107_832d.xml "HTTP/1.1 200 OK"
15:25:21 [INFO] HTTP Request: GET https://njcaastats.prestosports.com/sports/mbkb/2025-26/div1/boxscores/20251108_xivy.xml "HTTP/1.1 200 OK"
15:25:32 [INFO] HTTP Request: GET https://njcaastats.prestosports.com/sports/mbkb/2025-26/div1/boxscores/20251112_x4o2.xml "HTTP/1.1 200 OK"
15:25:43 [INFO] HTTP Request: GET https://njcaastats.prestosports.com/sports/mbkb/2025-26/div1/boxscores/20251119_jlky.xml "HTTP/1.1 200 OK"
15:25:54 [INFO] HTTP Request: GET https://njcaastats.prestosports.com/sports/mbkb/2025-26/div1/boxscores/20251122_c9nd.xml "HTTP/1.1 200 OK"
15:26:05 [INFO] HTTP Request: GET https://njcaastats.prestosports.com/sports/mbkb/2025-26/div1/boxscores/20251125_ydqd.xml "HTTP/1.1 200 OK"
15:26:16 [INFO] HTTP Request: GET https://njcaastats.prestosports.com/sports/mbkb/2025-26/div1/boxscores/20251129_l465.xml "HTTP/1.1 200 OK"
15:26:27 [INFO] HTTP Request: GET https://njcaastats.prestosports.com/sports/mbkb/2025-26/div1/boxscores/20251203_ik2z.xml "HTTP/1.1 200 OK"
15:26:38 [INFO] HTTP Request: GET https://njcaastats.prestosports.com/sports/mbkb/2025-26/div1/boxscores/20251206_j1ka.xml "HTTP/1.1 200 OK"
15:26:49 [INFO] HTTP Request: GET https://njcaastats.prestosports.com/sports/mbkb/2025-26/div1/boxscores/20251210_g2ln.xml "HTTP/1.1 200 OK"
15:27:00 [INFO] HTTP Request: GET https://njcaastats.prestosports.com/sports/mbkb/2025-26/div1/boxscores/20251213_joy1.xml "HTTP/1.1 200 OK"
15:27:11 [INFO] HTTP Request: GET https://njcaastats.prestosports.com/sports/mbkb/2025-26/div1/boxscores/20260103_u37r.xml "HTTP/1.1 200 OK"
15:27:22 [INFO] HTTP Request: GET https://njcaastats.prestosports.com/sports/mbkb/2025-26/div1/boxscores/20260107_hbg2.xml "HTTP/1.1 200 OK"
15:27:33 [INFO] HTTP Request: GET https://njcaastats.prestosports.com/sports/mbkb/2025-26/div1/boxscores/20260114_ios9.xml "HTTP/1.1 200 OK"
15:27:44 [INFO] HTTP Request: GET https://njcaastats.prestosports.com/sports/mbkb/2025-26/div1/boxscores/20260117_7p30.xml "HTTP/1.1 200 OK"
15:27:55 [INFO] HTTP Request: GET https://njcaastats.prestosports.com/sports/mbkb/2025-26/div1/boxscores/20260121_2md1.xml "HTTP/1.1 200 OK"
15:28:06 [INFO] HTTP Request: GET https://njcaastats.prestosports.com/sports/mbkb/2025-26/div1/boxscores/20260126_oz7m.xml "HTTP/1.1 200 OK"
15:28:17 [INFO] HTTP Request: GET https://njcaastats.prestosports.com/sports/mbkb/2025-26/div1/boxscores/20260128_wokx.xml "HTTP/1.1 200 OK"
15:28:28 [INFO] HTTP Request: GET https://njcaastats.prestosports.com/sports/mbkb/2025-26/div1/boxscores/20260131_vpnz.xml "HTTP/1.1 200 OK"
15:28:39 [INFO] HTTP Request: GET https://njcaastats.prestosports.com/sports/mbkb/2025-26/div1/boxscores/20260204_e5so.xml "HTTP/1.1 200 OK"
15:28:50 [INFO] HTTP Request: GET https://njcaastats.prestosports.com/sports/mbkb/2025-26/div1/boxscores/20260207_fksl.xml "HTTP/1.1 200 OK"
15:29:01 [INFO] HTTP Request: GET https://njcaastats.prestosports.com/sports/mbkb/2025-26/div1/boxscores/20260211_m9wp.xml "HTTP/1.1 200 OK"
15:29:12 [INFO] HTTP Request: GET https://njcaastats.prestosports.com/sports/mbkb/2025-26/div1/boxscores/20260214_151q.xml "HTTP/1.1 200 OK"
15:29:23 [INFO] HTTP Request: GET https://njcaastats.prestosports.com/sports/mbkb/2025-26/div1/boxscores/20260218_w25d.xml "HTTP/1.1 200 OK"
15:29:35 [INFO] HTTP Request: GET https://njcaastats.prestosports.com/sports/mbkb/2025-26/div1/boxscores/20260221_nlpj.xml "HTTP/1.1 200 OK"
15:29:35 [INFO]   Loaded: 28 games, 622 player-game-stat rows
15:29:35 [INFO] 
[16/20] Independence CC
15:29:35 [INFO] Scraping team: Independence CC (independencecommunitycollege)
15:29:55 [INFO] HTTP Request: GET https://njcaastats.prestosports.com/sports/mbkb/2025-26/div1/teams/independencecommunitycollege?view=roster "HTTP/1.1 200 OK"
15:29:55 [INFO]   Roster: 16 players
15:30:17 [INFO] HTTP Request: GET https://njcaastats.prestosports.com/sports/mbkb/2025-26/div1/teams/independencecommunitycollege?view=gamelog "HTTP/1.1 200 OK"
15:30:17 [INFO]   Games: 27 with box scores
15:30:29 [INFO] HTTP Request: GET https://njcaastats.prestosports.com/sports/mbkb/2025-26/div1/boxscores/20251031_6ncz.xml "HTTP/1.1 200 OK"
15:30:40 [INFO] HTTP Request: GET https://njcaastats.prestosports.com/sports/mbkb/2025-26/div1/boxscores/20251110_c0s5.xml "HTTP/1.1 200 OK"
15:30:51 [INFO] HTTP Request: GET https://njcaastats.prestosports.com/sports/mbkb/2025-26/div1/boxscores/20251112_d2al.xml "HTTP/1.1 200 OK"
15:31:02 [INFO] HTTP Request: GET https://njcaastats.prestosports.com/sports/mbkb/2025-26/div1/boxscores/20251114_vemc.xml "HTTP/1.1 200 OK"
15:31:13 [INFO] HTTP Request: GET https://njcaastats.prestosports.com/sports/mbkb/2025-26/div1/boxscores/20251115_lyax.xml "HTTP/1.1 200 OK"
15:31:24 [INFO] HTTP Request: GET https://njcaastats.prestosports.com/sports/mbkb/2025-26/div1/boxscores/20251119_v8gd.xml "HTTP/1.1 200 OK"
15:31:35 [INFO] HTTP Request: GET https://njcaastats.prestosports.com/sports/mbkb/2025-26/div1/boxscores/20251122_8r6n.xml "HTTP/1.1 200 OK"
15:31:46 [INFO] HTTP Request: GET https://njcaastats.prestosports.com/sports/mbkb/2025-26/div1/boxscores/20251125_ydqd.xml "HTTP/1.1 200 OK"
15:31:57 [INFO] HTTP Request: GET https://njcaastats.prestosports.com/sports/mbkb/2025-26/div1/boxscores/20251129_qgdh.xml "HTTP/1.1 200 OK"
15:32:08 [INFO] HTTP Request: GET https://njcaastats.prestosports.com/sports/mbkb/2025-26/div1/boxscores/20251203_ryj4.xml "HTTP/1.1 200 OK"
15:32:19 [INFO] HTTP Request: GET https://njcaastats.prestosports.com/sports/mbkb/2025-26/div1/boxscores/20251206_8anj.xml "HTTP/1.1 200 OK"
15:32:30 [INFO] HTTP Request: GET https://njcaastats.prestosports.com/sports/mbkb/2025-26/div1/boxscores/20251210_0r9y.xml "HTTP/1.1 200 OK"
15:32:41 [INFO] HTTP Request: GET https://njcaastats.prestosports.com/sports/mbkb/2025-26/div1/boxscores/20260103_sopa.xml "HTTP/1.1 200 OK"
15:32:52 [INFO] HTTP Request: GET https://njcaastats.prestosports.com/sports/mbkb/2025-26/div1/boxscores/20260107_zw9b.xml "HTTP/1.1 200 OK"
15:33:04 [INFO] HTTP Request: GET https://njcaastats.prestosports.com/sports/mbkb/2025-26/div1/boxscores/20260110_13k5.xml "HTTP/1.1 200 OK"
15:33:15 [INFO] HTTP Request: GET https://njcaastats.prestosports.com/sports/mbkb/2025-26/div1/boxscores/20260114_5rwd.xml "HTTP/1.1 200 OK"
15:33:26 [INFO] HTTP Request: GET https://njcaastats.prestosports.com/sports/mbkb/2025-26/div1/boxscores/20260117_o7rk.xml "HTTP/1.1 200 OK"
15:33:37 [INFO] HTTP Request: GET https://njcaastats.prestosports.com/sports/mbkb/2025-26/div1/boxscores/20260121_vwm0.xml "HTTP/1.1 200 OK"
15:33:48 [INFO] HTTP Request: GET https://njcaastats.prestosports.com/sports/mbkb/2025-26/div1/boxscores/20260126_1mdt.xml "HTTP/1.1 200 OK"
15:33:59 [INFO] HTTP Request: GET https://njcaastats.prestosports.com/sports/mbkb/2025-26/div1/boxscores/20260128_wokx.xml "HTTP/1.1 200 OK"
15:34:10 [INFO] HTTP Request: GET https://njcaastats.prestosports.com/sports/mbkb/2025-26/div1/boxscores/20260131_tsf0.xml "HTTP/1.1 200 OK"
15:34:21 [INFO] HTTP Request: GET https://njcaastats.prestosports.com/sports/mbkb/2025-26/div1/boxscores/20260204_0fpg.xml "HTTP/1.1 200 OK"
15:34:32 [INFO] HTTP Request: GET https://njcaastats.prestosports.com/sports/mbkb/2025-26/div1/boxscores/20260207_ji20.xml "HTTP/1.1 200 OK"
15:34:44 [INFO] HTTP Request: GET https://njcaastats.prestosports.com/sports/mbkb/2025-26/div1/boxscores/20260211_ruqg.xml "HTTP/1.1 200 OK"
15:34:55 [INFO] HTTP Request: GET https://njcaastats.prestosports.com/sports/mbkb/2025-26/div1/boxscores/20260214_7t53.xml "HTTP/1.1 200 OK"
15:35:06 [INFO] HTTP Request: GET https://njcaastats.prestosports.com/sports/mbkb/2025-26/div1/boxscores/20260218_d3ly.xml "HTTP/1.1 200 OK"
15:35:17 [INFO] HTTP Request: GET https://njcaastats.prestosports.com/sports/mbkb/2025-26/div1/boxscores/20260221_awtd.xml "HTTP/1.1 200 OK"
15:35:18 [INFO]   Loaded: 27 games, 650 player-game-stat rows
15:35:18 [INFO] 
[17/20] Indian Hills CC
15:35:18 [INFO] Scraping team: Indian Hills CC (indianhillscommunitycollege)
15:35:37 [INFO] HTTP Request: GET https://njcaastats.prestosports.com/sports/mbkb/2025-26/div1/teams/indianhillscommunitycollege?view=roster "HTTP/1.1 200 OK"
15:35:37 [INFO]   Roster: 12 players
15:36:00 [INFO] HTTP Request: GET https://njcaastats.prestosports.com/sports/mbkb/2025-26/div1/teams/indianhillscommunitycollege?view=gamelog "HTTP/1.1 200 OK"
15:36:00 [INFO]   Games: 29 with box scores
15:36:11 [INFO] HTTP Request: GET https://njcaastats.prestosports.com/sports/mbkb/2025-26/div1/boxscores/20251031_eq44.xml "HTTP/1.1 200 OK"
15:36:22 [INFO] HTTP Request: GET https://njcaastats.prestosports.com/sports/mbkb/2025-26/div1/boxscores/20251101_u8xn.xml "HTTP/1.1 200 OK"
15:36:33 [INFO] HTTP Request: GET https://njcaastats.prestosports.com/sports/mbkb/2025-26/div1/boxscores/20251104_m93t.xml "HTTP/1.1 200 OK"
15:36:44 [INFO] HTTP Request: GET https://njcaastats.prestosports.com/sports/mbkb/2025-26/div1/boxscores/20251107_jyr8.xml "HTTP/1.1 200 OK"
15:36:55 [INFO] HTTP Request: GET https://njcaastats.prestosports.com/sports/mbkb/2025-26/div1/boxscores/20251108_u5or.xml "HTTP/1.1 200 OK"
15:37:06 [INFO] HTTP Request: GET https://njcaastats.prestosports.com/sports/mbkb/2025-26/div1/boxscores/20251114_lwj4.xml "HTTP/1.1 200 OK"
15:37:17 [INFO] HTTP Request: GET https://njcaastats.prestosports.com/sports/mbkb/2025-26/div1/boxscores/20251115_4tp1.xml "HTTP/1.1 200 OK"
15:37:28 [INFO] HTTP Request: GET https://njcaastats.prestosports.com/sports/mbkb/2025-26/div1/boxscores/20251121_qhm8.xml "HTTP/1.1 200 OK"
15:37:39 [INFO] HTTP Request: GET https://njcaastats.prestosports.com/sports/mbkb/2025-26/div1/boxscores/20251125_a9np.xml "HTTP/1.1 200 OK"
15:37:50 [INFO] HTTP Request: GET https://njcaastats.prestosports.com/sports/mbkb/2025-26/div1/boxscores/20251203_uhrl.xml "HTTP/1.1 200 OK"
15:38:01 [INFO] HTTP Request: GET https://njcaastats.prestosports.com/sports/mbkb/2025-26/div1/boxscores/20251205_dxvw.xml "HTTP/1.1 200 OK"
15:38:12 [INFO] HTTP Request: GET https://njcaastats.prestosports.com/sports/mbkb/2025-26/div1/boxscores/20251206_1nog.xml "HTTP/1.1 200 OK"
15:38:23 [INFO] HTTP Request: GET https://njcaastats.prestosports.com/sports/mbkb/2025-26/div1/boxscores/20251210_28xp.xml "HTTP/1.1 200 OK"
15:38:34 [INFO] HTTP Request: GET https://njcaastats.prestosports.com/sports/mbkb/2025-26/div1/boxscores/20251213_7nwu.xml "HTTP/1.1 200 OK"
15:38:45 [INFO] HTTP Request: GET https://njcaastats.prestosports.com/sports/mbkb/2025-26/div1/boxscores/20251218_k3t3.xml "HTTP/1.1 200 OK"
15:38:56 [INFO] HTTP Request: GET https://njcaastats.prestosports.com/sports/mbkb/2025-26/div1/boxscores/20251219_196r.xml "HTTP/1.1 200 OK"
15:39:07 [INFO] HTTP Request: GET https://njcaastats.prestosports.com/sports/mbkb/2025-26/div1/boxscores/20260106_lu05.xml "HTTP/1.1 200 OK"
15:39:18 [INFO] HTTP Request: GET https://njcaastats.prestosports.com/sports/mbkb/2025-26/div1/boxscores/20260110_sccg.xml "HTTP/1.1 200 OK"
15:39:29 [INFO] HTTP Request: GET https://njcaastats.prestosports.com/sports/mbkb/2025-26/div1/boxscores/20260113_d9za.xml "HTTP/1.1 200 OK"
15:39:40 [INFO] HTTP Request: GET https://njcaastats.prestosports.com/sports/mbkb/2025-26/div1/boxscores/20260117_umsw.xml "HTTP/1.1 200 OK"
15:39:51 [INFO] HTTP Request: GET https://njcaastats.prestosports.com/sports/mbkb/2025-26/div1/boxscores/20260122_wdas.xml "HTTP/1.1 200 OK"
15:40:02 [INFO] HTTP Request: GET https://njcaastats.prestosports.com/sports/mbkb/2025-26/div1/boxscores/20260128_8tcs.xml "HTTP/1.1 200 OK"
15:40:13 [INFO] HTTP Request: GET https://njcaastats.prestosports.com/sports/mbkb/2025-26/div1/boxscores/20260131_nfp1.xml "HTTP/1.1 200 OK"
15:40:24 [INFO] HTTP Request: GET https://njcaastats.prestosports.com/sports/mbkb/2025-26/div1/boxscores/20260204_udu0.xml "HTTP/1.1 200 OK"
15:40:35 [INFO] HTTP Request: GET https://njcaastats.prestosports.com/sports/mbkb/2025-26/div1/boxscores/20260207_utrp.xml "HTTP/1.1 200 OK"
15:40:46 [INFO] HTTP Request: GET https://njcaastats.prestosports.com/sports/mbkb/2025-26/div1/boxscores/20260214_ytgp.xml "HTTP/1.1 200 OK"
15:40:57 [INFO] HTTP Request: GET https://njcaastats.prestosports.com/sports/mbkb/2025-26/div1/boxscores/20260218_tp7p.xml "HTTP/1.1 200 OK"
15:41:08 [INFO] HTTP Request: GET https://njcaastats.prestosports.com/sports/mbkb/2025-26/div1/boxscores/20260221_c03b.xml "HTTP/1.1 200 OK"
15:41:19 [INFO] HTTP Request: GET https://njcaastats.prestosports.com/sports/mbkb/2025-26/div1/boxscores/20260224_1p54.xml "HTTP/1.1 200 OK"
15:41:20 [INFO]   Loaded: 29 games, 644 player-game-stat rows
15:41:20 [INFO] 
[18/20] Indian River State College
15:41:20 [INFO] Scraping team: Indian River State College (indianriverstatecollege)
15:41:38 [INFO] HTTP Request: GET https://njcaastats.prestosports.com/sports/mbkb/2025-26/div1/teams/indianriverstatecollege?view=roster "HTTP/1.1 200 OK"
15:41:39 [INFO]   Roster: 11 players
15:42:00 [INFO] HTTP Request: GET https://njcaastats.prestosports.com/sports/mbkb/2025-26/div1/teams/indianriverstatecollege?view=gamelog "HTTP/1.1 200 OK"
15:42:00 [INFO]   Games: 27 with box scores
15:42:11 [INFO] HTTP Request: GET https://njcaastats.prestosports.com/sports/mbkb/2025-26/div1/boxscores/20251031_6x8m.xml "HTTP/1.1 200 OK"
15:42:22 [INFO] HTTP Request: GET https://njcaastats.prestosports.com/sports/mbkb/2025-26/div1/boxscores/20251101_2t78.xml "HTTP/1.1 200 OK"
15:42:33 [INFO] HTTP Request: GET https://njcaastats.prestosports.com/sports/mbkb/2025-26/div1/boxscores/20251107_jtqi.xml "HTTP/1.1 200 OK"
15:42:44 [INFO] HTTP Request: GET https://njcaastats.prestosports.com/sports/mbkb/2025-26/div1/boxscores/20251108_6zpp.xml "HTTP/1.1 200 OK"
15:42:55 [INFO] HTTP Request: GET https://njcaastats.prestosports.com/sports/mbkb/2025-26/div1/boxscores/20251114_rgmb.xml "HTTP/1.1 200 OK"
15:43:06 [INFO] HTTP Request: GET https://njcaastats.prestosports.com/sports/mbkb/2025-26/div1/boxscores/20251115_wbv6.xml "HTTP/1.1 200 OK"
15:43:17 [INFO] HTTP Request: GET https://njcaastats.prestosports.com/sports/mbkb/2025-26/div1/boxscores/20251121_o780.xml "HTTP/1.1 200 OK"
15:43:28 [INFO] HTTP Request: GET https://njcaastats.prestosports.com/sports/mbkb/2025-26/div1/boxscores/20251128_6b62.xml "HTTP/1.1 200 OK"
15:43:39 [INFO] HTTP Request: GET https://njcaastats.prestosports.com/sports/mbkb/2025-26/div1/boxscores/20251129_weoy.xml "HTTP/1.1 200 OK"
15:43:50 [INFO] HTTP Request: GET https://njcaastats.prestosports.com/sports/mbkb/2025-26/div1/boxscores/20251130_8wa0.xml "HTTP/1.1 200 OK"
15:44:01 [INFO] HTTP Request: GET https://njcaastats.prestosports.com/sports/mbkb/2025-26/div1/boxscores/20251207_r8oi.xml "HTTP/1.1 200 OK"
15:44:11 [INFO] HTTP Request: GET https://njcaastats.prestosports.com/sports/mbkb/2025-26/div1/boxscores/20251213_2efp.xml "HTTP/1.1 200 OK"
15:44:23 [INFO] HTTP Request: GET https://njcaastats.prestosports.com/sports/mbkb/2025-26/div1/boxscores/20251216_500p.xml "HTTP/1.1 200 OK"
15:44:34 [INFO] HTTP Request: GET https://njcaastats.prestosports.com/sports/mbkb/2025-26/div1/boxscores/20251217_vfwf.xml "HTTP/1.1 200 OK"
15:44:45 [INFO] HTTP Request: GET https://njcaastats.prestosports.com/sports/mbkb/2025-26/div1/boxscores/20260107_hh03.xml "HTTP/1.1 200 OK"
15:44:56 [INFO] HTTP Request: GET https://njcaastats.prestosports.com/sports/mbkb/2025-26/div1/boxscores/20260110_u481.xml "HTTP/1.1 200 OK"
15:45:07 [INFO] HTTP Request: GET https://njcaastats.prestosports.com/sports/mbkb/2025-26/div1/boxscores/20260114_dnba.xml "HTTP/1.1 200 OK"
15:45:18 [INFO] HTTP Request: GET https://njcaastats.prestosports.com/sports/mbkb/2025-26/div1/boxscores/20260117_bcnx.xml "HTTP/1.1 200 OK"
15:45:29 [INFO] HTTP Request: GET https://njcaastats.prestosports.com/sports/mbkb/2025-26/div1/boxscores/20260121_lwit.xml "HTTP/1.1 200 OK"
15:45:40 [INFO] HTTP Request: GET https://njcaastats.prestosports.com/sports/mbkb/2025-26/div1/boxscores/20260124_bau1.xml "HTTP/1.1 200 OK"
15:45:51 [INFO] HTTP Request: GET https://njcaastats.prestosports.com/sports/mbkb/2025-26/div1/boxscores/20260128_2v1s.xml "HTTP/1.1 200 OK"
15:46:02 [INFO] HTTP Request: GET https://njcaastats.prestosports.com/sports/mbkb/2025-26/div1/boxscores/20260131_lk1n.xml "HTTP/1.1 200 OK"
15:46:14 [INFO] HTTP Request: GET https://njcaastats.prestosports.com/sports/mbkb/2025-26/div1/boxscores/20260207_v1a3.xml "HTTP/1.1 200 OK"
15:46:25 [INFO] HTTP Request: GET https://njcaastats.prestosports.com/sports/mbkb/2025-26/div1/boxscores/20260211_9aai.xml "HTTP/1.1 200 OK"
15:46:36 [INFO] HTTP Request: GET https://njcaastats.prestosports.com/sports/mbkb/2025-26/div1/boxscores/20260214_c146.xml "HTTP/1.1 200 OK"
15:46:47 [INFO] HTTP Request: GET https://njcaastats.prestosports.com/sports/mbkb/2025-26/div1/boxscores/20260218_t8sb.xml "HTTP/1.1 200 OK"
15:46:58 [INFO] HTTP Request: GET https://njcaastats.prestosports.com/sports/mbkb/2025-26/div1/boxscores/20260221_63y7.xml "HTTP/1.1 200 OK"
15:46:58 [INFO]   Loaded: 27 games, 587 player-game-stat rows
15:46:58 [INFO] 
[19/20] Itawamba CC
15:46:58 [INFO] Scraping team: Itawamba CC (itawambacommunitycollege)
15:47:20 [INFO] HTTP Request: GET https://njcaastats.prestosports.com/sports/mbkb/2025-26/div1/teams/itawambacommunitycollege?view=roster "HTTP/1.1 200 OK"
15:47:20 [INFO]   Roster: 15 players
15:47:44 [INFO] HTTP Request: GET https://njcaastats.prestosports.com/sports/mbkb/2025-26/div1/teams/itawambacommunitycollege?view=gamelog "HTTP/1.1 200 OK"
15:47:44 [INFO]   Games: 27 with box scores
15:47:55 [INFO] HTTP Request: GET https://njcaastats.prestosports.com/sports/mbkb/2025-26/div1/boxscores/20251031_eh16.xml "HTTP/1.1 200 OK"
15:48:06 [INFO] HTTP Request: GET https://njcaastats.prestosports.com/sports/mbkb/2025-26/div1/boxscores/20251101_3q39.xml "HTTP/1.1 200 OK"
15:48:17 [INFO] HTTP Request: GET https://njcaastats.prestosports.com/sports/mbkb/2025-26/div1/boxscores/20251103_3amj.xml "HTTP/1.1 200 OK"
15:48:28 [INFO] HTTP Request: GET https://njcaastats.prestosports.com/sports/mbkb/2025-26/div1/boxscores/20251106_csnp.xml "HTTP/1.1 200 OK"
15:48:39 [INFO] HTTP Request: GET https://njcaastats.prestosports.com/sports/mbkb/2025-26/div1/boxscores/20251110_w9ed.xml "HTTP/1.1 200 OK"
15:48:50 [INFO] HTTP Request: GET https://njcaastats.prestosports.com/sports/mbkb/2025-26/div1/boxscores/20251113_xiur.xml "HTTP/1.1 200 OK"
15:49:01 [INFO] HTTP Request: GET https://njcaastats.prestosports.com/sports/mbkb/2025-26/div1/boxscores/20251115_ggob.xml "HTTP/1.1 200 OK"
15:49:13 [INFO] HTTP Request: GET https://njcaastats.prestosports.com/sports/mbkb/2025-26/div1/boxscores/20251117_c8il.xml "HTTP/1.1 200 OK"
15:49:23 [INFO] HTTP Request: GET https://njcaastats.prestosports.com/sports/mbkb/2025-26/div1/boxscores/20251119_w8fq.xml "HTTP/1.1 200 OK"
15:49:34 [INFO] HTTP Request: GET https://njcaastats.prestosports.com/sports/mbkb/2025-26/div1/boxscores/20251202_bil3.xml "HTTP/1.1 200 OK"
15:49:45 [INFO] HTTP Request: GET https://njcaastats.prestosports.com/sports/mbkb/2025-26/div1/boxscores/20251204_ir2a.xml "HTTP/1.1 200 OK"
15:49:57 [INFO] HTTP Request: GET https://njcaastats.prestosports.com/sports/mbkb/2025-26/div1/boxscores/20251208_ddwu.xml "HTTP/1.1 200 OK"
15:50:08 [INFO] HTTP Request: GET https://njcaastats.prestosports.com/sports/mbkb/2025-26/div1/boxscores/20260105_td68.xml "HTTP/1.1 200 OK"
15:50:20 [INFO] HTTP Request: GET https://njcaastats.prestosports.com/sports/mbkb/2025-26/div1/boxscores/20260108_sssq.xml "HTTP/1.1 200 OK"
15:50:31 [INFO] HTTP Request: GET https://njcaastats.prestosports.com/sports/mbkb/2025-26/div1/boxscores/20260112_wu2y.xml "HTTP/1.1 200 OK"
15:50:42 [INFO] HTTP Request: GET https://njcaastats.prestosports.com/sports/mbkb/2025-26/div1/boxscores/20260115_vy8z.xml "HTTP/1.1 200 OK"
15:50:53 [INFO] HTTP Request: GET https://njcaastats.prestosports.com/sports/mbkb/2025-26/div1/boxscores/20260120_twas.xml "HTTP/1.1 200 OK"
15:51:04 [INFO] HTTP Request: GET https://njcaastats.prestosports.com/sports/mbkb/2025-26/div1/boxscores/20260122_sy1d.xml "HTTP/1.1 200 OK"
15:51:15 [INFO] HTTP Request: GET https://njcaastats.prestosports.com/sports/mbkb/2025-26/div1/boxscores/20260129_d3a3.xml "HTTP/1.1 200 OK"
15:51:26 [INFO] HTTP Request: GET https://njcaastats.prestosports.com/sports/mbkb/2025-26/div1/boxscores/20260131_fbp4.xml "HTTP/1.1 200 OK"
15:51:37 [INFO] HTTP Request: GET https://njcaastats.prestosports.com/sports/mbkb/2025-26/div1/boxscores/20260202_3tlg.xml "HTTP/1.1 200 OK"
15:51:48 [INFO] HTTP Request: GET https://njcaastats.prestosports.com/sports/mbkb/2025-26/div1/boxscores/20260205_55sp.xml "HTTP/1.1 200 OK"
15:51:59 [INFO] HTTP Request: GET https://njcaastats.prestosports.com/sports/mbkb/2025-26/div1/boxscores/20260209_nxy2.xml "HTTP/1.1 200 OK"
15:52:10 [INFO] HTTP Request: GET https://njcaastats.prestosports.com/sports/mbkb/2025-26/div1/boxscores/20260212_n71j.xml "HTTP/1.1 200 OK"
15:52:21 [INFO] HTTP Request: GET https://njcaastats.prestosports.com/sports/mbkb/2025-26/div1/boxscores/20260216_sbff.xml "HTTP/1.1 200 OK"
15:52:32 [INFO] HTTP Request: GET https://njcaastats.prestosports.com/sports/mbkb/2025-26/div1/boxscores/20260219_fr1x.xml "HTTP/1.1 200 OK"
15:52:43 [INFO] HTTP Request: GET https://njcaastats.prestosports.com/sports/mbkb/2025-26/div1/boxscores/20260223_nuko.xml "HTTP/1.1 200 OK"
15:52:43 [INFO]   Loaded: 27 games, 629 player-game-stat rows
15:52:43 [INFO] 
[20/20] Jackson State CC
15:52:43 [INFO] Scraping team: Jackson State CC (jacksonstatecommunitycollege)
15:53:10 [INFO] HTTP Request: GET https://njcaastats.prestosports.com/sports/mbkb/2025-26/div1/teams/jacksonstatecommunitycollege?view=roster "HTTP/1.1 200 OK"
15:53:10 [INFO]   Roster: 15 players
15:53:30 [INFO] HTTP Request: GET https://njcaastats.prestosports.com/sports/mbkb/2025-26/div1/teams/jacksonstatecommunitycollege?view=gamelog "HTTP/1.1 200 OK"
15:53:30 [INFO]   Games: 23 with box scores
15:53:41 [INFO] HTTP Request: GET https://njcaastats.prestosports.com/sports/mbkb/2025-26/div1/boxscores/20251103_u6k3.xml "HTTP/1.1 200 OK"
15:53:52 [INFO] HTTP Request: GET https://njcaastats.prestosports.com/sports/mbkb/2025-26/div1/boxscores/20251108_iuqi.xml "HTTP/1.1 200 OK"
15:54:03 [INFO] HTTP Request: GET https://njcaastats.prestosports.com/sports/mbkb/2025-26/div1/boxscores/20251112_qt96.xml "HTTP/1.1 200 OK"
15:54:14 [INFO] HTTP Request: GET https://njcaastats.prestosports.com/sports/mbkb/2025-26/div1/boxscores/20251115_o6ha.xml "HTTP/1.1 200 OK"
15:54:25 [INFO] HTTP Request: GET https://njcaastats.prestosports.com/sports/mbkb/2025-26/div1/boxscores/20251117_4f8r.xml "HTTP/1.1 200 OK"
15:54:36 [INFO] HTTP Request: GET https://njcaastats.prestosports.com/sports/mbkb/2025-26/div1/boxscores/20251119_b8un.xml "HTTP/1.1 200 OK"
15:54:47 [INFO] HTTP Request: GET https://njcaastats.prestosports.com/sports/mbkb/2025-26/div1/boxscores/20251122_qpwi.xml "HTTP/1.1 200 OK"
15:54:59 [INFO] HTTP Request: GET https://njcaastats.prestosports.com/sports/mbkb/2025-26/div1/boxscores/20251129_rd29.xml "HTTP/1.1 200 OK"
15:55:09 [INFO] HTTP Request: GET https://njcaastats.prestosports.com/sports/mbkb/2025-26/div1/boxscores/20251203_p9op.xml "HTTP/1.1 200 OK"
15:55:20 [INFO] HTTP Request: GET https://njcaastats.prestosports.com/sports/mbkb/2025-26/div1/boxscores/20251206_kk8x.xml "HTTP/1.1 200 OK"
15:55:31 [INFO] HTTP Request: GET https://njcaastats.prestosports.com/sports/mbkb/2025-26/div1/boxscores/20251211_7rfb.xml "HTTP/1.1 200 OK"
15:55:43 [INFO] HTTP Request: GET https://njcaastats.prestosports.com/sports/mbkb/2025-26/div1/boxscores/20251215_y0wt.xml "HTTP/1.1 200 OK"
15:55:54 [INFO] HTTP Request: GET https://njcaastats.prestosports.com/sports/mbkb/2025-26/div1/boxscores/20260107_l2bc.xml "HTTP/1.1 200 OK"
15:56:04 [INFO] HTTP Request: GET https://njcaastats.prestosports.com/sports/mbkb/2025-26/div1/boxscores/20260110_w0fc.xml "HTTP/1.1 200 OK"
15:56:15 [INFO] HTTP Request: GET https://njcaastats.prestosports.com/sports/mbkb/2025-26/div1/boxscores/20260117_96yz.xml "HTTP/1.1 200 OK"
15:56:26 [INFO] HTTP Request: GET https://njcaastats.prestosports.com/sports/mbkb/2025-26/div1/boxscores/20260205_ezqo.xml "HTTP/1.1 200 OK"
15:56:37 [INFO] HTTP Request: GET https://njcaastats.prestosports.com/sports/mbkb/2025-26/div1/boxscores/20260207_6nh1.xml "HTTP/1.1 200 OK"
15:56:48 [INFO] HTTP Request: GET https://njcaastats.prestosports.com/sports/mbkb/2025-26/div1/boxscores/20260211_kazr.xml "HTTP/1.1 200 OK"
15:56:59 [INFO] HTTP Request: GET https://njcaastats.prestosports.com/sports/mbkb/2025-26/div1/boxscores/20260214_99ie.xml "HTTP/1.1 200 OK"
15:57:11 [INFO] HTTP Request: GET https://njcaastats.prestosports.com/sports/mbkb/2025-26/div1/boxscores/20260216_04km.xml "HTTP/1.1 200 OK"
15:57:22 [INFO] HTTP Request: GET https://njcaastats.prestosports.com/sports/mbkb/2025-26/div1/boxscores/20260218_4a5n.xml "HTTP/1.1 200 OK"
15:57:33 [INFO] HTTP Request: GET https://njcaastats.prestosports.com/sports/mbkb/2025-26/div1/boxscores/20260221_t1qp.xml "HTTP/1.1 200 OK"
15:57:44 [INFO] HTTP Request: GET https://njcaastats.prestosports.com/sports/mbkb/2025-26/div1/boxscores/20260223_xlwt.xml "HTTP/1.1 200 OK"
15:57:44 [INFO]   Loaded: 23 games, 525 player-game-stat rows
15:57:44 [INFO] 
============================================================
15:57:44 [INFO]   BATCH COMPLETE: 20 teams, 503 games, 11368 PGS rows
15:57:44 [INFO] ============================================================

============================================================
  BATCH (njcaa_d1) — FINAL SUMMARY
============================================================
  Total teams discovered & scraped: 1389
  Total players in database:        15463
  Total games with box scores:      5103
  Total player_game_stats rows:     125071
  Total team_game_stats rows:       5090
  Total HTTP requests:              5999
  Failed URLs (in scrape_log):      48
============================================================
