14:54:35 [INFO] Batch: 20 teams, level=njcaa_d3, assoc=njcaa
14:54:35 [INFO] 
[1/20] Lorain County CC
14:54:35 [INFO] Scraping team: Lorain County CC (loraincountycommunitycollege)
14:54:38 [INFO] HTTP Request: GET https://njcaastats.prestosports.com/sports/mbkb/2025-26/div3/teams/loraincountycommunitycollege?view=roster "HTTP/1.1 200 OK"
14:54:38 [INFO]   Roster: 13 players
14:54:50 [INFO] HTTP Request: GET https://njcaastats.prestosports.com/sports/mbkb/2025-26/div3/teams/loraincountycommunitycollege?view=gamelog "HTTP/1.1 200 OK"
14:54:51 [INFO]   Games: 30 with box scores
14:55:02 [INFO] HTTP Request: GET https://njcaastats.prestosports.com/sports/mbkb/2025-26/div3/boxscores/20251101_n051.xml "HTTP/1.1 200 OK"
14:55:14 [INFO] HTTP Request: GET https://njcaastats.prestosports.com/sports/mbkb/2025-26/div3/boxscores/20251108_dcn7.xml "HTTP/1.1 200 OK"
14:55:25 [INFO] HTTP Request: GET https://njcaastats.prestosports.com/sports/mbkb/2025-26/div3/boxscores/20251113_b7k1.xml "HTTP/1.1 200 OK"
14:55:36 [INFO] HTTP Request: GET https://njcaastats.prestosports.com/sports/mbkb/2025-26/div3/boxscores/20251115_5i86.xml "HTTP/1.1 200 OK"
14:55:48 [INFO] HTTP Request: GET https://njcaastats.prestosports.com/sports/mbkb/2025-26/div3/boxscores/20251119_l8kr.xml "HTTP/1.1 200 OK"
14:56:00 [INFO] HTTP Request: GET https://njcaastats.prestosports.com/sports/mbkb/2025-26/div3/boxscores/20251122_wr31.xml "HTTP/1.1 200 OK"
14:56:12 [INFO] HTTP Request: GET https://njcaastats.prestosports.com/sports/mbkb/2025-26/div3/boxscores/20251123_v5f4.xml "HTTP/1.1 200 OK"
14:56:24 [INFO] HTTP Request: GET https://njcaastats.prestosports.com/sports/mbkb/2025-26/div3/boxscores/20251203_94aq.xml "HTTP/1.1 200 OK"
14:56:36 [INFO] HTTP Request: GET https://njcaastats.prestosports.com/sports/mbkb/2025-26/div3/boxscores/20251210_q8ra.xml "HTTP/1.1 200 OK"
14:56:48 [INFO] HTTP Request: GET https://njcaastats.prestosports.com/sports/mbkb/2025-26/div3/boxscores/20251213_5ayk.xml "HTTP/1.1 200 OK"
14:56:59 [INFO] HTTP Request: GET https://njcaastats.prestosports.com/sports/mbkb/2025-26/div3/boxscores/20251216_x0be.xml "HTTP/1.1 200 OK"
14:57:10 [INFO] HTTP Request: GET https://njcaastats.prestosports.com/sports/mbkb/2025-26/div3/boxscores/20251220_t0n2.xml "HTTP/1.1 200 OK"
14:57:21 [INFO] HTTP Request: GET https://njcaastats.prestosports.com/sports/mbkb/2025-26/div3/boxscores/20251222_cw5d.xml "HTTP/1.1 200 OK"
14:57:32 [INFO] HTTP Request: GET https://njcaastats.prestosports.com/sports/mbkb/2025-26/div3/boxscores/20260103_4exx.xml "HTTP/1.1 200 OK"
14:57:43 [INFO] HTTP Request: GET https://njcaastats.prestosports.com/sports/mbkb/2025-26/div3/boxscores/20260105_bb0n.xml "HTTP/1.1 200 OK"
14:57:54 [INFO] HTTP Request: GET https://njcaastats.prestosports.com/sports/mbkb/2025-26/div3/boxscores/20260107_ubzn.xml "HTTP/1.1 200 OK"
14:58:05 [INFO] HTTP Request: GET https://njcaastats.prestosports.com/sports/mbkb/2025-26/div3/boxscores/20260110_djsu.xml "HTTP/1.1 200 OK"
14:58:16 [INFO] HTTP Request: GET https://njcaastats.prestosports.com/sports/mbkb/2025-26/div3/boxscores/20260114_47hu.xml "HTTP/1.1 200 OK"
14:58:27 [INFO] HTTP Request: GET https://njcaastats.prestosports.com/sports/mbkb/2025-26/div3/boxscores/20260121_4j8d.xml "HTTP/1.1 200 OK"
14:58:38 [INFO] HTTP Request: GET https://njcaastats.prestosports.com/sports/mbkb/2025-26/div3/boxscores/20260124_8kfj.xml "HTTP/1.1 200 OK"
14:58:49 [INFO] HTTP Request: GET https://njcaastats.prestosports.com/sports/mbkb/2025-26/div3/boxscores/20260131_6rka.xml "HTTP/1.1 200 OK"
14:59:00 [INFO] HTTP Request: GET https://njcaastats.prestosports.com/sports/mbkb/2025-26/div3/boxscores/20260202_tevf.xml "HTTP/1.1 200 OK"
14:59:11 [INFO] HTTP Request: GET https://njcaastats.prestosports.com/sports/mbkb/2025-26/div3/boxscores/20260204_dg99.xml "HTTP/1.1 200 OK"
14:59:22 [INFO] HTTP Request: GET https://njcaastats.prestosports.com/sports/mbkb/2025-26/div3/boxscores/20260207_ro69.xml "HTTP/1.1 200 OK"
14:59:33 [INFO] HTTP Request: GET https://njcaastats.prestosports.com/sports/mbkb/2025-26/div3/boxscores/20260209_d4n5.xml "HTTP/1.1 200 OK"
14:59:44 [INFO] HTTP Request: GET https://njcaastats.prestosports.com/sports/mbkb/2025-26/div3/boxscores/20260211_3518.xml "HTTP/1.1 200 OK"
14:59:55 [INFO] HTTP Request: GET https://njcaastats.prestosports.com/sports/mbkb/2025-26/div3/boxscores/20260214_ub39.xml "HTTP/1.1 200 OK"
15:00:07 [INFO] HTTP Request: GET https://njcaastats.prestosports.com/sports/mbkb/2025-26/div3/boxscores/20260217_ph8l.xml "HTTP/1.1 200 OK"
15:00:18 [INFO] HTTP Request: GET https://njcaastats.prestosports.com/sports/mbkb/2025-26/div3/boxscores/20260218_w26m.xml "HTTP/1.1 200 OK"
15:00:29 [INFO] HTTP Request: GET https://njcaastats.prestosports.com/sports/mbkb/2025-26/div3/boxscores/20260221_2nl0.xml "HTTP/1.1 200 OK"
15:00:29 [INFO]   Loaded: 30 games, 761 player-game-stat rows
15:00:29 [INFO] 
[2/20] Luzerne County CC
15:00:29 [INFO] Scraping team: Luzerne County CC (luzernecountycommunitycollege)
15:00:46 [INFO] HTTP Request: GET https://njcaastats.prestosports.com/sports/mbkb/2025-26/div3/teams/luzernecountycommunitycollege?view=roster "HTTP/1.1 200 OK"
15:00:46 [INFO]   Roster: 19 players
15:00:59 [INFO] HTTP Request: GET https://njcaastats.prestosports.com/sports/mbkb/2025-26/div3/teams/luzernecountycommunitycollege?view=gamelog "HTTP/1.1 200 OK"
15:01:00 [INFO]   Games: 27 with box scores
15:01:11 [INFO] HTTP Request: GET https://njcaastats.prestosports.com/sports/mbkb/2025-26/div3/boxscores/20251101_lws9.xml "HTTP/1.1 200 OK"
15:01:22 [INFO] HTTP Request: GET https://njcaastats.prestosports.com/sports/mbkb/2025-26/div3/boxscores/20251108_47gb.xml "HTTP/1.1 200 OK"
15:01:33 [INFO] HTTP Request: GET https://njcaastats.prestosports.com/sports/mbkb/2025-26/div3/boxscores/20251115_baad.xml "HTTP/1.1 200 OK"
15:01:45 [INFO] HTTP Request: GET https://njcaastats.prestosports.com/sports/mbkb/2025-26/div3/boxscores/20251118_tvg0.xml "HTTP/1.1 200 OK"
15:01:56 [INFO] HTTP Request: GET https://njcaastats.prestosports.com/sports/mbkb/2025-26/div3/boxscores/20251120_eipe.xml "HTTP/1.1 200 OK"
15:02:07 [INFO] HTTP Request: GET https://njcaastats.prestosports.com/sports/mbkb/2025-26/div3/boxscores/20251122_6pok.xml "HTTP/1.1 200 OK"
15:02:19 [INFO] HTTP Request: GET https://njcaastats.prestosports.com/sports/mbkb/2025-26/div3/boxscores/20251204_0sfv.xml "HTTP/1.1 200 OK"
15:02:31 [INFO] HTTP Request: GET https://njcaastats.prestosports.com/sports/mbkb/2025-26/div3/boxscores/20251206_d5qn.xml "HTTP/1.1 200 OK"
15:02:42 [INFO] HTTP Request: GET https://njcaastats.prestosports.com/sports/mbkb/2025-26/div3/boxscores/20251209_wowj.xml "HTTP/1.1 200 OK"
15:02:53 [INFO] HTTP Request: GET https://njcaastats.prestosports.com/sports/mbkb/2025-26/div3/boxscores/20251211_mpvp.xml "HTTP/1.1 200 OK"
15:03:04 [INFO] HTTP Request: GET https://njcaastats.prestosports.com/sports/mbkb/2025-26/div3/boxscores/20251213_z8j1.xml "HTTP/1.1 200 OK"
15:03:16 [INFO] HTTP Request: GET https://njcaastats.prestosports.com/sports/mbkb/2025-26/div3/boxscores/20251216_jz32.xml "HTTP/1.1 200 OK"
15:03:27 [INFO] HTTP Request: GET https://njcaastats.prestosports.com/sports/mbkb/2025-26/div3/boxscores/20251218_ttyy.xml "HTTP/1.1 200 OK"
15:03:38 [INFO] HTTP Request: GET https://njcaastats.prestosports.com/sports/mbkb/2025-26/div3/boxscores/20260103_cmx4.xml "HTTP/1.1 200 OK"
15:03:50 [INFO] HTTP Request: GET https://njcaastats.prestosports.com/sports/mbkb/2025-26/div3/boxscores/20260106_a579.xml "HTTP/1.1 200 OK"
15:04:01 [INFO] HTTP Request: GET https://njcaastats.prestosports.com/sports/mbkb/2025-26/div3/boxscores/20260113_ga9x.xml "HTTP/1.1 200 OK"
15:04:12 [INFO] HTTP Request: GET https://njcaastats.prestosports.com/sports/mbkb/2025-26/div3/boxscores/20260115_at8d.xml "HTTP/1.1 200 OK"
15:04:23 [INFO] HTTP Request: GET https://njcaastats.prestosports.com/sports/mbkb/2025-26/div3/boxscores/20260117_3sin.xml "HTTP/1.1 200 OK"
15:04:34 [INFO] HTTP Request: GET https://njcaastats.prestosports.com/sports/mbkb/2025-26/div3/boxscores/20260120_kjw6.xml "HTTP/1.1 200 OK"
15:04:45 [INFO] HTTP Request: GET https://njcaastats.prestosports.com/sports/mbkb/2025-26/div3/boxscores/20260124_pbxx.xml "HTTP/1.1 200 OK"
15:04:57 [INFO] HTTP Request: GET https://njcaastats.prestosports.com/sports/mbkb/2025-26/div3/boxscores/20260129_m8zq.xml "HTTP/1.1 200 OK"
15:05:09 [INFO] HTTP Request: GET https://njcaastats.prestosports.com/sports/mbkb/2025-26/div3/boxscores/20260131_5hp3.xml "HTTP/1.1 200 OK"
15:05:20 [INFO] HTTP Request: GET https://njcaastats.prestosports.com/sports/mbkb/2025-26/div3/boxscores/20260203_lpfa.xml "HTTP/1.1 200 OK"
15:05:32 [INFO] HTTP Request: GET https://njcaastats.prestosports.com/sports/mbkb/2025-26/div3/boxscores/20260207_sd7e.xml "HTTP/1.1 200 OK"
15:05:43 [INFO] HTTP Request: GET https://njcaastats.prestosports.com/sports/mbkb/2025-26/div3/boxscores/20260210_wr4i.xml "HTTP/1.1 200 OK"
15:05:54 [INFO] HTTP Request: GET https://njcaastats.prestosports.com/sports/mbkb/2025-26/div3/boxscores/20260213_ned6.xml "HTTP/1.1 200 OK"
15:06:05 [INFO] HTTP Request: GET https://njcaastats.prestosports.com/sports/mbkb/2025-26/div3/boxscores/20260214_1eq1.xml "HTTP/1.1 200 OK"
15:06:05 [INFO]   Loaded: 27 games, 617 player-game-stat rows
15:06:05 [INFO] 
[3/20] Massasoit CC
15:06:05 [INFO] Scraping team: Massasoit CC (massasoitcommunitycollege)
15:06:18 [INFO] HTTP Request: GET https://njcaastats.prestosports.com/sports/mbkb/2025-26/div3/teams/massasoitcommunitycollege?view=roster "HTTP/1.1 200 OK"
15:06:18 [INFO]   Roster: 14 players
15:06:31 [INFO] HTTP Request: GET https://njcaastats.prestosports.com/sports/mbkb/2025-26/div3/teams/massasoitcommunitycollege?view=gamelog "HTTP/1.1 200 OK"
15:06:31 [INFO]   Games: 27 with box scores
15:06:42 [INFO] HTTP Request: GET https://njcaastats.prestosports.com/sports/mbkb/2025-26/div3/boxscores/20251101_n9vy.xml "HTTP/1.1 200 OK"
15:06:54 [INFO] HTTP Request: GET https://njcaastats.prestosports.com/sports/mbkb/2025-26/div3/boxscores/20251102_hmnh.xml "HTTP/1.1 200 OK"
15:07:05 [INFO] HTTP Request: GET https://njcaastats.prestosports.com/sports/mbkb/2025-26/div3/boxscores/20251104_s3pz.xml "HTTP/1.1 200 OK"
15:07:16 [INFO] HTTP Request: GET https://njcaastats.prestosports.com/sports/mbkb/2025-26/div3/boxscores/20251106_rqvf.xml "HTTP/1.1 200 OK"
15:07:27 [INFO] HTTP Request: GET https://njcaastats.prestosports.com/sports/mbkb/2025-26/div3/boxscores/20251107_ye62.xml "HTTP/1.1 200 OK"
15:07:38 [INFO] HTTP Request: GET https://njcaastats.prestosports.com/sports/mbkb/2025-26/div3/boxscores/20251113_8nhg.xml "HTTP/1.1 200 OK"
15:07:50 [INFO] HTTP Request: GET https://njcaastats.prestosports.com/sports/mbkb/2025-26/div3/boxscores/20251115_rpia.xml "HTTP/1.1 200 OK"
15:08:01 [INFO] HTTP Request: GET https://njcaastats.prestosports.com/sports/mbkb/2025-26/div3/boxscores/20251118_c9kh.xml "HTTP/1.1 200 OK"
15:08:14 [INFO] HTTP Request: GET https://njcaastats.prestosports.com/sports/mbkb/2025-26/div3/boxscores/20251121_9ghj.xml "HTTP/1.1 200 OK"
15:08:28 [INFO] HTTP Request: GET https://njcaastats.prestosports.com/sports/mbkb/2025-26/div3/boxscores/20251125_5zz7.xml "HTTP/1.1 200 OK"
15:08:40 [INFO] HTTP Request: GET https://njcaastats.prestosports.com/sports/mbkb/2025-26/div3/boxscores/20251203_5t34.xml "HTTP/1.1 200 OK"
15:08:51 [INFO] HTTP Request: GET https://njcaastats.prestosports.com/sports/mbkb/2025-26/div3/boxscores/20251205_9m8x.xml "HTTP/1.1 200 OK"
15:09:03 [INFO] HTTP Request: GET https://njcaastats.prestosports.com/sports/mbkb/2025-26/div3/boxscores/20251206_igdc.xml "HTTP/1.1 200 OK"
15:09:16 [INFO] HTTP Request: GET https://njcaastats.prestosports.com/sports/mbkb/2025-26/div3/boxscores/20251211_h81t.xml "HTTP/1.1 200 OK"
15:09:29 [INFO] HTTP Request: GET https://njcaastats.prestosports.com/sports/mbkb/2025-26/div3/boxscores/20251213_p5k7.xml "HTTP/1.1 200 OK"
15:09:42 [INFO] HTTP Request: GET https://njcaastats.prestosports.com/sports/mbkb/2025-26/div3/boxscores/20260113_y33d.xml "HTTP/1.1 200 OK"
15:09:55 [INFO] HTTP Request: GET https://njcaastats.prestosports.com/sports/mbkb/2025-26/div3/boxscores/20260120_i876.xml "HTTP/1.1 200 OK"
15:10:07 [INFO] HTTP Request: GET https://njcaastats.prestosports.com/sports/mbkb/2025-26/div3/boxscores/20260123_kwuq.xml "HTTP/1.1 200 OK"
15:10:21 [INFO] HTTP Request: GET https://njcaastats.prestosports.com/sports/mbkb/2025-26/div3/boxscores/20260128_7mc9.xml "HTTP/1.1 200 OK"
15:10:36 [INFO] HTTP Request: GET https://njcaastats.prestosports.com/sports/mbkb/2025-26/div3/boxscores/20260130_fkw3.xml "HTTP/1.1 200 OK"
15:10:48 [INFO] HTTP Request: GET https://njcaastats.prestosports.com/sports/mbkb/2025-26/div3/boxscores/20260203_wxs6.xml "HTTP/1.1 200 OK"
15:11:00 [INFO] HTTP Request: GET https://njcaastats.prestosports.com/sports/mbkb/2025-26/div3/boxscores/20260206_8sbv.xml "HTTP/1.1 200 OK"
15:11:13 [INFO] HTTP Request: GET https://njcaastats.prestosports.com/sports/mbkb/2025-26/div3/boxscores/20260210_e4jq.xml "HTTP/1.1 200 OK"
15:11:28 [INFO] HTTP Request: GET https://njcaastats.prestosports.com/sports/mbkb/2025-26/div3/boxscores/20260212_unf1.xml "HTTP/1.1 200 OK"
15:11:41 [INFO] HTTP Request: GET https://njcaastats.prestosports.com/sports/mbkb/2025-26/div3/boxscores/20260213_oqze.xml "HTTP/1.1 200 OK"
15:11:52 [INFO] HTTP Request: GET https://njcaastats.prestosports.com/sports/mbkb/2025-26/div3/boxscores/20260217_72y3.xml "HTTP/1.1 200 OK"
15:12:03 [INFO] HTTP Request: GET https://njcaastats.prestosports.com/sports/mbkb/2025-26/div3/boxscores/20260221_mxf0.xml "HTTP/1.1 200 OK"
15:12:03 [INFO]   Loaded: 27 games, 651 player-game-stat rows
15:12:03 [INFO] 
[4/20] MassBay CC
15:12:03 [INFO] Scraping team: MassBay CC (massbaycommunitycollege)
15:12:18 [INFO] HTTP Request: GET https://njcaastats.prestosports.com/sports/mbkb/2025-26/div3/teams/massbaycommunitycollege?view=roster "HTTP/1.1 200 OK"
15:12:18 [INFO]   Roster: 18 players
15:12:34 [INFO] HTTP Request: GET https://njcaastats.prestosports.com/sports/mbkb/2025-26/div3/teams/massbaycommunitycollege?view=gamelog "HTTP/1.1 200 OK"
15:12:34 [INFO]   Games: 24 with box scores
15:12:46 [INFO] HTTP Request: GET https://njcaastats.prestosports.com/sports/mbkb/2025-26/div3/boxscores/20251101_bwkx.xml "HTTP/1.1 200 OK"
15:12:58 [INFO] HTTP Request: GET https://njcaastats.prestosports.com/sports/mbkb/2025-26/div3/boxscores/20251103_2evm.xml "HTTP/1.1 200 OK"
15:13:14 [INFO] HTTP Request: GET https://njcaastats.prestosports.com/sports/mbkb/2025-26/div3/boxscores/20251106_znpe.xml "HTTP/1.1 200 OK"
15:13:26 [INFO] HTTP Request: GET https://njcaastats.prestosports.com/sports/mbkb/2025-26/div3/boxscores/20251111_cz4c.xml "HTTP/1.1 200 OK"
15:13:38 [INFO] HTTP Request: GET https://njcaastats.prestosports.com/sports/mbkb/2025-26/div3/boxscores/20251113_8inu.xml "HTTP/1.1 200 OK"
15:13:52 [INFO] HTTP Request: GET https://njcaastats.prestosports.com/sports/mbkb/2025-26/div3/boxscores/20251115_b5ec.xml "HTTP/1.1 200 OK"
15:14:05 [INFO] HTTP Request: GET https://njcaastats.prestosports.com/sports/mbkb/2025-26/div3/boxscores/20251118_d7nf.xml "HTTP/1.1 200 OK"
15:14:17 [INFO] HTTP Request: GET https://njcaastats.prestosports.com/sports/mbkb/2025-26/div3/boxscores/20251121_xkyz.xml "HTTP/1.1 200 OK"
15:14:31 [INFO] HTTP Request: GET https://njcaastats.prestosports.com/sports/mbkb/2025-26/div3/boxscores/20251125_ka7d.xml "HTTP/1.1 200 OK"
15:14:42 [INFO] HTTP Request: GET https://njcaastats.prestosports.com/sports/mbkb/2025-26/div3/boxscores/20251204_g8pf.xml "HTTP/1.1 200 OK"
15:14:53 [INFO] HTTP Request: GET https://njcaastats.prestosports.com/sports/mbkb/2025-26/div3/boxscores/20251206_gxpy.xml "HTTP/1.1 200 OK"
15:15:04 [INFO] HTTP Request: GET https://njcaastats.prestosports.com/sports/mbkb/2025-26/div3/boxscores/20251211_h81t.xml "HTTP/1.1 200 OK"
15:15:15 [INFO] HTTP Request: GET https://njcaastats.prestosports.com/sports/mbkb/2025-26/div3/boxscores/20251213_c2sr.xml "HTTP/1.1 200 OK"
15:15:27 [INFO] HTTP Request: GET https://njcaastats.prestosports.com/sports/mbkb/2025-26/div3/boxscores/20260112_igea.xml "HTTP/1.1 200 OK"
15:15:40 [INFO] HTTP Request: GET https://njcaastats.prestosports.com/sports/mbkb/2025-26/div3/boxscores/20260115_ehsb.xml "HTTP/1.1 200 OK"
15:15:53 [INFO] HTTP Request: GET https://njcaastats.prestosports.com/sports/mbkb/2025-26/div3/boxscores/20260120_vlyc.xml "HTTP/1.1 200 OK"
15:16:04 [INFO] HTTP Request: GET https://njcaastats.prestosports.com/sports/mbkb/2025-26/div3/boxscores/20260123_gic4.xml "HTTP/1.1 200 OK"
15:16:17 [INFO] HTTP Request: GET https://njcaastats.prestosports.com/sports/mbkb/2025-26/div3/boxscores/20260130_lm8a.xml "HTTP/1.1 200 OK"
15:16:34 [INFO] HTTP Request: GET https://njcaastats.prestosports.com/sports/mbkb/2025-26/div3/boxscores/20260203_sg14.xml "HTTP/1.1 200 OK"
15:16:46 [INFO] HTTP Request: GET https://njcaastats.prestosports.com/sports/mbkb/2025-26/div3/boxscores/20260206_llj6.xml "HTTP/1.1 200 OK"
15:16:56 [INFO] HTTP Request: GET https://njcaastats.prestosports.com/sports/mbkb/2025-26/div3/boxscores/20260210_ovt8.xml "HTTP/1.1 200 OK"
15:17:08 [INFO] HTTP Request: GET https://njcaastats.prestosports.com/sports/mbkb/2025-26/div3/boxscores/20260213_oqze.xml "HTTP/1.1 200 OK"
15:17:19 [INFO] HTTP Request: GET https://njcaastats.prestosports.com/sports/mbkb/2025-26/div3/boxscores/20260222_qpz1.xml "HTTP/1.1 200 OK"
15:17:31 [INFO] HTTP Request: GET https://njcaastats.prestosports.com/sports/mbkb/2025-26/div3/boxscores/20260226_3ty4.xml "HTTP/1.1 200 OK"
15:17:31 [INFO]   Loaded: 24 games, 559 player-game-stat rows
15:17:31 [INFO] 
[5/20] Minnesota North College-Hibbing
15:17:31 [INFO] Scraping team: Minnesota North College-Hibbing (minnesotanorthcollegehibbing)
15:17:44 [INFO] HTTP Request: GET https://njcaastats.prestosports.com/sports/mbkb/2025-26/div3/teams/minnesotanorthcollegehibbing?view=roster "HTTP/1.1 200 OK"
15:17:44 [INFO]   Roster: 14 players
15:17:58 [INFO] HTTP Request: GET https://njcaastats.prestosports.com/sports/mbkb/2025-26/div3/teams/minnesotanorthcollegehibbing?view=gamelog "HTTP/1.1 200 OK"
15:17:58 [INFO]   Games: 29 with box scores
15:18:12 [INFO] HTTP Request: GET https://njcaastats.prestosports.com/sports/mbkb/2025-26/div3/boxscores/20251031_ttde.xml "HTTP/1.1 200 OK"
15:18:23 [INFO] HTTP Request: GET https://njcaastats.prestosports.com/sports/mbkb/2025-26/div3/boxscores/20251101_u5y5.xml "HTTP/1.1 200 OK"
15:18:35 [INFO] HTTP Request: GET https://njcaastats.prestosports.com/sports/mbkb/2025-26/div3/boxscores/20251108_msz0.xml "HTTP/1.1 200 OK"
15:18:46 [INFO] HTTP Request: GET https://njcaastats.prestosports.com/sports/mbkb/2025-26/div3/boxscores/20251109_zuqs.xml "HTTP/1.1 200 OK"
15:18:58 [INFO] HTTP Request: GET https://njcaastats.prestosports.com/sports/mbkb/2025-26/div3/boxscores/20251114_6d2q.xml "HTTP/1.1 200 OK"
15:19:11 [INFO] HTTP Request: GET https://njcaastats.prestosports.com/sports/mbkb/2025-26/div3/boxscores/20251115_bhza.xml "HTTP/1.1 200 OK"
15:19:22 [INFO] HTTP Request: GET https://njcaastats.prestosports.com/sports/mbkb/2025-26/div3/boxscores/20251121_ajm6.xml "HTTP/1.1 200 OK"
15:19:33 [INFO] HTTP Request: GET https://njcaastats.prestosports.com/sports/mbkb/2025-26/div3/boxscores/20251122_rypk.xml "HTTP/1.1 200 OK"
15:19:46 [INFO] HTTP Request: GET https://njcaastats.prestosports.com/sports/mbkb/2025-26/div3/boxscores/20251205_81ii.xml "HTTP/1.1 200 OK"
15:19:57 [INFO] HTTP Request: GET https://njcaastats.prestosports.com/sports/mbkb/2025-26/div3/boxscores/20251206_p3be.xml "HTTP/1.1 200 OK"
15:20:09 [INFO] HTTP Request: GET https://njcaastats.prestosports.com/sports/mbkb/2025-26/div3/boxscores/20251210_g84f.xml "HTTP/1.1 200 OK"
15:20:21 [INFO] HTTP Request: GET https://njcaastats.prestosports.com/sports/mbkb/2025-26/div3/boxscores/20251212_18p4.xml "HTTP/1.1 200 OK"
15:20:33 [INFO] HTTP Request: GET https://njcaastats.prestosports.com/sports/mbkb/2025-26/div3/boxscores/20251213_edh0.xml "HTTP/1.1 200 OK"
15:20:45 [INFO] HTTP Request: GET https://njcaastats.prestosports.com/sports/mbkb/2025-26/div3/boxscores/20251219_4v13.xml "HTTP/1.1 200 OK"
15:20:57 [INFO] HTTP Request: GET https://njcaastats.prestosports.com/sports/mbkb/2025-26/div3/boxscores/20260103_nwkn.xml "HTTP/1.1 200 OK"
15:21:08 [INFO] HTTP Request: GET https://njcaastats.prestosports.com/sports/mbkb/2025-26/div3/boxscores/20260107_khkn.xml "HTTP/1.1 200 OK"
15:21:20 [INFO] HTTP Request: GET https://njcaastats.prestosports.com/sports/mbkb/2025-26/div3/boxscores/20260110_8e4r.xml "HTTP/1.1 200 OK"
15:21:32 [INFO] HTTP Request: GET https://njcaastats.prestosports.com/sports/mbkb/2025-26/div3/boxscores/20260114_2rxh.xml "HTTP/1.1 200 OK"
15:21:43 [INFO] HTTP Request: GET https://njcaastats.prestosports.com/sports/mbkb/2025-26/div3/boxscores/20260117_648h.xml "HTTP/1.1 200 OK"
15:21:56 [INFO] HTTP Request: GET https://njcaastats.prestosports.com/sports/mbkb/2025-26/div3/boxscores/20260121_qwva.xml "HTTP/1.1 200 OK"
15:22:09 [INFO] HTTP Request: GET https://njcaastats.prestosports.com/sports/mbkb/2025-26/div3/boxscores/20260124_mdqn.xml "HTTP/1.1 200 OK"
15:22:20 [INFO] HTTP Request: GET https://njcaastats.prestosports.com/sports/mbkb/2025-26/div3/boxscores/20260128_39pl.xml "HTTP/1.1 200 OK"
15:22:32 [INFO] HTTP Request: GET https://njcaastats.prestosports.com/sports/mbkb/2025-26/div3/boxscores/20260131_75rx.xml "HTTP/1.1 200 OK"
15:22:43 [INFO] HTTP Request: GET https://njcaastats.prestosports.com/sports/mbkb/2025-26/div3/boxscores/20260204_95fz.xml "HTTP/1.1 200 OK"
15:22:56 [INFO] HTTP Request: GET https://njcaastats.prestosports.com/sports/mbkb/2025-26/div3/boxscores/20260207_hl03.xml "HTTP/1.1 200 OK"
15:23:07 [INFO] HTTP Request: GET https://njcaastats.prestosports.com/sports/mbkb/2025-26/div3/boxscores/20260211_i0jx.xml "HTTP/1.1 200 OK"
15:23:18 [INFO] HTTP Request: GET https://njcaastats.prestosports.com/sports/mbkb/2025-26/div3/boxscores/20260214_qg6l.xml "HTTP/1.1 200 OK"
15:23:29 [INFO] HTTP Request: GET https://njcaastats.prestosports.com/sports/mbkb/2025-26/div3/boxscores/20260219_spjp.xml "HTTP/1.1 200 OK"
15:23:40 [INFO] HTTP Request: GET https://njcaastats.prestosports.com/sports/mbkb/2025-26/div3/boxscores/20260221_5gm5.xml "HTTP/1.1 200 OK"
15:23:40 [INFO]   Loaded: 29 games, 679 player-game-stat rows
15:23:40 [INFO] 
[6/20] Minnesota North College-Itasca
15:23:40 [INFO] Scraping team: Minnesota North College-Itasca (minnesotanorthcollegeitasca)
15:23:52 [INFO] HTTP Request: GET https://njcaastats.prestosports.com/sports/mbkb/2025-26/div3/teams/minnesotanorthcollegeitasca?view=roster "HTTP/1.1 200 OK"
15:23:53 [INFO]   Roster: 16 players
15:24:05 [INFO] HTTP Request: GET https://njcaastats.prestosports.com/sports/mbkb/2025-26/div3/teams/minnesotanorthcollegeitasca?view=gamelog "HTTP/1.1 200 OK"
15:24:05 [INFO]   Games: 29 with box scores
15:24:16 [INFO] HTTP Request: GET https://njcaastats.prestosports.com/sports/mbkb/2025-26/div3/boxscores/20251101_6odf.xml "HTTP/1.1 200 OK"
15:24:27 [INFO] HTTP Request: GET https://njcaastats.prestosports.com/sports/mbkb/2025-26/div3/boxscores/20251102_yczz.xml "HTTP/1.1 200 OK"
15:24:38 [INFO] HTTP Request: GET https://njcaastats.prestosports.com/sports/mbkb/2025-26/div3/boxscores/20251107_ejb4.xml "HTTP/1.1 200 OK"
15:24:49 [INFO] HTTP Request: GET https://njcaastats.prestosports.com/sports/mbkb/2025-26/div3/boxscores/20251108_jn2i.xml "HTTP/1.1 200 OK"
15:25:00 [INFO] HTTP Request: GET https://njcaastats.prestosports.com/sports/mbkb/2025-26/div3/boxscores/20251114_z68o.xml "HTTP/1.1 200 OK"
15:25:12 [INFO] HTTP Request: GET https://njcaastats.prestosports.com/sports/mbkb/2025-26/div3/boxscores/20251115_69hk.xml "HTTP/1.1 200 OK"
15:25:23 [INFO] HTTP Request: GET https://njcaastats.prestosports.com/sports/mbkb/2025-26/div3/boxscores/20251121_ezvu.xml "HTTP/1.1 200 OK"
15:25:35 [INFO] HTTP Request: GET https://njcaastats.prestosports.com/sports/mbkb/2025-26/div3/boxscores/20251122_iuke.xml "HTTP/1.1 200 OK"
15:25:47 [INFO] HTTP Request: GET https://njcaastats.prestosports.com/sports/mbkb/2025-26/div3/boxscores/20251129_irzm.xml "HTTP/1.1 200 OK"
15:25:58 [INFO] HTTP Request: GET https://njcaastats.prestosports.com/sports/mbkb/2025-26/div3/boxscores/20251203_wezq.xml "HTTP/1.1 200 OK"
15:26:12 [INFO] HTTP Request: GET https://njcaastats.prestosports.com/sports/mbkb/2025-26/div3/boxscores/20251206_f6sl.xml "HTTP/1.1 200 OK"
15:26:23 [INFO] HTTP Request: GET https://njcaastats.prestosports.com/sports/mbkb/2025-26/div3/boxscores/20251212_kbnx.xml "HTTP/1.1 200 OK"
15:26:34 [INFO] HTTP Request: GET https://njcaastats.prestosports.com/sports/mbkb/2025-26/div3/boxscores/20251213_grf9.xml "HTTP/1.1 200 OK"
15:26:45 [INFO] HTTP Request: GET https://njcaastats.prestosports.com/sports/mbkb/2025-26/div3/boxscores/20260102_9ho3.xml "HTTP/1.1 200 OK"
15:26:56 [INFO] HTTP Request: GET https://njcaastats.prestosports.com/sports/mbkb/2025-26/div3/boxscores/20260103_fpyw.xml "HTTP/1.1 200 OK"
15:27:08 [INFO] HTTP Request: GET https://njcaastats.prestosports.com/sports/mbkb/2025-26/div3/boxscores/20260107_nbod.xml "HTTP/1.1 200 OK"
15:27:19 [INFO] HTTP Request: GET https://njcaastats.prestosports.com/sports/mbkb/2025-26/div3/boxscores/20260110_84v3.xml "HTTP/1.1 200 OK"
15:27:31 [INFO] HTTP Request: GET https://njcaastats.prestosports.com/sports/mbkb/2025-26/div3/boxscores/20260114_2rxh.xml "HTTP/1.1 200 OK"
15:27:42 [INFO] HTTP Request: GET https://njcaastats.prestosports.com/sports/mbkb/2025-26/div3/boxscores/20260117_nea5.xml "HTTP/1.1 200 OK"
15:27:53 [INFO] HTTP Request: GET https://njcaastats.prestosports.com/sports/mbkb/2025-26/div3/boxscores/20260121_uh8e.xml "HTTP/1.1 200 OK"
15:28:04 [INFO] HTTP Request: GET https://njcaastats.prestosports.com/sports/mbkb/2025-26/div3/boxscores/20260128_4z2l.xml "HTTP/1.1 200 OK"
15:28:16 [INFO] HTTP Request: GET https://njcaastats.prestosports.com/sports/mbkb/2025-26/div3/boxscores/20260131_iesm.xml "HTTP/1.1 200 OK"
15:28:27 [INFO] HTTP Request: GET https://njcaastats.prestosports.com/sports/mbkb/2025-26/div3/boxscores/20260202_b1m8.xml "HTTP/1.1 200 OK"
15:28:38 [INFO] HTTP Request: GET https://njcaastats.prestosports.com/sports/mbkb/2025-26/div3/boxscores/20260204_0ghb.xml "HTTP/1.1 200 OK"
15:28:50 [INFO] HTTP Request: GET https://njcaastats.prestosports.com/sports/mbkb/2025-26/div3/boxscores/20260207_q87y.xml "HTTP/1.1 200 OK"
15:29:01 [INFO] HTTP Request: GET https://njcaastats.prestosports.com/sports/mbkb/2025-26/div3/boxscores/20260213_bggf.xml "HTTP/1.1 200 OK"
15:29:13 [INFO] HTTP Request: GET https://njcaastats.prestosports.com/sports/mbkb/2025-26/div3/boxscores/20260214_5egr.xml "HTTP/1.1 200 OK"
15:29:25 [INFO] HTTP Request: GET https://njcaastats.prestosports.com/sports/mbkb/2025-26/div3/boxscores/20260219_x6ry.xml "HTTP/1.1 200 OK"
15:29:37 [INFO] HTTP Request: GET https://njcaastats.prestosports.com/sports/mbkb/2025-26/div3/boxscores/20260221_5gm5.xml "HTTP/1.1 200 OK"
15:29:37 [INFO]   Loaded: 29 games, 706 player-game-stat rows
15:29:37 [INFO] 
[7/20] Minnesota North College-Mesabi Range
15:29:37 [INFO] Scraping team: Minnesota North College-Mesabi Range (minnesotanorthcollegemesabirange)
15:29:50 [INFO] HTTP Request: GET https://njcaastats.prestosports.com/sports/mbkb/2025-26/div3/teams/minnesotanorthcollegemesabirange?view=roster "HTTP/1.1 200 OK"
15:29:50 [INFO]   Roster: 16 players
15:30:04 [INFO] HTTP Request: GET https://njcaastats.prestosports.com/sports/mbkb/2025-26/div3/teams/minnesotanorthcollegemesabirange?view=gamelog "HTTP/1.1 200 OK"
15:30:04 [INFO]   Games: 25 with box scores
15:30:16 [INFO] HTTP Request: GET https://njcaastats.prestosports.com/sports/mbkb/2025-26/div3/boxscores/20251107_bavs.xml "HTTP/1.1 200 OK"
15:30:28 [INFO] HTTP Request: GET https://njcaastats.prestosports.com/sports/mbkb/2025-26/div3/boxscores/20251108_2yr4.xml "HTTP/1.1 200 OK"
15:30:41 [INFO] HTTP Request: GET https://njcaastats.prestosports.com/sports/mbkb/2025-26/div3/boxscores/20251115_cs9h.xml "HTTP/1.1 200 OK"
15:30:54 [INFO] HTTP Request: GET https://njcaastats.prestosports.com/sports/mbkb/2025-26/div3/boxscores/20251121_j0ac.xml "HTTP/1.1 200 OK"
15:31:06 [INFO] HTTP Request: GET https://njcaastats.prestosports.com/sports/mbkb/2025-26/div3/boxscores/20251122_gsbo.xml "HTTP/1.1 200 OK"
15:31:17 [INFO] HTTP Request: GET https://njcaastats.prestosports.com/sports/mbkb/2025-26/div3/boxscores/20251203_wezq.xml "HTTP/1.1 200 OK"
15:31:29 [INFO] HTTP Request: GET https://njcaastats.prestosports.com/sports/mbkb/2025-26/div3/boxscores/20251205_01py.xml "HTTP/1.1 200 OK"
15:31:41 [INFO] HTTP Request: GET https://njcaastats.prestosports.com/sports/mbkb/2025-26/div3/boxscores/20251206_mmdz.xml "HTTP/1.1 200 OK"
15:31:54 [INFO] HTTP Request: GET https://njcaastats.prestosports.com/sports/mbkb/2025-26/div3/boxscores/20251212_pa0y.xml "HTTP/1.1 200 OK"
15:32:06 [INFO] HTTP Request: GET https://njcaastats.prestosports.com/sports/mbkb/2025-26/div3/boxscores/20251213_fild.xml "HTTP/1.1 200 OK"
15:32:18 [INFO] HTTP Request: GET https://njcaastats.prestosports.com/sports/mbkb/2025-26/div3/boxscores/20260107_kl5c.xml "HTTP/1.1 200 OK"
15:32:31 [INFO] HTTP Request: GET https://njcaastats.prestosports.com/sports/mbkb/2025-26/div3/boxscores/20260110_kdrl.xml "HTTP/1.1 200 OK"
15:32:43 [INFO] HTTP Request: GET https://njcaastats.prestosports.com/sports/mbkb/2025-26/div3/boxscores/20260114_gez3.xml "HTTP/1.1 200 OK"
15:32:54 [INFO] HTTP Request: GET https://njcaastats.prestosports.com/sports/mbkb/2025-26/div3/boxscores/20260117_648h.xml "HTTP/1.1 200 OK"
15:33:07 [INFO] HTTP Request: GET https://njcaastats.prestosports.com/sports/mbkb/2025-26/div3/boxscores/20260128_69wp.xml "HTTP/1.1 200 OK"
15:33:19 [INFO] HTTP Request: GET https://njcaastats.prestosports.com/sports/mbkb/2025-26/div3/boxscores/20260131_xvin.xml "HTTP/1.1 200 OK"
15:33:33 [INFO] HTTP Request: GET https://njcaastats.prestosports.com/sports/mbkb/2025-26/div3/boxscores/20260202_b1m8.xml "HTTP/1.1 200 OK"
15:33:45 [INFO] HTTP Request: GET https://njcaastats.prestosports.com/sports/mbkb/2025-26/div3/boxscores/20260204_6ki7.xml "HTTP/1.1 200 OK"
15:33:57 [INFO] HTTP Request: GET https://njcaastats.prestosports.com/sports/mbkb/2025-26/div3/boxscores/20260207_hl03.xml "HTTP/1.1 200 OK"
15:34:09 [INFO] HTTP Request: GET https://njcaastats.prestosports.com/sports/mbkb/2025-26/div3/boxscores/20260208_lssg.xml "HTTP/1.1 200 OK"
15:34:22 [INFO] HTTP Request: GET https://njcaastats.prestosports.com/sports/mbkb/2025-26/div3/boxscores/20260211_1ym1.xml "HTTP/1.1 200 OK"
15:34:34 [INFO] HTTP Request: GET https://njcaastats.prestosports.com/sports/mbkb/2025-26/div3/boxscores/20260214_5egr.xml "HTTP/1.1 200 OK"
15:34:46 [INFO] HTTP Request: GET https://njcaastats.prestosports.com/sports/mbkb/2025-26/div3/boxscores/20260220_brhf.xml "HTTP/1.1 200 OK"
15:34:58 [INFO] HTTP Request: GET https://njcaastats.prestosports.com/sports/mbkb/2025-26/div3/boxscores/20260221_38qr.xml "HTTP/1.1 200 OK"
15:35:14 [INFO] HTTP Request: GET https://njcaastats.prestosports.com/sports/mbkb/2025-26/div3/boxscores/20260226_epw8.xml "HTTP/1.1 200 OK"
15:35:14 [INFO]   Loaded: 25 games, 555 player-game-stat rows
15:35:14 [INFO] 
[8/20] Minnesota North College-Rainy River
15:35:14 [INFO] Scraping team: Minnesota North College-Rainy River (minnesotanorthcollegerainyriver)
15:35:29 [INFO] HTTP Request: GET https://njcaastats.prestosports.com/sports/mbkb/2025-26/div3/teams/minnesotanorthcollegerainyriver?view=roster "HTTP/1.1 200 OK"
15:35:29 [INFO]   Roster: 12 players
15:35:43 [INFO] HTTP Request: GET https://njcaastats.prestosports.com/sports/mbkb/2025-26/div3/teams/minnesotanorthcollegerainyriver?view=gamelog "HTTP/1.1 200 OK"
15:35:43 [INFO]   Games: 26 with box scores
15:35:55 [INFO] HTTP Request: GET https://njcaastats.prestosports.com/sports/mbkb/2025-26/div3/boxscores/20251107_bavs.xml "HTTP/1.1 200 OK"
15:36:07 [INFO] HTTP Request: GET https://njcaastats.prestosports.com/sports/mbkb/2025-26/div3/boxscores/20251108_2yr4.xml "HTTP/1.1 200 OK"
15:36:21 [INFO] HTTP Request: GET https://njcaastats.prestosports.com/sports/mbkb/2025-26/div3/boxscores/20251114_zgmc.xml "HTTP/1.1 200 OK"
15:36:37 [INFO] HTTP Request: GET https://njcaastats.prestosports.com/sports/mbkb/2025-26/div3/boxscores/20251115_yhrn.xml "HTTP/1.1 200 OK"
15:36:49 [INFO] HTTP Request: GET https://njcaastats.prestosports.com/sports/mbkb/2025-26/div3/boxscores/20251121_a5fd.xml "HTTP/1.1 200 OK"
15:37:01 [INFO] HTTP Request: GET https://njcaastats.prestosports.com/sports/mbkb/2025-26/div3/boxscores/20251122_xw2c.xml "HTTP/1.1 200 OK"
15:37:14 [INFO] HTTP Request: GET https://njcaastats.prestosports.com/sports/mbkb/2025-26/div3/boxscores/20251205_el69.xml "HTTP/1.1 200 OK"
15:37:28 [INFO] HTTP Request: GET https://njcaastats.prestosports.com/sports/mbkb/2025-26/div3/boxscores/20251206_20sk.xml "HTTP/1.1 200 OK"
15:37:44 [INFO] HTTP Request: GET https://njcaastats.prestosports.com/sports/mbkb/2025-26/div3/boxscores/20251213_401u.xml "HTTP/1.1 200 OK"
15:37:56 [INFO] HTTP Request: GET https://njcaastats.prestosports.com/sports/mbkb/2025-26/div3/boxscores/20251219_e8e1.xml "HTTP/1.1 200 OK"
15:38:08 [INFO] HTTP Request: GET https://njcaastats.prestosports.com/sports/mbkb/2025-26/div3/boxscores/20251220_mqcr.xml "HTTP/1.1 200 OK"
15:38:22 [INFO] HTTP Request: GET https://njcaastats.prestosports.com/sports/mbkb/2025-26/div3/boxscores/20260109_pf6r.xml "HTTP/1.1 200 OK"
15:38:35 [INFO] HTTP Request: GET https://njcaastats.prestosports.com/sports/mbkb/2025-26/div3/boxscores/20260110_84v3.xml "HTTP/1.1 200 OK"
15:38:47 [INFO] HTTP Request: GET https://njcaastats.prestosports.com/sports/mbkb/2025-26/div3/boxscores/20260114_j4dm.xml "HTTP/1.1 200 OK"
15:38:59 [INFO] HTTP Request: GET https://njcaastats.prestosports.com/sports/mbkb/2025-26/div3/boxscores/20260117_x1mq.xml "HTTP/1.1 200 OK"
15:39:12 [INFO] HTTP Request: GET https://njcaastats.prestosports.com/sports/mbkb/2025-26/div3/boxscores/20260121_qwva.xml "HTTP/1.1 200 OK"
15:39:26 [INFO] HTTP Request: GET https://njcaastats.prestosports.com/sports/mbkb/2025-26/div3/boxscores/20260124_adrm.xml "HTTP/1.1 200 OK"
15:39:39 [INFO] HTTP Request: GET https://njcaastats.prestosports.com/sports/mbkb/2025-26/div3/boxscores/20260128_69wp.xml "HTTP/1.1 200 OK"
15:39:51 [INFO] HTTP Request: GET https://njcaastats.prestosports.com/sports/mbkb/2025-26/div3/boxscores/20260131_iesm.xml "HTTP/1.1 200 OK"
15:40:04 [INFO] HTTP Request: GET https://njcaastats.prestosports.com/sports/mbkb/2025-26/div3/boxscores/20260207_l12r.xml "HTTP/1.1 200 OK"
15:40:16 [INFO] HTTP Request: GET https://njcaastats.prestosports.com/sports/mbkb/2025-26/div3/boxscores/20260209_5sz3.xml "HTTP/1.1 200 OK"
15:40:31 [INFO] HTTP Request: GET https://njcaastats.prestosports.com/sports/mbkb/2025-26/div3/boxscores/20260211_i0jx.xml "HTTP/1.1 200 OK"
15:40:47 [INFO] HTTP Request: GET https://njcaastats.prestosports.com/sports/mbkb/2025-26/div3/boxscores/20260214_v4yx.xml "HTTP/1.1 200 OK"
15:40:59 [INFO] HTTP Request: GET https://njcaastats.prestosports.com/sports/mbkb/2025-26/div3/boxscores/20260220_brhf.xml "HTTP/1.1 200 OK"
15:41:11 [INFO] HTTP Request: GET https://njcaastats.prestosports.com/sports/mbkb/2025-26/div3/boxscores/20260221_e7k5.xml "HTTP/1.1 200 OK"
15:41:22 [INFO] HTTP Request: GET https://njcaastats.prestosports.com/sports/mbkb/2025-26/div3/boxscores/20260226_2tpq.xml "HTTP/1.1 200 OK"
15:41:23 [INFO]   Loaded: 26 games, 609 player-game-stat rows
15:41:23 [INFO] 
[9/20] Minnesota North College-Vermilion
15:41:23 [INFO] Scraping team: Minnesota North College-Vermilion (minnesotanorthcollegevermilion)
15:41:37 [INFO] HTTP Request: GET https://njcaastats.prestosports.com/sports/mbkb/2025-26/div3/teams/minnesotanorthcollegevermilion?view=roster "HTTP/1.1 200 OK"
15:41:37 [INFO]   Roster: 18 players
15:41:50 [INFO] HTTP Request: GET https://njcaastats.prestosports.com/sports/mbkb/2025-26/div3/teams/minnesotanorthcollegevermilion?view=gamelog "HTTP/1.1 200 OK"
15:41:50 [INFO]   Games: 28 with box scores
15:42:01 [INFO] HTTP Request: GET https://njcaastats.prestosports.com/sports/mbkb/2025-26/div3/boxscores/20251101_evcz.xml "HTTP/1.1 200 OK"
15:42:13 [INFO] HTTP Request: GET https://njcaastats.prestosports.com/sports/mbkb/2025-26/div3/boxscores/20251102_57he.xml "HTTP/1.1 200 OK"
15:42:27 [INFO] HTTP Request: GET https://njcaastats.prestosports.com/sports/mbkb/2025-26/div3/boxscores/20251105_x6d7.xml "HTTP/1.1 200 OK"
15:42:40 [INFO] HTTP Request: GET https://njcaastats.prestosports.com/sports/mbkb/2025-26/div3/boxscores/20251108_pif9.xml "HTTP/1.1 200 OK"
15:42:55 [INFO] HTTP Request: GET https://njcaastats.prestosports.com/sports/mbkb/2025-26/div3/boxscores/20251109_2p16.xml "HTTP/1.1 200 OK"
15:43:07 [INFO] HTTP Request: GET https://njcaastats.prestosports.com/sports/mbkb/2025-26/div3/boxscores/20251114_zzc0.xml "HTTP/1.1 200 OK"
15:43:21 [INFO] HTTP Request: GET https://njcaastats.prestosports.com/sports/mbkb/2025-26/div3/boxscores/20251119_edb7.xml "HTTP/1.1 200 OK"
15:43:34 [INFO] HTTP Request: GET https://njcaastats.prestosports.com/sports/mbkb/2025-26/div3/boxscores/20251121_j4nn.xml "HTTP/1.1 200 OK"
15:43:46 [INFO] HTTP Request: GET https://njcaastats.prestosports.com/sports/mbkb/2025-26/div3/boxscores/20251122_byht.xml "HTTP/1.1 200 OK"
15:43:58 [INFO] HTTP Request: GET https://njcaastats.prestosports.com/sports/mbkb/2025-26/div3/boxscores/20251205_yakm.xml "HTTP/1.1 200 OK"
15:44:10 [INFO] HTTP Request: GET https://njcaastats.prestosports.com/sports/mbkb/2025-26/div3/boxscores/20251206_q5nh.xml "HTTP/1.1 200 OK"
15:44:22 [INFO] HTTP Request: GET https://njcaastats.prestosports.com/sports/mbkb/2025-26/div3/boxscores/20251208_qrny.xml "HTTP/1.1 200 OK"
15:44:37 [INFO] HTTP Request: GET https://njcaastats.prestosports.com/sports/mbkb/2025-26/div3/boxscores/20251212_izib.xml "HTTP/1.1 200 OK"
15:44:50 [INFO] HTTP Request: GET https://njcaastats.prestosports.com/sports/mbkb/2025-26/div3/boxscores/20251213_uy85.xml "HTTP/1.1 200 OK"
15:45:01 [INFO] HTTP Request: GET https://njcaastats.prestosports.com/sports/mbkb/2025-26/div3/boxscores/20260109_pf6r.xml "HTTP/1.1 200 OK"
15:45:13 [INFO] HTTP Request: GET https://njcaastats.prestosports.com/sports/mbkb/2025-26/div3/boxscores/20260110_uzbw.xml "HTTP/1.1 200 OK"
15:45:26 [INFO] HTTP Request: GET https://njcaastats.prestosports.com/sports/mbkb/2025-26/div3/boxscores/20260114_gez3.xml "HTTP/1.1 200 OK"
15:45:40 [INFO] HTTP Request: GET https://njcaastats.prestosports.com/sports/mbkb/2025-26/div3/boxscores/20260117_nea5.xml "HTTP/1.1 200 OK"
15:45:54 [INFO] HTTP Request: GET https://njcaastats.prestosports.com/sports/mbkb/2025-26/div3/boxscores/20260121_d63y.xml "HTTP/1.1 200 OK"
15:46:06 [INFO] HTTP Request: GET https://njcaastats.prestosports.com/sports/mbkb/2025-26/div3/boxscores/20260124_mdqn.xml "HTTP/1.1 200 OK"
15:46:19 [INFO] HTTP Request: GET https://njcaastats.prestosports.com/sports/mbkb/2025-26/div3/boxscores/20260128_jvfa.xml "HTTP/1.1 200 OK"
15:46:33 [INFO] HTTP Request: GET https://njcaastats.prestosports.com/sports/mbkb/2025-26/div3/boxscores/20260131_9m34.xml "HTTP/1.1 200 OK"
15:46:46 [INFO] HTTP Request: GET https://njcaastats.prestosports.com/sports/mbkb/2025-26/div3/boxscores/20260207_q87y.xml "HTTP/1.1 200 OK"
15:46:58 [INFO] HTTP Request: GET https://njcaastats.prestosports.com/sports/mbkb/2025-26/div3/boxscores/20260209_5sz3.xml "HTTP/1.1 200 OK"
15:47:09 [INFO] HTTP Request: GET https://njcaastats.prestosports.com/sports/mbkb/2025-26/div3/boxscores/20260211_hal8.xml "HTTP/1.1 200 OK"
15:47:23 [INFO] HTTP Request: GET https://njcaastats.prestosports.com/sports/mbkb/2025-26/div3/boxscores/20260214_qg6l.xml "HTTP/1.1 200 OK"
15:47:37 [INFO] HTTP Request: GET https://njcaastats.prestosports.com/sports/mbkb/2025-26/div3/boxscores/20260221_38qr.xml "HTTP/1.1 200 OK"
15:47:51 [INFO] HTTP Request: GET https://njcaastats.prestosports.com/sports/mbkb/2025-26/div3/boxscores/20260223_epe8.xml "HTTP/1.1 200 OK"
15:47:51 [INFO]   Loaded: 28 games, 731 player-game-stat rows
15:47:51 [INFO] 
[10/20] Minnesota State Community and Technical College
15:47:51 [INFO] Scraping team: Minnesota State Community and Technical College (minnesotastatecommunityandtechnical)
15:48:05 [INFO] HTTP Request: GET https://njcaastats.prestosports.com/sports/mbkb/2025-26/div3/teams/minnesotastatecommunityandtechnical?view=roster "HTTP/1.1 200 OK"
15:48:05 [INFO]   Roster: 15 players
15:48:24 [INFO] HTTP Request: GET https://njcaastats.prestosports.com/sports/mbkb/2025-26/div3/teams/minnesotastatecommunityandtechnical?view=gamelog "HTTP/1.1 200 OK"
15:48:24 [INFO]   Games: 28 with box scores
15:48:38 [INFO] HTTP Request: GET https://njcaastats.prestosports.com/sports/mbkb/2025-26/div3/boxscores/20251106_ui0x.xml "HTTP/1.1 200 OK"
15:48:52 [INFO] HTTP Request: GET https://njcaastats.prestosports.com/sports/mbkb/2025-26/div3/boxscores/20251114_xkx5.xml "HTTP/1.1 200 OK"
15:49:05 [INFO] HTTP Request: GET https://njcaastats.prestosports.com/sports/mbkb/2025-26/div3/boxscores/20251115_nu68.xml "HTTP/1.1 200 OK"
15:49:16 [INFO] HTTP Request: GET https://njcaastats.prestosports.com/sports/mbkb/2025-26/div3/boxscores/20251121_j4nn.xml "HTTP/1.1 200 OK"
15:49:30 [INFO] HTTP Request: GET https://njcaastats.prestosports.com/sports/mbkb/2025-26/div3/boxscores/20251122_gsbo.xml "HTTP/1.1 200 OK"
15:49:45 [INFO] HTTP Request: GET https://njcaastats.prestosports.com/sports/mbkb/2025-26/div3/boxscores/20251202_05kh.xml "HTTP/1.1 200 OK"
15:50:01 [INFO] HTTP Request: GET https://njcaastats.prestosports.com/sports/mbkb/2025-26/div3/boxscores/20251205_81ii.xml "HTTP/1.1 200 OK"
15:50:16 [INFO] HTTP Request: GET https://njcaastats.prestosports.com/sports/mbkb/2025-26/div3/boxscores/20251206_20sk.xml "HTTP/1.1 200 OK"
15:50:28 [INFO] HTTP Request: GET https://njcaastats.prestosports.com/sports/mbkb/2025-26/div3/boxscores/20251212_u59y.xml "HTTP/1.1 200 OK"
15:50:42 [INFO] HTTP Request: GET https://njcaastats.prestosports.com/sports/mbkb/2025-26/div3/boxscores/20251213_grf9.xml "HTTP/1.1 200 OK"
15:50:54 [INFO] HTTP Request: GET https://njcaastats.prestosports.com/sports/mbkb/2025-26/div3/boxscores/20251219_e8e1.xml "HTTP/1.1 200 OK"
15:51:08 [INFO] HTTP Request: GET https://njcaastats.prestosports.com/sports/mbkb/2025-26/div3/boxscores/20251220_mqcr.xml "HTTP/1.1 200 OK"
15:51:21 [INFO] HTTP Request: GET https://njcaastats.prestosports.com/sports/mbkb/2025-26/div3/boxscores/20260102_9ho3.xml "HTTP/1.1 200 OK"
15:51:34 [INFO] HTTP Request: GET https://njcaastats.prestosports.com/sports/mbkb/2025-26/div3/boxscores/20260107_9vdg.xml "HTTP/1.1 200 OK"
15:51:46 [INFO] HTTP Request: GET https://njcaastats.prestosports.com/sports/mbkb/2025-26/div3/boxscores/20260110_kakb.xml "HTTP/1.1 200 OK"
15:51:59 [INFO] HTTP Request: GET https://njcaastats.prestosports.com/sports/mbkb/2025-26/div3/boxscores/20260114_6m9j.xml "HTTP/1.1 200 OK"
15:52:11 [INFO] HTTP Request: GET https://njcaastats.prestosports.com/sports/mbkb/2025-26/div3/boxscores/20260119_oxhw.xml "HTTP/1.1 200 OK"
15:52:25 [INFO] HTTP Request: GET https://njcaastats.prestosports.com/sports/mbkb/2025-26/div3/boxscores/20260121_6kcu.xml "HTTP/1.1 200 OK"
15:52:42 [INFO] HTTP Request: GET https://njcaastats.prestosports.com/sports/mbkb/2025-26/div3/boxscores/20260124_fd7d.xml "HTTP/1.1 200 OK"
15:52:56 [INFO] HTTP Request: GET https://njcaastats.prestosports.com/sports/mbkb/2025-26/div3/boxscores/20260126_3y0i.xml "HTTP/1.1 200 OK"
15:53:10 [INFO] HTTP Request: GET https://njcaastats.prestosports.com/sports/mbkb/2025-26/div3/boxscores/20260128_aq2w.xml "HTTP/1.1 200 OK"
15:53:24 [INFO] HTTP Request: GET https://njcaastats.prestosports.com/sports/mbkb/2025-26/div3/boxscores/20260131_iz7x.xml "HTTP/1.1 200 OK"
15:53:40 [INFO] HTTP Request: GET https://njcaastats.prestosports.com/sports/mbkb/2025-26/div3/boxscores/20260204_zqfm.xml "HTTP/1.1 200 OK"
15:53:55 [INFO] HTTP Request: GET https://njcaastats.prestosports.com/sports/mbkb/2025-26/div3/boxscores/20260207_ey2o.xml "HTTP/1.1 200 OK"
15:54:09 [INFO] HTTP Request: GET https://njcaastats.prestosports.com/sports/mbkb/2025-26/div3/boxscores/20260211_xeb5.xml "HTTP/1.1 200 OK"
15:54:23 [INFO] HTTP Request: GET https://njcaastats.prestosports.com/sports/mbkb/2025-26/div3/boxscores/20260214_kjwu.xml "HTTP/1.1 200 OK"
15:54:35 [INFO] HTTP Request: GET https://njcaastats.prestosports.com/sports/mbkb/2025-26/div3/boxscores/20260218_g8qf.xml "HTTP/1.1 200 OK"
15:54:46 [INFO] HTTP Request: GET https://njcaastats.prestosports.com/sports/mbkb/2025-26/div3/boxscores/20260221_now6.xml "HTTP/1.1 200 OK"
15:54:46 [INFO]   Loaded: 28 games, 726 player-game-stat rows
15:54:46 [INFO] 
[11/20] Minnesota West Community & Technical College
15:54:46 [INFO] Scraping team: Minnesota West Community & Technical College (minnesotawestcommunitytechnicalcol)
15:55:00 [INFO] HTTP Request: GET https://njcaastats.prestosports.com/sports/mbkb/2025-26/div3/teams/minnesotawestcommunitytechnicalcol?view=roster "HTTP/1.1 200 OK"
15:55:00 [INFO]   Roster: 16 players
15:55:13 [INFO] HTTP Request: GET https://njcaastats.prestosports.com/sports/mbkb/2025-26/div3/teams/minnesotawestcommunitytechnicalcol?view=gamelog "HTTP/1.1 200 OK"
15:55:13 [INFO]   Games: 27 with box scores
15:55:26 [INFO] HTTP Request: GET https://njcaastats.prestosports.com/sports/mbkb/2025-26/div3/boxscores/20251103_yyai.xml "HTTP/1.1 200 OK"
15:55:39 [INFO] HTTP Request: GET https://njcaastats.prestosports.com/sports/mbkb/2025-26/div3/boxscores/20251107_yjqu.xml "HTTP/1.1 200 OK"
15:55:53 [INFO] HTTP Request: GET https://njcaastats.prestosports.com/sports/mbkb/2025-26/div3/boxscores/20251114_uyc5.xml "HTTP/1.1 200 OK"
15:56:05 [INFO] HTTP Request: GET https://njcaastats.prestosports.com/sports/mbkb/2025-26/div3/boxscores/20251115_69hk.xml "HTTP/1.1 200 OK"
15:56:18 [INFO] HTTP Request: GET https://njcaastats.prestosports.com/sports/mbkb/2025-26/div3/boxscores/20251121_ajm6.xml "HTTP/1.1 200 OK"
15:56:30 [INFO] HTTP Request: GET https://njcaastats.prestosports.com/sports/mbkb/2025-26/div3/boxscores/20251122_xw2c.xml "HTTP/1.1 200 OK"
15:56:43 [INFO] HTTP Request: GET https://njcaastats.prestosports.com/sports/mbkb/2025-26/div3/boxscores/20251125_g443.xml "HTTP/1.1 200 OK"
15:57:00 [INFO] HTTP Request: GET https://njcaastats.prestosports.com/sports/mbkb/2025-26/div3/boxscores/20251205_w31p.xml "HTTP/1.1 200 OK"
15:57:12 [INFO] HTTP Request: GET https://njcaastats.prestosports.com/sports/mbkb/2025-26/div3/boxscores/20251206_c5sx.xml "HTTP/1.1 200 OK"
15:57:25 [INFO] HTTP Request: GET https://njcaastats.prestosports.com/sports/mbkb/2025-26/div3/boxscores/20251212_izib.xml "HTTP/1.1 200 OK"
15:57:37 [INFO] HTTP Request: GET https://njcaastats.prestosports.com/sports/mbkb/2025-26/div3/boxscores/20251213_fild.xml "HTTP/1.1 200 OK"
15:57:51 [INFO] HTTP Request: GET https://njcaastats.prestosports.com/sports/mbkb/2025-26/div3/boxscores/20251230_ktsm.xml "HTTP/1.1 200 OK"
15:58:26 [INFO] HTTP Request: GET https://njcaastats.prestosports.com/sports/mbkb/2025-26/div3/boxscores/20251231_xmfv.xml "HTTP/1.1 200 OK"
15:58:39 [INFO] HTTP Request: GET https://njcaastats.prestosports.com/sports/mbkb/2025-26/div3/boxscores/20260102_t5hr.xml "HTTP/1.1 200 OK"
15:58:51 [INFO] HTTP Request: GET https://njcaastats.prestosports.com/sports/mbkb/2025-26/div3/boxscores/20260103_cpss.xml "HTTP/1.1 200 OK"
15:59:04 [INFO] HTTP Request: GET https://njcaastats.prestosports.com/sports/mbkb/2025-26/div3/boxscores/20260107_9vdg.xml "HTTP/1.1 200 OK"
15:59:17 [INFO] HTTP Request: GET https://njcaastats.prestosports.com/sports/mbkb/2025-26/div3/boxscores/20260110_tn2j.xml "HTTP/1.1 200 OK"
15:59:29 [INFO] HTTP Request: GET https://njcaastats.prestosports.com/sports/mbkb/2025-26/div3/boxscores/20260114_qoss.xml "HTTP/1.1 200 OK"
15:59:44 [INFO] HTTP Request: GET https://njcaastats.prestosports.com/sports/mbkb/2025-26/div3/boxscores/20260118_9crb.xml "HTTP/1.1 200 OK"
15:59:58 [INFO] HTTP Request: GET https://njcaastats.prestosports.com/sports/mbkb/2025-26/div3/boxscores/20260128_5ov8.xml "HTTP/1.1 200 OK"
16:00:11 [INFO] HTTP Request: GET https://njcaastats.prestosports.com/sports/mbkb/2025-26/div3/boxscores/20260131_iz7x.xml "HTTP/1.1 200 OK"
16:00:22 [INFO] HTTP Request: GET https://njcaastats.prestosports.com/sports/mbkb/2025-26/div3/boxscores/20260204_pjad.xml "HTTP/1.1 200 OK"
16:00:34 [INFO] HTTP Request: GET https://njcaastats.prestosports.com/sports/mbkb/2025-26/div3/boxscores/20260207_yqn4.xml "HTTP/1.1 200 OK"
16:00:46 [INFO] HTTP Request: GET https://njcaastats.prestosports.com/sports/mbkb/2025-26/div3/boxscores/20260209_vqsr.xml "HTTP/1.1 200 OK"
16:00:59 [INFO] HTTP Request: GET https://njcaastats.prestosports.com/sports/mbkb/2025-26/div3/boxscores/20260211_7zwt.xml "HTTP/1.1 200 OK"
16:01:10 [INFO] HTTP Request: GET https://njcaastats.prestosports.com/sports/mbkb/2025-26/div3/boxscores/20260214_rqlc.xml "HTTP/1.1 200 OK"
16:01:23 [INFO] HTTP Request: GET https://njcaastats.prestosports.com/sports/mbkb/2025-26/div3/boxscores/20260221_n3th.xml "HTTP/1.1 200 OK"
16:01:23 [INFO]   Loaded: 27 games, 672 player-game-stat rows
16:01:23 [INFO] 
[12/20] Mohawk Valley CC
16:01:23 [INFO] Scraping team: Mohawk Valley CC (mohawkvalleycommunitycollege)
16:01:36 [INFO] HTTP Request: GET https://njcaastats.prestosports.com/sports/mbkb/2025-26/div3/teams/mohawkvalleycommunitycollege?view=roster "HTTP/1.1 200 OK"
16:01:36 [INFO]   Roster: 16 players
16:01:48 [INFO] HTTP Request: GET https://njcaastats.prestosports.com/sports/mbkb/2025-26/div3/teams/mohawkvalleycommunitycollege?view=gamelog "HTTP/1.1 200 OK"
16:01:48 [INFO]   Games: 25 with box scores
16:01:59 [INFO] HTTP Request: GET https://njcaastats.prestosports.com/sports/mbkb/2025-26/div3/boxscores/20251108_xu0t.xml "HTTP/1.1 200 OK"
16:02:10 [INFO] HTTP Request: GET https://njcaastats.prestosports.com/sports/mbkb/2025-26/div3/boxscores/20251112_rm66.xml "HTTP/1.1 200 OK"
16:02:21 [INFO] HTTP Request: GET https://njcaastats.prestosports.com/sports/mbkb/2025-26/div3/boxscores/20251115_3qt2.xml "HTTP/1.1 200 OK"
16:02:32 [INFO] HTTP Request: GET https://njcaastats.prestosports.com/sports/mbkb/2025-26/div3/boxscores/20251116_jhvp.xml "HTTP/1.1 200 OK"
16:02:43 [INFO] HTTP Request: GET https://njcaastats.prestosports.com/sports/mbkb/2025-26/div3/boxscores/20251119_ylbg.xml "HTTP/1.1 200 OK"
16:02:54 [INFO] HTTP Request: GET https://njcaastats.prestosports.com/sports/mbkb/2025-26/div3/boxscores/20251206_6tlh.xml "HTTP/1.1 200 OK"
16:03:05 [INFO] HTTP Request: GET https://njcaastats.prestosports.com/sports/mbkb/2025-26/div3/boxscores/20251207_nb1f.xml "HTTP/1.1 200 OK"
16:03:17 [INFO] HTTP Request: GET https://njcaastats.prestosports.com/sports/mbkb/2025-26/div3/boxscores/20251213_n4uf.xml "HTTP/1.1 200 OK"
16:03:28 [INFO] HTTP Request: GET https://njcaastats.prestosports.com/sports/mbkb/2025-26/div3/boxscores/20251217_zt6f.xml "HTTP/1.1 200 OK"
16:03:40 [INFO] HTTP Request: GET https://njcaastats.prestosports.com/sports/mbkb/2025-26/div3/boxscores/20260114_v6ko.xml "HTTP/1.1 200 OK"
16:03:51 [INFO] HTTP Request: GET https://njcaastats.prestosports.com/sports/mbkb/2025-26/div3/boxscores/20260117_kj99.xml "HTTP/1.1 200 OK"
16:04:04 [INFO] HTTP Request: GET https://njcaastats.prestosports.com/sports/mbkb/2025-26/div3/boxscores/20260118_6vdo.xml "HTTP/1.1 200 OK"
16:04:15 [INFO] HTTP Request: GET https://njcaastats.prestosports.com/sports/mbkb/2025-26/div3/boxscores/20260121_82e5.xml "HTTP/1.1 200 OK"
16:04:26 [INFO] HTTP Request: GET https://njcaastats.prestosports.com/sports/mbkb/2025-26/div3/boxscores/20260131_zr4i.xml "HTTP/1.1 200 OK"
16:05:20 [INFO] HTTP Request: GET https://njcaastats.prestosports.com/sports/mbkb/2025-26/div3/boxscores/20260201_f19c.xml "HTTP/1.1 200 OK"
16:05:32 [INFO] HTTP Request: GET https://njcaastats.prestosports.com/sports/mbkb/2025-26/div3/boxscores/20260203_pgis.xml "HTTP/1.1 200 OK"
16:05:43 [INFO] HTTP Request: GET https://njcaastats.prestosports.com/sports/mbkb/2025-26/div3/boxscores/20260207_icet.xml "HTTP/1.1 200 OK"
16:05:59 [INFO] HTTP Request: GET https://njcaastats.prestosports.com/sports/mbkb/2025-26/div3/boxscores/20260209_u6ra.xml "HTTP/1.1 200 OK"
16:06:10 [INFO] HTTP Request: GET https://njcaastats.prestosports.com/sports/mbkb/2025-26/div3/boxscores/20260211_qhr6.xml "HTTP/1.1 200 OK"
16:06:21 [INFO] HTTP Request: GET https://njcaastats.prestosports.com/sports/mbkb/2025-26/div3/boxscores/20260214_gbow.xml "HTTP/1.1 200 OK"
16:06:32 [INFO] HTTP Request: GET https://njcaastats.prestosports.com/sports/mbkb/2025-26/div3/boxscores/20260215_bzfa.xml "HTTP/1.1 200 OK"
16:06:44 [INFO] HTTP Request: GET https://njcaastats.prestosports.com/sports/mbkb/2025-26/div3/boxscores/20260218_r0ne.xml "HTTP/1.1 200 OK"
16:06:56 [INFO] HTTP Request: GET https://njcaastats.prestosports.com/sports/mbkb/2025-26/div3/boxscores/20260219_2jxn.xml "HTTP/1.1 200 OK"
16:07:08 [INFO] HTTP Request: GET https://njcaastats.prestosports.com/sports/mbkb/2025-26/div3/boxscores/20260227_su9f.xml "HTTP/1.1 200 OK"
16:07:20 [INFO] HTTP Request: GET https://njcaastats.prestosports.com/sports/mbkb/2025-26/div3/boxscores/20260228_jaui.xml "HTTP/1.1 200 OK"
16:07:21 [INFO]   Loaded: 25 games, 521 player-game-stat rows
16:07:21 [INFO] 
[13/20] Monroe University - Bronx
16:07:21 [INFO] Scraping team: Monroe University - Bronx (monroeuniversitybronx)
16:07:46 [INFO] HTTP Request: GET https://njcaastats.prestosports.com/sports/mbkb/2025-26/div3/teams/monroeuniversitybronx?view=roster "HTTP/1.1 200 OK"
16:07:46 [INFO]   Roster: 15 players
16:07:58 [INFO] HTTP Request: GET https://njcaastats.prestosports.com/sports/mbkb/2025-26/div3/teams/monroeuniversitybronx?view=gamelog "HTTP/1.1 200 OK"
16:07:58 [INFO]   Games: 28 with box scores
16:08:08 [INFO] HTTP Request: GET https://njcaastats.prestosports.com/sports/mbkb/2025-26/div3/boxscores/20251101_cwmc.xml "HTTP/1.1 200 OK"
16:08:20 [INFO] HTTP Request: GET https://njcaastats.prestosports.com/sports/mbkb/2025-26/div3/boxscores/20251102_2ski.xml "HTTP/1.1 200 OK"
16:08:31 [INFO] HTTP Request: GET https://njcaastats.prestosports.com/sports/mbkb/2025-26/div3/boxscores/20251106_0pbm.xml "HTTP/1.1 200 OK"
16:08:43 [INFO] HTTP Request: GET https://njcaastats.prestosports.com/sports/mbkb/2025-26/div3/boxscores/20251111_sp7a.xml "HTTP/1.1 200 OK"
16:08:54 [INFO] HTTP Request: GET https://njcaastats.prestosports.com/sports/mbkb/2025-26/div3/boxscores/20251113_3eeb.xml "HTTP/1.1 200 OK"
16:09:05 [INFO] HTTP Request: GET https://njcaastats.prestosports.com/sports/mbkb/2025-26/div3/boxscores/20251120_h4jn.xml "HTTP/1.1 200 OK"
16:09:19 [INFO] HTTP Request: GET https://njcaastats.prestosports.com/sports/mbkb/2025-26/div3/boxscores/20251122_p5pl.xml "HTTP/1.1 200 OK"
16:09:31 [INFO] HTTP Request: GET https://njcaastats.prestosports.com/sports/mbkb/2025-26/div3/boxscores/20251125_y30a.xml "HTTP/1.1 200 OK"
16:09:42 [INFO] HTTP Request: GET https://njcaastats.prestosports.com/sports/mbkb/2025-26/div3/boxscores/20251202_of9a.xml "HTTP/1.1 200 OK"
16:09:54 [INFO] HTTP Request: GET https://njcaastats.prestosports.com/sports/mbkb/2025-26/div3/boxscores/20251204_4aqa.xml "HTTP/1.1 200 OK"
16:10:05 [INFO] HTTP Request: GET https://njcaastats.prestosports.com/sports/mbkb/2025-26/div3/boxscores/20251207_hhgv.xml "HTTP/1.1 200 OK"
16:10:16 [INFO] HTTP Request: GET https://njcaastats.prestosports.com/sports/mbkb/2025-26/div3/boxscores/20251213_n1mk.xml "HTTP/1.1 200 OK"
16:10:27 [INFO] HTTP Request: GET https://njcaastats.prestosports.com/sports/mbkb/2025-26/div3/boxscores/20251218_gh6i.xml "HTTP/1.1 200 OK"
16:10:38 [INFO] HTTP Request: GET https://njcaastats.prestosports.com/sports/mbkb/2025-26/div3/boxscores/20251219_ahom.xml "HTTP/1.1 200 OK"
16:10:49 [INFO] HTTP Request: GET https://njcaastats.prestosports.com/sports/mbkb/2025-26/div3/boxscores/20251220_9i9a.xml "HTTP/1.1 200 OK"
16:11:01 [INFO] HTTP Request: GET https://njcaastats.prestosports.com/sports/mbkb/2025-26/div3/boxscores/20260110_m2ce.xml "HTTP/1.1 200 OK"
16:11:12 [INFO] HTTP Request: GET https://njcaastats.prestosports.com/sports/mbkb/2025-26/div3/boxscores/20260113_c05j.xml "HTTP/1.1 200 OK"
16:11:23 [INFO] HTTP Request: GET https://njcaastats.prestosports.com/sports/mbkb/2025-26/div3/boxscores/20260115_dv8u.xml "HTTP/1.1 200 OK"
16:11:35 [INFO] HTTP Request: GET https://njcaastats.prestosports.com/sports/mbkb/2025-26/div3/boxscores/20260117_om8u.xml "HTTP/1.1 200 OK"
16:11:48 [INFO] HTTP Request: GET https://njcaastats.prestosports.com/sports/mbkb/2025-26/div3/boxscores/20260124_cwl7.xml "HTTP/1.1 200 OK"
16:12:00 [INFO] HTTP Request: GET https://njcaastats.prestosports.com/sports/mbkb/2025-26/div3/boxscores/20260127_zdzd.xml "HTTP/1.1 200 OK"
16:12:14 [INFO] HTTP Request: GET https://njcaastats.prestosports.com/sports/mbkb/2025-26/div3/boxscores/20260129_hp3u.xml "HTTP/1.1 200 OK"
16:12:27 [INFO] HTTP Request: GET https://njcaastats.prestosports.com/sports/mbkb/2025-26/div3/boxscores/20260205_1e6c.xml "HTTP/1.1 200 OK"
16:12:39 [INFO] HTTP Request: GET https://njcaastats.prestosports.com/sports/mbkb/2025-26/div3/boxscores/20260210_e9u1.xml "HTTP/1.1 200 OK"
16:12:51 [INFO] HTTP Request: GET https://njcaastats.prestosports.com/sports/mbkb/2025-26/div3/boxscores/20260212_ih9o.xml "HTTP/1.1 200 OK"
16:13:06 [INFO] HTTP Request: GET https://njcaastats.prestosports.com/sports/mbkb/2025-26/div3/boxscores/20260214_w1l4.xml "HTTP/1.1 200 OK"
16:13:18 [INFO] HTTP Request: GET https://njcaastats.prestosports.com/sports/mbkb/2025-26/div3/boxscores/20260217_d8vf.xml "HTTP/1.1 200 OK"
16:13:31 [INFO] HTTP Request: GET https://njcaastats.prestosports.com/sports/mbkb/2025-26/div3/boxscores/20260225_xhii.xml "HTTP/1.1 200 OK"
16:13:32 [INFO]   Loaded: 28 games, 684 player-game-stat rows
16:13:32 [INFO] 
[14/20] Montgomery County CC (PA)
16:13:32 [INFO] Scraping team: Montgomery County CC (PA) (montgomerycountycommunitycollegepa)
16:13:44 [INFO] HTTP Request: GET https://njcaastats.prestosports.com/sports/mbkb/2025-26/div3/teams/montgomerycountycommunitycollegepa?view=roster "HTTP/1.1 200 OK"
16:13:45 [INFO]   Roster: 13 players
16:13:57 [INFO] HTTP Request: GET https://njcaastats.prestosports.com/sports/mbkb/2025-26/div3/teams/montgomerycountycommunitycollegepa?view=gamelog "HTTP/1.1 200 OK"
16:13:57 [INFO]   Games: 25 with box scores
16:14:10 [INFO] HTTP Request: GET https://njcaastats.prestosports.com/sports/mbkb/2025-26/div3/boxscores/20251111_fcsc.xml "HTTP/1.1 200 OK"
16:14:22 [INFO] HTTP Request: GET https://njcaastats.prestosports.com/sports/mbkb/2025-26/div3/boxscores/20251113_ogve.xml "HTTP/1.1 200 OK"
16:14:33 [INFO] HTTP Request: GET https://njcaastats.prestosports.com/sports/mbkb/2025-26/div3/boxscores/20251115_ls82.xml "HTTP/1.1 200 OK"
16:14:44 [INFO] HTTP Request: GET https://njcaastats.prestosports.com/sports/mbkb/2025-26/div3/boxscores/20251118_cxf6.xml "HTTP/1.1 200 OK"
16:14:55 [INFO] HTTP Request: GET https://njcaastats.prestosports.com/sports/mbkb/2025-26/div3/boxscores/20251125_8m4k.xml "HTTP/1.1 200 OK"
16:15:06 [INFO] HTTP Request: GET https://njcaastats.prestosports.com/sports/mbkb/2025-26/div3/boxscores/20251206_d5qn.xml "HTTP/1.1 200 OK"
16:15:17 [INFO] HTTP Request: GET https://njcaastats.prestosports.com/sports/mbkb/2025-26/div3/boxscores/20251211_uyxt.xml "HTTP/1.1 200 OK"
16:15:29 [INFO] HTTP Request: GET https://njcaastats.prestosports.com/sports/mbkb/2025-26/div3/boxscores/20251213_dtbs.xml "HTTP/1.1 200 OK"
16:15:41 [INFO] HTTP Request: GET https://njcaastats.prestosports.com/sports/mbkb/2025-26/div3/boxscores/20251216_jz32.xml "HTTP/1.1 200 OK"
16:15:53 [INFO] HTTP Request: GET https://njcaastats.prestosports.com/sports/mbkb/2025-26/div3/boxscores/20260110_eka7.xml "HTTP/1.1 200 OK"
16:16:04 [INFO] HTTP Request: GET https://njcaastats.prestosports.com/sports/mbkb/2025-26/div3/boxscores/20260113_g0aw.xml "HTTP/1.1 200 OK"
16:16:15 [INFO] HTTP Request: GET https://njcaastats.prestosports.com/sports/mbkb/2025-26/div3/boxscores/20260115_g0yk.xml "HTTP/1.1 200 OK"
16:16:27 [INFO] HTTP Request: GET https://njcaastats.prestosports.com/sports/mbkb/2025-26/div3/boxscores/20260117_17wi.xml "HTTP/1.1 200 OK"
16:16:39 [INFO] HTTP Request: GET https://njcaastats.prestosports.com/sports/mbkb/2025-26/div3/boxscores/20260120_3xh2.xml "HTTP/1.1 200 OK"
16:16:51 [INFO] HTTP Request: GET https://njcaastats.prestosports.com/sports/mbkb/2025-26/div3/boxscores/20260122_ks4o.xml "HTTP/1.1 200 OK"
16:17:03 [INFO] HTTP Request: GET https://njcaastats.prestosports.com/sports/mbkb/2025-26/div3/boxscores/20260127_7arr.xml "HTTP/1.1 200 OK"
16:17:14 [INFO] HTTP Request: GET https://njcaastats.prestosports.com/sports/mbkb/2025-26/div3/boxscores/20260131_2fds.xml "HTTP/1.1 200 OK"
16:17:25 [INFO] HTTP Request: GET https://njcaastats.prestosports.com/sports/mbkb/2025-26/div3/boxscores/20260203_vqki.xml "HTTP/1.1 200 OK"
16:17:36 [INFO] HTTP Request: GET https://njcaastats.prestosports.com/sports/mbkb/2025-26/div3/boxscores/20260205_kaje.xml "HTTP/1.1 200 OK"
16:17:47 [INFO] HTTP Request: GET https://njcaastats.prestosports.com/sports/mbkb/2025-26/div3/boxscores/20260207_67im.xml "HTTP/1.1 200 OK"
16:17:58 [INFO] HTTP Request: GET https://njcaastats.prestosports.com/sports/mbkb/2025-26/div3/boxscores/20260210_ka56.xml "HTTP/1.1 200 OK"
16:18:10 [INFO] HTTP Request: GET https://njcaastats.prestosports.com/sports/mbkb/2025-26/div3/boxscores/20260212_kpn4.xml "HTTP/1.1 200 OK"
16:18:21 [INFO] HTTP Request: GET https://njcaastats.prestosports.com/sports/mbkb/2025-26/div3/boxscores/20260214_wq16.xml "HTTP/1.1 200 OK"
16:18:32 [INFO] HTTP Request: GET https://njcaastats.prestosports.com/sports/mbkb/2025-26/div3/boxscores/20260226_j1n3.xml "HTTP/1.1 200 OK"
16:18:44 [INFO] HTTP Request: GET https://njcaastats.prestosports.com/sports/mbkb/2025-26/div3/boxscores/20260228_oe02.xml "HTTP/1.1 200 OK"
16:18:44 [INFO]   Loaded: 25 games, 571 player-game-stat rows
16:18:44 [INFO] 
[15/20] Nassau CC
16:18:44 [INFO] Scraping team: Nassau CC (nassaucommunitycollege)
16:18:56 [INFO] HTTP Request: GET https://njcaastats.prestosports.com/sports/mbkb/2025-26/div3/teams/nassaucommunitycollege?view=roster "HTTP/1.1 200 OK"
16:18:56 [INFO]   Roster: 17 players
16:19:08 [INFO] HTTP Request: GET https://njcaastats.prestosports.com/sports/mbkb/2025-26/div3/teams/nassaucommunitycollege?view=gamelog "HTTP/1.1 200 OK"
16:19:08 [INFO]   Games: 25 with box scores
16:19:19 [INFO] HTTP Request: GET https://njcaastats.prestosports.com/sports/mbkb/2025-26/div3/boxscores/20251101_r4ot.xml "HTTP/1.1 200 OK"
16:19:31 [INFO] HTTP Request: GET https://njcaastats.prestosports.com/sports/mbkb/2025-26/div3/boxscores/20251102_en9f.xml "HTTP/1.1 200 OK"
16:19:43 [INFO] HTTP Request: GET https://njcaastats.prestosports.com/sports/mbkb/2025-26/div3/boxscores/20251104_cuzz.xml "HTTP/1.1 200 OK"
16:19:55 [INFO] HTTP Request: GET https://njcaastats.prestosports.com/sports/mbkb/2025-26/div3/boxscores/20251108_w2cn.xml "HTTP/1.1 200 OK"
16:20:08 [INFO] HTTP Request: GET https://njcaastats.prestosports.com/sports/mbkb/2025-26/div3/boxscores/20251111_b4g1.xml "HTTP/1.1 200 OK"
16:20:19 [INFO] HTTP Request: GET https://njcaastats.prestosports.com/sports/mbkb/2025-26/div3/boxscores/20251120_h4jn.xml "HTTP/1.1 200 OK"
16:20:31 [INFO] HTTP Request: GET https://njcaastats.prestosports.com/sports/mbkb/2025-26/div3/boxscores/20251204_nwl2.xml "HTTP/1.1 200 OK"
16:21:32 [INFO] HTTP Request: GET https://njcaastats.prestosports.com/sports/mbkb/2025-26/div3/boxscores/20251206_kzwl.xml "HTTP/1.1 200 OK"
16:21:44 [INFO] HTTP Request: GET https://njcaastats.prestosports.com/sports/mbkb/2025-26/div3/boxscores/20251207_73mn.xml "HTTP/1.1 200 OK"
16:21:56 [INFO] HTTP Request: GET https://njcaastats.prestosports.com/sports/mbkb/2025-26/div3/boxscores/20251211_rm8l.xml "HTTP/1.1 200 OK"
16:22:08 [INFO] HTTP Request: GET https://njcaastats.prestosports.com/sports/mbkb/2025-26/div3/boxscores/20251216_dvc2.xml "HTTP/1.1 200 OK"
16:22:19 [INFO] HTTP Request: GET https://njcaastats.prestosports.com/sports/mbkb/2025-26/div3/boxscores/20251218_6ixj.xml "HTTP/1.1 200 OK"
16:22:31 [INFO] HTTP Request: GET https://njcaastats.prestosports.com/sports/mbkb/2025-26/div3/boxscores/20260115_cvss.xml "HTTP/1.1 200 OK"
16:22:44 [INFO] HTTP Request: GET https://njcaastats.prestosports.com/sports/mbkb/2025-26/div3/boxscores/20260117_ztyp.xml "HTTP/1.1 200 OK"
16:22:56 [INFO] HTTP Request: GET https://njcaastats.prestosports.com/sports/mbkb/2025-26/div3/boxscores/20260118_ykiz.xml "HTTP/1.1 200 OK"
16:23:08 [INFO] HTTP Request: GET https://njcaastats.prestosports.com/sports/mbkb/2025-26/div3/boxscores/20260122_udat.xml "HTTP/1.1 200 OK"
16:23:21 [INFO] HTTP Request: GET https://njcaastats.prestosports.com/sports/mbkb/2025-26/div3/boxscores/20260131_txt3.xml "HTTP/1.1 200 OK"
16:24:27 [INFO] HTTP Request: GET https://njcaastats.prestosports.com/sports/mbkb/2025-26/div3/boxscores/20260203_ou47.xml "HTTP/1.1 200 OK"
16:24:52 [INFO] HTTP Request: GET https://njcaastats.prestosports.com/sports/mbkb/2025-26/div3/boxscores/20260205_fgmn.xml "HTTP/1.1 200 OK"
16:25:04 [INFO] HTTP Request: GET https://njcaastats.prestosports.com/sports/mbkb/2025-26/div3/boxscores/20260207_g46u.xml "HTTP/1.1 200 OK"
16:25:16 [INFO] HTTP Request: GET https://njcaastats.prestosports.com/sports/mbkb/2025-26/div3/boxscores/20260210_taoe.xml "HTTP/1.1 200 OK"
16:25:28 [INFO] HTTP Request: GET https://njcaastats.prestosports.com/sports/mbkb/2025-26/div3/boxscores/20260214_bn3i.xml "HTTP/1.1 200 OK"
16:25:40 [INFO] HTTP Request: GET https://njcaastats.prestosports.com/sports/mbkb/2025-26/div3/boxscores/20260217_d8vf.xml "HTTP/1.1 200 OK"
16:25:52 [INFO] HTTP Request: GET https://njcaastats.prestosports.com/sports/mbkb/2025-26/div3/boxscores/20260221_0afr.xml "HTTP/1.1 200 OK"
16:26:04 [INFO] HTTP Request: GET https://njcaastats.prestosports.com/sports/mbkb/2025-26/div3/boxscores/20260225_is7a.xml "HTTP/1.1 200 OK"
16:26:04 [INFO]   Loaded: 25 games, 608 player-game-stat rows
16:26:04 [INFO] 
[16/20] North Country CC
16:26:04 [INFO] Scraping team: North Country CC (northcountrycommunitycollege)
16:27:15 [ERROR] Request failed: https://njcaastats.prestosports.com/sports/mbkb/2025-26/div3/teams/northcountrycommunitycollege?view=roster — The read operation timed out
16:27:15 [INFO]   Roster: 0 players
16:27:50 [INFO] HTTP Request: GET https://njcaastats.prestosports.com/sports/mbkb/2025-26/div3/teams/northcountrycommunitycollege?view=gamelog "HTTP/1.1 200 OK"
16:27:50 [INFO]   Games: 29 with box scores
16:28:02 [INFO] HTTP Request: GET https://njcaastats.prestosports.com/sports/mbkb/2025-26/div3/boxscores/20251101_tn72.xml "HTTP/1.1 200 OK"
16:28:16 [INFO] HTTP Request: GET https://njcaastats.prestosports.com/sports/mbkb/2025-26/div3/boxscores/20251102_q5hq.xml "HTTP/1.1 200 OK"
16:28:29 [INFO] HTTP Request: GET https://njcaastats.prestosports.com/sports/mbkb/2025-26/div3/boxscores/20251108_tqla.xml "HTTP/1.1 200 OK"
16:28:40 [INFO] HTTP Request: GET https://njcaastats.prestosports.com/sports/mbkb/2025-26/div3/boxscores/20251110_kfuk.xml "HTTP/1.1 200 OK"
16:28:53 [INFO] HTTP Request: GET https://njcaastats.prestosports.com/sports/mbkb/2025-26/div3/boxscores/20251112_rm66.xml "HTTP/1.1 200 OK"
16:29:24 [INFO] HTTP Request: GET https://njcaastats.prestosports.com/sports/mbkb/2025-26/div3/boxscores/20251115_k903.xml "HTTP/1.1 200 OK"
16:29:36 [INFO] HTTP Request: GET https://njcaastats.prestosports.com/sports/mbkb/2025-26/div3/boxscores/20251116_fraz.xml "HTTP/1.1 200 OK"
16:29:49 [INFO] HTTP Request: GET https://njcaastats.prestosports.com/sports/mbkb/2025-26/div3/boxscores/20251119_oigl.xml "HTTP/1.1 200 OK"
16:30:01 [INFO] HTTP Request: GET https://njcaastats.prestosports.com/sports/mbkb/2025-26/div3/boxscores/20251202_ftxc.xml "HTTP/1.1 200 OK"
16:30:14 [INFO] HTTP Request: GET https://njcaastats.prestosports.com/sports/mbkb/2025-26/div3/boxscores/20251205_xj3a.xml "HTTP/1.1 200 OK"
16:31:25 [ERROR] Request failed: https://njcaastats.prestosports.com/sports/mbkb/2025-26/div3/boxscores/20251206_uf8w.xml — The read operation timed out
16:31:38 [INFO] HTTP Request: GET https://njcaastats.prestosports.com/sports/mbkb/2025-26/div3/boxscores/20260111_vfqg.xml "HTTP/1.1 200 OK"
16:31:50 [INFO] HTTP Request: GET https://njcaastats.prestosports.com/sports/mbkb/2025-26/div3/boxscores/20260114_jl1l.xml "HTTP/1.1 200 OK"
16:32:02 [INFO] HTTP Request: GET https://njcaastats.prestosports.com/sports/mbkb/2025-26/div3/boxscores/20260117_5fk0.xml "HTTP/1.1 200 OK"
16:32:16 [INFO] HTTP Request: GET https://njcaastats.prestosports.com/sports/mbkb/2025-26/div3/boxscores/20260118_bxz3.xml "HTTP/1.1 200 OK"
16:32:47 [INFO] HTTP Request: GET https://njcaastats.prestosports.com/sports/mbkb/2025-26/div3/boxscores/20260124_ogjm.xml "HTTP/1.1 200 OK"
16:32:59 [INFO] HTTP Request: GET https://njcaastats.prestosports.com/sports/mbkb/2025-26/div3/boxscores/20260128_o03u.xml "HTTP/1.1 200 OK"
16:33:12 [INFO] HTTP Request: GET https://njcaastats.prestosports.com/sports/mbkb/2025-26/div3/boxscores/20260131_wkwt.xml "HTTP/1.1 200 OK"
16:33:23 [INFO] HTTP Request: GET https://njcaastats.prestosports.com/sports/mbkb/2025-26/div3/boxscores/20260201_t1ww.xml "HTTP/1.1 200 OK"
16:33:35 [INFO] HTTP Request: GET https://njcaastats.prestosports.com/sports/mbkb/2025-26/div3/boxscores/20260203_pgis.xml "HTTP/1.1 200 OK"
16:33:47 [INFO] HTTP Request: GET https://njcaastats.prestosports.com/sports/mbkb/2025-26/div3/boxscores/20260205_fv8x.xml "HTTP/1.1 200 OK"
16:33:59 [INFO] HTTP Request: GET https://njcaastats.prestosports.com/sports/mbkb/2025-26/div3/boxscores/20260207_iti9.xml "HTTP/1.1 200 OK"
16:34:11 [INFO] HTTP Request: GET https://njcaastats.prestosports.com/sports/mbkb/2025-26/div3/boxscores/20260209_cul8.xml "HTTP/1.1 200 OK"
16:34:27 [INFO] HTTP Request: GET https://njcaastats.prestosports.com/sports/mbkb/2025-26/div3/boxscores/20260214_e3qg.xml "HTTP/1.1 200 OK"
16:34:38 [INFO] HTTP Request: GET https://njcaastats.prestosports.com/sports/mbkb/2025-26/div3/boxscores/20260215_864j.xml "HTTP/1.1 200 OK"
16:34:51 [INFO] HTTP Request: GET https://njcaastats.prestosports.com/sports/mbkb/2025-26/div3/boxscores/20260218_2yuc.xml "HTTP/1.1 200 OK"
16:35:03 [INFO] HTTP Request: GET https://njcaastats.prestosports.com/sports/mbkb/2025-26/div3/boxscores/20260221_clm4.xml "HTTP/1.1 200 OK"
16:35:15 [INFO] HTTP Request: GET https://njcaastats.prestosports.com/sports/mbkb/2025-26/div3/boxscores/20260227_52zi.xml "HTTP/1.1 200 OK"
16:35:44 [INFO] HTTP Request: GET https://njcaastats.prestosports.com/sports/mbkb/2025-26/div3/boxscores/20260228_ojr5.xml "HTTP/1.1 200 OK"
16:35:44 [INFO]   Loaded: 28 games, 622 player-game-stat rows
16:35:44 [INFO] 
[17/20] Northampton CC
16:35:44 [INFO] Scraping team: Northampton CC (northamptoncommunitycollege)
16:35:59 [INFO] HTTP Request: GET https://njcaastats.prestosports.com/sports/mbkb/2025-26/div3/teams/northamptoncommunitycollege?view=roster "HTTP/1.1 200 OK"
16:35:59 [INFO]   Roster: 15 players
16:36:12 [INFO] HTTP Request: GET https://njcaastats.prestosports.com/sports/mbkb/2025-26/div3/teams/northamptoncommunitycollege?view=gamelog "HTTP/1.1 200 OK"
16:36:12 [INFO]   Games: 29 with box scores
16:36:24 [INFO] HTTP Request: GET https://njcaastats.prestosports.com/sports/mbkb/2025-26/div3/boxscores/20251101_r547.xml "HTTP/1.1 200 OK"
16:36:38 [INFO] HTTP Request: GET https://njcaastats.prestosports.com/sports/mbkb/2025-26/div3/boxscores/20251102_wuuo.xml "HTTP/1.1 200 OK"
16:37:49 [ERROR] Request failed: https://njcaastats.prestosports.com/sports/mbkb/2025-26/div3/boxscores/20251108_sixc.xml — The read operation timed out
16:38:02 [INFO] HTTP Request: GET https://njcaastats.prestosports.com/sports/mbkb/2025-26/div3/boxscores/20251111_iota.xml "HTTP/1.1 200 OK"
16:38:15 [INFO] HTTP Request: GET https://njcaastats.prestosports.com/sports/mbkb/2025-26/div3/boxscores/20251115_7c64.xml "HTTP/1.1 200 OK"
16:38:26 [INFO] HTTP Request: GET https://njcaastats.prestosports.com/sports/mbkb/2025-26/div3/boxscores/20251118_thv0.xml "HTTP/1.1 200 OK"
16:38:38 [INFO] HTTP Request: GET https://njcaastats.prestosports.com/sports/mbkb/2025-26/div3/boxscores/20251120_t68v.xml "HTTP/1.1 200 OK"
16:38:50 [INFO] HTTP Request: GET https://njcaastats.prestosports.com/sports/mbkb/2025-26/div3/boxscores/20251122_6pok.xml "HTTP/1.1 200 OK"
16:39:02 [INFO] HTTP Request: GET https://njcaastats.prestosports.com/sports/mbkb/2025-26/div3/boxscores/20251125_6s42.xml "HTTP/1.1 200 OK"
16:39:14 [INFO] HTTP Request: GET https://njcaastats.prestosports.com/sports/mbkb/2025-26/div3/boxscores/20251204_m2sg.xml "HTTP/1.1 200 OK"
16:39:27 [INFO] HTTP Request: GET https://njcaastats.prestosports.com/sports/mbkb/2025-26/div3/boxscores/20251209_wj9n.xml "HTTP/1.1 200 OK"
16:39:41 [INFO] HTTP Request: GET https://njcaastats.prestosports.com/sports/mbkb/2025-26/div3/boxscores/20251211_uyxt.xml "HTTP/1.1 200 OK"
16:39:53 [INFO] HTTP Request: GET https://njcaastats.prestosports.com/sports/mbkb/2025-26/div3/boxscores/20251216_fw61.xml "HTTP/1.1 200 OK"
16:40:05 [INFO] HTTP Request: GET https://njcaastats.prestosports.com/sports/mbkb/2025-26/div3/boxscores/20251218_ttyy.xml "HTTP/1.1 200 OK"
16:40:17 [INFO] HTTP Request: GET https://njcaastats.prestosports.com/sports/mbkb/2025-26/div3/boxscores/20260110_syks.xml "HTTP/1.1 200 OK"
16:40:29 [INFO] HTTP Request: GET https://njcaastats.prestosports.com/sports/mbkb/2025-26/div3/boxscores/20260113_af79.xml "HTTP/1.1 200 OK"
16:40:41 [INFO] HTTP Request: GET https://njcaastats.prestosports.com/sports/mbkb/2025-26/div3/boxscores/20260115_c8me.xml "HTTP/1.1 200 OK"
16:40:53 [INFO] HTTP Request: GET https://njcaastats.prestosports.com/sports/mbkb/2025-26/div3/boxscores/20260120_xk3n.xml "HTTP/1.1 200 OK"
16:41:09 [INFO] HTTP Request: GET https://njcaastats.prestosports.com/sports/mbkb/2025-26/div3/boxscores/20260122_3z6l.xml "HTTP/1.1 200 OK"
16:41:23 [INFO] HTTP Request: GET https://njcaastats.prestosports.com/sports/mbkb/2025-26/div3/boxscores/20260124_cwl7.xml "HTTP/1.1 200 OK"
16:41:36 [INFO] HTTP Request: GET https://njcaastats.prestosports.com/sports/mbkb/2025-26/div3/boxscores/20260129_2pf4.xml "HTTP/1.1 200 OK"
16:41:48 [INFO] HTTP Request: GET https://njcaastats.prestosports.com/sports/mbkb/2025-26/div3/boxscores/20260131_4vrd.xml "HTTP/1.1 200 OK"
16:42:00 [INFO] HTTP Request: GET https://njcaastats.prestosports.com/sports/mbkb/2025-26/div3/boxscores/20260203_6jo4.xml "HTTP/1.1 200 OK"
16:42:15 [INFO] HTTP Request: GET https://njcaastats.prestosports.com/sports/mbkb/2025-26/div3/boxscores/20260205_vx8g.xml "HTTP/1.1 200 OK"
16:42:28 [INFO] HTTP Request: GET https://njcaastats.prestosports.com/sports/mbkb/2025-26/div3/boxscores/20260207_aeeq.xml "HTTP/1.1 200 OK"
16:42:41 [INFO] HTTP Request: GET https://njcaastats.prestosports.com/sports/mbkb/2025-26/div3/boxscores/20260212_kpn4.xml "HTTP/1.1 200 OK"
16:43:52 [ERROR] Request failed: https://njcaastats.prestosports.com/sports/mbkb/2025-26/div3/boxscores/20260214_r9mn.xml — The read operation timed out
16:44:04 [INFO] HTTP Request: GET https://njcaastats.prestosports.com/sports/mbkb/2025-26/div3/boxscores/20260217_4slk.xml "HTTP/1.1 200 OK"
16:44:18 [INFO] HTTP Request: GET https://njcaastats.prestosports.com/sports/mbkb/2025-26/div3/boxscores/20260225_6cvu.xml "HTTP/1.1 200 OK"
16:44:18 [INFO]   Loaded: 27 games, 688 player-game-stat rows
16:44:18 [INFO] 
[18/20] Northern Essex CC
16:44:18 [INFO] Scraping team: Northern Essex CC (northernessexcommunitycollege)
16:44:34 [INFO] HTTP Request: GET https://njcaastats.prestosports.com/sports/mbkb/2025-26/div3/teams/northernessexcommunitycollege?view=roster "HTTP/1.1 200 OK"
16:44:34 [INFO]   Roster: 22 players
16:44:49 [INFO] HTTP Request: GET https://njcaastats.prestosports.com/sports/mbkb/2025-26/div3/teams/northernessexcommunitycollege?view=gamelog "HTTP/1.1 200 OK"
16:44:49 [INFO]   Games: 29 with box scores
16:45:03 [INFO] HTTP Request: GET https://njcaastats.prestosports.com/sports/mbkb/2025-26/div3/boxscores/20251101_158l.xml "HTTP/1.1 200 OK"
16:45:17 [INFO] HTTP Request: GET https://njcaastats.prestosports.com/sports/mbkb/2025-26/div3/boxscores/20251102_2ski.xml "HTTP/1.1 200 OK"
16:45:31 [INFO] HTTP Request: GET https://njcaastats.prestosports.com/sports/mbkb/2025-26/div3/boxscores/20251106_xqma.xml "HTTP/1.1 200 OK"
16:45:43 [INFO] HTTP Request: GET https://njcaastats.prestosports.com/sports/mbkb/2025-26/div3/boxscores/20251108_vw0k.xml "HTTP/1.1 200 OK"
16:45:55 [INFO] HTTP Request: GET https://njcaastats.prestosports.com/sports/mbkb/2025-26/div3/boxscores/20251109_xo9a.xml "HTTP/1.1 200 OK"
16:46:08 [INFO] HTTP Request: GET https://njcaastats.prestosports.com/sports/mbkb/2025-26/div3/boxscores/20251113_knqm.xml "HTTP/1.1 200 OK"
16:46:21 [INFO] HTTP Request: GET https://njcaastats.prestosports.com/sports/mbkb/2025-26/div3/boxscores/20251118_hi0i.xml "HTTP/1.1 200 OK"
16:46:33 [INFO] HTTP Request: GET https://njcaastats.prestosports.com/sports/mbkb/2025-26/div3/boxscores/20251121_iiov.xml "HTTP/1.1 200 OK"
16:46:48 [INFO] HTTP Request: GET https://njcaastats.prestosports.com/sports/mbkb/2025-26/div3/boxscores/20251122_feyn.xml "HTTP/1.1 200 OK"
16:47:01 [INFO] HTTP Request: GET https://njcaastats.prestosports.com/sports/mbkb/2025-26/div3/boxscores/20251125_ka7d.xml "HTTP/1.1 200 OK"
16:47:15 [INFO] HTTP Request: GET https://njcaastats.prestosports.com/sports/mbkb/2025-26/div3/boxscores/20251128_0qwl.xml "HTTP/1.1 200 OK"
16:47:29 [INFO] HTTP Request: GET https://njcaastats.prestosports.com/sports/mbkb/2025-26/div3/boxscores/20251129_v611.xml "HTTP/1.1 200 OK"
16:47:41 [INFO] HTTP Request: GET https://njcaastats.prestosports.com/sports/mbkb/2025-26/div3/boxscores/20251202_p4no.xml "HTTP/1.1 200 OK"
16:47:54 [INFO] HTTP Request: GET https://njcaastats.prestosports.com/sports/mbkb/2025-26/div3/boxscores/20251204_2dwm.xml "HTTP/1.1 200 OK"
16:48:09 [INFO] HTTP Request: GET https://njcaastats.prestosports.com/sports/mbkb/2025-26/div3/boxscores/20251206_czqw.xml "HTTP/1.1 200 OK"
16:48:25 [INFO] HTTP Request: GET https://njcaastats.prestosports.com/sports/mbkb/2025-26/div3/boxscores/20251209_6yrs.xml "HTTP/1.1 200 OK"
16:48:38 [INFO] HTTP Request: GET https://njcaastats.prestosports.com/sports/mbkb/2025-26/div3/boxscores/20251213_p5k7.xml "HTTP/1.1 200 OK"
16:48:52 [INFO] HTTP Request: GET https://njcaastats.prestosports.com/sports/mbkb/2025-26/div3/boxscores/20251217_kuqn.xml "HTTP/1.1 200 OK"
16:49:07 [INFO] HTTP Request: GET https://njcaastats.prestosports.com/sports/mbkb/2025-26/div3/boxscores/20260109_b534.xml "HTTP/1.1 200 OK"
16:49:21 [INFO] HTTP Request: GET https://njcaastats.prestosports.com/sports/mbkb/2025-26/div3/boxscores/20260115_6fx0.xml "HTTP/1.1 200 OK"
16:49:35 [INFO] HTTP Request: GET https://njcaastats.prestosports.com/sports/mbkb/2025-26/div3/boxscores/20260120_r8mi.xml "HTTP/1.1 200 OK"
16:49:50 [INFO] HTTP Request: GET https://njcaastats.prestosports.com/sports/mbkb/2025-26/div3/boxscores/20260123_gic4.xml "HTTP/1.1 200 OK"
16:50:04 [INFO] HTTP Request: GET https://njcaastats.prestosports.com/sports/mbkb/2025-26/div3/boxscores/20260128_7mc9.xml "HTTP/1.1 200 OK"
16:50:18 [INFO] HTTP Request: GET https://njcaastats.prestosports.com/sports/mbkb/2025-26/div3/boxscores/20260130_ljz4.xml "HTTP/1.1 200 OK"
16:50:36 [INFO] HTTP Request: GET https://njcaastats.prestosports.com/sports/mbkb/2025-26/div3/boxscores/20260206_j05d.xml "HTTP/1.1 200 OK"
16:50:49 [INFO] HTTP Request: GET https://njcaastats.prestosports.com/sports/mbkb/2025-26/div3/boxscores/20260211_562y.xml "HTTP/1.1 200 OK"
16:51:00 [INFO] HTTP Request: GET https://njcaastats.prestosports.com/sports/mbkb/2025-26/div3/boxscores/20260213_ir65.xml "HTTP/1.1 200 OK"
16:51:18 [INFO] HTTP Request: GET https://njcaastats.prestosports.com/sports/mbkb/2025-26/div3/boxscores/20260217_newp.xml "HTTP/1.1 200 OK"
16:51:34 [INFO] HTTP Request: GET https://njcaastats.prestosports.com/sports/mbkb/2025-26/div3/boxscores/20260221_2s83.xml "HTTP/1.1 200 OK"
16:51:34 [INFO]   Loaded: 29 games, 798 player-game-stat rows
16:51:34 [INFO] 
[19/20] Northland Community & Technical College
16:51:34 [INFO] Scraping team: Northland Community & Technical College (northlandcommunitytechnicalcollege)
16:51:52 [INFO] HTTP Request: GET https://njcaastats.prestosports.com/sports/mbkb/2025-26/div3/teams/northlandcommunitytechnicalcollege?view=roster "HTTP/1.1 200 OK"
16:51:52 [INFO]   Roster: 13 players
16:52:08 [INFO] HTTP Request: GET https://njcaastats.prestosports.com/sports/mbkb/2025-26/div3/teams/northlandcommunitytechnicalcollege?view=gamelog "HTTP/1.1 200 OK"
16:52:09 [INFO]   Games: 28 with box scores
16:52:22 [INFO] HTTP Request: GET https://njcaastats.prestosports.com/sports/mbkb/2025-26/div3/boxscores/20251103_97um.xml "HTTP/1.1 200 OK"
16:52:33 [INFO] HTTP Request: GET https://njcaastats.prestosports.com/sports/mbkb/2025-26/div3/boxscores/20251107_yysb.xml "HTTP/1.1 200 OK"
16:52:44 [INFO] HTTP Request: GET https://njcaastats.prestosports.com/sports/mbkb/2025-26/div3/boxscores/20251108_8vx7.xml "HTTP/1.1 200 OK"
16:52:55 [INFO] HTTP Request: GET https://njcaastats.prestosports.com/sports/mbkb/2025-26/div3/boxscores/20251114_uyc5.xml "HTTP/1.1 200 OK"
16:53:07 [INFO] HTTP Request: GET https://njcaastats.prestosports.com/sports/mbkb/2025-26/div3/boxscores/20251115_7des.xml "HTTP/1.1 200 OK"
16:53:21 [INFO] HTTP Request: GET https://njcaastats.prestosports.com/sports/mbkb/2025-26/div3/boxscores/20251121_owvp.xml "HTTP/1.1 200 OK"
16:53:42 [INFO] HTTP Request: GET https://njcaastats.prestosports.com/sports/mbkb/2025-26/div3/boxscores/20251122_in31.xml "HTTP/1.1 200 OK"
16:53:55 [INFO] HTTP Request: GET https://njcaastats.prestosports.com/sports/mbkb/2025-26/div3/boxscores/20251205_xct9.xml "HTTP/1.1 200 OK"
16:54:07 [INFO] HTTP Request: GET https://njcaastats.prestosports.com/sports/mbkb/2025-26/div3/boxscores/20251212_u59y.xml "HTTP/1.1 200 OK"
16:54:18 [INFO] HTTP Request: GET https://njcaastats.prestosports.com/sports/mbkb/2025-26/div3/boxscores/20251213_wb2z.xml "HTTP/1.1 200 OK"
16:54:29 [INFO] HTTP Request: GET https://njcaastats.prestosports.com/sports/mbkb/2025-26/div3/boxscores/20260102_cypd.xml "HTTP/1.1 200 OK"
16:54:40 [INFO] HTTP Request: GET https://njcaastats.prestosports.com/sports/mbkb/2025-26/div3/boxscores/20260103_gfss.xml "HTTP/1.1 200 OK"
16:54:52 [INFO] HTTP Request: GET https://njcaastats.prestosports.com/sports/mbkb/2025-26/div3/boxscores/20260107_nbod.xml "HTTP/1.1 200 OK"
16:55:07 [INFO] HTTP Request: GET https://njcaastats.prestosports.com/sports/mbkb/2025-26/div3/boxscores/20260110_uzbw.xml "HTTP/1.1 200 OK"
16:55:22 [INFO] HTTP Request: GET https://njcaastats.prestosports.com/sports/mbkb/2025-26/div3/boxscores/20260114_j4dm.xml "HTTP/1.1 200 OK"
16:55:36 [INFO] HTTP Request: GET https://njcaastats.prestosports.com/sports/mbkb/2025-26/div3/boxscores/20260117_vopc.xml "HTTP/1.1 200 OK"
16:55:50 [INFO] HTTP Request: GET https://njcaastats.prestosports.com/sports/mbkb/2025-26/div3/boxscores/20260119_oxhw.xml "HTTP/1.1 200 OK"
16:56:02 [INFO] HTTP Request: GET https://njcaastats.prestosports.com/sports/mbkb/2025-26/div3/boxscores/20260128_39pl.xml "HTTP/1.1 200 OK"
16:56:13 [INFO] HTTP Request: GET https://njcaastats.prestosports.com/sports/mbkb/2025-26/div3/boxscores/20260131_9m34.xml "HTTP/1.1 200 OK"
16:56:25 [INFO] HTTP Request: GET https://njcaastats.prestosports.com/sports/mbkb/2025-26/div3/boxscores/20260204_0ghb.xml "HTTP/1.1 200 OK"
16:56:36 [INFO] HTTP Request: GET https://njcaastats.prestosports.com/sports/mbkb/2025-26/div3/boxscores/20260207_l12r.xml "HTTP/1.1 200 OK"
16:56:47 [INFO] HTTP Request: GET https://njcaastats.prestosports.com/sports/mbkb/2025-26/div3/boxscores/20260208_lssg.xml "HTTP/1.1 200 OK"
16:56:57 [INFO] HTTP Request: GET https://njcaastats.prestosports.com/sports/mbkb/2025-26/div3/boxscores/20260211_1ym1.xml "HTTP/1.1 200 OK"
16:57:08 [INFO] HTTP Request: GET https://njcaastats.prestosports.com/sports/mbkb/2025-26/div3/boxscores/20260214_1sls.xml "HTTP/1.1 200 OK"
16:57:19 [INFO] HTTP Request: GET https://njcaastats.prestosports.com/sports/mbkb/2025-26/div3/boxscores/20260219_spjp.xml "HTTP/1.1 200 OK"
16:57:32 [INFO] HTTP Request: GET https://njcaastats.prestosports.com/sports/mbkb/2025-26/div3/boxscores/20260221_uvqy.xml "HTTP/1.1 200 OK"
16:57:44 [INFO] HTTP Request: GET https://njcaastats.prestosports.com/sports/mbkb/2025-26/div3/boxscores/20260222_sqay.xml "HTTP/1.1 200 OK"
16:57:55 [INFO] HTTP Request: GET https://njcaastats.prestosports.com/sports/mbkb/2025-26/div3/boxscores/20260226_irpn.xml "HTTP/1.1 200 OK"
16:57:55 [INFO]   Loaded: 28 games, 695 player-game-stat rows
16:57:55 [INFO] 
[20/20] Ocean County College
16:57:55 [INFO] Scraping team: Ocean County College (oceancountycollege)
16:58:07 [INFO] HTTP Request: GET https://njcaastats.prestosports.com/sports/mbkb/2025-26/div3/teams/oceancountycollege?view=roster "HTTP/1.1 200 OK"
16:58:07 [INFO]   Roster: 15 players
16:58:20 [INFO] HTTP Request: GET https://njcaastats.prestosports.com/sports/mbkb/2025-26/div3/teams/oceancountycollege?view=gamelog "HTTP/1.1 200 OK"
16:58:21 [INFO]   Games: 29 with box scores
16:58:31 [INFO] HTTP Request: GET https://njcaastats.prestosports.com/sports/mbkb/2025-26/div3/boxscores/20251106_8kv6.xml "HTTP/1.1 200 OK"
16:58:42 [INFO] HTTP Request: GET https://njcaastats.prestosports.com/sports/mbkb/2025-26/div3/boxscores/20251111_dxk0.xml "HTTP/1.1 200 OK"
16:58:54 [INFO] HTTP Request: GET https://njcaastats.prestosports.com/sports/mbkb/2025-26/div3/boxscores/20251113_fxnm.xml "HTTP/1.1 200 OK"
16:59:05 [INFO] HTTP Request: GET https://njcaastats.prestosports.com/sports/mbkb/2025-26/div3/boxscores/20251115_7c64.xml "HTTP/1.1 200 OK"
16:59:16 [INFO] HTTP Request: GET https://njcaastats.prestosports.com/sports/mbkb/2025-26/div3/boxscores/20251118_ry1o.xml "HTTP/1.1 200 OK"
16:59:27 [INFO] HTTP Request: GET https://njcaastats.prestosports.com/sports/mbkb/2025-26/div3/boxscores/20251120_i6df.xml "HTTP/1.1 200 OK"
16:59:38 [INFO] HTTP Request: GET https://njcaastats.prestosports.com/sports/mbkb/2025-26/div3/boxscores/20251122_uk4f.xml "HTTP/1.1 200 OK"
16:59:49 [INFO] HTTP Request: GET https://njcaastats.prestosports.com/sports/mbkb/2025-26/div3/boxscores/20251202_wqz3.xml "HTTP/1.1 200 OK"
17:00:01 [INFO] HTTP Request: GET https://njcaastats.prestosports.com/sports/mbkb/2025-26/div3/boxscores/20251206_4j6w.xml "HTTP/1.1 200 OK"
17:00:13 [INFO] HTTP Request: GET https://njcaastats.prestosports.com/sports/mbkb/2025-26/div3/boxscores/20251211_4pvc.xml "HTTP/1.1 200 OK"
17:00:24 [INFO] HTTP Request: GET https://njcaastats.prestosports.com/sports/mbkb/2025-26/div3/boxscores/20251216_0mx6.xml "HTTP/1.1 200 OK"
17:00:35 [INFO] HTTP Request: GET https://njcaastats.prestosports.com/sports/mbkb/2025-26/div3/boxscores/20251218_b5wi.xml "HTTP/1.1 200 OK"
17:00:46 [INFO] HTTP Request: GET https://njcaastats.prestosports.com/sports/mbkb/2025-26/div3/boxscores/20260108_6wlb.xml "HTTP/1.1 200 OK"
17:00:57 [INFO] HTTP Request: GET https://njcaastats.prestosports.com/sports/mbkb/2025-26/div3/boxscores/20260110_t6xf.xml "HTTP/1.1 200 OK"
17:01:37 [INFO] HTTP Request: GET https://njcaastats.prestosports.com/sports/mbkb/2025-26/div3/boxscores/20260113_29e8.xml "HTTP/1.1 200 OK"
17:01:48 [INFO] HTTP Request: GET https://njcaastats.prestosports.com/sports/mbkb/2025-26/div3/boxscores/20260115_euv1.xml "HTTP/1.1 200 OK"
17:01:59 [INFO] HTTP Request: GET https://njcaastats.prestosports.com/sports/mbkb/2025-26/div3/boxscores/20260117_17wi.xml "HTTP/1.1 200 OK"
17:02:11 [INFO] HTTP Request: GET https://njcaastats.prestosports.com/sports/mbkb/2025-26/div3/boxscores/20260120_zr0s.xml "HTTP/1.1 200 OK"
17:03:02 [INFO] HTTP Request: GET https://njcaastats.prestosports.com/sports/mbkb/2025-26/div3/boxscores/20260122_tj9x.xml "HTTP/1.1 200 OK"
17:03:13 [INFO] HTTP Request: GET https://njcaastats.prestosports.com/sports/mbkb/2025-26/div3/boxscores/20260129_n0dd.xml "HTTP/1.1 200 OK"
17:03:25 [INFO] HTTP Request: GET https://njcaastats.prestosports.com/sports/mbkb/2025-26/div3/boxscores/20260131_trxs.xml "HTTP/1.1 200 OK"
17:03:37 [INFO] HTTP Request: GET https://njcaastats.prestosports.com/sports/mbkb/2025-26/div3/boxscores/20260203_dkw7.xml "HTTP/1.1 200 OK"
17:03:49 [INFO] HTTP Request: GET https://njcaastats.prestosports.com/sports/mbkb/2025-26/div3/boxscores/20260205_ioq2.xml "HTTP/1.1 200 OK"
17:04:00 [INFO] HTTP Request: GET https://njcaastats.prestosports.com/sports/mbkb/2025-26/div3/boxscores/20260207_w23y.xml "HTTP/1.1 200 OK"
17:04:11 [INFO] HTTP Request: GET https://njcaastats.prestosports.com/sports/mbkb/2025-26/div3/boxscores/20260209_3ov9.xml "HTTP/1.1 200 OK"
17:04:22 [INFO] HTTP Request: GET https://njcaastats.prestosports.com/sports/mbkb/2025-26/div3/boxscores/20260212_zqic.xml "HTTP/1.1 200 OK"
17:04:33 [INFO] HTTP Request: GET https://njcaastats.prestosports.com/sports/mbkb/2025-26/div3/boxscores/20260214_1eq1.xml "HTTP/1.1 200 OK"
17:04:44 [INFO] HTTP Request: GET https://njcaastats.prestosports.com/sports/mbkb/2025-26/div3/boxscores/20260221_pls5.xml "HTTP/1.1 200 OK"
17:04:55 [INFO] HTTP Request: GET https://njcaastats.prestosports.com/sports/mbkb/2025-26/div3/boxscores/20260226_t214.xml "HTTP/1.1 200 OK"
17:04:55 [INFO]   Loaded: 29 games, 673 player-game-stat rows
17:04:55 [INFO] 
============================================================
17:04:55 [INFO]   BATCH COMPLETE: 20 teams, 544 games, 13126 PGS rows
17:04:55 [INFO] ============================================================

============================================================
  BATCH (njcaa_d3) — FINAL SUMMARY
============================================================
  Total teams discovered & scraped: 3308
  Total players in database:        31472
  Total games with box scores:      19039
  Total player_game_stats rows:     515799
  Total team_game_stats rows:       21620
  Total HTTP requests:              29008
  Failed URLs (in scrape_log):      478
============================================================
