13:06:58 [INFO] Batch: 20 teams, level=njcaa_d3, assoc=njcaa
13:06:58 [INFO] 
[1/20] Dallas College Cedar Valley
13:06:58 [INFO] Scraping team: Dallas College Cedar Valley (dallascollegecedarvalley)
13:07:00 [INFO] HTTP Request: GET https://njcaastats.prestosports.com/sports/mbkb/2025-26/div3/teams/dallascollegecedarvalley?view=roster "HTTP/1.1 200 OK"
13:07:01 [INFO]   Roster: 15 players
13:07:13 [INFO] HTTP Request: GET https://njcaastats.prestosports.com/sports/mbkb/2025-26/div3/teams/dallascollegecedarvalley?view=gamelog "HTTP/1.1 200 OK"
13:07:13 [INFO]   Games: 28 with box scores
13:07:24 [INFO] HTTP Request: GET https://njcaastats.prestosports.com/sports/mbkb/2025-26/div3/boxscores/20251108_lqbg.xml "HTTP/1.1 200 OK"
13:07:35 [INFO] HTTP Request: GET https://njcaastats.prestosports.com/sports/mbkb/2025-26/div3/boxscores/20251110_oh3n.xml "HTTP/1.1 200 OK"
13:07:46 [INFO] HTTP Request: GET https://njcaastats.prestosports.com/sports/mbkb/2025-26/div3/boxscores/20251112_q21m.xml "HTTP/1.1 200 OK"
13:07:57 [INFO] HTTP Request: GET https://njcaastats.prestosports.com/sports/mbkb/2025-26/div3/boxscores/20251114_zyor.xml "HTTP/1.1 200 OK"
13:08:08 [INFO] HTTP Request: GET https://njcaastats.prestosports.com/sports/mbkb/2025-26/div3/boxscores/20251115_dm3y.xml "HTTP/1.1 200 OK"
13:08:19 [INFO] HTTP Request: GET https://njcaastats.prestosports.com/sports/mbkb/2025-26/div3/boxscores/20251119_0xq8.xml "HTTP/1.1 200 OK"
13:08:30 [INFO] HTTP Request: GET https://njcaastats.prestosports.com/sports/mbkb/2025-26/div3/boxscores/20251121_f7uf.xml "HTTP/1.1 200 OK"
13:08:42 [INFO] HTTP Request: GET https://njcaastats.prestosports.com/sports/mbkb/2025-26/div3/boxscores/20251122_7u8x.xml "HTTP/1.1 200 OK"
13:08:53 [INFO] HTTP Request: GET https://njcaastats.prestosports.com/sports/mbkb/2025-26/div3/boxscores/20251125_789v.xml "HTTP/1.1 200 OK"
13:09:04 [INFO] HTTP Request: GET https://njcaastats.prestosports.com/sports/mbkb/2025-26/div3/boxscores/20251203_gfr7.xml "HTTP/1.1 200 OK"
13:09:16 [INFO] HTTP Request: GET https://njcaastats.prestosports.com/sports/mbkb/2025-26/div3/boxscores/20251205_dyni.xml "HTTP/1.1 200 OK"
13:09:27 [INFO] HTTP Request: GET https://njcaastats.prestosports.com/sports/mbkb/2025-26/div3/boxscores/20251206_up9j.xml "HTTP/1.1 200 OK"
13:09:38 [INFO] HTTP Request: GET https://njcaastats.prestosports.com/sports/mbkb/2025-26/div3/boxscores/20251210_ccgu.xml "HTTP/1.1 200 OK"
13:09:49 [INFO] HTTP Request: GET https://njcaastats.prestosports.com/sports/mbkb/2025-26/div3/boxscores/20251213_47ad.xml "HTTP/1.1 200 OK"
13:10:00 [INFO] HTTP Request: GET https://njcaastats.prestosports.com/sports/mbkb/2025-26/div3/boxscores/20251217_wcb7.xml "HTTP/1.1 200 OK"
13:10:11 [INFO] HTTP Request: GET https://njcaastats.prestosports.com/sports/mbkb/2025-26/div3/boxscores/20260114_iztf.xml "HTTP/1.1 200 OK"
13:10:23 [INFO] HTTP Request: GET https://njcaastats.prestosports.com/sports/mbkb/2025-26/div3/boxscores/20260117_grkw.xml "HTTP/1.1 200 OK"
13:10:34 [INFO] HTTP Request: GET https://njcaastats.prestosports.com/sports/mbkb/2025-26/div3/boxscores/20260121_05qf.xml "HTTP/1.1 200 OK"
13:10:45 [INFO] HTTP Request: GET https://njcaastats.prestosports.com/sports/mbkb/2025-26/div3/boxscores/20260122_ncc8.xml "HTTP/1.1 200 OK"
13:10:56 [INFO] HTTP Request: GET https://njcaastats.prestosports.com/sports/mbkb/2025-26/div3/boxscores/20260131_js1u.xml "HTTP/1.1 200 OK"
13:11:07 [INFO] HTTP Request: GET https://njcaastats.prestosports.com/sports/mbkb/2025-26/div3/boxscores/20260202_d9tb.xml "HTTP/1.1 200 OK"
13:11:17 [INFO] HTTP Request: GET https://njcaastats.prestosports.com/sports/mbkb/2025-26/div3/boxscores/20260204_a6wp.xml "HTTP/1.1 200 OK"
13:11:28 [INFO] HTTP Request: GET https://njcaastats.prestosports.com/sports/mbkb/2025-26/div3/boxscores/20260207_tfog.xml "HTTP/1.1 200 OK"
13:11:39 [INFO] HTTP Request: GET https://njcaastats.prestosports.com/sports/mbkb/2025-26/div3/boxscores/20260211_7e1a.xml "HTTP/1.1 200 OK"
13:11:50 [INFO] HTTP Request: GET https://njcaastats.prestosports.com/sports/mbkb/2025-26/div3/boxscores/20260214_7lhw.xml "HTTP/1.1 200 OK"
13:12:01 [INFO] HTTP Request: GET https://njcaastats.prestosports.com/sports/mbkb/2025-26/div3/boxscores/20260218_4ff1.xml "HTTP/1.1 200 OK"
13:12:12 [INFO] HTTP Request: GET https://njcaastats.prestosports.com/sports/mbkb/2025-26/div3/boxscores/20260221_7k1h.xml "HTTP/1.1 200 OK"
13:12:22 [INFO] HTTP Request: GET https://njcaastats.prestosports.com/sports/mbkb/2025-26/div3/boxscores/20260225_rc1g.xml "HTTP/1.1 200 OK"
13:12:23 [INFO]   Loaded: 28 games, 632 player-game-stat rows
13:12:23 [INFO] 
[2/20] Dallas College Eastfield
13:12:23 [INFO] Scraping team: Dallas College Eastfield (dallascollegeeastfield)
13:12:34 [INFO] HTTP Request: GET https://njcaastats.prestosports.com/sports/mbkb/2025-26/div3/teams/dallascollegeeastfield?view=roster "HTTP/1.1 200 OK"
13:12:34 [INFO]   Roster: 16 players
13:12:45 [INFO] HTTP Request: GET https://njcaastats.prestosports.com/sports/mbkb/2025-26/div3/teams/dallascollegeeastfield?view=gamelog "HTTP/1.1 200 OK"
13:12:46 [INFO]   Games: 28 with box scores
13:12:56 [INFO] HTTP Request: GET https://njcaastats.prestosports.com/sports/mbkb/2025-26/div3/boxscores/20251102_ox1r.xml "HTTP/1.1 200 OK"
13:13:07 [INFO] HTTP Request: GET https://njcaastats.prestosports.com/sports/mbkb/2025-26/div3/boxscores/20251103_7ztx.xml "HTTP/1.1 200 OK"
13:13:18 [INFO] HTTP Request: GET https://njcaastats.prestosports.com/sports/mbkb/2025-26/div3/boxscores/20251108_ckry.xml "HTTP/1.1 200 OK"
13:13:29 [INFO] HTTP Request: GET https://njcaastats.prestosports.com/sports/mbkb/2025-26/div3/boxscores/20251110_rpg5.xml "HTTP/1.1 200 OK"
13:13:40 [INFO] HTTP Request: GET https://njcaastats.prestosports.com/sports/mbkb/2025-26/div3/boxscores/20251112_pzwp.xml "HTTP/1.1 200 OK"
13:13:51 [INFO] HTTP Request: GET https://njcaastats.prestosports.com/sports/mbkb/2025-26/div3/boxscores/20251115_sbxf.xml "HTTP/1.1 200 OK"
13:14:06 [INFO] HTTP Request: GET https://njcaastats.prestosports.com/sports/mbkb/2025-26/div3/boxscores/20251117_rcjr.xml "HTTP/1.1 200 OK"
13:14:17 [INFO] HTTP Request: GET https://njcaastats.prestosports.com/sports/mbkb/2025-26/div3/boxscores/20251120_e8e8.xml "HTTP/1.1 200 OK"
13:14:30 [INFO] HTTP Request: GET https://njcaastats.prestosports.com/sports/mbkb/2025-26/div3/boxscores/20251125_ph5b.xml "HTTP/1.1 200 OK"
13:14:41 [INFO] HTTP Request: GET https://njcaastats.prestosports.com/sports/mbkb/2025-26/div3/boxscores/20251204_9tad.xml "HTTP/1.1 200 OK"
13:14:52 [INFO] HTTP Request: GET https://njcaastats.prestosports.com/sports/mbkb/2025-26/div3/boxscores/20251206_e6l6.xml "HTTP/1.1 200 OK"
13:15:03 [INFO] HTTP Request: GET https://njcaastats.prestosports.com/sports/mbkb/2025-26/div3/boxscores/20251210_up0c.xml "HTTP/1.1 200 OK"
13:15:15 [INFO] HTTP Request: GET https://njcaastats.prestosports.com/sports/mbkb/2025-26/div3/boxscores/20251213_sefc.xml "HTTP/1.1 200 OK"
13:15:26 [INFO] HTTP Request: GET https://njcaastats.prestosports.com/sports/mbkb/2025-26/div3/boxscores/20260105_a6ee.xml "HTTP/1.1 200 OK"
13:15:37 [INFO] HTTP Request: GET https://njcaastats.prestosports.com/sports/mbkb/2025-26/div3/boxscores/20260106_vjr0.xml "HTTP/1.1 200 OK"
13:15:48 [INFO] HTTP Request: GET https://njcaastats.prestosports.com/sports/mbkb/2025-26/div3/boxscores/20260109_qvdn.xml "HTTP/1.1 200 OK"
13:15:59 [INFO] HTTP Request: GET https://njcaastats.prestosports.com/sports/mbkb/2025-26/div3/boxscores/20260114_1rbo.xml "HTTP/1.1 200 OK"
13:16:10 [INFO] HTTP Request: GET https://njcaastats.prestosports.com/sports/mbkb/2025-26/div3/boxscores/20260117_grkw.xml "HTTP/1.1 200 OK"
13:16:22 [INFO] HTTP Request: GET https://njcaastats.prestosports.com/sports/mbkb/2025-26/div3/boxscores/20260121_uzd4.xml "HTTP/1.1 200 OK"
13:16:33 [INFO] HTTP Request: GET https://njcaastats.prestosports.com/sports/mbkb/2025-26/div3/boxscores/20260122_srk2.xml "HTTP/1.1 200 OK"
13:16:43 [INFO] HTTP Request: GET https://njcaastats.prestosports.com/sports/mbkb/2025-26/div3/boxscores/20260131_z18b.xml "HTTP/1.1 200 OK"
13:16:55 [INFO] HTTP Request: GET https://njcaastats.prestosports.com/sports/mbkb/2025-26/div3/boxscores/20260202_xpnd.xml "HTTP/1.1 200 OK"
13:17:05 [INFO] HTTP Request: GET https://njcaastats.prestosports.com/sports/mbkb/2025-26/div3/boxscores/20260204_a6wp.xml "HTTP/1.1 200 OK"
13:17:16 [INFO] HTTP Request: GET https://njcaastats.prestosports.com/sports/mbkb/2025-26/div3/boxscores/20260207_za1a.xml "HTTP/1.1 200 OK"
13:17:28 [INFO] HTTP Request: GET https://njcaastats.prestosports.com/sports/mbkb/2025-26/div3/boxscores/20260211_t3ma.xml "HTTP/1.1 200 OK"
13:17:39 [INFO] HTTP Request: GET https://njcaastats.prestosports.com/sports/mbkb/2025-26/div3/boxscores/20260214_j9mx.xml "HTTP/1.1 200 OK"
13:18:00 [INFO] HTTP Request: GET https://njcaastats.prestosports.com/sports/mbkb/2025-26/div3/boxscores/20260218_xmoz.xml "HTTP/1.1 504 Gateway Time-out"
13:18:00 [WARNING] HTTP 504: https://njcaastats.prestosports.com/sports/mbkb/2025-26/div3/boxscores/20260218_xmoz.xml
13:18:12 [INFO] HTTP Request: GET https://njcaastats.prestosports.com/sports/mbkb/2025-26/div3/boxscores/20260221_7k1h.xml "HTTP/1.1 200 OK"
13:18:12 [INFO]   Loaded: 27 games, 599 player-game-stat rows
13:18:12 [INFO] 
[3/20] Dallas College Mountain View
13:18:12 [INFO] Scraping team: Dallas College Mountain View (dallascollegemountainview)
13:18:24 [INFO] HTTP Request: GET https://njcaastats.prestosports.com/sports/mbkb/2025-26/div3/teams/dallascollegemountainview?view=roster "HTTP/1.1 200 OK"
13:18:24 [INFO]   Roster: 13 players
13:18:36 [INFO] HTTP Request: GET https://njcaastats.prestosports.com/sports/mbkb/2025-26/div3/teams/dallascollegemountainview?view=gamelog "HTTP/1.1 200 OK"
13:18:36 [INFO]   Games: 30 with box scores
13:18:47 [INFO] HTTP Request: GET https://njcaastats.prestosports.com/sports/mbkb/2025-26/div3/boxscores/20251101_3y5p.xml "HTTP/1.1 200 OK"
13:18:58 [INFO] HTTP Request: GET https://njcaastats.prestosports.com/sports/mbkb/2025-26/div3/boxscores/20251103_scst.xml "HTTP/1.1 200 OK"
13:19:09 [INFO] HTTP Request: GET https://njcaastats.prestosports.com/sports/mbkb/2025-26/div3/boxscores/20251105_vc1f.xml "HTTP/1.1 200 OK"
13:19:20 [INFO] HTTP Request: GET https://njcaastats.prestosports.com/sports/mbkb/2025-26/div3/boxscores/20251108_o6nl.xml "HTTP/1.1 200 OK"
13:19:31 [INFO] HTTP Request: GET https://njcaastats.prestosports.com/sports/mbkb/2025-26/div3/boxscores/20251110_kezh.xml "HTTP/1.1 200 OK"
13:19:42 [INFO] HTTP Request: GET https://njcaastats.prestosports.com/sports/mbkb/2025-26/div3/boxscores/20251112_c6d4.xml "HTTP/1.1 200 OK"
13:19:53 [INFO] HTTP Request: GET https://njcaastats.prestosports.com/sports/mbkb/2025-26/div3/boxscores/20251114_i5lr.xml "HTTP/1.1 200 OK"
13:20:04 [INFO] HTTP Request: GET https://njcaastats.prestosports.com/sports/mbkb/2025-26/div3/boxscores/20251117_janv.xml "HTTP/1.1 200 OK"
13:20:15 [INFO] HTTP Request: GET https://njcaastats.prestosports.com/sports/mbkb/2025-26/div3/boxscores/20251119_g3zj.xml "HTTP/1.1 200 OK"
13:20:26 [INFO] HTTP Request: GET https://njcaastats.prestosports.com/sports/mbkb/2025-26/div3/boxscores/20251121_tek5.xml "HTTP/1.1 200 OK"
13:20:38 [INFO] HTTP Request: GET https://njcaastats.prestosports.com/sports/mbkb/2025-26/div3/boxscores/20251122_cltd.xml "HTTP/1.1 200 OK"
13:20:49 [INFO] HTTP Request: GET https://njcaastats.prestosports.com/sports/mbkb/2025-26/div3/boxscores/20251124_vu66.xml "HTTP/1.1 200 OK"
13:21:00 [INFO] HTTP Request: GET https://njcaastats.prestosports.com/sports/mbkb/2025-26/div3/boxscores/20251201_7af8.xml "HTTP/1.1 200 OK"
13:21:11 [INFO] HTTP Request: GET https://njcaastats.prestosports.com/sports/mbkb/2025-26/div3/boxscores/20251206_e6l6.xml "HTTP/1.1 200 OK"
13:21:22 [INFO] HTTP Request: GET https://njcaastats.prestosports.com/sports/mbkb/2025-26/div3/boxscores/20251208_nz64.xml "HTTP/1.1 200 OK"
13:21:33 [INFO] HTTP Request: GET https://njcaastats.prestosports.com/sports/mbkb/2025-26/div3/boxscores/20251210_0gjy.xml "HTTP/1.1 200 OK"
13:21:44 [INFO] HTTP Request: GET https://njcaastats.prestosports.com/sports/mbkb/2025-26/div3/boxscores/20251213_z8sr.xml "HTTP/1.1 200 OK"
13:21:56 [INFO] HTTP Request: GET https://njcaastats.prestosports.com/sports/mbkb/2025-26/div3/boxscores/20260114_iztf.xml "HTTP/1.1 200 OK"
13:22:06 [INFO] HTTP Request: GET https://njcaastats.prestosports.com/sports/mbkb/2025-26/div3/boxscores/20260117_bqn1.xml "HTTP/1.1 200 OK"
13:22:17 [INFO] HTTP Request: GET https://njcaastats.prestosports.com/sports/mbkb/2025-26/div3/boxscores/20260121_uzd4.xml "HTTP/1.1 200 OK"
13:22:28 [INFO] HTTP Request: GET https://njcaastats.prestosports.com/sports/mbkb/2025-26/div3/boxscores/20260122_yx6t.xml "HTTP/1.1 200 OK"
13:22:41 [INFO] HTTP Request: GET https://njcaastats.prestosports.com/sports/mbkb/2025-26/div3/boxscores/20260131_js1u.xml "HTTP/1.1 200 OK"
13:22:52 [INFO] HTTP Request: GET https://njcaastats.prestosports.com/sports/mbkb/2025-26/div3/boxscores/20260202_kbtt.xml "HTTP/1.1 200 OK"
13:23:04 [INFO] HTTP Request: GET https://njcaastats.prestosports.com/sports/mbkb/2025-26/div3/boxscores/20260204_sr5d.xml "HTTP/1.1 200 OK"
13:23:15 [INFO] HTTP Request: GET https://njcaastats.prestosports.com/sports/mbkb/2025-26/div3/boxscores/20260207_za1a.xml "HTTP/1.1 200 OK"
13:23:26 [INFO] HTTP Request: GET https://njcaastats.prestosports.com/sports/mbkb/2025-26/div3/boxscores/20260211_zygq.xml "HTTP/1.1 200 OK"
13:23:37 [INFO] HTTP Request: GET https://njcaastats.prestosports.com/sports/mbkb/2025-26/div3/boxscores/20260214_atl1.xml "HTTP/1.1 200 OK"
13:23:48 [INFO] HTTP Request: GET https://njcaastats.prestosports.com/sports/mbkb/2025-26/div3/boxscores/20260218_4ff1.xml "HTTP/1.1 200 OK"
13:23:59 [INFO] HTTP Request: GET https://njcaastats.prestosports.com/sports/mbkb/2025-26/div3/boxscores/20260221_wsd1.xml "HTTP/1.1 200 OK"
13:24:10 [INFO] HTTP Request: GET https://njcaastats.prestosports.com/sports/mbkb/2025-26/div3/boxscores/20260225_0g48.xml "HTTP/1.1 200 OK"
13:24:10 [INFO]   Loaded: 30 games, 629 player-game-stat rows
13:24:10 [INFO] 
[4/20] Dallas College North Lake
13:24:10 [INFO] Scraping team: Dallas College North Lake (dallascollegenorthlake)
13:24:23 [INFO] HTTP Request: GET https://njcaastats.prestosports.com/sports/mbkb/2025-26/div3/teams/dallascollegenorthlake?view=roster "HTTP/1.1 200 OK"
13:24:24 [INFO]   Roster: 14 players
13:24:36 [INFO] HTTP Request: GET https://njcaastats.prestosports.com/sports/mbkb/2025-26/div3/teams/dallascollegenorthlake?view=gamelog "HTTP/1.1 200 OK"
13:24:36 [INFO]   Games: 30 with box scores
13:24:47 [INFO] HTTP Request: GET https://njcaastats.prestosports.com/sports/mbkb/2025-26/div3/boxscores/20251101_cnn7.xml "HTTP/1.1 200 OK"
13:24:58 [INFO] HTTP Request: GET https://njcaastats.prestosports.com/sports/mbkb/2025-26/div3/boxscores/20251104_yvz8.xml "HTTP/1.1 200 OK"
13:25:09 [INFO] HTTP Request: GET https://njcaastats.prestosports.com/sports/mbkb/2025-26/div3/boxscores/20251107_gin3.xml "HTTP/1.1 200 OK"
13:25:20 [INFO] HTTP Request: GET https://njcaastats.prestosports.com/sports/mbkb/2025-26/div3/boxscores/20251114_tov7.xml "HTTP/1.1 200 OK"
13:25:31 [INFO] HTTP Request: GET https://njcaastats.prestosports.com/sports/mbkb/2025-26/div3/boxscores/20251115_vj77.xml "HTTP/1.1 200 OK"
13:25:43 [INFO] HTTP Request: GET https://njcaastats.prestosports.com/sports/mbkb/2025-26/div3/boxscores/20251120_tyxu.xml "HTTP/1.1 200 OK"
13:25:54 [INFO] HTTP Request: GET https://njcaastats.prestosports.com/sports/mbkb/2025-26/div3/boxscores/20251121_jn2e.xml "HTTP/1.1 200 OK"
13:26:05 [INFO] HTTP Request: GET https://njcaastats.prestosports.com/sports/mbkb/2025-26/div3/boxscores/20251125_qg8z.xml "HTTP/1.1 200 OK"
13:26:16 [INFO] HTTP Request: GET https://njcaastats.prestosports.com/sports/mbkb/2025-26/div3/boxscores/20251126_ik7y.xml "HTTP/1.1 200 OK"
13:26:27 [INFO] HTTP Request: GET https://njcaastats.prestosports.com/sports/mbkb/2025-26/div3/boxscores/20251202_mgbx.xml "HTTP/1.1 200 OK"
13:26:37 [INFO] HTTP Request: GET https://njcaastats.prestosports.com/sports/mbkb/2025-26/div3/boxscores/20251203_u3hd.xml "HTTP/1.1 200 OK"
13:26:48 [INFO] HTTP Request: GET https://njcaastats.prestosports.com/sports/mbkb/2025-26/div3/boxscores/20251206_tqsr.xml "HTTP/1.1 200 OK"
13:26:59 [INFO] HTTP Request: GET https://njcaastats.prestosports.com/sports/mbkb/2025-26/div3/boxscores/20251210_0gjy.xml "HTTP/1.1 200 OK"
13:27:10 [INFO] HTTP Request: GET https://njcaastats.prestosports.com/sports/mbkb/2025-26/div3/boxscores/20251213_sefc.xml "HTTP/1.1 200 OK"
13:27:21 [INFO] HTTP Request: GET https://njcaastats.prestosports.com/sports/mbkb/2025-26/div3/boxscores/20251217_wcb7.xml "HTTP/1.1 200 OK"
13:27:32 [INFO] HTTP Request: GET https://njcaastats.prestosports.com/sports/mbkb/2025-26/div3/boxscores/20260103_myp5.xml "HTTP/1.1 200 OK"
13:27:43 [INFO] HTTP Request: GET https://njcaastats.prestosports.com/sports/mbkb/2025-26/div3/boxscores/20260107_c8c7.xml "HTTP/1.1 200 OK"
13:27:54 [INFO] HTTP Request: GET https://njcaastats.prestosports.com/sports/mbkb/2025-26/div3/boxscores/20260114_bf7l.xml "HTTP/1.1 200 OK"
13:28:05 [INFO] HTTP Request: GET https://njcaastats.prestosports.com/sports/mbkb/2025-26/div3/boxscores/20260117_h7fm.xml "HTTP/1.1 200 OK"
13:28:16 [INFO] HTTP Request: GET https://njcaastats.prestosports.com/sports/mbkb/2025-26/div3/boxscores/20260121_05qf.xml "HTTP/1.1 200 OK"
13:28:27 [INFO] HTTP Request: GET https://njcaastats.prestosports.com/sports/mbkb/2025-26/div3/boxscores/20260122_yx6t.xml "HTTP/1.1 200 OK"
13:28:38 [INFO] HTTP Request: GET https://njcaastats.prestosports.com/sports/mbkb/2025-26/div3/boxscores/20260131_stbz.xml "HTTP/1.1 200 OK"
13:28:50 [INFO] HTTP Request: GET https://njcaastats.prestosports.com/sports/mbkb/2025-26/div3/boxscores/20260202_xpnd.xml "HTTP/1.1 200 OK"
13:29:01 [INFO] HTTP Request: GET https://njcaastats.prestosports.com/sports/mbkb/2025-26/div3/boxscores/20260204_546i.xml "HTTP/1.1 200 OK"
13:29:13 [INFO] HTTP Request: GET https://njcaastats.prestosports.com/sports/mbkb/2025-26/div3/boxscores/20260207_tfog.xml "HTTP/1.1 200 OK"
13:29:23 [INFO] HTTP Request: GET https://njcaastats.prestosports.com/sports/mbkb/2025-26/div3/boxscores/20260211_zygq.xml "HTTP/1.1 200 OK"
13:29:34 [INFO] HTTP Request: GET https://njcaastats.prestosports.com/sports/mbkb/2025-26/div3/boxscores/20260214_j9mx.xml "HTTP/1.1 200 OK"
13:29:46 [INFO] HTTP Request: GET https://njcaastats.prestosports.com/sports/mbkb/2025-26/div3/boxscores/20260218_iyuo.xml "HTTP/1.1 200 OK"
13:29:57 [INFO] HTTP Request: GET https://njcaastats.prestosports.com/sports/mbkb/2025-26/div3/boxscores/20260221_ktpv.xml "HTTP/1.1 200 OK"
13:30:09 [INFO] HTTP Request: GET https://njcaastats.prestosports.com/sports/mbkb/2025-26/div3/boxscores/20260225_0g48.xml "HTTP/1.1 200 OK"
13:30:09 [INFO]   Loaded: 30 games, 655 player-game-stat rows
13:30:09 [INFO] 
[5/20] Dallas College Richland
13:30:09 [INFO] Scraping team: Dallas College Richland (dallascollegerichland)
13:30:21 [INFO] HTTP Request: GET https://njcaastats.prestosports.com/sports/mbkb/2025-26/div3/teams/dallascollegerichland?view=roster "HTTP/1.1 200 OK"
13:30:21 [INFO]   Roster: 17 players
13:30:33 [INFO] HTTP Request: GET https://njcaastats.prestosports.com/sports/mbkb/2025-26/div3/teams/dallascollegerichland?view=gamelog "HTTP/1.1 200 OK"
13:30:34 [INFO]   Games: 28 with box scores
13:30:44 [INFO] HTTP Request: GET https://njcaastats.prestosports.com/sports/mbkb/2025-26/div3/boxscores/20251101_6y4e.xml "HTTP/1.1 200 OK"
13:30:55 [INFO] HTTP Request: GET https://njcaastats.prestosports.com/sports/mbkb/2025-26/div3/boxscores/20251103_5ybm.xml "HTTP/1.1 200 OK"
13:31:06 [INFO] HTTP Request: GET https://njcaastats.prestosports.com/sports/mbkb/2025-26/div3/boxscores/20251107_1wtq.xml "HTTP/1.1 200 OK"
13:31:19 [INFO] HTTP Request: GET https://njcaastats.prestosports.com/sports/mbkb/2025-26/div3/boxscores/20251108_ai7v.xml "HTTP/1.1 200 OK"
13:31:30 [INFO] HTTP Request: GET https://njcaastats.prestosports.com/sports/mbkb/2025-26/div3/boxscores/20251110_kp25.xml "HTTP/1.1 200 OK"
13:31:40 [INFO] HTTP Request: GET https://njcaastats.prestosports.com/sports/mbkb/2025-26/div3/boxscores/20251111_l3x6.xml "HTTP/1.1 200 OK"
13:31:52 [INFO] HTTP Request: GET https://njcaastats.prestosports.com/sports/mbkb/2025-26/div3/boxscores/20251115_xbep.xml "HTTP/1.1 200 OK"
13:32:03 [INFO] HTTP Request: GET https://njcaastats.prestosports.com/sports/mbkb/2025-26/div3/boxscores/20251118_5wy6.xml "HTTP/1.1 200 OK"
13:32:15 [INFO] HTTP Request: GET https://njcaastats.prestosports.com/sports/mbkb/2025-26/div3/boxscores/20251120_ppgm.xml "HTTP/1.1 200 OK"
13:32:26 [INFO] HTTP Request: GET https://njcaastats.prestosports.com/sports/mbkb/2025-26/div3/boxscores/20251121_7qtv.xml "HTTP/1.1 200 OK"
13:32:36 [INFO] HTTP Request: GET https://njcaastats.prestosports.com/sports/mbkb/2025-26/div3/boxscores/20251201_6757.xml "HTTP/1.1 200 OK"
13:32:47 [INFO] HTTP Request: GET https://njcaastats.prestosports.com/sports/mbkb/2025-26/div3/boxscores/20251202_q07o.xml "HTTP/1.1 200 OK"
13:32:58 [INFO] HTTP Request: GET https://njcaastats.prestosports.com/sports/mbkb/2025-26/div3/boxscores/20251206_vgca.xml "HTTP/1.1 200 OK"
13:33:09 [INFO] HTTP Request: GET https://njcaastats.prestosports.com/sports/mbkb/2025-26/div3/boxscores/20251210_ccgu.xml "HTTP/1.1 200 OK"
13:33:21 [INFO] HTTP Request: GET https://njcaastats.prestosports.com/sports/mbkb/2025-26/div3/boxscores/20251213_z8sr.xml "HTTP/1.1 200 OK"
13:33:31 [INFO] HTTP Request: GET https://njcaastats.prestosports.com/sports/mbkb/2025-26/div3/boxscores/20260109_ag5z.xml "HTTP/1.1 200 OK"
13:33:42 [INFO] HTTP Request: GET https://njcaastats.prestosports.com/sports/mbkb/2025-26/div3/boxscores/20260114_1rbo.xml "HTTP/1.1 200 OK"
13:33:53 [INFO] HTTP Request: GET https://njcaastats.prestosports.com/sports/mbkb/2025-26/div3/boxscores/20260117_h7fm.xml "HTTP/1.1 200 OK"
13:34:04 [INFO] HTTP Request: GET https://njcaastats.prestosports.com/sports/mbkb/2025-26/div3/boxscores/20260121_mwww.xml "HTTP/1.1 200 OK"
13:34:15 [INFO] HTTP Request: GET https://njcaastats.prestosports.com/sports/mbkb/2025-26/div3/boxscores/20260122_ncc8.xml "HTTP/1.1 200 OK"
13:34:26 [INFO] HTTP Request: GET https://njcaastats.prestosports.com/sports/mbkb/2025-26/div3/boxscores/20260131_z18b.xml "HTTP/1.1 200 OK"
13:34:37 [INFO] HTTP Request: GET https://njcaastats.prestosports.com/sports/mbkb/2025-26/div3/boxscores/20260202_kbtt.xml "HTTP/1.1 200 OK"
13:34:48 [INFO] HTTP Request: GET https://njcaastats.prestosports.com/sports/mbkb/2025-26/div3/boxscores/20260204_546i.xml "HTTP/1.1 200 OK"
13:34:59 [INFO] HTTP Request: GET https://njcaastats.prestosports.com/sports/mbkb/2025-26/div3/boxscores/20260207_q4kg.xml "HTTP/1.1 200 OK"
13:35:10 [INFO] HTTP Request: GET https://njcaastats.prestosports.com/sports/mbkb/2025-26/div3/boxscores/20260211_7e1a.xml "HTTP/1.1 200 OK"
13:35:21 [INFO] HTTP Request: GET https://njcaastats.prestosports.com/sports/mbkb/2025-26/div3/boxscores/20260214_atl1.xml "HTTP/1.1 200 OK"
13:35:32 [INFO] HTTP Request: GET https://njcaastats.prestosports.com/sports/mbkb/2025-26/div3/boxscores/20260218_xmoz.xml "HTTP/1.1 200 OK"
13:35:43 [INFO] HTTP Request: GET https://njcaastats.prestosports.com/sports/mbkb/2025-26/div3/boxscores/20260221_ktpv.xml "HTTP/1.1 200 OK"
13:35:43 [INFO]   Loaded: 28 games, 709 player-game-stat rows
13:35:43 [INFO] 
[6/20] Delaware County CC
13:35:43 [INFO] Scraping team: Delaware County CC (delawarecountycommunitycollege)
13:35:56 [INFO] HTTP Request: GET https://njcaastats.prestosports.com/sports/mbkb/2025-26/div3/teams/delawarecountycommunitycollege?view=roster "HTTP/1.1 200 OK"
13:35:56 [INFO]   Roster: 17 players
13:36:08 [INFO] HTTP Request: GET https://njcaastats.prestosports.com/sports/mbkb/2025-26/div3/teams/delawarecountycommunitycollege?view=gamelog "HTTP/1.1 200 OK"
13:36:08 [INFO]   Games: 26 with box scores
13:36:19 [INFO] HTTP Request: GET https://njcaastats.prestosports.com/sports/mbkb/2025-26/div3/boxscores/20251108_wdh9.xml "HTTP/1.1 200 OK"
13:36:30 [INFO] HTTP Request: GET https://njcaastats.prestosports.com/sports/mbkb/2025-26/div3/boxscores/20251111_int2.xml "HTTP/1.1 200 OK"
13:36:41 [INFO] HTTP Request: GET https://njcaastats.prestosports.com/sports/mbkb/2025-26/div3/boxscores/20251113_fxnm.xml "HTTP/1.1 200 OK"
13:36:52 [INFO] HTTP Request: GET https://njcaastats.prestosports.com/sports/mbkb/2025-26/div3/boxscores/20251115_3va7.xml "HTTP/1.1 200 OK"
13:37:03 [INFO] HTTP Request: GET https://njcaastats.prestosports.com/sports/mbkb/2025-26/div3/boxscores/20251118_x42i.xml "HTTP/1.1 200 OK"
13:37:14 [INFO] HTTP Request: GET https://njcaastats.prestosports.com/sports/mbkb/2025-26/div3/boxscores/20251122_1f4p.xml "HTTP/1.1 200 OK"
13:37:25 [INFO] HTTP Request: GET https://njcaastats.prestosports.com/sports/mbkb/2025-26/div3/boxscores/20251125_6s42.xml "HTTP/1.1 200 OK"
13:37:36 [INFO] HTTP Request: GET https://njcaastats.prestosports.com/sports/mbkb/2025-26/div3/boxscores/20251202_buib.xml "HTTP/1.1 200 OK"
13:37:46 [INFO] HTTP Request: GET https://njcaastats.prestosports.com/sports/mbkb/2025-26/div3/boxscores/20251204_mn2e.xml "HTTP/1.1 200 OK"
13:37:57 [INFO] HTTP Request: GET https://njcaastats.prestosports.com/sports/mbkb/2025-26/div3/boxscores/20251206_kwfe.xml "HTTP/1.1 200 OK"
13:38:08 [INFO] HTTP Request: GET https://njcaastats.prestosports.com/sports/mbkb/2025-26/div3/boxscores/20251209_wowj.xml "HTTP/1.1 200 OK"
13:38:20 [INFO] HTTP Request: GET https://njcaastats.prestosports.com/sports/mbkb/2025-26/div3/boxscores/20251211_7p7n.xml "HTTP/1.1 200 OK"
13:38:31 [INFO] HTTP Request: GET https://njcaastats.prestosports.com/sports/mbkb/2025-26/div3/boxscores/20251213_isbp.xml "HTTP/1.1 200 OK"
13:38:42 [INFO] HTTP Request: GET https://njcaastats.prestosports.com/sports/mbkb/2025-26/div3/boxscores/20251219_ogni.xml "HTTP/1.1 200 OK"
13:38:53 [INFO] HTTP Request: GET https://njcaastats.prestosports.com/sports/mbkb/2025-26/div3/boxscores/20251220_8zxb.xml "HTTP/1.1 200 OK"
13:39:04 [INFO] HTTP Request: GET https://njcaastats.prestosports.com/sports/mbkb/2025-26/div3/boxscores/20260113_jzj3.xml "HTTP/1.1 200 OK"
13:39:15 [INFO] HTTP Request: GET https://njcaastats.prestosports.com/sports/mbkb/2025-26/div3/boxscores/20260117_v5bm.xml "HTTP/1.1 200 OK"
13:39:26 [INFO] HTTP Request: GET https://njcaastats.prestosports.com/sports/mbkb/2025-26/div3/boxscores/20260122_thug.xml "HTTP/1.1 200 OK"
13:39:37 [INFO] HTTP Request: GET https://njcaastats.prestosports.com/sports/mbkb/2025-26/div3/boxscores/20260124_9lz2.xml "HTTP/1.1 200 OK"
13:39:48 [INFO] HTTP Request: GET https://njcaastats.prestosports.com/sports/mbkb/2025-26/div3/boxscores/20260127_7arr.xml "HTTP/1.1 200 OK"
13:39:59 [INFO] HTTP Request: GET https://njcaastats.prestosports.com/sports/mbkb/2025-26/div3/boxscores/20260131_uwa5.xml "HTTP/1.1 200 OK"
13:40:10 [INFO] HTTP Request: GET https://njcaastats.prestosports.com/sports/mbkb/2025-26/div3/boxscores/20260203_5rz1.xml "HTTP/1.1 200 OK"
13:40:21 [INFO] HTTP Request: GET https://njcaastats.prestosports.com/sports/mbkb/2025-26/div3/boxscores/20260205_d0ad.xml "HTTP/1.1 200 OK"
13:40:32 [INFO] HTTP Request: GET https://njcaastats.prestosports.com/sports/mbkb/2025-26/div3/boxscores/20260207_oh3m.xml "HTTP/1.1 200 OK"
13:40:43 [INFO] HTTP Request: GET https://njcaastats.prestosports.com/sports/mbkb/2025-26/div3/boxscores/20260212_gwi8.xml "HTTP/1.1 200 OK"
13:40:54 [INFO] HTTP Request: GET https://njcaastats.prestosports.com/sports/mbkb/2025-26/div3/boxscores/20260213_ned6.xml "HTTP/1.1 200 OK"
13:40:54 [INFO]   Loaded: 26 games, 556 player-game-stat rows
13:40:54 [INFO] 
[7/20] Dutchess CC
13:40:54 [INFO] Scraping team: Dutchess CC (dutchesscommunitycollege)
13:41:06 [INFO] HTTP Request: GET https://njcaastats.prestosports.com/sports/mbkb/2025-26/div3/teams/dutchesscommunitycollege?view=roster "HTTP/1.1 200 OK"
13:41:06 [INFO]   Roster: 20 players
13:41:18 [INFO] HTTP Request: GET https://njcaastats.prestosports.com/sports/mbkb/2025-26/div3/teams/dutchesscommunitycollege?view=gamelog "HTTP/1.1 200 OK"
13:41:18 [INFO]   Games: 28 with box scores
13:41:29 [INFO] HTTP Request: GET https://njcaastats.prestosports.com/sports/mbkb/2025-26/div3/boxscores/20251103_qftd.xml "HTTP/1.1 200 OK"
13:41:40 [INFO] HTTP Request: GET https://njcaastats.prestosports.com/sports/mbkb/2025-26/div3/boxscores/20251106_1vib.xml "HTTP/1.1 200 OK"
13:41:51 [INFO] HTTP Request: GET https://njcaastats.prestosports.com/sports/mbkb/2025-26/div3/boxscores/20251108_3uj7.xml "HTTP/1.1 200 OK"
13:42:02 [INFO] HTTP Request: GET https://njcaastats.prestosports.com/sports/mbkb/2025-26/div3/boxscores/20251111_sp5g.xml "HTTP/1.1 200 OK"
13:42:13 [INFO] HTTP Request: GET https://njcaastats.prestosports.com/sports/mbkb/2025-26/div3/boxscores/20251115_atil.xml "HTTP/1.1 200 OK"
13:42:24 [INFO] HTTP Request: GET https://njcaastats.prestosports.com/sports/mbkb/2025-26/div3/boxscores/20251116_s3r6.xml "HTTP/1.1 200 OK"
13:42:36 [INFO] HTTP Request: GET https://njcaastats.prestosports.com/sports/mbkb/2025-26/div3/boxscores/20251120_mfbj.xml "HTTP/1.1 200 OK"
13:42:47 [INFO] HTTP Request: GET https://njcaastats.prestosports.com/sports/mbkb/2025-26/div3/boxscores/20251122_p5pl.xml "HTTP/1.1 200 OK"
13:42:58 [INFO] HTTP Request: GET https://njcaastats.prestosports.com/sports/mbkb/2025-26/div3/boxscores/20251125_ixb6.xml "HTTP/1.1 200 OK"
13:43:09 [INFO] HTTP Request: GET https://njcaastats.prestosports.com/sports/mbkb/2025-26/div3/boxscores/20251204_o8j6.xml "HTTP/1.1 200 OK"
13:43:20 [INFO] HTTP Request: GET https://njcaastats.prestosports.com/sports/mbkb/2025-26/div3/boxscores/20251206_kzwl.xml "HTTP/1.1 200 OK"
13:43:31 [INFO] HTTP Request: GET https://njcaastats.prestosports.com/sports/mbkb/2025-26/div3/boxscores/20251209_u3y6.xml "HTTP/1.1 200 OK"
13:43:42 [INFO] HTTP Request: GET https://njcaastats.prestosports.com/sports/mbkb/2025-26/div3/boxscores/20251211_pixn.xml "HTTP/1.1 200 OK"
13:43:53 [INFO] HTTP Request: GET https://njcaastats.prestosports.com/sports/mbkb/2025-26/div3/boxscores/20260120_tktv.xml "HTTP/1.1 200 OK"
13:44:04 [INFO] HTTP Request: GET https://njcaastats.prestosports.com/sports/mbkb/2025-26/div3/boxscores/20260122_2mxl.xml "HTTP/1.1 200 OK"
13:44:15 [INFO] HTTP Request: GET https://njcaastats.prestosports.com/sports/mbkb/2025-26/div3/boxscores/20260124_f0qs.xml "HTTP/1.1 200 OK"
13:44:26 [INFO] HTTP Request: GET https://njcaastats.prestosports.com/sports/mbkb/2025-26/div3/boxscores/20260127_jj75.xml "HTTP/1.1 200 OK"
13:44:37 [INFO] HTTP Request: GET https://njcaastats.prestosports.com/sports/mbkb/2025-26/div3/boxscores/20260129_atjv.xml "HTTP/1.1 200 OK"
13:44:48 [INFO] HTTP Request: GET https://njcaastats.prestosports.com/sports/mbkb/2025-26/div3/boxscores/20260131_txt3.xml "HTTP/1.1 200 OK"
13:44:59 [INFO] HTTP Request: GET https://njcaastats.prestosports.com/sports/mbkb/2025-26/div3/boxscores/20260205_zv4m.xml "HTTP/1.1 200 OK"
13:45:10 [INFO] HTTP Request: GET https://njcaastats.prestosports.com/sports/mbkb/2025-26/div3/boxscores/20260207_n6av.xml "HTTP/1.1 200 OK"
13:45:21 [INFO] HTTP Request: GET https://njcaastats.prestosports.com/sports/mbkb/2025-26/div3/boxscores/20260210_e9u1.xml "HTTP/1.1 200 OK"
13:45:33 [INFO] HTTP Request: GET https://njcaastats.prestosports.com/sports/mbkb/2025-26/div3/boxscores/20260212_ifx5.xml "HTTP/1.1 200 OK"
13:45:44 [INFO] HTTP Request: GET https://njcaastats.prestosports.com/sports/mbkb/2025-26/div3/boxscores/20260214_naex.xml "HTTP/1.1 200 OK"
13:45:55 [INFO] HTTP Request: GET https://njcaastats.prestosports.com/sports/mbkb/2025-26/div3/boxscores/20260217_ophb.xml "HTTP/1.1 200 OK"
13:46:08 [INFO] HTTP Request: GET https://njcaastats.prestosports.com/sports/mbkb/2025-26/div3/boxscores/20260219_s287.xml "HTTP/1.1 200 OK"
13:46:19 [INFO] HTTP Request: GET https://njcaastats.prestosports.com/sports/mbkb/2025-26/div3/boxscores/20260221_37uw.xml "HTTP/1.1 200 OK"
13:46:30 [INFO] HTTP Request: GET https://njcaastats.prestosports.com/sports/mbkb/2025-26/div3/boxscores/20260225_vs5x.xml "HTTP/1.1 200 OK"
13:46:30 [INFO]   Loaded: 28 games, 716 player-game-stat rows
13:46:30 [INFO] 
[8/20] Finger Lakes CC
13:46:30 [INFO] Scraping team: Finger Lakes CC (fingerlakescommunitycollege)
13:46:42 [INFO] HTTP Request: GET https://njcaastats.prestosports.com/sports/mbkb/2025-26/div3/teams/fingerlakescommunitycollege?view=roster "HTTP/1.1 200 OK"
13:46:43 [INFO]   Roster: 16 players
13:46:54 [INFO] HTTP Request: GET https://njcaastats.prestosports.com/sports/mbkb/2025-26/div3/teams/fingerlakescommunitycollege?view=gamelog "HTTP/1.1 200 OK"
13:46:55 [INFO]   Games: 26 with box scores
13:47:05 [INFO] HTTP Request: GET https://njcaastats.prestosports.com/sports/mbkb/2025-26/div3/boxscores/20251105_ycpj.xml "HTTP/1.1 200 OK"
13:47:17 [INFO] HTTP Request: GET https://njcaastats.prestosports.com/sports/mbkb/2025-26/div3/boxscores/20251110_pwf0.xml "HTTP/1.1 200 OK"
13:47:28 [INFO] HTTP Request: GET https://njcaastats.prestosports.com/sports/mbkb/2025-26/div3/boxscores/20251112_teg1.xml "HTTP/1.1 200 OK"
13:47:39 [INFO] HTTP Request: GET https://njcaastats.prestosports.com/sports/mbkb/2025-26/div3/boxscores/20251115_3qt2.xml "HTTP/1.1 200 OK"
13:47:49 [INFO] HTTP Request: GET https://njcaastats.prestosports.com/sports/mbkb/2025-26/div3/boxscores/20251119_0p70.xml "HTTP/1.1 200 OK"
13:48:01 [INFO] HTTP Request: GET https://njcaastats.prestosports.com/sports/mbkb/2025-26/div3/boxscores/20251125_6iqe.xml "HTTP/1.1 200 OK"
13:48:12 [INFO] HTTP Request: GET https://njcaastats.prestosports.com/sports/mbkb/2025-26/div3/boxscores/20251203_xmyc.xml "HTTP/1.1 200 OK"
13:48:23 [INFO] HTTP Request: GET https://njcaastats.prestosports.com/sports/mbkb/2025-26/div3/boxscores/20251206_5pgs.xml "HTTP/1.1 200 OK"
13:48:34 [INFO] HTTP Request: GET https://njcaastats.prestosports.com/sports/mbkb/2025-26/div3/boxscores/20251207_i675.xml "HTTP/1.1 200 OK"
13:48:46 [INFO] HTTP Request: GET https://njcaastats.prestosports.com/sports/mbkb/2025-26/div3/boxscores/20251210_zl3z.xml "HTTP/1.1 200 OK"
13:48:57 [INFO] HTTP Request: GET https://njcaastats.prestosports.com/sports/mbkb/2025-26/div3/boxscores/20251213_yqaj.xml "HTTP/1.1 200 OK"
13:49:08 [INFO] HTTP Request: GET https://njcaastats.prestosports.com/sports/mbkb/2025-26/div3/boxscores/20260115_fv4m.xml "HTTP/1.1 200 OK"
13:49:19 [INFO] HTTP Request: GET https://njcaastats.prestosports.com/sports/mbkb/2025-26/div3/boxscores/20260117_5fk0.xml "HTTP/1.1 200 OK"
13:49:30 [INFO] HTTP Request: GET https://njcaastats.prestosports.com/sports/mbkb/2025-26/div3/boxscores/20260118_jmjk.xml "HTTP/1.1 200 OK"
13:49:41 [INFO] HTTP Request: GET https://njcaastats.prestosports.com/sports/mbkb/2025-26/div3/boxscores/20260121_7o87.xml "HTTP/1.1 200 OK"
13:49:52 [INFO] HTTP Request: GET https://njcaastats.prestosports.com/sports/mbkb/2025-26/div3/boxscores/20260124_b3hx.xml "HTTP/1.1 200 OK"
13:50:03 [INFO] HTTP Request: GET https://njcaastats.prestosports.com/sports/mbkb/2025-26/div3/boxscores/20260128_gbc0.xml "HTTP/1.1 200 OK"
13:50:14 [INFO] HTTP Request: GET https://njcaastats.prestosports.com/sports/mbkb/2025-26/div3/boxscores/20260201_1cc7.xml "HTTP/1.1 200 OK"
13:50:24 [INFO] HTTP Request: GET https://njcaastats.prestosports.com/sports/mbkb/2025-26/div3/boxscores/20260203_ww6b.xml "HTTP/1.1 200 OK"
13:50:35 [INFO] HTTP Request: GET https://njcaastats.prestosports.com/sports/mbkb/2025-26/div3/boxscores/20260205_j0m6.xml "HTTP/1.1 200 OK"
13:50:47 [INFO] HTTP Request: GET https://njcaastats.prestosports.com/sports/mbkb/2025-26/div3/boxscores/20260207_fawg.xml "HTTP/1.1 200 OK"
13:50:58 [INFO] HTTP Request: GET https://njcaastats.prestosports.com/sports/mbkb/2025-26/div3/boxscores/20260211_xak1.xml "HTTP/1.1 200 OK"
13:51:09 [INFO] HTTP Request: GET https://njcaastats.prestosports.com/sports/mbkb/2025-26/div3/boxscores/20260214_ovf5.xml "HTTP/1.1 200 OK"
13:51:20 [INFO] HTTP Request: GET https://njcaastats.prestosports.com/sports/mbkb/2025-26/div3/boxscores/20260215_0sdw.xml "HTTP/1.1 200 OK"
13:51:31 [INFO] HTTP Request: GET https://njcaastats.prestosports.com/sports/mbkb/2025-26/div3/boxscores/20260221_ljzq.xml "HTTP/1.1 200 OK"
13:51:42 [INFO] HTTP Request: GET https://njcaastats.prestosports.com/sports/mbkb/2025-26/div3/boxscores/20260224_r2po.xml "HTTP/1.1 200 OK"
13:51:43 [INFO]   Loaded: 26 games, 690 player-game-stat rows
13:51:43 [INFO] 
[9/20] Fulton-Montgomery CC
13:51:43 [INFO] Scraping team: Fulton-Montgomery CC (fultonmontgomerycommunitycollege)
13:51:55 [INFO] HTTP Request: GET https://njcaastats.prestosports.com/sports/mbkb/2025-26/div3/teams/fultonmontgomerycommunitycollege?view=roster "HTTP/1.1 200 OK"
13:51:55 [INFO]   Roster: 17 players
13:52:06 [INFO] HTTP Request: GET https://njcaastats.prestosports.com/sports/mbkb/2025-26/div3/teams/fultonmontgomerycommunitycollege?view=gamelog "HTTP/1.1 200 OK"
13:52:07 [INFO]   Games: 26 with box scores
13:52:17 [INFO] HTTP Request: GET https://njcaastats.prestosports.com/sports/mbkb/2025-26/div3/boxscores/20251101_efmy.xml "HTTP/1.1 200 OK"
13:52:28 [INFO] HTTP Request: GET https://njcaastats.prestosports.com/sports/mbkb/2025-26/div3/boxscores/20251109_ljfc.xml "HTTP/1.1 200 OK"
13:52:39 [INFO] HTTP Request: GET https://njcaastats.prestosports.com/sports/mbkb/2025-26/div3/boxscores/20251112_hzaw.xml "HTTP/1.1 200 OK"
13:52:50 [INFO] HTTP Request: GET https://njcaastats.prestosports.com/sports/mbkb/2025-26/div3/boxscores/20251115_1mva.xml "HTTP/1.1 200 OK"
13:53:02 [INFO] HTTP Request: GET https://njcaastats.prestosports.com/sports/mbkb/2025-26/div3/boxscores/20251116_zmz8.xml "HTTP/1.1 200 OK"
13:53:13 [INFO] HTTP Request: GET https://njcaastats.prestosports.com/sports/mbkb/2025-26/div3/boxscores/20251119_ylbg.xml "HTTP/1.1 200 OK"
13:53:24 [INFO] HTTP Request: GET https://njcaastats.prestosports.com/sports/mbkb/2025-26/div3/boxscores/20251204_0mov.xml "HTTP/1.1 200 OK"
13:53:35 [INFO] HTTP Request: GET https://njcaastats.prestosports.com/sports/mbkb/2025-26/div3/boxscores/20251206_7elt.xml "HTTP/1.1 200 OK"
13:53:46 [INFO] HTTP Request: GET https://njcaastats.prestosports.com/sports/mbkb/2025-26/div3/boxscores/20251213_03w7.xml "HTTP/1.1 200 OK"
13:53:57 [INFO] HTTP Request: GET https://njcaastats.prestosports.com/sports/mbkb/2025-26/div3/boxscores/20260110_jr70.xml "HTTP/1.1 200 OK"
13:54:08 [INFO] HTTP Request: GET https://njcaastats.prestosports.com/sports/mbkb/2025-26/div3/boxscores/20260111_dke3.xml "HTTP/1.1 200 OK"
13:54:19 [INFO] HTTP Request: GET https://njcaastats.prestosports.com/sports/mbkb/2025-26/div3/boxscores/20260114_6wd5.xml "HTTP/1.1 200 OK"
13:54:30 [INFO] HTTP Request: GET https://njcaastats.prestosports.com/sports/mbkb/2025-26/div3/boxscores/20260117_ag2j.xml "HTTP/1.1 200 OK"
13:54:41 [INFO] HTTP Request: GET https://njcaastats.prestosports.com/sports/mbkb/2025-26/div3/boxscores/20260118_bo5b.xml "HTTP/1.1 200 OK"
13:54:52 [INFO] HTTP Request: GET https://njcaastats.prestosports.com/sports/mbkb/2025-26/div3/boxscores/20260121_0zpf.xml "HTTP/1.1 200 OK"
13:55:03 [INFO] HTTP Request: GET https://njcaastats.prestosports.com/sports/mbkb/2025-26/div3/boxscores/20260124_ogjm.xml "HTTP/1.1 200 OK"
13:55:14 [INFO] HTTP Request: GET https://njcaastats.prestosports.com/sports/mbkb/2025-26/div3/boxscores/20260127_odp3.xml "HTTP/1.1 200 OK"
13:55:25 [INFO] HTTP Request: GET https://njcaastats.prestosports.com/sports/mbkb/2025-26/div3/boxscores/20260131_s9wd.xml "HTTP/1.1 200 OK"
13:55:40 [INFO] HTTP Request: GET https://njcaastats.prestosports.com/sports/mbkb/2025-26/div3/boxscores/20260201_1cc7.xml "HTTP/1.1 200 OK"
13:55:56 [INFO] HTTP Request: GET https://njcaastats.prestosports.com/sports/mbkb/2025-26/div3/boxscores/20260203_rki7.xml "HTTP/1.1 200 OK"
13:56:11 [INFO] HTTP Request: GET https://njcaastats.prestosports.com/sports/mbkb/2025-26/div3/boxscores/20260205_pgb8.xml "HTTP/1.1 200 OK"
13:56:24 [INFO] HTTP Request: GET https://njcaastats.prestosports.com/sports/mbkb/2025-26/div3/boxscores/20260211_rt0z.xml "HTTP/1.1 200 OK"
13:56:40 [INFO] HTTP Request: GET https://njcaastats.prestosports.com/sports/mbkb/2025-26/div3/boxscores/20260214_e3qg.xml "HTTP/1.1 200 OK"
13:56:55 [INFO] HTTP Request: GET https://njcaastats.prestosports.com/sports/mbkb/2025-26/div3/boxscores/20260215_bzfa.xml "HTTP/1.1 200 OK"
13:57:06 [INFO] HTTP Request: GET https://njcaastats.prestosports.com/sports/mbkb/2025-26/div3/boxscores/20260217_ophb.xml "HTTP/1.1 200 OK"
13:57:17 [INFO] HTTP Request: GET https://njcaastats.prestosports.com/sports/mbkb/2025-26/div3/boxscores/20260221_itnf.xml "HTTP/1.1 200 OK"
13:57:17 [INFO]   Loaded: 26 games, 599 player-game-stat rows
13:57:17 [INFO] 
[10/20] Gateway CC - CT
13:57:17 [INFO] Scraping team: Gateway CC - CT (gatewaycommunitycollegect)
13:57:28 [INFO] HTTP Request: GET https://njcaastats.prestosports.com/sports/mbkb/2025-26/div3/teams/gatewaycommunitycollegect?view=roster "HTTP/1.1 200 OK"
13:57:28 [INFO]   Roster: 0 players
13:57:39 [INFO] HTTP Request: GET https://njcaastats.prestosports.com/sports/mbkb/2025-26/div3/teams/gatewaycommunitycollegect?view=gamelog "HTTP/1.1 200 OK"
13:57:40 [INFO]   Games: 0 with box scores
13:57:40 [INFO]   Loaded: 0 games, 0 player-game-stat rows
13:57:40 [INFO] 
[11/20] Genesee CC
13:57:40 [INFO] Scraping team: Genesee CC (geneseecommunitycollege)
13:57:55 [INFO] HTTP Request: GET https://njcaastats.prestosports.com/sports/mbkb/2025-26/div3/teams/geneseecommunitycollege?view=roster "HTTP/1.1 200 OK"
13:57:55 [INFO]   Roster: 16 players
13:58:12 [INFO] HTTP Request: GET https://njcaastats.prestosports.com/sports/mbkb/2025-26/div3/teams/geneseecommunitycollege?view=gamelog "HTTP/1.1 200 OK"
13:58:12 [INFO]   Games: 29 with box scores
13:58:24 [INFO] HTTP Request: GET https://njcaastats.prestosports.com/sports/mbkb/2025-26/div3/boxscores/20251101_w50k.xml "HTTP/1.1 200 OK"
13:58:37 [INFO] HTTP Request: GET https://njcaastats.prestosports.com/sports/mbkb/2025-26/div3/boxscores/20251102_y6jh.xml "HTTP/1.1 200 OK"
13:58:48 [INFO] HTTP Request: GET https://njcaastats.prestosports.com/sports/mbkb/2025-26/div3/boxscores/20251105_g3oq.xml "HTTP/1.1 200 OK"
13:59:03 [INFO] HTTP Request: GET https://njcaastats.prestosports.com/sports/mbkb/2025-26/div3/boxscores/20251108_g77f.xml "HTTP/1.1 200 OK"
13:59:19 [INFO] HTTP Request: GET https://njcaastats.prestosports.com/sports/mbkb/2025-26/div3/boxscores/20251112_42ns.xml "HTTP/1.1 200 OK"
13:59:33 [INFO] HTTP Request: GET https://njcaastats.prestosports.com/sports/mbkb/2025-26/div3/boxscores/20251115_1mva.xml "HTTP/1.1 200 OK"
13:59:47 [INFO] HTTP Request: GET https://njcaastats.prestosports.com/sports/mbkb/2025-26/div3/boxscores/20251122_fhmw.xml "HTTP/1.1 200 OK"
13:59:58 [INFO] HTTP Request: GET https://njcaastats.prestosports.com/sports/mbkb/2025-26/div3/boxscores/20251203_h3yv.xml "HTTP/1.1 200 OK"
14:00:10 [INFO] HTTP Request: GET https://njcaastats.prestosports.com/sports/mbkb/2025-26/div3/boxscores/20251205_q6m4.xml "HTTP/1.1 200 OK"
14:00:21 [INFO] HTTP Request: GET https://njcaastats.prestosports.com/sports/mbkb/2025-26/div3/boxscores/20251206_uf8w.xml "HTTP/1.1 200 OK"
14:00:35 [INFO] HTTP Request: GET https://njcaastats.prestosports.com/sports/mbkb/2025-26/div3/boxscores/20260108_369r.xml "HTTP/1.1 200 OK"
14:00:49 [INFO] HTTP Request: GET https://njcaastats.prestosports.com/sports/mbkb/2025-26/div3/boxscores/20260110_kt50.xml "HTTP/1.1 200 OK"
14:01:03 [INFO] HTTP Request: GET https://njcaastats.prestosports.com/sports/mbkb/2025-26/div3/boxscores/20260114_ch6s.xml "HTTP/1.1 200 OK"
14:01:17 [INFO] HTTP Request: GET https://njcaastats.prestosports.com/sports/mbkb/2025-26/div3/boxscores/20260117_iqu2.xml "HTTP/1.1 200 OK"
14:01:31 [INFO] HTTP Request: GET https://njcaastats.prestosports.com/sports/mbkb/2025-26/div3/boxscores/20260118_6vdo.xml "HTTP/1.1 200 OK"
14:01:44 [INFO] HTTP Request: GET https://njcaastats.prestosports.com/sports/mbkb/2025-26/div3/boxscores/20260122_bulf.xml "HTTP/1.1 200 OK"
14:02:00 [INFO] HTTP Request: GET https://njcaastats.prestosports.com/sports/mbkb/2025-26/div3/boxscores/20260124_e7fk.xml "HTTP/1.1 200 OK"
14:02:16 [INFO] HTTP Request: GET https://njcaastats.prestosports.com/sports/mbkb/2025-26/div3/boxscores/20260128_gbc0.xml "HTTP/1.1 200 OK"
14:02:37 [INFO] HTTP Request: GET https://njcaastats.prestosports.com/sports/mbkb/2025-26/div3/boxscores/20260131_l2ez.xml "HTTP/1.1 200 OK"
14:02:51 [INFO] HTTP Request: GET https://njcaastats.prestosports.com/sports/mbkb/2025-26/div3/boxscores/20260201_xjaa.xml "HTTP/1.1 200 OK"
14:03:02 [INFO] HTTP Request: GET https://njcaastats.prestosports.com/sports/mbkb/2025-26/div3/boxscores/20260203_zaoz.xml "HTTP/1.1 200 OK"
14:03:14 [INFO] HTTP Request: GET https://njcaastats.prestosports.com/sports/mbkb/2025-26/div3/boxscores/20260205_q32t.xml "HTTP/1.1 200 OK"
14:03:25 [INFO] HTTP Request: GET https://njcaastats.prestosports.com/sports/mbkb/2025-26/div3/boxscores/20260207_10xd.xml "HTTP/1.1 200 OK"
14:03:35 [INFO] HTTP Request: GET https://njcaastats.prestosports.com/sports/mbkb/2025-26/div3/boxscores/20260211_dpjp.xml "HTTP/1.1 200 OK"
14:03:46 [INFO] HTTP Request: GET https://njcaastats.prestosports.com/sports/mbkb/2025-26/div3/boxscores/20260214_r5sp.xml "HTTP/1.1 200 OK"
14:03:57 [INFO] HTTP Request: GET https://njcaastats.prestosports.com/sports/mbkb/2025-26/div3/boxscores/20260218_pdzb.xml "HTTP/1.1 200 OK"
14:04:08 [INFO] HTTP Request: GET https://njcaastats.prestosports.com/sports/mbkb/2025-26/div3/boxscores/20260221_ljzq.xml "HTTP/1.1 200 OK"
14:04:19 [INFO] HTTP Request: GET https://njcaastats.prestosports.com/sports/mbkb/2025-26/div3/boxscores/20260227_n9pg.xml "HTTP/1.1 200 OK"
14:04:30 [INFO] HTTP Request: GET https://njcaastats.prestosports.com/sports/mbkb/2025-26/div3/boxscores/20260228_jaui.xml "HTTP/1.1 200 OK"
14:04:31 [INFO]   Loaded: 29 games, 681 player-game-stat rows
14:04:31 [INFO] 
[12/20] Harrisburg Area CC
14:04:31 [INFO] Scraping team: Harrisburg Area CC (harrisburgareacommunitycollege)
14:04:44 [INFO] HTTP Request: GET https://njcaastats.prestosports.com/sports/mbkb/2025-26/div3/teams/harrisburgareacommunitycollege?view=roster "HTTP/1.1 200 OK"
14:04:44 [INFO]   Roster: 14 players
14:04:56 [INFO] HTTP Request: GET https://njcaastats.prestosports.com/sports/mbkb/2025-26/div3/teams/harrisburgareacommunitycollege?view=gamelog "HTTP/1.1 200 OK"
14:04:56 [INFO]   Games: 24 with box scores
14:05:09 [INFO] HTTP Request: GET https://njcaastats.prestosports.com/sports/mbkb/2025-26/div3/boxscores/20251105_2qz9.xml "HTTP/1.1 200 OK"
14:05:20 [INFO] HTTP Request: GET https://njcaastats.prestosports.com/sports/mbkb/2025-26/div3/boxscores/20251108_zwv2.xml "HTTP/1.1 200 OK"
14:05:32 [INFO] HTTP Request: GET https://njcaastats.prestosports.com/sports/mbkb/2025-26/div3/boxscores/20251112_ldui.xml "HTTP/1.1 200 OK"
14:05:43 [INFO] HTTP Request: GET https://njcaastats.prestosports.com/sports/mbkb/2025-26/div3/boxscores/20251115_v02e.xml "HTTP/1.1 200 OK"
14:05:54 [INFO] HTTP Request: GET https://njcaastats.prestosports.com/sports/mbkb/2025-26/div3/boxscores/20251118_vwvh.xml "HTTP/1.1 200 OK"
14:06:08 [INFO] HTTP Request: GET https://njcaastats.prestosports.com/sports/mbkb/2025-26/div3/boxscores/20251122_hze7.xml "HTTP/1.1 200 OK"
14:06:19 [INFO] HTTP Request: GET https://njcaastats.prestosports.com/sports/mbkb/2025-26/div3/boxscores/20251125_so07.xml "HTTP/1.1 200 OK"
14:06:30 [INFO] HTTP Request: GET https://njcaastats.prestosports.com/sports/mbkb/2025-26/div3/boxscores/20251129_wkux.xml "HTTP/1.1 200 OK"
14:06:41 [INFO] HTTP Request: GET https://njcaastats.prestosports.com/sports/mbkb/2025-26/div3/boxscores/20251204_m2sg.xml "HTTP/1.1 200 OK"
14:06:53 [INFO] HTTP Request: GET https://njcaastats.prestosports.com/sports/mbkb/2025-26/div3/boxscores/20251206_4j6w.xml "HTTP/1.1 200 OK"
14:07:04 [INFO] HTTP Request: GET https://njcaastats.prestosports.com/sports/mbkb/2025-26/div3/boxscores/20251211_mpvp.xml "HTTP/1.1 200 OK"
14:07:15 [INFO] HTTP Request: GET https://njcaastats.prestosports.com/sports/mbkb/2025-26/div3/boxscores/20251213_isot.xml "HTTP/1.1 200 OK"
14:07:26 [INFO] HTTP Request: GET https://njcaastats.prestosports.com/sports/mbkb/2025-26/div3/boxscores/20260107_kiwx.xml "HTTP/1.1 200 OK"
14:07:37 [INFO] HTTP Request: GET https://njcaastats.prestosports.com/sports/mbkb/2025-26/div3/boxscores/20260110_eka7.xml "HTTP/1.1 200 OK"
14:07:48 [INFO] HTTP Request: GET https://njcaastats.prestosports.com/sports/mbkb/2025-26/div3/boxscores/20260113_ub0c.xml "HTTP/1.1 200 OK"
14:07:59 [INFO] HTTP Request: GET https://njcaastats.prestosports.com/sports/mbkb/2025-26/div3/boxscores/20260120_42d4.xml "HTTP/1.1 200 OK"
14:08:12 [INFO] HTTP Request: GET https://njcaastats.prestosports.com/sports/mbkb/2025-26/div3/boxscores/20260122_3z6l.xml "HTTP/1.1 200 OK"
14:08:23 [INFO] HTTP Request: GET https://njcaastats.prestosports.com/sports/mbkb/2025-26/div3/boxscores/20260124_9lz2.xml "HTTP/1.1 200 OK"
14:08:34 [INFO] HTTP Request: GET https://njcaastats.prestosports.com/sports/mbkb/2025-26/div3/boxscores/20260131_y4re.xml "HTTP/1.1 200 OK"
14:08:46 [INFO] HTTP Request: GET https://njcaastats.prestosports.com/sports/mbkb/2025-26/div3/boxscores/20260203_v56p.xml "HTTP/1.1 200 OK"
14:08:58 [INFO] HTTP Request: GET https://njcaastats.prestosports.com/sports/mbkb/2025-26/div3/boxscores/20260205_32dz.xml "HTTP/1.1 200 OK"
14:09:11 [INFO] HTTP Request: GET https://njcaastats.prestosports.com/sports/mbkb/2025-26/div3/boxscores/20260210_wr4i.xml "HTTP/1.1 200 OK"
14:09:23 [INFO] HTTP Request: GET https://njcaastats.prestosports.com/sports/mbkb/2025-26/div3/boxscores/20260212_6008.xml "HTTP/1.1 200 OK"
14:09:39 [INFO] HTTP Request: GET https://njcaastats.prestosports.com/sports/mbkb/2025-26/div3/boxscores/20260214_i67y.xml "HTTP/1.1 200 OK"
14:09:39 [INFO]   Loaded: 24 games, 568 player-game-stat rows
14:09:39 [INFO] 
[13/20] Herkimer College
14:09:39 [INFO] Scraping team: Herkimer College (herkimercollege)
14:09:53 [INFO] HTTP Request: GET https://njcaastats.prestosports.com/sports/mbkb/2025-26/div3/teams/herkimercollege?view=roster "HTTP/1.1 200 OK"
14:09:54 [INFO]   Roster: 14 players
14:10:11 [INFO] HTTP Request: GET https://njcaastats.prestosports.com/sports/mbkb/2025-26/div3/teams/herkimercollege?view=gamelog "HTTP/1.1 200 OK"
14:10:11 [INFO]   Games: 25 with box scores
14:10:24 [INFO] HTTP Request: GET https://njcaastats.prestosports.com/sports/mbkb/2025-26/div3/boxscores/20251108_tqla.xml "HTTP/1.1 200 OK"
14:10:35 [INFO] HTTP Request: GET https://njcaastats.prestosports.com/sports/mbkb/2025-26/div3/boxscores/20251112_b25j.xml "HTTP/1.1 200 OK"
14:10:51 [INFO] HTTP Request: GET https://njcaastats.prestosports.com/sports/mbkb/2025-26/div3/boxscores/20251121_6eyc.xml "HTTP/1.1 200 OK"
14:11:04 [INFO] HTTP Request: GET https://njcaastats.prestosports.com/sports/mbkb/2025-26/div3/boxscores/20251204_d5wg.xml "HTTP/1.1 200 OK"
14:11:15 [INFO] HTTP Request: GET https://njcaastats.prestosports.com/sports/mbkb/2025-26/div3/boxscores/20251206_kt5b.xml "HTTP/1.1 200 OK"
14:11:26 [INFO] HTTP Request: GET https://njcaastats.prestosports.com/sports/mbkb/2025-26/div3/boxscores/20251207_rlg2.xml "HTTP/1.1 200 OK"
14:11:38 [INFO] HTTP Request: GET https://njcaastats.prestosports.com/sports/mbkb/2025-26/div3/boxscores/20251212_30be.xml "HTTP/1.1 200 OK"
14:11:50 [INFO] HTTP Request: GET https://njcaastats.prestosports.com/sports/mbkb/2025-26/div3/boxscores/20251213_yqaj.xml "HTTP/1.1 200 OK"
14:12:02 [INFO] HTTP Request: GET https://njcaastats.prestosports.com/sports/mbkb/2025-26/div3/boxscores/20260109_yidp.xml "HTTP/1.1 200 OK"
14:12:13 [INFO] HTTP Request: GET https://njcaastats.prestosports.com/sports/mbkb/2025-26/div3/boxscores/20260111_0ceb.xml "HTTP/1.1 200 OK"
14:12:24 [INFO] HTTP Request: GET https://njcaastats.prestosports.com/sports/mbkb/2025-26/div3/boxscores/20260114_v6ko.xml "HTTP/1.1 200 OK"
14:12:35 [INFO] HTTP Request: GET https://njcaastats.prestosports.com/sports/mbkb/2025-26/div3/boxscores/20260117_iqu2.xml "HTTP/1.1 200 OK"
14:12:46 [INFO] HTTP Request: GET https://njcaastats.prestosports.com/sports/mbkb/2025-26/div3/boxscores/20260118_bqtg.xml "HTTP/1.1 200 OK"
14:12:57 [INFO] HTTP Request: GET https://njcaastats.prestosports.com/sports/mbkb/2025-26/div3/boxscores/20260121_tka8.xml "HTTP/1.1 200 OK"
14:13:09 [INFO] HTTP Request: GET https://njcaastats.prestosports.com/sports/mbkb/2025-26/div3/boxscores/20260124_ffqd.xml "HTTP/1.1 200 OK"
14:13:20 [INFO] HTTP Request: GET https://njcaastats.prestosports.com/sports/mbkb/2025-26/div3/boxscores/20260127_odp3.xml "HTTP/1.1 200 OK"
14:13:31 [INFO] HTTP Request: GET https://njcaastats.prestosports.com/sports/mbkb/2025-26/div3/boxscores/20260129_qqrx.xml "HTTP/1.1 200 OK"
14:13:42 [INFO] HTTP Request: GET https://njcaastats.prestosports.com/sports/mbkb/2025-26/div3/boxscores/20260201_q41s.xml "HTTP/1.1 200 OK"
14:13:53 [INFO] HTTP Request: GET https://njcaastats.prestosports.com/sports/mbkb/2025-26/div3/boxscores/20260203_dsr5.xml "HTTP/1.1 200 OK"
14:14:04 [INFO] HTTP Request: GET https://njcaastats.prestosports.com/sports/mbkb/2025-26/div3/boxscores/20260207_icet.xml "HTTP/1.1 200 OK"
14:14:16 [INFO] HTTP Request: GET https://njcaastats.prestosports.com/sports/mbkb/2025-26/div3/boxscores/20260211_unk2.xml "HTTP/1.1 200 OK"
14:14:27 [INFO] HTTP Request: GET https://njcaastats.prestosports.com/sports/mbkb/2025-26/div3/boxscores/20260214_1p4g.xml "HTTP/1.1 200 OK"
14:14:38 [INFO] HTTP Request: GET https://njcaastats.prestosports.com/sports/mbkb/2025-26/div3/boxscores/20260218_2yuc.xml "HTTP/1.1 200 OK"
14:14:49 [INFO] HTTP Request: GET https://njcaastats.prestosports.com/sports/mbkb/2025-26/div3/boxscores/20260221_itnf.xml "HTTP/1.1 200 OK"
14:15:00 [INFO] HTTP Request: GET https://njcaastats.prestosports.com/sports/mbkb/2025-26/div3/boxscores/20260227_su9f.xml "HTTP/1.1 200 OK"
14:15:00 [INFO]   Loaded: 25 games, 590 player-game-stat rows
14:15:00 [INFO] 
[14/20] Holyoke CC
14:15:00 [INFO] Scraping team: Holyoke CC (holyokecommunitycollege)
14:15:13 [INFO] HTTP Request: GET https://njcaastats.prestosports.com/sports/mbkb/2025-26/div3/teams/holyokecommunitycollege?view=roster "HTTP/1.1 200 OK"
14:15:13 [INFO]   Roster: 15 players
14:15:25 [INFO] HTTP Request: GET https://njcaastats.prestosports.com/sports/mbkb/2025-26/div3/teams/holyokecommunitycollege?view=gamelog "HTTP/1.1 200 OK"
14:15:25 [INFO]   Games: 24 with box scores
14:15:36 [INFO] HTTP Request: GET https://njcaastats.prestosports.com/sports/mbkb/2025-26/div3/boxscores/20251101_w15v.xml "HTTP/1.1 200 OK"
14:15:46 [INFO] HTTP Request: GET https://njcaastats.prestosports.com/sports/mbkb/2025-26/div3/boxscores/20251106_656q.xml "HTTP/1.1 200 OK"
14:15:58 [INFO] HTTP Request: GET https://njcaastats.prestosports.com/sports/mbkb/2025-26/div3/boxscores/20251110_gtrg.xml "HTTP/1.1 200 OK"
14:16:09 [INFO] HTTP Request: GET https://njcaastats.prestosports.com/sports/mbkb/2025-26/div3/boxscores/20251113_8nhg.xml "HTTP/1.1 200 OK"
14:16:20 [INFO] HTTP Request: GET https://njcaastats.prestosports.com/sports/mbkb/2025-26/div3/boxscores/20251115_b5ec.xml "HTTP/1.1 200 OK"
14:16:31 [INFO] HTTP Request: GET https://njcaastats.prestosports.com/sports/mbkb/2025-26/div3/boxscores/20251118_hagz.xml "HTTP/1.1 200 OK"
14:16:42 [INFO] HTTP Request: GET https://njcaastats.prestosports.com/sports/mbkb/2025-26/div3/boxscores/20251121_1avn.xml "HTTP/1.1 200 OK"
14:16:54 [INFO] HTTP Request: GET https://njcaastats.prestosports.com/sports/mbkb/2025-26/div3/boxscores/20251125_she6.xml "HTTP/1.1 200 OK"
14:17:05 [INFO] HTTP Request: GET https://njcaastats.prestosports.com/sports/mbkb/2025-26/div3/boxscores/20251204_2dwm.xml "HTTP/1.1 200 OK"
14:17:16 [INFO] HTTP Request: GET https://njcaastats.prestosports.com/sports/mbkb/2025-26/div3/boxscores/20251206_45oa.xml "HTTP/1.1 200 OK"
14:17:28 [INFO] HTTP Request: GET https://njcaastats.prestosports.com/sports/mbkb/2025-26/div3/boxscores/20251209_vueu.xml "HTTP/1.1 200 OK"
14:18:07 [INFO] HTTP Request: GET https://njcaastats.prestosports.com/sports/mbkb/2025-26/div3/boxscores/20251213_3wrk.xml "HTTP/1.1 200 OK"
14:18:18 [INFO] HTTP Request: GET https://njcaastats.prestosports.com/sports/mbkb/2025-26/div3/boxscores/20260111_b0ra.xml "HTTP/1.1 200 OK"
14:18:29 [INFO] HTTP Request: GET https://njcaastats.prestosports.com/sports/mbkb/2025-26/div3/boxscores/20260115_e6ub.xml "HTTP/1.1 200 OK"
14:18:40 [INFO] HTTP Request: GET https://njcaastats.prestosports.com/sports/mbkb/2025-26/div3/boxscores/20260118_irr8.xml "HTTP/1.1 200 OK"
14:18:51 [INFO] HTTP Request: GET https://njcaastats.prestosports.com/sports/mbkb/2025-26/div3/boxscores/20260120_ns8p.xml "HTTP/1.1 200 OK"
14:19:02 [INFO] HTTP Request: GET https://njcaastats.prestosports.com/sports/mbkb/2025-26/div3/boxscores/20260124_m4rm.xml "HTTP/1.1 200 OK"
14:19:13 [INFO] HTTP Request: GET https://njcaastats.prestosports.com/sports/mbkb/2025-26/div3/boxscores/20260129_tf6c.xml "HTTP/1.1 200 OK"
14:19:25 [INFO] HTTP Request: GET https://njcaastats.prestosports.com/sports/mbkb/2025-26/div3/boxscores/20260130_lm8a.xml "HTTP/1.1 200 OK"
14:19:36 [INFO] HTTP Request: GET https://njcaastats.prestosports.com/sports/mbkb/2025-26/div3/boxscores/20260203_wxs6.xml "HTTP/1.1 200 OK"
14:19:47 [INFO] HTTP Request: GET https://njcaastats.prestosports.com/sports/mbkb/2025-26/div3/boxscores/20260206_j05d.xml "HTTP/1.1 200 OK"
14:19:57 [INFO] HTTP Request: GET https://njcaastats.prestosports.com/sports/mbkb/2025-26/div3/boxscores/20260210_7wcb.xml "HTTP/1.1 200 OK"
14:20:09 [INFO] HTTP Request: GET https://njcaastats.prestosports.com/sports/mbkb/2025-26/div3/boxscores/20260214_oawn.xml "HTTP/1.1 200 OK"
14:20:21 [INFO] HTTP Request: GET https://njcaastats.prestosports.com/sports/mbkb/2025-26/div3/boxscores/20260217_vr15.xml "HTTP/1.1 200 OK"
14:20:21 [INFO]   Loaded: 24 games, 523 player-game-stat rows
14:20:21 [INFO] 
[15/20] Hostos CC
14:20:21 [INFO] Scraping team: Hostos CC (hostoscommunitycollege)
14:20:34 [INFO] HTTP Request: GET https://njcaastats.prestosports.com/sports/mbkb/2025-26/div3/teams/hostoscommunitycollege?view=roster "HTTP/1.1 200 OK"
14:20:34 [INFO]   Roster: 16 players
14:21:44 [ERROR] Request failed: https://njcaastats.prestosports.com/sports/mbkb/2025-26/div3/teams/hostoscommunitycollege?view=gamelog — The read operation timed out
14:21:44 [INFO]   Games: 0 with box scores
14:21:44 [INFO]   Loaded: 0 games, 0 player-game-stat rows
14:21:44 [INFO] 
[16/20] Hudson Valley CC
14:21:44 [INFO] Scraping team: Hudson Valley CC (hudsonvalleycommunitycollege)
14:21:57 [INFO] HTTP Request: GET https://njcaastats.prestosports.com/sports/mbkb/2025-26/div3/teams/hudsonvalleycommunitycollege?view=roster "HTTP/1.1 200 OK"
14:21:57 [INFO]   Roster: 13 players
14:22:09 [INFO] HTTP Request: GET https://njcaastats.prestosports.com/sports/mbkb/2025-26/div3/teams/hudsonvalleycommunitycollege?view=gamelog "HTTP/1.1 200 OK"
14:22:09 [INFO]   Games: 28 with box scores
14:22:20 [INFO] HTTP Request: GET https://njcaastats.prestosports.com/sports/mbkb/2025-26/div3/boxscores/20251102_ge59.xml "HTTP/1.1 200 OK"
14:22:32 [INFO] HTTP Request: GET https://njcaastats.prestosports.com/sports/mbkb/2025-26/div3/boxscores/20251106_esfn.xml "HTTP/1.1 200 OK"
14:22:43 [INFO] HTTP Request: GET https://njcaastats.prestosports.com/sports/mbkb/2025-26/div3/boxscores/20251108_xu0t.xml "HTTP/1.1 200 OK"
14:22:55 [INFO] HTTP Request: GET https://njcaastats.prestosports.com/sports/mbkb/2025-26/div3/boxscores/20251112_b25j.xml "HTTP/1.1 200 OK"
14:23:08 [INFO] HTTP Request: GET https://njcaastats.prestosports.com/sports/mbkb/2025-26/div3/boxscores/20251115_d3xp.xml "HTTP/1.1 200 OK"
14:23:20 [INFO] HTTP Request: GET https://njcaastats.prestosports.com/sports/mbkb/2025-26/div3/boxscores/20251116_6xis.xml "HTTP/1.1 200 OK"
14:23:31 [INFO] HTTP Request: GET https://njcaastats.prestosports.com/sports/mbkb/2025-26/div3/boxscores/20251119_se9s.xml "HTTP/1.1 200 OK"
14:23:42 [INFO] HTTP Request: GET https://njcaastats.prestosports.com/sports/mbkb/2025-26/div3/boxscores/20251128_0qwl.xml "HTTP/1.1 200 OK"
14:23:54 [INFO] HTTP Request: GET https://njcaastats.prestosports.com/sports/mbkb/2025-26/div3/boxscores/20251129_eutt.xml "HTTP/1.1 200 OK"
14:24:05 [INFO] HTTP Request: GET https://njcaastats.prestosports.com/sports/mbkb/2025-26/div3/boxscores/20251206_v68g.xml "HTTP/1.1 200 OK"
14:24:16 [INFO] HTTP Request: GET https://njcaastats.prestosports.com/sports/mbkb/2025-26/div3/boxscores/20251207_i675.xml "HTTP/1.1 200 OK"
14:24:27 [INFO] HTTP Request: GET https://njcaastats.prestosports.com/sports/mbkb/2025-26/div3/boxscores/20251209_ywfv.xml "HTTP/1.1 200 OK"
14:24:39 [INFO] HTTP Request: GET https://njcaastats.prestosports.com/sports/mbkb/2025-26/div3/boxscores/20260108_vvi8.xml "HTTP/1.1 200 OK"
14:24:50 [INFO] HTTP Request: GET https://njcaastats.prestosports.com/sports/mbkb/2025-26/div3/boxscores/20260112_j927.xml "HTTP/1.1 200 OK"
14:25:01 [INFO] HTTP Request: GET https://njcaastats.prestosports.com/sports/mbkb/2025-26/div3/boxscores/20260114_jl1l.xml "HTTP/1.1 200 OK"
14:25:12 [INFO] HTTP Request: GET https://njcaastats.prestosports.com/sports/mbkb/2025-26/div3/boxscores/20260117_dy94.xml "HTTP/1.1 200 OK"
14:25:24 [INFO] HTTP Request: GET https://njcaastats.prestosports.com/sports/mbkb/2025-26/div3/boxscores/20260118_7f8m.xml "HTTP/1.1 200 OK"
14:25:34 [INFO] HTTP Request: GET https://njcaastats.prestosports.com/sports/mbkb/2025-26/div3/boxscores/20260121_0zpf.xml "HTTP/1.1 200 OK"
14:25:45 [INFO] HTTP Request: GET https://njcaastats.prestosports.com/sports/mbkb/2025-26/div3/boxscores/20260128_vgmj.xml "HTTP/1.1 200 OK"
14:25:56 [INFO] HTTP Request: GET https://njcaastats.prestosports.com/sports/mbkb/2025-26/div3/boxscores/20260131_ghlo.xml "HTTP/1.1 200 OK"
14:26:07 [INFO] HTTP Request: GET https://njcaastats.prestosports.com/sports/mbkb/2025-26/div3/boxscores/20260201_xjaa.xml "HTTP/1.1 200 OK"
14:26:18 [INFO] HTTP Request: GET https://njcaastats.prestosports.com/sports/mbkb/2025-26/div3/boxscores/20260203_dsr5.xml "HTTP/1.1 200 OK"
14:26:30 [INFO] HTTP Request: GET https://njcaastats.prestosports.com/sports/mbkb/2025-26/div3/boxscores/20260205_fv8x.xml "HTTP/1.1 200 OK"
14:26:40 [INFO] HTTP Request: GET https://njcaastats.prestosports.com/sports/mbkb/2025-26/div3/boxscores/20260211_rt0z.xml "HTTP/1.1 200 OK"
14:26:52 [INFO] HTTP Request: GET https://njcaastats.prestosports.com/sports/mbkb/2025-26/div3/boxscores/20260218_r0ne.xml "HTTP/1.1 200 OK"
14:27:03 [INFO] HTTP Request: GET https://njcaastats.prestosports.com/sports/mbkb/2025-26/div3/boxscores/20260221_5ane.xml "HTTP/1.1 200 OK"
14:27:14 [INFO] HTTP Request: GET https://njcaastats.prestosports.com/sports/mbkb/2025-26/div3/boxscores/20260224_r2po.xml "HTTP/1.1 200 OK"
14:27:25 [INFO] HTTP Request: GET https://njcaastats.prestosports.com/sports/mbkb/2025-26/div3/boxscores/20260227_52zi.xml "HTTP/1.1 200 OK"
14:27:25 [INFO]   Loaded: 28 games, 638 player-game-stat rows
14:27:25 [INFO] 
[17/20] Jefferson CC
14:27:25 [INFO] Scraping team: Jefferson CC (jeffersoncommunitycollege)
14:27:37 [INFO] HTTP Request: GET https://njcaastats.prestosports.com/sports/mbkb/2025-26/div3/teams/jeffersoncommunitycollege?view=roster "HTTP/1.1 200 OK"
14:27:37 [INFO]   Roster: 15 players
14:27:51 [INFO] HTTP Request: GET https://njcaastats.prestosports.com/sports/mbkb/2025-26/div3/teams/jeffersoncommunitycollege?view=gamelog "HTTP/1.1 200 OK"
14:27:51 [INFO]   Games: 26 with box scores
14:28:03 [INFO] HTTP Request: GET https://njcaastats.prestosports.com/sports/mbkb/2025-26/div3/boxscores/20251101_efmy.xml "HTTP/1.1 200 OK"
14:28:14 [INFO] HTTP Request: GET https://njcaastats.prestosports.com/sports/mbkb/2025-26/div3/boxscores/20251108_h3mv.xml "HTTP/1.1 200 OK"
14:28:25 [INFO] HTTP Request: GET https://njcaastats.prestosports.com/sports/mbkb/2025-26/div3/boxscores/20251109_l3qg.xml "HTTP/1.1 200 OK"
14:28:36 [INFO] HTTP Request: GET https://njcaastats.prestosports.com/sports/mbkb/2025-26/div3/boxscores/20251112_42ns.xml "HTTP/1.1 200 OK"
14:28:47 [INFO] HTTP Request: GET https://njcaastats.prestosports.com/sports/mbkb/2025-26/div3/boxscores/20251115_k903.xml "HTTP/1.1 200 OK"
14:28:59 [INFO] HTTP Request: GET https://njcaastats.prestosports.com/sports/mbkb/2025-26/div3/boxscores/20251116_oz73.xml "HTTP/1.1 200 OK"
14:29:10 [INFO] HTTP Request: GET https://njcaastats.prestosports.com/sports/mbkb/2025-26/div3/boxscores/20251119_birf.xml "HTTP/1.1 200 OK"
14:29:21 [INFO] HTTP Request: GET https://njcaastats.prestosports.com/sports/mbkb/2025-26/div3/boxscores/20251203_ccj3.xml "HTTP/1.1 200 OK"
14:29:32 [INFO] HTTP Request: GET https://njcaastats.prestosports.com/sports/mbkb/2025-26/div3/boxscores/20251206_7elt.xml "HTTP/1.1 200 OK"
14:29:43 [INFO] HTTP Request: GET https://njcaastats.prestosports.com/sports/mbkb/2025-26/div3/boxscores/20251210_4woe.xml "HTTP/1.1 200 OK"
14:29:54 [INFO] HTTP Request: GET https://njcaastats.prestosports.com/sports/mbkb/2025-26/div3/boxscores/20260110_il36.xml "HTTP/1.1 200 OK"
14:30:05 [INFO] HTTP Request: GET https://njcaastats.prestosports.com/sports/mbkb/2025-26/div3/boxscores/20260114_28o6.xml "HTTP/1.1 200 OK"
14:30:16 [INFO] HTTP Request: GET https://njcaastats.prestosports.com/sports/mbkb/2025-26/div3/boxscores/20260117_dy94.xml "HTTP/1.1 200 OK"
14:30:28 [INFO] HTTP Request: GET https://njcaastats.prestosports.com/sports/mbkb/2025-26/div3/boxscores/20260118_sf5n.xml "HTTP/1.1 200 OK"
14:30:40 [INFO] HTTP Request: GET https://njcaastats.prestosports.com/sports/mbkb/2025-26/div3/boxscores/20260121_7o87.xml "HTTP/1.1 200 OK"
14:30:50 [INFO] HTTP Request: GET https://njcaastats.prestosports.com/sports/mbkb/2025-26/div3/boxscores/20260127_3n0c.xml "HTTP/1.1 200 OK"
14:31:02 [INFO] HTTP Request: GET https://njcaastats.prestosports.com/sports/mbkb/2025-26/div3/boxscores/20260129_qqrx.xml "HTTP/1.1 200 OK"
14:31:13 [INFO] HTTP Request: GET https://njcaastats.prestosports.com/sports/mbkb/2025-26/div3/boxscores/20260201_f19c.xml "HTTP/1.1 200 OK"
14:31:24 [INFO] HTTP Request: GET https://njcaastats.prestosports.com/sports/mbkb/2025-26/div3/boxscores/20260203_zaoz.xml "HTTP/1.1 200 OK"
14:31:35 [INFO] HTTP Request: GET https://njcaastats.prestosports.com/sports/mbkb/2025-26/div3/boxscores/20260207_iti9.xml "HTTP/1.1 200 OK"
14:31:46 [INFO] HTTP Request: GET https://njcaastats.prestosports.com/sports/mbkb/2025-26/div3/boxscores/20260211_xak1.xml "HTTP/1.1 200 OK"
14:31:57 [INFO] HTTP Request: GET https://njcaastats.prestosports.com/sports/mbkb/2025-26/div3/boxscores/20260214_3bds.xml "HTTP/1.1 200 OK"
14:32:09 [INFO] HTTP Request: GET https://njcaastats.prestosports.com/sports/mbkb/2025-26/div3/boxscores/20260215_q709.xml "HTTP/1.1 200 OK"
14:32:20 [INFO] HTTP Request: GET https://njcaastats.prestosports.com/sports/mbkb/2025-26/div3/boxscores/20260218_jo9e.xml "HTTP/1.1 200 OK"
14:32:31 [INFO] HTTP Request: GET https://njcaastats.prestosports.com/sports/mbkb/2025-26/div3/boxscores/20260220_pcwk.xml "HTTP/1.1 200 OK"
14:32:42 [INFO] HTTP Request: GET https://njcaastats.prestosports.com/sports/mbkb/2025-26/div3/boxscores/20260222_1imn.xml "HTTP/1.1 200 OK"
14:32:42 [INFO]   Loaded: 26 games, 643 player-game-stat rows
14:32:42 [INFO] 
[18/20] Joliet Junior College
14:32:42 [INFO] Scraping team: Joliet Junior College (jolietjuniorcollege)
14:32:54 [INFO] HTTP Request: GET https://njcaastats.prestosports.com/sports/mbkb/2025-26/div3/teams/jolietjuniorcollege?view=roster "HTTP/1.1 200 OK"
14:32:54 [INFO]   Roster: 14 players
14:33:06 [INFO] HTTP Request: GET https://njcaastats.prestosports.com/sports/mbkb/2025-26/div3/teams/jolietjuniorcollege?view=gamelog "HTTP/1.1 200 OK"
14:33:06 [INFO]   Games: 25 with box scores
14:33:17 [INFO] HTTP Request: GET https://njcaastats.prestosports.com/sports/mbkb/2025-26/div3/boxscores/20251101_udfj.xml "HTTP/1.1 200 OK"
14:33:28 [INFO] HTTP Request: GET https://njcaastats.prestosports.com/sports/mbkb/2025-26/div3/boxscores/20251104_36hb.xml "HTTP/1.1 200 OK"
14:33:41 [INFO] HTTP Request: GET https://njcaastats.prestosports.com/sports/mbkb/2025-26/div3/boxscores/20251107_rp8q.xml "HTTP/1.1 200 OK"
14:33:53 [INFO] HTTP Request: GET https://njcaastats.prestosports.com/sports/mbkb/2025-26/div3/boxscores/20251110_hcwm.xml "HTTP/1.1 200 OK"
14:34:05 [INFO] HTTP Request: GET https://njcaastats.prestosports.com/sports/mbkb/2025-26/div3/boxscores/20251113_zyqx.xml "HTTP/1.1 200 OK"
14:34:16 [INFO] HTTP Request: GET https://njcaastats.prestosports.com/sports/mbkb/2025-26/div3/boxscores/20251115_et3j.xml "HTTP/1.1 200 OK"
14:34:27 [INFO] HTTP Request: GET https://njcaastats.prestosports.com/sports/mbkb/2025-26/div3/boxscores/20251120_17e5.xml "HTTP/1.1 200 OK"
14:34:38 [INFO] HTTP Request: GET https://njcaastats.prestosports.com/sports/mbkb/2025-26/div3/boxscores/20251204_gorv.xml "HTTP/1.1 200 OK"
14:34:49 [INFO] HTTP Request: GET https://njcaastats.prestosports.com/sports/mbkb/2025-26/div3/boxscores/20251209_lwej.xml "HTTP/1.1 200 OK"
14:35:00 [INFO] HTTP Request: GET https://njcaastats.prestosports.com/sports/mbkb/2025-26/div3/boxscores/20251211_ew5o.xml "HTTP/1.1 200 OK"
14:35:11 [INFO] HTTP Request: GET https://njcaastats.prestosports.com/sports/mbkb/2025-26/div3/boxscores/20251215_yeki.xml "HTTP/1.1 200 OK"
14:35:22 [INFO] HTTP Request: GET https://njcaastats.prestosports.com/sports/mbkb/2025-26/div3/boxscores/20251219_nnif.xml "HTTP/1.1 200 OK"
14:35:33 [INFO] HTTP Request: GET https://njcaastats.prestosports.com/sports/mbkb/2025-26/div3/boxscores/20251220_k2ap.xml "HTTP/1.1 200 OK"
14:35:44 [INFO] HTTP Request: GET https://njcaastats.prestosports.com/sports/mbkb/2025-26/div3/boxscores/20260113_7rz1.xml "HTTP/1.1 200 OK"
14:35:56 [INFO] HTTP Request: GET https://njcaastats.prestosports.com/sports/mbkb/2025-26/div3/boxscores/20260117_v3ib.xml "HTTP/1.1 200 OK"
14:36:07 [INFO] HTTP Request: GET https://njcaastats.prestosports.com/sports/mbkb/2025-26/div3/boxscores/20260120_025b.xml "HTTP/1.1 200 OK"
14:36:18 [INFO] HTTP Request: GET https://njcaastats.prestosports.com/sports/mbkb/2025-26/div3/boxscores/20260122_p6ue.xml "HTTP/1.1 200 OK"
14:36:31 [INFO] HTTP Request: GET https://njcaastats.prestosports.com/sports/mbkb/2025-26/div3/boxscores/20260127_rxl6.xml "HTTP/1.1 200 OK"
14:36:42 [INFO] HTTP Request: GET https://njcaastats.prestosports.com/sports/mbkb/2025-26/div3/boxscores/20260129_iis5.xml "HTTP/1.1 200 OK"
14:36:53 [INFO] HTTP Request: GET https://njcaastats.prestosports.com/sports/mbkb/2025-26/div3/boxscores/20260203_ke3o.xml "HTTP/1.1 200 OK"
14:37:04 [INFO] HTTP Request: GET https://njcaastats.prestosports.com/sports/mbkb/2025-26/div3/boxscores/20260205_efc8.xml "HTTP/1.1 200 OK"
14:37:16 [INFO] HTTP Request: GET https://njcaastats.prestosports.com/sports/mbkb/2025-26/div3/boxscores/20260214_mt9z.xml "HTTP/1.1 200 OK"
14:37:26 [INFO] HTTP Request: GET https://njcaastats.prestosports.com/sports/mbkb/2025-26/div3/boxscores/20260217_qdj9.xml "HTTP/1.1 200 OK"
14:37:38 [INFO] HTTP Request: GET https://njcaastats.prestosports.com/sports/mbkb/2025-26/div3/boxscores/20260221_2nl0.xml "HTTP/1.1 200 OK"
14:37:49 [INFO] HTTP Request: GET https://njcaastats.prestosports.com/sports/mbkb/2025-26/div3/boxscores/20260227_wrlv.xml "HTTP/1.1 200 OK"
14:37:49 [INFO]   Loaded: 25 games, 571 player-game-stat rows
14:37:49 [INFO] 
[19/20] Kingsborough CC
14:37:49 [INFO] Scraping team: Kingsborough CC (kingsboroughcommunitycollege)
14:38:01 [INFO] HTTP Request: GET https://njcaastats.prestosports.com/sports/mbkb/2025-26/div3/teams/kingsboroughcommunitycollege?view=roster "HTTP/1.1 200 OK"
14:38:01 [INFO]   Roster: 21 players
14:38:13 [INFO] HTTP Request: GET https://njcaastats.prestosports.com/sports/mbkb/2025-26/div3/teams/kingsboroughcommunitycollege?view=gamelog "HTTP/1.1 200 OK"
14:38:13 [INFO]   Games: 23 with box scores
14:38:25 [INFO] HTTP Request: GET https://njcaastats.prestosports.com/sports/mbkb/2025-26/div3/boxscores/20251101_h2me.xml "HTTP/1.1 200 OK"
14:38:36 [INFO] HTTP Request: GET https://njcaastats.prestosports.com/sports/mbkb/2025-26/div3/boxscores/20251104_wq6f.xml "HTTP/1.1 200 OK"
14:38:48 [INFO] HTTP Request: GET https://njcaastats.prestosports.com/sports/mbkb/2025-26/div3/boxscores/20251108_axw0.xml "HTTP/1.1 200 OK"
14:38:59 [INFO] HTTP Request: GET https://njcaastats.prestosports.com/sports/mbkb/2025-26/div3/boxscores/20251109_l3qg.xml "HTTP/1.1 200 OK"
14:39:12 [INFO] HTTP Request: GET https://njcaastats.prestosports.com/sports/mbkb/2025-26/div3/boxscores/20251113_227s.xml "HTTP/1.1 200 OK"
14:39:24 [INFO] HTTP Request: GET https://njcaastats.prestosports.com/sports/mbkb/2025-26/div3/boxscores/20251116_s3r6.xml "HTTP/1.1 200 OK"
14:39:35 [INFO] HTTP Request: GET https://njcaastats.prestosports.com/sports/mbkb/2025-26/div3/boxscores/20251118_iyqe.xml "HTTP/1.1 200 OK"
14:39:46 [INFO] HTTP Request: GET https://njcaastats.prestosports.com/sports/mbkb/2025-26/div3/boxscores/20251120_lb8v.xml "HTTP/1.1 200 OK"
14:39:57 [INFO] HTTP Request: GET https://njcaastats.prestosports.com/sports/mbkb/2025-26/div3/boxscores/20251125_bnh1.xml "HTTP/1.1 200 OK"
14:40:08 [INFO] HTTP Request: GET https://njcaastats.prestosports.com/sports/mbkb/2025-26/div3/boxscores/20251202_cbnt.xml "HTTP/1.1 200 OK"
14:40:19 [INFO] HTTP Request: GET https://njcaastats.prestosports.com/sports/mbkb/2025-26/div3/boxscores/20251204_nwl2.xml "HTTP/1.1 200 OK"
14:40:31 [INFO] HTTP Request: GET https://njcaastats.prestosports.com/sports/mbkb/2025-26/div3/boxscores/20251207_hhgv.xml "HTTP/1.1 200 OK"
14:40:42 [INFO] HTTP Request: GET https://njcaastats.prestosports.com/sports/mbkb/2025-26/div3/boxscores/20260108_mrxm.xml "HTTP/1.1 200 OK"
14:40:55 [INFO] HTTP Request: GET https://njcaastats.prestosports.com/sports/mbkb/2025-26/div3/boxscores/20260110_3okp.xml "HTTP/1.1 200 OK"
14:41:06 [INFO] HTTP Request: GET https://njcaastats.prestosports.com/sports/mbkb/2025-26/div3/boxscores/20260113_cqlk.xml "HTTP/1.1 200 OK"
14:41:17 [INFO] HTTP Request: GET https://njcaastats.prestosports.com/sports/mbkb/2025-26/div3/boxscores/20260115_392h.xml "HTTP/1.1 200 OK"
14:41:28 [INFO] HTTP Request: GET https://njcaastats.prestosports.com/sports/mbkb/2025-26/div3/boxscores/20260120_3xm8.xml "HTTP/1.1 200 OK"
14:41:39 [INFO] HTTP Request: GET https://njcaastats.prestosports.com/sports/mbkb/2025-26/div3/boxscores/20260122_2gdt.xml "HTTP/1.1 200 OK"
14:41:50 [INFO] HTTP Request: GET https://njcaastats.prestosports.com/sports/mbkb/2025-26/div3/boxscores/20260131_u240.xml "HTTP/1.1 200 OK"
14:42:01 [INFO] HTTP Request: GET https://njcaastats.prestosports.com/sports/mbkb/2025-26/div3/boxscores/20260203_ou47.xml "HTTP/1.1 200 OK"
14:42:12 [INFO] HTTP Request: GET https://njcaastats.prestosports.com/sports/mbkb/2025-26/div3/boxscores/20260205_1e6c.xml "HTTP/1.1 200 OK"
14:42:23 [INFO] HTTP Request: GET https://njcaastats.prestosports.com/sports/mbkb/2025-26/div3/boxscores/20260208_6x9w.xml "HTTP/1.1 200 OK"
14:42:34 [INFO] HTTP Request: GET https://njcaastats.prestosports.com/sports/mbkb/2025-26/div3/boxscores/20260212_ifx5.xml "HTTP/1.1 200 OK"
14:42:34 [INFO]   Loaded: 23 games, 555 player-game-stat rows
14:42:34 [INFO] 
[20/20] LaGuardia CC
14:42:34 [INFO] Scraping team: LaGuardia CC (laguardiacommunitycollege)
14:42:46 [INFO] HTTP Request: GET https://njcaastats.prestosports.com/sports/mbkb/2025-26/div3/teams/laguardiacommunitycollege?view=roster "HTTP/1.1 200 OK"
14:42:46 [INFO]   Roster: 8 players
14:42:58 [INFO] HTTP Request: GET https://njcaastats.prestosports.com/sports/mbkb/2025-26/div3/teams/laguardiacommunitycollege?view=gamelog "HTTP/1.1 200 OK"
14:42:59 [INFO]   Games: 26 with box scores
14:43:09 [INFO] HTTP Request: GET https://njcaastats.prestosports.com/sports/mbkb/2025-26/div3/boxscores/20251101_h2me.xml "HTTP/1.1 200 OK"
14:43:20 [INFO] HTTP Request: GET https://njcaastats.prestosports.com/sports/mbkb/2025-26/div3/boxscores/20251106_suzv.xml "HTTP/1.1 200 OK"
14:43:31 [INFO] HTTP Request: GET https://njcaastats.prestosports.com/sports/mbkb/2025-26/div3/boxscores/20251108_3uj7.xml "HTTP/1.1 200 OK"
14:43:42 [INFO] HTTP Request: GET https://njcaastats.prestosports.com/sports/mbkb/2025-26/div3/boxscores/20251111_sp7a.xml "HTTP/1.1 200 OK"
14:43:56 [INFO] HTTP Request: GET https://njcaastats.prestosports.com/sports/mbkb/2025-26/div3/boxscores/20251113_mctp.xml "HTTP/1.1 200 OK"
14:44:07 [INFO] HTTP Request: GET https://njcaastats.prestosports.com/sports/mbkb/2025-26/div3/boxscores/20251116_ohi5.xml "HTTP/1.1 200 OK"
14:44:18 [INFO] HTTP Request: GET https://njcaastats.prestosports.com/sports/mbkb/2025-26/div3/boxscores/20251118_ewf5.xml "HTTP/1.1 200 OK"
14:44:29 [INFO] HTTP Request: GET https://njcaastats.prestosports.com/sports/mbkb/2025-26/div3/boxscores/20251122_0hse.xml "HTTP/1.1 200 OK"
14:44:40 [INFO] HTTP Request: GET https://njcaastats.prestosports.com/sports/mbkb/2025-26/div3/boxscores/20251204_378k.xml "HTTP/1.1 200 OK"
14:44:51 [INFO] HTTP Request: GET https://njcaastats.prestosports.com/sports/mbkb/2025-26/div3/boxscores/20251206_li5u.xml "HTTP/1.1 200 OK"
14:45:02 [INFO] HTTP Request: GET https://njcaastats.prestosports.com/sports/mbkb/2025-26/div3/boxscores/20251209_ius3.xml "HTTP/1.1 200 OK"
14:45:14 [INFO] HTTP Request: GET https://njcaastats.prestosports.com/sports/mbkb/2025-26/div3/boxscores/20251216_dvc2.xml "HTTP/1.1 200 OK"
14:45:25 [INFO] HTTP Request: GET https://njcaastats.prestosports.com/sports/mbkb/2025-26/div3/boxscores/20260106_s5b8.xml "HTTP/1.1 200 OK"
14:45:36 [INFO] HTTP Request: GET https://njcaastats.prestosports.com/sports/mbkb/2025-26/div3/boxscores/20260107_sr7t.xml "HTTP/1.1 200 OK"
14:45:47 [INFO] HTTP Request: GET https://njcaastats.prestosports.com/sports/mbkb/2025-26/div3/boxscores/20260113_6b4u.xml "HTTP/1.1 200 OK"
14:45:58 [INFO] HTTP Request: GET https://njcaastats.prestosports.com/sports/mbkb/2025-26/div3/boxscores/20260117_tnti.xml "HTTP/1.1 200 OK"
14:46:09 [INFO] HTTP Request: GET https://njcaastats.prestosports.com/sports/mbkb/2025-26/div3/boxscores/20260120_6qh6.xml "HTTP/1.1 200 OK"
14:46:20 [INFO] HTTP Request: GET https://njcaastats.prestosports.com/sports/mbkb/2025-26/div3/boxscores/20260122_dm5n.xml "HTTP/1.1 200 OK"
14:46:31 [INFO] HTTP Request: GET https://njcaastats.prestosports.com/sports/mbkb/2025-26/div3/boxscores/20260124_e3cr.xml "HTTP/1.1 200 OK"
14:46:42 [INFO] HTTP Request: GET https://njcaastats.prestosports.com/sports/mbkb/2025-26/div3/boxscores/20260127_54xq.xml "HTTP/1.1 200 OK"
14:46:54 [INFO] HTTP Request: GET https://njcaastats.prestosports.com/sports/mbkb/2025-26/div3/boxscores/20260129_hp3u.xml "HTTP/1.1 200 OK"
14:47:05 [INFO] HTTP Request: GET https://njcaastats.prestosports.com/sports/mbkb/2025-26/div3/boxscores/20260131_u240.xml "HTTP/1.1 200 OK"
14:47:16 [INFO] HTTP Request: GET https://njcaastats.prestosports.com/sports/mbkb/2025-26/div3/boxscores/20260205_zv4m.xml "HTTP/1.1 200 OK"
14:47:27 [INFO] HTTP Request: GET https://njcaastats.prestosports.com/sports/mbkb/2025-26/div3/boxscores/20260207_g46u.xml "HTTP/1.1 200 OK"
14:47:38 [INFO] HTTP Request: GET https://njcaastats.prestosports.com/sports/mbkb/2025-26/div3/boxscores/20260217_e9y3.xml "HTTP/1.1 200 OK"
14:47:49 [INFO] HTTP Request: GET https://njcaastats.prestosports.com/sports/mbkb/2025-26/div3/boxscores/20260225_vs5x.xml "HTTP/1.1 200 OK"
14:47:49 [INFO]   Loaded: 26 games, 508 player-game-stat rows
14:47:49 [INFO] 
============================================================
14:47:49 [INFO]   BATCH COMPLETE: 20 teams, 479 games, 11062 PGS rows
14:47:49 [INFO] ============================================================

============================================================
  BATCH (njcaa_d3) — FINAL SUMMARY
============================================================
  Total teams discovered & scraped: 3295
  Total players in database:        31333
  Total games with box scores:      18717
  Total player_game_stats rows:     507400
  Total team_game_stats rows:       20946
  Total HTTP requests:              28408
  Failed URLs (in scrape_log):      474
============================================================
