17:05:01 [INFO] Batch: 20 teams, level=njcaa_d3, assoc=njcaa
17:05:01 [INFO] 
[1/20] Onondaga CC
17:05:01 [INFO] Scraping team: Onondaga CC (onondagacommunitycollege)
17:05:03 [INFO] HTTP Request: GET https://njcaastats.prestosports.com/sports/mbkb/2025-26/div3/teams/onondagacommunitycollege?view=roster "HTTP/1.1 200 OK"
17:05:04 [INFO]   Roster: 22 players
17:05:16 [INFO] HTTP Request: GET https://njcaastats.prestosports.com/sports/mbkb/2025-26/div3/teams/onondagacommunitycollege?view=gamelog "HTTP/1.1 200 OK"
17:05:16 [INFO]   Games: 30 with box scores
17:05:28 [INFO] HTTP Request: GET https://njcaastats.prestosports.com/sports/mbkb/2025-26/div3/boxscores/20251101_k99s.xml "HTTP/1.1 200 OK"
17:05:41 [INFO] HTTP Request: GET https://njcaastats.prestosports.com/sports/mbkb/2025-26/div3/boxscores/20251105_g3oq.xml "HTTP/1.1 200 OK"
17:05:52 [INFO] HTTP Request: GET https://njcaastats.prestosports.com/sports/mbkb/2025-26/div3/boxscores/20251108_axw0.xml "HTTP/1.1 200 OK"
17:06:04 [INFO] HTTP Request: GET https://njcaastats.prestosports.com/sports/mbkb/2025-26/div3/boxscores/20251109_ma9g.xml "HTTP/1.1 200 OK"
17:06:16 [INFO] HTTP Request: GET https://njcaastats.prestosports.com/sports/mbkb/2025-26/div3/boxscores/20251112_o0hi.xml "HTTP/1.1 200 OK"
17:06:27 [INFO] HTTP Request: GET https://njcaastats.prestosports.com/sports/mbkb/2025-26/div3/boxscores/20251115_es42.xml "HTTP/1.1 200 OK"
17:06:40 [INFO] HTTP Request: GET https://njcaastats.prestosports.com/sports/mbkb/2025-26/div3/boxscores/20251116_fraz.xml "HTTP/1.1 200 OK"
17:06:50 [INFO] HTTP Request: GET https://njcaastats.prestosports.com/sports/mbkb/2025-26/div3/boxscores/20251119_0p70.xml "HTTP/1.1 200 OK"
17:07:01 [INFO] HTTP Request: GET https://njcaastats.prestosports.com/sports/mbkb/2025-26/div3/boxscores/20251204_0mov.xml "HTTP/1.1 200 OK"
17:07:13 [INFO] HTTP Request: GET https://njcaastats.prestosports.com/sports/mbkb/2025-26/div3/boxscores/20251206_4836.xml "HTTP/1.1 200 OK"
17:07:24 [INFO] HTTP Request: GET https://njcaastats.prestosports.com/sports/mbkb/2025-26/div3/boxscores/20251210_4woe.xml "HTTP/1.1 200 OK"
17:07:35 [INFO] HTTP Request: GET https://njcaastats.prestosports.com/sports/mbkb/2025-26/div3/boxscores/20251214_1ux4.xml "HTTP/1.1 200 OK"
17:07:47 [INFO] HTTP Request: GET https://njcaastats.prestosports.com/sports/mbkb/2025-26/div3/boxscores/20260111_odyb.xml "HTTP/1.1 200 OK"
17:07:59 [INFO] HTTP Request: GET https://njcaastats.prestosports.com/sports/mbkb/2025-26/div3/boxscores/20260113_duzr.xml "HTTP/1.1 200 OK"
17:08:10 [INFO] HTTP Request: GET https://njcaastats.prestosports.com/sports/mbkb/2025-26/div3/boxscores/20260117_03zv.xml "HTTP/1.1 200 OK"
17:08:22 [INFO] HTTP Request: GET https://njcaastats.prestosports.com/sports/mbkb/2025-26/div3/boxscores/20260118_7f8m.xml "HTTP/1.1 200 OK"
17:08:34 [INFO] HTTP Request: GET https://njcaastats.prestosports.com/sports/mbkb/2025-26/div3/boxscores/20260121_q41n.xml "HTTP/1.1 200 OK"
17:08:44 [INFO] HTTP Request: GET https://njcaastats.prestosports.com/sports/mbkb/2025-26/div3/boxscores/20260124_shpo.xml "HTTP/1.1 200 OK"
17:08:56 [INFO] HTTP Request: GET https://njcaastats.prestosports.com/sports/mbkb/2025-26/div3/boxscores/20260128_cp2y.xml "HTTP/1.1 200 OK"
17:09:08 [INFO] HTTP Request: GET https://njcaastats.prestosports.com/sports/mbkb/2025-26/div3/boxscores/20260131_zr4i.xml "HTTP/1.1 200 OK"
17:09:19 [INFO] HTTP Request: GET https://njcaastats.prestosports.com/sports/mbkb/2025-26/div3/boxscores/20260201_q41s.xml "HTTP/1.1 200 OK"
17:09:30 [INFO] HTTP Request: GET https://njcaastats.prestosports.com/sports/mbkb/2025-26/div3/boxscores/20260203_jr05.xml "HTTP/1.1 200 OK"
17:09:41 [INFO] HTTP Request: GET https://njcaastats.prestosports.com/sports/mbkb/2025-26/div3/boxscores/20260207_10xd.xml "HTTP/1.1 200 OK"
17:09:52 [INFO] HTTP Request: GET https://njcaastats.prestosports.com/sports/mbkb/2025-26/div3/boxscores/20260211_oanb.xml "HTTP/1.1 200 OK"
17:10:03 [INFO] HTTP Request: GET https://njcaastats.prestosports.com/sports/mbkb/2025-26/div3/boxscores/20260214_v790.xml "HTTP/1.1 200 OK"
17:10:14 [INFO] HTTP Request: GET https://njcaastats.prestosports.com/sports/mbkb/2025-26/div3/boxscores/20260215_0sdw.xml "HTTP/1.1 200 OK"
17:10:26 [INFO] HTTP Request: GET https://njcaastats.prestosports.com/sports/mbkb/2025-26/div3/boxscores/20260218_jo9e.xml "HTTP/1.1 200 OK"
17:10:37 [INFO] HTTP Request: GET https://njcaastats.prestosports.com/sports/mbkb/2025-26/div3/boxscores/20260221_fq7t.xml "HTTP/1.1 200 OK"
17:10:48 [INFO] HTTP Request: GET https://njcaastats.prestosports.com/sports/mbkb/2025-26/div3/boxscores/20260227_hyoq.xml "HTTP/1.1 200 OK"
17:10:59 [INFO] HTTP Request: GET https://njcaastats.prestosports.com/sports/mbkb/2025-26/div3/boxscores/20260228_ojr5.xml "HTTP/1.1 200 OK"
17:10:59 [INFO]   Loaded: 30 games, 729 player-game-stat rows
17:10:59 [INFO] 
[2/20] Owens CC
17:10:59 [INFO] Scraping team: Owens CC (owenscommunitycollege)
17:11:11 [INFO] HTTP Request: GET https://njcaastats.prestosports.com/sports/mbkb/2025-26/div3/teams/owenscommunitycollege?view=roster "HTTP/1.1 200 OK"
17:11:11 [INFO]   Roster: 15 players
17:11:23 [INFO] HTTP Request: GET https://njcaastats.prestosports.com/sports/mbkb/2025-26/div3/teams/owenscommunitycollege?view=gamelog "HTTP/1.1 200 OK"
17:11:24 [INFO]   Games: 29 with box scores
17:11:35 [INFO] HTTP Request: GET https://njcaastats.prestosports.com/sports/mbkb/2025-26/div3/boxscores/20251103_v91t.xml "HTTP/1.1 200 OK"
17:11:46 [INFO] HTTP Request: GET https://njcaastats.prestosports.com/sports/mbkb/2025-26/div3/boxscores/20251107_oi0d.xml "HTTP/1.1 200 OK"
17:11:58 [INFO] HTTP Request: GET https://njcaastats.prestosports.com/sports/mbkb/2025-26/div3/boxscores/20251110_exlb.xml "HTTP/1.1 200 OK"
17:12:09 [INFO] HTTP Request: GET https://njcaastats.prestosports.com/sports/mbkb/2025-26/div3/boxscores/20251111_bwzu.xml "HTTP/1.1 200 OK"
17:12:20 [INFO] HTTP Request: GET https://njcaastats.prestosports.com/sports/mbkb/2025-26/div3/boxscores/20251113_6uk4.xml "HTTP/1.1 200 OK"
17:12:32 [INFO] HTTP Request: GET https://njcaastats.prestosports.com/sports/mbkb/2025-26/div3/boxscores/20251118_ey09.xml "HTTP/1.1 200 OK"
17:12:43 [INFO] HTTP Request: GET https://njcaastats.prestosports.com/sports/mbkb/2025-26/div3/boxscores/20251119_0mmw.xml "HTTP/1.1 200 OK"
17:12:55 [INFO] HTTP Request: GET https://njcaastats.prestosports.com/sports/mbkb/2025-26/div3/boxscores/20251122_nsu8.xml "HTTP/1.1 200 OK"
17:13:10 [INFO] HTTP Request: GET https://njcaastats.prestosports.com/sports/mbkb/2025-26/div3/boxscores/20251125_31sn.xml "HTTP/1.1 200 OK"
17:13:25 [INFO] HTTP Request: GET https://njcaastats.prestosports.com/sports/mbkb/2025-26/div3/boxscores/20251129_348x.xml "HTTP/1.1 200 OK"
17:13:37 [INFO] HTTP Request: GET https://njcaastats.prestosports.com/sports/mbkb/2025-26/div3/boxscores/20251130_jabb.xml "HTTP/1.1 200 OK"
17:13:48 [INFO] HTTP Request: GET https://njcaastats.prestosports.com/sports/mbkb/2025-26/div3/boxscores/20251203_2fv4.xml "HTTP/1.1 200 OK"
17:13:59 [INFO] HTTP Request: GET https://njcaastats.prestosports.com/sports/mbkb/2025-26/div3/boxscores/20251206_i3u1.xml "HTTP/1.1 200 OK"
17:14:11 [INFO] HTTP Request: GET https://njcaastats.prestosports.com/sports/mbkb/2025-26/div3/boxscores/20251208_6xsd.xml "HTTP/1.1 200 OK"
17:14:23 [INFO] HTTP Request: GET https://njcaastats.prestosports.com/sports/mbkb/2025-26/div3/boxscores/20251210_gzrl.xml "HTTP/1.1 200 OK"
17:14:34 [INFO] HTTP Request: GET https://njcaastats.prestosports.com/sports/mbkb/2025-26/div3/boxscores/20251213_swlz.xml "HTTP/1.1 200 OK"
17:14:46 [INFO] HTTP Request: GET https://njcaastats.prestosports.com/sports/mbkb/2025-26/div3/boxscores/20251217_vuql.xml "HTTP/1.1 200 OK"
17:14:58 [INFO] HTTP Request: GET https://njcaastats.prestosports.com/sports/mbkb/2025-26/div3/boxscores/20260106_b3cf.xml "HTTP/1.1 200 OK"
17:15:09 [INFO] HTTP Request: GET https://njcaastats.prestosports.com/sports/mbkb/2025-26/div3/boxscores/20260114_rukw.xml "HTTP/1.1 200 OK"
17:15:20 [INFO] HTTP Request: GET https://njcaastats.prestosports.com/sports/mbkb/2025-26/div3/boxscores/20260117_703k.xml "HTTP/1.1 200 OK"
17:15:31 [INFO] HTTP Request: GET https://njcaastats.prestosports.com/sports/mbkb/2025-26/div3/boxscores/20260121_sc2z.xml "HTTP/1.1 200 OK"
17:15:42 [INFO] HTTP Request: GET https://njcaastats.prestosports.com/sports/mbkb/2025-26/div3/boxscores/20260124_1rjs.xml "HTTP/1.1 200 OK"
17:15:53 [INFO] HTTP Request: GET https://njcaastats.prestosports.com/sports/mbkb/2025-26/div3/boxscores/20260131_d4gg.xml "HTTP/1.1 200 OK"
17:16:05 [INFO] HTTP Request: GET https://njcaastats.prestosports.com/sports/mbkb/2025-26/div3/boxscores/20260204_rv5o.xml "HTTP/1.1 200 OK"
17:16:16 [INFO] HTTP Request: GET https://njcaastats.prestosports.com/sports/mbkb/2025-26/div3/boxscores/20260209_d4n5.xml "HTTP/1.1 200 OK"
17:16:27 [INFO] HTTP Request: GET https://njcaastats.prestosports.com/sports/mbkb/2025-26/div3/boxscores/20260211_3518.xml "HTTP/1.1 200 OK"
17:16:39 [INFO] HTTP Request: GET https://njcaastats.prestosports.com/sports/mbkb/2025-26/div3/boxscores/20260214_rhju.xml "HTTP/1.1 200 OK"
17:16:50 [INFO] HTTP Request: GET https://njcaastats.prestosports.com/sports/mbkb/2025-26/div3/boxscores/20260217_jk8t.xml "HTTP/1.1 200 OK"
17:17:01 [INFO] HTTP Request: GET https://njcaastats.prestosports.com/sports/mbkb/2025-26/div3/boxscores/20260218_w26m.xml "HTTP/1.1 200 OK"
17:17:01 [INFO]   Loaded: 29 games, 716 player-game-stat rows
17:17:01 [INFO] 
[3/20] Oxford College of Emory University
17:17:01 [INFO] Scraping team: Oxford College of Emory University (oxfordcollegeofemoryuniversity)
17:17:12 [INFO] HTTP Request: GET https://njcaastats.prestosports.com/sports/mbkb/2025-26/div3/teams/oxfordcollegeofemoryuniversity?view=roster "HTTP/1.1 200 OK"
17:17:13 [INFO]   Roster: 15 players
17:17:25 [INFO] HTTP Request: GET https://njcaastats.prestosports.com/sports/mbkb/2025-26/div3/teams/oxfordcollegeofemoryuniversity?view=gamelog "HTTP/1.1 200 OK"
17:17:25 [INFO]   Games: 28 with box scores
17:17:37 [INFO] HTTP Request: GET https://njcaastats.prestosports.com/sports/mbkb/2025-26/div3/boxscores/20251103_9f9w.xml "HTTP/1.1 200 OK"
17:17:48 [INFO] HTTP Request: GET https://njcaastats.prestosports.com/sports/mbkb/2025-26/div3/boxscores/20251105_th1z.xml "HTTP/1.1 200 OK"
17:18:00 [INFO] HTTP Request: GET https://njcaastats.prestosports.com/sports/mbkb/2025-26/div3/boxscores/20251108_5g4m.xml "HTTP/1.1 200 OK"
17:18:14 [INFO] HTTP Request: GET https://njcaastats.prestosports.com/sports/mbkb/2025-26/div3/boxscores/20251112_g4t7.xml "HTTP/1.1 200 OK"
17:18:25 [INFO] HTTP Request: GET https://njcaastats.prestosports.com/sports/mbkb/2025-26/div3/boxscores/20251115_oisw.xml "HTTP/1.1 200 OK"
17:18:36 [INFO] HTTP Request: GET https://njcaastats.prestosports.com/sports/mbkb/2025-26/div3/boxscores/20251117_j30t.xml "HTTP/1.1 200 OK"
17:18:48 [INFO] HTTP Request: GET https://njcaastats.prestosports.com/sports/mbkb/2025-26/div3/boxscores/20251120_o4g9.xml "HTTP/1.1 200 OK"
17:18:59 [INFO] HTTP Request: GET https://njcaastats.prestosports.com/sports/mbkb/2025-26/div3/boxscores/20251124_6yes.xml "HTTP/1.1 200 OK"
17:19:10 [INFO] HTTP Request: GET https://njcaastats.prestosports.com/sports/mbkb/2025-26/div3/boxscores/20251202_qavj.xml "HTTP/1.1 200 OK"
17:19:21 [INFO] HTTP Request: GET https://njcaastats.prestosports.com/sports/mbkb/2025-26/div3/boxscores/20251205_6dq1.xml "HTTP/1.1 200 OK"
17:19:35 [INFO] HTTP Request: GET https://njcaastats.prestosports.com/sports/mbkb/2025-26/div3/boxscores/20251206_bq38.xml "HTTP/1.1 200 OK"
17:19:46 [INFO] HTTP Request: GET https://njcaastats.prestosports.com/sports/mbkb/2025-26/div3/boxscores/20251209_3al3.xml "HTTP/1.1 200 OK"
17:19:57 [INFO] HTTP Request: GET https://njcaastats.prestosports.com/sports/mbkb/2025-26/div3/boxscores/20260108_dr92.xml "HTTP/1.1 200 OK"
17:20:09 [INFO] HTTP Request: GET https://njcaastats.prestosports.com/sports/mbkb/2025-26/div3/boxscores/20260110_agrc.xml "HTTP/1.1 200 OK"
17:20:20 [INFO] HTTP Request: GET https://njcaastats.prestosports.com/sports/mbkb/2025-26/div3/boxscores/20260111_v470.xml "HTTP/1.1 200 OK"
17:20:31 [INFO] HTTP Request: GET https://njcaastats.prestosports.com/sports/mbkb/2025-26/div3/boxscores/20260113_o1em.xml "HTTP/1.1 200 OK"
17:20:42 [INFO] HTTP Request: GET https://njcaastats.prestosports.com/sports/mbkb/2025-26/div3/boxscores/20260117_33qq.xml "HTTP/1.1 200 OK"
17:20:53 [INFO] HTTP Request: GET https://njcaastats.prestosports.com/sports/mbkb/2025-26/div3/boxscores/20260120_ddmj.xml "HTTP/1.1 200 OK"
17:21:04 [INFO] HTTP Request: GET https://njcaastats.prestosports.com/sports/mbkb/2025-26/div3/boxscores/20260123_62th.xml "HTTP/1.1 200 OK"
17:21:16 [INFO] HTTP Request: GET https://njcaastats.prestosports.com/sports/mbkb/2025-26/div3/boxscores/20260128_2u6s.xml "HTTP/1.1 200 OK"
17:21:27 [INFO] HTTP Request: GET https://njcaastats.prestosports.com/sports/mbkb/2025-26/div3/boxscores/20260204_xx12.xml "HTTP/1.1 200 OK"
17:21:39 [INFO] HTTP Request: GET https://njcaastats.prestosports.com/sports/mbkb/2025-26/div3/boxscores/20260207_a7uv.xml "HTTP/1.1 200 OK"
17:21:50 [INFO] HTTP Request: GET https://njcaastats.prestosports.com/sports/mbkb/2025-26/div3/boxscores/20260208_t3bj.xml "HTTP/1.1 200 OK"
17:22:28 [INFO] HTTP Request: GET https://njcaastats.prestosports.com/sports/mbkb/2025-26/div3/boxscores/20260211_vgou.xml "HTTP/1.1 200 OK"
17:22:40 [INFO] HTTP Request: GET https://njcaastats.prestosports.com/sports/mbkb/2025-26/div3/boxscores/20260213_kpwa.xml "HTTP/1.1 200 OK"
17:22:53 [INFO] HTTP Request: GET https://njcaastats.prestosports.com/sports/mbkb/2025-26/div3/boxscores/20260214_4w3d.xml "HTTP/1.1 200 OK"
17:23:04 [INFO] HTTP Request: GET https://njcaastats.prestosports.com/sports/mbkb/2025-26/div3/boxscores/20260215_0ixu.xml "HTTP/1.1 200 OK"
17:23:15 [INFO] HTTP Request: GET https://njcaastats.prestosports.com/sports/mbkb/2025-26/div3/boxscores/20260221_oc4x.xml "HTTP/1.1 200 OK"
17:23:15 [INFO]   Loaded: 28 games, 681 player-game-stat rows
17:23:15 [INFO] 
[4/20] Passaic County CC
17:23:15 [INFO] Scraping team: Passaic County CC (passaiccountycommunitycollege)
17:23:27 [INFO] HTTP Request: GET https://njcaastats.prestosports.com/sports/mbkb/2025-26/div3/teams/passaiccountycommunitycollege?view=roster "HTTP/1.1 200 OK"
17:23:27 [INFO]   Roster: 12 players
17:23:39 [INFO] HTTP Request: GET https://njcaastats.prestosports.com/sports/mbkb/2025-26/div3/teams/passaiccountycommunitycollege?view=gamelog "HTTP/1.1 200 OK"
17:23:40 [INFO]   Games: 29 with box scores
17:23:50 [INFO] HTTP Request: GET https://njcaastats.prestosports.com/sports/mbkb/2025-26/div3/boxscores/20251106_uf5c.xml "HTTP/1.1 200 OK"
17:24:02 [INFO] HTTP Request: GET https://njcaastats.prestosports.com/sports/mbkb/2025-26/div3/boxscores/20251108_sixc.xml "HTTP/1.1 200 OK"
17:24:13 [INFO] HTTP Request: GET https://njcaastats.prestosports.com/sports/mbkb/2025-26/div3/boxscores/20251111_dxk0.xml "HTTP/1.1 200 OK"
17:24:24 [INFO] HTTP Request: GET https://njcaastats.prestosports.com/sports/mbkb/2025-26/div3/boxscores/20251113_bpjp.xml "HTTP/1.1 200 OK"
17:24:36 [INFO] HTTP Request: GET https://njcaastats.prestosports.com/sports/mbkb/2025-26/div3/boxscores/20251118_2aap.xml "HTTP/1.1 200 OK"
17:24:47 [INFO] HTTP Request: GET https://njcaastats.prestosports.com/sports/mbkb/2025-26/div3/boxscores/20251120_y7mo.xml "HTTP/1.1 200 OK"
17:24:59 [INFO] HTTP Request: GET https://njcaastats.prestosports.com/sports/mbkb/2025-26/div3/boxscores/20251122_h27n.xml "HTTP/1.1 200 OK"
17:25:10 [INFO] HTTP Request: GET https://njcaastats.prestosports.com/sports/mbkb/2025-26/div3/boxscores/20251125_29wh.xml "HTTP/1.1 200 OK"
17:25:21 [INFO] HTTP Request: GET https://njcaastats.prestosports.com/sports/mbkb/2025-26/div3/boxscores/20251206_vimj.xml "HTTP/1.1 200 OK"
17:25:32 [INFO] HTTP Request: GET https://njcaastats.prestosports.com/sports/mbkb/2025-26/div3/boxscores/20251211_hvfp.xml "HTTP/1.1 200 OK"
17:25:43 [INFO] HTTP Request: GET https://njcaastats.prestosports.com/sports/mbkb/2025-26/div3/boxscores/20251213_isbp.xml "HTTP/1.1 200 OK"
17:25:54 [INFO] HTTP Request: GET https://njcaastats.prestosports.com/sports/mbkb/2025-26/div3/boxscores/20251216_0mx6.xml "HTTP/1.1 200 OK"
17:26:05 [INFO] HTTP Request: GET https://njcaastats.prestosports.com/sports/mbkb/2025-26/div3/boxscores/20251218_hf9o.xml "HTTP/1.1 200 OK"
17:26:16 [INFO] HTTP Request: GET https://njcaastats.prestosports.com/sports/mbkb/2025-26/div3/boxscores/20251220_1a5g.xml "HTTP/1.1 200 OK"
17:26:27 [INFO] HTTP Request: GET https://njcaastats.prestosports.com/sports/mbkb/2025-26/div3/boxscores/20260103_dmg6.xml "HTTP/1.1 200 OK"
17:26:39 [INFO] HTTP Request: GET https://njcaastats.prestosports.com/sports/mbkb/2025-26/div3/boxscores/20260108_gu7c.xml "HTTP/1.1 200 OK"
17:26:50 [INFO] HTTP Request: GET https://njcaastats.prestosports.com/sports/mbkb/2025-26/div3/boxscores/20260113_bn8v.xml "HTTP/1.1 200 OK"
17:27:01 [INFO] HTTP Request: GET https://njcaastats.prestosports.com/sports/mbkb/2025-26/div3/boxscores/20260115_u7lc.xml "HTTP/1.1 200 OK"
17:27:12 [INFO] HTTP Request: GET https://njcaastats.prestosports.com/sports/mbkb/2025-26/div3/boxscores/20260117_18tp.xml "HTTP/1.1 200 OK"
17:27:23 [INFO] HTTP Request: GET https://njcaastats.prestosports.com/sports/mbkb/2025-26/div3/boxscores/20260120_kjw6.xml "HTTP/1.1 200 OK"
17:27:34 [INFO] HTTP Request: GET https://njcaastats.prestosports.com/sports/mbkb/2025-26/div3/boxscores/20260129_cs2q.xml "HTTP/1.1 200 OK"
17:27:45 [INFO] HTTP Request: GET https://njcaastats.prestosports.com/sports/mbkb/2025-26/div3/boxscores/20260131_y4re.xml "HTTP/1.1 200 OK"
17:27:56 [INFO] HTTP Request: GET https://njcaastats.prestosports.com/sports/mbkb/2025-26/div3/boxscores/20260203_01pg.xml "HTTP/1.1 200 OK"
17:28:07 [INFO] HTTP Request: GET https://njcaastats.prestosports.com/sports/mbkb/2025-26/div3/boxscores/20260205_kaje.xml "HTTP/1.1 200 OK"
17:28:24 [INFO] HTTP Request: GET https://njcaastats.prestosports.com/sports/mbkb/2025-26/div3/boxscores/20260207_7fde.xml "HTTP/1.1 200 OK"
17:28:35 [INFO] HTTP Request: GET https://njcaastats.prestosports.com/sports/mbkb/2025-26/div3/boxscores/20260210_uine.xml "HTTP/1.1 200 OK"
17:28:46 [INFO] HTTP Request: GET https://njcaastats.prestosports.com/sports/mbkb/2025-26/div3/boxscores/20260212_z8nj.xml "HTTP/1.1 200 OK"
17:28:57 [INFO] HTTP Request: GET https://njcaastats.prestosports.com/sports/mbkb/2025-26/div3/boxscores/20260214_bph6.xml "HTTP/1.1 200 OK"
17:29:09 [INFO] HTTP Request: GET https://njcaastats.prestosports.com/sports/mbkb/2025-26/div3/boxscores/20260217_xuxs.xml "HTTP/1.1 200 OK"
17:29:09 [INFO]   Loaded: 29 games, 600 player-game-stat rows
17:29:09 [INFO] 
[5/20] Patrick & Henry CC
17:29:09 [INFO] Scraping team: Patrick & Henry CC (patrickhenrycommunitycollege)
17:29:37 [INFO] HTTP Request: GET https://njcaastats.prestosports.com/sports/mbkb/2025-26/div3/teams/patrickhenrycommunitycollege?view=roster "HTTP/1.1 200 OK"
17:29:37 [INFO]   Roster: 13 players
17:29:50 [INFO] HTTP Request: GET https://njcaastats.prestosports.com/sports/mbkb/2025-26/div3/teams/patrickhenrycommunitycollege?view=gamelog "HTTP/1.1 200 OK"
17:29:51 [INFO]   Games: 25 with box scores
17:30:02 [INFO] HTTP Request: GET https://njcaastats.prestosports.com/sports/mbkb/2025-26/div3/boxscores/20251103_xf0w.xml "HTTP/1.1 200 OK"
17:30:13 [INFO] HTTP Request: GET https://njcaastats.prestosports.com/sports/mbkb/2025-26/div3/boxscores/20251105_zde4.xml "HTTP/1.1 200 OK"
17:30:24 [INFO] HTTP Request: GET https://njcaastats.prestosports.com/sports/mbkb/2025-26/div3/boxscores/20251109_xo9a.xml "HTTP/1.1 200 OK"
17:30:35 [INFO] HTTP Request: GET https://njcaastats.prestosports.com/sports/mbkb/2025-26/div3/boxscores/20251111_t3v2.xml "HTTP/1.1 200 OK"
17:30:47 [INFO] HTTP Request: GET https://njcaastats.prestosports.com/sports/mbkb/2025-26/div3/boxscores/20251115_tpf2.xml "HTTP/1.1 200 OK"
17:30:58 [INFO] HTTP Request: GET https://njcaastats.prestosports.com/sports/mbkb/2025-26/div3/boxscores/20251117_ffr7.xml "HTTP/1.1 200 OK"
17:31:12 [INFO] HTTP Request: GET https://njcaastats.prestosports.com/sports/mbkb/2025-26/div3/boxscores/20251119_j1l5.xml "HTTP/1.1 200 OK"
17:31:25 [INFO] HTTP Request: GET https://njcaastats.prestosports.com/sports/mbkb/2025-26/div3/boxscores/20251125_3g54.xml "HTTP/1.1 200 OK"
17:31:36 [INFO] HTTP Request: GET https://njcaastats.prestosports.com/sports/mbkb/2025-26/div3/boxscores/20251201_kn0x.xml "HTTP/1.1 200 OK"
17:31:47 [INFO] HTTP Request: GET https://njcaastats.prestosports.com/sports/mbkb/2025-26/div3/boxscores/20251203_eko2.xml "HTTP/1.1 200 OK"
17:31:58 [INFO] HTTP Request: GET https://njcaastats.prestosports.com/sports/mbkb/2025-26/div3/boxscores/20251212_9h13.xml "HTTP/1.1 200 OK"
17:32:09 [INFO] HTTP Request: GET https://njcaastats.prestosports.com/sports/mbkb/2025-26/div3/boxscores/20251217_nckg.xml "HTTP/1.1 200 OK"
17:32:21 [INFO] HTTP Request: GET https://njcaastats.prestosports.com/sports/mbkb/2025-26/div3/boxscores/20251230_ggrf.xml "HTTP/1.1 200 OK"
17:32:32 [INFO] HTTP Request: GET https://njcaastats.prestosports.com/sports/mbkb/2025-26/div3/boxscores/20260106_i219.xml "HTTP/1.1 200 OK"
17:32:44 [INFO] HTTP Request: GET https://njcaastats.prestosports.com/sports/mbkb/2025-26/div3/boxscores/20260110_xfnf.xml "HTTP/1.1 200 OK"
17:32:55 [INFO] HTTP Request: GET https://njcaastats.prestosports.com/sports/mbkb/2025-26/div3/boxscores/20260114_tp8a.xml "HTTP/1.1 200 OK"
17:33:06 [INFO] HTTP Request: GET https://njcaastats.prestosports.com/sports/mbkb/2025-26/div3/boxscores/20260117_33qq.xml "HTTP/1.1 200 OK"
17:33:17 [INFO] HTTP Request: GET https://njcaastats.prestosports.com/sports/mbkb/2025-26/div3/boxscores/20260118_650v.xml "HTTP/1.1 200 OK"
17:33:28 [INFO] HTTP Request: GET https://njcaastats.prestosports.com/sports/mbkb/2025-26/div3/boxscores/20260207_a7uv.xml "HTTP/1.1 200 OK"
17:33:39 [INFO] HTTP Request: GET https://njcaastats.prestosports.com/sports/mbkb/2025-26/div3/boxscores/20260208_4g3y.xml "HTTP/1.1 200 OK"
17:33:50 [INFO] HTTP Request: GET https://njcaastats.prestosports.com/sports/mbkb/2025-26/div3/boxscores/20260211_deki.xml "HTTP/1.1 200 OK"
17:34:01 [INFO] HTTP Request: GET https://njcaastats.prestosports.com/sports/mbkb/2025-26/div3/boxscores/20260213_onrz.xml "HTTP/1.1 200 OK"
17:34:13 [INFO] HTTP Request: GET https://njcaastats.prestosports.com/sports/mbkb/2025-26/div3/boxscores/20260217_gpea.xml "HTTP/1.1 200 OK"
17:34:25 [INFO] HTTP Request: GET https://njcaastats.prestosports.com/sports/mbkb/2025-26/div3/boxscores/20260220_tex4.xml "HTTP/1.1 200 OK"
17:34:39 [INFO] HTTP Request: GET https://njcaastats.prestosports.com/sports/mbkb/2025-26/div3/boxscores/20260221_31hy.xml "HTTP/1.1 200 OK"
17:34:39 [INFO]   Loaded: 25 games, 519 player-game-stat rows
17:34:39 [INFO] 
[6/20] Pennsylvania Highlands CC
17:34:39 [INFO] Scraping team: Pennsylvania Highlands CC (pennsylvaniahighlandscommunitycollege)
17:34:52 [INFO] HTTP Request: GET https://njcaastats.prestosports.com/sports/mbkb/2025-26/div3/teams/pennsylvaniahighlandscommunitycollege?view=roster "HTTP/1.1 200 OK"
17:34:53 [INFO]   Roster: 11 players
17:35:07 [INFO] HTTP Request: GET https://njcaastats.prestosports.com/sports/mbkb/2025-26/div3/teams/pennsylvaniahighlandscommunitycollege?view=gamelog "HTTP/1.1 200 OK"
17:35:08 [INFO]   Games: 29 with box scores
17:35:20 [INFO] HTTP Request: GET https://njcaastats.prestosports.com/sports/mbkb/2025-26/div3/boxscores/20251101_r547.xml "HTTP/1.1 200 OK"
17:35:33 [INFO] HTTP Request: GET https://njcaastats.prestosports.com/sports/mbkb/2025-26/div3/boxscores/20251102_en9f.xml "HTTP/1.1 200 OK"
17:35:48 [INFO] HTTP Request: GET https://njcaastats.prestosports.com/sports/mbkb/2025-26/div3/boxscores/20251104_jcoj.xml "HTTP/1.1 200 OK"
17:36:00 [INFO] HTTP Request: GET https://njcaastats.prestosports.com/sports/mbkb/2025-26/div3/boxscores/20251105_3e7x.xml "HTTP/1.1 200 OK"
17:36:14 [INFO] HTTP Request: GET https://njcaastats.prestosports.com/sports/mbkb/2025-26/div3/boxscores/20251108_lfir.xml "HTTP/1.1 200 OK"
17:36:29 [INFO] HTTP Request: GET https://njcaastats.prestosports.com/sports/mbkb/2025-26/div3/boxscores/20251111_yotr.xml "HTTP/1.1 200 OK"
17:36:42 [INFO] HTTP Request: GET https://njcaastats.prestosports.com/sports/mbkb/2025-26/div3/boxscores/20251115_au84.xml "HTTP/1.1 200 OK"
17:36:53 [INFO] HTTP Request: GET https://njcaastats.prestosports.com/sports/mbkb/2025-26/div3/boxscores/20251116_54or.xml "HTTP/1.1 200 OK"
17:37:07 [INFO] HTTP Request: GET https://njcaastats.prestosports.com/sports/mbkb/2025-26/div3/boxscores/20251118_5cq7.xml "HTTP/1.1 200 OK"
17:37:22 [INFO] HTTP Request: GET https://njcaastats.prestosports.com/sports/mbkb/2025-26/div3/boxscores/20251123_4a0f.xml "HTTP/1.1 200 OK"
17:37:36 [INFO] HTTP Request: GET https://njcaastats.prestosports.com/sports/mbkb/2025-26/div3/boxscores/20251205_f9xx.xml "HTTP/1.1 200 OK"
17:37:51 [INFO] HTTP Request: GET https://njcaastats.prestosports.com/sports/mbkb/2025-26/div3/boxscores/20251212_cf3t.xml "HTTP/1.1 200 OK"
17:38:04 [INFO] HTTP Request: GET https://njcaastats.prestosports.com/sports/mbkb/2025-26/div3/boxscores/20251216_d0ws.xml "HTTP/1.1 200 OK"
17:38:18 [INFO] HTTP Request: GET https://njcaastats.prestosports.com/sports/mbkb/2025-26/div3/boxscores/20251219_ypth.xml "HTTP/1.1 200 OK"
17:38:31 [INFO] HTTP Request: GET https://njcaastats.prestosports.com/sports/mbkb/2025-26/div3/boxscores/20251220_snl8.xml "HTTP/1.1 200 OK"
17:38:44 [INFO] HTTP Request: GET https://njcaastats.prestosports.com/sports/mbkb/2025-26/div3/boxscores/20251222_cw5d.xml "HTTP/1.1 200 OK"
17:38:57 [INFO] HTTP Request: GET https://njcaastats.prestosports.com/sports/mbkb/2025-26/div3/boxscores/20260105_bb0n.xml "HTTP/1.1 200 OK"
17:39:10 [INFO] HTTP Request: GET https://njcaastats.prestosports.com/sports/mbkb/2025-26/div3/boxscores/20260107_1bwl.xml "HTTP/1.1 200 OK"
17:39:24 [INFO] HTTP Request: GET https://njcaastats.prestosports.com/sports/mbkb/2025-26/div3/boxscores/20260109_8jwq.xml "HTTP/1.1 200 OK"
17:39:38 [INFO] HTTP Request: GET https://njcaastats.prestosports.com/sports/mbkb/2025-26/div3/boxscores/20260112_lu4x.xml "HTTP/1.1 200 OK"
17:39:52 [INFO] HTTP Request: GET https://njcaastats.prestosports.com/sports/mbkb/2025-26/div3/boxscores/20260114_p44d.xml "HTTP/1.1 200 OK"
17:40:05 [INFO] HTTP Request: GET https://njcaastats.prestosports.com/sports/mbkb/2025-26/div3/boxscores/20260117_jvlm.xml "HTTP/1.1 200 OK"
17:40:21 [INFO] HTTP Request: GET https://njcaastats.prestosports.com/sports/mbkb/2025-26/div3/boxscores/20260128_fxw3.xml "HTTP/1.1 200 OK"
17:40:42 [INFO] HTTP Request: GET https://njcaastats.prestosports.com/sports/mbkb/2025-26/div3/boxscores/20260131_sdn4.xml "HTTP/1.1 200 OK"
17:40:53 [INFO] HTTP Request: GET https://njcaastats.prestosports.com/sports/mbkb/2025-26/div3/boxscores/20260202_cw9v.xml "HTTP/1.1 200 OK"
17:41:04 [INFO] HTTP Request: GET https://njcaastats.prestosports.com/sports/mbkb/2025-26/div3/boxscores/20260207_o44h.xml "HTTP/1.1 200 OK"
17:41:15 [INFO] HTTP Request: GET https://njcaastats.prestosports.com/sports/mbkb/2025-26/div3/boxscores/20260212_vu7r.xml "HTTP/1.1 200 OK"
17:41:26 [INFO] HTTP Request: GET https://njcaastats.prestosports.com/sports/mbkb/2025-26/div3/boxscores/20260221_ufe6.xml "HTTP/1.1 200 OK"
17:41:37 [INFO] HTTP Request: GET https://njcaastats.prestosports.com/sports/mbkb/2025-26/div3/boxscores/20260227_wrlv.xml "HTTP/1.1 200 OK"
17:41:37 [INFO]   Loaded: 29 games, 651 player-game-stat rows
17:41:37 [INFO] 
[7/20] Queensborough CC
17:41:37 [INFO] Scraping team: Queensborough CC (queensboroughcommunitycollege)
17:41:49 [INFO] HTTP Request: GET https://njcaastats.prestosports.com/sports/mbkb/2025-26/div3/teams/queensboroughcommunitycollege?view=roster "HTTP/1.1 200 OK"
17:41:49 [INFO]   Roster: 16 players
17:42:37 [INFO] HTTP Request: GET https://njcaastats.prestosports.com/sports/mbkb/2025-26/div3/teams/queensboroughcommunitycollege?view=gamelog "HTTP/1.1 200 OK"
17:42:37 [INFO]   Games: 27 with box scores
17:42:48 [INFO] HTTP Request: GET https://njcaastats.prestosports.com/sports/mbkb/2025-26/div3/boxscores/20251104_cuzz.xml "HTTP/1.1 200 OK"
17:42:59 [INFO] HTTP Request: GET https://njcaastats.prestosports.com/sports/mbkb/2025-26/div3/boxscores/20251106_0pbm.xml "HTTP/1.1 200 OK"
17:43:11 [INFO] HTTP Request: GET https://njcaastats.prestosports.com/sports/mbkb/2025-26/div3/boxscores/20251111_jbe8.xml "HTTP/1.1 200 OK"
17:43:22 [INFO] HTTP Request: GET https://njcaastats.prestosports.com/sports/mbkb/2025-26/div3/boxscores/20251116_eqkg.xml "HTTP/1.1 200 OK"
17:43:33 [INFO] HTTP Request: GET https://njcaastats.prestosports.com/sports/mbkb/2025-26/div3/boxscores/20251120_mfbj.xml "HTTP/1.1 200 OK"
17:43:44 [INFO] HTTP Request: GET https://njcaastats.prestosports.com/sports/mbkb/2025-26/div3/boxscores/20251122_tp1p.xml "HTTP/1.1 200 OK"
17:43:55 [INFO] HTTP Request: GET https://njcaastats.prestosports.com/sports/mbkb/2025-26/div3/boxscores/20251125_bnh1.xml "HTTP/1.1 200 OK"
17:44:06 [INFO] HTTP Request: GET https://njcaastats.prestosports.com/sports/mbkb/2025-26/div3/boxscores/20251204_378k.xml "HTTP/1.1 200 OK"
17:44:17 [INFO] HTTP Request: GET https://njcaastats.prestosports.com/sports/mbkb/2025-26/div3/boxscores/20251206_i2v4.xml "HTTP/1.1 200 OK"
17:44:28 [INFO] HTTP Request: GET https://njcaastats.prestosports.com/sports/mbkb/2025-26/div3/boxscores/20251209_fkab.xml "HTTP/1.1 200 OK"
17:44:40 [INFO] HTTP Request: GET https://njcaastats.prestosports.com/sports/mbkb/2025-26/div3/boxscores/20251211_jzv9.xml "HTTP/1.1 200 OK"
17:44:51 [INFO] HTTP Request: GET https://njcaastats.prestosports.com/sports/mbkb/2025-26/div3/boxscores/20251213_5rjm.xml "HTTP/1.1 200 OK"
17:45:02 [INFO] HTTP Request: GET https://njcaastats.prestosports.com/sports/mbkb/2025-26/div3/boxscores/20260108_mrxm.xml "HTTP/1.1 200 OK"
17:45:13 [INFO] HTTP Request: GET https://njcaastats.prestosports.com/sports/mbkb/2025-26/div3/boxscores/20260115_cvss.xml "HTTP/1.1 200 OK"
17:45:24 [INFO] HTTP Request: GET https://njcaastats.prestosports.com/sports/mbkb/2025-26/div3/boxscores/20260117_rtmn.xml "HTTP/1.1 200 OK"
17:45:35 [INFO] HTTP Request: GET https://njcaastats.prestosports.com/sports/mbkb/2025-26/div3/boxscores/20260120_2tct.xml "HTTP/1.1 200 OK"
17:45:47 [INFO] HTTP Request: GET https://njcaastats.prestosports.com/sports/mbkb/2025-26/div3/boxscores/20260122_dm5n.xml "HTTP/1.1 200 OK"
17:45:59 [INFO] HTTP Request: GET https://njcaastats.prestosports.com/sports/mbkb/2025-26/div3/boxscores/20260124_f8fd.xml "HTTP/1.1 200 OK"
17:46:10 [INFO] HTTP Request: GET https://njcaastats.prestosports.com/sports/mbkb/2025-26/div3/boxscores/20260131_qkqx.xml "HTTP/1.1 200 OK"
17:46:20 [INFO] HTTP Request: GET https://njcaastats.prestosports.com/sports/mbkb/2025-26/div3/boxscores/20260203_65ti.xml "HTTP/1.1 200 OK"
17:46:31 [INFO] HTTP Request: GET https://njcaastats.prestosports.com/sports/mbkb/2025-26/div3/boxscores/20260205_vxw1.xml "HTTP/1.1 200 OK"
17:47:03 [INFO] HTTP Request: GET https://njcaastats.prestosports.com/sports/mbkb/2025-26/div3/boxscores/20260207_n6av.xml "HTTP/1.1 200 OK"
17:47:15 [INFO] HTTP Request: GET https://njcaastats.prestosports.com/sports/mbkb/2025-26/div3/boxscores/20260212_ih9o.xml "HTTP/1.1 200 OK"
17:47:26 [INFO] HTTP Request: GET https://njcaastats.prestosports.com/sports/mbkb/2025-26/div3/boxscores/20260214_l4do.xml "HTTP/1.1 200 OK"
17:47:37 [INFO] HTTP Request: GET https://njcaastats.prestosports.com/sports/mbkb/2025-26/div3/boxscores/20260217_e9y3.xml "HTTP/1.1 200 OK"
17:47:48 [INFO] HTTP Request: GET https://njcaastats.prestosports.com/sports/mbkb/2025-26/div3/boxscores/20260220_5rib.xml "HTTP/1.1 200 OK"
17:47:59 [INFO] HTTP Request: GET https://njcaastats.prestosports.com/sports/mbkb/2025-26/div3/boxscores/20260225_4xza.xml "HTTP/1.1 200 OK"
17:48:00 [INFO]   Loaded: 27 games, 624 player-game-stat rows
17:48:00 [INFO] 
[8/20] Quincy College
17:48:00 [INFO] Scraping team: Quincy College (quincycollege)
17:48:12 [INFO] HTTP Request: GET https://njcaastats.prestosports.com/sports/mbkb/2025-26/div3/teams/quincycollege?view=roster "HTTP/1.1 200 OK"
17:48:13 [INFO]   Roster: 12 players
17:48:25 [INFO] HTTP Request: GET https://njcaastats.prestosports.com/sports/mbkb/2025-26/div3/teams/quincycollege?view=gamelog "HTTP/1.1 200 OK"
17:48:25 [INFO]   Games: 24 with box scores
17:48:36 [INFO] HTTP Request: GET https://njcaastats.prestosports.com/sports/mbkb/2025-26/div3/boxscores/20251102_3m0k.xml "HTTP/1.1 200 OK"
17:48:47 [INFO] HTTP Request: GET https://njcaastats.prestosports.com/sports/mbkb/2025-26/div3/boxscores/20251105_j5s8.xml "HTTP/1.1 200 OK"
17:49:29 [INFO] HTTP Request: GET https://njcaastats.prestosports.com/sports/mbkb/2025-26/div3/boxscores/20251111_cz4c.xml "HTTP/1.1 200 OK"
17:49:40 [INFO] HTTP Request: GET https://njcaastats.prestosports.com/sports/mbkb/2025-26/div3/boxscores/20251113_vygj.xml "HTTP/1.1 200 OK"
17:49:51 [INFO] HTTP Request: GET https://njcaastats.prestosports.com/sports/mbkb/2025-26/div3/boxscores/20251115_m1kg.xml "HTTP/1.1 200 OK"
17:50:03 [INFO] HTTP Request: GET https://njcaastats.prestosports.com/sports/mbkb/2025-26/div3/boxscores/20251118_yy71.xml "HTTP/1.1 200 OK"
17:50:14 [INFO] HTTP Request: GET https://njcaastats.prestosports.com/sports/mbkb/2025-26/div3/boxscores/20251121_7s4u.xml "HTTP/1.1 200 OK"
17:50:25 [INFO] HTTP Request: GET https://njcaastats.prestosports.com/sports/mbkb/2025-26/div3/boxscores/20251125_she6.xml "HTTP/1.1 200 OK"
17:50:37 [INFO] HTTP Request: GET https://njcaastats.prestosports.com/sports/mbkb/2025-26/div3/boxscores/20251202_q8gl.xml "HTTP/1.1 200 OK"
17:50:48 [INFO] HTTP Request: GET https://njcaastats.prestosports.com/sports/mbkb/2025-26/div3/boxscores/20251203_5t34.xml "HTTP/1.1 200 OK"
17:50:59 [INFO] HTTP Request: GET https://njcaastats.prestosports.com/sports/mbkb/2025-26/div3/boxscores/20251206_czqw.xml "HTTP/1.1 200 OK"
17:51:10 [INFO] HTTP Request: GET https://njcaastats.prestosports.com/sports/mbkb/2025-26/div3/boxscores/20251213_k47h.xml "HTTP/1.1 200 OK"
17:51:21 [INFO] HTTP Request: GET https://njcaastats.prestosports.com/sports/mbkb/2025-26/div3/boxscores/20260109_5tme.xml "HTTP/1.1 200 OK"
17:51:32 [INFO] HTTP Request: GET https://njcaastats.prestosports.com/sports/mbkb/2025-26/div3/boxscores/20260112_d9ko.xml "HTTP/1.1 200 OK"
17:51:44 [INFO] HTTP Request: GET https://njcaastats.prestosports.com/sports/mbkb/2025-26/div3/boxscores/20260120_iryr.xml "HTTP/1.1 200 OK"
17:51:55 [INFO] HTTP Request: GET https://njcaastats.prestosports.com/sports/mbkb/2025-26/div3/boxscores/20260124_m4rm.xml "HTTP/1.1 200 OK"
17:52:08 [INFO] HTTP Request: GET https://njcaastats.prestosports.com/sports/mbkb/2025-26/div3/boxscores/20260127_v6x6.xml "HTTP/1.1 200 OK"
17:52:22 [INFO] HTTP Request: GET https://njcaastats.prestosports.com/sports/mbkb/2025-26/div3/boxscores/20260130_rcsh.xml "HTTP/1.1 200 OK"
17:52:34 [INFO] HTTP Request: GET https://njcaastats.prestosports.com/sports/mbkb/2025-26/div3/boxscores/20260203_r156.xml "HTTP/1.1 200 OK"
17:52:48 [INFO] HTTP Request: GET https://njcaastats.prestosports.com/sports/mbkb/2025-26/div3/boxscores/20260206_8sbv.xml "HTTP/1.1 200 OK"
17:52:59 [INFO] HTTP Request: GET https://njcaastats.prestosports.com/sports/mbkb/2025-26/div3/boxscores/20260211_562y.xml "HTTP/1.1 200 OK"
17:53:10 [INFO] HTTP Request: GET https://njcaastats.prestosports.com/sports/mbkb/2025-26/div3/boxscores/20260216_gpwy.xml "HTTP/1.1 200 OK"
17:53:22 [INFO] HTTP Request: GET https://njcaastats.prestosports.com/sports/mbkb/2025-26/div3/boxscores/20260226_9qq6.xml "HTTP/1.1 200 OK"
17:53:34 [INFO] HTTP Request: GET https://njcaastats.prestosports.com/sports/mbkb/2025-26/div3/boxscores/20260227_0h71.xml "HTTP/1.1 200 OK"
17:53:34 [INFO]   Loaded: 24 games, 522 player-game-stat rows
17:53:34 [INFO] 
[9/20] Quinsigamond CC
17:53:34 [INFO] Scraping team: Quinsigamond CC (quinsigamondcommunitycollege)
17:53:48 [INFO] HTTP Request: GET https://njcaastats.prestosports.com/sports/mbkb/2025-26/div3/teams/quinsigamondcommunitycollege?view=roster "HTTP/1.1 200 OK"
17:53:48 [INFO]   Roster: 13 players
17:54:04 [INFO] HTTP Request: GET https://njcaastats.prestosports.com/sports/mbkb/2025-26/div3/teams/quinsigamondcommunitycollege?view=gamelog "HTTP/1.1 200 OK"
17:54:04 [INFO]   Games: 23 with box scores
17:54:19 [INFO] HTTP Request: GET https://njcaastats.prestosports.com/sports/mbkb/2025-26/div3/boxscores/20251106_656q.xml "HTTP/1.1 200 OK"
17:54:31 [INFO] HTTP Request: GET https://njcaastats.prestosports.com/sports/mbkb/2025-26/div3/boxscores/20251113_lg4d.xml "HTTP/1.1 200 OK"
17:54:45 [INFO] HTTP Request: GET https://njcaastats.prestosports.com/sports/mbkb/2025-26/div3/boxscores/20251115_rpia.xml "HTTP/1.1 200 OK"
17:54:58 [INFO] HTTP Request: GET https://njcaastats.prestosports.com/sports/mbkb/2025-26/div3/boxscores/20251117_232g.xml "HTTP/1.1 200 OK"
17:55:09 [INFO] HTTP Request: GET https://njcaastats.prestosports.com/sports/mbkb/2025-26/div3/boxscores/20251120_8g9t.xml "HTTP/1.1 200 OK"
17:55:23 [INFO] HTTP Request: GET https://njcaastats.prestosports.com/sports/mbkb/2025-26/div3/boxscores/20251121_7s4u.xml "HTTP/1.1 200 OK"
17:55:39 [INFO] HTTP Request: GET https://njcaastats.prestosports.com/sports/mbkb/2025-26/div3/boxscores/20251125_271n.xml "HTTP/1.1 200 OK"
17:55:51 [INFO] HTTP Request: GET https://njcaastats.prestosports.com/sports/mbkb/2025-26/div3/boxscores/20251204_s01y.xml "HTTP/1.1 200 OK"
17:56:04 [INFO] HTTP Request: GET https://njcaastats.prestosports.com/sports/mbkb/2025-26/div3/boxscores/20251206_7cra.xml "HTTP/1.1 200 OK"
17:56:16 [INFO] HTTP Request: GET https://njcaastats.prestosports.com/sports/mbkb/2025-26/div3/boxscores/20251209_e9r4.xml "HTTP/1.1 200 OK"
17:56:27 [INFO] HTTP Request: GET https://njcaastats.prestosports.com/sports/mbkb/2025-26/div3/boxscores/20251213_c2sr.xml "HTTP/1.1 200 OK"
17:57:37 [ERROR] Request failed: https://njcaastats.prestosports.com/sports/mbkb/2025-26/div3/boxscores/20251217_kuqn.xml — The read operation timed out
17:58:47 [ERROR] Request failed: https://njcaastats.prestosports.com/sports/mbkb/2025-26/div3/boxscores/20260115_rhe7.xml — The read operation timed out
17:58:58 [INFO] HTTP Request: GET https://njcaastats.prestosports.com/sports/mbkb/2025-26/div3/boxscores/20260120_ns8p.xml "HTTP/1.1 200 OK"
17:59:09 [INFO] HTTP Request: GET https://njcaastats.prestosports.com/sports/mbkb/2025-26/div3/boxscores/20260123_gpv6.xml "HTTP/1.1 200 OK"
17:59:20 [INFO] HTTP Request: GET https://njcaastats.prestosports.com/sports/mbkb/2025-26/div3/boxscores/20260130_fkw3.xml "HTTP/1.1 200 OK"
18:00:31 [ERROR] Request failed: https://njcaastats.prestosports.com/sports/mbkb/2025-26/div3/boxscores/20260203_h73a.xml — The read operation timed out
18:00:43 [INFO] HTTP Request: GET https://njcaastats.prestosports.com/sports/mbkb/2025-26/div3/boxscores/20260206_u0nr.xml "HTTP/1.1 200 OK"
18:00:54 [INFO] HTTP Request: GET https://njcaastats.prestosports.com/sports/mbkb/2025-26/div3/boxscores/20260210_62o6.xml "HTTP/1.1 200 OK"
18:01:07 [INFO] HTTP Request: GET https://njcaastats.prestosports.com/sports/mbkb/2025-26/div3/boxscores/20260213_xv0c.xml "HTTP/1.1 200 OK"
18:01:20 [INFO] HTTP Request: GET https://njcaastats.prestosports.com/sports/mbkb/2025-26/div3/boxscores/20260216_gpwy.xml "HTTP/1.1 200 OK"
18:01:31 [INFO] HTTP Request: GET https://njcaastats.prestosports.com/sports/mbkb/2025-26/div3/boxscores/20260221_2s83.xml "HTTP/1.1 200 OK"
18:01:43 [INFO] HTTP Request: GET https://njcaastats.prestosports.com/sports/mbkb/2025-26/div3/boxscores/20260222_qpz1.xml "HTTP/1.1 200 OK"
18:01:43 [INFO]   Loaded: 20 games, 480 player-game-stat rows
18:01:43 [INFO] 
[10/20] Ridgewater College
18:01:43 [INFO] Scraping team: Ridgewater College (ridgewatercollege)
18:02:53 [ERROR] Request failed: https://njcaastats.prestosports.com/sports/mbkb/2025-26/div3/teams/ridgewatercollege?view=roster — The read operation timed out
18:02:53 [INFO]   Roster: 0 players
18:03:27 [INFO] HTTP Request: GET https://njcaastats.prestosports.com/sports/mbkb/2025-26/div3/teams/ridgewatercollege?view=gamelog "HTTP/1.1 200 OK"
18:03:28 [INFO]   Games: 27 with box scores
18:03:39 [INFO] HTTP Request: GET https://njcaastats.prestosports.com/sports/mbkb/2025-26/div3/boxscores/20251107_tz0e.xml "HTTP/1.1 200 OK"
18:03:49 [INFO] HTTP Request: GET https://njcaastats.prestosports.com/sports/mbkb/2025-26/div3/boxscores/20251108_h98d.xml "HTTP/1.1 200 OK"
18:04:01 [INFO] HTTP Request: GET https://njcaastats.prestosports.com/sports/mbkb/2025-26/div3/boxscores/20251114_z68o.xml "HTTP/1.1 200 OK"
18:04:12 [INFO] HTTP Request: GET https://njcaastats.prestosports.com/sports/mbkb/2025-26/div3/boxscores/20251115_7des.xml "HTTP/1.1 200 OK"
18:04:23 [INFO] HTTP Request: GET https://njcaastats.prestosports.com/sports/mbkb/2025-26/div3/boxscores/20251121_a5fd.xml "HTTP/1.1 200 OK"
18:04:34 [INFO] HTTP Request: GET https://njcaastats.prestosports.com/sports/mbkb/2025-26/div3/boxscores/20251122_rypk.xml "HTTP/1.1 200 OK"
18:04:46 [INFO] HTTP Request: GET https://njcaastats.prestosports.com/sports/mbkb/2025-26/div3/boxscores/20251202_xshu.xml "HTTP/1.1 200 OK"
18:04:57 [INFO] HTTP Request: GET https://njcaastats.prestosports.com/sports/mbkb/2025-26/div3/boxscores/20251205_euqh.xml "HTTP/1.1 200 OK"
18:05:08 [INFO] HTTP Request: GET https://njcaastats.prestosports.com/sports/mbkb/2025-26/div3/boxscores/20251206_i0ap.xml "HTTP/1.1 200 OK"
18:05:19 [INFO] HTTP Request: GET https://njcaastats.prestosports.com/sports/mbkb/2025-26/div3/boxscores/20251212_pa0y.xml "HTTP/1.1 200 OK"
18:05:31 [INFO] HTTP Request: GET https://njcaastats.prestosports.com/sports/mbkb/2025-26/div3/boxscores/20251213_uy85.xml "HTTP/1.1 200 OK"
18:05:43 [INFO] HTTP Request: GET https://njcaastats.prestosports.com/sports/mbkb/2025-26/div3/boxscores/20260102_bfd8.xml "HTTP/1.1 200 OK"
18:05:54 [INFO] HTTP Request: GET https://njcaastats.prestosports.com/sports/mbkb/2025-26/div3/boxscores/20260103_gfss.xml "HTTP/1.1 200 OK"
18:06:05 [INFO] HTTP Request: GET https://njcaastats.prestosports.com/sports/mbkb/2025-26/div3/boxscores/20260107_9y2e.xml "HTTP/1.1 200 OK"
18:06:17 [INFO] HTTP Request: GET https://njcaastats.prestosports.com/sports/mbkb/2025-26/div3/boxscores/20260114_o5sm.xml "HTTP/1.1 200 OK"
18:06:30 [INFO] HTTP Request: GET https://njcaastats.prestosports.com/sports/mbkb/2025-26/div3/boxscores/20260117_9iql.xml "HTTP/1.1 200 OK"
18:06:57 [INFO] HTTP Request: GET https://njcaastats.prestosports.com/sports/mbkb/2025-26/div3/boxscores/20260121_6kcu.xml "HTTP/1.1 200 OK"
18:07:09 [INFO] HTTP Request: GET https://njcaastats.prestosports.com/sports/mbkb/2025-26/div3/boxscores/20260124_iz0r.xml "HTTP/1.1 200 OK"
18:07:21 [INFO] HTTP Request: GET https://njcaastats.prestosports.com/sports/mbkb/2025-26/div3/boxscores/20260128_5ov8.xml "HTTP/1.1 200 OK"
18:07:32 [INFO] HTTP Request: GET https://njcaastats.prestosports.com/sports/mbkb/2025-26/div3/boxscores/20260131_6n8x.xml "HTTP/1.1 200 OK"
18:07:43 [INFO] HTTP Request: GET https://njcaastats.prestosports.com/sports/mbkb/2025-26/div3/boxscores/20260207_s3bh.xml "HTTP/1.1 200 OK"
18:07:55 [INFO] HTTP Request: GET https://njcaastats.prestosports.com/sports/mbkb/2025-26/div3/boxscores/20260211_tbtt.xml "HTTP/1.1 200 OK"
18:08:07 [INFO] HTTP Request: GET https://njcaastats.prestosports.com/sports/mbkb/2025-26/div3/boxscores/20260214_kjwu.xml "HTTP/1.1 200 OK"
18:08:17 [INFO] HTTP Request: GET https://njcaastats.prestosports.com/sports/mbkb/2025-26/div3/boxscores/20260221_n3th.xml "HTTP/1.1 200 OK"
18:08:29 [INFO] HTTP Request: GET https://njcaastats.prestosports.com/sports/mbkb/2025-26/div3/boxscores/20260222_31fn.xml "HTTP/1.1 200 OK"
18:08:42 [INFO] HTTP Request: GET https://njcaastats.prestosports.com/sports/mbkb/2025-26/div3/boxscores/20260226_2tpq.xml "HTTP/1.1 200 OK"
18:09:07 [INFO] HTTP Request: GET https://njcaastats.prestosports.com/sports/mbkb/2025-26/div3/boxscores/20260227_lgb8.xml "HTTP/1.1 200 OK"
18:09:07 [INFO]   Loaded: 27 games, 708 player-game-stat rows
18:09:07 [INFO] 
[11/20] Riverland CC
18:09:07 [INFO] Scraping team: Riverland CC (riverlandcommunitycollege)
18:09:20 [INFO] HTTP Request: GET https://njcaastats.prestosports.com/sports/mbkb/2025-26/div3/teams/riverlandcommunitycollege?view=roster "HTTP/1.1 200 OK"
18:09:20 [INFO]   Roster: 21 players
18:09:33 [INFO] HTTP Request: GET https://njcaastats.prestosports.com/sports/mbkb/2025-26/div3/teams/riverlandcommunitycollege?view=gamelog "HTTP/1.1 200 OK"
18:09:33 [INFO]   Games: 30 with box scores
18:09:44 [INFO] HTTP Request: GET https://njcaastats.prestosports.com/sports/mbkb/2025-26/div3/boxscores/20251101_evcz.xml "HTTP/1.1 200 OK"
18:09:56 [INFO] HTTP Request: GET https://njcaastats.prestosports.com/sports/mbkb/2025-26/div3/boxscores/20251102_yczz.xml "HTTP/1.1 200 OK"
18:10:07 [INFO] HTTP Request: GET https://njcaastats.prestosports.com/sports/mbkb/2025-26/div3/boxscores/20251110_8uxh.xml "HTTP/1.1 200 OK"
18:10:18 [INFO] HTTP Request: GET https://njcaastats.prestosports.com/sports/mbkb/2025-26/div3/boxscores/20251114_zgmc.xml "HTTP/1.1 200 OK"
18:10:30 [INFO] HTTP Request: GET https://njcaastats.prestosports.com/sports/mbkb/2025-26/div3/boxscores/20251115_bhza.xml "HTTP/1.1 200 OK"
18:10:41 [INFO] HTTP Request: GET https://njcaastats.prestosports.com/sports/mbkb/2025-26/div3/boxscores/20251121_ezvu.xml "HTTP/1.1 200 OK"
18:10:52 [INFO] HTTP Request: GET https://njcaastats.prestosports.com/sports/mbkb/2025-26/div3/boxscores/20251122_in31.xml "HTTP/1.1 200 OK"
18:11:03 [INFO] HTTP Request: GET https://njcaastats.prestosports.com/sports/mbkb/2025-26/div3/boxscores/20251129_irzm.xml "HTTP/1.1 200 OK"
18:11:14 [INFO] HTTP Request: GET https://njcaastats.prestosports.com/sports/mbkb/2025-26/div3/boxscores/20251205_01py.xml "HTTP/1.1 200 OK"
18:11:25 [INFO] HTTP Request: GET https://njcaastats.prestosports.com/sports/mbkb/2025-26/div3/boxscores/20251206_q5nh.xml "HTTP/1.1 200 OK"
18:11:37 [INFO] HTTP Request: GET https://njcaastats.prestosports.com/sports/mbkb/2025-26/div3/boxscores/20251212_jnak.xml "HTTP/1.1 200 OK"
18:11:49 [INFO] HTTP Request: GET https://njcaastats.prestosports.com/sports/mbkb/2025-26/div3/boxscores/20251213_fnky.xml "HTTP/1.1 200 OK"
18:12:02 [INFO] HTTP Request: GET https://njcaastats.prestosports.com/sports/mbkb/2025-26/div3/boxscores/20251216_rwcz.xml "HTTP/1.1 200 OK"
18:12:14 [INFO] HTTP Request: GET https://njcaastats.prestosports.com/sports/mbkb/2025-26/div3/boxscores/20251219_4v13.xml "HTTP/1.1 200 OK"
18:12:26 [INFO] HTTP Request: GET https://njcaastats.prestosports.com/sports/mbkb/2025-26/div3/boxscores/20260102_cypd.xml "HTTP/1.1 200 OK"
18:12:37 [INFO] HTTP Request: GET https://njcaastats.prestosports.com/sports/mbkb/2025-26/div3/boxscores/20260103_pl15.xml "HTTP/1.1 200 OK"
18:12:56 [INFO] HTTP Request: GET https://njcaastats.prestosports.com/sports/mbkb/2025-26/div3/boxscores/20260107_n288.xml "HTTP/1.1 200 OK"
18:13:08 [INFO] HTTP Request: GET https://njcaastats.prestosports.com/sports/mbkb/2025-26/div3/boxscores/20260110_kakb.xml "HTTP/1.1 200 OK"
18:13:19 [INFO] HTTP Request: GET https://njcaastats.prestosports.com/sports/mbkb/2025-26/div3/boxscores/20260114_qoss.xml "HTTP/1.1 200 OK"
18:13:30 [INFO] HTTP Request: GET https://njcaastats.prestosports.com/sports/mbkb/2025-26/div3/boxscores/20260117_npta.xml "HTTP/1.1 200 OK"
18:13:41 [INFO] HTTP Request: GET https://njcaastats.prestosports.com/sports/mbkb/2025-26/div3/boxscores/20260121_5dfr.xml "HTTP/1.1 200 OK"
18:13:52 [INFO] HTTP Request: GET https://njcaastats.prestosports.com/sports/mbkb/2025-26/div3/boxscores/20260124_iz0r.xml "HTTP/1.1 200 OK"
18:14:04 [INFO] HTTP Request: GET https://njcaastats.prestosports.com/sports/mbkb/2025-26/div3/boxscores/20260131_04l1.xml "HTTP/1.1 200 OK"
18:14:14 [INFO] HTTP Request: GET https://njcaastats.prestosports.com/sports/mbkb/2025-26/div3/boxscores/20260204_zqfm.xml "HTTP/1.1 200 OK"
18:14:26 [INFO] HTTP Request: GET https://njcaastats.prestosports.com/sports/mbkb/2025-26/div3/boxscores/20260207_yqn4.xml "HTTP/1.1 200 OK"
18:14:37 [INFO] HTTP Request: GET https://njcaastats.prestosports.com/sports/mbkb/2025-26/div3/boxscores/20260211_qmxx.xml "HTTP/1.1 200 OK"
18:14:48 [INFO] HTTP Request: GET https://njcaastats.prestosports.com/sports/mbkb/2025-26/div3/boxscores/20260214_6ugm.xml "HTTP/1.1 200 OK"
18:15:00 [INFO] HTTP Request: GET https://njcaastats.prestosports.com/sports/mbkb/2025-26/div3/boxscores/20260222_31fn.xml "HTTP/1.1 200 OK"
18:15:11 [INFO] HTTP Request: GET https://njcaastats.prestosports.com/sports/mbkb/2025-26/div3/boxscores/20260226_epw8.xml "HTTP/1.1 200 OK"
18:15:22 [INFO] HTTP Request: GET https://njcaastats.prestosports.com/sports/mbkb/2025-26/div3/boxscores/20260227_6pvl.xml "HTTP/1.1 200 OK"
18:15:23 [INFO]   Loaded: 30 games, 815 player-game-stat rows
18:15:23 [INFO] 
[12/20] Rochester Community and Technical College
18:15:23 [INFO] Scraping team: Rochester Community and Technical College (rochestercommunityandtechnicalcolleg)
18:15:34 [INFO] HTTP Request: GET https://njcaastats.prestosports.com/sports/mbkb/2025-26/div3/teams/rochestercommunityandtechnicalcolleg?view=roster "HTTP/1.1 200 OK"
18:15:35 [INFO]   Roster: 15 players
18:15:47 [INFO] HTTP Request: GET https://njcaastats.prestosports.com/sports/mbkb/2025-26/div3/teams/rochestercommunityandtechnicalcolleg?view=gamelog "HTTP/1.1 200 OK"
18:15:48 [INFO]   Games: 28 with box scores
18:16:00 [INFO] HTTP Request: GET https://njcaastats.prestosports.com/sports/mbkb/2025-26/div3/boxscores/20251107_t00v.xml "HTTP/1.1 200 OK"
18:16:12 [INFO] HTTP Request: GET https://njcaastats.prestosports.com/sports/mbkb/2025-26/div3/boxscores/20251108_179j.xml "HTTP/1.1 200 OK"
18:16:23 [INFO] HTTP Request: GET https://njcaastats.prestosports.com/sports/mbkb/2025-26/div3/boxscores/20251114_zzc0.xml "HTTP/1.1 200 OK"
18:16:35 [INFO] HTTP Request: GET https://njcaastats.prestosports.com/sports/mbkb/2025-26/div3/boxscores/20251115_cs9h.xml "HTTP/1.1 200 OK"
18:16:46 [INFO] HTTP Request: GET https://njcaastats.prestosports.com/sports/mbkb/2025-26/div3/boxscores/20251121_iayk.xml "HTTP/1.1 200 OK"
18:16:57 [INFO] HTTP Request: GET https://njcaastats.prestosports.com/sports/mbkb/2025-26/div3/boxscores/20251122_7dou.xml "HTTP/1.1 200 OK"
18:17:11 [INFO] HTTP Request: GET https://njcaastats.prestosports.com/sports/mbkb/2025-26/div3/boxscores/20251125_rlok.xml "HTTP/1.1 200 OK"
18:17:22 [INFO] HTTP Request: GET https://njcaastats.prestosports.com/sports/mbkb/2025-26/div3/boxscores/20251205_xct9.xml "HTTP/1.1 200 OK"
18:17:33 [INFO] HTTP Request: GET https://njcaastats.prestosports.com/sports/mbkb/2025-26/div3/boxscores/20251206_f6sl.xml "HTTP/1.1 200 OK"
18:17:45 [INFO] HTTP Request: GET https://njcaastats.prestosports.com/sports/mbkb/2025-26/div3/boxscores/20251210_x8ui.xml "HTTP/1.1 200 OK"
18:17:59 [INFO] HTTP Request: GET https://njcaastats.prestosports.com/sports/mbkb/2025-26/div3/boxscores/20251212_18p4.xml "HTTP/1.1 200 OK"
18:18:10 [INFO] HTTP Request: GET https://njcaastats.prestosports.com/sports/mbkb/2025-26/div3/boxscores/20251213_401u.xml "HTTP/1.1 200 OK"
18:18:22 [INFO] HTTP Request: GET https://njcaastats.prestosports.com/sports/mbkb/2025-26/div3/boxscores/20251219_nnif.xml "HTTP/1.1 200 OK"
18:18:33 [INFO] HTTP Request: GET https://njcaastats.prestosports.com/sports/mbkb/2025-26/div3/boxscores/20260102_091k.xml "HTTP/1.1 200 OK"
18:18:45 [INFO] HTTP Request: GET https://njcaastats.prestosports.com/sports/mbkb/2025-26/div3/boxscores/20260103_nhg5.xml "HTTP/1.1 200 OK"
18:18:56 [INFO] HTTP Request: GET https://njcaastats.prestosports.com/sports/mbkb/2025-26/div3/boxscores/20260107_n288.xml "HTTP/1.1 200 OK"
18:19:07 [INFO] HTTP Request: GET https://njcaastats.prestosports.com/sports/mbkb/2025-26/div3/boxscores/20260110_8w8q.xml "HTTP/1.1 200 OK"
18:19:19 [INFO] HTTP Request: GET https://njcaastats.prestosports.com/sports/mbkb/2025-26/div3/boxscores/20260117_9iql.xml "HTTP/1.1 200 OK"
18:19:29 [INFO] HTTP Request: GET https://njcaastats.prestosports.com/sports/mbkb/2025-26/div3/boxscores/20260124_fd7d.xml "HTTP/1.1 200 OK"
18:19:40 [INFO] HTTP Request: GET https://njcaastats.prestosports.com/sports/mbkb/2025-26/div3/boxscores/20260128_w0hk.xml "HTTP/1.1 200 OK"
18:20:52 [ERROR] Request failed: https://njcaastats.prestosports.com/sports/mbkb/2025-26/div3/boxscores/20260131_04l1.xml — The read operation timed out
18:21:03 [INFO] HTTP Request: GET https://njcaastats.prestosports.com/sports/mbkb/2025-26/div3/boxscores/20260204_gmz7.xml "HTTP/1.1 200 OK"
18:21:14 [INFO] HTTP Request: GET https://njcaastats.prestosports.com/sports/mbkb/2025-26/div3/boxscores/20260207_5vv7.xml "HTTP/1.1 200 OK"
18:21:25 [INFO] HTTP Request: GET https://njcaastats.prestosports.com/sports/mbkb/2025-26/div3/boxscores/20260209_vqsr.xml "HTTP/1.1 200 OK"
18:21:36 [INFO] HTTP Request: GET https://njcaastats.prestosports.com/sports/mbkb/2025-26/div3/boxscores/20260211_tbtt.xml "HTTP/1.1 200 OK"
18:21:47 [INFO] HTTP Request: GET https://njcaastats.prestosports.com/sports/mbkb/2025-26/div3/boxscores/20260214_rqlc.xml "HTTP/1.1 200 OK"
18:22:00 [INFO] HTTP Request: GET https://njcaastats.prestosports.com/sports/mbkb/2025-26/div3/boxscores/20260218_g8qf.xml "HTTP/1.1 200 OK"
18:22:11 [INFO] HTTP Request: GET https://njcaastats.prestosports.com/sports/mbkb/2025-26/div3/boxscores/20260221_f5dv.xml "HTTP/1.1 200 OK"
18:22:11 [INFO]   Loaded: 27 games, 660 player-game-stat rows
18:22:11 [INFO] 
[13/20] Rowan College of South Jersey-Cumberland
18:22:11 [INFO] Scraping team: Rowan College of South Jersey-Cumberland (rowancollegeofsouthjerseycumberland)
18:22:24 [INFO] HTTP Request: GET https://njcaastats.prestosports.com/sports/mbkb/2025-26/div3/teams/rowancollegeofsouthjerseycumberland?view=roster "HTTP/1.1 200 OK"
18:22:24 [INFO]   Roster: 17 players
18:22:36 [INFO] HTTP Request: GET https://njcaastats.prestosports.com/sports/mbkb/2025-26/div3/teams/rowancollegeofsouthjerseycumberland?view=gamelog "HTTP/1.1 200 OK"
18:22:36 [INFO]   Games: 28 with box scores
18:22:47 [INFO] HTTP Request: GET https://njcaastats.prestosports.com/sports/mbkb/2025-26/div3/boxscores/20251111_int2.xml "HTTP/1.1 200 OK"
18:22:58 [INFO] HTTP Request: GET https://njcaastats.prestosports.com/sports/mbkb/2025-26/div3/boxscores/20251113_bpjp.xml "HTTP/1.1 200 OK"
18:23:11 [INFO] HTTP Request: GET https://njcaastats.prestosports.com/sports/mbkb/2025-26/div3/boxscores/20251115_ui8f.xml "HTTP/1.1 200 OK"
18:23:22 [INFO] HTTP Request: GET https://njcaastats.prestosports.com/sports/mbkb/2025-26/div3/boxscores/20251118_thv0.xml "HTTP/1.1 200 OK"
18:23:33 [INFO] HTTP Request: GET https://njcaastats.prestosports.com/sports/mbkb/2025-26/div3/boxscores/20251122_omn9.xml "HTTP/1.1 200 OK"
18:23:45 [INFO] HTTP Request: GET https://njcaastats.prestosports.com/sports/mbkb/2025-26/div3/boxscores/20251125_e8ii.xml "HTTP/1.1 200 OK"
18:23:56 [INFO] HTTP Request: GET https://njcaastats.prestosports.com/sports/mbkb/2025-26/div3/boxscores/20251204_0sfv.xml "HTTP/1.1 200 OK"
18:24:06 [INFO] HTTP Request: GET https://njcaastats.prestosports.com/sports/mbkb/2025-26/div3/boxscores/20251206_vimj.xml "HTTP/1.1 200 OK"
18:24:17 [INFO] HTTP Request: GET https://njcaastats.prestosports.com/sports/mbkb/2025-26/div3/boxscores/20251209_i6cx.xml "HTTP/1.1 200 OK"
18:24:28 [INFO] HTTP Request: GET https://njcaastats.prestosports.com/sports/mbkb/2025-26/div3/boxscores/20251211_j71d.xml "HTTP/1.1 200 OK"
18:24:39 [INFO] HTTP Request: GET https://njcaastats.prestosports.com/sports/mbkb/2025-26/div3/boxscores/20251213_a3bf.xml "HTTP/1.1 200 OK"
18:24:53 [INFO] HTTP Request: GET https://njcaastats.prestosports.com/sports/mbkb/2025-26/div3/boxscores/20251216_aluh.xml "HTTP/1.1 200 OK"
18:25:04 [INFO] HTTP Request: GET https://njcaastats.prestosports.com/sports/mbkb/2025-26/div3/boxscores/20251218_5p4q.xml "HTTP/1.1 200 OK"
18:25:16 [INFO] HTTP Request: GET https://njcaastats.prestosports.com/sports/mbkb/2025-26/div3/boxscores/20260108_96kn.xml "HTTP/1.1 200 OK"
18:25:27 [INFO] HTTP Request: GET https://njcaastats.prestosports.com/sports/mbkb/2025-26/div3/boxscores/20260110_jtzy.xml "HTTP/1.1 200 OK"
18:25:38 [INFO] HTTP Request: GET https://njcaastats.prestosports.com/sports/mbkb/2025-26/div3/boxscores/20260113_06di.xml "HTTP/1.1 200 OK"
18:25:49 [INFO] HTTP Request: GET https://njcaastats.prestosports.com/sports/mbkb/2025-26/div3/boxscores/20260115_g0yk.xml "HTTP/1.1 200 OK"
18:25:59 [INFO] HTTP Request: GET https://njcaastats.prestosports.com/sports/mbkb/2025-26/div3/boxscores/20260122_7yjr.xml "HTTP/1.1 200 OK"
18:26:10 [INFO] HTTP Request: GET https://njcaastats.prestosports.com/sports/mbkb/2025-26/div3/boxscores/20260124_ljjw.xml "HTTP/1.1 200 OK"
18:26:21 [INFO] HTTP Request: GET https://njcaastats.prestosports.com/sports/mbkb/2025-26/div3/boxscores/20260129_n0dd.xml "HTTP/1.1 200 OK"
18:26:32 [INFO] HTTP Request: GET https://njcaastats.prestosports.com/sports/mbkb/2025-26/div3/boxscores/20260131_cuy1.xml "HTTP/1.1 200 OK"
18:26:43 [INFO] HTTP Request: GET https://njcaastats.prestosports.com/sports/mbkb/2025-26/div3/boxscores/20260203_v56p.xml "HTTP/1.1 200 OK"
18:26:54 [INFO] HTTP Request: GET https://njcaastats.prestosports.com/sports/mbkb/2025-26/div3/boxscores/20260205_d0ad.xml "HTTP/1.1 200 OK"
18:27:05 [INFO] HTTP Request: GET https://njcaastats.prestosports.com/sports/mbkb/2025-26/div3/boxscores/20260207_w23y.xml "HTTP/1.1 200 OK"
18:27:16 [INFO] HTTP Request: GET https://njcaastats.prestosports.com/sports/mbkb/2025-26/div3/boxscores/20260210_d8ql.xml "HTTP/1.1 200 OK"
18:27:27 [INFO] HTTP Request: GET https://njcaastats.prestosports.com/sports/mbkb/2025-26/div3/boxscores/20260212_boq5.xml "HTTP/1.1 200 OK"
18:27:38 [INFO] HTTP Request: GET https://njcaastats.prestosports.com/sports/mbkb/2025-26/div3/boxscores/20260214_dj8z.xml "HTTP/1.1 200 OK"
18:27:48 [INFO] HTTP Request: GET https://njcaastats.prestosports.com/sports/mbkb/2025-26/div3/boxscores/20260217_1qua.xml "HTTP/1.1 200 OK"
18:27:48 [INFO]   Loaded: 28 games, 670 player-game-stat rows
18:27:48 [INFO] 
[14/20] Rowan College South Jersey - Gloucester
18:27:48 [INFO] Scraping team: Rowan College South Jersey - Gloucester (rowancollegesouthjerseygloucester)
18:28:00 [INFO] HTTP Request: GET https://njcaastats.prestosports.com/sports/mbkb/2025-26/div3/teams/rowancollegesouthjerseygloucester?view=roster "HTTP/1.1 200 OK"
18:28:00 [INFO]   Roster: 12 players
18:28:13 [INFO] HTTP Request: GET https://njcaastats.prestosports.com/sports/mbkb/2025-26/div3/teams/rowancollegesouthjerseygloucester?view=gamelog "HTTP/1.1 200 OK"
18:28:13 [INFO]   Games: 30 with box scores
18:28:24 [INFO] HTTP Request: GET https://njcaastats.prestosports.com/sports/mbkb/2025-26/div3/boxscores/20251103_lvth.xml "HTTP/1.1 200 OK"
18:29:34 [ERROR] Request failed: https://njcaastats.prestosports.com/sports/mbkb/2025-26/div3/boxscores/20251106_pesc.xml — The read operation timed out
18:29:52 [INFO] HTTP Request: GET https://njcaastats.prestosports.com/sports/mbkb/2025-26/div3/boxscores/20251108_gdtl.xml "HTTP/1.1 200 OK"
18:30:04 [INFO] HTTP Request: GET https://njcaastats.prestosports.com/sports/mbkb/2025-26/div3/boxscores/20251111_b519.xml "HTTP/1.1 200 OK"
18:30:15 [INFO] HTTP Request: GET https://njcaastats.prestosports.com/sports/mbkb/2025-26/div3/boxscores/20251115_baad.xml "HTTP/1.1 200 OK"
18:30:27 [INFO] HTTP Request: GET https://njcaastats.prestosports.com/sports/mbkb/2025-26/div3/boxscores/20251120_i6df.xml "HTTP/1.1 200 OK"
18:30:38 [INFO] HTTP Request: GET https://njcaastats.prestosports.com/sports/mbkb/2025-26/div3/boxscores/20251122_hze7.xml "HTTP/1.1 200 OK"
18:30:49 [INFO] HTTP Request: GET https://njcaastats.prestosports.com/sports/mbkb/2025-26/div3/boxscores/20251125_sqid.xml "HTTP/1.1 200 OK"
18:31:00 [INFO] HTTP Request: GET https://njcaastats.prestosports.com/sports/mbkb/2025-26/div3/boxscores/20251202_w6xu.xml "HTTP/1.1 200 OK"
18:31:11 [INFO] HTTP Request: GET https://njcaastats.prestosports.com/sports/mbkb/2025-26/div3/boxscores/20251205_ito0.xml "HTTP/1.1 200 OK"
18:31:22 [INFO] HTTP Request: GET https://njcaastats.prestosports.com/sports/mbkb/2025-26/div3/boxscores/20251206_usxj.xml "HTTP/1.1 200 OK"
18:31:33 [INFO] HTTP Request: GET https://njcaastats.prestosports.com/sports/mbkb/2025-26/div3/boxscores/20251209_5lgr.xml "HTTP/1.1 200 OK"
18:31:44 [INFO] HTTP Request: GET https://njcaastats.prestosports.com/sports/mbkb/2025-26/div3/boxscores/20251211_p7jx.xml "HTTP/1.1 200 OK"
18:31:55 [INFO] HTTP Request: GET https://njcaastats.prestosports.com/sports/mbkb/2025-26/div3/boxscores/20251213_1ke4.xml "HTTP/1.1 200 OK"
18:32:06 [INFO] HTTP Request: GET https://njcaastats.prestosports.com/sports/mbkb/2025-26/div3/boxscores/20251216_t9p3.xml "HTTP/1.1 200 OK"
18:32:17 [INFO] HTTP Request: GET https://njcaastats.prestosports.com/sports/mbkb/2025-26/div3/boxscores/20251218_1g3x.xml "HTTP/1.1 200 OK"
18:32:28 [INFO] HTTP Request: GET https://njcaastats.prestosports.com/sports/mbkb/2025-26/div3/boxscores/20251220_1a5g.xml "HTTP/1.1 200 OK"
18:32:39 [INFO] HTTP Request: GET https://njcaastats.prestosports.com/sports/mbkb/2025-26/div3/boxscores/20260108_96kn.xml "HTTP/1.1 200 OK"
18:32:50 [INFO] HTTP Request: GET https://njcaastats.prestosports.com/sports/mbkb/2025-26/div3/boxscores/20260110_cpry.xml "HTTP/1.1 200 OK"
18:33:01 [INFO] HTTP Request: GET https://njcaastats.prestosports.com/sports/mbkb/2025-26/div3/boxscores/20260113_29e8.xml "HTTP/1.1 200 OK"
18:33:12 [INFO] HTTP Request: GET https://njcaastats.prestosports.com/sports/mbkb/2025-26/div3/boxscores/20260115_7v3w.xml "HTTP/1.1 200 OK"
18:33:23 [INFO] HTTP Request: GET https://njcaastats.prestosports.com/sports/mbkb/2025-26/div3/boxscores/20260117_v5bm.xml "HTTP/1.1 200 OK"
18:33:33 [INFO] HTTP Request: GET https://njcaastats.prestosports.com/sports/mbkb/2025-26/div3/boxscores/20260129_tkmd.xml "HTTP/1.1 200 OK"
18:33:44 [INFO] HTTP Request: GET https://njcaastats.prestosports.com/sports/mbkb/2025-26/div3/boxscores/20260131_eabd.xml "HTTP/1.1 200 OK"
18:33:55 [INFO] HTTP Request: GET https://njcaastats.prestosports.com/sports/mbkb/2025-26/div3/boxscores/20260203_6jo4.xml "HTTP/1.1 200 OK"
18:34:06 [INFO] HTTP Request: GET https://njcaastats.prestosports.com/sports/mbkb/2025-26/div3/boxscores/20260205_wcog.xml "HTTP/1.1 200 OK"
18:34:17 [INFO] HTTP Request: GET https://njcaastats.prestosports.com/sports/mbkb/2025-26/div3/boxscores/20260207_7fde.xml "HTTP/1.1 200 OK"
18:34:28 [INFO] HTTP Request: GET https://njcaastats.prestosports.com/sports/mbkb/2025-26/div3/boxscores/20260210_jk6o.xml "HTTP/1.1 200 OK"
18:34:39 [INFO] HTTP Request: GET https://njcaastats.prestosports.com/sports/mbkb/2025-26/div3/boxscores/20260212_boq5.xml "HTTP/1.1 200 OK"
18:34:50 [INFO] HTTP Request: GET https://njcaastats.prestosports.com/sports/mbkb/2025-26/div3/boxscores/20260214_wq16.xml "HTTP/1.1 200 OK"
18:34:50 [INFO]   Loaded: 29 games, 651 player-game-stat rows
18:34:50 [INFO] 
[15/20] Roxbury CC
18:34:50 [INFO] Scraping team: Roxbury CC (roxburycommunitycollege)
18:35:02 [INFO] HTTP Request: GET https://njcaastats.prestosports.com/sports/mbkb/2025-26/div3/teams/roxburycommunitycollege?view=roster "HTTP/1.1 200 OK"
18:35:02 [INFO]   Roster: 15 players
18:35:15 [INFO] HTTP Request: GET https://njcaastats.prestosports.com/sports/mbkb/2025-26/div3/teams/roxburycommunitycollege?view=gamelog "HTTP/1.1 200 OK"
18:35:15 [INFO]   Games: 32 with box scores
18:35:26 [INFO] HTTP Request: GET https://njcaastats.prestosports.com/sports/mbkb/2025-26/div3/boxscores/20251101_n78p.xml "HTTP/1.1 200 OK"
18:35:37 [INFO] HTTP Request: GET https://njcaastats.prestosports.com/sports/mbkb/2025-26/div3/boxscores/20251102_2qbp.xml "HTTP/1.1 200 OK"
18:35:48 [INFO] HTTP Request: GET https://njcaastats.prestosports.com/sports/mbkb/2025-26/div3/boxscores/20251104_u3fz.xml "HTTP/1.1 200 OK"
18:35:59 [INFO] HTTP Request: GET https://njcaastats.prestosports.com/sports/mbkb/2025-26/div3/boxscores/20251106_znpe.xml "HTTP/1.1 200 OK"
18:36:10 [INFO] HTTP Request: GET https://njcaastats.prestosports.com/sports/mbkb/2025-26/div3/boxscores/20251109_ryj9.xml "HTTP/1.1 200 OK"
18:36:21 [INFO] HTTP Request: GET https://njcaastats.prestosports.com/sports/mbkb/2025-26/div3/boxscores/20251111_g4j3.xml "HTTP/1.1 200 OK"
18:36:32 [INFO] HTTP Request: GET https://njcaastats.prestosports.com/sports/mbkb/2025-26/div3/boxscores/20251113_vygj.xml "HTTP/1.1 200 OK"
18:36:43 [INFO] HTTP Request: GET https://njcaastats.prestosports.com/sports/mbkb/2025-26/div3/boxscores/20251115_2qnl.xml "HTTP/1.1 200 OK"
18:36:54 [INFO] HTTP Request: GET https://njcaastats.prestosports.com/sports/mbkb/2025-26/div3/boxscores/20251118_hi0i.xml "HTTP/1.1 200 OK"
18:37:05 [INFO] HTTP Request: GET https://njcaastats.prestosports.com/sports/mbkb/2025-26/div3/boxscores/20251121_9jjr.xml "HTTP/1.1 200 OK"
18:37:16 [INFO] HTTP Request: GET https://njcaastats.prestosports.com/sports/mbkb/2025-26/div3/boxscores/20251125_8i0v.xml "HTTP/1.1 200 OK"
18:37:27 [INFO] HTTP Request: GET https://njcaastats.prestosports.com/sports/mbkb/2025-26/div3/boxscores/20251129_eutt.xml "HTTP/1.1 200 OK"
18:37:39 [INFO] HTTP Request: GET https://njcaastats.prestosports.com/sports/mbkb/2025-26/div3/boxscores/20251130_jga6.xml "HTTP/1.1 200 OK"
18:37:50 [INFO] HTTP Request: GET https://njcaastats.prestosports.com/sports/mbkb/2025-26/div3/boxscores/20251204_s01y.xml "HTTP/1.1 200 OK"
18:38:02 [INFO] HTTP Request: GET https://njcaastats.prestosports.com/sports/mbkb/2025-26/div3/boxscores/20251206_igdc.xml "HTTP/1.1 200 OK"
18:38:13 [INFO] HTTP Request: GET https://njcaastats.prestosports.com/sports/mbkb/2025-26/div3/boxscores/20251209_vueu.xml "HTTP/1.1 200 OK"
18:38:26 [INFO] HTTP Request: GET https://njcaastats.prestosports.com/sports/mbkb/2025-26/div3/boxscores/20251213_j3jf.xml "HTTP/1.1 200 OK"
18:38:37 [INFO] HTTP Request: GET https://njcaastats.prestosports.com/sports/mbkb/2025-26/div3/boxscores/20260102_rx38.xml "HTTP/1.1 200 OK"
18:38:48 [INFO] HTTP Request: GET https://njcaastats.prestosports.com/sports/mbkb/2025-26/div3/boxscores/20260103_ptig.xml "HTTP/1.1 200 OK"
18:38:59 [INFO] HTTP Request: GET https://njcaastats.prestosports.com/sports/mbkb/2025-26/div3/boxscores/20260104_ev65.xml "HTTP/1.1 200 OK"
18:39:11 [INFO] HTTP Request: GET https://njcaastats.prestosports.com/sports/mbkb/2025-26/div3/boxscores/20260115_6fx0.xml "HTTP/1.1 200 OK"
18:39:22 [INFO] HTTP Request: GET https://njcaastats.prestosports.com/sports/mbkb/2025-26/div3/boxscores/20260120_vlyc.xml "HTTP/1.1 200 OK"
18:39:33 [INFO] HTTP Request: GET https://njcaastats.prestosports.com/sports/mbkb/2025-26/div3/boxscores/20260123_wtbz.xml "HTTP/1.1 200 OK"
18:39:44 [INFO] HTTP Request: GET https://njcaastats.prestosports.com/sports/mbkb/2025-26/div3/boxscores/20260127_h2uk.xml "HTTP/1.1 200 OK"
18:39:56 [INFO] HTTP Request: GET https://njcaastats.prestosports.com/sports/mbkb/2025-26/div3/boxscores/20260130_jk2d.xml "HTTP/1.1 200 OK"
18:40:07 [INFO] HTTP Request: GET https://njcaastats.prestosports.com/sports/mbkb/2025-26/div3/boxscores/20260203_r156.xml "HTTP/1.1 200 OK"
18:40:20 [INFO] HTTP Request: GET https://njcaastats.prestosports.com/sports/mbkb/2025-26/div3/boxscores/20260206_u0nr.xml "HTTP/1.1 200 OK"
18:40:31 [INFO] HTTP Request: GET https://njcaastats.prestosports.com/sports/mbkb/2025-26/div3/boxscores/20260210_e4jq.xml "HTTP/1.1 200 OK"
18:40:42 [INFO] HTTP Request: GET https://njcaastats.prestosports.com/sports/mbkb/2025-26/div3/boxscores/20260214_oawn.xml "HTTP/1.1 200 OK"
18:40:53 [INFO] HTTP Request: GET https://njcaastats.prestosports.com/sports/mbkb/2025-26/div3/boxscores/20260217_6f4y.xml "HTTP/1.1 200 OK"
18:41:04 [INFO] HTTP Request: GET https://njcaastats.prestosports.com/sports/mbkb/2025-26/div3/boxscores/20260220_jv8f.xml "HTTP/1.1 200 OK"
18:41:15 [INFO] HTTP Request: GET https://njcaastats.prestosports.com/sports/mbkb/2025-26/div3/boxscores/20260227_0h71.xml "HTTP/1.1 200 OK"
18:41:15 [INFO]   Loaded: 32 games, 711 player-game-stat rows
18:41:15 [INFO] 
[16/20] Salem CC
18:41:15 [INFO] Scraping team: Salem CC (salemcommunitycollege)
18:41:27 [INFO] HTTP Request: GET https://njcaastats.prestosports.com/sports/mbkb/2025-26/div3/teams/salemcommunitycollege?view=roster "HTTP/1.1 200 OK"
18:41:28 [INFO]   Roster: 15 players
18:41:40 [INFO] HTTP Request: GET https://njcaastats.prestosports.com/sports/mbkb/2025-26/div3/teams/salemcommunitycollege?view=gamelog "HTTP/1.1 200 OK"
18:41:40 [INFO]   Games: 32 with box scores
18:41:51 [INFO] HTTP Request: GET https://njcaastats.prestosports.com/sports/mbkb/2025-26/div3/boxscores/20251106_crwm.xml "HTTP/1.1 200 OK"
18:42:02 [INFO] HTTP Request: GET https://njcaastats.prestosports.com/sports/mbkb/2025-26/div3/boxscores/20251108_wdh9.xml "HTTP/1.1 200 OK"
18:42:13 [INFO] HTTP Request: GET https://njcaastats.prestosports.com/sports/mbkb/2025-26/div3/boxscores/20251113_umbt.xml "HTTP/1.1 200 OK"
18:42:24 [INFO] HTTP Request: GET https://njcaastats.prestosports.com/sports/mbkb/2025-26/div3/boxscores/20251115_dc0l.xml "HTTP/1.1 200 OK"
18:42:35 [INFO] HTTP Request: GET https://njcaastats.prestosports.com/sports/mbkb/2025-26/div3/boxscores/20251116_54or.xml "HTTP/1.1 200 OK"
18:42:46 [INFO] HTTP Request: GET https://njcaastats.prestosports.com/sports/mbkb/2025-26/div3/boxscores/20251118_ry1o.xml "HTTP/1.1 200 OK"
18:42:57 [INFO] HTTP Request: GET https://njcaastats.prestosports.com/sports/mbkb/2025-26/div3/boxscores/20251120_y7mo.xml "HTTP/1.1 200 OK"
18:43:09 [INFO] HTTP Request: GET https://njcaastats.prestosports.com/sports/mbkb/2025-26/div3/boxscores/20251122_la5z.xml "HTTP/1.1 200 OK"
18:43:20 [INFO] HTTP Request: GET https://njcaastats.prestosports.com/sports/mbkb/2025-26/div3/boxscores/20251125_wvwe.xml "HTTP/1.1 200 OK"
18:43:31 [INFO] HTTP Request: GET https://njcaastats.prestosports.com/sports/mbkb/2025-26/div3/boxscores/20251204_7vm0.xml "HTTP/1.1 200 OK"
18:43:42 [INFO] HTTP Request: GET https://njcaastats.prestosports.com/sports/mbkb/2025-26/div3/boxscores/20251206_8aho.xml "HTTP/1.1 200 OK"
18:43:53 [INFO] HTTP Request: GET https://njcaastats.prestosports.com/sports/mbkb/2025-26/div3/boxscores/20251209_5lgr.xml "HTTP/1.1 200 OK"
18:44:04 [INFO] HTTP Request: GET https://njcaastats.prestosports.com/sports/mbkb/2025-26/div3/boxscores/20251211_j71d.xml "HTTP/1.1 200 OK"
18:44:15 [INFO] HTTP Request: GET https://njcaastats.prestosports.com/sports/mbkb/2025-26/div3/boxscores/20251213_9afm.xml "HTTP/1.1 200 OK"
18:44:26 [INFO] HTTP Request: GET https://njcaastats.prestosports.com/sports/mbkb/2025-26/div3/boxscores/20251218_b5wi.xml "HTTP/1.1 200 OK"
18:44:37 [INFO] HTTP Request: GET https://njcaastats.prestosports.com/sports/mbkb/2025-26/div3/boxscores/20251220_vdfu.xml "HTTP/1.1 200 OK"
18:44:48 [INFO] HTTP Request: GET https://njcaastats.prestosports.com/sports/mbkb/2025-26/div3/boxscores/20260106_wsja.xml "HTTP/1.1 200 OK"
18:44:59 [INFO] HTTP Request: GET https://njcaastats.prestosports.com/sports/mbkb/2025-26/div3/boxscores/20260110_cpry.xml "HTTP/1.1 200 OK"
18:45:10 [INFO] HTTP Request: GET https://njcaastats.prestosports.com/sports/mbkb/2025-26/div3/boxscores/20260113_06di.xml "HTTP/1.1 200 OK"
18:45:21 [INFO] HTTP Request: GET https://njcaastats.prestosports.com/sports/mbkb/2025-26/div3/boxscores/20260115_c8me.xml "HTTP/1.1 200 OK"
18:45:32 [INFO] HTTP Request: GET https://njcaastats.prestosports.com/sports/mbkb/2025-26/div3/boxscores/20260117_18tp.xml "HTTP/1.1 200 OK"
18:45:43 [INFO] HTTP Request: GET https://njcaastats.prestosports.com/sports/mbkb/2025-26/div3/boxscores/20260122_364h.xml "HTTP/1.1 200 OK"
18:45:55 [INFO] HTTP Request: GET https://njcaastats.prestosports.com/sports/mbkb/2025-26/div3/boxscores/20260129_8r4m.xml "HTTP/1.1 200 OK"
18:46:06 [INFO] HTTP Request: GET https://njcaastats.prestosports.com/sports/mbkb/2025-26/div3/boxscores/20260131_5hp3.xml "HTTP/1.1 200 OK"
18:46:17 [INFO] HTTP Request: GET https://njcaastats.prestosports.com/sports/mbkb/2025-26/div3/boxscores/20260203_vqki.xml "HTTP/1.1 200 OK"
18:46:30 [INFO] HTTP Request: GET https://njcaastats.prestosports.com/sports/mbkb/2025-26/div3/boxscores/20260205_32dz.xml "HTTP/1.1 200 OK"
18:46:41 [INFO] HTTP Request: GET https://njcaastats.prestosports.com/sports/mbkb/2025-26/div3/boxscores/20260207_dm7g.xml "HTTP/1.1 200 OK"
18:46:52 [INFO] HTTP Request: GET https://njcaastats.prestosports.com/sports/mbkb/2025-26/div3/boxscores/20260210_bhyc.xml "HTTP/1.1 200 OK"
18:47:04 [INFO] HTTP Request: GET https://njcaastats.prestosports.com/sports/mbkb/2025-26/div3/boxscores/20260212_j2q1.xml "HTTP/1.1 200 OK"
18:47:15 [INFO] HTTP Request: GET https://njcaastats.prestosports.com/sports/mbkb/2025-26/div3/boxscores/20260214_r3n1.xml "HTTP/1.1 200 OK"
18:47:26 [INFO] HTTP Request: GET https://njcaastats.prestosports.com/sports/mbkb/2025-26/div3/boxscores/20260226_t214.xml "HTTP/1.1 200 OK"
18:47:37 [INFO] HTTP Request: GET https://njcaastats.prestosports.com/sports/mbkb/2025-26/div3/boxscores/20260228_oe02.xml "HTTP/1.1 200 OK"
18:47:37 [INFO]   Loaded: 32 games, 720 player-game-stat rows
18:47:37 [INFO] 
[17/20] Sandhills CC
18:47:37 [INFO] Scraping team: Sandhills CC (sandhillscommunitycollege)
18:47:51 [INFO] HTTP Request: GET https://njcaastats.prestosports.com/sports/mbkb/2025-26/div3/teams/sandhillscommunitycollege?view=roster "HTTP/1.1 200 OK"
18:47:51 [INFO]   Roster: 15 players
18:48:03 [INFO] HTTP Request: GET https://njcaastats.prestosports.com/sports/mbkb/2025-26/div3/teams/sandhillscommunitycollege?view=gamelog "HTTP/1.1 200 OK"
18:48:03 [INFO]   Games: 32 with box scores
18:48:14 [INFO] HTTP Request: GET https://njcaastats.prestosports.com/sports/mbkb/2025-26/div3/boxscores/20251101_8cl2.xml "HTTP/1.1 200 OK"
18:48:25 [INFO] HTTP Request: GET https://njcaastats.prestosports.com/sports/mbkb/2025-26/div3/boxscores/20251105_43vp.xml "HTTP/1.1 200 OK"
18:48:36 [INFO] HTTP Request: GET https://njcaastats.prestosports.com/sports/mbkb/2025-26/div3/boxscores/20251108_vw0k.xml "HTTP/1.1 200 OK"
18:48:47 [INFO] HTTP Request: GET https://njcaastats.prestosports.com/sports/mbkb/2025-26/div3/boxscores/20251112_kg31.xml "HTTP/1.1 200 OK"
18:48:58 [INFO] HTTP Request: GET https://njcaastats.prestosports.com/sports/mbkb/2025-26/div3/boxscores/20251115_au84.xml "HTTP/1.1 200 OK"
18:49:09 [INFO] HTTP Request: GET https://njcaastats.prestosports.com/sports/mbkb/2025-26/div3/boxscores/20251116_dx4p.xml "HTTP/1.1 200 OK"
18:49:20 [INFO] HTTP Request: GET https://njcaastats.prestosports.com/sports/mbkb/2025-26/div3/boxscores/20251119_ubgw.xml "HTTP/1.1 200 OK"
18:49:31 [INFO] HTTP Request: GET https://njcaastats.prestosports.com/sports/mbkb/2025-26/div3/boxscores/20251122_4750.xml "HTTP/1.1 200 OK"
18:49:42 [INFO] HTTP Request: GET https://njcaastats.prestosports.com/sports/mbkb/2025-26/div3/boxscores/20251125_lgak.xml "HTTP/1.1 200 OK"
18:49:53 [INFO] HTTP Request: GET https://njcaastats.prestosports.com/sports/mbkb/2025-26/div3/boxscores/20251204_n4nn.xml "HTTP/1.1 200 OK"
18:50:04 [INFO] HTTP Request: GET https://njcaastats.prestosports.com/sports/mbkb/2025-26/div3/boxscores/20251206_6f8q.xml "HTTP/1.1 200 OK"
18:50:16 [INFO] HTTP Request: GET https://njcaastats.prestosports.com/sports/mbkb/2025-26/div3/boxscores/20251210_352b.xml "HTTP/1.1 200 OK"
18:50:27 [INFO] HTTP Request: GET https://njcaastats.prestosports.com/sports/mbkb/2025-26/div3/boxscores/20251213_8mjl.xml "HTTP/1.1 200 OK"
18:50:38 [INFO] HTTP Request: GET https://njcaastats.prestosports.com/sports/mbkb/2025-26/div3/boxscores/20251217_0acg.xml "HTTP/1.1 200 OK"
18:50:49 [INFO] HTTP Request: GET https://njcaastats.prestosports.com/sports/mbkb/2025-26/div3/boxscores/20251219_cuyf.xml "HTTP/1.1 200 OK"
18:51:00 [INFO] HTTP Request: GET https://njcaastats.prestosports.com/sports/mbkb/2025-26/div3/boxscores/20251227_9dqf.xml "HTTP/1.1 200 OK"
18:51:11 [INFO] HTTP Request: GET https://njcaastats.prestosports.com/sports/mbkb/2025-26/div3/boxscores/20251228_cp6x.xml "HTTP/1.1 200 OK"
18:51:21 [INFO] HTTP Request: GET https://njcaastats.prestosports.com/sports/mbkb/2025-26/div3/boxscores/20260104_wrvh.xml "HTTP/1.1 200 OK"
18:51:32 [INFO] HTTP Request: GET https://njcaastats.prestosports.com/sports/mbkb/2025-26/div3/boxscores/20260111_auz3.xml "HTTP/1.1 200 OK"
18:51:43 [INFO] HTTP Request: GET https://njcaastats.prestosports.com/sports/mbkb/2025-26/div3/boxscores/20260114_tp8a.xml "HTTP/1.1 200 OK"
18:51:54 [INFO] HTTP Request: GET https://njcaastats.prestosports.com/sports/mbkb/2025-26/div3/boxscores/20260116_xs4q.xml "HTTP/1.1 200 OK"
18:52:05 [INFO] HTTP Request: GET https://njcaastats.prestosports.com/sports/mbkb/2025-26/div3/boxscores/20260118_x2nn.xml "HTTP/1.1 200 OK"
18:52:16 [INFO] HTTP Request: GET https://njcaastats.prestosports.com/sports/mbkb/2025-26/div3/boxscores/20260123_62th.xml "HTTP/1.1 200 OK"
18:52:27 [INFO] HTTP Request: GET https://njcaastats.prestosports.com/sports/mbkb/2025-26/div3/boxscores/20260130_0bwl.xml "HTTP/1.1 200 OK"
18:52:38 [INFO] HTTP Request: GET https://njcaastats.prestosports.com/sports/mbkb/2025-26/div3/boxscores/20260204_m14f.xml "HTTP/1.1 200 OK"
18:52:49 [INFO] HTTP Request: GET https://njcaastats.prestosports.com/sports/mbkb/2025-26/div3/boxscores/20260207_p7sl.xml "HTTP/1.1 200 OK"
18:53:01 [INFO] HTTP Request: GET https://njcaastats.prestosports.com/sports/mbkb/2025-26/div3/boxscores/20260208_t3bj.xml "HTTP/1.1 200 OK"
18:53:12 [INFO] HTTP Request: GET https://njcaastats.prestosports.com/sports/mbkb/2025-26/div3/boxscores/20260211_deki.xml "HTTP/1.1 200 OK"
18:53:28 [INFO] HTTP Request: GET https://njcaastats.prestosports.com/sports/mbkb/2025-26/div3/boxscores/20260214_lfi1.xml "HTTP/1.1 200 OK"
18:53:39 [INFO] HTTP Request: GET https://njcaastats.prestosports.com/sports/mbkb/2025-26/div3/boxscores/20260215_8dwa.xml "HTTP/1.1 200 OK"
18:53:51 [INFO] HTTP Request: GET https://njcaastats.prestosports.com/sports/mbkb/2025-26/div3/boxscores/20260221_oc4x.xml "HTTP/1.1 200 OK"
18:54:03 [INFO] HTTP Request: GET https://njcaastats.prestosports.com/sports/mbkb/2025-26/div3/boxscores/20260222_o5gl.xml "HTTP/1.1 200 OK"
18:54:03 [INFO]   Loaded: 32 games, 782 player-game-stat rows
18:54:03 [INFO] 
[18/20] Springfield Technical CC
18:54:03 [INFO] Scraping team: Springfield Technical CC (springfieldtechnicalcommunitycollege)
18:54:21 [INFO] HTTP Request: GET https://njcaastats.prestosports.com/sports/mbkb/2025-26/div3/teams/springfieldtechnicalcommunitycollege?view=roster "HTTP/1.1 200 OK"
18:54:21 [INFO]   Roster: 14 players
18:54:34 [INFO] HTTP Request: GET https://njcaastats.prestosports.com/sports/mbkb/2025-26/div3/teams/springfieldtechnicalcommunitycollege?view=gamelog "HTTP/1.1 200 OK"
18:54:34 [INFO]   Games: 22 with box scores
18:54:46 [INFO] HTTP Request: GET https://njcaastats.prestosports.com/sports/mbkb/2025-26/div3/boxscores/20251106_rqvf.xml "HTTP/1.1 200 OK"
18:54:57 [INFO] HTTP Request: GET https://njcaastats.prestosports.com/sports/mbkb/2025-26/div3/boxscores/20251111_g4j3.xml "HTTP/1.1 200 OK"
18:55:08 [INFO] HTTP Request: GET https://njcaastats.prestosports.com/sports/mbkb/2025-26/div3/boxscores/20251113_quo5.xml "HTTP/1.1 200 OK"
18:55:19 [INFO] HTTP Request: GET https://njcaastats.prestosports.com/sports/mbkb/2025-26/div3/boxscores/20251115_a660.xml "HTTP/1.1 200 OK"
18:55:30 [INFO] HTTP Request: GET https://njcaastats.prestosports.com/sports/mbkb/2025-26/div3/boxscores/20251118_yy71.xml "HTTP/1.1 200 OK"
18:55:41 [INFO] HTTP Request: GET https://njcaastats.prestosports.com/sports/mbkb/2025-26/div3/boxscores/20251122_feyn.xml "HTTP/1.1 200 OK"
18:56:18 [INFO] HTTP Request: GET https://njcaastats.prestosports.com/sports/mbkb/2025-26/div3/boxscores/20251125_271n.xml "HTTP/1.1 200 OK"
18:56:29 [INFO] HTTP Request: GET https://njcaastats.prestosports.com/sports/mbkb/2025-26/div3/boxscores/20251204_g8pf.xml "HTTP/1.1 200 OK"
18:56:40 [INFO] HTTP Request: GET https://njcaastats.prestosports.com/sports/mbkb/2025-26/div3/boxscores/20251206_hhcg.xml "HTTP/1.1 200 OK"
18:56:52 [INFO] HTTP Request: GET https://njcaastats.prestosports.com/sports/mbkb/2025-26/div3/boxscores/20251211_6oae.xml "HTTP/1.1 200 OK"
18:57:03 [INFO] HTTP Request: GET https://njcaastats.prestosports.com/sports/mbkb/2025-26/div3/boxscores/20251213_3wrk.xml "HTTP/1.1 200 OK"
18:57:14 [INFO] HTTP Request: GET https://njcaastats.prestosports.com/sports/mbkb/2025-26/div3/boxscores/20260112_d9ko.xml "HTTP/1.1 200 OK"
18:57:25 [INFO] HTTP Request: GET https://njcaastats.prestosports.com/sports/mbkb/2025-26/div3/boxscores/20260120_i876.xml "HTTP/1.1 200 OK"
18:57:36 [INFO] HTTP Request: GET https://njcaastats.prestosports.com/sports/mbkb/2025-26/div3/boxscores/20260123_gpv6.xml "HTTP/1.1 200 OK"
18:57:48 [INFO] HTTP Request: GET https://njcaastats.prestosports.com/sports/mbkb/2025-26/div3/boxscores/20260129_tf6c.xml "HTTP/1.1 200 OK"
18:58:00 [INFO] HTTP Request: GET https://njcaastats.prestosports.com/sports/mbkb/2025-26/div3/boxscores/20260131_vbw9.xml "HTTP/1.1 200 OK"
18:58:11 [INFO] HTTP Request: GET https://njcaastats.prestosports.com/sports/mbkb/2025-26/div3/boxscores/20260203_xoyd.xml "HTTP/1.1 200 OK"
18:58:22 [INFO] HTTP Request: GET https://njcaastats.prestosports.com/sports/mbkb/2025-26/div3/boxscores/20260206_llj6.xml "HTTP/1.1 200 OK"
18:58:33 [INFO] HTTP Request: GET https://njcaastats.prestosports.com/sports/mbkb/2025-26/div3/boxscores/20260213_jpv5.xml "HTTP/1.1 200 OK"
18:58:44 [INFO] HTTP Request: GET https://njcaastats.prestosports.com/sports/mbkb/2025-26/div3/boxscores/20260217_newp.xml "HTTP/1.1 200 OK"
18:58:55 [INFO] HTTP Request: GET https://njcaastats.prestosports.com/sports/mbkb/2025-26/div3/boxscores/20260220_jv8f.xml "HTTP/1.1 200 OK"
18:59:06 [INFO] HTTP Request: GET https://njcaastats.prestosports.com/sports/mbkb/2025-26/div3/boxscores/20260226_9qq6.xml "HTTP/1.1 200 OK"
18:59:06 [INFO]   Loaded: 22 games, 491 player-game-stat rows
18:59:06 [INFO] 
[19/20] St. Cloud Technical & CC
18:59:06 [INFO] Scraping team: St. Cloud Technical & CC (stcloudtechnicalcommunitycollege)
18:59:19 [INFO] HTTP Request: GET https://njcaastats.prestosports.com/sports/mbkb/2025-26/div3/teams/stcloudtechnicalcommunitycollege?view=roster "HTTP/1.1 200 OK"
18:59:19 [INFO]   Roster: 14 players
18:59:31 [INFO] HTTP Request: GET https://njcaastats.prestosports.com/sports/mbkb/2025-26/div3/teams/stcloudtechnicalcommunitycollege?view=gamelog "HTTP/1.1 200 OK"
18:59:31 [INFO]   Games: 24 with box scores
18:59:42 [INFO] HTTP Request: GET https://njcaastats.prestosports.com/sports/mbkb/2025-26/div3/boxscores/20251105_i8hj.xml "HTTP/1.1 200 OK"
18:59:53 [INFO] HTTP Request: GET https://njcaastats.prestosports.com/sports/mbkb/2025-26/div3/boxscores/20251114_w802.xml "HTTP/1.1 200 OK"
19:00:04 [INFO] HTTP Request: GET https://njcaastats.prestosports.com/sports/mbkb/2025-26/div3/boxscores/20251121_j0ac.xml "HTTP/1.1 200 OK"
19:00:15 [INFO] HTTP Request: GET https://njcaastats.prestosports.com/sports/mbkb/2025-26/div3/boxscores/20251122_byht.xml "HTTP/1.1 200 OK"
19:00:26 [INFO] HTTP Request: GET https://njcaastats.prestosports.com/sports/mbkb/2025-26/div3/boxscores/20251125_mauy.xml "HTTP/1.1 200 OK"
19:01:10 [INFO] HTTP Request: GET https://njcaastats.prestosports.com/sports/mbkb/2025-26/div3/boxscores/20251205_el69.xml "HTTP/1.1 200 OK"
19:01:21 [INFO] HTTP Request: GET https://njcaastats.prestosports.com/sports/mbkb/2025-26/div3/boxscores/20251206_p3be.xml "HTTP/1.1 200 OK"
19:01:32 [INFO] HTTP Request: GET https://njcaastats.prestosports.com/sports/mbkb/2025-26/div3/boxscores/20251210_ax1d.xml "HTTP/1.1 200 OK"
19:01:43 [INFO] HTTP Request: GET https://njcaastats.prestosports.com/sports/mbkb/2025-26/div3/boxscores/20251212_kbnx.xml "HTTP/1.1 200 OK"
19:01:54 [INFO] HTTP Request: GET https://njcaastats.prestosports.com/sports/mbkb/2025-26/div3/boxscores/20251213_wb2z.xml "HTTP/1.1 200 OK"
19:02:05 [INFO] HTTP Request: GET https://njcaastats.prestosports.com/sports/mbkb/2025-26/div3/boxscores/20260103_fpyw.xml "HTTP/1.1 200 OK"
19:02:17 [INFO] HTTP Request: GET https://njcaastats.prestosports.com/sports/mbkb/2025-26/div3/boxscores/20260110_8w8q.xml "HTTP/1.1 200 OK"
19:02:28 [INFO] HTTP Request: GET https://njcaastats.prestosports.com/sports/mbkb/2025-26/div3/boxscores/20260114_o5sm.xml "HTTP/1.1 200 OK"
19:02:39 [INFO] HTTP Request: GET https://njcaastats.prestosports.com/sports/mbkb/2025-26/div3/boxscores/20260118_9crb.xml "HTTP/1.1 200 OK"
19:02:50 [INFO] HTTP Request: GET https://njcaastats.prestosports.com/sports/mbkb/2025-26/div3/boxscores/20260121_5dfr.xml "HTTP/1.1 200 OK"
19:03:01 [INFO] HTTP Request: GET https://njcaastats.prestosports.com/sports/mbkb/2025-26/div3/boxscores/20260124_weye.xml "HTTP/1.1 200 OK"
19:03:12 [INFO] HTTP Request: GET https://njcaastats.prestosports.com/sports/mbkb/2025-26/div3/boxscores/20260128_aq2w.xml "HTTP/1.1 200 OK"
19:03:23 [INFO] HTTP Request: GET https://njcaastats.prestosports.com/sports/mbkb/2025-26/div3/boxscores/20260204_gmz7.xml "HTTP/1.1 200 OK"
19:03:34 [INFO] HTTP Request: GET https://njcaastats.prestosports.com/sports/mbkb/2025-26/div3/boxscores/20260207_s3bh.xml "HTTP/1.1 200 OK"
19:03:46 [INFO] HTTP Request: GET https://njcaastats.prestosports.com/sports/mbkb/2025-26/div3/boxscores/20260211_7zwt.xml "HTTP/1.1 200 OK"
19:03:57 [INFO] HTTP Request: GET https://njcaastats.prestosports.com/sports/mbkb/2025-26/div3/boxscores/20260214_6ugm.xml "HTTP/1.1 200 OK"
19:04:10 [INFO] HTTP Request: GET https://njcaastats.prestosports.com/sports/mbkb/2025-26/div3/boxscores/20260218_bwv5.xml "HTTP/1.1 200 OK"
19:04:22 [INFO] HTTP Request: GET https://njcaastats.prestosports.com/sports/mbkb/2025-26/div3/boxscores/20260221_now6.xml "HTTP/1.1 200 OK"
19:04:34 [INFO] HTTP Request: GET https://njcaastats.prestosports.com/sports/mbkb/2025-26/div3/boxscores/20260226_rqs8.xml "HTTP/1.1 200 OK"
19:04:34 [INFO]   Loaded: 24 games, 550 player-game-stat rows
19:04:34 [INFO] 
[20/20] Suffolk CC
19:04:34 [INFO] Scraping team: Suffolk CC (suffolkcc)
19:04:46 [INFO] HTTP Request: GET https://njcaastats.prestosports.com/sports/mbkb/2025-26/div3/teams/suffolkcc?view=roster "HTTP/1.1 200 OK"
19:04:46 [INFO]   Roster: 13 players
19:04:59 [INFO] HTTP Request: GET https://njcaastats.prestosports.com/sports/mbkb/2025-26/div3/teams/suffolkcc?view=gamelog "HTTP/1.1 200 OK"
19:04:59 [INFO]   Games: 22 with box scores
19:05:10 [INFO] HTTP Request: GET https://njcaastats.prestosports.com/sports/mbkb/2025-26/div3/boxscores/20251106_1vib.xml "HTTP/1.1 200 OK"
19:05:21 [INFO] HTTP Request: GET https://njcaastats.prestosports.com/sports/mbkb/2025-26/div3/boxscores/20251111_jbe8.xml "HTTP/1.1 200 OK"
19:05:32 [INFO] HTTP Request: GET https://njcaastats.prestosports.com/sports/mbkb/2025-26/div3/boxscores/20251113_a4w7.xml "HTTP/1.1 200 OK"
19:05:43 [INFO] HTTP Request: GET https://njcaastats.prestosports.com/sports/mbkb/2025-26/div3/boxscores/20251115_bdrh.xml "HTTP/1.1 200 OK"
19:05:55 [INFO] HTTP Request: GET https://njcaastats.prestosports.com/sports/mbkb/2025-26/div3/boxscores/20251118_4yig.xml "HTTP/1.1 200 OK"
19:06:06 [INFO] HTTP Request: GET https://njcaastats.prestosports.com/sports/mbkb/2025-26/div3/boxscores/20251125_y30a.xml "HTTP/1.1 200 OK"
19:06:16 [INFO] HTTP Request: GET https://njcaastats.prestosports.com/sports/mbkb/2025-26/div3/boxscores/20251129_v611.xml "HTTP/1.1 200 OK"
19:06:28 [INFO] HTTP Request: GET https://njcaastats.prestosports.com/sports/mbkb/2025-26/div3/boxscores/20251130_jga6.xml "HTTP/1.1 200 OK"
19:06:38 [INFO] HTTP Request: GET https://njcaastats.prestosports.com/sports/mbkb/2025-26/div3/boxscores/20251202_cbnt.xml "HTTP/1.1 200 OK"
19:06:51 [INFO] HTTP Request: GET https://njcaastats.prestosports.com/sports/mbkb/2025-26/div3/boxscores/20251206_li5u.xml "HTTP/1.1 200 OK"
19:07:01 [INFO] HTTP Request: GET https://njcaastats.prestosports.com/sports/mbkb/2025-26/div3/boxscores/20251213_lawa.xml "HTTP/1.1 200 OK"
19:07:13 [INFO] HTTP Request: GET https://njcaastats.prestosports.com/sports/mbkb/2025-26/div3/boxscores/20251218_6ixj.xml "HTTP/1.1 200 OK"
19:07:24 [INFO] HTTP Request: GET https://njcaastats.prestosports.com/sports/mbkb/2025-26/div3/boxscores/20260113_cqlk.xml "HTTP/1.1 200 OK"
19:07:36 [INFO] HTTP Request: GET https://njcaastats.prestosports.com/sports/mbkb/2025-26/div3/boxscores/20260115_kodo.xml "HTTP/1.1 200 OK"
19:07:48 [INFO] HTTP Request: GET https://njcaastats.prestosports.com/sports/mbkb/2025-26/div3/boxscores/20260117_n5xb.xml "HTTP/1.1 200 OK"
19:07:59 [INFO] HTTP Request: GET https://njcaastats.prestosports.com/sports/mbkb/2025-26/div3/boxscores/20260122_bq2o.xml "HTTP/1.1 200 OK"
19:08:10 [INFO] HTTP Request: GET https://njcaastats.prestosports.com/sports/mbkb/2025-26/div3/boxscores/20260124_f0qs.xml "HTTP/1.1 200 OK"
19:08:21 [INFO] HTTP Request: GET https://njcaastats.prestosports.com/sports/mbkb/2025-26/div3/boxscores/20260127_54xq.xml "HTTP/1.1 200 OK"
19:08:32 [INFO] HTTP Request: GET https://njcaastats.prestosports.com/sports/mbkb/2025-26/div3/boxscores/20260131_ao6i.xml "HTTP/1.1 200 OK"
19:08:43 [INFO] HTTP Request: GET https://njcaastats.prestosports.com/sports/mbkb/2025-26/div3/boxscores/20260205_vxw1.xml "HTTP/1.1 200 OK"
19:08:54 [INFO] HTTP Request: GET https://njcaastats.prestosports.com/sports/mbkb/2025-26/div3/boxscores/20260210_taoe.xml "HTTP/1.1 200 OK"
19:09:05 [INFO] HTTP Request: GET https://njcaastats.prestosports.com/sports/mbkb/2025-26/div3/boxscores/20260214_w1l4.xml "HTTP/1.1 200 OK"
19:09:05 [INFO]   Loaded: 22 games, 481 player-game-stat rows
19:09:05 [INFO] 
============================================================
19:09:05 [INFO]   BATCH COMPLETE: 20 teams, 546 games, 12761 PGS rows
19:09:05 [INFO] ============================================================

============================================================
  BATCH (njcaa_d3) — FINAL SUMMARY
============================================================
  Total teams discovered & scraped: 3008
  Total players in database:        31674
  Total games with box scores:      19348
  Total player_game_stats rows:     434086
  Total team_game_stats rows:       21702
  Total HTTP requests:              30090
  Failed URLs (in scrape_log):      484
============================================================
