14:39:18 [INFO] Batch: 20 teams, level=njcaa_d2, assoc=njcaa
14:39:18 [INFO] 
[1/20] Hocking College
14:39:18 [INFO] Scraping team: Hocking College (hockingcollege)
14:39:21 [INFO] HTTP Request: GET https://njcaastats.prestosports.com/sports/mbkb/2025-26/div2/teams/hockingcollege?view=roster "HTTP/1.1 200 OK"
14:39:21 [INFO]   Roster: 14 players
14:39:33 [INFO] HTTP Request: GET https://njcaastats.prestosports.com/sports/mbkb/2025-26/div2/teams/hockingcollege?view=gamelog "HTTP/1.1 200 OK"
14:39:33 [INFO]   Games: 24 with box scores
14:39:45 [INFO] HTTP Request: GET https://njcaastats.prestosports.com/sports/mbkb/2025-26/div2/boxscores/20251103_cd9p.xml "HTTP/1.1 200 OK"
14:39:57 [INFO] HTTP Request: GET https://njcaastats.prestosports.com/sports/mbkb/2025-26/div2/boxscores/20251105_dr27.xml "HTTP/1.1 200 OK"
14:40:08 [INFO] HTTP Request: GET https://njcaastats.prestosports.com/sports/mbkb/2025-26/div2/boxscores/20251107_fryp.xml "HTTP/1.1 200 OK"
14:40:20 [INFO] HTTP Request: GET https://njcaastats.prestosports.com/sports/mbkb/2025-26/div2/boxscores/20251112_wbis.xml "HTTP/1.1 200 OK"
14:40:31 [INFO] HTTP Request: GET https://njcaastats.prestosports.com/sports/mbkb/2025-26/div2/boxscores/20251115_jc2d.xml "HTTP/1.1 200 OK"
14:40:42 [INFO] HTTP Request: GET https://njcaastats.prestosports.com/sports/mbkb/2025-26/div2/boxscores/20251118_py5v.xml "HTTP/1.1 200 OK"
14:40:53 [INFO] HTTP Request: GET https://njcaastats.prestosports.com/sports/mbkb/2025-26/div2/boxscores/20251122_1m2n.xml "HTTP/1.1 200 OK"
14:41:05 [INFO] HTTP Request: GET https://njcaastats.prestosports.com/sports/mbkb/2025-26/div2/boxscores/20251124_kak1.xml "HTTP/1.1 200 OK"
14:41:17 [INFO] HTTP Request: GET https://njcaastats.prestosports.com/sports/mbkb/2025-26/div2/boxscores/20251129_oxc2.xml "HTTP/1.1 200 OK"
14:41:29 [INFO] HTTP Request: GET https://njcaastats.prestosports.com/sports/mbkb/2025-26/div2/boxscores/20251203_a4h8.xml "HTTP/1.1 200 OK"
14:41:40 [INFO] HTTP Request: GET https://njcaastats.prestosports.com/sports/mbkb/2025-26/div2/boxscores/20251211_9bua.xml "HTTP/1.1 200 OK"
14:41:51 [INFO] HTTP Request: GET https://njcaastats.prestosports.com/sports/mbkb/2025-26/div2/boxscores/20251213_swlz.xml "HTTP/1.1 200 OK"
14:42:02 [INFO] HTTP Request: GET https://njcaastats.prestosports.com/sports/mbkb/2025-26/div2/boxscores/20251220_0r4h.xml "HTTP/1.1 200 OK"
14:42:14 [INFO] HTTP Request: GET https://njcaastats.prestosports.com/sports/mbkb/2025-26/div2/boxscores/20260110_bov4.xml "HTTP/1.1 200 OK"
14:42:25 [INFO] HTTP Request: GET https://njcaastats.prestosports.com/sports/mbkb/2025-26/div2/boxscores/20260112_2so8.xml "HTTP/1.1 200 OK"
14:42:37 [INFO] HTTP Request: GET https://njcaastats.prestosports.com/sports/mbkb/2025-26/div2/boxscores/20260114_47hu.xml "HTTP/1.1 200 OK"
14:42:48 [INFO] HTTP Request: GET https://njcaastats.prestosports.com/sports/mbkb/2025-26/div2/boxscores/20260117_7qk5.xml "HTTP/1.1 200 OK"
14:43:00 [INFO] HTTP Request: GET https://njcaastats.prestosports.com/sports/mbkb/2025-26/div2/boxscores/20260121_gpmg.xml "HTTP/1.1 200 OK"
14:43:11 [INFO] HTTP Request: GET https://njcaastats.prestosports.com/sports/mbkb/2025-26/div2/boxscores/20260128_mac5.xml "HTTP/1.1 200 OK"
14:43:23 [INFO] HTTP Request: GET https://njcaastats.prestosports.com/sports/mbkb/2025-26/div2/boxscores/20260131_6rka.xml "HTTP/1.1 200 OK"
14:43:34 [INFO] HTTP Request: GET https://njcaastats.prestosports.com/sports/mbkb/2025-26/div2/boxscores/20260207_4xqe.xml "HTTP/1.1 200 OK"
14:43:45 [INFO] HTTP Request: GET https://njcaastats.prestosports.com/sports/mbkb/2025-26/div2/boxscores/20260214_rhju.xml "HTTP/1.1 200 OK"
14:43:56 [INFO] HTTP Request: GET https://njcaastats.prestosports.com/sports/mbkb/2025-26/div2/boxscores/20260218_lk7f.xml "HTTP/1.1 200 OK"
14:44:07 [INFO] HTTP Request: GET https://njcaastats.prestosports.com/sports/mbkb/2025-26/div2/boxscores/20260221_zz43.xml "HTTP/1.1 200 OK"
14:44:07 [INFO]   Loaded: 24 games, 528 player-game-stat rows
14:44:07 [INFO] 
[2/20] Howard CC
14:44:07 [INFO] Scraping team: Howard CC (howardcommunitycollege)
14:44:19 [INFO] HTTP Request: GET https://njcaastats.prestosports.com/sports/mbkb/2025-26/div2/teams/howardcommunitycollege?view=roster "HTTP/1.1 200 OK"
14:44:19 [INFO]   Roster: 17 players
14:44:31 [INFO] HTTP Request: GET https://njcaastats.prestosports.com/sports/mbkb/2025-26/div2/teams/howardcommunitycollege?view=gamelog "HTTP/1.1 200 OK"
14:44:31 [INFO]   Games: 29 with box scores
14:44:43 [INFO] HTTP Request: GET https://njcaastats.prestosports.com/sports/mbkb/2025-26/div2/boxscores/20251023_ph5l.xml "HTTP/1.1 200 OK"
14:44:55 [INFO] HTTP Request: GET https://njcaastats.prestosports.com/sports/mbkb/2025-26/div2/boxscores/20251101_ywei.xml "HTTP/1.1 200 OK"
14:45:07 [INFO] HTTP Request: GET https://njcaastats.prestosports.com/sports/mbkb/2025-26/div2/boxscores/20251102_4xkx.xml "HTTP/1.1 200 OK"
14:45:18 [INFO] HTTP Request: GET https://njcaastats.prestosports.com/sports/mbkb/2025-26/div2/boxscores/20251105_khbb.xml "HTTP/1.1 200 OK"
14:45:29 [INFO] HTTP Request: GET https://njcaastats.prestosports.com/sports/mbkb/2025-26/div2/boxscores/20251108_jb05.xml "HTTP/1.1 200 OK"
14:45:41 [INFO] HTTP Request: GET https://njcaastats.prestosports.com/sports/mbkb/2025-26/div2/boxscores/20251109_mho3.xml "HTTP/1.1 200 OK"
14:45:54 [INFO] HTTP Request: GET https://njcaastats.prestosports.com/sports/mbkb/2025-26/div2/boxscores/20251115_ef63.xml "HTTP/1.1 200 OK"
14:46:05 [INFO] HTTP Request: GET https://njcaastats.prestosports.com/sports/mbkb/2025-26/div2/boxscores/20251116_7ri1.xml "HTTP/1.1 200 OK"
14:46:17 [INFO] HTTP Request: GET https://njcaastats.prestosports.com/sports/mbkb/2025-26/div2/boxscores/20251119_ms9y.xml "HTTP/1.1 200 OK"
14:46:28 [INFO] HTTP Request: GET https://njcaastats.prestosports.com/sports/mbkb/2025-26/div2/boxscores/20251122_gurw.xml "HTTP/1.1 200 OK"
14:46:40 [INFO] HTTP Request: GET https://njcaastats.prestosports.com/sports/mbkb/2025-26/div2/boxscores/20251125_9qjw.xml "HTTP/1.1 200 OK"
14:46:51 [INFO] HTTP Request: GET https://njcaastats.prestosports.com/sports/mbkb/2025-26/div2/boxscores/20251202_2oov.xml "HTTP/1.1 200 OK"
14:47:04 [INFO] HTTP Request: GET https://njcaastats.prestosports.com/sports/mbkb/2025-26/div2/boxscores/20251205_i7vn.xml "HTTP/1.1 200 OK"
14:47:15 [INFO] HTTP Request: GET https://njcaastats.prestosports.com/sports/mbkb/2025-26/div2/boxscores/20251210_32hv.xml "HTTP/1.1 200 OK"
14:47:26 [INFO] HTTP Request: GET https://njcaastats.prestosports.com/sports/mbkb/2025-26/div2/boxscores/20251211_qcdx.xml "HTTP/1.1 200 OK"
14:47:38 [INFO] HTTP Request: GET https://njcaastats.prestosports.com/sports/mbkb/2025-26/div2/boxscores/20251220_2ggx.xml "HTTP/1.1 200 OK"
14:47:49 [INFO] HTTP Request: GET https://njcaastats.prestosports.com/sports/mbkb/2025-26/div2/boxscores/20251221_7s90.xml "HTTP/1.1 200 OK"
14:48:00 [INFO] HTTP Request: GET https://njcaastats.prestosports.com/sports/mbkb/2025-26/div2/boxscores/20260106_1688.xml "HTTP/1.1 200 OK"
14:48:11 [INFO] HTTP Request: GET https://njcaastats.prestosports.com/sports/mbkb/2025-26/div2/boxscores/20260109_onl1.xml "HTTP/1.1 200 OK"
14:48:24 [INFO] HTTP Request: GET https://njcaastats.prestosports.com/sports/mbkb/2025-26/div2/boxscores/20260113_q7hd.xml "HTTP/1.1 200 OK"
14:48:35 [INFO] HTTP Request: GET https://njcaastats.prestosports.com/sports/mbkb/2025-26/div2/boxscores/20260121_n2bs.xml "HTTP/1.1 200 OK"
14:48:46 [INFO] HTTP Request: GET https://njcaastats.prestosports.com/sports/mbkb/2025-26/div2/boxscores/20260123_vwmr.xml "HTTP/1.1 200 OK"
14:48:57 [INFO] HTTP Request: GET https://njcaastats.prestosports.com/sports/mbkb/2025-26/div2/boxscores/20260203_936w.xml "HTTP/1.1 200 OK"
14:49:09 [INFO] HTTP Request: GET https://njcaastats.prestosports.com/sports/mbkb/2025-26/div2/boxscores/20260206_p5mw.xml "HTTP/1.1 200 OK"
14:49:20 [INFO] HTTP Request: GET https://njcaastats.prestosports.com/sports/mbkb/2025-26/div2/boxscores/20260207_ugvr.xml "HTTP/1.1 200 OK"
14:49:32 [INFO] HTTP Request: GET https://njcaastats.prestosports.com/sports/mbkb/2025-26/div2/boxscores/20260211_yuyu.xml "HTTP/1.1 200 OK"
14:49:43 [INFO] HTTP Request: GET https://njcaastats.prestosports.com/sports/mbkb/2025-26/div2/boxscores/20260215_8nky.xml "HTTP/1.1 200 OK"
14:49:55 [INFO] HTTP Request: GET https://njcaastats.prestosports.com/sports/mbkb/2025-26/div2/boxscores/20260220_4qlj.xml "HTTP/1.1 200 OK"
14:50:06 [INFO] HTTP Request: GET https://njcaastats.prestosports.com/sports/mbkb/2025-26/div2/boxscores/20260225_uboo.xml "HTTP/1.1 200 OK"
14:50:06 [INFO]   Loaded: 29 games, 723 player-game-stat rows
14:50:06 [INFO] 
[3/20] Illinois Central College
14:50:06 [INFO] Scraping team: Illinois Central College (illinoiscentralcollege)
14:50:18 [INFO] HTTP Request: GET https://njcaastats.prestosports.com/sports/mbkb/2025-26/div2/teams/illinoiscentralcollege?view=roster "HTTP/1.1 200 OK"
14:50:19 [INFO]   Roster: 15 players
14:50:31 [INFO] HTTP Request: GET https://njcaastats.prestosports.com/sports/mbkb/2025-26/div2/teams/illinoiscentralcollege?view=gamelog "HTTP/1.1 200 OK"
14:50:31 [INFO]   Games: 27 with box scores
14:50:42 [INFO] HTTP Request: GET https://njcaastats.prestosports.com/sports/mbkb/2025-26/div2/boxscores/20251031_ocvn.xml "HTTP/1.1 200 OK"
14:50:53 [INFO] HTTP Request: GET https://njcaastats.prestosports.com/sports/mbkb/2025-26/div2/boxscores/20251101_bzdh.xml "HTTP/1.1 200 OK"
14:51:04 [INFO] HTTP Request: GET https://njcaastats.prestosports.com/sports/mbkb/2025-26/div2/boxscores/20251105_74q5.xml "HTTP/1.1 200 OK"
14:51:15 [INFO] HTTP Request: GET https://njcaastats.prestosports.com/sports/mbkb/2025-26/div2/boxscores/20251107_2qe1.xml "HTTP/1.1 200 OK"
14:51:27 [INFO] HTTP Request: GET https://njcaastats.prestosports.com/sports/mbkb/2025-26/div2/boxscores/20251111_euvy.xml "HTTP/1.1 200 OK"
14:51:38 [INFO] HTTP Request: GET https://njcaastats.prestosports.com/sports/mbkb/2025-26/div2/boxscores/20251114_2qle.xml "HTTP/1.1 200 OK"
14:51:50 [INFO] HTTP Request: GET https://njcaastats.prestosports.com/sports/mbkb/2025-26/div2/boxscores/20251119_upsz.xml "HTTP/1.1 200 OK"
14:52:03 [INFO] HTTP Request: GET https://njcaastats.prestosports.com/sports/mbkb/2025-26/div2/boxscores/20251122_vrf5.xml "HTTP/1.1 200 OK"
14:52:14 [INFO] HTTP Request: GET https://njcaastats.prestosports.com/sports/mbkb/2025-26/div2/boxscores/20251203_lkoq.xml "HTTP/1.1 200 OK"
14:52:25 [INFO] HTTP Request: GET https://njcaastats.prestosports.com/sports/mbkb/2025-26/div2/boxscores/20251206_n76a.xml "HTTP/1.1 200 OK"
14:52:36 [INFO] HTTP Request: GET https://njcaastats.prestosports.com/sports/mbkb/2025-26/div2/boxscores/20251210_7pni.xml "HTTP/1.1 200 OK"
14:52:47 [INFO] HTTP Request: GET https://njcaastats.prestosports.com/sports/mbkb/2025-26/div2/boxscores/20260103_a9ul.xml "HTTP/1.1 200 OK"
14:52:59 [INFO] HTTP Request: GET https://njcaastats.prestosports.com/sports/mbkb/2025-26/div2/boxscores/20260107_ezkk.xml "HTTP/1.1 200 OK"
14:53:10 [INFO] HTTP Request: GET https://njcaastats.prestosports.com/sports/mbkb/2025-26/div2/boxscores/20260110_9zyk.xml "HTTP/1.1 200 OK"
14:53:21 [INFO] HTTP Request: GET https://njcaastats.prestosports.com/sports/mbkb/2025-26/div2/boxscores/20260114_vszv.xml "HTTP/1.1 200 OK"
14:53:32 [INFO] HTTP Request: GET https://njcaastats.prestosports.com/sports/mbkb/2025-26/div2/boxscores/20260119_0avz.xml "HTTP/1.1 200 OK"
14:53:44 [INFO] HTTP Request: GET https://njcaastats.prestosports.com/sports/mbkb/2025-26/div2/boxscores/20260121_76dt.xml "HTTP/1.1 200 OK"
14:53:55 [INFO] HTTP Request: GET https://njcaastats.prestosports.com/sports/mbkb/2025-26/div2/boxscores/20260124_b31n.xml "HTTP/1.1 200 OK"
14:54:08 [INFO] HTTP Request: GET https://njcaastats.prestosports.com/sports/mbkb/2025-26/div2/boxscores/20260129_sc6l.xml "HTTP/1.1 200 OK"
14:54:21 [INFO] HTTP Request: GET https://njcaastats.prestosports.com/sports/mbkb/2025-26/div2/boxscores/20260131_d1ch.xml "HTTP/1.1 200 OK"
14:54:32 [INFO] HTTP Request: GET https://njcaastats.prestosports.com/sports/mbkb/2025-26/div2/boxscores/20260204_4plu.xml "HTTP/1.1 200 OK"
14:54:44 [INFO] HTTP Request: GET https://njcaastats.prestosports.com/sports/mbkb/2025-26/div2/boxscores/20260207_et7s.xml "HTTP/1.1 200 OK"
14:54:55 [INFO] HTTP Request: GET https://njcaastats.prestosports.com/sports/mbkb/2025-26/div2/boxscores/20260209_tmce.xml "HTTP/1.1 200 OK"
14:55:06 [INFO] HTTP Request: GET https://njcaastats.prestosports.com/sports/mbkb/2025-26/div2/boxscores/20260211_3tmn.xml "HTTP/1.1 200 OK"
14:55:17 [INFO] HTTP Request: GET https://njcaastats.prestosports.com/sports/mbkb/2025-26/div2/boxscores/20260218_5ysh.xml "HTTP/1.1 200 OK"
14:55:28 [INFO] HTTP Request: GET https://njcaastats.prestosports.com/sports/mbkb/2025-26/div2/boxscores/20260221_f5yt.xml "HTTP/1.1 200 OK"
14:55:40 [INFO] HTTP Request: GET https://njcaastats.prestosports.com/sports/mbkb/2025-26/div2/boxscores/20260225_j1ip.xml "HTTP/1.1 200 OK"
14:55:40 [INFO]   Loaded: 27 games, 686 player-game-stat rows
14:55:40 [INFO] 
[4/20] Illinois Valley CC
14:55:40 [INFO] Scraping team: Illinois Valley CC (illinoisvalleycommunitycollege)
14:55:52 [INFO] HTTP Request: GET https://njcaastats.prestosports.com/sports/mbkb/2025-26/div2/teams/illinoisvalleycommunitycollege?view=roster "HTTP/1.1 200 OK"
14:55:52 [INFO]   Roster: 15 players
14:56:04 [INFO] HTTP Request: GET https://njcaastats.prestosports.com/sports/mbkb/2025-26/div2/teams/illinoisvalleycommunitycollege?view=gamelog "HTTP/1.1 200 OK"
14:56:05 [INFO]   Games: 30 with box scores
14:56:16 [INFO] HTTP Request: GET https://njcaastats.prestosports.com/sports/mbkb/2025-26/div2/boxscores/20251101_6l9b.xml "HTTP/1.1 200 OK"
14:56:28 [INFO] HTTP Request: GET https://njcaastats.prestosports.com/sports/mbkb/2025-26/div2/boxscores/20251106_uvrh.xml "HTTP/1.1 200 OK"
14:56:39 [INFO] HTTP Request: GET https://njcaastats.prestosports.com/sports/mbkb/2025-26/div2/boxscores/20251111_d01h.xml "HTTP/1.1 200 OK"
14:56:50 [INFO] HTTP Request: GET https://njcaastats.prestosports.com/sports/mbkb/2025-26/div2/boxscores/20251113_4xmw.xml "HTTP/1.1 200 OK"
14:57:03 [INFO] HTTP Request: GET https://njcaastats.prestosports.com/sports/mbkb/2025-26/div2/boxscores/20251115_12j3.xml "HTTP/1.1 200 OK"
14:57:14 [INFO] HTTP Request: GET https://njcaastats.prestosports.com/sports/mbkb/2025-26/div2/boxscores/20251118_bwb4.xml "HTTP/1.1 200 OK"
14:57:25 [INFO] HTTP Request: GET https://njcaastats.prestosports.com/sports/mbkb/2025-26/div2/boxscores/20251120_17e5.xml "HTTP/1.1 200 OK"
14:57:36 [INFO] HTTP Request: GET https://njcaastats.prestosports.com/sports/mbkb/2025-26/div2/boxscores/20251201_8rwl.xml "HTTP/1.1 200 OK"
14:57:47 [INFO] HTTP Request: GET https://njcaastats.prestosports.com/sports/mbkb/2025-26/div2/boxscores/20251203_kv71.xml "HTTP/1.1 200 OK"
14:57:59 [INFO] HTTP Request: GET https://njcaastats.prestosports.com/sports/mbkb/2025-26/div2/boxscores/20251206_2ygl.xml "HTTP/1.1 200 OK"
14:58:10 [INFO] HTTP Request: GET https://njcaastats.prestosports.com/sports/mbkb/2025-26/div2/boxscores/20251213_pgde.xml "HTTP/1.1 200 OK"
14:58:22 [INFO] HTTP Request: GET https://njcaastats.prestosports.com/sports/mbkb/2025-26/div2/boxscores/20251215_d7pb.xml "HTTP/1.1 200 OK"
14:58:33 [INFO] HTTP Request: GET https://njcaastats.prestosports.com/sports/mbkb/2025-26/div2/boxscores/20251218_zloz.xml "HTTP/1.1 200 OK"
14:58:44 [INFO] HTTP Request: GET https://njcaastats.prestosports.com/sports/mbkb/2025-26/div2/boxscores/20251220_fl8x.xml "HTTP/1.1 200 OK"
14:58:55 [INFO] HTTP Request: GET https://njcaastats.prestosports.com/sports/mbkb/2025-26/div2/boxscores/20260108_0dx9.xml "HTTP/1.1 200 OK"
14:59:06 [INFO] HTTP Request: GET https://njcaastats.prestosports.com/sports/mbkb/2025-26/div2/boxscores/20260110_x5r3.xml "HTTP/1.1 200 OK"
14:59:17 [INFO] HTTP Request: GET https://njcaastats.prestosports.com/sports/mbkb/2025-26/div2/boxscores/20260113_dugg.xml "HTTP/1.1 200 OK"
14:59:28 [INFO] HTTP Request: GET https://njcaastats.prestosports.com/sports/mbkb/2025-26/div2/boxscores/20260115_kai3.xml "HTTP/1.1 200 OK"
14:59:40 [INFO] HTTP Request: GET https://njcaastats.prestosports.com/sports/mbkb/2025-26/div2/boxscores/20260117_im8i.xml "HTTP/1.1 200 OK"
14:59:51 [INFO] HTTP Request: GET https://njcaastats.prestosports.com/sports/mbkb/2025-26/div2/boxscores/20260120_9f81.xml "HTTP/1.1 200 OK"
15:00:03 [INFO] HTTP Request: GET https://njcaastats.prestosports.com/sports/mbkb/2025-26/div2/boxscores/20260129_iis5.xml "HTTP/1.1 200 OK"
15:00:14 [INFO] HTTP Request: GET https://njcaastats.prestosports.com/sports/mbkb/2025-26/div2/boxscores/20260131_ytyi.xml "HTTP/1.1 200 OK"
15:00:26 [INFO] HTTP Request: GET https://njcaastats.prestosports.com/sports/mbkb/2025-26/div2/boxscores/20260205_qevk.xml "HTTP/1.1 200 OK"
15:00:37 [INFO] HTTP Request: GET https://njcaastats.prestosports.com/sports/mbkb/2025-26/div2/boxscores/20260210_ru2y.xml "HTTP/1.1 200 OK"
15:00:48 [INFO] HTTP Request: GET https://njcaastats.prestosports.com/sports/mbkb/2025-26/div2/boxscores/20260212_pe60.xml "HTTP/1.1 200 OK"
15:00:59 [INFO] HTTP Request: GET https://njcaastats.prestosports.com/sports/mbkb/2025-26/div2/boxscores/20260213_32u1.xml "HTTP/1.1 200 OK"
15:01:11 [INFO] HTTP Request: GET https://njcaastats.prestosports.com/sports/mbkb/2025-26/div2/boxscores/20260214_o1rn.xml "HTTP/1.1 200 OK"
15:01:22 [INFO] HTTP Request: GET https://njcaastats.prestosports.com/sports/mbkb/2025-26/div2/boxscores/20260217_3i0d.xml "HTTP/1.1 200 OK"
15:01:33 [INFO] HTTP Request: GET https://njcaastats.prestosports.com/sports/mbkb/2025-26/div2/boxscores/20260219_1y6y.xml "HTTP/1.1 200 OK"
15:01:44 [INFO] HTTP Request: GET https://njcaastats.prestosports.com/sports/mbkb/2025-26/div2/boxscores/20260221_skyz.xml "HTTP/1.1 200 OK"
15:01:44 [INFO]   Loaded: 30 games, 714 player-game-stat rows
15:01:44 [INFO] 
[5/20] Iowa Central CC
15:01:44 [INFO] Scraping team: Iowa Central CC (iowacentralcommunitycollege)
15:01:56 [INFO] HTTP Request: GET https://njcaastats.prestosports.com/sports/mbkb/2025-26/div2/teams/iowacentralcommunitycollege?view=roster "HTTP/1.1 200 OK"
15:01:57 [INFO]   Roster: 15 players
15:02:09 [INFO] HTTP Request: GET https://njcaastats.prestosports.com/sports/mbkb/2025-26/div2/teams/iowacentralcommunitycollege?view=gamelog "HTTP/1.1 200 OK"
15:02:09 [INFO]   Games: 29 with box scores
15:02:20 [INFO] HTTP Request: GET https://njcaastats.prestosports.com/sports/mbkb/2025-26/div2/boxscores/20251031_bua2.xml "HTTP/1.1 200 OK"
15:02:33 [INFO] HTTP Request: GET https://njcaastats.prestosports.com/sports/mbkb/2025-26/div2/boxscores/20251101_5uzu.xml "HTTP/1.1 200 OK"
15:02:44 [INFO] HTTP Request: GET https://njcaastats.prestosports.com/sports/mbkb/2025-26/div2/boxscores/20251107_tnzu.xml "HTTP/1.1 200 OK"
15:02:55 [INFO] HTTP Request: GET https://njcaastats.prestosports.com/sports/mbkb/2025-26/div2/boxscores/20251108_kdy7.xml "HTTP/1.1 200 OK"
15:03:06 [INFO] HTTP Request: GET https://njcaastats.prestosports.com/sports/mbkb/2025-26/div2/boxscores/20251114_hzzp.xml "HTTP/1.1 200 OK"
15:03:18 [INFO] HTTP Request: GET https://njcaastats.prestosports.com/sports/mbkb/2025-26/div2/boxscores/20251115_xuc7.xml "HTTP/1.1 200 OK"
15:03:29 [INFO] HTTP Request: GET https://njcaastats.prestosports.com/sports/mbkb/2025-26/div2/boxscores/20251119_1m7m.xml "HTTP/1.1 200 OK"
15:03:44 [INFO] HTTP Request: GET https://njcaastats.prestosports.com/sports/mbkb/2025-26/div2/boxscores/20251122_w92y.xml "HTTP/1.1 200 OK"
15:03:56 [INFO] HTTP Request: GET https://njcaastats.prestosports.com/sports/mbkb/2025-26/div2/boxscores/20251125_mprp.xml "HTTP/1.1 200 OK"
15:04:07 [INFO] HTTP Request: GET https://njcaastats.prestosports.com/sports/mbkb/2025-26/div2/boxscores/20251203_ir5m.xml "HTTP/1.1 200 OK"
15:04:19 [INFO] HTTP Request: GET https://njcaastats.prestosports.com/sports/mbkb/2025-26/div2/boxscores/20251206_wkud.xml "HTTP/1.1 200 OK"
15:04:32 [INFO] HTTP Request: GET https://njcaastats.prestosports.com/sports/mbkb/2025-26/div2/boxscores/20251210_d01q.xml "HTTP/1.1 200 OK"
15:04:44 [INFO] HTTP Request: GET https://njcaastats.prestosports.com/sports/mbkb/2025-26/div2/boxscores/20251213_pybp.xml "HTTP/1.1 200 OK"
15:04:55 [INFO] HTTP Request: GET https://njcaastats.prestosports.com/sports/mbkb/2025-26/div2/boxscores/20251217_oe7k.xml "HTTP/1.1 200 OK"
15:05:06 [INFO] HTTP Request: GET https://njcaastats.prestosports.com/sports/mbkb/2025-26/div2/boxscores/20260103_o9ur.xml "HTTP/1.1 200 OK"
15:05:18 [INFO] HTTP Request: GET https://njcaastats.prestosports.com/sports/mbkb/2025-26/div2/boxscores/20260107_paej.xml "HTTP/1.1 200 OK"
15:05:29 [INFO] HTTP Request: GET https://njcaastats.prestosports.com/sports/mbkb/2025-26/div2/boxscores/20260110_zdrv.xml "HTTP/1.1 200 OK"
15:05:40 [INFO] HTTP Request: GET https://njcaastats.prestosports.com/sports/mbkb/2025-26/div2/boxscores/20260114_bfaj.xml "HTTP/1.1 200 OK"
15:05:51 [INFO] HTTP Request: GET https://njcaastats.prestosports.com/sports/mbkb/2025-26/div2/boxscores/20260117_lv6e.xml "HTTP/1.1 200 OK"
15:06:03 [INFO] HTTP Request: GET https://njcaastats.prestosports.com/sports/mbkb/2025-26/div2/boxscores/20260121_rlzr.xml "HTTP/1.1 200 OK"
15:06:14 [INFO] HTTP Request: GET https://njcaastats.prestosports.com/sports/mbkb/2025-26/div2/boxscores/20260124_08pu.xml "HTTP/1.1 200 OK"
15:06:26 [INFO] HTTP Request: GET https://njcaastats.prestosports.com/sports/mbkb/2025-26/div2/boxscores/20260128_ucih.xml "HTTP/1.1 200 OK"
15:06:37 [INFO] HTTP Request: GET https://njcaastats.prestosports.com/sports/mbkb/2025-26/div2/boxscores/20260131_fivp.xml "HTTP/1.1 200 OK"
15:06:49 [INFO] HTTP Request: GET https://njcaastats.prestosports.com/sports/mbkb/2025-26/div2/boxscores/20260204_v9nd.xml "HTTP/1.1 200 OK"
15:07:00 [INFO] HTTP Request: GET https://njcaastats.prestosports.com/sports/mbkb/2025-26/div2/boxscores/20260207_lz3a.xml "HTTP/1.1 200 OK"
15:07:12 [INFO] HTTP Request: GET https://njcaastats.prestosports.com/sports/mbkb/2025-26/div2/boxscores/20260211_w8pn.xml "HTTP/1.1 200 OK"
15:07:23 [INFO] HTTP Request: GET https://njcaastats.prestosports.com/sports/mbkb/2025-26/div2/boxscores/20260218_2ej7.xml "HTTP/1.1 200 OK"
15:07:35 [INFO] HTTP Request: GET https://njcaastats.prestosports.com/sports/mbkb/2025-26/div2/boxscores/20260221_qhi5.xml "HTTP/1.1 200 OK"
15:07:47 [INFO] HTTP Request: GET https://njcaastats.prestosports.com/sports/mbkb/2025-26/div2/boxscores/20260225_3ztj.xml "HTTP/1.1 200 OK"
15:07:47 [INFO]   Loaded: 29 games, 693 player-game-stat rows
15:07:47 [INFO] 
[6/20] Iowa Lakes CC
15:07:47 [INFO] Scraping team: Iowa Lakes CC (iowalakescommunitycollege)
15:07:59 [INFO] HTTP Request: GET https://njcaastats.prestosports.com/sports/mbkb/2025-26/div2/teams/iowalakescommunitycollege?view=roster "HTTP/1.1 200 OK"
15:07:59 [INFO]   Roster: 16 players
15:08:12 [INFO] HTTP Request: GET https://njcaastats.prestosports.com/sports/mbkb/2025-26/div2/teams/iowalakescommunitycollege?view=gamelog "HTTP/1.1 200 OK"
15:08:12 [INFO]   Games: 30 with box scores
15:08:24 [INFO] HTTP Request: GET https://njcaastats.prestosports.com/sports/mbkb/2025-26/div2/boxscores/20251031_5lbn.xml "HTTP/1.1 200 OK"
15:08:36 [INFO] HTTP Request: GET https://njcaastats.prestosports.com/sports/mbkb/2025-26/div2/boxscores/20251101_jfkl.xml "HTTP/1.1 200 OK"
15:08:49 [INFO] HTTP Request: GET https://njcaastats.prestosports.com/sports/mbkb/2025-26/div2/boxscores/20251104_s9cd.xml "HTTP/1.1 200 OK"
15:09:02 [INFO] HTTP Request: GET https://njcaastats.prestosports.com/sports/mbkb/2025-26/div2/boxscores/20251107_7tb7.xml "HTTP/1.1 200 OK"
15:09:14 [INFO] HTTP Request: GET https://njcaastats.prestosports.com/sports/mbkb/2025-26/div2/boxscores/20251108_lkv2.xml "HTTP/1.1 200 OK"
15:09:28 [INFO] HTTP Request: GET https://njcaastats.prestosports.com/sports/mbkb/2025-26/div2/boxscores/20251114_jn39.xml "HTTP/1.1 200 OK"
15:09:42 [INFO] HTTP Request: GET https://njcaastats.prestosports.com/sports/mbkb/2025-26/div2/boxscores/20251115_y7dv.xml "HTTP/1.1 200 OK"
15:09:54 [INFO] HTTP Request: GET https://njcaastats.prestosports.com/sports/mbkb/2025-26/div2/boxscores/20251118_9qzz.xml "HTTP/1.1 200 OK"
15:10:06 [INFO] HTTP Request: GET https://njcaastats.prestosports.com/sports/mbkb/2025-26/div2/boxscores/20251125_76wk.xml "HTTP/1.1 200 OK"
15:10:18 [INFO] HTTP Request: GET https://njcaastats.prestosports.com/sports/mbkb/2025-26/div2/boxscores/20251203_jx3x.xml "HTTP/1.1 200 OK"
15:10:29 [INFO] HTTP Request: GET https://njcaastats.prestosports.com/sports/mbkb/2025-26/div2/boxscores/20251206_wkud.xml "HTTP/1.1 200 OK"
15:10:40 [INFO] HTTP Request: GET https://njcaastats.prestosports.com/sports/mbkb/2025-26/div2/boxscores/20251210_ivdm.xml "HTTP/1.1 200 OK"
15:10:52 [INFO] HTTP Request: GET https://njcaastats.prestosports.com/sports/mbkb/2025-26/div2/boxscores/20251213_w0ta.xml "HTTP/1.1 200 OK"
15:11:03 [INFO] HTTP Request: GET https://njcaastats.prestosports.com/sports/mbkb/2025-26/div2/boxscores/20251217_arrj.xml "HTTP/1.1 200 OK"
15:11:14 [INFO] HTTP Request: GET https://njcaastats.prestosports.com/sports/mbkb/2025-26/div2/boxscores/20260103_n1hc.xml "HTTP/1.1 200 OK"
15:11:25 [INFO] HTTP Request: GET https://njcaastats.prestosports.com/sports/mbkb/2025-26/div2/boxscores/20260107_nl1a.xml "HTTP/1.1 200 OK"
15:11:37 [INFO] HTTP Request: GET https://njcaastats.prestosports.com/sports/mbkb/2025-26/div2/boxscores/20260110_huo0.xml "HTTP/1.1 200 OK"
15:11:48 [INFO] HTTP Request: GET https://njcaastats.prestosports.com/sports/mbkb/2025-26/div2/boxscores/20260114_nmqg.xml "HTTP/1.1 200 OK"
15:11:59 [INFO] HTTP Request: GET https://njcaastats.prestosports.com/sports/mbkb/2025-26/div2/boxscores/20260117_qnh6.xml "HTTP/1.1 200 OK"
15:12:11 [INFO] HTTP Request: GET https://njcaastats.prestosports.com/sports/mbkb/2025-26/div2/boxscores/20260121_cc54.xml "HTTP/1.1 200 OK"
15:12:24 [INFO] HTTP Request: GET https://njcaastats.prestosports.com/sports/mbkb/2025-26/div2/boxscores/20260124_no3m.xml "HTTP/1.1 200 OK"
15:12:34 [INFO] HTTP Request: GET https://njcaastats.prestosports.com/sports/mbkb/2025-26/div2/boxscores/20260128_4g0p.xml "HTTP/1.1 200 OK"
15:12:46 [INFO] HTTP Request: GET https://njcaastats.prestosports.com/sports/mbkb/2025-26/div2/boxscores/20260131_jeme.xml "HTTP/1.1 200 OK"
15:12:56 [INFO] HTTP Request: GET https://njcaastats.prestosports.com/sports/mbkb/2025-26/div2/boxscores/20260204_i9oy.xml "HTTP/1.1 200 OK"
15:13:08 [INFO] HTTP Request: GET https://njcaastats.prestosports.com/sports/mbkb/2025-26/div2/boxscores/20260207_m041.xml "HTTP/1.1 200 OK"
15:13:20 [INFO] HTTP Request: GET https://njcaastats.prestosports.com/sports/mbkb/2025-26/div2/boxscores/20260211_ja3p.xml "HTTP/1.1 200 OK"
15:13:31 [INFO] HTTP Request: GET https://njcaastats.prestosports.com/sports/mbkb/2025-26/div2/boxscores/20260214_ffb0.xml "HTTP/1.1 200 OK"
15:13:42 [INFO] HTTP Request: GET https://njcaastats.prestosports.com/sports/mbkb/2025-26/div2/boxscores/20260218_bjw7.xml "HTTP/1.1 200 OK"
15:13:54 [INFO] HTTP Request: GET https://njcaastats.prestosports.com/sports/mbkb/2025-26/div2/boxscores/20260221_qhi5.xml "HTTP/1.1 200 OK"
15:14:08 [INFO] HTTP Request: GET https://njcaastats.prestosports.com/sports/mbkb/2025-26/div2/boxscores/20260225_oiss.xml "HTTP/1.1 200 OK"
15:14:08 [INFO]   Loaded: 30 games, 710 player-game-stat rows
15:14:08 [INFO] 
[7/20] Iowa Western CC
15:14:08 [INFO] Scraping team: Iowa Western CC (iowawesterncommunitycollege)
15:14:22 [INFO] HTTP Request: GET https://njcaastats.prestosports.com/sports/mbkb/2025-26/div2/teams/iowawesterncommunitycollege?view=roster "HTTP/1.1 200 OK"
15:14:23 [INFO]   Roster: 20 players
15:14:38 [INFO] HTTP Request: GET https://njcaastats.prestosports.com/sports/mbkb/2025-26/div2/teams/iowawesterncommunitycollege?view=gamelog "HTTP/1.1 200 OK"
15:14:38 [INFO]   Games: 30 with box scores
15:14:51 [INFO] HTTP Request: GET https://njcaastats.prestosports.com/sports/mbkb/2025-26/div2/boxscores/20251031_57a5.xml "HTTP/1.1 200 OK"
15:15:03 [INFO] HTTP Request: GET https://njcaastats.prestosports.com/sports/mbkb/2025-26/div2/boxscores/20251104_oxoq.xml "HTTP/1.1 200 OK"
15:15:14 [INFO] HTTP Request: GET https://njcaastats.prestosports.com/sports/mbkb/2025-26/div2/boxscores/20251107_loah.xml "HTTP/1.1 200 OK"
15:15:25 [INFO] HTTP Request: GET https://njcaastats.prestosports.com/sports/mbkb/2025-26/div2/boxscores/20251108_07bx.xml "HTTP/1.1 200 OK"
15:15:36 [INFO] HTTP Request: GET https://njcaastats.prestosports.com/sports/mbkb/2025-26/div2/boxscores/20251111_qvdw.xml "HTTP/1.1 200 OK"
15:15:48 [INFO] HTTP Request: GET https://njcaastats.prestosports.com/sports/mbkb/2025-26/div2/boxscores/20251114_kgwz.xml "HTTP/1.1 200 OK"
15:15:59 [INFO] HTTP Request: GET https://njcaastats.prestosports.com/sports/mbkb/2025-26/div2/boxscores/20251115_sc91.xml "HTTP/1.1 200 OK"
15:16:10 [INFO] HTTP Request: GET https://njcaastats.prestosports.com/sports/mbkb/2025-26/div2/boxscores/20251119_gt3d.xml "HTTP/1.1 200 OK"
15:16:22 [INFO] HTTP Request: GET https://njcaastats.prestosports.com/sports/mbkb/2025-26/div2/boxscores/20251125_tejl.xml "HTTP/1.1 200 OK"
15:16:35 [INFO] HTTP Request: GET https://njcaastats.prestosports.com/sports/mbkb/2025-26/div2/boxscores/20251202_63qb.xml "HTTP/1.1 200 OK"
15:16:46 [INFO] HTTP Request: GET https://njcaastats.prestosports.com/sports/mbkb/2025-26/div2/boxscores/20251206_qus0.xml "HTTP/1.1 200 OK"
15:16:57 [INFO] HTTP Request: GET https://njcaastats.prestosports.com/sports/mbkb/2025-26/div2/boxscores/20251210_r4uv.xml "HTTP/1.1 200 OK"
15:17:08 [INFO] HTTP Request: GET https://njcaastats.prestosports.com/sports/mbkb/2025-26/div2/boxscores/20251213_m5ly.xml "HTTP/1.1 200 OK"
15:17:19 [INFO] HTTP Request: GET https://njcaastats.prestosports.com/sports/mbkb/2025-26/div2/boxscores/20251217_arrj.xml "HTTP/1.1 200 OK"
15:17:31 [INFO] HTTP Request: GET https://njcaastats.prestosports.com/sports/mbkb/2025-26/div2/boxscores/20260103_o9ur.xml "HTTP/1.1 200 OK"
15:17:42 [INFO] HTTP Request: GET https://njcaastats.prestosports.com/sports/mbkb/2025-26/div2/boxscores/20260107_n3tl.xml "HTTP/1.1 200 OK"
15:17:53 [INFO] HTTP Request: GET https://njcaastats.prestosports.com/sports/mbkb/2025-26/div2/boxscores/20260110_c6ep.xml "HTTP/1.1 200 OK"
15:18:08 [INFO] HTTP Request: GET https://njcaastats.prestosports.com/sports/mbkb/2025-26/div2/boxscores/20260114_b5sq.xml "HTTP/1.1 200 OK"
15:18:19 [INFO] HTTP Request: GET https://njcaastats.prestosports.com/sports/mbkb/2025-26/div2/boxscores/20260117_0w6a.xml "HTTP/1.1 200 OK"
15:18:30 [INFO] HTTP Request: GET https://njcaastats.prestosports.com/sports/mbkb/2025-26/div2/boxscores/20260121_m27x.xml "HTTP/1.1 200 OK"
15:18:42 [INFO] HTTP Request: GET https://njcaastats.prestosports.com/sports/mbkb/2025-26/div2/boxscores/20260124_08pu.xml "HTTP/1.1 200 OK"
15:18:53 [INFO] HTTP Request: GET https://njcaastats.prestosports.com/sports/mbkb/2025-26/div2/boxscores/20260128_vj1n.xml "HTTP/1.1 200 OK"
15:19:04 [INFO] HTTP Request: GET https://njcaastats.prestosports.com/sports/mbkb/2025-26/div2/boxscores/20260131_gtnw.xml "HTTP/1.1 200 OK"
15:19:15 [INFO] HTTP Request: GET https://njcaastats.prestosports.com/sports/mbkb/2025-26/div2/boxscores/20260204_7t8u.xml "HTTP/1.1 200 OK"
15:19:26 [INFO] HTTP Request: GET https://njcaastats.prestosports.com/sports/mbkb/2025-26/div2/boxscores/20260207_asn3.xml "HTTP/1.1 200 OK"
15:19:37 [INFO] HTTP Request: GET https://njcaastats.prestosports.com/sports/mbkb/2025-26/div2/boxscores/20260211_ja3p.xml "HTTP/1.1 200 OK"
15:19:48 [INFO] HTTP Request: GET https://njcaastats.prestosports.com/sports/mbkb/2025-26/div2/boxscores/20260214_5quv.xml "HTTP/1.1 200 OK"
15:20:00 [INFO] HTTP Request: GET https://njcaastats.prestosports.com/sports/mbkb/2025-26/div2/boxscores/20260218_p2l0.xml "HTTP/1.1 200 OK"
15:20:11 [INFO] HTTP Request: GET https://njcaastats.prestosports.com/sports/mbkb/2025-26/div2/boxscores/20260221_i24g.xml "HTTP/1.1 200 OK"
15:20:22 [INFO] HTTP Request: GET https://njcaastats.prestosports.com/sports/mbkb/2025-26/div2/boxscores/20260225_vm3e.xml "HTTP/1.1 200 OK"
15:20:23 [INFO]   Loaded: 30 games, 693 player-game-stat rows
15:20:23 [INFO] 
[8/20] Jackson College
15:20:23 [INFO] Scraping team: Jackson College (jacksoncollege)
15:20:35 [INFO] HTTP Request: GET https://njcaastats.prestosports.com/sports/mbkb/2025-26/div2/teams/jacksoncollege?view=roster "HTTP/1.1 200 OK"
15:20:35 [INFO]   Roster: 10 players
15:20:47 [INFO] HTTP Request: GET https://njcaastats.prestosports.com/sports/mbkb/2025-26/div2/teams/jacksoncollege?view=gamelog "HTTP/1.1 200 OK"
15:20:47 [INFO]   Games: 29 with box scores
15:20:58 [INFO] HTTP Request: GET https://njcaastats.prestosports.com/sports/mbkb/2025-26/div2/boxscores/20251101_pw8b.xml "HTTP/1.1 200 OK"
15:21:09 [INFO] HTTP Request: GET https://njcaastats.prestosports.com/sports/mbkb/2025-26/div2/boxscores/20251105_pg0x.xml "HTTP/1.1 200 OK"
15:21:20 [INFO] HTTP Request: GET https://njcaastats.prestosports.com/sports/mbkb/2025-26/div2/boxscores/20251108_u1mf.xml "HTTP/1.1 200 OK"
15:21:32 [INFO] HTTP Request: GET https://njcaastats.prestosports.com/sports/mbkb/2025-26/div2/boxscores/20251112_hann.xml "HTTP/1.1 200 OK"
15:21:43 [INFO] HTTP Request: GET https://njcaastats.prestosports.com/sports/mbkb/2025-26/div2/boxscores/20251115_6dnh.xml "HTTP/1.1 200 OK"
15:21:54 [INFO] HTTP Request: GET https://njcaastats.prestosports.com/sports/mbkb/2025-26/div2/boxscores/20251119_x9bf.xml "HTTP/1.1 200 OK"
15:22:05 [INFO] HTTP Request: GET https://njcaastats.prestosports.com/sports/mbkb/2025-26/div2/boxscores/20251122_z58m.xml "HTTP/1.1 200 OK"
15:22:16 [INFO] HTTP Request: GET https://njcaastats.prestosports.com/sports/mbkb/2025-26/div2/boxscores/20251125_dalq.xml "HTTP/1.1 200 OK"
15:22:28 [INFO] HTTP Request: GET https://njcaastats.prestosports.com/sports/mbkb/2025-26/div2/boxscores/20251201_r8yc.xml "HTTP/1.1 200 OK"
15:22:38 [INFO] HTTP Request: GET https://njcaastats.prestosports.com/sports/mbkb/2025-26/div2/boxscores/20251203_cu5x.xml "HTTP/1.1 200 OK"
15:22:49 [INFO] HTTP Request: GET https://njcaastats.prestosports.com/sports/mbkb/2025-26/div2/boxscores/20251206_tjxh.xml "HTTP/1.1 200 OK"
15:23:00 [INFO] HTTP Request: GET https://njcaastats.prestosports.com/sports/mbkb/2025-26/div2/boxscores/20251213_5j72.xml "HTTP/1.1 200 OK"
15:23:12 [INFO] HTTP Request: GET https://njcaastats.prestosports.com/sports/mbkb/2025-26/div2/boxscores/20251217_juq6.xml "HTTP/1.1 200 OK"
15:23:23 [INFO] HTTP Request: GET https://njcaastats.prestosports.com/sports/mbkb/2025-26/div2/boxscores/20251220_6h6h.xml "HTTP/1.1 200 OK"
15:23:34 [INFO] HTTP Request: GET https://njcaastats.prestosports.com/sports/mbkb/2025-26/div2/boxscores/20260107_rg50.xml "HTTP/1.1 200 OK"
15:23:46 [INFO] HTTP Request: GET https://njcaastats.prestosports.com/sports/mbkb/2025-26/div2/boxscores/20260110_swzh.xml "HTTP/1.1 200 OK"
15:23:57 [INFO] HTTP Request: GET https://njcaastats.prestosports.com/sports/mbkb/2025-26/div2/boxscores/20260114_y81e.xml "HTTP/1.1 200 OK"
15:24:09 [INFO] HTTP Request: GET https://njcaastats.prestosports.com/sports/mbkb/2025-26/div2/boxscores/20260117_ag6y.xml "HTTP/1.1 200 OK"
15:24:20 [INFO] HTTP Request: GET https://njcaastats.prestosports.com/sports/mbkb/2025-26/div2/boxscores/20260121_wkfh.xml "HTTP/1.1 200 OK"
15:24:31 [INFO] HTTP Request: GET https://njcaastats.prestosports.com/sports/mbkb/2025-26/div2/boxscores/20260124_qzez.xml "HTTP/1.1 200 OK"
15:24:43 [INFO] HTTP Request: GET https://njcaastats.prestosports.com/sports/mbkb/2025-26/div2/boxscores/20260128_3584.xml "HTTP/1.1 200 OK"
15:24:54 [INFO] HTTP Request: GET https://njcaastats.prestosports.com/sports/mbkb/2025-26/div2/boxscores/20260131_pt8h.xml "HTTP/1.1 200 OK"
15:25:05 [INFO] HTTP Request: GET https://njcaastats.prestosports.com/sports/mbkb/2025-26/div2/boxscores/20260204_4rky.xml "HTTP/1.1 200 OK"
15:25:17 [INFO] HTTP Request: GET https://njcaastats.prestosports.com/sports/mbkb/2025-26/div2/boxscores/20260207_0zqr.xml "HTTP/1.1 200 OK"
15:25:28 [INFO] HTTP Request: GET https://njcaastats.prestosports.com/sports/mbkb/2025-26/div2/boxscores/20260211_ba2e.xml "HTTP/1.1 200 OK"
15:25:39 [INFO] HTTP Request: GET https://njcaastats.prestosports.com/sports/mbkb/2025-26/div2/boxscores/20260214_t0ja.xml "HTTP/1.1 200 OK"
15:25:50 [INFO] HTTP Request: GET https://njcaastats.prestosports.com/sports/mbkb/2025-26/div2/boxscores/20260218_fqdv.xml "HTTP/1.1 200 OK"
15:26:02 [INFO] HTTP Request: GET https://njcaastats.prestosports.com/sports/mbkb/2025-26/div2/boxscores/20260221_721g.xml "HTTP/1.1 200 OK"
15:26:14 [INFO] HTTP Request: GET https://njcaastats.prestosports.com/sports/mbkb/2025-26/div2/boxscores/20260224_06sw.xml "HTTP/1.1 200 OK"
15:26:14 [INFO]   Loaded: 29 games, 601 player-game-stat rows
15:26:14 [INFO] 
[9/20] Jamestown CC
15:26:14 [INFO] Scraping team: Jamestown CC (jamestowncommunitycollege)
15:26:26 [INFO] HTTP Request: GET https://njcaastats.prestosports.com/sports/mbkb/2025-26/div2/teams/jamestowncommunitycollege?view=roster "HTTP/1.1 200 OK"
15:26:26 [INFO]   Roster: 17 players
15:26:38 [INFO] HTTP Request: GET https://njcaastats.prestosports.com/sports/mbkb/2025-26/div2/teams/jamestowncommunitycollege?view=gamelog "HTTP/1.1 200 OK"
15:26:38 [INFO]   Games: 23 with box scores
15:26:49 [INFO] HTTP Request: GET https://njcaastats.prestosports.com/sports/mbkb/2025-26/div2/boxscores/20251101_eo48.xml "HTTP/1.1 200 OK"
15:27:00 [INFO] HTTP Request: GET https://njcaastats.prestosports.com/sports/mbkb/2025-26/div2/boxscores/20251105_qa9x.xml "HTTP/1.1 200 OK"
15:27:11 [INFO] HTTP Request: GET https://njcaastats.prestosports.com/sports/mbkb/2025-26/div2/boxscores/20251108_jb05.xml "HTTP/1.1 200 OK"
15:27:22 [INFO] HTTP Request: GET https://njcaastats.prestosports.com/sports/mbkb/2025-26/div2/boxscores/20251109_ljv4.xml "HTTP/1.1 200 OK"
15:27:33 [INFO] HTTP Request: GET https://njcaastats.prestosports.com/sports/mbkb/2025-26/div2/boxscores/20251114_f3xk.xml "HTTP/1.1 200 OK"
15:27:44 [INFO] HTTP Request: GET https://njcaastats.prestosports.com/sports/mbkb/2025-26/div2/boxscores/20251115_wxs3.xml "HTTP/1.1 200 OK"
15:27:56 [INFO] HTTP Request: GET https://njcaastats.prestosports.com/sports/mbkb/2025-26/div2/boxscores/20251122_mvvn.xml "HTTP/1.1 200 OK"
15:28:07 [INFO] HTTP Request: GET https://njcaastats.prestosports.com/sports/mbkb/2025-26/div2/boxscores/20251123_7i38.xml "HTTP/1.1 200 OK"
15:28:18 [INFO] HTTP Request: GET https://njcaastats.prestosports.com/sports/mbkb/2025-26/div2/boxscores/20251203_aokx.xml "HTTP/1.1 200 OK"
15:28:30 [INFO] HTTP Request: GET https://njcaastats.prestosports.com/sports/mbkb/2025-26/div2/boxscores/20251206_1ia3.xml "HTTP/1.1 200 OK"
15:28:41 [INFO] HTTP Request: GET https://njcaastats.prestosports.com/sports/mbkb/2025-26/div2/boxscores/20251214_1ux4.xml "HTTP/1.1 200 OK"
15:28:52 [INFO] HTTP Request: GET https://njcaastats.prestosports.com/sports/mbkb/2025-26/div2/boxscores/20251217_sdo8.xml "HTTP/1.1 200 OK"
15:29:03 [INFO] HTTP Request: GET https://njcaastats.prestosports.com/sports/mbkb/2025-26/div2/boxscores/20260110_il36.xml "HTTP/1.1 200 OK"
15:29:14 [INFO] HTTP Request: GET https://njcaastats.prestosports.com/sports/mbkb/2025-26/div2/boxscores/20260111_0ceb.xml "HTTP/1.1 200 OK"
15:29:27 [INFO] HTTP Request: GET https://njcaastats.prestosports.com/sports/mbkb/2025-26/div2/boxscores/20260114_2kl2.xml "HTTP/1.1 200 OK"
15:29:38 [INFO] HTTP Request: GET https://njcaastats.prestosports.com/sports/mbkb/2025-26/div2/boxscores/20260118_3y89.xml "HTTP/1.1 200 OK"
15:29:49 [INFO] HTTP Request: GET https://njcaastats.prestosports.com/sports/mbkb/2025-26/div2/boxscores/20260124_vqxl.xml "HTTP/1.1 200 OK"
15:30:00 [INFO] HTTP Request: GET https://njcaastats.prestosports.com/sports/mbkb/2025-26/div2/boxscores/20260128_rfgx.xml "HTTP/1.1 200 OK"
15:30:11 [INFO] HTTP Request: GET https://njcaastats.prestosports.com/sports/mbkb/2025-26/div2/boxscores/20260204_rftq.xml "HTTP/1.1 200 OK"
15:30:22 [INFO] HTTP Request: GET https://njcaastats.prestosports.com/sports/mbkb/2025-26/div2/boxscores/20260207_41zm.xml "HTTP/1.1 200 OK"
15:30:34 [INFO] HTTP Request: GET https://njcaastats.prestosports.com/sports/mbkb/2025-26/div2/boxscores/20260211_ubtj.xml "HTTP/1.1 200 OK"
15:30:45 [INFO] HTTP Request: GET https://njcaastats.prestosports.com/sports/mbkb/2025-26/div2/boxscores/20260218_teto.xml "HTTP/1.1 200 OK"
15:30:56 [INFO] HTTP Request: GET https://njcaastats.prestosports.com/sports/mbkb/2025-26/div2/boxscores/20260221_ilki.xml "HTTP/1.1 200 OK"
15:30:57 [INFO]   Loaded: 23 games, 496 player-game-stat rows
15:30:57 [INFO] 
[10/20] Jefferson College
15:30:57 [INFO] Scraping team: Jefferson College (jeffersoncollege)
15:31:09 [INFO] HTTP Request: GET https://njcaastats.prestosports.com/sports/mbkb/2025-26/div2/teams/jeffersoncollege?view=roster "HTTP/1.1 200 OK"
15:31:09 [INFO]   Roster: 11 players
15:31:22 [INFO] HTTP Request: GET https://njcaastats.prestosports.com/sports/mbkb/2025-26/div2/teams/jeffersoncollege?view=gamelog "HTTP/1.1 200 OK"
15:31:22 [INFO]   Games: 29 with box scores
15:31:33 [INFO] HTTP Request: GET https://njcaastats.prestosports.com/sports/mbkb/2025-26/div2/boxscores/20251101_1trt.xml "HTTP/1.1 200 OK"
15:31:45 [INFO] HTTP Request: GET https://njcaastats.prestosports.com/sports/mbkb/2025-26/div2/boxscores/20251104_zc3h.xml "HTTP/1.1 200 OK"
15:31:56 [INFO] HTTP Request: GET https://njcaastats.prestosports.com/sports/mbkb/2025-26/div2/boxscores/20251106_z5f7.xml "HTTP/1.1 200 OK"
15:32:07 [INFO] HTTP Request: GET https://njcaastats.prestosports.com/sports/mbkb/2025-26/div2/boxscores/20251112_hlz9.xml "HTTP/1.1 200 OK"
15:32:18 [INFO] HTTP Request: GET https://njcaastats.prestosports.com/sports/mbkb/2025-26/div2/boxscores/20251114_xpco.xml "HTTP/1.1 200 OK"
15:32:29 [INFO] HTTP Request: GET https://njcaastats.prestosports.com/sports/mbkb/2025-26/div2/boxscores/20251115_sc91.xml "HTTP/1.1 200 OK"
15:32:40 [INFO] HTTP Request: GET https://njcaastats.prestosports.com/sports/mbkb/2025-26/div2/boxscores/20251118_5hzr.xml "HTTP/1.1 200 OK"
15:32:52 [INFO] HTTP Request: GET https://njcaastats.prestosports.com/sports/mbkb/2025-26/div2/boxscores/20251122_lrs3.xml "HTTP/1.1 200 OK"
15:33:03 [INFO] HTTP Request: GET https://njcaastats.prestosports.com/sports/mbkb/2025-26/div2/boxscores/20251125_ln5g.xml "HTTP/1.1 200 OK"
15:33:14 [INFO] HTTP Request: GET https://njcaastats.prestosports.com/sports/mbkb/2025-26/div2/boxscores/20251203_ly1w.xml "HTTP/1.1 200 OK"
15:33:25 [INFO] HTTP Request: GET https://njcaastats.prestosports.com/sports/mbkb/2025-26/div2/boxscores/20251208_plr6.xml "HTTP/1.1 200 OK"
15:33:37 [INFO] HTTP Request: GET https://njcaastats.prestosports.com/sports/mbkb/2025-26/div2/boxscores/20251210_yodu.xml "HTTP/1.1 200 OK"
15:33:48 [INFO] HTTP Request: GET https://njcaastats.prestosports.com/sports/mbkb/2025-26/div2/boxscores/20251211_m1es.xml "HTTP/1.1 200 OK"
15:33:59 [INFO] HTTP Request: GET https://njcaastats.prestosports.com/sports/mbkb/2025-26/div2/boxscores/20251213_hlq3.xml "HTTP/1.1 200 OK"
15:34:10 [INFO] HTTP Request: GET https://njcaastats.prestosports.com/sports/mbkb/2025-26/div2/boxscores/20251218_hzoo.xml "HTTP/1.1 200 OK"
15:34:21 [INFO] HTTP Request: GET https://njcaastats.prestosports.com/sports/mbkb/2025-26/div2/boxscores/20260107_n4v4.xml "HTTP/1.1 200 OK"
15:34:32 [INFO] HTTP Request: GET https://njcaastats.prestosports.com/sports/mbkb/2025-26/div2/boxscores/20260109_jtfz.xml "HTTP/1.1 200 OK"
15:34:43 [INFO] HTTP Request: GET https://njcaastats.prestosports.com/sports/mbkb/2025-26/div2/boxscores/20260114_5ygd.xml "HTTP/1.1 200 OK"
15:34:55 [INFO] HTTP Request: GET https://njcaastats.prestosports.com/sports/mbkb/2025-26/div2/boxscores/20260117_70rq.xml "HTTP/1.1 200 OK"
15:35:06 [INFO] HTTP Request: GET https://njcaastats.prestosports.com/sports/mbkb/2025-26/div2/boxscores/20260119_15kf.xml "HTTP/1.1 200 OK"
15:35:17 [INFO] HTTP Request: GET https://njcaastats.prestosports.com/sports/mbkb/2025-26/div2/boxscores/20260121_nezo.xml "HTTP/1.1 200 OK"
15:35:28 [INFO] HTTP Request: GET https://njcaastats.prestosports.com/sports/mbkb/2025-26/div2/boxscores/20260123_wo7r.xml "HTTP/1.1 200 OK"
15:35:39 [INFO] HTTP Request: GET https://njcaastats.prestosports.com/sports/mbkb/2025-26/div2/boxscores/20260127_5d76.xml "HTTP/1.1 200 OK"
15:35:50 [INFO] HTTP Request: GET https://njcaastats.prestosports.com/sports/mbkb/2025-26/div2/boxscores/20260131_sld6.xml "HTTP/1.1 200 OK"
15:36:03 [INFO] HTTP Request: GET https://njcaastats.prestosports.com/sports/mbkb/2025-26/div2/boxscores/20260204_g9gr.xml "HTTP/1.1 200 OK"
15:36:14 [INFO] HTTP Request: GET https://njcaastats.prestosports.com/sports/mbkb/2025-26/div2/boxscores/20260207_f7zg.xml "HTTP/1.1 200 OK"
15:36:25 [INFO] HTTP Request: GET https://njcaastats.prestosports.com/sports/mbkb/2025-26/div2/boxscores/20260211_ng8e.xml "HTTP/1.1 200 OK"
15:36:36 [INFO] HTTP Request: GET https://njcaastats.prestosports.com/sports/mbkb/2025-26/div2/boxscores/20260214_s1uv.xml "HTTP/1.1 200 OK"
15:36:47 [INFO] HTTP Request: GET https://njcaastats.prestosports.com/sports/mbkb/2025-26/div2/boxscores/20260218_idot.xml "HTTP/1.1 200 OK"
15:36:47 [INFO]   Loaded: 29 games, 560 player-game-stat rows
15:36:47 [INFO] 
[11/20] John Wood CC
15:36:47 [INFO] Scraping team: John Wood CC (johnwoodcommunitycollege)
15:37:09 [INFO] HTTP Request: GET https://njcaastats.prestosports.com/sports/mbkb/2025-26/div2/teams/johnwoodcommunitycollege?view=roster "HTTP/1.1 200 OK"
15:37:09 [INFO]   Roster: 15 players
15:37:21 [INFO] HTTP Request: GET https://njcaastats.prestosports.com/sports/mbkb/2025-26/div2/teams/johnwoodcommunitycollege?view=gamelog "HTTP/1.1 200 OK"
15:37:21 [INFO]   Games: 28 with box scores
15:37:32 [INFO] HTTP Request: GET https://njcaastats.prestosports.com/sports/mbkb/2025-26/div2/boxscores/20251104_vgu0.xml "HTTP/1.1 200 OK"
15:37:44 [INFO] HTTP Request: GET https://njcaastats.prestosports.com/sports/mbkb/2025-26/div2/boxscores/20251107_ge6m.xml "HTTP/1.1 200 OK"
15:37:55 [INFO] HTTP Request: GET https://njcaastats.prestosports.com/sports/mbkb/2025-26/div2/boxscores/20251108_csmo.xml "HTTP/1.1 200 OK"
15:38:06 [INFO] HTTP Request: GET https://njcaastats.prestosports.com/sports/mbkb/2025-26/div2/boxscores/20251111_ys6u.xml "HTTP/1.1 200 OK"
15:38:17 [INFO] HTTP Request: GET https://njcaastats.prestosports.com/sports/mbkb/2025-26/div2/boxscores/20251114_kgwz.xml "HTTP/1.1 200 OK"
15:38:28 [INFO] HTTP Request: GET https://njcaastats.prestosports.com/sports/mbkb/2025-26/div2/boxscores/20251115_ejrb.xml "HTTP/1.1 200 OK"
15:38:40 [INFO] HTTP Request: GET https://njcaastats.prestosports.com/sports/mbkb/2025-26/div2/boxscores/20251121_5i6e.xml "HTTP/1.1 200 OK"
15:38:51 [INFO] HTTP Request: GET https://njcaastats.prestosports.com/sports/mbkb/2025-26/div2/boxscores/20251125_wpuv.xml "HTTP/1.1 200 OK"
15:39:02 [INFO] HTTP Request: GET https://njcaastats.prestosports.com/sports/mbkb/2025-26/div2/boxscores/20251129_prlf.xml "HTTP/1.1 200 OK"
15:39:13 [INFO] HTTP Request: GET https://njcaastats.prestosports.com/sports/mbkb/2025-26/div2/boxscores/20251130_bxeh.xml "HTTP/1.1 200 OK"
15:39:24 [INFO] HTTP Request: GET https://njcaastats.prestosports.com/sports/mbkb/2025-26/div2/boxscores/20251203_uhrl.xml "HTTP/1.1 200 OK"
15:39:36 [INFO] HTTP Request: GET https://njcaastats.prestosports.com/sports/mbkb/2025-26/div2/boxscores/20251208_i2tc.xml "HTTP/1.1 200 OK"
15:39:47 [INFO] HTTP Request: GET https://njcaastats.prestosports.com/sports/mbkb/2025-26/div2/boxscores/20251211_m1es.xml "HTTP/1.1 200 OK"
15:39:58 [INFO] HTTP Request: GET https://njcaastats.prestosports.com/sports/mbkb/2025-26/div2/boxscores/20251220_6kgn.xml "HTTP/1.1 200 OK"
15:40:10 [INFO] HTTP Request: GET https://njcaastats.prestosports.com/sports/mbkb/2025-26/div2/boxscores/20260103_4ql3.xml "HTTP/1.1 200 OK"
15:40:20 [INFO] HTTP Request: GET https://njcaastats.prestosports.com/sports/mbkb/2025-26/div2/boxscores/20260107_cro7.xml "HTTP/1.1 200 OK"
15:40:33 [INFO] HTTP Request: GET https://njcaastats.prestosports.com/sports/mbkb/2025-26/div2/boxscores/20260110_on0g.xml "HTTP/1.1 200 OK"
15:40:45 [INFO] HTTP Request: GET https://njcaastats.prestosports.com/sports/mbkb/2025-26/div2/boxscores/20260117_natf.xml "HTTP/1.1 200 OK"
15:40:56 [INFO] HTTP Request: GET https://njcaastats.prestosports.com/sports/mbkb/2025-26/div2/boxscores/20260121_76dt.xml "HTTP/1.1 200 OK"
15:41:07 [INFO] HTTP Request: GET https://njcaastats.prestosports.com/sports/mbkb/2025-26/div2/boxscores/20260123_sqhn.xml "HTTP/1.1 200 OK"
15:41:18 [INFO] HTTP Request: GET https://njcaastats.prestosports.com/sports/mbkb/2025-26/div2/boxscores/20260128_b72o.xml "HTTP/1.1 200 OK"
15:41:29 [INFO] HTTP Request: GET https://njcaastats.prestosports.com/sports/mbkb/2025-26/div2/boxscores/20260131_sp5k.xml "HTTP/1.1 200 OK"
15:41:42 [INFO] HTTP Request: GET https://njcaastats.prestosports.com/sports/mbkb/2025-26/div2/boxscores/20260204_tiqc.xml "HTTP/1.1 200 OK"
15:41:53 [INFO] HTTP Request: GET https://njcaastats.prestosports.com/sports/mbkb/2025-26/div2/boxscores/20260207_v5fw.xml "HTTP/1.1 200 OK"
15:42:04 [INFO] HTTP Request: GET https://njcaastats.prestosports.com/sports/mbkb/2025-26/div2/boxscores/20260210_5f01.xml "HTTP/1.1 200 OK"
15:42:15 [INFO] HTTP Request: GET https://njcaastats.prestosports.com/sports/mbkb/2025-26/div2/boxscores/20260214_bouq.xml "HTTP/1.1 200 OK"
15:42:27 [INFO] HTTP Request: GET https://njcaastats.prestosports.com/sports/mbkb/2025-26/div2/boxscores/20260221_zsms.xml "HTTP/1.1 200 OK"
15:42:38 [INFO] HTTP Request: GET https://njcaastats.prestosports.com/sports/mbkb/2025-26/div2/boxscores/20260225_j1ip.xml "HTTP/1.1 200 OK"
15:42:38 [INFO]   Loaded: 28 games, 661 player-game-stat rows
15:42:38 [INFO] 
[12/20] Johnson County CC
15:42:38 [INFO] Scraping team: Johnson County CC (johnsoncountycommunitycollege)
15:42:52 [INFO] HTTP Request: GET https://njcaastats.prestosports.com/sports/mbkb/2025-26/div2/teams/johnsoncountycommunitycollege?view=roster "HTTP/1.1 200 OK"
15:42:52 [INFO]   Roster: 13 players
15:43:04 [INFO] HTTP Request: GET https://njcaastats.prestosports.com/sports/mbkb/2025-26/div2/teams/johnsoncountycommunitycollege?view=gamelog "HTTP/1.1 200 OK"
15:43:04 [INFO]   Games: 29 with box scores
15:43:15 [INFO] HTTP Request: GET https://njcaastats.prestosports.com/sports/mbkb/2025-26/div2/boxscores/20251031_ggjo.xml "HTTP/1.1 200 OK"
15:43:26 [INFO] HTTP Request: GET https://njcaastats.prestosports.com/sports/mbkb/2025-26/div2/boxscores/20251101_glxd.xml "HTTP/1.1 200 OK"
15:43:38 [INFO] HTTP Request: GET https://njcaastats.prestosports.com/sports/mbkb/2025-26/div2/boxscores/20251102_v0kn.xml "HTTP/1.1 200 OK"
15:43:49 [INFO] HTTP Request: GET https://njcaastats.prestosports.com/sports/mbkb/2025-26/div2/boxscores/20251104_r6z7.xml "HTTP/1.1 200 OK"
15:44:00 [INFO] HTTP Request: GET https://njcaastats.prestosports.com/sports/mbkb/2025-26/div2/boxscores/20251107_7tb7.xml "HTTP/1.1 200 OK"
15:44:11 [INFO] HTTP Request: GET https://njcaastats.prestosports.com/sports/mbkb/2025-26/div2/boxscores/20251108_sei1.xml "HTTP/1.1 200 OK"
15:44:23 [INFO] HTTP Request: GET https://njcaastats.prestosports.com/sports/mbkb/2025-26/div2/boxscores/20251111_7am3.xml "HTTP/1.1 200 OK"
15:44:36 [INFO] HTTP Request: GET https://njcaastats.prestosports.com/sports/mbkb/2025-26/div2/boxscores/20251118_9pza.xml "HTTP/1.1 200 OK"
15:44:47 [INFO] HTTP Request: GET https://njcaastats.prestosports.com/sports/mbkb/2025-26/div2/boxscores/20251121_qf76.xml "HTTP/1.1 200 OK"
15:44:58 [INFO] HTTP Request: GET https://njcaastats.prestosports.com/sports/mbkb/2025-26/div2/boxscores/20251125_tnig.xml "HTTP/1.1 200 OK"
15:45:09 [INFO] HTTP Request: GET https://njcaastats.prestosports.com/sports/mbkb/2025-26/div2/boxscores/20251205_d273.xml "HTTP/1.1 200 OK"
15:45:22 [INFO] HTTP Request: GET https://njcaastats.prestosports.com/sports/mbkb/2025-26/div2/boxscores/20251209_25x2.xml "HTTP/1.1 200 OK"
15:45:33 [INFO] HTTP Request: GET https://njcaastats.prestosports.com/sports/mbkb/2025-26/div2/boxscores/20251213_evji.xml "HTTP/1.1 200 OK"
15:45:44 [INFO] HTTP Request: GET https://njcaastats.prestosports.com/sports/mbkb/2025-26/div2/boxscores/20260104_flvz.xml "HTTP/1.1 200 OK"
15:45:55 [INFO] HTTP Request: GET https://njcaastats.prestosports.com/sports/mbkb/2025-26/div2/boxscores/20260107_qmxe.xml "HTTP/1.1 200 OK"
15:46:07 [INFO] HTTP Request: GET https://njcaastats.prestosports.com/sports/mbkb/2025-26/div2/boxscores/20260110_zdrv.xml "HTTP/1.1 200 OK"
15:46:19 [INFO] HTTP Request: GET https://njcaastats.prestosports.com/sports/mbkb/2025-26/div2/boxscores/20260114_mkim.xml "HTTP/1.1 200 OK"
15:46:30 [INFO] HTTP Request: GET https://njcaastats.prestosports.com/sports/mbkb/2025-26/div2/boxscores/20260117_ixdv.xml "HTTP/1.1 200 OK"
15:46:42 [INFO] HTTP Request: GET https://njcaastats.prestosports.com/sports/mbkb/2025-26/div2/boxscores/20260121_vmgj.xml "HTTP/1.1 200 OK"
15:46:53 [INFO] HTTP Request: GET https://njcaastats.prestosports.com/sports/mbkb/2025-26/div2/boxscores/20260126_hkvh.xml "HTTP/1.1 200 OK"
15:47:05 [INFO] HTTP Request: GET https://njcaastats.prestosports.com/sports/mbkb/2025-26/div2/boxscores/20260128_g8ap.xml "HTTP/1.1 200 OK"
15:47:16 [INFO] HTTP Request: GET https://njcaastats.prestosports.com/sports/mbkb/2025-26/div2/boxscores/20260131_uocj.xml "HTTP/1.1 200 OK"
15:47:28 [INFO] HTTP Request: GET https://njcaastats.prestosports.com/sports/mbkb/2025-26/div2/boxscores/20260203_0yr6.xml "HTTP/1.1 200 OK"
15:47:40 [INFO] HTTP Request: GET https://njcaastats.prestosports.com/sports/mbkb/2025-26/div2/boxscores/20260207_vks3.xml "HTTP/1.1 200 OK"
15:47:52 [INFO] HTTP Request: GET https://njcaastats.prestosports.com/sports/mbkb/2025-26/div2/boxscores/20260211_hijv.xml "HTTP/1.1 200 OK"
15:48:04 [INFO] HTTP Request: GET https://njcaastats.prestosports.com/sports/mbkb/2025-26/div2/boxscores/20260214_z54t.xml "HTTP/1.1 200 OK"
15:48:15 [INFO] HTTP Request: GET https://njcaastats.prestosports.com/sports/mbkb/2025-26/div2/boxscores/20260218_hs1h.xml "HTTP/1.1 200 OK"
15:48:27 [INFO] HTTP Request: GET https://njcaastats.prestosports.com/sports/mbkb/2025-26/div2/boxscores/20260221_uun2.xml "HTTP/1.1 200 OK"
15:48:39 [INFO] HTTP Request: GET https://njcaastats.prestosports.com/sports/mbkb/2025-26/div2/boxscores/20260225_x4tk.xml "HTTP/1.1 200 OK"
15:48:39 [INFO]   Loaded: 29 games, 644 player-game-stat rows
15:48:39 [INFO] 
[13/20] Johnston CC
15:48:39 [INFO] Scraping team: Johnston CC (johnstoncommunitycollege)
15:48:51 [INFO] HTTP Request: GET https://njcaastats.prestosports.com/sports/mbkb/2025-26/div2/teams/johnstoncommunitycollege?view=roster "HTTP/1.1 200 OK"
15:48:51 [INFO]   Roster: 11 players
15:49:03 [INFO] HTTP Request: GET https://njcaastats.prestosports.com/sports/mbkb/2025-26/div2/teams/johnstoncommunitycollege?view=gamelog "HTTP/1.1 200 OK"
15:49:03 [INFO]   Games: 24 with box scores
15:49:14 [INFO] HTTP Request: GET https://njcaastats.prestosports.com/sports/mbkb/2025-26/div2/boxscores/20251101_p2by.xml "HTTP/1.1 200 OK"
15:49:26 [INFO] HTTP Request: GET https://njcaastats.prestosports.com/sports/mbkb/2025-26/div2/boxscores/20251102_rity.xml "HTTP/1.1 200 OK"
15:49:38 [INFO] HTTP Request: GET https://njcaastats.prestosports.com/sports/mbkb/2025-26/div2/boxscores/20251108_ziq9.xml "HTTP/1.1 200 OK"
15:49:49 [INFO] HTTP Request: GET https://njcaastats.prestosports.com/sports/mbkb/2025-26/div2/boxscores/20251109_6lq5.xml "HTTP/1.1 200 OK"
15:50:01 [INFO] HTTP Request: GET https://njcaastats.prestosports.com/sports/mbkb/2025-26/div2/boxscores/20251115_pvh3.xml "HTTP/1.1 200 OK"
15:50:12 [INFO] HTTP Request: GET https://njcaastats.prestosports.com/sports/mbkb/2025-26/div2/boxscores/20251119_6vqy.xml "HTTP/1.1 200 OK"
15:50:24 [INFO] HTTP Request: GET https://njcaastats.prestosports.com/sports/mbkb/2025-26/div2/boxscores/20251121_43fc.xml "HTTP/1.1 200 OK"
15:50:35 [INFO] HTTP Request: GET https://njcaastats.prestosports.com/sports/mbkb/2025-26/div2/boxscores/20251125_lgak.xml "HTTP/1.1 200 OK"
15:50:46 [INFO] HTTP Request: GET https://njcaastats.prestosports.com/sports/mbkb/2025-26/div2/boxscores/20251129_e4hb.xml "HTTP/1.1 200 OK"
15:50:58 [INFO] HTTP Request: GET https://njcaastats.prestosports.com/sports/mbkb/2025-26/div2/boxscores/20251211_z2yq.xml "HTTP/1.1 200 OK"
15:51:09 [INFO] HTTP Request: GET https://njcaastats.prestosports.com/sports/mbkb/2025-26/div2/boxscores/20260103_rclx.xml "HTTP/1.1 200 OK"
15:51:22 [INFO] HTTP Request: GET https://njcaastats.prestosports.com/sports/mbkb/2025-26/div2/boxscores/20260107_wuq0.xml "HTTP/1.1 200 OK"
15:51:34 [INFO] HTTP Request: GET https://njcaastats.prestosports.com/sports/mbkb/2025-26/div2/boxscores/20260108_stzv.xml "HTTP/1.1 200 OK"
15:51:47 [INFO] HTTP Request: GET https://njcaastats.prestosports.com/sports/mbkb/2025-26/div2/boxscores/20260112_4mi6.xml "HTTP/1.1 200 OK"
15:51:58 [INFO] HTTP Request: GET https://njcaastats.prestosports.com/sports/mbkb/2025-26/div2/boxscores/20260117_tu5g.xml "HTTP/1.1 200 OK"
15:52:09 [INFO] HTTP Request: GET https://njcaastats.prestosports.com/sports/mbkb/2025-26/div2/boxscores/20260121_g4tb.xml "HTTP/1.1 200 OK"
15:52:20 [INFO] HTTP Request: GET https://njcaastats.prestosports.com/sports/mbkb/2025-26/div2/boxscores/20260128_3j8c.xml "HTTP/1.1 200 OK"
15:52:31 [INFO] HTTP Request: GET https://njcaastats.prestosports.com/sports/mbkb/2025-26/div2/boxscores/20260129_znmt.xml "HTTP/1.1 200 OK"
15:52:44 [INFO] HTTP Request: GET https://njcaastats.prestosports.com/sports/mbkb/2025-26/div2/boxscores/20260130_2ncf.xml "HTTP/1.1 200 OK"
15:52:55 [INFO] HTTP Request: GET https://njcaastats.prestosports.com/sports/mbkb/2025-26/div2/boxscores/20260206_6kil.xml "HTTP/1.1 200 OK"
15:53:06 [INFO] HTTP Request: GET https://njcaastats.prestosports.com/sports/mbkb/2025-26/div2/boxscores/20260211_won6.xml "HTTP/1.1 200 OK"
15:53:17 [INFO] HTTP Request: GET https://njcaastats.prestosports.com/sports/mbkb/2025-26/div2/boxscores/20260213_p1we.xml "HTTP/1.1 200 OK"
15:53:28 [INFO] HTTP Request: GET https://njcaastats.prestosports.com/sports/mbkb/2025-26/div2/boxscores/20260214_ze87.xml "HTTP/1.1 200 OK"
15:53:39 [INFO] HTTP Request: GET https://njcaastats.prestosports.com/sports/mbkb/2025-26/div2/boxscores/20260225_4vgw.xml "HTTP/1.1 200 OK"
15:53:40 [INFO]   Loaded: 24 games, 513 player-game-stat rows
15:53:40 [INFO] 
[14/20] Kalamazoo Valley CC
15:53:40 [INFO] Scraping team: Kalamazoo Valley CC (kalamazoovalleycommunitycollege)
15:53:52 [INFO] HTTP Request: GET https://njcaastats.prestosports.com/sports/mbkb/2025-26/div2/teams/kalamazoovalleycommunitycollege?view=roster "HTTP/1.1 200 OK"
15:53:53 [INFO]   Roster: 13 players
15:54:05 [INFO] HTTP Request: GET https://njcaastats.prestosports.com/sports/mbkb/2025-26/div2/teams/kalamazoovalleycommunitycollege?view=gamelog "HTTP/1.1 200 OK"
15:54:06 [INFO]   Games: 28 with box scores
15:54:18 [INFO] HTTP Request: GET https://njcaastats.prestosports.com/sports/mbkb/2025-26/div2/boxscores/20251031_ocvn.xml "HTTP/1.1 200 OK"
15:54:32 [INFO] HTTP Request: GET https://njcaastats.prestosports.com/sports/mbkb/2025-26/div2/boxscores/20251101_yqw2.xml "HTTP/1.1 200 OK"
15:54:46 [INFO] HTTP Request: GET https://njcaastats.prestosports.com/sports/mbkb/2025-26/div2/boxscores/20251106_cpnf.xml "HTTP/1.1 200 OK"
15:54:59 [INFO] HTTP Request: GET https://njcaastats.prestosports.com/sports/mbkb/2025-26/div2/boxscores/20251112_csf7.xml "HTTP/1.1 200 OK"
15:55:15 [INFO] HTTP Request: GET https://njcaastats.prestosports.com/sports/mbkb/2025-26/div2/boxscores/20251115_et3j.xml "HTTP/1.1 200 OK"
15:55:29 [INFO] HTTP Request: GET https://njcaastats.prestosports.com/sports/mbkb/2025-26/div2/boxscores/20251122_0y14.xml "HTTP/1.1 200 OK"
15:55:40 [INFO] HTTP Request: GET https://njcaastats.prestosports.com/sports/mbkb/2025-26/div2/boxscores/20251203_yxs9.xml "HTTP/1.1 200 OK"
15:55:53 [INFO] HTTP Request: GET https://njcaastats.prestosports.com/sports/mbkb/2025-26/div2/boxscores/20251205_fwyl.xml "HTTP/1.1 200 OK"
15:56:03 [INFO] HTTP Request: GET https://njcaastats.prestosports.com/sports/mbkb/2025-26/div2/boxscores/20251210_913h.xml "HTTP/1.1 200 OK"
15:56:15 [INFO] HTTP Request: GET https://njcaastats.prestosports.com/sports/mbkb/2025-26/div2/boxscores/20251213_5j72.xml "HTTP/1.1 200 OK"
15:56:26 [INFO] HTTP Request: GET https://njcaastats.prestosports.com/sports/mbkb/2025-26/div2/boxscores/20251217_m62e.xml "HTTP/1.1 200 OK"
15:56:37 [INFO] HTTP Request: GET https://njcaastats.prestosports.com/sports/mbkb/2025-26/div2/boxscores/20251220_dnee.xml "HTTP/1.1 200 OK"
15:56:48 [INFO] HTTP Request: GET https://njcaastats.prestosports.com/sports/mbkb/2025-26/div2/boxscores/20260102_77oj.xml "HTTP/1.1 200 OK"
15:57:00 [INFO] HTTP Request: GET https://njcaastats.prestosports.com/sports/mbkb/2025-26/div2/boxscores/20260103_5aw4.xml "HTTP/1.1 200 OK"
15:57:11 [INFO] HTTP Request: GET https://njcaastats.prestosports.com/sports/mbkb/2025-26/div2/boxscores/20260110_cqt9.xml "HTTP/1.1 200 OK"
15:57:22 [INFO] HTTP Request: GET https://njcaastats.prestosports.com/sports/mbkb/2025-26/div2/boxscores/20260114_uvol.xml "HTTP/1.1 200 OK"
15:57:35 [INFO] HTTP Request: GET https://njcaastats.prestosports.com/sports/mbkb/2025-26/div2/boxscores/20260117_nb9x.xml "HTTP/1.1 200 OK"
15:57:46 [INFO] HTTP Request: GET https://njcaastats.prestosports.com/sports/mbkb/2025-26/div2/boxscores/20260121_1h2i.xml "HTTP/1.1 200 OK"
15:57:57 [INFO] HTTP Request: GET https://njcaastats.prestosports.com/sports/mbkb/2025-26/div2/boxscores/20260124_w4jw.xml "HTTP/1.1 200 OK"
15:58:09 [INFO] HTTP Request: GET https://njcaastats.prestosports.com/sports/mbkb/2025-26/div2/boxscores/20260128_edp6.xml "HTTP/1.1 200 OK"
15:58:20 [INFO] HTTP Request: GET https://njcaastats.prestosports.com/sports/mbkb/2025-26/div2/boxscores/20260131_83qr.xml "HTTP/1.1 200 OK"
15:58:31 [INFO] HTTP Request: GET https://njcaastats.prestosports.com/sports/mbkb/2025-26/div2/boxscores/20260204_7r6z.xml "HTTP/1.1 200 OK"
15:58:42 [INFO] HTTP Request: GET https://njcaastats.prestosports.com/sports/mbkb/2025-26/div2/boxscores/20260207_b0dz.xml "HTTP/1.1 200 OK"
15:58:53 [INFO] HTTP Request: GET https://njcaastats.prestosports.com/sports/mbkb/2025-26/div2/boxscores/20260211_hjq9.xml "HTTP/1.1 200 OK"
15:59:05 [INFO] HTTP Request: GET https://njcaastats.prestosports.com/sports/mbkb/2025-26/div2/boxscores/20260214_qqjx.xml "HTTP/1.1 200 OK"
15:59:17 [INFO] HTTP Request: GET https://njcaastats.prestosports.com/sports/mbkb/2025-26/div2/boxscores/20260218_hr36.xml "HTTP/1.1 200 OK"
15:59:28 [INFO] HTTP Request: GET https://njcaastats.prestosports.com/sports/mbkb/2025-26/div2/boxscores/20260221_q8l5.xml "HTTP/1.1 200 OK"
15:59:39 [INFO] HTTP Request: GET https://njcaastats.prestosports.com/sports/mbkb/2025-26/div2/boxscores/20260224_7yd8.xml "HTTP/1.1 200 OK"
15:59:39 [INFO]   Loaded: 28 games, 649 player-game-stat rows
15:59:39 [INFO] 
[15/20] Kansas City Kansas CC
15:59:39 [INFO] Scraping team: Kansas City Kansas CC (kansascitykansascommunitycollege)
15:59:52 [INFO] HTTP Request: GET https://njcaastats.prestosports.com/sports/mbkb/2025-26/div2/teams/kansascitykansascommunitycollege?view=roster "HTTP/1.1 200 OK"
15:59:52 [INFO]   Roster: 14 players
16:00:04 [INFO] HTTP Request: GET https://njcaastats.prestosports.com/sports/mbkb/2025-26/div2/teams/kansascitykansascommunitycollege?view=gamelog "HTTP/1.1 200 OK"
16:00:04 [INFO]   Games: 29 with box scores
16:00:17 [INFO] HTTP Request: GET https://njcaastats.prestosports.com/sports/mbkb/2025-26/div2/boxscores/20251031_4y4a.xml "HTTP/1.1 200 OK"
16:00:28 [INFO] HTTP Request: GET https://njcaastats.prestosports.com/sports/mbkb/2025-26/div2/boxscores/20251101_ysci.xml "HTTP/1.1 200 OK"
16:00:39 [INFO] HTTP Request: GET https://njcaastats.prestosports.com/sports/mbkb/2025-26/div2/boxscores/20251106_2tko.xml "HTTP/1.1 200 OK"
16:00:50 [INFO] HTTP Request: GET https://njcaastats.prestosports.com/sports/mbkb/2025-26/div2/boxscores/20251108_slrg.xml "HTTP/1.1 200 OK"
16:01:01 [INFO] HTTP Request: GET https://njcaastats.prestosports.com/sports/mbkb/2025-26/div2/boxscores/20251111_gbda.xml "HTTP/1.1 200 OK"
16:01:12 [INFO] HTTP Request: GET https://njcaastats.prestosports.com/sports/mbkb/2025-26/div2/boxscores/20251114_0qac.xml "HTTP/1.1 200 OK"
16:01:23 [INFO] HTTP Request: GET https://njcaastats.prestosports.com/sports/mbkb/2025-26/div2/boxscores/20251115_no4e.xml "HTTP/1.1 200 OK"
16:01:35 [INFO] HTTP Request: GET https://njcaastats.prestosports.com/sports/mbkb/2025-26/div2/boxscores/20251120_eiaf.xml "HTTP/1.1 200 OK"
16:01:47 [INFO] HTTP Request: GET https://njcaastats.prestosports.com/sports/mbkb/2025-26/div2/boxscores/20251122_w92y.xml "HTTP/1.1 200 OK"
16:01:58 [INFO] HTTP Request: GET https://njcaastats.prestosports.com/sports/mbkb/2025-26/div2/boxscores/20251125_xfx5.xml "HTTP/1.1 200 OK"
16:02:09 [INFO] HTTP Request: GET https://njcaastats.prestosports.com/sports/mbkb/2025-26/div2/boxscores/20251202_84n5.xml "HTTP/1.1 200 OK"
16:02:21 [INFO] HTTP Request: GET https://njcaastats.prestosports.com/sports/mbkb/2025-26/div2/boxscores/20251204_1pws.xml "HTTP/1.1 200 OK"
16:02:32 [INFO] HTTP Request: GET https://njcaastats.prestosports.com/sports/mbkb/2025-26/div2/boxscores/20251206_4825.xml "HTTP/1.1 200 OK"
16:02:43 [INFO] HTTP Request: GET https://njcaastats.prestosports.com/sports/mbkb/2025-26/div2/boxscores/20251208_wquo.xml "HTTP/1.1 200 OK"
16:02:54 [INFO] HTTP Request: GET https://njcaastats.prestosports.com/sports/mbkb/2025-26/div2/boxscores/20251211_3muw.xml "HTTP/1.1 200 OK"
16:03:06 [INFO] HTTP Request: GET https://njcaastats.prestosports.com/sports/mbkb/2025-26/div2/boxscores/20251213_oifs.xml "HTTP/1.1 200 OK"
16:03:17 [INFO] HTTP Request: GET https://njcaastats.prestosports.com/sports/mbkb/2025-26/div2/boxscores/20251215_nn66.xml "HTTP/1.1 200 OK"
16:03:30 [INFO] HTTP Request: GET https://njcaastats.prestosports.com/sports/mbkb/2025-26/div2/boxscores/20260107_5oqw.xml "HTTP/1.1 200 OK"
16:03:41 [INFO] HTTP Request: GET https://njcaastats.prestosports.com/sports/mbkb/2025-26/div2/boxscores/20260114_88n9.xml "HTTP/1.1 200 OK"
16:03:52 [INFO] HTTP Request: GET https://njcaastats.prestosports.com/sports/mbkb/2025-26/div2/boxscores/20260117_ixdv.xml "HTTP/1.1 200 OK"
16:04:03 [INFO] HTTP Request: GET https://njcaastats.prestosports.com/sports/mbkb/2025-26/div2/boxscores/20260121_fwe0.xml "HTTP/1.1 200 OK"
16:04:14 [INFO] HTTP Request: GET https://njcaastats.prestosports.com/sports/mbkb/2025-26/div2/boxscores/20260128_ni8x.xml "HTTP/1.1 200 OK"
16:04:25 [INFO] HTTP Request: GET https://njcaastats.prestosports.com/sports/mbkb/2025-26/div2/boxscores/20260131_jj22.xml "HTTP/1.1 200 OK"
16:04:36 [INFO] HTTP Request: GET https://njcaastats.prestosports.com/sports/mbkb/2025-26/div2/boxscores/20260204_1eq0.xml "HTTP/1.1 200 OK"
16:04:47 [INFO] HTTP Request: GET https://njcaastats.prestosports.com/sports/mbkb/2025-26/div2/boxscores/20260207_rc8w.xml "HTTP/1.1 200 OK"
16:04:58 [INFO] HTTP Request: GET https://njcaastats.prestosports.com/sports/mbkb/2025-26/div2/boxscores/20260211_hijv.xml "HTTP/1.1 200 OK"
16:05:09 [INFO] HTTP Request: GET https://njcaastats.prestosports.com/sports/mbkb/2025-26/div2/boxscores/20260214_tpjm.xml "HTTP/1.1 200 OK"
16:05:21 [INFO] HTTP Request: GET https://njcaastats.prestosports.com/sports/mbkb/2025-26/div2/boxscores/20260221_m017.xml "HTTP/1.1 200 OK"
16:05:32 [INFO] HTTP Request: GET https://njcaastats.prestosports.com/sports/mbkb/2025-26/div2/boxscores/20260225_rk9b.xml "HTTP/1.1 200 OK"
16:05:33 [INFO]   Loaded: 29 games, 659 player-game-stat rows
16:05:33 [INFO] 
[16/20] Kellogg CC
16:05:33 [INFO] Scraping team: Kellogg CC (kelloggcommunitycollege)
16:05:45 [INFO] HTTP Request: GET https://njcaastats.prestosports.com/sports/mbkb/2025-26/div2/teams/kelloggcommunitycollege?view=roster "HTTP/1.1 200 OK"
16:05:45 [INFO]   Roster: 13 players
16:05:57 [INFO] HTTP Request: GET https://njcaastats.prestosports.com/sports/mbkb/2025-26/div2/teams/kelloggcommunitycollege?view=gamelog "HTTP/1.1 200 OK"
16:05:57 [INFO]   Games: 28 with box scores
16:06:09 [INFO] HTTP Request: GET https://njcaastats.prestosports.com/sports/mbkb/2025-26/div2/boxscores/20251101_2rga.xml "HTTP/1.1 200 OK"
16:06:20 [INFO] HTTP Request: GET https://njcaastats.prestosports.com/sports/mbkb/2025-26/div2/boxscores/20251104_52jk.xml "HTTP/1.1 200 OK"
16:06:32 [INFO] HTTP Request: GET https://njcaastats.prestosports.com/sports/mbkb/2025-26/div2/boxscores/20251108_szij.xml "HTTP/1.1 200 OK"
16:06:43 [INFO] HTTP Request: GET https://njcaastats.prestosports.com/sports/mbkb/2025-26/div2/boxscores/20251111_ce4n.xml "HTTP/1.1 200 OK"
16:06:55 [INFO] HTTP Request: GET https://njcaastats.prestosports.com/sports/mbkb/2025-26/div2/boxscores/20251114_konl.xml "HTTP/1.1 200 OK"
16:07:07 [INFO] HTTP Request: GET https://njcaastats.prestosports.com/sports/mbkb/2025-26/div2/boxscores/20251115_98ft.xml "HTTP/1.1 200 OK"
16:07:19 [INFO] HTTP Request: GET https://njcaastats.prestosports.com/sports/mbkb/2025-26/div2/boxscores/20251118_cyzg.xml "HTTP/1.1 200 OK"
16:07:31 [INFO] HTTP Request: GET https://njcaastats.prestosports.com/sports/mbkb/2025-26/div2/boxscores/20251119_x9bf.xml "HTTP/1.1 200 OK"
16:07:43 [INFO] HTTP Request: GET https://njcaastats.prestosports.com/sports/mbkb/2025-26/div2/boxscores/20251203_k6cx.xml "HTTP/1.1 200 OK"
16:07:54 [INFO] HTTP Request: GET https://njcaastats.prestosports.com/sports/mbkb/2025-26/div2/boxscores/20251206_bddx.xml "HTTP/1.1 200 OK"
16:08:06 [INFO] HTTP Request: GET https://njcaastats.prestosports.com/sports/mbkb/2025-26/div2/boxscores/20251216_9psp.xml "HTTP/1.1 200 OK"
16:08:18 [INFO] HTTP Request: GET https://njcaastats.prestosports.com/sports/mbkb/2025-26/div2/boxscores/20251219_vlte.xml "HTTP/1.1 200 OK"
16:08:29 [INFO] HTTP Request: GET https://njcaastats.prestosports.com/sports/mbkb/2025-26/div2/boxscores/20260103_99me.xml "HTTP/1.1 200 OK"
16:08:40 [INFO] HTTP Request: GET https://njcaastats.prestosports.com/sports/mbkb/2025-26/div2/boxscores/20260107_qi29.xml "HTTP/1.1 200 OK"
16:08:53 [INFO] HTTP Request: GET https://njcaastats.prestosports.com/sports/mbkb/2025-26/div2/boxscores/20260110_q8es.xml "HTTP/1.1 200 OK"
16:09:04 [INFO] HTTP Request: GET https://njcaastats.prestosports.com/sports/mbkb/2025-26/div2/boxscores/20260114_66hh.xml "HTTP/1.1 200 OK"
16:09:15 [INFO] HTTP Request: GET https://njcaastats.prestosports.com/sports/mbkb/2025-26/div2/boxscores/20260117_nb9x.xml "HTTP/1.1 200 OK"
16:09:26 [INFO] HTTP Request: GET https://njcaastats.prestosports.com/sports/mbkb/2025-26/div2/boxscores/20260121_osvn.xml "HTTP/1.1 200 OK"
16:09:37 [INFO] HTTP Request: GET https://njcaastats.prestosports.com/sports/mbkb/2025-26/div2/boxscores/20260124_9xec.xml "HTTP/1.1 200 OK"
16:09:48 [INFO] HTTP Request: GET https://njcaastats.prestosports.com/sports/mbkb/2025-26/div2/boxscores/20260128_xs1o.xml "HTTP/1.1 200 OK"
16:09:59 [INFO] HTTP Request: GET https://njcaastats.prestosports.com/sports/mbkb/2025-26/div2/boxscores/20260131_rxkf.xml "HTTP/1.1 200 OK"
16:10:11 [INFO] HTTP Request: GET https://njcaastats.prestosports.com/sports/mbkb/2025-26/div2/boxscores/20260204_er1e.xml "HTTP/1.1 200 OK"
16:10:24 [INFO] HTTP Request: GET https://njcaastats.prestosports.com/sports/mbkb/2025-26/div2/boxscores/20260207_7qgl.xml "HTTP/1.1 200 OK"
16:10:35 [INFO] HTTP Request: GET https://njcaastats.prestosports.com/sports/mbkb/2025-26/div2/boxscores/20260211_hjq9.xml "HTTP/1.1 200 OK"
16:10:48 [INFO] HTTP Request: GET https://njcaastats.prestosports.com/sports/mbkb/2025-26/div2/boxscores/20260214_oqvn.xml "HTTP/1.1 200 OK"
16:10:59 [INFO] HTTP Request: GET https://njcaastats.prestosports.com/sports/mbkb/2025-26/div2/boxscores/20260218_t0ss.xml "HTTP/1.1 200 OK"
16:11:10 [INFO] HTTP Request: GET https://njcaastats.prestosports.com/sports/mbkb/2025-26/div2/boxscores/20260221_cmbx.xml "HTTP/1.1 200 OK"
16:11:21 [INFO] HTTP Request: GET https://njcaastats.prestosports.com/sports/mbkb/2025-26/div2/boxscores/20260224_1lfj.xml "HTTP/1.1 200 OK"
16:11:21 [INFO]   Loaded: 28 games, 655 player-game-stat rows
16:11:21 [INFO] 
[17/20] Kirkwood CC
16:11:21 [INFO] Scraping team: Kirkwood CC (kirkwoodcommunitycollege)
16:11:34 [INFO] HTTP Request: GET https://njcaastats.prestosports.com/sports/mbkb/2025-26/div2/teams/kirkwoodcommunitycollege?view=roster "HTTP/1.1 200 OK"
16:11:35 [INFO]   Roster: 16 players
16:11:47 [INFO] HTTP Request: GET https://njcaastats.prestosports.com/sports/mbkb/2025-26/div2/teams/kirkwoodcommunitycollege?view=gamelog "HTTP/1.1 200 OK"
16:11:47 [INFO]   Games: 29 with box scores
16:12:00 [INFO] HTTP Request: GET https://njcaastats.prestosports.com/sports/mbkb/2025-26/div2/boxscores/20251101_1k2x.xml "HTTP/1.1 200 OK"
16:12:11 [INFO] HTTP Request: GET https://njcaastats.prestosports.com/sports/mbkb/2025-26/div2/boxscores/20251103_hcrt.xml "HTTP/1.1 200 OK"
16:12:23 [INFO] HTTP Request: GET https://njcaastats.prestosports.com/sports/mbkb/2025-26/div2/boxscores/20251107_fu5m.xml "HTTP/1.1 200 OK"
16:12:35 [INFO] HTTP Request: GET https://njcaastats.prestosports.com/sports/mbkb/2025-26/div2/boxscores/20251108_fn6k.xml "HTTP/1.1 200 OK"
16:12:46 [INFO] HTTP Request: GET https://njcaastats.prestosports.com/sports/mbkb/2025-26/div2/boxscores/20251111_ys6u.xml "HTTP/1.1 200 OK"
16:12:58 [INFO] HTTP Request: GET https://njcaastats.prestosports.com/sports/mbkb/2025-26/div2/boxscores/20251114_ifqe.xml "HTTP/1.1 200 OK"
16:13:11 [INFO] HTTP Request: GET https://njcaastats.prestosports.com/sports/mbkb/2025-26/div2/boxscores/20251115_xt55.xml "HTTP/1.1 200 OK"
16:13:22 [INFO] HTTP Request: GET https://njcaastats.prestosports.com/sports/mbkb/2025-26/div2/boxscores/20251121_5i6e.xml "HTTP/1.1 200 OK"
16:13:33 [INFO] HTTP Request: GET https://njcaastats.prestosports.com/sports/mbkb/2025-26/div2/boxscores/20251125_2a75.xml "HTTP/1.1 200 OK"
16:13:46 [INFO] HTTP Request: GET https://njcaastats.prestosports.com/sports/mbkb/2025-26/div2/boxscores/20251203_8j6r.xml "HTTP/1.1 200 OK"
16:13:57 [INFO] HTTP Request: GET https://njcaastats.prestosports.com/sports/mbkb/2025-26/div2/boxscores/20251206_9t6a.xml "HTTP/1.1 200 OK"
16:14:09 [INFO] HTTP Request: GET https://njcaastats.prestosports.com/sports/mbkb/2025-26/div2/boxscores/20251210_d01q.xml "HTTP/1.1 200 OK"
16:14:20 [INFO] HTTP Request: GET https://njcaastats.prestosports.com/sports/mbkb/2025-26/div2/boxscores/20251213_m5ly.xml "HTTP/1.1 200 OK"
16:14:35 [INFO] HTTP Request: GET https://njcaastats.prestosports.com/sports/mbkb/2025-26/div2/boxscores/20251217_e1nf.xml "HTTP/1.1 200 OK"
16:14:46 [INFO] HTTP Request: GET https://njcaastats.prestosports.com/sports/mbkb/2025-26/div2/boxscores/20260103_0siu.xml "HTTP/1.1 200 OK"
16:14:57 [INFO] HTTP Request: GET https://njcaastats.prestosports.com/sports/mbkb/2025-26/div2/boxscores/20260107_nl1a.xml "HTTP/1.1 200 OK"
16:15:08 [INFO] HTTP Request: GET https://njcaastats.prestosports.com/sports/mbkb/2025-26/div2/boxscores/20260110_jmh8.xml "HTTP/1.1 200 OK"
16:15:19 [INFO] HTTP Request: GET https://njcaastats.prestosports.com/sports/mbkb/2025-26/div2/boxscores/20260112_3cxx.xml "HTTP/1.1 200 OK"
16:15:31 [INFO] HTTP Request: GET https://njcaastats.prestosports.com/sports/mbkb/2025-26/div2/boxscores/20260117_w154.xml "HTTP/1.1 200 OK"
16:15:42 [INFO] HTTP Request: GET https://njcaastats.prestosports.com/sports/mbkb/2025-26/div2/boxscores/20260121_cc54.xml "HTTP/1.1 200 OK"
16:15:53 [INFO] HTTP Request: GET https://njcaastats.prestosports.com/sports/mbkb/2025-26/div2/boxscores/20260124_b6sy.xml "HTTP/1.1 200 OK"
16:16:06 [INFO] HTTP Request: GET https://njcaastats.prestosports.com/sports/mbkb/2025-26/div2/boxscores/20260129_67iv.xml "HTTP/1.1 200 OK"
16:16:17 [INFO] HTTP Request: GET https://njcaastats.prestosports.com/sports/mbkb/2025-26/div2/boxscores/20260131_vpul.xml "HTTP/1.1 200 OK"
16:16:28 [INFO] HTTP Request: GET https://njcaastats.prestosports.com/sports/mbkb/2025-26/div2/boxscores/20260204_7t8u.xml "HTTP/1.1 200 OK"
16:16:39 [INFO] HTTP Request: GET https://njcaastats.prestosports.com/sports/mbkb/2025-26/div2/boxscores/20260207_0d2n.xml "HTTP/1.1 200 OK"
16:16:50 [INFO] HTTP Request: GET https://njcaastats.prestosports.com/sports/mbkb/2025-26/div2/boxscores/20260211_w8pn.xml "HTTP/1.1 200 OK"
16:17:02 [INFO] HTTP Request: GET https://njcaastats.prestosports.com/sports/mbkb/2025-26/div2/boxscores/20260214_9ci0.xml "HTTP/1.1 200 OK"
16:17:15 [INFO] HTTP Request: GET https://njcaastats.prestosports.com/sports/mbkb/2025-26/div2/boxscores/20260218_9e1r.xml "HTTP/1.1 200 OK"
16:17:26 [INFO] HTTP Request: GET https://njcaastats.prestosports.com/sports/mbkb/2025-26/div2/boxscores/20260221_34o4.xml "HTTP/1.1 200 OK"
16:17:27 [INFO]   Loaded: 29 games, 702 player-game-stat rows
16:17:27 [INFO] 
[18/20] Kirtland CC
16:17:27 [INFO] Scraping team: Kirtland CC (kirtlandcommunitycollege)
16:17:39 [INFO] HTTP Request: GET https://njcaastats.prestosports.com/sports/mbkb/2025-26/div2/teams/kirtlandcommunitycollege?view=roster "HTTP/1.1 200 OK"
16:17:39 [INFO]   Roster: 11 players
16:17:52 [INFO] HTTP Request: GET https://njcaastats.prestosports.com/sports/mbkb/2025-26/div2/teams/kirtlandcommunitycollege?view=gamelog "HTTP/1.1 200 OK"
16:17:52 [INFO]   Games: 26 with box scores
16:18:03 [INFO] HTTP Request: GET https://njcaastats.prestosports.com/sports/mbkb/2025-26/div2/boxscores/20251101_e73r.xml "HTTP/1.1 200 OK"
16:18:14 [INFO] HTTP Request: GET https://njcaastats.prestosports.com/sports/mbkb/2025-26/div2/boxscores/20251102_vjgg.xml "HTTP/1.1 200 OK"
16:18:25 [INFO] HTTP Request: GET https://njcaastats.prestosports.com/sports/mbkb/2025-26/div2/boxscores/20251105_eqim.xml "HTTP/1.1 200 OK"
16:18:36 [INFO] HTTP Request: GET https://njcaastats.prestosports.com/sports/mbkb/2025-26/div2/boxscores/20251114_konl.xml "HTTP/1.1 200 OK"
16:18:49 [INFO] HTTP Request: GET https://njcaastats.prestosports.com/sports/mbkb/2025-26/div2/boxscores/20251118_8mjf.xml "HTTP/1.1 200 OK"
16:19:00 [INFO] HTTP Request: GET https://njcaastats.prestosports.com/sports/mbkb/2025-26/div2/boxscores/20251124_trre.xml "HTTP/1.1 200 OK"
16:19:12 [INFO] HTTP Request: GET https://njcaastats.prestosports.com/sports/mbkb/2025-26/div2/boxscores/20251206_eq5s.xml "HTTP/1.1 200 OK"
16:19:24 [INFO] HTTP Request: GET https://njcaastats.prestosports.com/sports/mbkb/2025-26/div2/boxscores/20251212_272s.xml "HTTP/1.1 200 OK"
16:19:35 [INFO] HTTP Request: GET https://njcaastats.prestosports.com/sports/mbkb/2025-26/div2/boxscores/20251217_kz47.xml "HTTP/1.1 200 OK"
16:19:46 [INFO] HTTP Request: GET https://njcaastats.prestosports.com/sports/mbkb/2025-26/div2/boxscores/20251220_dnee.xml "HTTP/1.1 200 OK"
16:19:58 [INFO] HTTP Request: GET https://njcaastats.prestosports.com/sports/mbkb/2025-26/div2/boxscores/20260106_bbm1.xml "HTTP/1.1 200 OK"
16:20:09 [INFO] HTTP Request: GET https://njcaastats.prestosports.com/sports/mbkb/2025-26/div2/boxscores/20260107_qi29.xml "HTTP/1.1 200 OK"
16:20:21 [INFO] HTTP Request: GET https://njcaastats.prestosports.com/sports/mbkb/2025-26/div2/boxscores/20260110_hqsr.xml "HTTP/1.1 200 OK"
16:20:32 [INFO] HTTP Request: GET https://njcaastats.prestosports.com/sports/mbkb/2025-26/div2/boxscores/20260114_0bw4.xml "HTTP/1.1 200 OK"
16:20:44 [INFO] HTTP Request: GET https://njcaastats.prestosports.com/sports/mbkb/2025-26/div2/boxscores/20260121_lis5.xml "HTTP/1.1 200 OK"
16:20:55 [INFO] HTTP Request: GET https://njcaastats.prestosports.com/sports/mbkb/2025-26/div2/boxscores/20260124_4wqo.xml "HTTP/1.1 200 OK"
16:21:06 [INFO] HTTP Request: GET https://njcaastats.prestosports.com/sports/mbkb/2025-26/div2/boxscores/20260128_la5d.xml "HTTP/1.1 200 OK"
16:21:18 [INFO] HTTP Request: GET https://njcaastats.prestosports.com/sports/mbkb/2025-26/div2/boxscores/20260131_g57q.xml "HTTP/1.1 200 OK"
16:21:29 [INFO] HTTP Request: GET https://njcaastats.prestosports.com/sports/mbkb/2025-26/div2/boxscores/20260202_2hcw.xml "HTTP/1.1 200 OK"
16:21:40 [INFO] HTTP Request: GET https://njcaastats.prestosports.com/sports/mbkb/2025-26/div2/boxscores/20260204_x4h8.xml "HTTP/1.1 200 OK"
16:21:52 [INFO] HTTP Request: GET https://njcaastats.prestosports.com/sports/mbkb/2025-26/div2/boxscores/20260207_04l6.xml "HTTP/1.1 200 OK"
16:22:03 [INFO] HTTP Request: GET https://njcaastats.prestosports.com/sports/mbkb/2025-26/div2/boxscores/20260211_75vk.xml "HTTP/1.1 200 OK"
16:22:14 [INFO] HTTP Request: GET https://njcaastats.prestosports.com/sports/mbkb/2025-26/div2/boxscores/20260214_m0xf.xml "HTTP/1.1 200 OK"
16:22:26 [INFO] HTTP Request: GET https://njcaastats.prestosports.com/sports/mbkb/2025-26/div2/boxscores/20260221_j4rd.xml "HTTP/1.1 200 OK"
16:22:37 [INFO] HTTP Request: GET https://njcaastats.prestosports.com/sports/mbkb/2025-26/div2/boxscores/20260222_u3ka.xml "HTTP/1.1 200 OK"
16:22:49 [INFO] HTTP Request: GET https://njcaastats.prestosports.com/sports/mbkb/2025-26/div2/boxscores/20260224_cjy6.xml "HTTP/1.1 200 OK"
16:22:49 [INFO]   Loaded: 26 games, 559 player-game-stat rows
16:22:49 [INFO] 
[19/20] Kishwaukee College
16:22:49 [INFO] Scraping team: Kishwaukee College (kishwaukeecollege)
16:23:03 [INFO] HTTP Request: GET https://njcaastats.prestosports.com/sports/mbkb/2025-26/div2/teams/kishwaukeecollege?view=roster "HTTP/1.1 200 OK"
16:23:03 [INFO]   Roster: 21 players
16:23:15 [INFO] HTTP Request: GET https://njcaastats.prestosports.com/sports/mbkb/2025-26/div2/teams/kishwaukeecollege?view=gamelog "HTTP/1.1 200 OK"
16:23:15 [INFO]   Games: 26 with box scores
16:23:27 [INFO] HTTP Request: GET https://njcaastats.prestosports.com/sports/mbkb/2025-26/div2/boxscores/20251101_7wow.xml "HTTP/1.1 200 OK"
16:23:39 [INFO] HTTP Request: GET https://njcaastats.prestosports.com/sports/mbkb/2025-26/div2/boxscores/20251104_36hb.xml "HTTP/1.1 200 OK"
16:23:50 [INFO] HTTP Request: GET https://njcaastats.prestosports.com/sports/mbkb/2025-26/div2/boxscores/20251111_euvy.xml "HTTP/1.1 200 OK"
16:24:01 [INFO] HTTP Request: GET https://njcaastats.prestosports.com/sports/mbkb/2025-26/div2/boxscores/20251113_rq73.xml "HTTP/1.1 200 OK"
16:24:12 [INFO] HTTP Request: GET https://njcaastats.prestosports.com/sports/mbkb/2025-26/div2/boxscores/20251115_5bsq.xml "HTTP/1.1 200 OK"
16:24:24 [INFO] HTTP Request: GET https://njcaastats.prestosports.com/sports/mbkb/2025-26/div2/boxscores/20251119_ezjp.xml "HTTP/1.1 200 OK"
16:24:35 [INFO] HTTP Request: GET https://njcaastats.prestosports.com/sports/mbkb/2025-26/div2/boxscores/20251121_mke2.xml "HTTP/1.1 200 OK"
16:24:47 [INFO] HTTP Request: GET https://njcaastats.prestosports.com/sports/mbkb/2025-26/div2/boxscores/20251125_sng4.xml "HTTP/1.1 200 OK"
16:24:58 [INFO] HTTP Request: GET https://njcaastats.prestosports.com/sports/mbkb/2025-26/div2/boxscores/20251202_zfzz.xml "HTTP/1.1 200 OK"
16:25:10 [INFO] HTTP Request: GET https://njcaastats.prestosports.com/sports/mbkb/2025-26/div2/boxscores/20251204_61a1.xml "HTTP/1.1 200 OK"
16:25:22 [INFO] HTTP Request: GET https://njcaastats.prestosports.com/sports/mbkb/2025-26/div2/boxscores/20251209_gvc5.xml "HTTP/1.1 200 OK"
16:25:33 [INFO] HTTP Request: GET https://njcaastats.prestosports.com/sports/mbkb/2025-26/div2/boxscores/20251216_w3i4.xml "HTTP/1.1 200 OK"
16:25:44 [INFO] HTTP Request: GET https://njcaastats.prestosports.com/sports/mbkb/2025-26/div2/boxscores/20251218_h191.xml "HTTP/1.1 200 OK"
16:25:55 [INFO] HTTP Request: GET https://njcaastats.prestosports.com/sports/mbkb/2025-26/div2/boxscores/20260106_7gyz.xml "HTTP/1.1 200 OK"
16:26:06 [INFO] HTTP Request: GET https://njcaastats.prestosports.com/sports/mbkb/2025-26/div2/boxscores/20260108_awf3.xml "HTTP/1.1 200 OK"
16:26:20 [INFO] HTTP Request: GET https://njcaastats.prestosports.com/sports/mbkb/2025-26/div2/boxscores/20260113_dugg.xml "HTTP/1.1 200 OK"
16:26:31 [INFO] HTTP Request: GET https://njcaastats.prestosports.com/sports/mbkb/2025-26/div2/boxscores/20260115_70a3.xml "HTTP/1.1 200 OK"
16:26:42 [INFO] HTTP Request: GET https://njcaastats.prestosports.com/sports/mbkb/2025-26/div2/boxscores/20260117_jnrl.xml "HTTP/1.1 200 OK"
16:26:53 [INFO] HTTP Request: GET https://njcaastats.prestosports.com/sports/mbkb/2025-26/div2/boxscores/20260119_tlig.xml "HTTP/1.1 200 OK"
16:27:04 [INFO] HTTP Request: GET https://njcaastats.prestosports.com/sports/mbkb/2025-26/div2/boxscores/20260122_k1x4.xml "HTTP/1.1 200 OK"
16:27:15 [INFO] HTTP Request: GET https://njcaastats.prestosports.com/sports/mbkb/2025-26/div2/boxscores/20260128_4r1d.xml "HTTP/1.1 200 OK"
16:27:27 [INFO] HTTP Request: GET https://njcaastats.prestosports.com/sports/mbkb/2025-26/div2/boxscores/20260203_onj9.xml "HTTP/1.1 200 OK"
16:27:38 [INFO] HTTP Request: GET https://njcaastats.prestosports.com/sports/mbkb/2025-26/div2/boxscores/20260205_qevk.xml "HTTP/1.1 200 OK"
16:27:49 [INFO] HTTP Request: GET https://njcaastats.prestosports.com/sports/mbkb/2025-26/div2/boxscores/20260207_hd4s.xml "HTTP/1.1 200 OK"
16:28:01 [INFO] HTTP Request: GET https://njcaastats.prestosports.com/sports/mbkb/2025-26/div2/boxscores/20260210_1w5j.xml "HTTP/1.1 200 OK"
16:28:13 [INFO] HTTP Request: GET https://njcaastats.prestosports.com/sports/mbkb/2025-26/div2/boxscores/20260214_1co0.xml "HTTP/1.1 200 OK"
16:28:13 [INFO]   Loaded: 26 games, 639 player-game-stat rows
16:28:13 [INFO] 
[20/20] Labette CC
16:28:13 [INFO] Scraping team: Labette CC (labettecommunitycollege)
16:28:26 [INFO] HTTP Request: GET https://njcaastats.prestosports.com/sports/mbkb/2025-26/div2/teams/labettecommunitycollege?view=roster "HTTP/1.1 200 OK"
16:28:26 [INFO]   Roster: 12 players
16:28:38 [INFO] HTTP Request: GET https://njcaastats.prestosports.com/sports/mbkb/2025-26/div2/teams/labettecommunitycollege?view=gamelog "HTTP/1.1 200 OK"
16:28:39 [INFO]   Games: 28 with box scores
16:28:50 [INFO] HTTP Request: GET https://njcaastats.prestosports.com/sports/mbkb/2025-26/div2/boxscores/20251031_6ncz.xml "HTTP/1.1 200 OK"
16:29:02 [INFO] HTTP Request: GET https://njcaastats.prestosports.com/sports/mbkb/2025-26/div2/boxscores/20251101_g2nq.xml "HTTP/1.1 200 OK"
16:29:13 [INFO] HTTP Request: GET https://njcaastats.prestosports.com/sports/mbkb/2025-26/div2/boxscores/20251103_h00p.xml "HTTP/1.1 200 OK"
16:29:24 [INFO] HTTP Request: GET https://njcaastats.prestosports.com/sports/mbkb/2025-26/div2/boxscores/20251105_jycy.xml "HTTP/1.1 200 OK"
16:29:35 [INFO] HTTP Request: GET https://njcaastats.prestosports.com/sports/mbkb/2025-26/div2/boxscores/20251107_loah.xml "HTTP/1.1 200 OK"
16:29:47 [INFO] HTTP Request: GET https://njcaastats.prestosports.com/sports/mbkb/2025-26/div2/boxscores/20251108_ch68.xml "HTTP/1.1 200 OK"
16:29:58 [INFO] HTTP Request: GET https://njcaastats.prestosports.com/sports/mbkb/2025-26/div2/boxscores/20251112_x4o2.xml "HTTP/1.1 200 OK"
16:30:09 [INFO] HTTP Request: GET https://njcaastats.prestosports.com/sports/mbkb/2025-26/div2/boxscores/20251114_tov7.xml "HTTP/1.1 200 OK"
16:30:21 [INFO] HTTP Request: GET https://njcaastats.prestosports.com/sports/mbkb/2025-26/div2/boxscores/20251115_xbep.xml "HTTP/1.1 200 OK"
16:30:32 [INFO] HTTP Request: GET https://njcaastats.prestosports.com/sports/mbkb/2025-26/div2/boxscores/20251118_391j.xml "HTTP/1.1 200 OK"
16:30:45 [INFO] HTTP Request: GET https://njcaastats.prestosports.com/sports/mbkb/2025-26/div2/boxscores/20251120_bz11.xml "HTTP/1.1 200 OK"
16:30:57 [INFO] HTTP Request: GET https://njcaastats.prestosports.com/sports/mbkb/2025-26/div2/boxscores/20251121_7sn4.xml "HTTP/1.1 200 OK"
16:31:08 [INFO] HTTP Request: GET https://njcaastats.prestosports.com/sports/mbkb/2025-26/div2/boxscores/20251124_l3rr.xml "HTTP/1.1 200 OK"
16:31:19 [INFO] HTTP Request: GET https://njcaastats.prestosports.com/sports/mbkb/2025-26/div2/boxscores/20251203_kf7b.xml "HTTP/1.1 200 OK"
16:31:30 [INFO] HTTP Request: GET https://njcaastats.prestosports.com/sports/mbkb/2025-26/div2/boxscores/20251205_a9mq.xml "HTTP/1.1 200 OK"
16:31:42 [INFO] HTTP Request: GET https://njcaastats.prestosports.com/sports/mbkb/2025-26/div2/boxscores/20251211_2f47.xml "HTTP/1.1 200 OK"
16:31:53 [INFO] HTTP Request: GET https://njcaastats.prestosports.com/sports/mbkb/2025-26/div2/boxscores/20251212_jik7.xml "HTTP/1.1 200 OK"
16:32:04 [INFO] HTTP Request: GET https://njcaastats.prestosports.com/sports/mbkb/2025-26/div2/boxscores/20260114_xn5z.xml "HTTP/1.1 200 OK"
16:32:15 [INFO] HTTP Request: GET https://njcaastats.prestosports.com/sports/mbkb/2025-26/div2/boxscores/20260117_pppy.xml "HTTP/1.1 200 OK"
16:32:26 [INFO] HTTP Request: GET https://njcaastats.prestosports.com/sports/mbkb/2025-26/div2/boxscores/20260121_vmgj.xml "HTTP/1.1 200 OK"
16:32:38 [INFO] HTTP Request: GET https://njcaastats.prestosports.com/sports/mbkb/2025-26/div2/boxscores/20260128_ni8x.xml "HTTP/1.1 200 OK"
16:32:49 [INFO] HTTP Request: GET https://njcaastats.prestosports.com/sports/mbkb/2025-26/div2/boxscores/20260202_tsai.xml "HTTP/1.1 200 OK"
16:33:00 [INFO] HTTP Request: GET https://njcaastats.prestosports.com/sports/mbkb/2025-26/div2/boxscores/20260204_nbr5.xml "HTTP/1.1 200 OK"
16:33:11 [INFO] HTTP Request: GET https://njcaastats.prestosports.com/sports/mbkb/2025-26/div2/boxscores/20260207_hc0u.xml "HTTP/1.1 200 OK"
16:33:23 [INFO] HTTP Request: GET https://njcaastats.prestosports.com/sports/mbkb/2025-26/div2/boxscores/20260211_5dal.xml "HTTP/1.1 200 OK"
16:33:34 [INFO] HTTP Request: GET https://njcaastats.prestosports.com/sports/mbkb/2025-26/div2/boxscores/20260214_z54t.xml "HTTP/1.1 200 OK"
16:33:47 [INFO] HTTP Request: GET https://njcaastats.prestosports.com/sports/mbkb/2025-26/div2/boxscores/20260218_9881.xml "HTTP/1.1 200 OK"
16:33:58 [INFO] HTTP Request: GET https://njcaastats.prestosports.com/sports/mbkb/2025-26/div2/boxscores/20260221_m017.xml "HTTP/1.1 200 OK"
16:33:58 [INFO]   Loaded: 28 games, 613 player-game-stat rows
16:33:58 [INFO] 
============================================================
16:33:58 [INFO]   BATCH COMPLETE: 20 teams, 555 games, 12698 PGS rows
16:33:58 [INFO] ============================================================

============================================================
  BATCH (njcaa_d2) — FINAL SUMMARY
============================================================
  Total teams discovered & scraped: 2953
  Total players in database:        29802
  Total games with box scores:      16426
  Total player_game_stats rows:     430895
  Total team_game_stats rows:       18309
  Total HTTP requests:              23200
  Failed URLs (in scrape_log):      332
============================================================
